========================================
Job ID : 1094608
Start  : Fri May 22 01:03:24 +03 2026
GPU    : Tesla T4
========================================
--- Quantum QNLP Script starting ---
[*] Configuration saved to: output_qnlp/job_1094608/config.json
========================================
DATA SOURCE SELECTION : BACH
TRAINING SIZE         : 100
VALIDATION SIZE       : 50
TEST SIZE             : 100
WEIGHT DECAY          : 0.0001
CLASSIFICATION THRESHOLD : 0.5
QUANTUM LAYERS        : 1
========================================

--- Preparing Dataset ---
Generating DisCoCat grammar diagrams...
Generating quantum circuits (IQP Ansatz)...

--- Starting Quantum Model Training (Epochs: 100) ---
Ep 01/100 | TR Loss: 1.1938 Acc: 0.49 | VAL Loss: 1.7407 Acc: 0.42 *(Best)*
Ep 02/100 | TR Loss: 0.9682 Acc: 0.50 | VAL Loss: 1.4363 Acc: 0.40 *(Best)*
Ep 03/100 | TR Loss: 0.9253 Acc: 0.55 | VAL Loss: 1.3002 Acc: 0.50 *(Best)*
Ep 04/100 | TR Loss: 0.9318 Acc: 0.59 | VAL Loss: 1.3878 Acc: 0.46 
Ep 05/100 | TR Loss: 0.7798 Acc: 0.64 | VAL Loss: 1.3721 Acc: 0.54 
Ep 06/100 | TR Loss: 0.5275 Acc: 0.71 | VAL Loss: 1.1898 Acc: 0.60 *(Best)*
Ep 07/100 | TR Loss: 0.6211 Acc: 0.71 | VAL Loss: 1.3264 Acc: 0.52 
Ep 08/100 | TR Loss: 0.7129 Acc: 0.68 | VAL Loss: 1.2526 Acc: 0.62 
Ep 09/100 | TR Loss: 0.5765 Acc: 0.75 | VAL Loss: 1.3353 Acc: 0.50 
Ep 10/100 | TR Loss: 0.5265 Acc: 0.72 | VAL Loss: 1.2878 Acc: 0.54 
Ep 11/100 | TR Loss: 0.5051 Acc: 0.74 | VAL Loss: 1.2653 Acc: 0.54 
Ep 12/100 | TR Loss: 0.4953 Acc: 0.76 | VAL Loss: 1.1172 Acc: 0.62 *(Best)*
Ep 13/100 | TR Loss: 0.4858 Acc: 0.75 | VAL Loss: 1.0971 Acc: 0.60 *(Best)*
Ep 14/100 | TR Loss: 0.4716 Acc: 0.77 | VAL Loss: 1.1979 Acc: 0.62 
Ep 15/100 | TR Loss: 0.4326 Acc: 0.81 | VAL Loss: 1.1358 Acc: 0.64 
Ep 16/100 | TR Loss: 0.4349 Acc: 0.80 | VAL Loss: 1.2558 Acc: 0.60 
Ep 17/100 | TR Loss: 0.4834 Acc: 0.79 | VAL Loss: 1.1178 Acc: 0.66 
Ep 18/100 | TR Loss: 0.4377 Acc: 0.81 | VAL Loss: 1.1767 Acc: 0.64 
Ep 19/100 | TR Loss: 0.4354 Acc: 0.83 | VAL Loss: 1.1682 Acc: 0.66 
Ep 20/100 | TR Loss: 0.4316 Acc: 0.82 | VAL Loss: 1.1456 Acc: 0.64 
Ep 21/100 | TR Loss: 0.4100 Acc: 0.82 | VAL Loss: 1.1502 Acc: 0.64 
Ep 22/100 | TR Loss: 0.4681 Acc: 0.79 | VAL Loss: 1.1099 Acc: 0.62 
Ep 23/100 | TR Loss: 0.5957 Acc: 0.72 | VAL Loss: 1.2242 Acc: 0.54 
Ep 24/100 | TR Loss: 0.4446 Acc: 0.83 | VAL Loss: 1.1127 Acc: 0.60 
Ep 25/100 | TR Loss: 0.6093 Acc: 0.75 | VAL Loss: 1.3729 Acc: 0.52 
Ep 26/100 | TR Loss: 0.7058 Acc: 0.64 | VAL Loss: 1.3949 Acc: 0.46 
Ep 27/100 | TR Loss: 0.8956 Acc: 0.60 | VAL Loss: 1.6623 Acc: 0.48 
Ep 28/100 | TR Loss: 0.6767 Acc: 0.69 | VAL Loss: 1.5658 Acc: 0.48 
Ep 29/100 | TR Loss: 0.6772 Acc: 0.62 | VAL Loss: 1.1886 Acc: 0.48 
Ep 30/100 | TR Loss: 0.7245 Acc: 0.59 | VAL Loss: 1.4945 Acc: 0.42 
Ep 31/100 | TR Loss: 0.7889 Acc: 0.66 | VAL Loss: 1.3537 Acc: 0.44 
Ep 32/100 | TR Loss: 0.6947 Acc: 0.68 | VAL Loss: 1.5917 Acc: 0.36 
Ep 33/100 | TR Loss: 0.8789 Acc: 0.63 | VAL Loss: 1.3108 Acc: 0.52 
Ep 34/100 | TR Loss: 0.6994 Acc: 0.67 | VAL Loss: 1.2988 Acc: 0.52 
Ep 35/100 | TR Loss: 0.7827 Acc: 0.57 | VAL Loss: 1.5960 Acc: 0.46 
Ep 36/100 | TR Loss: 0.6164 Acc: 0.67 | VAL Loss: 1.2249 Acc: 0.52 
Ep 37/100 | TR Loss: 0.6500 Acc: 0.66 | VAL Loss: 1.4887 Acc: 0.44 
Ep 38/100 | TR Loss: 0.6988 Acc: 0.71 | VAL Loss: 1.3142 Acc: 0.52 
Ep 39/100 | TR Loss: 0.6156 Acc: 0.68 | VAL Loss: 1.3445 Acc: 0.48 
Ep 40/100 | TR Loss: 0.7815 Acc: 0.65 | VAL Loss: 1.4111 Acc: 0.42 
Ep 41/100 | TR Loss: 0.5618 Acc: 0.71 | VAL Loss: 1.5242 Acc: 0.36 
Ep 42/100 | TR Loss: 0.5869 Acc: 0.68 | VAL Loss: 1.3771 Acc: 0.40 
Ep 43/100 | TR Loss: 0.5715 Acc: 0.78 | VAL Loss: 1.5240 Acc: 0.40 
Ep 44/100 | TR Loss: 0.4930 Acc: 0.76 | VAL Loss: 1.5143 Acc: 0.40 
Ep 45/100 | TR Loss: 0.5825 Acc: 0.70 | VAL Loss: 1.4851 Acc: 0.38 
Ep 46/100 | TR Loss: 0.4813 Acc: 0.81 | VAL Loss: 1.4884 Acc: 0.38 
Ep 47/100 | TR Loss: 0.4917 Acc: 0.73 | VAL Loss: 1.4099 Acc: 0.38 
Ep 48/100 | TR Loss: 0.5293 Acc: 0.72 | VAL Loss: 1.3229 Acc: 0.52 
Ep 49/100 | TR Loss: 0.5482 Acc: 0.72 | VAL Loss: 1.2001 Acc: 0.54 
Ep 50/100 | TR Loss: 0.6114 Acc: 0.69 | VAL Loss: 1.4366 Acc: 0.38 
Ep 51/100 | TR Loss: 0.7171 Acc: 0.63 | VAL Loss: 1.2753 Acc: 0.46 
Ep 52/100 | TR Loss: 0.6083 Acc: 0.75 | VAL Loss: 1.1060 Acc: 0.52 
Ep 53/100 | TR Loss: 0.7437 Acc: 0.64 | VAL Loss: 1.3422 Acc: 0.50 
Ep 54/100 | TR Loss: 0.5824 Acc: 0.71 | VAL Loss: 1.4555 Acc: 0.54 
Ep 55/100 | TR Loss: 0.7189 Acc: 0.63 | VAL Loss: 1.2779 Acc: 0.50 
Ep 56/100 | TR Loss: 0.7704 Acc: 0.60 | VAL Loss: 1.4360 Acc: 0.50 
Ep 57/100 | TR Loss: 0.7647 Acc: 0.65 | VAL Loss: 1.5001 Acc: 0.48 
Ep 58/100 | TR Loss: 0.6561 Acc: 0.63 | VAL Loss: 1.4208 Acc: 0.52 
Ep 59/100 | TR Loss: 0.7430 Acc: 0.65 | VAL Loss: 1.2821 Acc: 0.44 
Ep 60/100 | TR Loss: 0.7204 Acc: 0.63 | VAL Loss: 1.2834 Acc: 0.50 
Ep 61/100 | TR Loss: 0.6387 Acc: 0.67 | VAL Loss: 1.3965 Acc: 0.54 
Ep 62/100 | TR Loss: 0.5934 Acc: 0.66 | VAL Loss: 1.3234 Acc: 0.54 
Ep 63/100 | TR Loss: 0.6228 Acc: 0.65 | VAL Loss: 1.4334 Acc: 0.54 
Ep 64/100 | TR Loss: 0.6387 Acc: 0.66 | VAL Loss: 1.2421 Acc: 0.46 
Ep 65/100 | TR Loss: 0.6207 Acc: 0.67 | VAL Loss: 1.3255 Acc: 0.58 
Ep 66/100 | TR Loss: 0.6952 Acc: 0.67 | VAL Loss: 1.2713 Acc: 0.56 
Ep 67/100 | TR Loss: 0.6258 Acc: 0.70 | VAL Loss: 1.1754 Acc: 0.50 
Ep 68/100 | TR Loss: 0.6338 Acc: 0.68 | VAL Loss: 1.4720 Acc: 0.48 
Ep 69/100 | TR Loss: 0.6212 Acc: 0.68 | VAL Loss: 1.0733 Acc: 0.56 *(Best)*
Ep 70/100 | TR Loss: 0.6549 Acc: 0.63 | VAL Loss: 1.0515 Acc: 0.60 *(Best)*
Ep 71/100 | TR Loss: 0.5701 Acc: 0.74 | VAL Loss: 1.3940 Acc: 0.44 
Ep 72/100 | TR Loss: 0.5851 Acc: 0.68 | VAL Loss: 1.1664 Acc: 0.56 
Ep 73/100 | TR Loss: 0.5240 Acc: 0.75 | VAL Loss: 1.1109 Acc: 0.64 
Ep 74/100 | TR Loss: 0.5903 Acc: 0.73 | VAL Loss: 1.5081 Acc: 0.56 
Ep 75/100 | TR Loss: 0.9063 Acc: 0.60 | VAL Loss: 1.4849 Acc: 0.46 
Ep 76/100 | TR Loss: 0.8278 Acc: 0.62 | VAL Loss: 1.2838 Acc: 0.54 
Ep 77/100 | TR Loss: 0.7941 Acc: 0.65 | VAL Loss: 1.3789 Acc: 0.50 
Ep 78/100 | TR Loss: 0.7892 Acc: 0.63 | VAL Loss: 1.7106 Acc: 0.36 
Ep 79/100 | TR Loss: 0.7983 Acc: 0.63 | VAL Loss: 1.4812 Acc: 0.36 
Ep 80/100 | TR Loss: 0.6617 Acc: 0.63 | VAL Loss: 1.3078 Acc: 0.50 
Ep 81/100 | TR Loss: 0.6176 Acc: 0.68 | VAL Loss: 1.5965 Acc: 0.42 
Ep 82/100 | TR Loss: 0.7288 Acc: 0.57 | VAL Loss: 1.6120 Acc: 0.42 
Ep 83/100 | TR Loss: 0.6834 Acc: 0.65 | VAL Loss: 1.1496 Acc: 0.50 
Ep 84/100 | TR Loss: 0.6661 Acc: 0.66 | VAL Loss: 1.2093 Acc: 0.50 
Ep 85/100 | TR Loss: 0.7978 Acc: 0.59 | VAL Loss: 1.2623 Acc: 0.58 
Ep 86/100 | TR Loss: 0.7633 Acc: 0.65 | VAL Loss: 1.3824 Acc: 0.48 
Ep 87/100 | TR Loss: 0.7491 Acc: 0.63 | VAL Loss: 1.2329 Acc: 0.54 
Ep 88/100 | TR Loss: 0.7246 Acc: 0.64 | VAL Loss: 1.4995 Acc: 0.40 
Ep 89/100 | TR Loss: 0.7503 Acc: 0.59 | VAL Loss: 1.2924 Acc: 0.56 
Ep 90/100 | TR Loss: 0.7463 Acc: 0.65 | VAL Loss: 1.2542 Acc: 0.62 
Ep 91/100 | TR Loss: 0.7727 Acc: 0.66 | VAL Loss: 1.4100 Acc: 0.54 
Ep 92/100 | TR Loss: 0.7400 Acc: 0.67 | VAL Loss: 1.4362 Acc: 0.50 
Ep 93/100 | TR Loss: 0.6982 Acc: 0.59 | VAL Loss: 1.5989 Acc: 0.46 
Ep 94/100 | TR Loss: 0.7645 Acc: 0.62 | VAL Loss: 1.2724 Acc: 0.52 
Ep 95/100 | TR Loss: 0.6061 Acc: 0.69 | VAL Loss: 1.3033 Acc: 0.58 
Ep 96/100 | TR Loss: 0.6985 Acc: 0.69 | VAL Loss: 1.5071 Acc: 0.50 
Ep 97/100 | TR Loss: 0.7349 Acc: 0.69 | VAL Loss: 1.3364 Acc: 0.56 
Ep 98/100 | TR Loss: 0.5836 Acc: 0.70 | VAL Loss: 1.3332 Acc: 0.48 
Ep 99/100 | TR Loss: 0.6182 Acc: 0.68 | VAL Loss: 1.3401 Acc: 0.52 
Ep 100/100 | TR Loss: 0.7267 Acc: 0.59 | VAL Loss: 1.3202 Acc: 0.46 
[*] Training plots saved to: output_qnlp/job_1094608/training_metrics.png

==================================================
BEST MODEL TEST SET EVALUATION (MULTIPLE THRESHOLDS)
==================================================
Threshold  | Acc      | Prec     | Rec      | F1      
--------------------------------------------------
0.30       | 0.71     | 0.72     | 0.68     | 0.70     
0.40       | 0.66     | 0.71     | 0.54     | 0.61     
0.50       | 0.65     | 0.74     | 0.46     | 0.57     <-- (Arg)
0.60       | 0.65     | 0.78     | 0.42     | 0.55     
0.70       | 0.65     | 0.80     | 0.40     | 0.53     
==================================================

========================================
End    : Fri May 22 01:26:22 +03 2026
Output : output_qnlp/job_1094608
total 209K
-rw-r--r-- 1 aerturk23 hpcusers  24K May 22 01:07 best_model.pth
-rw-r--r-- 1 aerturk23 hpcusers  293 May 22 01:03 config.json
-rw-r--r-- 1 aerturk23 hpcusers  14K May 22 01:08 history.json
-rw-r--r-- 1 aerturk23 hpcusers  966 May 22 01:04 output.err
-rw-r--r-- 1 aerturk23 hpcusers 8.2K May 22 01:22 output.log
-rw-r--r-- 1 aerturk23 hpcusers 162K May 22 01:08 training_metrics.png
========================================
