========================================
Job ID : 1094816
Start  : Fri May 22 07:18:47 +03 2026
GPU    : Tesla T4
========================================
--- Quantum QNLP Script starting ---
[*] Configuration saved to: output_qnlp/job_1094816/config.json
========================================
DATA SOURCE SELECTION : SYNTHETIC
TRAINING SIZE         : 250
VALIDATION SIZE       : 50
TEST SIZE             : 100
WEIGHT DECAY          : 0.0001
CLASSIFICATION THRESHOLD : 0.5
QUANTUM LAYERS        : 1
========================================

--- Preparing Dataset ---
Generating DisCoCat grammar diagrams...
Generating quantum circuits (IQP Ansatz)...

--- Starting Quantum Model Training (Epochs: 100) ---
Ep 01/100 | TR Loss: 0.2754 Acc: 0.88 | VAL Loss: 0.0292 Acc: 1.00 *(Best)*
Ep 02/100 | TR Loss: 0.0141 Acc: 1.00 | VAL Loss: 0.0023 Acc: 1.00 *(Best)*
Ep 03/100 | TR Loss: 0.0030 Acc: 1.00 | VAL Loss: 0.0012 Acc: 1.00 *(Best)*
Ep 04/100 | TR Loss: 0.0004 Acc: 1.00 | VAL Loss: 0.0002 Acc: 1.00 *(Best)*
Ep 05/100 | TR Loss: 0.0001 Acc: 1.00 | VAL Loss: 0.0002 Acc: 1.00 *(Best)*
Ep 06/100 | TR Loss: 0.0002 Acc: 1.00 | VAL Loss: 0.0003 Acc: 1.00 
Ep 07/100 | TR Loss: 0.0047 Acc: 1.00 | VAL Loss: 0.0224 Acc: 1.00 
Ep 08/100 | TR Loss: 0.1031 Acc: 0.97 | VAL Loss: 0.5172 Acc: 0.86 
Ep 09/100 | TR Loss: 0.9624 Acc: 0.52 | VAL Loss: 0.6902 Acc: 0.66 
Ep 10/100 | TR Loss: 0.3855 Acc: 0.80 | VAL Loss: 0.0648 Acc: 1.00 
Ep 11/100 | TR Loss: 0.0132 Acc: 1.00 | VAL Loss: 0.0023 Acc: 1.00 
Ep 12/100 | TR Loss: 0.0006 Acc: 1.00 | VAL Loss: 0.0001 Acc: 1.00 *(Best)*
Ep 13/100 | TR Loss: 0.0000 Acc: 1.00 | VAL Loss: 0.0000 Acc: 1.00 *(Best)*
Ep 14/100 | TR Loss: 0.0000 Acc: 1.00 | VAL Loss: 0.0000 Acc: 1.00 *(Best)*
Ep 15/100 | TR Loss: 0.0000 Acc: 1.00 | VAL Loss: 0.0000 Acc: 1.00 *(Best)*
Ep 16/100 | TR Loss: 0.0000 Acc: 1.00 | VAL Loss: 0.0000 Acc: 1.00 *(Best)*
Ep 17/100 | TR Loss: 0.0000 Acc: 1.00 | VAL Loss: 0.0000 Acc: 1.00 
Ep 18/100 | TR Loss: 0.0000 Acc: 1.00 | VAL Loss: 0.0000 Acc: 1.00 
Ep 19/100 | TR Loss: 0.0000 Acc: 1.00 | VAL Loss: 0.0000 Acc: 1.00 
Ep 20/100 | TR Loss: 0.0000 Acc: 1.00 | VAL Loss: 0.0000 Acc: 1.00 
Ep 21/100 | TR Loss: 0.0000 Acc: 1.00 | VAL Loss: 0.0000 Acc: 1.00 
Ep 22/100 | TR Loss: 0.0000 Acc: 1.00 | VAL Loss: 0.0000 Acc: 1.00 
Ep 23/100 | TR Loss: 0.0000 Acc: 1.00 | VAL Loss: 0.0000 Acc: 1.00 
Ep 24/100 | TR Loss: 0.0000 Acc: 1.00 | VAL Loss: 0.0000 Acc: 1.00 
Ep 25/100 | TR Loss: 0.0000 Acc: 1.00 | VAL Loss: 0.0001 Acc: 1.00 
Ep 26/100 | TR Loss: 0.0008 Acc: 1.00 | VAL Loss: 0.0015 Acc: 1.00 
Ep 27/100 | TR Loss: 0.0145 Acc: 1.00 | VAL Loss: 0.0209 Acc: 1.00 
Ep 28/100 | TR Loss: 0.0237 Acc: 1.00 | VAL Loss: 0.0190 Acc: 1.00 
Ep 29/100 | TR Loss: 0.0029 Acc: 1.00 | VAL Loss: 0.0012 Acc: 1.00 
Ep 30/100 | TR Loss: 0.0007 Acc: 1.00 | VAL Loss: 0.0017 Acc: 1.00 
Ep 31/100 | TR Loss: 0.0021 Acc: 1.00 | VAL Loss: 0.0056 Acc: 1.00 
Ep 32/100 | TR Loss: 0.0047 Acc: 1.00 | VAL Loss: 0.0147 Acc: 1.00 
Ep 33/100 | TR Loss: 0.0212 Acc: 1.00 | VAL Loss: 0.0203 Acc: 1.00 
Ep 34/100 | TR Loss: 0.1079 Acc: 0.98 | VAL Loss: 0.5193 Acc: 0.72 
Ep 35/100 | TR Loss: 1.0277 Acc: 0.52 | VAL Loss: 1.0070 Acc: 0.40 
Ep 36/100 | TR Loss: 1.0244 Acc: 0.47 | VAL Loss: 0.6447 Acc: 0.64 
Ep 37/100 | TR Loss: 0.6825 Acc: 0.56 | VAL Loss: 0.4609 Acc: 0.78 
Ep 38/100 | TR Loss: 0.1384 Acc: 0.98 | VAL Loss: 0.0136 Acc: 1.00 
Ep 39/100 | TR Loss: 0.0047 Acc: 1.00 | VAL Loss: 0.0014 Acc: 1.00 
Ep 40/100 | TR Loss: 0.0002 Acc: 1.00 | VAL Loss: 0.0000 Acc: 1.00 
Ep 41/100 | TR Loss: 0.0000 Acc: 1.00 | VAL Loss: 0.0000 Acc: 1.00 
Ep 42/100 | TR Loss: 0.0000 Acc: 1.00 | VAL Loss: 0.0000 Acc: 1.00 
Ep 43/100 | TR Loss: 0.0000 Acc: 1.00 | VAL Loss: 0.0000 Acc: 1.00 
Ep 44/100 | TR Loss: 0.0000 Acc: 1.00 | VAL Loss: 0.0000 Acc: 1.00 
Ep 45/100 | TR Loss: 0.0000 Acc: 1.00 | VAL Loss: 0.0000 Acc: 1.00 
Ep 46/100 | TR Loss: 0.0000 Acc: 1.00 | VAL Loss: 0.0000 Acc: 1.00 
Ep 47/100 | TR Loss: 0.0000 Acc: 1.00 | VAL Loss: 0.0000 Acc: 1.00 
Ep 48/100 | TR Loss: 0.0000 Acc: 1.00 | VAL Loss: 0.0000 Acc: 1.00 
Ep 49/100 | TR Loss: 0.0000 Acc: 1.00 | VAL Loss: 0.0000 Acc: 1.00 
Ep 50/100 | TR Loss: 0.0000 Acc: 1.00 | VAL Loss: 0.0000 Acc: 1.00 
Ep 51/100 | TR Loss: 0.0000 Acc: 1.00 | VAL Loss: 0.0000 Acc: 1.00 
Ep 52/100 | TR Loss: 0.0000 Acc: 1.00 | VAL Loss: 0.0000 Acc: 1.00 
Ep 53/100 | TR Loss: 0.0000 Acc: 1.00 | VAL Loss: 0.0000 Acc: 1.00 
Ep 54/100 | TR Loss: 0.0000 Acc: 1.00 | VAL Loss: 0.0000 Acc: 1.00 
Ep 55/100 | TR Loss: 0.0000 Acc: 1.00 | VAL Loss: 0.0000 Acc: 1.00 
Ep 56/100 | TR Loss: 0.0000 Acc: 1.00 | VAL Loss: 0.0000 Acc: 1.00 
Ep 57/100 | TR Loss: 0.0000 Acc: 1.00 | VAL Loss: 0.0000 Acc: 1.00 
Ep 58/100 | TR Loss: 0.0000 Acc: 1.00 | VAL Loss: 0.0000 Acc: 1.00 
Ep 59/100 | TR Loss: 0.0000 Acc: 1.00 | VAL Loss: 0.0000 Acc: 1.00 
Ep 60/100 | TR Loss: 0.0002 Acc: 1.00 | VAL Loss: 0.0045 Acc: 1.00 
Ep 61/100 | TR Loss: 0.0065 Acc: 1.00 | VAL Loss: 0.0012 Acc: 1.00 
Ep 62/100 | TR Loss: 0.0011 Acc: 1.00 | VAL Loss: 0.0001 Acc: 1.00 
Ep 63/100 | TR Loss: 0.0002 Acc: 1.00 | VAL Loss: 0.0000 Acc: 1.00 
Ep 64/100 | TR Loss: 0.0000 Acc: 1.00 | VAL Loss: 0.0000 Acc: 1.00 
Ep 65/100 | TR Loss: 0.0001 Acc: 1.00 | VAL Loss: 0.0000 Acc: 1.00 
Ep 66/100 | TR Loss: 0.0001 Acc: 1.00 | VAL Loss: 0.0001 Acc: 1.00 
Ep 67/100 | TR Loss: 0.0011 Acc: 1.00 | VAL Loss: 0.0010 Acc: 1.00 
Ep 68/100 | TR Loss: 0.0011 Acc: 1.00 | VAL Loss: 0.0010 Acc: 1.00 
Ep 69/100 | TR Loss: 0.0050 Acc: 1.00 | VAL Loss: 0.0087 Acc: 1.00 
Ep 70/100 | TR Loss: 0.1262 Acc: 0.96 | VAL Loss: 0.0726 Acc: 1.00 
Ep 71/100 | TR Loss: 0.0349 Acc: 1.00 | VAL Loss: 0.0126 Acc: 1.00 
Ep 72/100 | TR Loss: 0.0053 Acc: 1.00 | VAL Loss: 0.0030 Acc: 1.00 
Ep 73/100 | TR Loss: 0.0017 Acc: 1.00 | VAL Loss: 0.0011 Acc: 1.00 
Ep 74/100 | TR Loss: 0.0007 Acc: 1.00 | VAL Loss: 0.0007 Acc: 1.00 
Ep 75/100 | TR Loss: 0.0003 Acc: 1.00 | VAL Loss: 0.0004 Acc: 1.00 
Ep 76/100 | TR Loss: 0.0002 Acc: 1.00 | VAL Loss: 0.0002 Acc: 1.00 
Ep 77/100 | TR Loss: 0.0001 Acc: 1.00 | VAL Loss: 0.0001 Acc: 1.00 
Ep 78/100 | TR Loss: 0.0000 Acc: 1.00 | VAL Loss: 0.0000 Acc: 1.00 
Ep 79/100 | TR Loss: 0.0000 Acc: 1.00 | VAL Loss: 0.0000 Acc: 1.00 
Ep 80/100 | TR Loss: 0.0000 Acc: 1.00 | VAL Loss: 0.0000 Acc: 1.00 
Ep 81/100 | TR Loss: 0.0000 Acc: 1.00 | VAL Loss: 0.0000 Acc: 1.00 
Ep 82/100 | TR Loss: 0.0000 Acc: 1.00 | VAL Loss: 0.0000 Acc: 1.00 
Ep 83/100 | TR Loss: 0.0000 Acc: 1.00 | VAL Loss: 0.0000 Acc: 1.00 
Ep 84/100 | TR Loss: 0.0001 Acc: 1.00 | VAL Loss: 0.0001 Acc: 1.00 
Ep 85/100 | TR Loss: 0.0017 Acc: 1.00 | VAL Loss: 0.0032 Acc: 1.00 
Ep 86/100 | TR Loss: 0.0347 Acc: 1.00 | VAL Loss: 0.0717 Acc: 1.00 
Ep 87/100 | TR Loss: 0.1904 Acc: 0.98 | VAL Loss: 0.0830 Acc: 1.00 
Ep 88/100 | TR Loss: 0.1162 Acc: 0.99 | VAL Loss: 0.0348 Acc: 1.00 
Ep 89/100 | TR Loss: 0.0248 Acc: 1.00 | VAL Loss: 0.0039 Acc: 1.00 
Ep 90/100 | TR Loss: 0.0034 Acc: 1.00 | VAL Loss: 0.0008 Acc: 1.00 
Ep 91/100 | TR Loss: 0.0005 Acc: 1.00 | VAL Loss: 0.0001 Acc: 1.00 
Ep 92/100 | TR Loss: 0.0001 Acc: 1.00 | VAL Loss: 0.0000 Acc: 1.00 
Ep 93/100 | TR Loss: 0.0000 Acc: 1.00 | VAL Loss: 0.0000 Acc: 1.00 
Ep 94/100 | TR Loss: 0.0000 Acc: 1.00 | VAL Loss: 0.0000 Acc: 1.00 
Ep 95/100 | TR Loss: 0.0000 Acc: 1.00 | VAL Loss: 0.0000 Acc: 1.00 
Ep 96/100 | TR Loss: 0.0000 Acc: 1.00 | VAL Loss: 0.0000 Acc: 1.00 
Ep 97/100 | TR Loss: 0.0000 Acc: 1.00 | VAL Loss: 0.0000 Acc: 1.00 
Ep 98/100 | TR Loss: 0.0001 Acc: 1.00 | VAL Loss: 0.0001 Acc: 1.00 
Ep 99/100 | TR Loss: 0.0006 Acc: 1.00 | VAL Loss: 0.0026 Acc: 1.00 
Ep 100/100 | TR Loss: 0.0062 Acc: 1.00 | VAL Loss: 0.0120 Acc: 1.00 
[*] Training plots saved to: output_qnlp/job_1094816/training_metrics.png

==================================================
BEST MODEL TEST SET EVALUATION (MULTIPLE THRESHOLDS)
==================================================
Threshold  | Acc      | Prec     | Rec      | F1      
--------------------------------------------------
0.30       | 1.00     | 1.00     | 1.00     | 1.00     
0.40       | 1.00     | 1.00     | 1.00     | 1.00     
0.50       | 1.00     | 1.00     | 1.00     | 1.00     <-- (Arg)
0.60       | 1.00     | 1.00     | 1.00     | 1.00     
0.70       | 1.00     | 1.00     | 1.00     | 1.00     
==================================================

========================================
End    : Fri May 22 07:25:07 +03 2026
Output : output_qnlp/job_1094816
total 118K
-rw-r--r-- 1 aerturk23 hpcusers 6.0K May 22 07:20 best_model.pth
-rw-r--r-- 1 aerturk23 hpcusers  296 May 22 07:18 config.json
-rw-r--r-- 1 aerturk23 hpcusers  12K May 22 07:25 history.json
-rw-r--r-- 1 aerturk23 hpcusers  966 May 22 07:21 output.err
-rw-r--r-- 1 aerturk23 hpcusers 8.2K May 22 07:23 output.log
-rw-r--r-- 1 aerturk23 hpcusers  90K May 22 07:25 training_metrics.png
========================================
