========================================
Job ID : 1094731
Start  : Fri May 22 03:51:56 +03 2026
GPU    : Tesla T4
========================================
--- Quantum QNLP Script starting ---
[*] Configuration saved to: output_qnlp/job_1094731/config.json
========================================
DATA SOURCE SELECTION : SST2
TRAINING SIZE         : 250
VALIDATION SIZE       : 50
TEST SIZE             : 100
WEIGHT DECAY          : 0.0001
CLASSIFICATION THRESHOLD : 0.5
QUANTUM LAYERS        : 2
========================================

--- Preparing Dataset ---
Generating DisCoCat grammar diagrams...
Generating quantum circuits (IQP Ansatz)...

--- Starting Quantum Model Training (Epochs: 100) ---
Ep 01/100 | TR Loss: 0.9336 Acc: 0.45 | VAL Loss: 0.7310 Acc: 0.48 *(Best)*
Ep 02/100 | TR Loss: 0.6845 Acc: 0.59 | VAL Loss: 0.9907 Acc: 0.50 
Ep 03/100 | TR Loss: 0.5711 Acc: 0.70 | VAL Loss: 0.8140 Acc: 0.52 
Ep 04/100 | TR Loss: 0.5245 Acc: 0.73 | VAL Loss: 0.8425 Acc: 0.52 
Ep 05/100 | TR Loss: 0.4747 Acc: 0.77 | VAL Loss: 0.7458 Acc: 0.50 
Ep 06/100 | TR Loss: 0.4525 Acc: 0.80 | VAL Loss: 0.7878 Acc: 0.50 
Ep 07/100 | TR Loss: 0.4339 Acc: 0.81 | VAL Loss: 0.7903 Acc: 0.54 
Ep 08/100 | TR Loss: 0.3891 Acc: 0.82 | VAL Loss: 0.8519 Acc: 0.52 
Ep 09/100 | TR Loss: 0.3588 Acc: 0.88 | VAL Loss: 0.8482 Acc: 0.48 
Ep 10/100 | TR Loss: 0.3561 Acc: 0.87 | VAL Loss: 0.9302 Acc: 0.46 
Ep 11/100 | TR Loss: 0.3377 Acc: 0.86 | VAL Loss: 1.0103 Acc: 0.52 
Ep 12/100 | TR Loss: 0.3118 Acc: 0.85 | VAL Loss: 0.9603 Acc: 0.50 
Ep 13/100 | TR Loss: 0.3132 Acc: 0.86 | VAL Loss: 0.9052 Acc: 0.46 
Ep 14/100 | TR Loss: 0.3041 Acc: 0.88 | VAL Loss: 0.7479 Acc: 0.56 
Ep 15/100 | TR Loss: 0.4127 Acc: 0.82 | VAL Loss: 0.8254 Acc: 0.44 
Ep 16/100 | TR Loss: 0.3145 Acc: 0.88 | VAL Loss: 0.8652 Acc: 0.54 
Ep 17/100 | TR Loss: 0.2889 Acc: 0.89 | VAL Loss: 0.8781 Acc: 0.46 
Ep 18/100 | TR Loss: 0.2618 Acc: 0.91 | VAL Loss: 0.7813 Acc: 0.52 
Ep 19/100 | TR Loss: 0.3128 Acc: 0.88 | VAL Loss: 0.9397 Acc: 0.46 
Ep 20/100 | TR Loss: 0.2909 Acc: 0.89 | VAL Loss: 0.8205 Acc: 0.52 
Ep 21/100 | TR Loss: 0.3505 Acc: 0.87 | VAL Loss: 0.8643 Acc: 0.54 
Ep 22/100 | TR Loss: 0.2887 Acc: 0.90 | VAL Loss: 0.9468 Acc: 0.48 
Ep 23/100 | TR Loss: 0.2684 Acc: 0.90 | VAL Loss: 0.9466 Acc: 0.58 
Ep 24/100 | TR Loss: 0.2552 Acc: 0.91 | VAL Loss: 0.7717 Acc: 0.50 
Ep 25/100 | TR Loss: 0.2972 Acc: 0.90 | VAL Loss: 0.9443 Acc: 0.42 
Ep 26/100 | TR Loss: 0.2327 Acc: 0.94 | VAL Loss: 0.9218 Acc: 0.48 
Ep 27/100 | TR Loss: 0.2204 Acc: 0.95 | VAL Loss: 0.9343 Acc: 0.54 
Ep 28/100 | TR Loss: 0.2117 Acc: 0.97 | VAL Loss: 0.8345 Acc: 0.50 
Ep 29/100 | TR Loss: 0.2067 Acc: 0.95 | VAL Loss: 0.9093 Acc: 0.52 
Ep 30/100 | TR Loss: 0.1917 Acc: 0.95 | VAL Loss: 0.8572 Acc: 0.46 
Ep 31/100 | TR Loss: 0.2093 Acc: 0.95 | VAL Loss: 0.8517 Acc: 0.50 
Ep 32/100 | TR Loss: 0.2044 Acc: 0.95 | VAL Loss: 0.9289 Acc: 0.58 
Ep 33/100 | TR Loss: 0.1726 Acc: 0.96 | VAL Loss: 0.8080 Acc: 0.56 
Ep 34/100 | TR Loss: 0.2078 Acc: 0.93 | VAL Loss: 0.8449 Acc: 0.52 
Ep 35/100 | TR Loss: 0.3652 Acc: 0.84 | VAL Loss: 0.9239 Acc: 0.46 
Ep 36/100 | TR Loss: 0.2408 Acc: 0.90 | VAL Loss: 0.9394 Acc: 0.48 
Ep 37/100 | TR Loss: 0.2101 Acc: 0.92 | VAL Loss: 0.8706 Acc: 0.46 
Ep 38/100 | TR Loss: 0.2657 Acc: 0.91 | VAL Loss: 0.9207 Acc: 0.46 
Ep 39/100 | TR Loss: 0.2983 Acc: 0.87 | VAL Loss: 1.0089 Acc: 0.48 
Ep 40/100 | TR Loss: 0.2378 Acc: 0.92 | VAL Loss: 0.9528 Acc: 0.48 
Ep 41/100 | TR Loss: 0.1862 Acc: 0.95 | VAL Loss: 0.9321 Acc: 0.40 
Ep 42/100 | TR Loss: 0.2551 Acc: 0.90 | VAL Loss: 0.9286 Acc: 0.44 
Ep 43/100 | TR Loss: 0.2138 Acc: 0.95 | VAL Loss: 0.8949 Acc: 0.48 
Ep 44/100 | TR Loss: 0.1965 Acc: 0.96 | VAL Loss: 0.9436 Acc: 0.46 
Ep 45/100 | TR Loss: 0.1958 Acc: 0.94 | VAL Loss: 0.9223 Acc: 0.50 
Ep 46/100 | TR Loss: 0.2238 Acc: 0.92 | VAL Loss: 0.9242 Acc: 0.46 
Ep 47/100 | TR Loss: 0.1670 Acc: 0.95 | VAL Loss: 1.0222 Acc: 0.54 
Ep 48/100 | TR Loss: 0.1642 Acc: 0.96 | VAL Loss: 0.8907 Acc: 0.52 
Ep 49/100 | TR Loss: 0.2096 Acc: 0.94 | VAL Loss: 1.0445 Acc: 0.54 
Ep 50/100 | TR Loss: 0.2329 Acc: 0.92 | VAL Loss: 1.0165 Acc: 0.54 
Ep 51/100 | TR Loss: 0.1900 Acc: 0.94 | VAL Loss: 0.8315 Acc: 0.52 
Ep 52/100 | TR Loss: 0.2044 Acc: 0.94 | VAL Loss: 0.8763 Acc: 0.54 
Ep 53/100 | TR Loss: 0.2113 Acc: 0.93 | VAL Loss: 0.9014 Acc: 0.54 
Ep 54/100 | TR Loss: 0.1800 Acc: 0.94 | VAL Loss: 0.9309 Acc: 0.54 
Ep 55/100 | TR Loss: 0.2040 Acc: 0.92 | VAL Loss: 0.8539 Acc: 0.54 
Ep 56/100 | TR Loss: 0.1593 Acc: 0.96 | VAL Loss: 0.8556 Acc: 0.56 
Ep 57/100 | TR Loss: 0.1829 Acc: 0.95 | VAL Loss: 0.8229 Acc: 0.54 
Ep 58/100 | TR Loss: 0.2100 Acc: 0.92 | VAL Loss: 0.8027 Acc: 0.48 
Ep 59/100 | TR Loss: 0.1604 Acc: 0.96 | VAL Loss: 0.8803 Acc: 0.60 
Ep 60/100 | TR Loss: 0.1426 Acc: 0.97 | VAL Loss: 0.9247 Acc: 0.56 
Ep 61/100 | TR Loss: 0.1547 Acc: 0.95 | VAL Loss: 0.8797 Acc: 0.50 
Ep 62/100 | TR Loss: 0.1640 Acc: 0.95 | VAL Loss: 0.8769 Acc: 0.56 
Ep 63/100 | TR Loss: 0.1244 Acc: 0.97 | VAL Loss: 0.8410 Acc: 0.56 
Ep 64/100 | TR Loss: 0.1418 Acc: 0.95 | VAL Loss: 0.8337 Acc: 0.54 
Ep 65/100 | TR Loss: 0.1134 Acc: 0.97 | VAL Loss: 0.7815 Acc: 0.54 
Ep 66/100 | TR Loss: 0.1345 Acc: 0.96 | VAL Loss: 0.8249 Acc: 0.56 
Ep 67/100 | TR Loss: 0.0838 Acc: 0.99 | VAL Loss: 0.8088 Acc: 0.48 
Ep 68/100 | TR Loss: 0.0866 Acc: 0.99 | VAL Loss: 0.8208 Acc: 0.48 
Ep 69/100 | TR Loss: 0.0837 Acc: 0.99 | VAL Loss: 0.9050 Acc: 0.58 
Ep 70/100 | TR Loss: 0.1097 Acc: 0.97 | VAL Loss: 0.8956 Acc: 0.58 
Ep 71/100 | TR Loss: 0.0954 Acc: 0.98 | VAL Loss: 0.8665 Acc: 0.50 
Ep 72/100 | TR Loss: 0.1467 Acc: 0.96 | VAL Loss: 0.8449 Acc: 0.46 
Ep 73/100 | TR Loss: 0.2501 Acc: 0.92 | VAL Loss: 0.8441 Acc: 0.48 
Ep 74/100 | TR Loss: 0.1601 Acc: 0.96 | VAL Loss: 0.8967 Acc: 0.50 
Ep 75/100 | TR Loss: 0.1561 Acc: 0.96 | VAL Loss: 1.0120 Acc: 0.46 
Ep 76/100 | TR Loss: 0.1454 Acc: 0.95 | VAL Loss: 0.8334 Acc: 0.48 
Ep 77/100 | TR Loss: 0.1330 Acc: 0.96 | VAL Loss: 0.8193 Acc: 0.52 
Ep 78/100 | TR Loss: 0.1137 Acc: 0.96 | VAL Loss: 0.8673 Acc: 0.48 
Ep 79/100 | TR Loss: 0.1713 Acc: 0.95 | VAL Loss: 0.8019 Acc: 0.48 
Ep 80/100 | TR Loss: 0.1595 Acc: 0.94 | VAL Loss: 0.8355 Acc: 0.56 
Ep 81/100 | TR Loss: 0.1270 Acc: 0.97 | VAL Loss: 0.7677 Acc: 0.62 
Ep 82/100 | TR Loss: 0.1574 Acc: 0.96 | VAL Loss: 0.9019 Acc: 0.50 
Ep 83/100 | TR Loss: 0.1684 Acc: 0.96 | VAL Loss: 0.7847 Acc: 0.56 
Ep 84/100 | TR Loss: 0.1412 Acc: 0.98 | VAL Loss: 0.8185 Acc: 0.56 
Ep 85/100 | TR Loss: 0.1172 Acc: 0.98 | VAL Loss: 0.7689 Acc: 0.62 
Ep 86/100 | TR Loss: 0.1054 Acc: 0.98 | VAL Loss: 0.6962 Acc: 0.66 *(Best)*
Ep 87/100 | TR Loss: 0.0994 Acc: 0.99 | VAL Loss: 0.7073 Acc: 0.62 
Ep 88/100 | TR Loss: 0.1018 Acc: 0.98 | VAL Loss: 0.7786 Acc: 0.54 
Ep 89/100 | TR Loss: 0.1286 Acc: 0.98 | VAL Loss: 0.9080 Acc: 0.52 
Ep 90/100 | TR Loss: 0.1063 Acc: 0.98 | VAL Loss: 0.7916 Acc: 0.56 
Ep 91/100 | TR Loss: 0.1164 Acc: 0.99 | VAL Loss: 0.7660 Acc: 0.58 
Ep 92/100 | TR Loss: 0.0968 Acc: 0.99 | VAL Loss: 0.7380 Acc: 0.56 
Ep 93/100 | TR Loss: 0.0996 Acc: 0.98 | VAL Loss: 0.8109 Acc: 0.58 
Ep 94/100 | TR Loss: 0.0914 Acc: 0.98 | VAL Loss: 0.7538 Acc: 0.54 
Ep 95/100 | TR Loss: 0.0929 Acc: 0.99 | VAL Loss: 0.7757 Acc: 0.54 
Ep 96/100 | TR Loss: 0.1269 Acc: 0.96 | VAL Loss: 1.0688 Acc: 0.50 
Ep 97/100 | TR Loss: 0.1066 Acc: 0.98 | VAL Loss: 0.7921 Acc: 0.54 
Ep 98/100 | TR Loss: 0.1663 Acc: 0.96 | VAL Loss: 0.9043 Acc: 0.50 
Ep 99/100 | TR Loss: 0.1832 Acc: 0.93 | VAL Loss: 0.8249 Acc: 0.48 
Ep 100/100 | TR Loss: 0.1808 Acc: 0.95 | VAL Loss: 0.7716 Acc: 0.46 
[*] Training plots saved to: output_qnlp/job_1094731/training_metrics.png

==================================================
BEST MODEL TEST SET EVALUATION (MULTIPLE THRESHOLDS)
==================================================
Threshold  | Acc      | Prec     | Rec      | F1      
--------------------------------------------------
0.30       | 0.55     | 0.55     | 0.85     | 0.67     
0.40       | 0.56     | 0.56     | 0.75     | 0.65     
0.50       | 0.53     | 0.56     | 0.55     | 0.55     <-- (Arg)
0.60       | 0.48     | 0.52     | 0.32     | 0.40     
0.70       | 0.45     | 0.45     | 0.19     | 0.27     
==================================================

========================================
End    : Fri May 22 04:02:56 +03 2026
Output : output_qnlp/job_1094731
total 556K
-rw-r--r-- 1 aerturk23 hpcusers 402K May 22 04:02 best_model.pth
-rw-r--r-- 1 aerturk23 hpcusers  291 May 22 03:52 config.json
-rw-r--r-- 1 aerturk23 hpcusers  14K May 22 04:02 history.json
-rw-r--r-- 1 aerturk23 hpcusers  966 May 22 03:58 output.err
-rw-r--r-- 1 aerturk23 hpcusers 8.2K May 22 03:59 output.log
-rw-r--r-- 1 aerturk23 hpcusers 130K May 22  2026 training_metrics.png
========================================
