========================================
Job ID : 1094730
Start  : Fri May 22 03:43:40 +03 2026
GPU    : Tesla T4
========================================
--- Quantum QNLP Script starting ---
[*] Configuration saved to: output_qnlp/job_1094730/config.json
========================================
DATA SOURCE SELECTION : SST2
TRAINING SIZE         : 250
VALIDATION SIZE       : 50
TEST SIZE             : 100
WEIGHT DECAY          : 0.0001
CLASSIFICATION THRESHOLD : 0.5
QUANTUM LAYERS        : 1
========================================

--- Preparing Dataset ---
Generating DisCoCat grammar diagrams...
Generating quantum circuits (IQP Ansatz)...

--- Starting Quantum Model Training (Epochs: 100) ---
Ep 01/100 | TR Loss: 1.3993 Acc: 0.44 | VAL Loss: 1.7919 Acc: 0.42 *(Best)*
Ep 02/100 | TR Loss: 0.7960 Acc: 0.60 | VAL Loss: 1.8759 Acc: 0.42 
Ep 03/100 | TR Loss: 0.5801 Acc: 0.72 | VAL Loss: 1.8657 Acc: 0.44 
Ep 04/100 | TR Loss: 0.4562 Acc: 0.79 | VAL Loss: 1.5304 Acc: 0.50 *(Best)*
Ep 05/100 | TR Loss: 0.4685 Acc: 0.81 | VAL Loss: 1.5085 Acc: 0.52 *(Best)*
Ep 06/100 | TR Loss: 0.3988 Acc: 0.84 | VAL Loss: 1.5672 Acc: 0.56 
Ep 07/100 | TR Loss: 0.4048 Acc: 0.82 | VAL Loss: 1.4535 Acc: 0.50 *(Best)*
Ep 08/100 | TR Loss: 0.3256 Acc: 0.87 | VAL Loss: 1.3620 Acc: 0.52 *(Best)*
Ep 09/100 | TR Loss: 0.3405 Acc: 0.87 | VAL Loss: 1.8968 Acc: 0.54 
Ep 10/100 | TR Loss: 0.2983 Acc: 0.88 | VAL Loss: 1.7004 Acc: 0.44 
Ep 11/100 | TR Loss: 0.2853 Acc: 0.90 | VAL Loss: 1.9900 Acc: 0.38 
Ep 12/100 | TR Loss: 0.2365 Acc: 0.92 | VAL Loss: 1.9206 Acc: 0.44 
Ep 13/100 | TR Loss: 0.3243 Acc: 0.88 | VAL Loss: 1.7738 Acc: 0.54 
Ep 14/100 | TR Loss: 0.3285 Acc: 0.86 | VAL Loss: 1.8487 Acc: 0.42 
Ep 15/100 | TR Loss: 0.5307 Acc: 0.77 | VAL Loss: 1.9166 Acc: 0.42 
Ep 16/100 | TR Loss: 0.4121 Acc: 0.83 | VAL Loss: 1.7440 Acc: 0.44 
Ep 17/100 | TR Loss: 0.3523 Acc: 0.85 | VAL Loss: 1.5918 Acc: 0.52 
Ep 18/100 | TR Loss: 0.2796 Acc: 0.90 | VAL Loss: 1.7887 Acc: 0.52 
Ep 19/100 | TR Loss: 0.2942 Acc: 0.90 | VAL Loss: 1.4243 Acc: 0.60 
Ep 20/100 | TR Loss: 0.3590 Acc: 0.85 | VAL Loss: 1.9098 Acc: 0.48 
Ep 21/100 | TR Loss: 0.2876 Acc: 0.88 | VAL Loss: 2.0475 Acc: 0.48 
Ep 22/100 | TR Loss: 0.2907 Acc: 0.90 | VAL Loss: 1.7547 Acc: 0.44 
Ep 23/100 | TR Loss: 0.2794 Acc: 0.89 | VAL Loss: 1.9533 Acc: 0.54 
Ep 24/100 | TR Loss: 0.3157 Acc: 0.89 | VAL Loss: 1.7208 Acc: 0.44 
Ep 25/100 | TR Loss: 0.2426 Acc: 0.92 | VAL Loss: 1.5756 Acc: 0.44 
Ep 26/100 | TR Loss: 0.2314 Acc: 0.93 | VAL Loss: 1.7382 Acc: 0.46 
Ep 27/100 | TR Loss: 0.3039 Acc: 0.88 | VAL Loss: 1.9200 Acc: 0.44 
Ep 28/100 | TR Loss: 0.2346 Acc: 0.94 | VAL Loss: 1.8066 Acc: 0.44 
Ep 29/100 | TR Loss: 0.1995 Acc: 0.94 | VAL Loss: 1.8174 Acc: 0.40 
Ep 30/100 | TR Loss: 0.1840 Acc: 0.94 | VAL Loss: 1.6829 Acc: 0.44 
Ep 31/100 | TR Loss: 0.2162 Acc: 0.94 | VAL Loss: 1.6578 Acc: 0.44 
Ep 32/100 | TR Loss: 0.1986 Acc: 0.92 | VAL Loss: 1.6297 Acc: 0.44 
Ep 33/100 | TR Loss: 0.2117 Acc: 0.95 | VAL Loss: 1.8091 Acc: 0.44 
Ep 34/100 | TR Loss: 0.1843 Acc: 0.94 | VAL Loss: 1.8211 Acc: 0.42 
Ep 35/100 | TR Loss: 0.2231 Acc: 0.92 | VAL Loss: 1.6411 Acc: 0.44 
Ep 36/100 | TR Loss: 0.1643 Acc: 0.96 | VAL Loss: 1.6865 Acc: 0.42 
Ep 37/100 | TR Loss: 0.2096 Acc: 0.93 | VAL Loss: 1.7820 Acc: 0.46 
Ep 38/100 | TR Loss: 0.1876 Acc: 0.94 | VAL Loss: 1.5441 Acc: 0.54 
Ep 39/100 | TR Loss: 0.2946 Acc: 0.89 | VAL Loss: 1.7647 Acc: 0.40 
Ep 40/100 | TR Loss: 0.3620 Acc: 0.83 | VAL Loss: 1.7254 Acc: 0.48 
Ep 41/100 | TR Loss: 0.3038 Acc: 0.92 | VAL Loss: 1.6968 Acc: 0.54 
Ep 42/100 | TR Loss: 0.2473 Acc: 0.94 | VAL Loss: 1.8249 Acc: 0.42 
Ep 43/100 | TR Loss: 0.2586 Acc: 0.92 | VAL Loss: 2.2743 Acc: 0.44 
Ep 44/100 | TR Loss: 0.2363 Acc: 0.92 | VAL Loss: 2.1156 Acc: 0.44 
Ep 45/100 | TR Loss: 0.2360 Acc: 0.92 | VAL Loss: 1.8762 Acc: 0.50 
Ep 46/100 | TR Loss: 0.2727 Acc: 0.93 | VAL Loss: 1.6885 Acc: 0.42 
Ep 47/100 | TR Loss: 0.2970 Acc: 0.88 | VAL Loss: 2.2235 Acc: 0.46 
Ep 48/100 | TR Loss: 0.2433 Acc: 0.93 | VAL Loss: 1.7887 Acc: 0.46 
Ep 49/100 | TR Loss: 0.2362 Acc: 0.93 | VAL Loss: 1.8277 Acc: 0.48 
Ep 50/100 | TR Loss: 0.2287 Acc: 0.93 | VAL Loss: 2.0904 Acc: 0.42 
Ep 51/100 | TR Loss: 0.2815 Acc: 0.91 | VAL Loss: 1.5235 Acc: 0.54 
Ep 52/100 | TR Loss: 0.2108 Acc: 0.94 | VAL Loss: 2.0101 Acc: 0.44 
Ep 53/100 | TR Loss: 0.2176 Acc: 0.92 | VAL Loss: 2.0153 Acc: 0.44 
Ep 54/100 | TR Loss: 0.2371 Acc: 0.92 | VAL Loss: 1.8797 Acc: 0.40 
Ep 55/100 | TR Loss: 0.2085 Acc: 0.92 | VAL Loss: 2.0555 Acc: 0.42 
Ep 56/100 | TR Loss: 0.2073 Acc: 0.92 | VAL Loss: 1.8807 Acc: 0.42 
Ep 57/100 | TR Loss: 0.2574 Acc: 0.92 | VAL Loss: 2.0928 Acc: 0.42 
Ep 58/100 | TR Loss: 0.2410 Acc: 0.92 | VAL Loss: 1.9758 Acc: 0.42 
Ep 59/100 | TR Loss: 0.1930 Acc: 0.92 | VAL Loss: 1.8041 Acc: 0.44 
Ep 60/100 | TR Loss: 0.2050 Acc: 0.92 | VAL Loss: 2.1605 Acc: 0.42 
Ep 61/100 | TR Loss: 0.2024 Acc: 0.93 | VAL Loss: 1.8073 Acc: 0.50 
Ep 62/100 | TR Loss: 0.2091 Acc: 0.92 | VAL Loss: 1.7745 Acc: 0.52 
Ep 63/100 | TR Loss: 0.2028 Acc: 0.92 | VAL Loss: 1.8581 Acc: 0.46 
Ep 64/100 | TR Loss: 0.2705 Acc: 0.88 | VAL Loss: 1.8924 Acc: 0.42 
Ep 65/100 | TR Loss: 0.1904 Acc: 0.92 | VAL Loss: 1.7557 Acc: 0.44 
Ep 66/100 | TR Loss: 0.2218 Acc: 0.92 | VAL Loss: 1.7892 Acc: 0.38 
Ep 67/100 | TR Loss: 0.2101 Acc: 0.91 | VAL Loss: 1.9445 Acc: 0.42 
Ep 68/100 | TR Loss: 0.2622 Acc: 0.89 | VAL Loss: 1.6952 Acc: 0.42 
Ep 69/100 | TR Loss: 0.2232 Acc: 0.92 | VAL Loss: 1.7326 Acc: 0.42 
Ep 70/100 | TR Loss: 0.3174 Acc: 0.88 | VAL Loss: 1.6482 Acc: 0.48 
Ep 71/100 | TR Loss: 0.3267 Acc: 0.87 | VAL Loss: 1.9396 Acc: 0.46 
Ep 72/100 | TR Loss: 0.1876 Acc: 0.95 | VAL Loss: 1.7600 Acc: 0.42 
Ep 73/100 | TR Loss: 0.1823 Acc: 0.95 | VAL Loss: 2.0083 Acc: 0.44 
Ep 74/100 | TR Loss: 0.1833 Acc: 0.95 | VAL Loss: 2.0045 Acc: 0.40 
Ep 75/100 | TR Loss: 0.1807 Acc: 0.95 | VAL Loss: 1.9174 Acc: 0.40 
Ep 76/100 | TR Loss: 0.2256 Acc: 0.94 | VAL Loss: 1.6714 Acc: 0.50 
Ep 77/100 | TR Loss: 0.2391 Acc: 0.93 | VAL Loss: 1.9902 Acc: 0.40 
Ep 78/100 | TR Loss: 0.2972 Acc: 0.85 | VAL Loss: 2.0817 Acc: 0.46 
Ep 79/100 | TR Loss: 0.2648 Acc: 0.91 | VAL Loss: 1.8693 Acc: 0.44 
Ep 80/100 | TR Loss: 0.3161 Acc: 0.88 | VAL Loss: 2.2279 Acc: 0.42 
Ep 81/100 | TR Loss: 0.2965 Acc: 0.88 | VAL Loss: 1.5219 Acc: 0.54 
Ep 82/100 | TR Loss: 0.2817 Acc: 0.88 | VAL Loss: 2.2525 Acc: 0.46 
Ep 83/100 | TR Loss: 0.2617 Acc: 0.90 | VAL Loss: 1.9398 Acc: 0.38 
Ep 84/100 | TR Loss: 0.2462 Acc: 0.92 | VAL Loss: 1.9082 Acc: 0.48 
Ep 85/100 | TR Loss: 0.3105 Acc: 0.85 | VAL Loss: 1.8976 Acc: 0.42 
Ep 86/100 | TR Loss: 0.2704 Acc: 0.89 | VAL Loss: 1.5114 Acc: 0.50 
Ep 87/100 | TR Loss: 0.2901 Acc: 0.89 | VAL Loss: 2.1131 Acc: 0.46 
Ep 88/100 | TR Loss: 0.2854 Acc: 0.90 | VAL Loss: 1.7522 Acc: 0.50 
Ep 89/100 | TR Loss: 0.2827 Acc: 0.90 | VAL Loss: 1.7344 Acc: 0.46 
Ep 90/100 | TR Loss: 0.2769 Acc: 0.90 | VAL Loss: 1.9307 Acc: 0.44 
Ep 91/100 | TR Loss: 0.2261 Acc: 0.90 | VAL Loss: 1.7470 Acc: 0.42 
Ep 92/100 | TR Loss: 0.2395 Acc: 0.90 | VAL Loss: 1.6763 Acc: 0.48 
Ep 93/100 | TR Loss: 0.2862 Acc: 0.88 | VAL Loss: 1.7802 Acc: 0.42 
Ep 94/100 | TR Loss: 0.3285 Acc: 0.87 | VAL Loss: 1.7553 Acc: 0.44 
Ep 95/100 | TR Loss: 0.3092 Acc: 0.90 | VAL Loss: 1.9789 Acc: 0.42 
Ep 96/100 | TR Loss: 0.2519 Acc: 0.92 | VAL Loss: 1.7944 Acc: 0.42 
Ep 97/100 | TR Loss: 0.2298 Acc: 0.92 | VAL Loss: 1.7802 Acc: 0.44 
Ep 98/100 | TR Loss: 0.2292 Acc: 0.92 | VAL Loss: 2.0582 Acc: 0.42 
Ep 99/100 | TR Loss: 0.2284 Acc: 0.91 | VAL Loss: 1.7979 Acc: 0.38 
Ep 100/100 | TR Loss: 0.3214 Acc: 0.86 | VAL Loss: 1.8759 Acc: 0.40 
[*] Training plots saved to: output_qnlp/job_1094730/training_metrics.png

==================================================
BEST MODEL TEST SET EVALUATION (MULTIPLE THRESHOLDS)
==================================================
Threshold  | Acc      | Prec     | Rec      | F1      
--------------------------------------------------
0.30       | 0.52     | 0.55     | 0.53     | 0.54     
0.40       | 0.49     | 0.52     | 0.43     | 0.47     
0.50       | 0.47     | 0.50     | 0.34     | 0.40     <-- (Arg)
0.60       | 0.50     | 0.55     | 0.30     | 0.39     
0.70       | 0.50     | 0.57     | 0.23     | 0.32     
==================================================

========================================
End    : Fri May 22 03:51:54 +03 2026
Output : output_qnlp/job_1094730
total 359K
-rw-r--r-- 1 aerturk23 hpcusers 201K May 22 03:45 best_model.pth
-rw-r--r-- 1 aerturk23 hpcusers  291 May 22 03:43 config.json
-rw-r--r-- 1 aerturk23 hpcusers  14K May 22  2026 history.json
-rw-r--r-- 1 aerturk23 hpcusers  966 May 22 03:50 output.err
-rw-r--r-- 1 aerturk23 hpcusers 8.2K May 22  2026 output.log
-rw-r--r-- 1 aerturk23 hpcusers 134K May 22  2026 training_metrics.png
========================================
