========================================
Job ID : 1094748
Start  : Fri May 22 05:18:02 +03 2026
GPU    : Tesla T4
========================================
--- Quantum QNLP Script starting ---
[*] Configuration saved to: output_qnlp/job_1094748/config.json
========================================
DATA SOURCE SELECTION : SST2
TRAINING SIZE         : 500
VALIDATION SIZE       : 50
TEST SIZE             : 100
WEIGHT DECAY          : 0.0001
CLASSIFICATION THRESHOLD : 0.5
QUANTUM LAYERS        : 1
========================================

--- Preparing Dataset ---
Generating DisCoCat grammar diagrams...
Generating quantum circuits (IQP Ansatz)...

--- Starting Quantum Model Training (Epochs: 100) ---
Ep 01/100 | TR Loss: 1.4179 Acc: 0.45 | VAL Loss: 0.9759 Acc: 0.56 *(Best)*
Ep 02/100 | TR Loss: 0.8151 Acc: 0.61 | VAL Loss: 1.1262 Acc: 0.54 
Ep 03/100 | TR Loss: 0.6455 Acc: 0.68 | VAL Loss: 1.2460 Acc: 0.46 
Ep 04/100 | TR Loss: 0.5235 Acc: 0.74 | VAL Loss: 1.0308 Acc: 0.48 
Ep 05/100 | TR Loss: 0.4939 Acc: 0.77 | VAL Loss: 0.9324 Acc: 0.62 *(Best)*
Ep 06/100 | TR Loss: 0.5082 Acc: 0.78 | VAL Loss: 0.9546 Acc: 0.56 
Ep 07/100 | TR Loss: 0.4848 Acc: 0.79 | VAL Loss: 0.9116 Acc: 0.64 *(Best)*
Ep 08/100 | TR Loss: 0.4000 Acc: 0.82 | VAL Loss: 0.9291 Acc: 0.62 
Ep 09/100 | TR Loss: 0.5128 Acc: 0.76 | VAL Loss: 1.0379 Acc: 0.58 
Ep 10/100 | TR Loss: 0.4274 Acc: 0.78 | VAL Loss: 0.9893 Acc: 0.60 
Ep 11/100 | TR Loss: 0.4844 Acc: 0.81 | VAL Loss: 1.0802 Acc: 0.56 
Ep 12/100 | TR Loss: 0.4499 Acc: 0.81 | VAL Loss: 1.0702 Acc: 0.58 
Ep 13/100 | TR Loss: 0.4206 Acc: 0.81 | VAL Loss: 1.0974 Acc: 0.54 
Ep 14/100 | TR Loss: 0.4044 Acc: 0.82 | VAL Loss: 1.1756 Acc: 0.56 
Ep 15/100 | TR Loss: 0.3664 Acc: 0.84 | VAL Loss: 0.9876 Acc: 0.56 
Ep 16/100 | TR Loss: 0.3617 Acc: 0.83 | VAL Loss: 1.1670 Acc: 0.48 
Ep 17/100 | TR Loss: 0.3443 Acc: 0.85 | VAL Loss: 1.1495 Acc: 0.52 
Ep 18/100 | TR Loss: 0.3403 Acc: 0.84 | VAL Loss: 1.1841 Acc: 0.58 
Ep 19/100 | TR Loss: 0.3330 Acc: 0.87 | VAL Loss: 1.3989 Acc: 0.52 
Ep 20/100 | TR Loss: 0.3812 Acc: 0.85 | VAL Loss: 1.3638 Acc: 0.56 
Ep 21/100 | TR Loss: 0.3098 Acc: 0.88 | VAL Loss: 1.2010 Acc: 0.50 
Ep 22/100 | TR Loss: 0.3267 Acc: 0.87 | VAL Loss: 1.1560 Acc: 0.56 
Ep 23/100 | TR Loss: 0.3162 Acc: 0.87 | VAL Loss: 1.2362 Acc: 0.52 
Ep 24/100 | TR Loss: 0.3036 Acc: 0.88 | VAL Loss: 1.3074 Acc: 0.48 
Ep 25/100 | TR Loss: 0.3600 Acc: 0.85 | VAL Loss: 1.3991 Acc: 0.46 
Ep 26/100 | TR Loss: 0.3511 Acc: 0.85 | VAL Loss: 1.3042 Acc: 0.52 
Ep 27/100 | TR Loss: 0.2989 Acc: 0.88 | VAL Loss: 1.3965 Acc: 0.44 
Ep 28/100 | TR Loss: 0.3422 Acc: 0.87 | VAL Loss: 1.2049 Acc: 0.46 
Ep 29/100 | TR Loss: 0.3032 Acc: 0.87 | VAL Loss: 1.2111 Acc: 0.50 
Ep 30/100 | TR Loss: 0.3249 Acc: 0.87 | VAL Loss: 1.1924 Acc: 0.54 
Ep 31/100 | TR Loss: 0.2873 Acc: 0.89 | VAL Loss: 1.1230 Acc: 0.56 
Ep 32/100 | TR Loss: 0.2295 Acc: 0.91 | VAL Loss: 1.2366 Acc: 0.52 
Ep 33/100 | TR Loss: 0.2493 Acc: 0.92 | VAL Loss: 1.2779 Acc: 0.54 
Ep 34/100 | TR Loss: 0.2469 Acc: 0.91 | VAL Loss: 1.2249 Acc: 0.54 
Ep 35/100 | TR Loss: 0.2522 Acc: 0.91 | VAL Loss: 1.2064 Acc: 0.54 
Ep 36/100 | TR Loss: 0.2393 Acc: 0.90 | VAL Loss: 1.2014 Acc: 0.56 
Ep 37/100 | TR Loss: 0.2392 Acc: 0.92 | VAL Loss: 1.1691 Acc: 0.56 
Ep 38/100 | TR Loss: 0.2866 Acc: 0.87 | VAL Loss: 1.3527 Acc: 0.56 
Ep 39/100 | TR Loss: 0.3969 Acc: 0.83 | VAL Loss: 1.3119 Acc: 0.60 
Ep 40/100 | TR Loss: 0.3086 Acc: 0.88 | VAL Loss: 1.4753 Acc: 0.54 
Ep 41/100 | TR Loss: 0.3007 Acc: 0.88 | VAL Loss: 1.2828 Acc: 0.56 
Ep 42/100 | TR Loss: 0.2535 Acc: 0.91 | VAL Loss: 1.3144 Acc: 0.46 
Ep 43/100 | TR Loss: 0.2583 Acc: 0.90 | VAL Loss: 1.2718 Acc: 0.46 
Ep 44/100 | TR Loss: 0.2481 Acc: 0.92 | VAL Loss: 1.4604 Acc: 0.44 
Ep 45/100 | TR Loss: 0.2240 Acc: 0.91 | VAL Loss: 1.4127 Acc: 0.50 
Ep 46/100 | TR Loss: 0.2541 Acc: 0.91 | VAL Loss: 1.3114 Acc: 0.50 
Ep 47/100 | TR Loss: 0.2068 Acc: 0.93 | VAL Loss: 1.3949 Acc: 0.50 
Ep 48/100 | TR Loss: 0.2203 Acc: 0.92 | VAL Loss: 1.2603 Acc: 0.50 
Ep 49/100 | TR Loss: 0.2315 Acc: 0.92 | VAL Loss: 1.2825 Acc: 0.50 
Ep 50/100 | TR Loss: 0.2206 Acc: 0.93 | VAL Loss: 1.5577 Acc: 0.50 
Ep 51/100 | TR Loss: 0.2440 Acc: 0.91 | VAL Loss: 1.5227 Acc: 0.54 
Ep 52/100 | TR Loss: 0.2700 Acc: 0.90 | VAL Loss: 1.6189 Acc: 0.42 
Ep 53/100 | TR Loss: 0.2533 Acc: 0.91 | VAL Loss: 1.4563 Acc: 0.48 
Ep 54/100 | TR Loss: 0.3141 Acc: 0.88 | VAL Loss: 1.4264 Acc: 0.46 
Ep 55/100 | TR Loss: 0.2318 Acc: 0.92 | VAL Loss: 1.2722 Acc: 0.50 
Ep 56/100 | TR Loss: 0.2437 Acc: 0.92 | VAL Loss: 1.1975 Acc: 0.50 
Ep 57/100 | TR Loss: 0.2321 Acc: 0.93 | VAL Loss: 1.2158 Acc: 0.52 
Ep 58/100 | TR Loss: 0.2204 Acc: 0.93 | VAL Loss: 1.2524 Acc: 0.52 
Ep 59/100 | TR Loss: 0.2182 Acc: 0.94 | VAL Loss: 1.1467 Acc: 0.52 
Ep 60/100 | TR Loss: 0.3407 Acc: 0.88 | VAL Loss: 1.1028 Acc: 0.56 
Ep 61/100 | TR Loss: 0.2404 Acc: 0.91 | VAL Loss: 1.1533 Acc: 0.58 
Ep 62/100 | TR Loss: 0.2145 Acc: 0.92 | VAL Loss: 1.0899 Acc: 0.56 
Ep 63/100 | TR Loss: 0.1903 Acc: 0.94 | VAL Loss: 1.0488 Acc: 0.56 
Ep 64/100 | TR Loss: 0.2272 Acc: 0.93 | VAL Loss: 1.1809 Acc: 0.54 
Ep 65/100 | TR Loss: 0.2269 Acc: 0.93 | VAL Loss: 1.0364 Acc: 0.54 
Ep 66/100 | TR Loss: 0.1900 Acc: 0.94 | VAL Loss: 1.1110 Acc: 0.54 
Ep 67/100 | TR Loss: 0.1933 Acc: 0.95 | VAL Loss: 1.0351 Acc: 0.54 
Ep 68/100 | TR Loss: 0.2098 Acc: 0.93 | VAL Loss: 1.1634 Acc: 0.50 
Ep 69/100 | TR Loss: 0.1676 Acc: 0.96 | VAL Loss: 1.1809 Acc: 0.48 
Ep 70/100 | TR Loss: 0.1987 Acc: 0.95 | VAL Loss: 1.1137 Acc: 0.54 
Ep 71/100 | TR Loss: 0.1753 Acc: 0.96 | VAL Loss: 1.3171 Acc: 0.52 
Ep 72/100 | TR Loss: 0.2123 Acc: 0.94 | VAL Loss: 1.1230 Acc: 0.50 
Ep 73/100 | TR Loss: 0.2407 Acc: 0.91 | VAL Loss: 1.2395 Acc: 0.50 
Ep 74/100 | TR Loss: 0.2395 Acc: 0.90 | VAL Loss: 1.2029 Acc: 0.52 
Ep 75/100 | TR Loss: 0.2761 Acc: 0.89 | VAL Loss: 1.3011 Acc: 0.54 
Ep 76/100 | TR Loss: 0.3103 Acc: 0.87 | VAL Loss: 1.3796 Acc: 0.48 
Ep 77/100 | TR Loss: 0.2441 Acc: 0.91 | VAL Loss: 1.3146 Acc: 0.52 
Ep 78/100 | TR Loss: 0.2619 Acc: 0.89 | VAL Loss: 1.1908 Acc: 0.56 
Ep 79/100 | TR Loss: 0.2588 Acc: 0.89 | VAL Loss: 1.2473 Acc: 0.50 
Ep 80/100 | TR Loss: 0.2164 Acc: 0.94 | VAL Loss: 1.1188 Acc: 0.58 
Ep 81/100 | TR Loss: 0.2381 Acc: 0.91 | VAL Loss: 1.2353 Acc: 0.46 
Ep 82/100 | TR Loss: 0.2414 Acc: 0.90 | VAL Loss: 1.1822 Acc: 0.54 
Ep 83/100 | TR Loss: 0.2900 Acc: 0.88 | VAL Loss: 1.3742 Acc: 0.46 
Ep 84/100 | TR Loss: 0.2116 Acc: 0.93 | VAL Loss: 1.1575 Acc: 0.50 
Ep 85/100 | TR Loss: 0.2759 Acc: 0.89 | VAL Loss: 1.2699 Acc: 0.50 
Ep 86/100 | TR Loss: 0.2533 Acc: 0.92 | VAL Loss: 1.2230 Acc: 0.52 
Ep 87/100 | TR Loss: 0.3268 Acc: 0.86 | VAL Loss: 1.2798 Acc: 0.52 
Ep 88/100 | TR Loss: 0.2658 Acc: 0.90 | VAL Loss: 1.2832 Acc: 0.46 
Ep 89/100 | TR Loss: 0.2310 Acc: 0.91 | VAL Loss: 1.2290 Acc: 0.50 
Ep 90/100 | TR Loss: 0.2767 Acc: 0.90 | VAL Loss: 1.4770 Acc: 0.56 
Ep 91/100 | TR Loss: 0.2861 Acc: 0.89 | VAL Loss: 1.2736 Acc: 0.46 
Ep 92/100 | TR Loss: 0.2582 Acc: 0.89 | VAL Loss: 1.2380 Acc: 0.48 
Ep 93/100 | TR Loss: 0.2951 Acc: 0.87 | VAL Loss: 1.2499 Acc: 0.54 
Ep 94/100 | TR Loss: 0.3161 Acc: 0.85 | VAL Loss: 1.3386 Acc: 0.50 
Ep 95/100 | TR Loss: 0.3041 Acc: 0.88 | VAL Loss: 1.2650 Acc: 0.52 
Ep 96/100 | TR Loss: 0.3705 Acc: 0.84 | VAL Loss: 1.2713 Acc: 0.58 
Ep 97/100 | TR Loss: 0.2969 Acc: 0.87 | VAL Loss: 1.3257 Acc: 0.46 
Ep 98/100 | TR Loss: 0.3169 Acc: 0.86 | VAL Loss: 1.2394 Acc: 0.54 
Ep 99/100 | TR Loss: 0.3113 Acc: 0.87 | VAL Loss: 1.2093 Acc: 0.60 
Ep 100/100 | TR Loss: 0.3378 Acc: 0.85 | VAL Loss: 1.3090 Acc: 0.50 
[*] Training plots saved to: output_qnlp/job_1094748/training_metrics.png

==================================================
BEST MODEL TEST SET EVALUATION (MULTIPLE THRESHOLDS)
==================================================
Threshold  | Acc      | Prec     | Rec      | F1      
--------------------------------------------------
0.30       | 0.52     | 0.65     | 0.55     | 0.59     
0.40       | 0.52     | 0.67     | 0.48     | 0.56     
0.50       | 0.51     | 0.71     | 0.39     | 0.51     <-- (Arg)
0.60       | 0.50     | 0.77     | 0.31     | 0.44     
0.70       | 0.47     | 0.79     | 0.23     | 0.36     
==================================================

========================================
End    : Fri May 22 05:30:32 +03 2026
Output : output_qnlp/job_1094748
total 437K
-rw-r--r-- 1 aerturk23 hpcusers 288K May 22 05:20 best_model.pth
-rw-r--r-- 1 aerturk23 hpcusers  292 May 22 05:18 config.json
-rw-r--r-- 1 aerturk23 hpcusers  14K May 22 05:30 history.json
-rw-r--r-- 1 aerturk23 hpcusers  966 May 22 05:26 output.err
-rw-r--r-- 1 aerturk23 hpcusers 8.2K May 22 05:28 output.log
-rw-r--r-- 1 aerturk23 hpcusers 126K May 22  2026 training_metrics.png
========================================
