========================================
Job ID : 1094742
Start  : Fri May 22 04:41:31 +03 2026
GPU    : Tesla T4
========================================
--- Classical LSTM Script starting ---
[*] Configuration saved to: output_classical/job_1094742/config.json
========================================
MODEL                 : CLASSICAL LSTM
DATA SOURCE SELECTION : SST2
TRAINING SIZE         : 250
VALIDATION SIZE       : 50
TEST SIZE             : 100
WEIGHT DECAY          : 0.0001
DROPOUT RATE          : 0.5
CLASSIFICATION THRESHOLD : 0.5
BATCH SIZE            : 16
EMBED/HIDDEN DIMS     : 16 / 32
========================================

--- Preparing Dataset and Tokenization ---
[*] REAL DATASET SIZES -> Train: 250 | Val: 50 | Test: 100
--- Initializing Classical Model ---

--- Starting Classical LSTM Training (Epochs: 100) ---
Ep 01/100 | TR Loss: 0.6606 Acc: 0.65 | VAL Loss: 0.6561 Acc: 0.56 *(Best)*
Ep 02/100 | TR Loss: 0.6294 Acc: 0.65 | VAL Loss: 0.6949 Acc: 0.56 
Ep 03/100 | TR Loss: 0.5836 Acc: 0.67 | VAL Loss: 0.7380 Acc: 0.58 
Ep 04/100 | TR Loss: 0.4521 Acc: 0.80 | VAL Loss: 1.0108 Acc: 0.48 
Ep 05/100 | TR Loss: 0.3122 Acc: 0.88 | VAL Loss: 0.8372 Acc: 0.56 
Ep 06/100 | TR Loss: 0.2106 Acc: 0.94 | VAL Loss: 1.2706 Acc: 0.56 
Ep 07/100 | TR Loss: 0.0927 Acc: 0.97 | VAL Loss: 1.1270 Acc: 0.60 
Ep 08/100 | TR Loss: 0.0380 Acc: 0.99 | VAL Loss: 1.5183 Acc: 0.60 
Ep 09/100 | TR Loss: 0.0088 Acc: 1.00 | VAL Loss: 1.7943 Acc: 0.60 
Ep 10/100 | TR Loss: 0.0020 Acc: 1.00 | VAL Loss: 1.8818 Acc: 0.62 
Ep 11/100 | TR Loss: 0.0019 Acc: 1.00 | VAL Loss: 1.8973 Acc: 0.62 
Ep 12/100 | TR Loss: 0.0011 Acc: 1.00 | VAL Loss: 1.8615 Acc: 0.66 
Ep 13/100 | TR Loss: 0.0008 Acc: 1.00 | VAL Loss: 1.8611 Acc: 0.64 
Ep 14/100 | TR Loss: 0.0008 Acc: 1.00 | VAL Loss: 1.8605 Acc: 0.62 
Ep 15/100 | TR Loss: 0.0008 Acc: 1.00 | VAL Loss: 1.8583 Acc: 0.62 
Ep 16/100 | TR Loss: 0.0007 Acc: 1.00 | VAL Loss: 1.8553 Acc: 0.62 
Ep 17/100 | TR Loss: 0.0007 Acc: 1.00 | VAL Loss: 1.8497 Acc: 0.62 
Ep 18/100 | TR Loss: 0.0007 Acc: 1.00 | VAL Loss: 1.8443 Acc: 0.62 
Ep 19/100 | TR Loss: 0.0007 Acc: 1.00 | VAL Loss: 1.8371 Acc: 0.62 
Ep 20/100 | TR Loss: 0.0006 Acc: 1.00 | VAL Loss: 1.8304 Acc: 0.62 
Ep 21/100 | TR Loss: 0.0006 Acc: 1.00 | VAL Loss: 1.8256 Acc: 0.62 
Ep 22/100 | TR Loss: 0.0006 Acc: 1.00 | VAL Loss: 1.8132 Acc: 0.62 
Ep 23/100 | TR Loss: 0.0006 Acc: 1.00 | VAL Loss: 1.8082 Acc: 0.60 
Ep 24/100 | TR Loss: 0.0006 Acc: 1.00 | VAL Loss: 1.8091 Acc: 0.58 
Ep 25/100 | TR Loss: 0.0006 Acc: 1.00 | VAL Loss: 1.8022 Acc: 0.56 
Ep 26/100 | TR Loss: 0.0005 Acc: 1.00 | VAL Loss: 1.7882 Acc: 0.58 
Ep 27/100 | TR Loss: 0.0005 Acc: 1.00 | VAL Loss: 1.7783 Acc: 0.58 
Ep 28/100 | TR Loss: 0.0005 Acc: 1.00 | VAL Loss: 1.7722 Acc: 0.60 
Ep 29/100 | TR Loss: 0.0005 Acc: 1.00 | VAL Loss: 1.7817 Acc: 0.58 
Ep 30/100 | TR Loss: 0.0005 Acc: 1.00 | VAL Loss: 1.7758 Acc: 0.56 
Ep 31/100 | TR Loss: 0.0005 Acc: 1.00 | VAL Loss: 1.7897 Acc: 0.58 
Ep 32/100 | TR Loss: 0.0004 Acc: 1.00 | VAL Loss: 1.8008 Acc: 0.56 
Ep 33/100 | TR Loss: 0.0004 Acc: 1.00 | VAL Loss: 1.7977 Acc: 0.56 
Ep 34/100 | TR Loss: 0.0004 Acc: 1.00 | VAL Loss: 1.8146 Acc: 0.54 
Ep 35/100 | TR Loss: 0.0004 Acc: 1.00 | VAL Loss: 1.8377 Acc: 0.54 
Ep 36/100 | TR Loss: 0.0004 Acc: 1.00 | VAL Loss: 1.8409 Acc: 0.54 
Ep 37/100 | TR Loss: 0.0004 Acc: 1.00 | VAL Loss: 1.8499 Acc: 0.54 
Ep 38/100 | TR Loss: 0.0004 Acc: 1.00 | VAL Loss: 1.8786 Acc: 0.54 
Ep 39/100 | TR Loss: 0.0004 Acc: 1.00 | VAL Loss: 1.9019 Acc: 0.54 
Ep 40/100 | TR Loss: 0.0003 Acc: 1.00 | VAL Loss: 1.8999 Acc: 0.54 
Ep 41/100 | TR Loss: 0.0003 Acc: 1.00 | VAL Loss: 1.9094 Acc: 0.54 
Ep 42/100 | TR Loss: 0.0003 Acc: 1.00 | VAL Loss: 1.9272 Acc: 0.54 
Ep 43/100 | TR Loss: 0.0003 Acc: 1.00 | VAL Loss: 1.9494 Acc: 0.54 
Ep 44/100 | TR Loss: 0.0003 Acc: 1.00 | VAL Loss: 1.9346 Acc: 0.54 
Ep 45/100 | TR Loss: 0.0003 Acc: 1.00 | VAL Loss: 1.9515 Acc: 0.54 
Ep 46/100 | TR Loss: 0.0003 Acc: 1.00 | VAL Loss: 1.9702 Acc: 0.54 
Ep 47/100 | TR Loss: 0.0003 Acc: 1.00 | VAL Loss: 1.9633 Acc: 0.56 
Ep 48/100 | TR Loss: 0.0003 Acc: 1.00 | VAL Loss: 1.9801 Acc: 0.56 
Ep 49/100 | TR Loss: 0.0003 Acc: 1.00 | VAL Loss: 1.9786 Acc: 0.56 
Ep 50/100 | TR Loss: 0.0003 Acc: 1.00 | VAL Loss: 2.0028 Acc: 0.56 
Ep 51/100 | TR Loss: 0.0003 Acc: 1.00 | VAL Loss: 1.9809 Acc: 0.56 
Ep 52/100 | TR Loss: 0.0003 Acc: 1.00 | VAL Loss: 2.0132 Acc: 0.56 
Ep 53/100 | TR Loss: 0.0003 Acc: 1.00 | VAL Loss: 2.0028 Acc: 0.56 
Ep 54/100 | TR Loss: 0.0003 Acc: 1.00 | VAL Loss: 1.9889 Acc: 0.56 
Ep 55/100 | TR Loss: 0.0003 Acc: 1.00 | VAL Loss: 2.0082 Acc: 0.56 
Ep 56/100 | TR Loss: 0.0003 Acc: 1.00 | VAL Loss: 2.0025 Acc: 0.56 
Ep 57/100 | TR Loss: 0.0003 Acc: 1.00 | VAL Loss: 1.9939 Acc: 0.56 
Ep 58/100 | TR Loss: 0.0003 Acc: 1.00 | VAL Loss: 1.9988 Acc: 0.56 
Ep 59/100 | TR Loss: 0.0002 Acc: 1.00 | VAL Loss: 2.0076 Acc: 0.56 
Ep 60/100 | TR Loss: 0.0003 Acc: 1.00 | VAL Loss: 2.0186 Acc: 0.56 
Ep 61/100 | TR Loss: 0.0002 Acc: 1.00 | VAL Loss: 2.0064 Acc: 0.56 
Ep 62/100 | TR Loss: 0.0003 Acc: 1.00 | VAL Loss: 2.0089 Acc: 0.56 
Ep 63/100 | TR Loss: 0.0003 Acc: 1.00 | VAL Loss: 2.0363 Acc: 0.56 
Ep 64/100 | TR Loss: 0.0002 Acc: 1.00 | VAL Loss: 2.0557 Acc: 0.56 
Ep 65/100 | TR Loss: 0.0002 Acc: 1.00 | VAL Loss: 2.0124 Acc: 0.56 
Ep 66/100 | TR Loss: 0.0002 Acc: 1.00 | VAL Loss: 2.0207 Acc: 0.54 
Ep 67/100 | TR Loss: 0.0002 Acc: 1.00 | VAL Loss: 1.9778 Acc: 0.56 
Ep 68/100 | TR Loss: 0.0002 Acc: 1.00 | VAL Loss: 2.0002 Acc: 0.54 
Ep 69/100 | TR Loss: 0.0002 Acc: 1.00 | VAL Loss: 2.0317 Acc: 0.54 
Ep 70/100 | TR Loss: 0.0002 Acc: 1.00 | VAL Loss: 2.0319 Acc: 0.54 
Ep 71/100 | TR Loss: 0.0002 Acc: 1.00 | VAL Loss: 1.9903 Acc: 0.52 
Ep 72/100 | TR Loss: 0.0002 Acc: 1.00 | VAL Loss: 2.0347 Acc: 0.56 
Ep 73/100 | TR Loss: 0.0002 Acc: 1.00 | VAL Loss: 2.0174 Acc: 0.56 
Ep 74/100 | TR Loss: 0.0002 Acc: 1.00 | VAL Loss: 2.0349 Acc: 0.58 
Ep 75/100 | TR Loss: 0.0002 Acc: 1.00 | VAL Loss: 1.9905 Acc: 0.56 
Ep 76/100 | TR Loss: 0.0002 Acc: 1.00 | VAL Loss: 2.1325 Acc: 0.56 
Ep 77/100 | TR Loss: 0.0820 Acc: 0.98 | VAL Loss: 1.9457 Acc: 0.56 
Ep 78/100 | TR Loss: 0.2704 Acc: 0.92 | VAL Loss: 0.8316 Acc: 0.52 
Ep 79/100 | TR Loss: 0.1467 Acc: 0.94 | VAL Loss: 1.5880 Acc: 0.50 
Ep 80/100 | TR Loss: 0.0162 Acc: 1.00 | VAL Loss: 2.2379 Acc: 0.50 
Ep 81/100 | TR Loss: 0.0138 Acc: 1.00 | VAL Loss: 1.9880 Acc: 0.52 
Ep 82/100 | TR Loss: 0.0270 Acc: 1.00 | VAL Loss: 1.9207 Acc: 0.52 
Ep 83/100 | TR Loss: 0.0152 Acc: 1.00 | VAL Loss: 1.9400 Acc: 0.52 
Ep 84/100 | TR Loss: 0.0028 Acc: 1.00 | VAL Loss: 1.9582 Acc: 0.52 
Ep 85/100 | TR Loss: 0.0009 Acc: 1.00 | VAL Loss: 2.0194 Acc: 0.52 
Ep 86/100 | TR Loss: 0.0006 Acc: 1.00 | VAL Loss: 2.0339 Acc: 0.52 
Ep 87/100 | TR Loss: 0.0006 Acc: 1.00 | VAL Loss: 2.0481 Acc: 0.54 
Ep 88/100 | TR Loss: 0.0006 Acc: 1.00 | VAL Loss: 2.0733 Acc: 0.54 
Ep 89/100 | TR Loss: 0.0005 Acc: 1.00 | VAL Loss: 2.0911 Acc: 0.52 
Ep 90/100 | TR Loss: 0.0005 Acc: 1.00 | VAL Loss: 2.1309 Acc: 0.52 
Ep 91/100 | TR Loss: 0.0005 Acc: 1.00 | VAL Loss: 2.1626 Acc: 0.52 
Ep 92/100 | TR Loss: 0.0005 Acc: 1.00 | VAL Loss: 2.1973 Acc: 0.52 
Ep 93/100 | TR Loss: 0.0005 Acc: 1.00 | VAL Loss: 2.2175 Acc: 0.52 
Ep 94/100 | TR Loss: 0.0005 Acc: 1.00 | VAL Loss: 2.2485 Acc: 0.52 
Ep 95/100 | TR Loss: 0.0005 Acc: 1.00 | VAL Loss: 2.2590 Acc: 0.52 
Ep 96/100 | TR Loss: 0.0005 Acc: 1.00 | VAL Loss: 2.3019 Acc: 0.50 
Ep 97/100 | TR Loss: 0.0005 Acc: 1.00 | VAL Loss: 2.3146 Acc: 0.50 
Ep 98/100 | TR Loss: 0.0005 Acc: 1.00 | VAL Loss: 2.3253 Acc: 0.50 
Ep 99/100 | TR Loss: 0.0005 Acc: 1.00 | VAL Loss: 2.3393 Acc: 0.50 
Ep 100/100 | TR Loss: 0.0004 Acc: 1.00 | VAL Loss: 2.3600 Acc: 0.50 

==================================================
BEST MODEL TEST SET EVALUATION (MULTIPLE THRESHOLDS)
==================================================
Threshold  | Acc      | Prec     | Rec      | F1      
--------------------------------------------------
0.30       | 0.59     | 0.59     | 1.00     | 0.74     
0.40       | 0.59     | 0.59     | 1.00     | 0.74     
0.50       | 0.59     | 0.59     | 1.00     | 0.74     <-- (Arg)
0.60       | 0.56     | 0.58     | 0.95     | 0.72     
0.70       | 0.43     | 0.62     | 0.08     | 0.15     
==================================================

========================================
End    : Fri May 22 04:41:54 +03 2026
Output : output_classical/job_1094742
total 165K
-rw-r--r-- 1 aerturk23 hpcusers  74K May 22 04:41 best_model.pth
-rw-r--r-- 1 aerturk23 hpcusers  365 May 22 04:41 config.json
-rw-r--r-- 1 aerturk23 hpcusers  13K May 22 04:41 history.json
-rw-r--r-- 1 aerturk23 hpcusers  966 May 22 04:41 output.err
-rw-r--r-- 1 aerturk23 hpcusers 8.2K May 22 04:41 output.log
-rw-r--r-- 1 aerturk23 hpcusers  68K May 22  2026 training_metrics.png
========================================
