========================================
Job ID : 1094601
Start  : Fri May 22 00:25:04 +03 2026
GPU    : Tesla T4
========================================
--- Quantum QNLP Script starting ---
[*] Configuration saved to: output_qnlp/job_1094601/config.json
========================================
DATA SOURCE SELECTION : BACH
TRAINING SIZE         : 100
VALIDATION SIZE       : 50
TEST SIZE             : 100
WEIGHT DECAY          : 0.0001
CLASSIFICATION THRESHOLD : 0.5
QUANTUM LAYERS        : 2
========================================

--- Preparing Dataset ---
Generating DisCoCat grammar diagrams...
Generating quantum circuits (IQP Ansatz)...

--- Starting Quantum Model Training (Epochs: 100) ---
Ep 01/100 | TR Loss: 0.8392 Acc: 0.51 | VAL Loss: 0.7577 Acc: 0.56 *(Best)*
Ep 02/100 | TR Loss: 0.6992 Acc: 0.67 | VAL Loss: 0.8716 Acc: 0.52 
Ep 03/100 | TR Loss: 0.7668 Acc: 0.54 | VAL Loss: 0.6673 Acc: 0.56 *(Best)*
Ep 04/100 | TR Loss: 0.7010 Acc: 0.56 | VAL Loss: 0.8105 Acc: 0.62 
Ep 05/100 | TR Loss: 0.7133 Acc: 0.62 | VAL Loss: 0.6815 Acc: 0.54 
Ep 06/100 | TR Loss: 0.6111 Acc: 0.60 | VAL Loss: 0.8170 Acc: 0.54 
Ep 07/100 | TR Loss: 0.6168 Acc: 0.66 | VAL Loss: 0.9232 Acc: 0.54 
Ep 08/100 | TR Loss: 0.7304 Acc: 0.59 | VAL Loss: 0.8718 Acc: 0.44 
Ep 09/100 | TR Loss: 0.7485 Acc: 0.50 | VAL Loss: 0.6853 Acc: 0.60 
Ep 10/100 | TR Loss: 0.6793 Acc: 0.60 | VAL Loss: 0.6030 Acc: 0.62 *(Best)*
Ep 11/100 | TR Loss: 0.6269 Acc: 0.59 | VAL Loss: 0.6584 Acc: 0.60 
Ep 12/100 | TR Loss: 0.6057 Acc: 0.63 | VAL Loss: 0.6459 Acc: 0.54 
Ep 13/100 | TR Loss: 0.5603 Acc: 0.63 | VAL Loss: 0.6339 Acc: 0.58 
Ep 14/100 | TR Loss: 0.6678 Acc: 0.57 | VAL Loss: 0.6563 Acc: 0.54 
Ep 15/100 | TR Loss: 0.5566 Acc: 0.68 | VAL Loss: 0.7281 Acc: 0.60 
Ep 16/100 | TR Loss: 0.6875 Acc: 0.70 | VAL Loss: 0.6745 Acc: 0.68 
Ep 17/100 | TR Loss: 0.5269 Acc: 0.70 | VAL Loss: 0.6381 Acc: 0.64 
Ep 18/100 | TR Loss: 0.5910 Acc: 0.68 | VAL Loss: 0.6384 Acc: 0.56 
Ep 19/100 | TR Loss: 0.4890 Acc: 0.71 | VAL Loss: 0.8789 Acc: 0.48 
Ep 20/100 | TR Loss: 0.5611 Acc: 0.75 | VAL Loss: 0.6671 Acc: 0.56 
Ep 21/100 | TR Loss: 0.5494 Acc: 0.71 | VAL Loss: 0.7354 Acc: 0.52 
Ep 22/100 | TR Loss: 0.5384 Acc: 0.73 | VAL Loss: 0.7920 Acc: 0.54 
Ep 23/100 | TR Loss: 0.4792 Acc: 0.75 | VAL Loss: 0.7168 Acc: 0.60 
Ep 24/100 | TR Loss: 0.6892 Acc: 0.66 | VAL Loss: 0.8322 Acc: 0.52 
Ep 25/100 | TR Loss: 0.6648 Acc: 0.62 | VAL Loss: 0.7106 Acc: 0.62 
Ep 26/100 | TR Loss: 0.6086 Acc: 0.68 | VAL Loss: 0.7403 Acc: 0.54 
Ep 27/100 | TR Loss: 0.6348 Acc: 0.64 | VAL Loss: 0.7383 Acc: 0.56 
Ep 28/100 | TR Loss: 0.6265 Acc: 0.65 | VAL Loss: 0.8140 Acc: 0.60 
Ep 29/100 | TR Loss: 0.7603 Acc: 0.54 | VAL Loss: 0.7091 Acc: 0.60 
Ep 30/100 | TR Loss: 0.6017 Acc: 0.64 | VAL Loss: 0.7561 Acc: 0.56 
Ep 31/100 | TR Loss: 0.6389 Acc: 0.66 | VAL Loss: 0.7356 Acc: 0.52 
Ep 32/100 | TR Loss: 0.6792 Acc: 0.67 | VAL Loss: 0.9139 Acc: 0.56 
Ep 33/100 | TR Loss: 0.6729 Acc: 0.67 | VAL Loss: 0.8407 Acc: 0.60 
Ep 34/100 | TR Loss: 0.6498 Acc: 0.63 | VAL Loss: 0.8364 Acc: 0.50 
Ep 35/100 | TR Loss: 0.6618 Acc: 0.59 | VAL Loss: 0.7564 Acc: 0.54 
Ep 36/100 | TR Loss: 0.5963 Acc: 0.64 | VAL Loss: 0.9230 Acc: 0.46 
Ep 37/100 | TR Loss: 0.6229 Acc: 0.70 | VAL Loss: 0.8094 Acc: 0.50 
Ep 38/100 | TR Loss: 0.6253 Acc: 0.69 | VAL Loss: 0.7201 Acc: 0.48 
Ep 39/100 | TR Loss: 0.5974 Acc: 0.68 | VAL Loss: 0.6554 Acc: 0.64 
Ep 40/100 | TR Loss: 0.5143 Acc: 0.75 | VAL Loss: 0.6707 Acc: 0.52 
Ep 41/100 | TR Loss: 0.4831 Acc: 0.79 | VAL Loss: 0.7035 Acc: 0.48 
Ep 42/100 | TR Loss: 0.4812 Acc: 0.77 | VAL Loss: 0.7040 Acc: 0.46 
Ep 43/100 | TR Loss: 0.4627 Acc: 0.79 | VAL Loss: 0.7252 Acc: 0.50 
Ep 44/100 | TR Loss: 0.4668 Acc: 0.75 | VAL Loss: 0.7244 Acc: 0.52 
Ep 45/100 | TR Loss: 0.4850 Acc: 0.81 | VAL Loss: 0.7380 Acc: 0.54 
Ep 46/100 | TR Loss: 0.5753 Acc: 0.69 | VAL Loss: 0.8376 Acc: 0.64 
Ep 47/100 | TR Loss: 0.7081 Acc: 0.62 | VAL Loss: 0.6838 Acc: 0.52 
Ep 48/100 | TR Loss: 0.7386 Acc: 0.50 | VAL Loss: 0.7606 Acc: 0.58 
Ep 49/100 | TR Loss: 0.7289 Acc: 0.61 | VAL Loss: 0.6923 Acc: 0.68 
Ep 50/100 | TR Loss: 0.7864 Acc: 0.54 | VAL Loss: 0.7465 Acc: 0.50 
Ep 51/100 | TR Loss: 0.7881 Acc: 0.57 | VAL Loss: 0.7782 Acc: 0.52 
Ep 52/100 | TR Loss: 0.7225 Acc: 0.58 | VAL Loss: 0.9021 Acc: 0.50 
Ep 53/100 | TR Loss: 0.6578 Acc: 0.59 | VAL Loss: 0.7364 Acc: 0.66 
Ep 54/100 | TR Loss: 0.5444 Acc: 0.69 | VAL Loss: 0.6729 Acc: 0.60 
Ep 55/100 | TR Loss: 0.5106 Acc: 0.75 | VAL Loss: 0.8458 Acc: 0.62 
Ep 56/100 | TR Loss: 0.6432 Acc: 0.66 | VAL Loss: 0.9413 Acc: 0.42 
Ep 57/100 | TR Loss: 0.7243 Acc: 0.65 | VAL Loss: 0.8077 Acc: 0.46 
Ep 58/100 | TR Loss: 0.6455 Acc: 0.65 | VAL Loss: 0.7604 Acc: 0.52 
Ep 59/100 | TR Loss: 0.6730 Acc: 0.61 | VAL Loss: 0.5899 Acc: 0.68 *(Best)*
Ep 60/100 | TR Loss: 0.5766 Acc: 0.67 | VAL Loss: 0.5595 Acc: 0.70 *(Best)*
Ep 61/100 | TR Loss: 0.5252 Acc: 0.71 | VAL Loss: 0.5828 Acc: 0.72 
Ep 62/100 | TR Loss: 0.5243 Acc: 0.77 | VAL Loss: 0.6321 Acc: 0.66 
Ep 63/100 | TR Loss: 0.4763 Acc: 0.80 | VAL Loss: 0.6019 Acc: 0.56 
Ep 64/100 | TR Loss: 0.4814 Acc: 0.74 | VAL Loss: 0.5861 Acc: 0.60 
Ep 65/100 | TR Loss: 0.4706 Acc: 0.76 | VAL Loss: 0.5901 Acc: 0.64 
Ep 66/100 | TR Loss: 0.4716 Acc: 0.77 | VAL Loss: 0.6099 Acc: 0.64 
Ep 67/100 | TR Loss: 0.5247 Acc: 0.75 | VAL Loss: 0.6841 Acc: 0.66 
Ep 68/100 | TR Loss: 0.7481 Acc: 0.61 | VAL Loss: 0.7836 Acc: 0.42 
Ep 69/100 | TR Loss: 0.6252 Acc: 0.58 | VAL Loss: 1.0262 Acc: 0.46 
Ep 70/100 | TR Loss: 0.5304 Acc: 0.67 | VAL Loss: 0.9246 Acc: 0.58 
Ep 71/100 | TR Loss: 0.5283 Acc: 0.73 | VAL Loss: 0.9066 Acc: 0.50 
Ep 72/100 | TR Loss: 0.5129 Acc: 0.72 | VAL Loss: 0.8079 Acc: 0.54 
Ep 73/100 | TR Loss: 0.4540 Acc: 0.74 | VAL Loss: 0.8683 Acc: 0.54 
Ep 74/100 | TR Loss: 0.4880 Acc: 0.73 | VAL Loss: 0.7197 Acc: 0.54 
Ep 75/100 | TR Loss: 0.5372 Acc: 0.80 | VAL Loss: 0.6177 Acc: 0.66 
Ep 76/100 | TR Loss: 0.4763 Acc: 0.84 | VAL Loss: 0.6122 Acc: 0.64 
Ep 77/100 | TR Loss: 0.4178 Acc: 0.83 | VAL Loss: 0.6216 Acc: 0.60 
Ep 78/100 | TR Loss: 0.3978 Acc: 0.85 | VAL Loss: 0.5655 Acc: 0.68 
Ep 79/100 | TR Loss: 0.4554 Acc: 0.82 | VAL Loss: 0.7831 Acc: 0.42 
Ep 80/100 | TR Loss: 0.5695 Acc: 0.74 | VAL Loss: 0.7133 Acc: 0.62 
Ep 81/100 | TR Loss: 0.7494 Acc: 0.57 | VAL Loss: 0.7217 Acc: 0.62 
Ep 82/100 | TR Loss: 0.6344 Acc: 0.68 | VAL Loss: 1.0182 Acc: 0.52 
Ep 83/100 | TR Loss: 0.5790 Acc: 0.67 | VAL Loss: 0.8237 Acc: 0.48 
Ep 84/100 | TR Loss: 0.5360 Acc: 0.75 | VAL Loss: 0.7579 Acc: 0.46 
Ep 85/100 | TR Loss: 0.5040 Acc: 0.76 | VAL Loss: 0.8599 Acc: 0.50 
Ep 86/100 | TR Loss: 0.4455 Acc: 0.82 | VAL Loss: 0.8600 Acc: 0.48 
Ep 87/100 | TR Loss: 0.4175 Acc: 0.81 | VAL Loss: 0.7686 Acc: 0.50 
Ep 88/100 | TR Loss: 0.5102 Acc: 0.77 | VAL Loss: 0.6969 Acc: 0.66 
Ep 89/100 | TR Loss: 0.4315 Acc: 0.79 | VAL Loss: 0.6384 Acc: 0.70 
Ep 90/100 | TR Loss: 0.4068 Acc: 0.83 | VAL Loss: 0.6608 Acc: 0.66 
Ep 91/100 | TR Loss: 0.3806 Acc: 0.84 | VAL Loss: 0.6228 Acc: 0.62 
Ep 92/100 | TR Loss: 0.3665 Acc: 0.80 | VAL Loss: 0.6988 Acc: 0.58 
Ep 93/100 | TR Loss: 0.3529 Acc: 0.80 | VAL Loss: 0.6799 Acc: 0.62 
Ep 94/100 | TR Loss: 0.3470 Acc: 0.80 | VAL Loss: 0.6862 Acc: 0.60 
Ep 95/100 | TR Loss: 0.3531 Acc: 0.81 | VAL Loss: 0.6407 Acc: 0.62 
Ep 96/100 | TR Loss: 0.3415 Acc: 0.82 | VAL Loss: 0.6774 Acc: 0.60 
Ep 97/100 | TR Loss: 0.3528 Acc: 0.80 | VAL Loss: 0.6140 Acc: 0.62 
Ep 98/100 | TR Loss: 0.3543 Acc: 0.84 | VAL Loss: 0.6392 Acc: 0.60 
Ep 99/100 | TR Loss: 0.3536 Acc: 0.86 | VAL Loss: 0.6324 Acc: 0.64 
Ep 100/100 | TR Loss: 0.2950 Acc: 0.86 | VAL Loss: 0.5767 Acc: 0.64 
[*] Training plots saved to: output_qnlp/job_1094601/training_metrics.png

==================================================
BEST MODEL TEST SET EVALUATION (MULTIPLE THRESHOLDS)
==================================================
Threshold  | Acc      | Prec     | Rec      | F1      
--------------------------------------------------
0.30       | 0.51     | 0.50     | 0.88     | 0.64     
0.40       | 0.53     | 0.51     | 0.78     | 0.62     
0.50       | 0.55     | 0.54     | 0.61     | 0.57     <-- (Arg)
0.60       | 0.58     | 0.61     | 0.39     | 0.47     
0.70       | 0.58     | 0.73     | 0.22     | 0.34     
==================================================

========================================
End    : Fri May 22 21:22:31 +03 2026
Output : output_qnlp/job_1094601
total 240K
-rw-r--r-- 1 aerturk23 hpcusers  46K May 22 13:50 best_model.pth
-rw-r--r-- 1 aerturk23 hpcusers  291 May 22 00:25 config.json
-rw-r--r-- 1 aerturk23 hpcusers  14K May 22 21:13 history.json
-rw-r--r-- 1 aerturk23 hpcusers  966 May 22 21:14 output.err
-rw-r--r-- 1 aerturk23 hpcusers 8.2K May 22  2026 output.log
-rw-r--r-- 1 aerturk23 hpcusers 170K May 22 21:13 training_metrics.png
========================================
