========================================
Job ID : 1094808
Start  : Fri May 22 07:10:48 +03 2026
GPU    : Tesla T4
========================================
--- Quantum QNLP Script starting ---
[*] Configuration saved to: output_qnlp/job_1094808/config.json
========================================
DATA SOURCE SELECTION : SYNTHETIC
TRAINING SIZE         : 100
VALIDATION SIZE       : 50
TEST SIZE             : 100
WEIGHT DECAY          : 0.0001
CLASSIFICATION THRESHOLD : 0.5
QUANTUM LAYERS        : 1
========================================

--- Preparing Dataset ---
Generating DisCoCat grammar diagrams...
Generating quantum circuits (IQP Ansatz)...

--- Starting Quantum Model Training (Epochs: 100) ---
Ep 01/100 | TR Loss: 0.6550 Acc: 0.68 | VAL Loss: 0.5321 Acc: 0.70 *(Best)*
Ep 02/100 | TR Loss: 0.3413 Acc: 0.89 | VAL Loss: 0.2928 Acc: 0.84 *(Best)*
Ep 03/100 | TR Loss: 0.1022 Acc: 1.00 | VAL Loss: 0.0938 Acc: 1.00 *(Best)*
Ep 04/100 | TR Loss: 0.0348 Acc: 1.00 | VAL Loss: 0.0294 Acc: 1.00 *(Best)*
Ep 05/100 | TR Loss: 0.0205 Acc: 1.00 | VAL Loss: 0.0089 Acc: 1.00 *(Best)*
Ep 06/100 | TR Loss: 0.0088 Acc: 1.00 | VAL Loss: 0.0043 Acc: 1.00 *(Best)*
Ep 07/100 | TR Loss: 0.0036 Acc: 1.00 | VAL Loss: 0.0025 Acc: 1.00 *(Best)*
Ep 08/100 | TR Loss: 0.0015 Acc: 1.00 | VAL Loss: 0.0009 Acc: 1.00 *(Best)*
Ep 09/100 | TR Loss: 0.0006 Acc: 1.00 | VAL Loss: 0.0002 Acc: 1.00 *(Best)*
Ep 10/100 | TR Loss: 0.0003 Acc: 1.00 | VAL Loss: 0.0001 Acc: 1.00 *(Best)*
Ep 11/100 | TR Loss: 0.0001 Acc: 1.00 | VAL Loss: 0.0001 Acc: 1.00 *(Best)*
Ep 12/100 | TR Loss: 0.0001 Acc: 1.00 | VAL Loss: 0.0000 Acc: 1.00 *(Best)*
Ep 13/100 | TR Loss: 0.0001 Acc: 1.00 | VAL Loss: 0.0001 Acc: 1.00 
Ep 14/100 | TR Loss: 0.0000 Acc: 1.00 | VAL Loss: 0.0000 Acc: 1.00 *(Best)*
Ep 15/100 | TR Loss: 0.0001 Acc: 1.00 | VAL Loss: 0.0001 Acc: 1.00 
Ep 16/100 | TR Loss: 0.0002 Acc: 1.00 | VAL Loss: 0.0002 Acc: 1.00 
Ep 17/100 | TR Loss: 0.0005 Acc: 1.00 | VAL Loss: 0.0007 Acc: 1.00 
Ep 18/100 | TR Loss: 0.0012 Acc: 1.00 | VAL Loss: 0.0022 Acc: 1.00 
Ep 19/100 | TR Loss: 0.0038 Acc: 1.00 | VAL Loss: 0.0071 Acc: 1.00 
Ep 20/100 | TR Loss: 0.0121 Acc: 1.00 | VAL Loss: 0.0163 Acc: 1.00 
Ep 21/100 | TR Loss: 0.0393 Acc: 1.00 | VAL Loss: 0.0424 Acc: 1.00 
Ep 22/100 | TR Loss: 0.1862 Acc: 0.98 | VAL Loss: 0.1559 Acc: 1.00 
Ep 23/100 | TR Loss: 0.2070 Acc: 0.95 | VAL Loss: 0.1656 Acc: 1.00 
Ep 24/100 | TR Loss: 0.1368 Acc: 0.95 | VAL Loss: 0.0542 Acc: 1.00 
Ep 25/100 | TR Loss: 0.0461 Acc: 1.00 | VAL Loss: 0.0350 Acc: 1.00 
Ep 26/100 | TR Loss: 0.0408 Acc: 1.00 | VAL Loss: 0.0203 Acc: 1.00 
Ep 27/100 | TR Loss: 0.0430 Acc: 1.00 | VAL Loss: 0.0208 Acc: 1.00 
Ep 28/100 | TR Loss: 0.0364 Acc: 1.00 | VAL Loss: 0.0347 Acc: 1.00 
Ep 29/100 | TR Loss: 0.0445 Acc: 1.00 | VAL Loss: 0.0106 Acc: 1.00 
Ep 30/100 | TR Loss: 0.0536 Acc: 1.00 | VAL Loss: 0.0290 Acc: 1.00 
Ep 31/100 | TR Loss: 0.0445 Acc: 1.00 | VAL Loss: 0.0094 Acc: 1.00 
Ep 32/100 | TR Loss: 0.0319 Acc: 1.00 | VAL Loss: 0.0376 Acc: 1.00 
Ep 33/100 | TR Loss: 0.0436 Acc: 1.00 | VAL Loss: 0.0150 Acc: 1.00 
Ep 34/100 | TR Loss: 0.0218 Acc: 1.00 | VAL Loss: 0.0169 Acc: 1.00 
Ep 35/100 | TR Loss: 0.0114 Acc: 1.00 | VAL Loss: 0.0107 Acc: 1.00 
Ep 36/100 | TR Loss: 0.0083 Acc: 1.00 | VAL Loss: 0.0041 Acc: 1.00 
Ep 37/100 | TR Loss: 0.0110 Acc: 1.00 | VAL Loss: 0.0055 Acc: 1.00 
Ep 38/100 | TR Loss: 0.0158 Acc: 1.00 | VAL Loss: 0.0178 Acc: 1.00 
Ep 39/100 | TR Loss: 0.0291 Acc: 1.00 | VAL Loss: 0.0382 Acc: 1.00 
Ep 40/100 | TR Loss: 0.0657 Acc: 1.00 | VAL Loss: 0.0646 Acc: 1.00 
Ep 41/100 | TR Loss: 0.2707 Acc: 0.91 | VAL Loss: 0.6432 Acc: 0.74 
Ep 42/100 | TR Loss: 0.6507 Acc: 0.65 | VAL Loss: 0.6422 Acc: 0.72 
Ep 43/100 | TR Loss: 0.8796 Acc: 0.60 | VAL Loss: 0.7677 Acc: 0.58 
Ep 44/100 | TR Loss: 0.7200 Acc: 0.64 | VAL Loss: 0.8951 Acc: 0.30 
Ep 45/100 | TR Loss: 0.8017 Acc: 0.46 | VAL Loss: 0.7678 Acc: 0.52 
Ep 46/100 | TR Loss: 0.8240 Acc: 0.44 | VAL Loss: 0.7805 Acc: 0.44 
Ep 47/100 | TR Loss: 0.7623 Acc: 0.56 | VAL Loss: 0.4491 Acc: 0.80 
Ep 48/100 | TR Loss: 0.1998 Acc: 0.97 | VAL Loss: 0.0724 Acc: 1.00 
Ep 49/100 | TR Loss: 0.0581 Acc: 1.00 | VAL Loss: 0.0370 Acc: 1.00 
Ep 50/100 | TR Loss: 0.0167 Acc: 1.00 | VAL Loss: 0.0109 Acc: 1.00 
Ep 51/100 | TR Loss: 0.0045 Acc: 1.00 | VAL Loss: 0.0037 Acc: 1.00 
Ep 52/100 | TR Loss: 0.0015 Acc: 1.00 | VAL Loss: 0.0011 Acc: 1.00 
Ep 53/100 | TR Loss: 0.0004 Acc: 1.00 | VAL Loss: 0.0002 Acc: 1.00 
Ep 54/100 | TR Loss: 0.0001 Acc: 1.00 | VAL Loss: 0.0001 Acc: 1.00 
Ep 55/100 | TR Loss: 0.0000 Acc: 1.00 | VAL Loss: 0.0000 Acc: 1.00 
Ep 56/100 | TR Loss: 0.0000 Acc: 1.00 | VAL Loss: 0.0000 Acc: 1.00 *(Best)*
Ep 57/100 | TR Loss: 0.0000 Acc: 1.00 | VAL Loss: 0.0000 Acc: 1.00 *(Best)*
Ep 58/100 | TR Loss: 0.0000 Acc: 1.00 | VAL Loss: 0.0000 Acc: 1.00 *(Best)*
Ep 59/100 | TR Loss: 0.0000 Acc: 1.00 | VAL Loss: 0.0000 Acc: 1.00 *(Best)*
Ep 60/100 | TR Loss: 0.0000 Acc: 1.00 | VAL Loss: 0.0000 Acc: 1.00 *(Best)*
Ep 61/100 | TR Loss: 0.0000 Acc: 1.00 | VAL Loss: 0.0000 Acc: 1.00 
Ep 62/100 | TR Loss: 0.0000 Acc: 1.00 | VAL Loss: 0.0000 Acc: 1.00 *(Best)*
Ep 63/100 | TR Loss: 0.0000 Acc: 1.00 | VAL Loss: 0.0000 Acc: 1.00 
Ep 64/100 | TR Loss: 0.0000 Acc: 1.00 | VAL Loss: 0.0000 Acc: 1.00 
Ep 65/100 | TR Loss: 0.0000 Acc: 1.00 | VAL Loss: 0.0000 Acc: 1.00 
Ep 66/100 | TR Loss: 0.0000 Acc: 1.00 | VAL Loss: 0.0000 Acc: 1.00 
Ep 67/100 | TR Loss: 0.0000 Acc: 1.00 | VAL Loss: 0.0000 Acc: 1.00 
Ep 68/100 | TR Loss: 0.0000 Acc: 1.00 | VAL Loss: 0.0000 Acc: 1.00 
Ep 69/100 | TR Loss: 0.0000 Acc: 1.00 | VAL Loss: 0.0000 Acc: 1.00 
Ep 70/100 | TR Loss: 0.0000 Acc: 1.00 | VAL Loss: 0.0000 Acc: 1.00 
Ep 71/100 | TR Loss: 0.0000 Acc: 1.00 | VAL Loss: 0.0000 Acc: 1.00 
Ep 72/100 | TR Loss: 0.0000 Acc: 1.00 | VAL Loss: 0.0000 Acc: 1.00 
Ep 73/100 | TR Loss: 0.0000 Acc: 1.00 | VAL Loss: 0.0000 Acc: 1.00 
Ep 74/100 | TR Loss: 0.0000 Acc: 1.00 | VAL Loss: 0.0000 Acc: 1.00 
Ep 75/100 | TR Loss: 0.0000 Acc: 1.00 | VAL Loss: 0.0000 Acc: 1.00 
Ep 76/100 | TR Loss: 0.0000 Acc: 1.00 | VAL Loss: 0.0000 Acc: 1.00 
Ep 77/100 | TR Loss: 0.0000 Acc: 1.00 | VAL Loss: 0.0000 Acc: 1.00 
Ep 78/100 | TR Loss: 0.0000 Acc: 1.00 | VAL Loss: 0.0000 Acc: 1.00 
Ep 79/100 | TR Loss: 0.0000 Acc: 1.00 | VAL Loss: 0.0000 Acc: 1.00 
Ep 80/100 | TR Loss: 0.0000 Acc: 1.00 | VAL Loss: 0.0000 Acc: 1.00 
Ep 81/100 | TR Loss: 0.0000 Acc: 1.00 | VAL Loss: 0.0000 Acc: 1.00 
Ep 82/100 | TR Loss: 0.0000 Acc: 1.00 | VAL Loss: 0.0000 Acc: 1.00 
Ep 83/100 | TR Loss: 0.0000 Acc: 1.00 | VAL Loss: 0.0000 Acc: 1.00 
Ep 84/100 | TR Loss: 0.0000 Acc: 1.00 | VAL Loss: 0.0000 Acc: 1.00 
Ep 85/100 | TR Loss: 0.0000 Acc: 1.00 | VAL Loss: 0.0000 Acc: 1.00 
Ep 86/100 | TR Loss: 0.0000 Acc: 1.00 | VAL Loss: 0.0000 Acc: 1.00 
Ep 87/100 | TR Loss: 0.0000 Acc: 1.00 | VAL Loss: 0.0000 Acc: 1.00 
Ep 88/100 | TR Loss: 0.0000 Acc: 1.00 | VAL Loss: 0.0000 Acc: 1.00 
Ep 89/100 | TR Loss: 0.0000 Acc: 1.00 | VAL Loss: 0.0000 Acc: 1.00 
Ep 90/100 | TR Loss: 0.0000 Acc: 1.00 | VAL Loss: 0.0000 Acc: 1.00 
Ep 91/100 | TR Loss: 0.0001 Acc: 1.00 | VAL Loss: 0.0001 Acc: 1.00 
Ep 92/100 | TR Loss: 0.0001 Acc: 1.00 | VAL Loss: 0.0001 Acc: 1.00 
Ep 93/100 | TR Loss: 0.0003 Acc: 1.00 | VAL Loss: 0.0003 Acc: 1.00 
Ep 94/100 | TR Loss: 0.0008 Acc: 1.00 | VAL Loss: 0.0008 Acc: 1.00 
Ep 95/100 | TR Loss: 0.0020 Acc: 1.00 | VAL Loss: 0.0033 Acc: 1.00 
Ep 96/100 | TR Loss: 0.0043 Acc: 1.00 | VAL Loss: 0.0052 Acc: 1.00 
Ep 97/100 | TR Loss: 0.0089 Acc: 1.00 | VAL Loss: 0.0109 Acc: 1.00 
Ep 98/100 | TR Loss: 0.0188 Acc: 1.00 | VAL Loss: 0.0144 Acc: 1.00 
Ep 99/100 | TR Loss: 0.0227 Acc: 1.00 | VAL Loss: 0.0099 Acc: 1.00 
Ep 100/100 | TR Loss: 0.0187 Acc: 1.00 | VAL Loss: 0.0128 Acc: 1.00 
[*] Training plots saved to: output_qnlp/job_1094808/training_metrics.png

==================================================
BEST MODEL TEST SET EVALUATION (MULTIPLE THRESHOLDS)
==================================================
Threshold  | Acc      | Prec     | Rec      | F1      
--------------------------------------------------
0.30       | 1.00     | 1.00     | 1.00     | 1.00     
0.40       | 1.00     | 1.00     | 1.00     | 1.00     
0.50       | 1.00     | 1.00     | 1.00     | 1.00     <-- (Arg)
0.60       | 1.00     | 1.00     | 1.00     | 1.00     
0.70       | 1.00     | 1.00     | 1.00     | 1.00     
==================================================

========================================
End    : Fri May 22 07:14:08 +03 2026
Output : output_qnlp/job_1094808
total 113K
-rw-r--r-- 1 aerturk23 hpcusers 6.0K May 22 07:13 best_model.pth
-rw-r--r-- 1 aerturk23 hpcusers  298 May 22 07:10 config.json
-rw-r--r-- 1 aerturk23 hpcusers  12K May 22 07:14 history.json
-rw-r--r-- 1 aerturk23 hpcusers  966 May 22  2026 output.err
-rw-r--r-- 1 aerturk23 hpcusers 8.3K May 22  2026 output.log
-rw-r--r-- 1 aerturk23 hpcusers  85K May 22 07:14 training_metrics.png
========================================
