========================================
Job ID : 1094723
Start  : Fri May 22 03:28:21 +03 2026
GPU    : Tesla T4
========================================
--- Quantum QNLP Script starting ---
[*] Configuration saved to: output_qnlp/job_1094723/config.json
========================================
DATA SOURCE SELECTION : SST2
TRAINING SIZE         : 100
VALIDATION SIZE       : 50
TEST SIZE             : 100
WEIGHT DECAY          : 0.0001
CLASSIFICATION THRESHOLD : 0.5
QUANTUM LAYERS        : 2
========================================

--- Preparing Dataset ---
Generating DisCoCat grammar diagrams...
Generating quantum circuits (IQP Ansatz)...

--- Starting Quantum Model Training (Epochs: 100) ---
Ep 01/100 | TR Loss: 0.8544 Acc: 0.59 | VAL Loss: 0.8466 Acc: 0.54 *(Best)*
Ep 02/100 | TR Loss: 0.6873 Acc: 0.55 | VAL Loss: 0.8440 Acc: 0.60 *(Best)*
Ep 03/100 | TR Loss: 0.6055 Acc: 0.66 | VAL Loss: 0.8178 Acc: 0.64 *(Best)*
Ep 04/100 | TR Loss: 0.5569 Acc: 0.71 | VAL Loss: 0.7382 Acc: 0.66 *(Best)*
Ep 05/100 | TR Loss: 0.4444 Acc: 0.80 | VAL Loss: 0.7323 Acc: 0.62 *(Best)*
Ep 06/100 | TR Loss: 0.4889 Acc: 0.78 | VAL Loss: 0.7802 Acc: 0.58 
Ep 07/100 | TR Loss: 0.3907 Acc: 0.76 | VAL Loss: 0.8134 Acc: 0.52 
Ep 08/100 | TR Loss: 0.3432 Acc: 0.82 | VAL Loss: 0.8350 Acc: 0.54 
Ep 09/100 | TR Loss: 0.3034 Acc: 0.88 | VAL Loss: 0.7834 Acc: 0.50 
Ep 10/100 | TR Loss: 0.3181 Acc: 0.87 | VAL Loss: 0.8369 Acc: 0.50 
Ep 11/100 | TR Loss: 0.2826 Acc: 0.91 | VAL Loss: 0.8882 Acc: 0.48 
Ep 12/100 | TR Loss: 0.2717 Acc: 0.88 | VAL Loss: 0.8816 Acc: 0.46 
Ep 13/100 | TR Loss: 0.2592 Acc: 0.88 | VAL Loss: 0.9438 Acc: 0.46 
Ep 14/100 | TR Loss: 0.2597 Acc: 0.89 | VAL Loss: 0.9321 Acc: 0.50 
Ep 15/100 | TR Loss: 0.2235 Acc: 0.93 | VAL Loss: 0.9453 Acc: 0.56 
Ep 16/100 | TR Loss: 0.1762 Acc: 0.95 | VAL Loss: 0.9946 Acc: 0.56 
Ep 17/100 | TR Loss: 0.1536 Acc: 0.96 | VAL Loss: 0.9357 Acc: 0.56 
Ep 18/100 | TR Loss: 0.1454 Acc: 0.97 | VAL Loss: 0.9319 Acc: 0.54 
Ep 19/100 | TR Loss: 0.1403 Acc: 0.96 | VAL Loss: 0.9092 Acc: 0.54 
Ep 20/100 | TR Loss: 0.1189 Acc: 0.97 | VAL Loss: 0.9177 Acc: 0.54 
Ep 21/100 | TR Loss: 0.1035 Acc: 0.98 | VAL Loss: 0.8925 Acc: 0.56 
Ep 22/100 | TR Loss: 0.0878 Acc: 1.00 | VAL Loss: 0.9184 Acc: 0.50 
Ep 23/100 | TR Loss: 0.0778 Acc: 1.00 | VAL Loss: 0.9297 Acc: 0.50 
Ep 24/100 | TR Loss: 0.0835 Acc: 1.00 | VAL Loss: 0.9946 Acc: 0.52 
Ep 25/100 | TR Loss: 0.0725 Acc: 1.00 | VAL Loss: 0.9596 Acc: 0.46 
Ep 26/100 | TR Loss: 0.0653 Acc: 1.00 | VAL Loss: 0.9180 Acc: 0.50 
Ep 27/100 | TR Loss: 0.1078 Acc: 0.99 | VAL Loss: 0.9048 Acc: 0.54 
Ep 28/100 | TR Loss: 0.1096 Acc: 0.98 | VAL Loss: 0.9623 Acc: 0.46 
Ep 29/100 | TR Loss: 0.0715 Acc: 0.99 | VAL Loss: 0.8851 Acc: 0.52 
Ep 30/100 | TR Loss: 0.0656 Acc: 1.00 | VAL Loss: 0.9026 Acc: 0.50 
Ep 31/100 | TR Loss: 0.1888 Acc: 0.94 | VAL Loss: 0.9473 Acc: 0.52 
Ep 32/100 | TR Loss: 0.1858 Acc: 0.94 | VAL Loss: 0.9215 Acc: 0.58 
Ep 33/100 | TR Loss: 0.1312 Acc: 0.96 | VAL Loss: 0.9335 Acc: 0.58 
Ep 34/100 | TR Loss: 0.1929 Acc: 0.93 | VAL Loss: 0.8980 Acc: 0.62 
Ep 35/100 | TR Loss: 0.2010 Acc: 0.93 | VAL Loss: 0.8973 Acc: 0.54 
Ep 36/100 | TR Loss: 0.2192 Acc: 0.93 | VAL Loss: 0.8770 Acc: 0.60 
Ep 37/100 | TR Loss: 0.1588 Acc: 0.97 | VAL Loss: 1.0106 Acc: 0.56 
Ep 38/100 | TR Loss: 0.0879 Acc: 1.00 | VAL Loss: 0.9000 Acc: 0.62 
Ep 39/100 | TR Loss: 0.0922 Acc: 0.98 | VAL Loss: 0.9469 Acc: 0.54 
Ep 40/100 | TR Loss: 0.0816 Acc: 0.98 | VAL Loss: 0.9737 Acc: 0.52 
Ep 41/100 | TR Loss: 0.0803 Acc: 0.99 | VAL Loss: 0.9572 Acc: 0.56 
Ep 42/100 | TR Loss: 0.0785 Acc: 0.99 | VAL Loss: 0.9691 Acc: 0.56 
Ep 43/100 | TR Loss: 0.0717 Acc: 1.00 | VAL Loss: 1.0042 Acc: 0.50 
Ep 44/100 | TR Loss: 0.0703 Acc: 0.99 | VAL Loss: 1.0061 Acc: 0.50 
Ep 45/100 | TR Loss: 0.0797 Acc: 0.99 | VAL Loss: 0.9277 Acc: 0.50 
Ep 46/100 | TR Loss: 0.0686 Acc: 0.98 | VAL Loss: 0.9463 Acc: 0.50 
Ep 47/100 | TR Loss: 0.0510 Acc: 1.00 | VAL Loss: 0.9388 Acc: 0.50 
Ep 48/100 | TR Loss: 0.0422 Acc: 1.00 | VAL Loss: 0.9426 Acc: 0.50 
Ep 49/100 | TR Loss: 0.0365 Acc: 1.00 | VAL Loss: 0.9170 Acc: 0.50 
Ep 50/100 | TR Loss: 0.0325 Acc: 1.00 | VAL Loss: 0.9129 Acc: 0.52 
Ep 51/100 | TR Loss: 0.0311 Acc: 1.00 | VAL Loss: 0.8774 Acc: 0.56 
Ep 52/100 | TR Loss: 0.0312 Acc: 1.00 | VAL Loss: 0.8727 Acc: 0.62 
Ep 53/100 | TR Loss: 0.0371 Acc: 1.00 | VAL Loss: 0.9439 Acc: 0.54 
Ep 54/100 | TR Loss: 0.0312 Acc: 1.00 | VAL Loss: 0.8397 Acc: 0.64 
Ep 55/100 | TR Loss: 0.0299 Acc: 1.00 | VAL Loss: 0.9066 Acc: 0.62 
Ep 56/100 | TR Loss: 0.0306 Acc: 1.00 | VAL Loss: 1.0321 Acc: 0.52 
Ep 57/100 | TR Loss: 0.0266 Acc: 1.00 | VAL Loss: 0.9722 Acc: 0.54 
Ep 58/100 | TR Loss: 0.0227 Acc: 1.00 | VAL Loss: 0.9647 Acc: 0.56 
Ep 59/100 | TR Loss: 0.0245 Acc: 1.00 | VAL Loss: 0.9713 Acc: 0.56 
Ep 60/100 | TR Loss: 0.0302 Acc: 1.00 | VAL Loss: 0.9456 Acc: 0.52 
Ep 61/100 | TR Loss: 0.0224 Acc: 1.00 | VAL Loss: 1.0216 Acc: 0.56 
Ep 62/100 | TR Loss: 0.0203 Acc: 1.00 | VAL Loss: 1.0190 Acc: 0.56 
Ep 63/100 | TR Loss: 0.0226 Acc: 1.00 | VAL Loss: 0.9376 Acc: 0.64 
Ep 64/100 | TR Loss: 0.0218 Acc: 1.00 | VAL Loss: 1.0554 Acc: 0.54 
Ep 65/100 | TR Loss: 0.0352 Acc: 1.00 | VAL Loss: 0.9118 Acc: 0.58 
Ep 66/100 | TR Loss: 0.0451 Acc: 1.00 | VAL Loss: 0.9907 Acc: 0.64 
Ep 67/100 | TR Loss: 0.0653 Acc: 0.99 | VAL Loss: 0.8974 Acc: 0.58 
Ep 68/100 | TR Loss: 0.0807 Acc: 0.98 | VAL Loss: 0.9124 Acc: 0.58 
Ep 69/100 | TR Loss: 0.0936 Acc: 0.99 | VAL Loss: 0.9198 Acc: 0.62 
Ep 70/100 | TR Loss: 0.0402 Acc: 1.00 | VAL Loss: 0.8995 Acc: 0.58 
Ep 71/100 | TR Loss: 0.0500 Acc: 1.00 | VAL Loss: 0.7623 Acc: 0.62 
Ep 72/100 | TR Loss: 0.0561 Acc: 0.99 | VAL Loss: 0.9779 Acc: 0.64 
Ep 73/100 | TR Loss: 0.0714 Acc: 0.97 | VAL Loss: 0.9988 Acc: 0.64 
Ep 74/100 | TR Loss: 0.0598 Acc: 0.99 | VAL Loss: 1.0233 Acc: 0.64 
Ep 75/100 | TR Loss: 0.0510 Acc: 1.00 | VAL Loss: 1.0066 Acc: 0.66 
Ep 76/100 | TR Loss: 0.0452 Acc: 1.00 | VAL Loss: 0.9830 Acc: 0.60 
Ep 77/100 | TR Loss: 0.0425 Acc: 1.00 | VAL Loss: 0.9702 Acc: 0.58 
Ep 78/100 | TR Loss: 0.0439 Acc: 0.99 | VAL Loss: 0.9782 Acc: 0.52 
Ep 79/100 | TR Loss: 0.0573 Acc: 0.98 | VAL Loss: 0.8549 Acc: 0.60 
Ep 80/100 | TR Loss: 0.1032 Acc: 0.96 | VAL Loss: 0.8709 Acc: 0.64 
Ep 81/100 | TR Loss: 0.1278 Acc: 0.97 | VAL Loss: 0.9123 Acc: 0.54 
Ep 82/100 | TR Loss: 0.0898 Acc: 0.97 | VAL Loss: 0.9636 Acc: 0.58 
Ep 83/100 | TR Loss: 0.0606 Acc: 0.99 | VAL Loss: 0.8639 Acc: 0.54 
Ep 84/100 | TR Loss: 0.0576 Acc: 1.00 | VAL Loss: 0.8635 Acc: 0.60 
Ep 85/100 | TR Loss: 0.0399 Acc: 1.00 | VAL Loss: 0.8900 Acc: 0.54 
Ep 86/100 | TR Loss: 0.0384 Acc: 1.00 | VAL Loss: 0.8787 Acc: 0.54 
Ep 87/100 | TR Loss: 0.0387 Acc: 1.00 | VAL Loss: 0.9111 Acc: 0.60 
Ep 88/100 | TR Loss: 0.0782 Acc: 0.96 | VAL Loss: 0.9314 Acc: 0.56 
Ep 89/100 | TR Loss: 0.0431 Acc: 1.00 | VAL Loss: 0.8882 Acc: 0.54 
Ep 90/100 | TR Loss: 0.0595 Acc: 0.99 | VAL Loss: 0.8544 Acc: 0.58 
Ep 91/100 | TR Loss: 0.0455 Acc: 0.99 | VAL Loss: 0.8998 Acc: 0.60 
Ep 92/100 | TR Loss: 0.1267 Acc: 0.93 | VAL Loss: 0.7891 Acc: 0.52 
Ep 93/100 | TR Loss: 0.2007 Acc: 0.91 | VAL Loss: 0.8665 Acc: 0.60 
Ep 94/100 | TR Loss: 0.0582 Acc: 1.00 | VAL Loss: 0.8759 Acc: 0.58 
Ep 95/100 | TR Loss: 0.0766 Acc: 0.98 | VAL Loss: 0.8549 Acc: 0.60 
Ep 96/100 | TR Loss: 0.0492 Acc: 1.00 | VAL Loss: 0.8638 Acc: 0.60 
Ep 97/100 | TR Loss: 0.0564 Acc: 1.00 | VAL Loss: 0.8675 Acc: 0.60 
Ep 98/100 | TR Loss: 0.0535 Acc: 0.99 | VAL Loss: 0.9192 Acc: 0.60 
Ep 99/100 | TR Loss: 0.0457 Acc: 0.99 | VAL Loss: 0.9056 Acc: 0.56 
Ep 100/100 | TR Loss: 0.0400 Acc: 0.99 | VAL Loss: 0.9056 Acc: 0.56 
[*] Training plots saved to: output_qnlp/job_1094723/training_metrics.png

==================================================
BEST MODEL TEST SET EVALUATION (MULTIPLE THRESHOLDS)
==================================================
Threshold  | Acc      | Prec     | Rec      | F1      
--------------------------------------------------
0.30       | 0.50     | 0.55     | 0.76     | 0.64     
0.40       | 0.49     | 0.55     | 0.67     | 0.60     
0.50       | 0.48     | 0.56     | 0.47     | 0.51     <-- (Arg)
0.60       | 0.44     | 0.53     | 0.29     | 0.38     
0.70       | 0.45     | 0.56     | 0.24     | 0.34     
==================================================

========================================
End    : Fri May 22 03:33:04 +03 2026
Output : output_qnlp/job_1094723
total 387K
-rw-r--r-- 1 aerturk23 hpcusers 249K May 22 03:29 best_model.pth
-rw-r--r-- 1 aerturk23 hpcusers  292 May 22 03:28 config.json
-rw-r--r-- 1 aerturk23 hpcusers  14K May 22  2026 history.json
-rw-r--r-- 1 aerturk23 hpcusers  966 May 22 03:29 output.err
-rw-r--r-- 1 aerturk23 hpcusers 8.2K May 22 03:31 output.log
-rw-r--r-- 1 aerturk23 hpcusers 115K May 22  2026 training_metrics.png
========================================
