========================================
Job ID : 1094734
Start  : Fri May 22 04:03:55 +03 2026
GPU    : Tesla T4
========================================
--- Quantum QNLP Script starting ---
[*] Configuration saved to: output_qnlp/job_1094734/config.json
========================================
DATA SOURCE SELECTION : SST2
TRAINING SIZE         : 250
VALIDATION SIZE       : 50
TEST SIZE             : 100
WEIGHT DECAY          : 0.0001
CLASSIFICATION THRESHOLD : 0.5
QUANTUM LAYERS        : 1
========================================

--- Preparing Dataset ---
Generating DisCoCat grammar diagrams...
Generating quantum circuits (IQP Ansatz)...

--- Starting Quantum Model Training (Epochs: 100) ---
Ep 01/100 | TR Loss: 1.4349 Acc: 0.47 | VAL Loss: 1.1331 Acc: 0.56 *(Best)*
Ep 02/100 | TR Loss: 0.8501 Acc: 0.60 | VAL Loss: 1.2633 Acc: 0.50 
Ep 03/100 | TR Loss: 0.6029 Acc: 0.70 | VAL Loss: 1.3436 Acc: 0.50 
Ep 04/100 | TR Loss: 0.6496 Acc: 0.65 | VAL Loss: 1.3470 Acc: 0.42 
Ep 05/100 | TR Loss: 0.4087 Acc: 0.77 | VAL Loss: 1.2751 Acc: 0.48 
Ep 06/100 | TR Loss: 0.4547 Acc: 0.78 | VAL Loss: 1.2982 Acc: 0.44 
Ep 07/100 | TR Loss: 0.4085 Acc: 0.82 | VAL Loss: 1.1850 Acc: 0.48 
Ep 08/100 | TR Loss: 0.4268 Acc: 0.78 | VAL Loss: 1.2038 Acc: 0.52 
Ep 09/100 | TR Loss: 0.3530 Acc: 0.86 | VAL Loss: 1.1733 Acc: 0.48 
Ep 10/100 | TR Loss: 0.3404 Acc: 0.86 | VAL Loss: 1.3962 Acc: 0.46 
Ep 11/100 | TR Loss: 0.4304 Acc: 0.79 | VAL Loss: 1.4084 Acc: 0.44 
Ep 12/100 | TR Loss: 0.3714 Acc: 0.85 | VAL Loss: 1.4671 Acc: 0.44 
Ep 13/100 | TR Loss: 0.3928 Acc: 0.80 | VAL Loss: 1.3421 Acc: 0.52 
Ep 14/100 | TR Loss: 0.3573 Acc: 0.86 | VAL Loss: 1.5214 Acc: 0.50 
Ep 15/100 | TR Loss: 0.3160 Acc: 0.86 | VAL Loss: 1.4196 Acc: 0.40 
Ep 16/100 | TR Loss: 0.3188 Acc: 0.86 | VAL Loss: 1.4561 Acc: 0.48 
Ep 17/100 | TR Loss: 0.2812 Acc: 0.90 | VAL Loss: 1.5469 Acc: 0.44 
Ep 18/100 | TR Loss: 0.3311 Acc: 0.88 | VAL Loss: 1.4858 Acc: 0.50 
Ep 19/100 | TR Loss: 0.2564 Acc: 0.90 | VAL Loss: 1.6081 Acc: 0.52 
Ep 20/100 | TR Loss: 0.4109 Acc: 0.83 | VAL Loss: 1.6544 Acc: 0.48 
Ep 21/100 | TR Loss: 0.3324 Acc: 0.89 | VAL Loss: 1.4527 Acc: 0.48 
Ep 22/100 | TR Loss: 0.2567 Acc: 0.91 | VAL Loss: 1.5227 Acc: 0.46 
Ep 23/100 | TR Loss: 0.2563 Acc: 0.92 | VAL Loss: 1.3883 Acc: 0.46 
Ep 24/100 | TR Loss: 0.2280 Acc: 0.94 | VAL Loss: 1.3756 Acc: 0.46 
Ep 25/100 | TR Loss: 0.2059 Acc: 0.95 | VAL Loss: 1.3590 Acc: 0.46 
Ep 26/100 | TR Loss: 0.1971 Acc: 0.96 | VAL Loss: 1.4287 Acc: 0.44 
Ep 27/100 | TR Loss: 0.1791 Acc: 0.94 | VAL Loss: 1.3589 Acc: 0.42 
Ep 28/100 | TR Loss: 0.1640 Acc: 0.96 | VAL Loss: 1.4690 Acc: 0.46 
Ep 29/100 | TR Loss: 0.1722 Acc: 0.97 | VAL Loss: 1.4688 Acc: 0.36 
Ep 30/100 | TR Loss: 0.2476 Acc: 0.92 | VAL Loss: 1.4562 Acc: 0.44 
Ep 31/100 | TR Loss: 0.2282 Acc: 0.95 | VAL Loss: 1.3413 Acc: 0.46 
Ep 32/100 | TR Loss: 0.2307 Acc: 0.94 | VAL Loss: 1.3520 Acc: 0.46 
Ep 33/100 | TR Loss: 0.3350 Acc: 0.90 | VAL Loss: 1.3298 Acc: 0.46 
Ep 34/100 | TR Loss: 0.2419 Acc: 0.92 | VAL Loss: 1.3622 Acc: 0.48 
Ep 35/100 | TR Loss: 0.1953 Acc: 0.94 | VAL Loss: 1.4564 Acc: 0.44 
Ep 36/100 | TR Loss: 0.2261 Acc: 0.92 | VAL Loss: 1.4974 Acc: 0.48 
Ep 37/100 | TR Loss: 0.1941 Acc: 0.93 | VAL Loss: 1.4361 Acc: 0.44 
Ep 38/100 | TR Loss: 0.1977 Acc: 0.92 | VAL Loss: 1.6299 Acc: 0.48 
Ep 39/100 | TR Loss: 0.2145 Acc: 0.91 | VAL Loss: 1.4212 Acc: 0.54 
Ep 40/100 | TR Loss: 0.3260 Acc: 0.88 | VAL Loss: 1.4444 Acc: 0.44 
Ep 41/100 | TR Loss: 0.3656 Acc: 0.85 | VAL Loss: 1.3168 Acc: 0.52 
Ep 42/100 | TR Loss: 0.2517 Acc: 0.91 | VAL Loss: 1.4985 Acc: 0.50 
Ep 43/100 | TR Loss: 0.2634 Acc: 0.90 | VAL Loss: 1.6616 Acc: 0.56 
Ep 44/100 | TR Loss: 0.2569 Acc: 0.91 | VAL Loss: 1.4920 Acc: 0.48 
Ep 45/100 | TR Loss: 0.3034 Acc: 0.87 | VAL Loss: 1.4689 Acc: 0.48 
Ep 46/100 | TR Loss: 0.2530 Acc: 0.91 | VAL Loss: 1.4747 Acc: 0.46 
Ep 47/100 | TR Loss: 0.2355 Acc: 0.91 | VAL Loss: 1.5386 Acc: 0.50 
Ep 48/100 | TR Loss: 0.2131 Acc: 0.93 | VAL Loss: 1.4556 Acc: 0.52 
Ep 49/100 | TR Loss: 0.2092 Acc: 0.92 | VAL Loss: 1.4639 Acc: 0.50 
Ep 50/100 | TR Loss: 0.2163 Acc: 0.94 | VAL Loss: 1.5258 Acc: 0.52 
Ep 51/100 | TR Loss: 0.2055 Acc: 0.91 | VAL Loss: 1.5862 Acc: 0.50 
Ep 52/100 | TR Loss: 0.2211 Acc: 0.92 | VAL Loss: 1.5354 Acc: 0.50 
Ep 53/100 | TR Loss: 0.1968 Acc: 0.94 | VAL Loss: 1.6175 Acc: 0.52 
Ep 54/100 | TR Loss: 0.1971 Acc: 0.94 | VAL Loss: 1.4725 Acc: 0.46 
Ep 55/100 | TR Loss: 0.2306 Acc: 0.90 | VAL Loss: 1.4696 Acc: 0.50 
Ep 56/100 | TR Loss: 0.2201 Acc: 0.91 | VAL Loss: 1.4160 Acc: 0.46 
Ep 57/100 | TR Loss: 0.2223 Acc: 0.92 | VAL Loss: 1.4354 Acc: 0.44 
Ep 58/100 | TR Loss: 0.3208 Acc: 0.87 | VAL Loss: 1.4237 Acc: 0.44 
Ep 59/100 | TR Loss: 0.2195 Acc: 0.92 | VAL Loss: 1.4070 Acc: 0.44 
Ep 60/100 | TR Loss: 0.2841 Acc: 0.89 | VAL Loss: 1.3691 Acc: 0.42 
Ep 61/100 | TR Loss: 0.2396 Acc: 0.93 | VAL Loss: 1.4778 Acc: 0.48 
Ep 62/100 | TR Loss: 0.2625 Acc: 0.92 | VAL Loss: 1.4775 Acc: 0.46 
Ep 63/100 | TR Loss: 0.2346 Acc: 0.93 | VAL Loss: 1.4134 Acc: 0.46 
Ep 64/100 | TR Loss: 0.1931 Acc: 0.94 | VAL Loss: 1.4865 Acc: 0.44 
Ep 65/100 | TR Loss: 0.1922 Acc: 0.93 | VAL Loss: 1.5619 Acc: 0.46 
Ep 66/100 | TR Loss: 0.1772 Acc: 0.95 | VAL Loss: 1.5407 Acc: 0.52 
Ep 67/100 | TR Loss: 0.2017 Acc: 0.93 | VAL Loss: 1.4669 Acc: 0.44 
Ep 68/100 | TR Loss: 0.2270 Acc: 0.91 | VAL Loss: 1.4507 Acc: 0.50 
Ep 69/100 | TR Loss: 0.2461 Acc: 0.90 | VAL Loss: 1.5105 Acc: 0.46 
Ep 70/100 | TR Loss: 0.2577 Acc: 0.92 | VAL Loss: 1.5158 Acc: 0.46 
Ep 71/100 | TR Loss: 0.2737 Acc: 0.89 | VAL Loss: 1.5386 Acc: 0.44 
Ep 72/100 | TR Loss: 0.2265 Acc: 0.93 | VAL Loss: 1.4441 Acc: 0.50 
Ep 73/100 | TR Loss: 0.2438 Acc: 0.91 | VAL Loss: 1.4709 Acc: 0.52 
Ep 74/100 | TR Loss: 0.2547 Acc: 0.91 | VAL Loss: 1.4092 Acc: 0.50 
Ep 75/100 | TR Loss: 0.2955 Acc: 0.89 | VAL Loss: 1.3956 Acc: 0.52 
Ep 76/100 | TR Loss: 0.2372 Acc: 0.90 | VAL Loss: 1.4396 Acc: 0.52 
Ep 77/100 | TR Loss: 0.2594 Acc: 0.89 | VAL Loss: 1.4601 Acc: 0.50 
Ep 78/100 | TR Loss: 0.2779 Acc: 0.89 | VAL Loss: 1.6055 Acc: 0.50 
Ep 79/100 | TR Loss: 0.2567 Acc: 0.89 | VAL Loss: 1.5581 Acc: 0.40 
Ep 80/100 | TR Loss: 0.3528 Acc: 0.86 | VAL Loss: 1.4428 Acc: 0.46 
Ep 81/100 | TR Loss: 0.3398 Acc: 0.87 | VAL Loss: 1.3002 Acc: 0.52 
Ep 82/100 | TR Loss: 0.3835 Acc: 0.83 | VAL Loss: 1.3154 Acc: 0.50 
Ep 83/100 | TR Loss: 0.3312 Acc: 0.87 | VAL Loss: 1.3335 Acc: 0.46 
Ep 84/100 | TR Loss: 0.2688 Acc: 0.88 | VAL Loss: 1.3657 Acc: 0.50 
Ep 85/100 | TR Loss: 0.2692 Acc: 0.88 | VAL Loss: 1.5141 Acc: 0.38 
Ep 86/100 | TR Loss: 0.2911 Acc: 0.88 | VAL Loss: 1.6174 Acc: 0.42 
Ep 87/100 | TR Loss: 0.3148 Acc: 0.86 | VAL Loss: 1.5418 Acc: 0.40 
Ep 88/100 | TR Loss: 0.2540 Acc: 0.91 | VAL Loss: 1.4701 Acc: 0.44 
Ep 89/100 | TR Loss: 0.2220 Acc: 0.92 | VAL Loss: 1.4550 Acc: 0.44 
Ep 90/100 | TR Loss: 0.2416 Acc: 0.92 | VAL Loss: 1.4848 Acc: 0.50 
Ep 91/100 | TR Loss: 0.2304 Acc: 0.92 | VAL Loss: 1.4523 Acc: 0.44 
Ep 92/100 | TR Loss: 0.2240 Acc: 0.91 | VAL Loss: 1.5248 Acc: 0.48 
Ep 93/100 | TR Loss: 0.2378 Acc: 0.90 | VAL Loss: 1.5770 Acc: 0.46 
Ep 94/100 | TR Loss: 0.2758 Acc: 0.88 | VAL Loss: 1.5410 Acc: 0.48 
Ep 95/100 | TR Loss: 0.2103 Acc: 0.92 | VAL Loss: 1.5678 Acc: 0.40 
Ep 96/100 | TR Loss: 0.2220 Acc: 0.94 | VAL Loss: 1.6011 Acc: 0.40 
Ep 97/100 | TR Loss: 0.1966 Acc: 0.94 | VAL Loss: 1.6591 Acc: 0.42 
Ep 98/100 | TR Loss: 0.2091 Acc: 0.94 | VAL Loss: 1.6480 Acc: 0.46 
Ep 99/100 | TR Loss: 0.1799 Acc: 0.94 | VAL Loss: 1.6659 Acc: 0.42 
Ep 100/100 | TR Loss: 0.1843 Acc: 0.94 | VAL Loss: 1.5417 Acc: 0.44 
[*] Training plots saved to: output_qnlp/job_1094734/training_metrics.png

==================================================
BEST MODEL TEST SET EVALUATION (MULTIPLE THRESHOLDS)
==================================================
Threshold  | Acc      | Prec     | Rec      | F1      
--------------------------------------------------
0.30       | 0.48     | 0.53     | 0.45     | 0.49     
0.40       | 0.48     | 0.54     | 0.38     | 0.45     
0.50       | 0.50     | 0.57     | 0.36     | 0.44     <-- (Arg)
0.60       | 0.49     | 0.58     | 0.27     | 0.37     
0.70       | 0.47     | 0.55     | 0.20     | 0.29     
==================================================

========================================
End    : Fri May 22 04:11:39 +03 2026
Output : output_qnlp/job_1094734
total 338K
-rw-r--r-- 1 aerturk23 hpcusers 194K May 22 04:04 best_model.pth
-rw-r--r-- 1 aerturk23 hpcusers  292 May 22 04:04 config.json
-rw-r--r-- 1 aerturk23 hpcusers  14K May 22 04:11 history.json
-rw-r--r-- 1 aerturk23 hpcusers  966 May 22  2026 output.err
-rw-r--r-- 1 aerturk23 hpcusers 8.2K May 22 04:09 output.log
-rw-r--r-- 1 aerturk23 hpcusers 121K May 22 04:11 training_metrics.png
========================================
