========================================
Job ID : 1094807
Start  : Fri May 22 07:10:32 +03 2026
GPU    : Tesla T4
========================================
--- Classical LSTM Script starting ---
[*] Configuration saved to: output_classical/job_1094807/config.json
========================================
MODEL                 : CLASSICAL LSTM
DATA SOURCE SELECTION : SYNTHETIC
TRAINING SIZE         : 100
VALIDATION SIZE       : 50
TEST SIZE             : 100
WEIGHT DECAY          : 0.0001
DROPOUT RATE          : 0.5
CLASSIFICATION THRESHOLD : 0.5
BATCH SIZE            : 16
EMBED/HIDDEN DIMS     : 16 / 32
========================================

--- Preparing Dataset and Tokenization ---
[*] REAL DATASET SIZES -> Train: 100 | Val: 50 | Test: 100
--- Initializing Classical Model ---

--- Starting Classical LSTM Training (Epochs: 100) ---
Ep 01/100 | TR Loss: 0.6566 Acc: 0.53 | VAL Loss: 0.6154 Acc: 0.52 *(Best)*
Ep 02/100 | TR Loss: 0.5375 Acc: 0.63 | VAL Loss: 0.3677 Acc: 0.88 *(Best)*
Ep 03/100 | TR Loss: 0.2019 Acc: 0.96 | VAL Loss: 0.1094 Acc: 1.00 *(Best)*
Ep 04/100 | TR Loss: 0.0517 Acc: 1.00 | VAL Loss: 0.0288 Acc: 1.00 *(Best)*
Ep 05/100 | TR Loss: 0.0122 Acc: 1.00 | VAL Loss: 0.0062 Acc: 1.00 *(Best)*
Ep 06/100 | TR Loss: 0.0028 Acc: 1.00 | VAL Loss: 0.0022 Acc: 1.00 *(Best)*
Ep 07/100 | TR Loss: 0.0014 Acc: 1.00 | VAL Loss: 0.0012 Acc: 1.00 *(Best)*
Ep 08/100 | TR Loss: 0.0009 Acc: 1.00 | VAL Loss: 0.0009 Acc: 1.00 *(Best)*
Ep 09/100 | TR Loss: 0.0007 Acc: 1.00 | VAL Loss: 0.0007 Acc: 1.00 *(Best)*
Ep 10/100 | TR Loss: 0.0006 Acc: 1.00 | VAL Loss: 0.0007 Acc: 1.00 *(Best)*
Ep 11/100 | TR Loss: 0.0006 Acc: 1.00 | VAL Loss: 0.0007 Acc: 1.00 *(Best)*
Ep 12/100 | TR Loss: 0.0005 Acc: 1.00 | VAL Loss: 0.0007 Acc: 1.00 *(Best)*
Ep 13/100 | TR Loss: 0.0005 Acc: 1.00 | VAL Loss: 0.0007 Acc: 1.00 
Ep 14/100 | TR Loss: 0.0005 Acc: 1.00 | VAL Loss: 0.0007 Acc: 1.00 
Ep 15/100 | TR Loss: 0.0005 Acc: 1.00 | VAL Loss: 0.0007 Acc: 1.00 
Ep 16/100 | TR Loss: 0.0005 Acc: 1.00 | VAL Loss: 0.0007 Acc: 1.00 
Ep 17/100 | TR Loss: 0.0006 Acc: 1.00 | VAL Loss: 0.0007 Acc: 1.00 
Ep 18/100 | TR Loss: 0.0006 Acc: 1.00 | VAL Loss: 0.0007 Acc: 1.00 
Ep 19/100 | TR Loss: 0.0006 Acc: 1.00 | VAL Loss: 0.0007 Acc: 1.00 
Ep 20/100 | TR Loss: 0.0006 Acc: 1.00 | VAL Loss: 0.0007 Acc: 1.00 
Ep 21/100 | TR Loss: 0.0005 Acc: 1.00 | VAL Loss: 0.0007 Acc: 1.00 
Ep 22/100 | TR Loss: 0.0005 Acc: 1.00 | VAL Loss: 0.0007 Acc: 1.00 
Ep 23/100 | TR Loss: 0.0006 Acc: 1.00 | VAL Loss: 0.0007 Acc: 1.00 
Ep 24/100 | TR Loss: 0.0006 Acc: 1.00 | VAL Loss: 0.0007 Acc: 1.00 
Ep 25/100 | TR Loss: 0.0005 Acc: 1.00 | VAL Loss: 0.0007 Acc: 1.00 
Ep 26/100 | TR Loss: 0.0006 Acc: 1.00 | VAL Loss: 0.0007 Acc: 1.00 
Ep 27/100 | TR Loss: 0.0005 Acc: 1.00 | VAL Loss: 0.0007 Acc: 1.00 
Ep 28/100 | TR Loss: 0.0005 Acc: 1.00 | VAL Loss: 0.0007 Acc: 1.00 
Ep 29/100 | TR Loss: 0.0005 Acc: 1.00 | VAL Loss: 0.0007 Acc: 1.00 
Ep 30/100 | TR Loss: 0.0005 Acc: 1.00 | VAL Loss: 0.0007 Acc: 1.00 
Ep 31/100 | TR Loss: 0.0005 Acc: 1.00 | VAL Loss: 0.0007 Acc: 1.00 
Ep 32/100 | TR Loss: 0.0005 Acc: 1.00 | VAL Loss: 0.0007 Acc: 1.00 
Ep 33/100 | TR Loss: 0.0005 Acc: 1.00 | VAL Loss: 0.0007 Acc: 1.00 
Ep 34/100 | TR Loss: 0.0005 Acc: 1.00 | VAL Loss: 0.0007 Acc: 1.00 
Ep 35/100 | TR Loss: 0.0005 Acc: 1.00 | VAL Loss: 0.0007 Acc: 1.00 
Ep 36/100 | TR Loss: 0.0005 Acc: 1.00 | VAL Loss: 0.0006 Acc: 1.00 *(Best)*
Ep 37/100 | TR Loss: 0.0005 Acc: 1.00 | VAL Loss: 0.0006 Acc: 1.00 *(Best)*
Ep 38/100 | TR Loss: 0.0005 Acc: 1.00 | VAL Loss: 0.0006 Acc: 1.00 *(Best)*
Ep 39/100 | TR Loss: 0.0005 Acc: 1.00 | VAL Loss: 0.0006 Acc: 1.00 *(Best)*
Ep 40/100 | TR Loss: 0.0005 Acc: 1.00 | VAL Loss: 0.0006 Acc: 1.00 *(Best)*
Ep 41/100 | TR Loss: 0.0005 Acc: 1.00 | VAL Loss: 0.0006 Acc: 1.00 *(Best)*
Ep 42/100 | TR Loss: 0.0005 Acc: 1.00 | VAL Loss: 0.0006 Acc: 1.00 *(Best)*
Ep 43/100 | TR Loss: 0.0005 Acc: 1.00 | VAL Loss: 0.0006 Acc: 1.00 *(Best)*
Ep 44/100 | TR Loss: 0.0005 Acc: 1.00 | VAL Loss: 0.0006 Acc: 1.00 *(Best)*
Ep 45/100 | TR Loss: 0.0004 Acc: 1.00 | VAL Loss: 0.0006 Acc: 1.00 *(Best)*
Ep 46/100 | TR Loss: 0.0004 Acc: 1.00 | VAL Loss: 0.0006 Acc: 1.00 *(Best)*
Ep 47/100 | TR Loss: 0.0004 Acc: 1.00 | VAL Loss: 0.0006 Acc: 1.00 *(Best)*
Ep 48/100 | TR Loss: 0.0004 Acc: 1.00 | VAL Loss: 0.0006 Acc: 1.00 
Ep 49/100 | TR Loss: 0.0004 Acc: 1.00 | VAL Loss: 0.0006 Acc: 1.00 *(Best)*
Ep 50/100 | TR Loss: 0.0005 Acc: 1.00 | VAL Loss: 0.0006 Acc: 1.00 *(Best)*
Ep 51/100 | TR Loss: 0.0004 Acc: 1.00 | VAL Loss: 0.0006 Acc: 1.00 *(Best)*
Ep 52/100 | TR Loss: 0.0004 Acc: 1.00 | VAL Loss: 0.0005 Acc: 1.00 *(Best)*
Ep 53/100 | TR Loss: 0.0004 Acc: 1.00 | VAL Loss: 0.0005 Acc: 1.00 *(Best)*
Ep 54/100 | TR Loss: 0.0004 Acc: 1.00 | VAL Loss: 0.0005 Acc: 1.00 *(Best)*
Ep 55/100 | TR Loss: 0.0004 Acc: 1.00 | VAL Loss: 0.0005 Acc: 1.00 *(Best)*
Ep 56/100 | TR Loss: 0.0004 Acc: 1.00 | VAL Loss: 0.0005 Acc: 1.00 *(Best)*
Ep 57/100 | TR Loss: 0.0004 Acc: 1.00 | VAL Loss: 0.0005 Acc: 1.00 *(Best)*
Ep 58/100 | TR Loss: 0.0004 Acc: 1.00 | VAL Loss: 0.0005 Acc: 1.00 *(Best)*
Ep 59/100 | TR Loss: 0.0004 Acc: 1.00 | VAL Loss: 0.0005 Acc: 1.00 
Ep 60/100 | TR Loss: 0.0004 Acc: 1.00 | VAL Loss: 0.0005 Acc: 1.00 
Ep 61/100 | TR Loss: 0.0004 Acc: 1.00 | VAL Loss: 0.0005 Acc: 1.00 *(Best)*
Ep 62/100 | TR Loss: 0.0004 Acc: 1.00 | VAL Loss: 0.0005 Acc: 1.00 *(Best)*
Ep 63/100 | TR Loss: 0.0004 Acc: 1.00 | VAL Loss: 0.0005 Acc: 1.00 *(Best)*
Ep 64/100 | TR Loss: 0.0004 Acc: 1.00 | VAL Loss: 0.0005 Acc: 1.00 *(Best)*
Ep 65/100 | TR Loss: 0.0004 Acc: 1.00 | VAL Loss: 0.0005 Acc: 1.00 *(Best)*
Ep 66/100 | TR Loss: 0.0004 Acc: 1.00 | VAL Loss: 0.0005 Acc: 1.00 *(Best)*
Ep 67/100 | TR Loss: 0.0004 Acc: 1.00 | VAL Loss: 0.0005 Acc: 1.00 *(Best)*
Ep 68/100 | TR Loss: 0.0004 Acc: 1.00 | VAL Loss: 0.0005 Acc: 1.00 *(Best)*
Ep 69/100 | TR Loss: 0.0004 Acc: 1.00 | VAL Loss: 0.0004 Acc: 1.00 *(Best)*
Ep 70/100 | TR Loss: 0.0004 Acc: 1.00 | VAL Loss: 0.0004 Acc: 1.00 *(Best)*
Ep 71/100 | TR Loss: 0.0004 Acc: 1.00 | VAL Loss: 0.0004 Acc: 1.00 *(Best)*
Ep 72/100 | TR Loss: 0.0003 Acc: 1.00 | VAL Loss: 0.0004 Acc: 1.00 *(Best)*
Ep 73/100 | TR Loss: 0.0004 Acc: 1.00 | VAL Loss: 0.0004 Acc: 1.00 *(Best)*
Ep 74/100 | TR Loss: 0.0003 Acc: 1.00 | VAL Loss: 0.0004 Acc: 1.00 *(Best)*
Ep 75/100 | TR Loss: 0.0003 Acc: 1.00 | VAL Loss: 0.0004 Acc: 1.00 
Ep 76/100 | TR Loss: 0.0003 Acc: 1.00 | VAL Loss: 0.0004 Acc: 1.00 
Ep 77/100 | TR Loss: 0.0003 Acc: 1.00 | VAL Loss: 0.0004 Acc: 1.00 
Ep 78/100 | TR Loss: 0.0003 Acc: 1.00 | VAL Loss: 0.0004 Acc: 1.00 
Ep 79/100 | TR Loss: 0.0003 Acc: 1.00 | VAL Loss: 0.0004 Acc: 1.00 *(Best)*
Ep 80/100 | TR Loss: 0.0003 Acc: 1.00 | VAL Loss: 0.0004 Acc: 1.00 *(Best)*
Ep 81/100 | TR Loss: 0.0003 Acc: 1.00 | VAL Loss: 0.0004 Acc: 1.00 *(Best)*
Ep 82/100 | TR Loss: 0.0003 Acc: 1.00 | VAL Loss: 0.0004 Acc: 1.00 *(Best)*
Ep 83/100 | TR Loss: 0.0003 Acc: 1.00 | VAL Loss: 0.0004 Acc: 1.00 *(Best)*
Ep 84/100 | TR Loss: 0.0003 Acc: 1.00 | VAL Loss: 0.0004 Acc: 1.00 
Ep 85/100 | TR Loss: 0.0003 Acc: 1.00 | VAL Loss: 0.0004 Acc: 1.00 
Ep 86/100 | TR Loss: 0.0003 Acc: 1.00 | VAL Loss: 0.0004 Acc: 1.00 *(Best)*
Ep 87/100 | TR Loss: 0.0003 Acc: 1.00 | VAL Loss: 0.0004 Acc: 1.00 *(Best)*
Ep 88/100 | TR Loss: 0.0003 Acc: 1.00 | VAL Loss: 0.0004 Acc: 1.00 *(Best)*
Ep 89/100 | TR Loss: 0.0003 Acc: 1.00 | VAL Loss: 0.0004 Acc: 1.00 *(Best)*
Ep 90/100 | TR Loss: 0.0003 Acc: 1.00 | VAL Loss: 0.0004 Acc: 1.00 *(Best)*
Ep 91/100 | TR Loss: 0.0003 Acc: 1.00 | VAL Loss: 0.0004 Acc: 1.00 *(Best)*
Ep 92/100 | TR Loss: 0.0003 Acc: 1.00 | VAL Loss: 0.0004 Acc: 1.00 *(Best)*
Ep 93/100 | TR Loss: 0.0003 Acc: 1.00 | VAL Loss: 0.0004 Acc: 1.00 *(Best)*
Ep 94/100 | TR Loss: 0.0003 Acc: 1.00 | VAL Loss: 0.0004 Acc: 1.00 *(Best)*
Ep 95/100 | TR Loss: 0.0003 Acc: 1.00 | VAL Loss: 0.0004 Acc: 1.00 
Ep 96/100 | TR Loss: 0.0003 Acc: 1.00 | VAL Loss: 0.0004 Acc: 1.00 *(Best)*
Ep 97/100 | TR Loss: 0.0003 Acc: 1.00 | VAL Loss: 0.0003 Acc: 1.00 *(Best)*
Ep 98/100 | TR Loss: 0.0003 Acc: 1.00 | VAL Loss: 0.0003 Acc: 1.00 *(Best)*
Ep 99/100 | TR Loss: 0.0003 Acc: 1.00 | VAL Loss: 0.0003 Acc: 1.00 
Ep 100/100 | TR Loss: 0.0003 Acc: 1.00 | VAL Loss: 0.0003 Acc: 1.00 

==================================================
BEST MODEL TEST SET EVALUATION (MULTIPLE THRESHOLDS)
==================================================
Threshold  | Acc      | Prec     | Rec      | F1      
--------------------------------------------------
0.30       | 1.00     | 1.00     | 1.00     | 1.00     
0.40       | 1.00     | 1.00     | 1.00     | 1.00     
0.50       | 1.00     | 1.00     | 1.00     | 1.00     <-- (Arg)
0.60       | 1.00     | 1.00     | 1.00     | 1.00     
0.70       | 1.00     | 1.00     | 1.00     | 1.00     
==================================================

========================================
End    : Fri May 22 07:10:46 +03 2026
Output : output_classical/job_1094807
total 98K
-rw-r--r-- 1 aerturk23 hpcusers  30K May 22  2026 best_model.pth
-rw-r--r-- 1 aerturk23 hpcusers  369 May 22  2026 config.json
-rw-r--r-- 1 aerturk23 hpcusers  12K May 22  2026 history.json
-rw-r--r-- 1 aerturk23 hpcusers  966 May 22  2026 output.err
-rw-r--r-- 1 aerturk23 hpcusers 8.7K May 22  2026 output.log
-rw-r--r-- 1 aerturk23 hpcusers  47K May 22 07:10 training_metrics.png
========================================
