========================================
Job ID : 1094706
Start  : Fri May 22 02:58:49 +03 2026
GPU    : Tesla T4
========================================
--- Quantum QNLP Script starting ---
[*] Configuration saved to: output_qnlp/job_1094706/config.json
========================================
DATA SOURCE SELECTION : SST2
TRAINING SIZE         : 50
VALIDATION SIZE       : 50
TEST SIZE             : 100
WEIGHT DECAY          : 0.0001
CLASSIFICATION THRESHOLD : 0.5
QUANTUM LAYERS        : 2
========================================

--- Preparing Dataset ---
Generating DisCoCat grammar diagrams...
Generating quantum circuits (IQP Ansatz)...

--- Starting Quantum Model Training (Epochs: 100) ---
Ep 01/100 | TR Loss: 0.9202 Acc: 0.52 | VAL Loss: 0.6438 Acc: 0.58 *(Best)*
Ep 02/100 | TR Loss: 0.7358 Acc: 0.56 | VAL Loss: 0.5895 Acc: 0.60 *(Best)*
Ep 03/100 | TR Loss: 0.5366 Acc: 0.78 | VAL Loss: 0.6280 Acc: 0.60 
Ep 04/100 | TR Loss: 0.4643 Acc: 0.78 | VAL Loss: 0.6013 Acc: 0.60 
Ep 05/100 | TR Loss: 0.4354 Acc: 0.90 | VAL Loss: 0.6084 Acc: 0.64 
Ep 06/100 | TR Loss: 0.3889 Acc: 0.80 | VAL Loss: 0.6012 Acc: 0.62 
Ep 07/100 | TR Loss: 0.3376 Acc: 0.82 | VAL Loss: 0.6307 Acc: 0.62 
Ep 08/100 | TR Loss: 0.3130 Acc: 0.84 | VAL Loss: 0.6562 Acc: 0.62 
Ep 09/100 | TR Loss: 0.3147 Acc: 0.86 | VAL Loss: 0.7831 Acc: 0.52 
Ep 10/100 | TR Loss: 0.3689 Acc: 0.88 | VAL Loss: 0.6614 Acc: 0.60 
Ep 11/100 | TR Loss: 0.3059 Acc: 0.90 | VAL Loss: 0.6709 Acc: 0.56 
Ep 12/100 | TR Loss: 0.2249 Acc: 0.94 | VAL Loss: 0.6413 Acc: 0.60 
Ep 13/100 | TR Loss: 0.2511 Acc: 0.94 | VAL Loss: 0.6558 Acc: 0.56 
Ep 14/100 | TR Loss: 0.2742 Acc: 0.90 | VAL Loss: 0.7221 Acc: 0.56 
Ep 15/100 | TR Loss: 0.2338 Acc: 0.92 | VAL Loss: 0.6741 Acc: 0.56 
Ep 16/100 | TR Loss: 0.2007 Acc: 0.94 | VAL Loss: 0.6902 Acc: 0.54 
Ep 17/100 | TR Loss: 0.1631 Acc: 1.00 | VAL Loss: 0.6712 Acc: 0.54 
Ep 18/100 | TR Loss: 0.1480 Acc: 1.00 | VAL Loss: 0.6735 Acc: 0.54 
Ep 19/100 | TR Loss: 0.1354 Acc: 1.00 | VAL Loss: 0.6914 Acc: 0.58 
Ep 20/100 | TR Loss: 0.1239 Acc: 1.00 | VAL Loss: 0.7169 Acc: 0.56 
Ep 21/100 | TR Loss: 0.1097 Acc: 1.00 | VAL Loss: 0.7251 Acc: 0.50 
Ep 22/100 | TR Loss: 0.0957 Acc: 1.00 | VAL Loss: 0.7192 Acc: 0.50 
Ep 23/100 | TR Loss: 0.0935 Acc: 1.00 | VAL Loss: 0.7300 Acc: 0.50 
Ep 24/100 | TR Loss: 0.0904 Acc: 1.00 | VAL Loss: 0.7469 Acc: 0.50 
Ep 25/100 | TR Loss: 0.0820 Acc: 1.00 | VAL Loss: 0.7572 Acc: 0.50 
Ep 26/100 | TR Loss: 0.0712 Acc: 1.00 | VAL Loss: 0.7655 Acc: 0.50 
Ep 27/100 | TR Loss: 0.0659 Acc: 1.00 | VAL Loss: 0.7711 Acc: 0.50 
Ep 28/100 | TR Loss: 0.0768 Acc: 1.00 | VAL Loss: 0.8032 Acc: 0.56 
Ep 29/100 | TR Loss: 0.1173 Acc: 0.98 | VAL Loss: 0.8396 Acc: 0.54 
Ep 30/100 | TR Loss: 0.1289 Acc: 0.98 | VAL Loss: 0.7727 Acc: 0.46 
Ep 31/100 | TR Loss: 0.1729 Acc: 0.94 | VAL Loss: 0.7227 Acc: 0.56 
Ep 32/100 | TR Loss: 0.1100 Acc: 0.98 | VAL Loss: 0.7331 Acc: 0.64 
Ep 33/100 | TR Loss: 0.1428 Acc: 1.00 | VAL Loss: 0.9302 Acc: 0.58 
Ep 34/100 | TR Loss: 0.1718 Acc: 0.94 | VAL Loss: 0.6437 Acc: 0.62 
Ep 35/100 | TR Loss: 0.1147 Acc: 1.00 | VAL Loss: 0.7600 Acc: 0.62 
Ep 36/100 | TR Loss: 0.1363 Acc: 0.98 | VAL Loss: 0.6379 Acc: 0.66 
Ep 37/100 | TR Loss: 0.1105 Acc: 0.98 | VAL Loss: 0.6996 Acc: 0.62 
Ep 38/100 | TR Loss: 0.1984 Acc: 0.90 | VAL Loss: 0.7199 Acc: 0.56 
Ep 39/100 | TR Loss: 0.0756 Acc: 1.00 | VAL Loss: 0.7013 Acc: 0.60 
Ep 40/100 | TR Loss: 0.0595 Acc: 1.00 | VAL Loss: 0.6244 Acc: 0.62 
Ep 41/100 | TR Loss: 0.0639 Acc: 1.00 | VAL Loss: 0.6608 Acc: 0.56 
Ep 42/100 | TR Loss: 0.0844 Acc: 1.00 | VAL Loss: 0.6060 Acc: 0.56 
Ep 43/100 | TR Loss: 0.0758 Acc: 1.00 | VAL Loss: 0.6415 Acc: 0.56 
Ep 44/100 | TR Loss: 0.0716 Acc: 1.00 | VAL Loss: 0.6209 Acc: 0.56 
Ep 45/100 | TR Loss: 0.0642 Acc: 1.00 | VAL Loss: 0.6264 Acc: 0.58 
Ep 46/100 | TR Loss: 0.0628 Acc: 1.00 | VAL Loss: 0.6263 Acc: 0.58 
Ep 47/100 | TR Loss: 0.0798 Acc: 0.98 | VAL Loss: 0.6265 Acc: 0.56 
Ep 48/100 | TR Loss: 0.0924 Acc: 0.98 | VAL Loss: 0.5993 Acc: 0.62 
Ep 49/100 | TR Loss: 0.0750 Acc: 1.00 | VAL Loss: 0.6077 Acc: 0.60 
Ep 50/100 | TR Loss: 0.0832 Acc: 0.98 | VAL Loss: 0.6403 Acc: 0.56 
Ep 51/100 | TR Loss: 0.2750 Acc: 0.84 | VAL Loss: 0.6541 Acc: 0.62 
Ep 52/100 | TR Loss: 0.1596 Acc: 0.92 | VAL Loss: 0.6969 Acc: 0.58 
Ep 53/100 | TR Loss: 0.0994 Acc: 1.00 | VAL Loss: 0.6835 Acc: 0.56 
Ep 54/100 | TR Loss: 0.0989 Acc: 1.00 | VAL Loss: 0.6379 Acc: 0.58 
Ep 55/100 | TR Loss: 0.0689 Acc: 1.00 | VAL Loss: 0.6850 Acc: 0.60 
Ep 56/100 | TR Loss: 0.0688 Acc: 1.00 | VAL Loss: 0.6267 Acc: 0.62 
Ep 57/100 | TR Loss: 0.0915 Acc: 1.00 | VAL Loss: 0.6307 Acc: 0.58 
Ep 58/100 | TR Loss: 0.0899 Acc: 0.98 | VAL Loss: 0.6231 Acc: 0.66 
Ep 59/100 | TR Loss: 0.1242 Acc: 0.98 | VAL Loss: 0.6567 Acc: 0.58 
Ep 60/100 | TR Loss: 0.0818 Acc: 0.98 | VAL Loss: 0.6345 Acc: 0.64 
Ep 61/100 | TR Loss: 0.2191 Acc: 0.92 | VAL Loss: 0.6713 Acc: 0.60 
Ep 62/100 | TR Loss: 0.1905 Acc: 0.94 | VAL Loss: 0.6644 Acc: 0.52 
Ep 63/100 | TR Loss: 0.1965 Acc: 0.92 | VAL Loss: 0.7774 Acc: 0.62 
Ep 64/100 | TR Loss: 0.0668 Acc: 0.98 | VAL Loss: 0.6676 Acc: 0.58 
Ep 65/100 | TR Loss: 0.0740 Acc: 0.98 | VAL Loss: 0.6989 Acc: 0.60 
Ep 66/100 | TR Loss: 0.0586 Acc: 0.98 | VAL Loss: 0.7154 Acc: 0.56 
Ep 67/100 | TR Loss: 0.0725 Acc: 0.98 | VAL Loss: 0.6845 Acc: 0.58 
Ep 68/100 | TR Loss: 0.1102 Acc: 0.96 | VAL Loss: 0.7099 Acc: 0.56 
Ep 69/100 | TR Loss: 0.0949 Acc: 0.98 | VAL Loss: 0.6642 Acc: 0.58 
Ep 70/100 | TR Loss: 0.0758 Acc: 0.98 | VAL Loss: 0.6723 Acc: 0.54 
Ep 71/100 | TR Loss: 0.0881 Acc: 0.98 | VAL Loss: 0.6740 Acc: 0.50 
Ep 72/100 | TR Loss: 0.0597 Acc: 1.00 | VAL Loss: 0.6584 Acc: 0.54 
Ep 73/100 | TR Loss: 0.0548 Acc: 1.00 | VAL Loss: 0.6458 Acc: 0.60 
Ep 74/100 | TR Loss: 0.0437 Acc: 1.00 | VAL Loss: 0.6647 Acc: 0.58 
Ep 75/100 | TR Loss: 0.0312 Acc: 1.00 | VAL Loss: 0.6742 Acc: 0.56 
Ep 76/100 | TR Loss: 0.0264 Acc: 1.00 | VAL Loss: 0.6842 Acc: 0.52 
Ep 77/100 | TR Loss: 0.0266 Acc: 1.00 | VAL Loss: 0.7029 Acc: 0.54 
Ep 78/100 | TR Loss: 0.0262 Acc: 1.00 | VAL Loss: 0.7121 Acc: 0.54 
Ep 79/100 | TR Loss: 0.0241 Acc: 1.00 | VAL Loss: 0.7031 Acc: 0.58 
Ep 80/100 | TR Loss: 0.0213 Acc: 1.00 | VAL Loss: 0.6978 Acc: 0.56 
Ep 81/100 | TR Loss: 0.0175 Acc: 1.00 | VAL Loss: 0.6969 Acc: 0.56 
Ep 82/100 | TR Loss: 0.0139 Acc: 1.00 | VAL Loss: 0.6984 Acc: 0.56 
Ep 83/100 | TR Loss: 0.0124 Acc: 1.00 | VAL Loss: 0.6985 Acc: 0.58 
Ep 84/100 | TR Loss: 0.0123 Acc: 1.00 | VAL Loss: 0.6939 Acc: 0.58 
Ep 85/100 | TR Loss: 0.0124 Acc: 1.00 | VAL Loss: 0.6834 Acc: 0.56 
Ep 86/100 | TR Loss: 0.0118 Acc: 1.00 | VAL Loss: 0.6725 Acc: 0.56 
Ep 87/100 | TR Loss: 0.0111 Acc: 1.00 | VAL Loss: 0.6671 Acc: 0.58 
Ep 88/100 | TR Loss: 0.0105 Acc: 1.00 | VAL Loss: 0.6651 Acc: 0.58 
Ep 89/100 | TR Loss: 0.0131 Acc: 1.00 | VAL Loss: 0.6658 Acc: 0.56 
Ep 90/100 | TR Loss: 0.1256 Acc: 0.94 | VAL Loss: 0.6164 Acc: 0.64 
Ep 91/100 | TR Loss: 0.0313 Acc: 1.00 | VAL Loss: 0.6297 Acc: 0.62 
Ep 92/100 | TR Loss: 0.0153 Acc: 1.00 | VAL Loss: 0.6718 Acc: 0.60 
Ep 93/100 | TR Loss: 0.0298 Acc: 1.00 | VAL Loss: 0.6376 Acc: 0.62 
Ep 94/100 | TR Loss: 0.0237 Acc: 1.00 | VAL Loss: 0.6336 Acc: 0.62 
Ep 95/100 | TR Loss: 0.0223 Acc: 1.00 | VAL Loss: 0.6293 Acc: 0.60 
Ep 96/100 | TR Loss: 0.1130 Acc: 0.96 | VAL Loss: 0.6744 Acc: 0.62 
Ep 97/100 | TR Loss: 0.0770 Acc: 0.96 | VAL Loss: 0.7895 Acc: 0.48 
Ep 98/100 | TR Loss: 0.0466 Acc: 1.00 | VAL Loss: 0.6837 Acc: 0.66 
Ep 99/100 | TR Loss: 0.0263 Acc: 1.00 | VAL Loss: 0.6632 Acc: 0.62 
Ep 100/100 | TR Loss: 0.0320 Acc: 1.00 | VAL Loss: 0.6354 Acc: 0.58 
[*] Training plots saved to: output_qnlp/job_1094706/training_metrics.png

==================================================
BEST MODEL TEST SET EVALUATION (MULTIPLE THRESHOLDS)
==================================================
Threshold  | Acc      | Prec     | Rec      | F1      
--------------------------------------------------
0.30       | 0.59     | 0.59     | 0.86     | 0.70     
0.40       | 0.55     | 0.58     | 0.75     | 0.65     
0.50       | 0.54     | 0.60     | 0.55     | 0.57     <-- (Arg)
0.60       | 0.47     | 0.55     | 0.29     | 0.38     
0.70       | 0.45     | 0.53     | 0.18     | 0.27     
==================================================

========================================
End    : Fri May 22 03:02:00 +03 2026
Output : output_qnlp/job_1094706
total 364K
-rw-r--r-- 1 aerturk23 hpcusers 225K May 22 03:00 best_model.pth
-rw-r--r-- 1 aerturk23 hpcusers  290 May 22 02:59 config.json
-rw-r--r-- 1 aerturk23 hpcusers  13K May 22 03:01 history.json
-rw-r--r-- 1 aerturk23 hpcusers  966 May 22  2026 output.err
-rw-r--r-- 1 aerturk23 hpcusers 8.2K May 22  2026 output.log
-rw-r--r-- 1 aerturk23 hpcusers 116K May 22 03:01 training_metrics.png
========================================
