========================================
Job ID : 1094606
Start  : Fri May 22 01:02:57 +03 2026
GPU    : Tesla T4
========================================
--- Classical LSTM Script starting ---
[*] Configuration saved to: output_classical/job_1094606/config.json
========================================
MODEL                 : CLASSICAL LSTM
DATA SOURCE SELECTION : BACH
TRAINING SIZE         : 100
VALIDATION SIZE       : 50
TEST SIZE             : 100
WEIGHT DECAY          : 0.0001
DROPOUT RATE          : 0.2
CLASSIFICATION THRESHOLD : 0.5
BATCH SIZE            : 16
EMBED/HIDDEN DIMS     : 16 / 32
========================================

--- Preparing Dataset and Tokenization ---
[*] REAL DATASET SIZES -> Train: 100 | Val: 50 | Test: 100
--- Initializing Classical Model ---

--- Starting Classical LSTM Training (Epochs: 100) ---
Ep 01/100 | TR Loss: 0.6976 Acc: 0.42 | VAL Loss: 0.6912 Acc: 0.44 *(Best)*
Ep 02/100 | TR Loss: 0.6941 Acc: 0.45 | VAL Loss: 0.6939 Acc: 0.54 
Ep 03/100 | TR Loss: 0.6957 Acc: 0.51 | VAL Loss: 0.6963 Acc: 0.56 
Ep 04/100 | TR Loss: 0.6841 Acc: 0.54 | VAL Loss: 0.6752 Acc: 0.54 *(Best)*
Ep 05/100 | TR Loss: 0.6800 Acc: 0.70 | VAL Loss: 0.6486 Acc: 0.58 *(Best)*
Ep 06/100 | TR Loss: 0.5900 Acc: 0.79 | VAL Loss: 0.5955 Acc: 0.64 *(Best)*
Ep 07/100 | TR Loss: 0.5083 Acc: 0.80 | VAL Loss: 0.7799 Acc: 0.66 
Ep 08/100 | TR Loss: 0.5089 Acc: 0.80 | VAL Loss: 0.8635 Acc: 0.66 
Ep 09/100 | TR Loss: 0.5611 Acc: 0.79 | VAL Loss: 0.7513 Acc: 0.68 
Ep 10/100 | TR Loss: 0.4632 Acc: 0.81 | VAL Loss: 0.5967 Acc: 0.72 
Ep 11/100 | TR Loss: 0.4857 Acc: 0.80 | VAL Loss: 0.5833 Acc: 0.66 *(Best)*
Ep 12/100 | TR Loss: 0.5239 Acc: 0.78 | VAL Loss: 0.5530 Acc: 0.66 *(Best)*
Ep 13/100 | TR Loss: 0.4615 Acc: 0.79 | VAL Loss: 0.5525 Acc: 0.66 *(Best)*
Ep 14/100 | TR Loss: 0.4520 Acc: 0.79 | VAL Loss: 0.5505 Acc: 0.68 *(Best)*
Ep 15/100 | TR Loss: 0.4572 Acc: 0.79 | VAL Loss: 0.5447 Acc: 0.68 *(Best)*
Ep 16/100 | TR Loss: 0.4312 Acc: 0.79 | VAL Loss: 0.5490 Acc: 0.68 
Ep 17/100 | TR Loss: 0.4156 Acc: 0.79 | VAL Loss: 0.5535 Acc: 0.68 
Ep 18/100 | TR Loss: 0.4496 Acc: 0.79 | VAL Loss: 0.5581 Acc: 0.68 
Ep 19/100 | TR Loss: 0.4567 Acc: 0.80 | VAL Loss: 0.5409 Acc: 0.70 *(Best)*
Ep 20/100 | TR Loss: 0.4269 Acc: 0.80 | VAL Loss: 0.5406 Acc: 0.70 *(Best)*
Ep 21/100 | TR Loss: 0.3958 Acc: 0.80 | VAL Loss: 0.5418 Acc: 0.70 
Ep 22/100 | TR Loss: 0.3946 Acc: 0.80 | VAL Loss: 0.5434 Acc: 0.70 
Ep 23/100 | TR Loss: 0.4363 Acc: 0.80 | VAL Loss: 0.5455 Acc: 0.70 
Ep 24/100 | TR Loss: 0.3987 Acc: 0.80 | VAL Loss: 0.5263 Acc: 0.72 *(Best)*
Ep 25/100 | TR Loss: 0.3879 Acc: 0.81 | VAL Loss: 0.5195 Acc: 0.74 *(Best)*
Ep 26/100 | TR Loss: 0.3871 Acc: 0.81 | VAL Loss: 0.5123 Acc: 0.74 *(Best)*
Ep 27/100 | TR Loss: 0.4860 Acc: 0.81 | VAL Loss: 0.5128 Acc: 0.74 
Ep 28/100 | TR Loss: 0.3773 Acc: 0.82 | VAL Loss: 0.5910 Acc: 0.74 
Ep 29/100 | TR Loss: 0.4537 Acc: 0.81 | VAL Loss: 0.6070 Acc: 0.74 
Ep 30/100 | TR Loss: 0.4255 Acc: 0.84 | VAL Loss: 0.4980 Acc: 0.74 *(Best)*
Ep 31/100 | TR Loss: 0.3530 Acc: 0.83 | VAL Loss: 0.5032 Acc: 0.74 
Ep 32/100 | TR Loss: 0.4158 Acc: 0.82 | VAL Loss: 0.4994 Acc: 0.74 
Ep 33/100 | TR Loss: 0.3666 Acc: 0.85 | VAL Loss: 1.1659 Acc: 0.74 
Ep 34/100 | TR Loss: 0.2992 Acc: 0.87 | VAL Loss: 1.1926 Acc: 0.76 
Ep 35/100 | TR Loss: 0.3927 Acc: 0.86 | VAL Loss: 1.1769 Acc: 0.74 
Ep 36/100 | TR Loss: 0.3256 Acc: 0.89 | VAL Loss: 1.1567 Acc: 0.72 
Ep 37/100 | TR Loss: 0.2497 Acc: 0.90 | VAL Loss: 1.1760 Acc: 0.72 
Ep 38/100 | TR Loss: 0.3015 Acc: 0.90 | VAL Loss: 1.2568 Acc: 0.72 
Ep 39/100 | TR Loss: 0.2581 Acc: 0.90 | VAL Loss: 1.3035 Acc: 0.72 
Ep 40/100 | TR Loss: 0.2529 Acc: 0.90 | VAL Loss: 1.3483 Acc: 0.74 
Ep 41/100 | TR Loss: 0.3015 Acc: 0.90 | VAL Loss: 1.3876 Acc: 0.74 
Ep 42/100 | TR Loss: 0.2599 Acc: 0.90 | VAL Loss: 1.4223 Acc: 0.74 
Ep 43/100 | TR Loss: 0.3000 Acc: 0.90 | VAL Loss: 1.4741 Acc: 0.74 
Ep 44/100 | TR Loss: 0.2928 Acc: 0.90 | VAL Loss: 1.5829 Acc: 0.72 
Ep 45/100 | TR Loss: 0.2946 Acc: 0.90 | VAL Loss: 1.5362 Acc: 0.74 
Ep 46/100 | TR Loss: 0.2325 Acc: 0.91 | VAL Loss: 1.5036 Acc: 0.72 
Ep 47/100 | TR Loss: 0.2371 Acc: 0.91 | VAL Loss: 1.4970 Acc: 0.72 
Ep 48/100 | TR Loss: 0.2445 Acc: 0.91 | VAL Loss: 1.5521 Acc: 0.72 
Ep 49/100 | TR Loss: 0.2883 Acc: 0.91 | VAL Loss: 1.6189 Acc: 0.72 
Ep 50/100 | TR Loss: 0.2344 Acc: 0.91 | VAL Loss: 1.6272 Acc: 0.72 
Ep 51/100 | TR Loss: 0.2365 Acc: 0.91 | VAL Loss: 1.6216 Acc: 0.74 
Ep 52/100 | TR Loss: 0.2345 Acc: 0.91 | VAL Loss: 1.6343 Acc: 0.74 
Ep 53/100 | TR Loss: 0.2376 Acc: 0.91 | VAL Loss: 1.6531 Acc: 0.74 
Ep 54/100 | TR Loss: 0.2339 Acc: 0.91 | VAL Loss: 1.6675 Acc: 0.74 
Ep 55/100 | TR Loss: 0.2343 Acc: 0.91 | VAL Loss: 1.6720 Acc: 0.74 
Ep 56/100 | TR Loss: 0.2918 Acc: 0.91 | VAL Loss: 1.6811 Acc: 0.74 
Ep 57/100 | TR Loss: 0.2381 Acc: 0.91 | VAL Loss: 1.6502 Acc: 0.74 
Ep 58/100 | TR Loss: 0.2463 Acc: 0.91 | VAL Loss: 1.6570 Acc: 0.74 
Ep 59/100 | TR Loss: 0.2348 Acc: 0.91 | VAL Loss: 1.6863 Acc: 0.74 
Ep 60/100 | TR Loss: 0.2381 Acc: 0.91 | VAL Loss: 1.7063 Acc: 0.74 
Ep 61/100 | TR Loss: 0.2876 Acc: 0.91 | VAL Loss: 1.7165 Acc: 0.74 
Ep 62/100 | TR Loss: 0.2304 Acc: 0.91 | VAL Loss: 1.6913 Acc: 0.74 
Ep 63/100 | TR Loss: 0.2375 Acc: 0.91 | VAL Loss: 1.6791 Acc: 0.74 
Ep 64/100 | TR Loss: 0.2399 Acc: 0.91 | VAL Loss: 1.6981 Acc: 0.74 
Ep 65/100 | TR Loss: 0.2380 Acc: 0.91 | VAL Loss: 1.7207 Acc: 0.74 
Ep 66/100 | TR Loss: 0.2304 Acc: 0.91 | VAL Loss: 1.7422 Acc: 0.74 
Ep 67/100 | TR Loss: 0.2911 Acc: 0.91 | VAL Loss: 1.7477 Acc: 0.74 
Ep 68/100 | TR Loss: 0.2474 Acc: 0.91 | VAL Loss: 1.7037 Acc: 0.74 
Ep 69/100 | TR Loss: 0.2357 Acc: 0.91 | VAL Loss: 1.7121 Acc: 0.74 
Ep 70/100 | TR Loss: 0.2297 Acc: 0.91 | VAL Loss: 1.7319 Acc: 0.74 
Ep 71/100 | TR Loss: 0.2388 Acc: 0.91 | VAL Loss: 1.7463 Acc: 0.74 
Ep 72/100 | TR Loss: 0.2325 Acc: 0.91 | VAL Loss: 1.7625 Acc: 0.74 
Ep 73/100 | TR Loss: 0.2920 Acc: 0.91 | VAL Loss: 1.7754 Acc: 0.74 
Ep 74/100 | TR Loss: 0.2434 Acc: 0.91 | VAL Loss: 1.7490 Acc: 0.74 
Ep 75/100 | TR Loss: 0.2306 Acc: 0.91 | VAL Loss: 1.7471 Acc: 0.74 
Ep 76/100 | TR Loss: 0.2842 Acc: 0.91 | VAL Loss: 1.7450 Acc: 0.74 
Ep 77/100 | TR Loss: 0.2837 Acc: 0.91 | VAL Loss: 1.7432 Acc: 0.74 
Ep 78/100 | TR Loss: 0.2305 Acc: 0.91 | VAL Loss: 1.7425 Acc: 0.74 
Ep 79/100 | TR Loss: 0.2357 Acc: 0.91 | VAL Loss: 1.7395 Acc: 0.74 
Ep 80/100 | TR Loss: 0.2301 Acc: 0.91 | VAL Loss: 1.7594 Acc: 0.74 
Ep 81/100 | TR Loss: 0.2338 Acc: 0.91 | VAL Loss: 1.7721 Acc: 0.74 
Ep 82/100 | TR Loss: 0.2916 Acc: 0.91 | VAL Loss: 1.7784 Acc: 0.74 
Ep 83/100 | TR Loss: 0.2361 Acc: 0.91 | VAL Loss: 1.7574 Acc: 0.74 
Ep 84/100 | TR Loss: 0.2379 Acc: 0.91 | VAL Loss: 1.7630 Acc: 0.74 
Ep 85/100 | TR Loss: 0.3355 Acc: 0.91 | VAL Loss: 1.7738 Acc: 0.74 
Ep 86/100 | TR Loss: 0.2444 Acc: 0.91 | VAL Loss: 1.7388 Acc: 0.74 
Ep 87/100 | TR Loss: 0.2454 Acc: 0.91 | VAL Loss: 1.7617 Acc: 0.74 
Ep 88/100 | TR Loss: 0.3344 Acc: 0.91 | VAL Loss: 1.7835 Acc: 0.74 
Ep 89/100 | TR Loss: 0.2454 Acc: 0.91 | VAL Loss: 1.7514 Acc: 0.74 
Ep 90/100 | TR Loss: 0.2313 Acc: 0.91 | VAL Loss: 1.7642 Acc: 0.74 
Ep 91/100 | TR Loss: 0.2346 Acc: 0.91 | VAL Loss: 1.7917 Acc: 0.74 
Ep 92/100 | TR Loss: 0.2871 Acc: 0.91 | VAL Loss: 1.8070 Acc: 0.74 
Ep 93/100 | TR Loss: 0.2332 Acc: 0.91 | VAL Loss: 1.7946 Acc: 0.74 
Ep 94/100 | TR Loss: 0.2326 Acc: 0.91 | VAL Loss: 1.7949 Acc: 0.74 
Ep 95/100 | TR Loss: 0.2347 Acc: 0.91 | VAL Loss: 1.8077 Acc: 0.74 
Ep 96/100 | TR Loss: 0.2346 Acc: 0.91 | VAL Loss: 1.8017 Acc: 0.74 
Ep 97/100 | TR Loss: 0.2814 Acc: 0.91 | VAL Loss: 1.8019 Acc: 0.74 
Ep 98/100 | TR Loss: 0.2887 Acc: 0.91 | VAL Loss: 1.7852 Acc: 0.74 
Ep 99/100 | TR Loss: 0.2831 Acc: 0.91 | VAL Loss: 1.7796 Acc: 0.74 
Ep 100/100 | TR Loss: 0.2828 Acc: 0.91 | VAL Loss: 1.7689 Acc: 0.74 

==================================================
BEST MODEL TEST SET EVALUATION (MULTIPLE THRESHOLDS)
==================================================
Threshold  | Acc      | Prec     | Rec      | F1      
--------------------------------------------------
0.30       | 0.76     | 0.89     | 0.63     | 0.74     
0.40       | 0.76     | 0.89     | 0.63     | 0.74     
0.50       | 0.76     | 0.89     | 0.63     | 0.74     <-- (Arg)
0.60       | 0.76     | 0.89     | 0.63     | 0.74     
0.70       | 0.76     | 0.89     | 0.63     | 0.74     
==================================================

========================================
End    : Fri May 22 01:03:08 +03 2026
Output : output_classical/job_1094606
total 132K
-rw-r--r-- 1 aerturk23 hpcusers  34K May 22  2026 best_model.pth
-rw-r--r-- 1 aerturk23 hpcusers  364 May 22  2026 config.json
-rw-r--r-- 1 aerturk23 hpcusers  14K May 22 01:03 history.json
-rw-r--r-- 1 aerturk23 hpcusers  966 May 22  2026 output.err
-rw-r--r-- 1 aerturk23 hpcusers 8.3K May 22  2026 output.log
-rw-r--r-- 1 aerturk23 hpcusers  74K May 22 01:03 training_metrics.png
========================================
