========================================
Job ID : 1094692
Start  : Fri May 22 02:56:37 +03 2026
GPU    : Tesla T4
========================================
--- Quantum QNLP Script starting ---
[*] Configuration saved to: output_qnlp/job_1094692/config.json
========================================
DATA SOURCE SELECTION : SST2
TRAINING SIZE         : 50
VALIDATION SIZE       : 50
TEST SIZE             : 100
WEIGHT DECAY          : 0.0001
CLASSIFICATION THRESHOLD : 0.5
QUANTUM LAYERS        : 1
========================================

--- Preparing Dataset ---
Generating DisCoCat grammar diagrams...
Generating quantum circuits (IQP Ansatz)...

--- Starting Quantum Model Training (Epochs: 100) ---
Ep 01/100 | TR Loss: 1.4853 Acc: 0.44 | VAL Loss: 1.9886 Acc: 0.42 *(Best)*
Ep 02/100 | TR Loss: 0.7740 Acc: 0.56 | VAL Loss: 1.6377 Acc: 0.38 *(Best)*
Ep 03/100 | TR Loss: 0.5893 Acc: 0.74 | VAL Loss: 1.6828 Acc: 0.42 
Ep 04/100 | TR Loss: 0.4298 Acc: 0.78 | VAL Loss: 1.4837 Acc: 0.50 *(Best)*
Ep 05/100 | TR Loss: 0.3688 Acc: 0.84 | VAL Loss: 1.5042 Acc: 0.44 
Ep 06/100 | TR Loss: 0.2604 Acc: 0.94 | VAL Loss: 1.5480 Acc: 0.40 
Ep 07/100 | TR Loss: 0.2126 Acc: 0.98 | VAL Loss: 1.4945 Acc: 0.48 
Ep 08/100 | TR Loss: 0.2351 Acc: 0.96 | VAL Loss: 1.3639 Acc: 0.42 *(Best)*
Ep 09/100 | TR Loss: 0.1952 Acc: 1.00 | VAL Loss: 1.4608 Acc: 0.44 
Ep 10/100 | TR Loss: 0.1811 Acc: 0.98 | VAL Loss: 1.4765 Acc: 0.46 
Ep 11/100 | TR Loss: 0.2004 Acc: 0.98 | VAL Loss: 1.5174 Acc: 0.48 
Ep 12/100 | TR Loss: 0.1842 Acc: 0.98 | VAL Loss: 1.7244 Acc: 0.46 
Ep 13/100 | TR Loss: 0.1737 Acc: 0.96 | VAL Loss: 1.5847 Acc: 0.46 
Ep 14/100 | TR Loss: 0.1592 Acc: 0.96 | VAL Loss: 1.5875 Acc: 0.46 
Ep 15/100 | TR Loss: 0.1791 Acc: 0.96 | VAL Loss: 1.5916 Acc: 0.46 
Ep 16/100 | TR Loss: 0.2138 Acc: 0.90 | VAL Loss: 1.6584 Acc: 0.44 
Ep 17/100 | TR Loss: 0.2260 Acc: 0.96 | VAL Loss: 1.7519 Acc: 0.44 
Ep 18/100 | TR Loss: 0.2102 Acc: 0.88 | VAL Loss: 1.5910 Acc: 0.42 
Ep 19/100 | TR Loss: 0.3272 Acc: 0.82 | VAL Loss: 1.7760 Acc: 0.38 
Ep 20/100 | TR Loss: 0.2430 Acc: 0.90 | VAL Loss: 1.7899 Acc: 0.48 
Ep 21/100 | TR Loss: 0.5552 Acc: 0.76 | VAL Loss: 1.5652 Acc: 0.42 
Ep 22/100 | TR Loss: 0.2522 Acc: 0.94 | VAL Loss: 1.5385 Acc: 0.48 
Ep 23/100 | TR Loss: 0.2355 Acc: 0.92 | VAL Loss: 1.6326 Acc: 0.46 
Ep 24/100 | TR Loss: 0.1794 Acc: 0.94 | VAL Loss: 1.7030 Acc: 0.46 
Ep 25/100 | TR Loss: 0.2928 Acc: 0.86 | VAL Loss: 1.5440 Acc: 0.48 
Ep 26/100 | TR Loss: 0.2068 Acc: 0.92 | VAL Loss: 1.5356 Acc: 0.48 
Ep 27/100 | TR Loss: 0.2773 Acc: 0.94 | VAL Loss: 1.6883 Acc: 0.44 
Ep 28/100 | TR Loss: 0.2116 Acc: 0.96 | VAL Loss: 1.4525 Acc: 0.48 
Ep 29/100 | TR Loss: 0.1786 Acc: 0.96 | VAL Loss: 1.4569 Acc: 0.48 
Ep 30/100 | TR Loss: 0.1458 Acc: 1.00 | VAL Loss: 1.5017 Acc: 0.40 
Ep 31/100 | TR Loss: 0.1305 Acc: 0.98 | VAL Loss: 1.4884 Acc: 0.44 
Ep 32/100 | TR Loss: 0.1415 Acc: 0.96 | VAL Loss: 1.5169 Acc: 0.46 
Ep 33/100 | TR Loss: 0.1264 Acc: 0.98 | VAL Loss: 1.5307 Acc: 0.42 
Ep 34/100 | TR Loss: 0.1260 Acc: 0.98 | VAL Loss: 1.6144 Acc: 0.42 
Ep 35/100 | TR Loss: 0.1241 Acc: 0.98 | VAL Loss: 1.5759 Acc: 0.44 
Ep 36/100 | TR Loss: 0.1121 Acc: 0.98 | VAL Loss: 1.5420 Acc: 0.44 
Ep 37/100 | TR Loss: 0.1236 Acc: 0.98 | VAL Loss: 1.6715 Acc: 0.44 
Ep 38/100 | TR Loss: 0.1073 Acc: 1.00 | VAL Loss: 1.6085 Acc: 0.46 
Ep 39/100 | TR Loss: 0.1115 Acc: 0.98 | VAL Loss: 1.6101 Acc: 0.48 
Ep 40/100 | TR Loss: 0.1203 Acc: 0.98 | VAL Loss: 1.6756 Acc: 0.48 
Ep 41/100 | TR Loss: 0.1217 Acc: 0.96 | VAL Loss: 1.7283 Acc: 0.48 
Ep 42/100 | TR Loss: 0.1193 Acc: 0.98 | VAL Loss: 1.6407 Acc: 0.42 
Ep 43/100 | TR Loss: 0.1108 Acc: 0.98 | VAL Loss: 1.6052 Acc: 0.40 
Ep 44/100 | TR Loss: 0.1127 Acc: 1.00 | VAL Loss: 1.6152 Acc: 0.40 
Ep 45/100 | TR Loss: 0.1367 Acc: 0.98 | VAL Loss: 1.6671 Acc: 0.42 
Ep 46/100 | TR Loss: 0.1018 Acc: 1.00 | VAL Loss: 1.6530 Acc: 0.40 
Ep 47/100 | TR Loss: 0.1237 Acc: 0.98 | VAL Loss: 1.6828 Acc: 0.40 
Ep 48/100 | TR Loss: 0.1103 Acc: 1.00 | VAL Loss: 1.6595 Acc: 0.40 
Ep 49/100 | TR Loss: 0.0982 Acc: 1.00 | VAL Loss: 1.6095 Acc: 0.40 
Ep 50/100 | TR Loss: 0.1030 Acc: 0.98 | VAL Loss: 1.6050 Acc: 0.42 
Ep 51/100 | TR Loss: 0.1013 Acc: 0.96 | VAL Loss: 1.6427 Acc: 0.42 
Ep 52/100 | TR Loss: 0.0765 Acc: 1.00 | VAL Loss: 1.6035 Acc: 0.44 
Ep 53/100 | TR Loss: 0.0766 Acc: 0.98 | VAL Loss: 1.5909 Acc: 0.46 
Ep 54/100 | TR Loss: 0.0847 Acc: 1.00 | VAL Loss: 1.7124 Acc: 0.40 
Ep 55/100 | TR Loss: 0.1390 Acc: 0.94 | VAL Loss: 1.7760 Acc: 0.42 
Ep 56/100 | TR Loss: 0.1284 Acc: 0.98 | VAL Loss: 1.5119 Acc: 0.46 
Ep 57/100 | TR Loss: 0.1177 Acc: 0.98 | VAL Loss: 1.5248 Acc: 0.44 
Ep 58/100 | TR Loss: 0.1237 Acc: 0.98 | VAL Loss: 1.8287 Acc: 0.44 
Ep 59/100 | TR Loss: 0.1097 Acc: 0.98 | VAL Loss: 1.6367 Acc: 0.44 
Ep 60/100 | TR Loss: 0.1353 Acc: 0.96 | VAL Loss: 1.5191 Acc: 0.44 
Ep 61/100 | TR Loss: 0.1117 Acc: 0.98 | VAL Loss: 1.6943 Acc: 0.42 
Ep 62/100 | TR Loss: 0.1054 Acc: 1.00 | VAL Loss: 1.7179 Acc: 0.42 
Ep 63/100 | TR Loss: 0.0785 Acc: 1.00 | VAL Loss: 1.7748 Acc: 0.38 
Ep 64/100 | TR Loss: 0.0919 Acc: 0.98 | VAL Loss: 1.8205 Acc: 0.36 
Ep 65/100 | TR Loss: 0.0921 Acc: 0.98 | VAL Loss: 1.8079 Acc: 0.40 
Ep 66/100 | TR Loss: 0.1211 Acc: 0.98 | VAL Loss: 1.7574 Acc: 0.44 
Ep 67/100 | TR Loss: 0.1373 Acc: 0.96 | VAL Loss: 1.8364 Acc: 0.40 
Ep 68/100 | TR Loss: 0.1076 Acc: 0.96 | VAL Loss: 1.8410 Acc: 0.44 
Ep 69/100 | TR Loss: 0.1058 Acc: 0.96 | VAL Loss: 1.8546 Acc: 0.40 
Ep 70/100 | TR Loss: 0.2098 Acc: 0.88 | VAL Loss: 1.8530 Acc: 0.42 
Ep 71/100 | TR Loss: 0.1484 Acc: 0.96 | VAL Loss: 1.8228 Acc: 0.38 
Ep 72/100 | TR Loss: 0.2024 Acc: 0.88 | VAL Loss: 1.6559 Acc: 0.44 
Ep 73/100 | TR Loss: 0.1367 Acc: 0.98 | VAL Loss: 1.8089 Acc: 0.40 
Ep 74/100 | TR Loss: 0.2861 Acc: 0.92 | VAL Loss: 1.8781 Acc: 0.42 
Ep 75/100 | TR Loss: 0.1550 Acc: 0.96 | VAL Loss: 1.7846 Acc: 0.38 
Ep 76/100 | TR Loss: 0.1531 Acc: 0.94 | VAL Loss: 1.8117 Acc: 0.38 
Ep 77/100 | TR Loss: 0.1274 Acc: 0.94 | VAL Loss: 1.9284 Acc: 0.38 
Ep 78/100 | TR Loss: 0.1219 Acc: 0.96 | VAL Loss: 1.9274 Acc: 0.38 
Ep 79/100 | TR Loss: 0.1096 Acc: 0.96 | VAL Loss: 1.9019 Acc: 0.40 
Ep 80/100 | TR Loss: 0.1065 Acc: 0.98 | VAL Loss: 1.7943 Acc: 0.42 
Ep 81/100 | TR Loss: 0.1348 Acc: 0.94 | VAL Loss: 1.7539 Acc: 0.40 
Ep 82/100 | TR Loss: 0.1202 Acc: 0.94 | VAL Loss: 1.7355 Acc: 0.38 
Ep 83/100 | TR Loss: 0.1342 Acc: 0.94 | VAL Loss: 1.7705 Acc: 0.40 
Ep 84/100 | TR Loss: 0.1692 Acc: 0.96 | VAL Loss: 1.8004 Acc: 0.42 
Ep 85/100 | TR Loss: 0.1789 Acc: 0.96 | VAL Loss: 1.8611 Acc: 0.38 
Ep 86/100 | TR Loss: 0.1226 Acc: 0.96 | VAL Loss: 1.7759 Acc: 0.44 
Ep 87/100 | TR Loss: 0.1292 Acc: 0.98 | VAL Loss: 1.8306 Acc: 0.38 
Ep 88/100 | TR Loss: 0.1530 Acc: 0.92 | VAL Loss: 1.8557 Acc: 0.36 
Ep 89/100 | TR Loss: 0.1368 Acc: 0.94 | VAL Loss: 1.6668 Acc: 0.38 
Ep 90/100 | TR Loss: 0.1260 Acc: 0.96 | VAL Loss: 1.6696 Acc: 0.42 
Ep 91/100 | TR Loss: 0.1503 Acc: 0.92 | VAL Loss: 1.7295 Acc: 0.46 
Ep 92/100 | TR Loss: 0.1579 Acc: 0.94 | VAL Loss: 1.9109 Acc: 0.42 
Ep 93/100 | TR Loss: 0.2041 Acc: 0.90 | VAL Loss: 1.9444 Acc: 0.42 
Ep 94/100 | TR Loss: 0.2813 Acc: 0.86 | VAL Loss: 1.7025 Acc: 0.44 
Ep 95/100 | TR Loss: 0.2591 Acc: 0.90 | VAL Loss: 2.0622 Acc: 0.38 
Ep 96/100 | TR Loss: 0.1362 Acc: 0.98 | VAL Loss: 1.9653 Acc: 0.42 
Ep 97/100 | TR Loss: 0.1283 Acc: 0.96 | VAL Loss: 1.9157 Acc: 0.40 
Ep 98/100 | TR Loss: 0.1861 Acc: 0.92 | VAL Loss: 1.9225 Acc: 0.38 
Ep 99/100 | TR Loss: 0.1762 Acc: 0.94 | VAL Loss: 2.0133 Acc: 0.42 
Ep 100/100 | TR Loss: 0.1627 Acc: 0.94 | VAL Loss: 1.9379 Acc: 0.44 
[*] Training plots saved to: output_qnlp/job_1094692/training_metrics.png

==================================================
BEST MODEL TEST SET EVALUATION (MULTIPLE THRESHOLDS)
==================================================
Threshold  | Acc      | Prec     | Rec      | F1      
--------------------------------------------------
0.30       | 0.61     | 0.68     | 0.57     | 0.62     
0.40       | 0.58     | 0.68     | 0.46     | 0.55     
0.50       | 0.55     | 0.69     | 0.36     | 0.47     <-- (Arg)
0.60       | 0.53     | 0.71     | 0.27     | 0.39     
0.70       | 0.51     | 0.73     | 0.20     | 0.31     
==================================================

========================================
End    : Fri May 22 02:58:47 +03 2026
Output : output_qnlp/job_1094692
total 247K
-rw-r--r-- 1 aerturk23 hpcusers 113K May 22 02:57 best_model.pth
-rw-r--r-- 1 aerturk23 hpcusers  290 May 22 02:56 config.json
-rw-r--r-- 1 aerturk23 hpcusers  14K May 22 02:58 history.json
-rw-r--r-- 1 aerturk23 hpcusers  966 May 22  2026 output.err
-rw-r--r-- 1 aerturk23 hpcusers 8.2K May 22  2026 output.log
-rw-r--r-- 1 aerturk23 hpcusers 110K May 22 02:58 training_metrics.png
========================================
