========================================
Job ID : 1094687
Start  : Fri May 22 02:54:05 +03 2026
GPU    : Tesla T4
========================================
--- Quantum QNLP Script starting ---
[*] Configuration saved to: output_qnlp/job_1094687/config.json
========================================
DATA SOURCE SELECTION : SST2
TRAINING SIZE         : 10
VALIDATION SIZE       : 50
TEST SIZE             : 100
WEIGHT DECAY          : 0.0001
CLASSIFICATION THRESHOLD : 0.5
QUANTUM LAYERS        : 2
========================================

--- Preparing Dataset ---
Generating DisCoCat grammar diagrams...
Generating quantum circuits (IQP Ansatz)...

--- Starting Quantum Model Training (Epochs: 100) ---
Ep 01/100 | TR Loss: 0.7810 Acc: 0.60 | VAL Loss: 1.0124 Acc: 0.36 *(Best)*
Ep 02/100 | TR Loss: 0.8063 Acc: 0.60 | VAL Loss: 0.8662 Acc: 0.44 *(Best)*
Ep 03/100 | TR Loss: 0.7307 Acc: 0.50 | VAL Loss: 0.8882 Acc: 0.48 
Ep 04/100 | TR Loss: 0.5400 Acc: 0.60 | VAL Loss: 0.7687 Acc: 0.56 *(Best)*
Ep 05/100 | TR Loss: 0.3950 Acc: 1.00 | VAL Loss: 0.8880 Acc: 0.42 
Ep 06/100 | TR Loss: 0.2953 Acc: 0.90 | VAL Loss: 0.9168 Acc: 0.42 
Ep 07/100 | TR Loss: 0.2846 Acc: 0.90 | VAL Loss: 0.9143 Acc: 0.50 
Ep 08/100 | TR Loss: 0.2762 Acc: 0.90 | VAL Loss: 0.9334 Acc: 0.46 
Ep 09/100 | TR Loss: 0.2719 Acc: 1.00 | VAL Loss: 0.9379 Acc: 0.50 
Ep 10/100 | TR Loss: 0.2748 Acc: 1.00 | VAL Loss: 0.9278 Acc: 0.50 
Ep 11/100 | TR Loss: 0.2477 Acc: 1.00 | VAL Loss: 0.9134 Acc: 0.46 
Ep 12/100 | TR Loss: 0.2294 Acc: 1.00 | VAL Loss: 0.9054 Acc: 0.46 
Ep 13/100 | TR Loss: 0.2096 Acc: 1.00 | VAL Loss: 0.9025 Acc: 0.52 
Ep 14/100 | TR Loss: 0.1699 Acc: 1.00 | VAL Loss: 0.9035 Acc: 0.48 
Ep 15/100 | TR Loss: 0.1712 Acc: 1.00 | VAL Loss: 0.9237 Acc: 0.46 
Ep 16/100 | TR Loss: 0.1480 Acc: 1.00 | VAL Loss: 0.8533 Acc: 0.44 
Ep 17/100 | TR Loss: 0.1255 Acc: 1.00 | VAL Loss: 0.9101 Acc: 0.46 
Ep 18/100 | TR Loss: 0.1066 Acc: 1.00 | VAL Loss: 0.8495 Acc: 0.44 
Ep 19/100 | TR Loss: 0.0888 Acc: 1.00 | VAL Loss: 0.8718 Acc: 0.46 
Ep 20/100 | TR Loss: 0.0882 Acc: 1.00 | VAL Loss: 0.8520 Acc: 0.44 
Ep 21/100 | TR Loss: 0.0609 Acc: 1.00 | VAL Loss: 0.8877 Acc: 0.44 
Ep 22/100 | TR Loss: 0.0305 Acc: 1.00 | VAL Loss: 0.8399 Acc: 0.44 
Ep 23/100 | TR Loss: 0.0552 Acc: 1.00 | VAL Loss: 0.9351 Acc: 0.46 
Ep 24/100 | TR Loss: 0.0231 Acc: 1.00 | VAL Loss: 0.8649 Acc: 0.42 
Ep 25/100 | TR Loss: 0.0358 Acc: 1.00 | VAL Loss: 0.9477 Acc: 0.46 
Ep 26/100 | TR Loss: 0.0271 Acc: 1.00 | VAL Loss: 0.9730 Acc: 0.46 
Ep 27/100 | TR Loss: 0.0275 Acc: 1.00 | VAL Loss: 0.9627 Acc: 0.46 
Ep 28/100 | TR Loss: 0.0244 Acc: 1.00 | VAL Loss: 0.9617 Acc: 0.46 
Ep 29/100 | TR Loss: 0.0216 Acc: 1.00 | VAL Loss: 0.9551 Acc: 0.42 
Ep 30/100 | TR Loss: 0.0179 Acc: 1.00 | VAL Loss: 0.9859 Acc: 0.44 
Ep 31/100 | TR Loss: 0.0078 Acc: 1.00 | VAL Loss: 0.9612 Acc: 0.42 
Ep 32/100 | TR Loss: 0.0039 Acc: 1.00 | VAL Loss: 0.9567 Acc: 0.42 
Ep 33/100 | TR Loss: 0.0066 Acc: 1.00 | VAL Loss: 0.9345 Acc: 0.40 
Ep 34/100 | TR Loss: 0.0076 Acc: 1.00 | VAL Loss: 0.9596 Acc: 0.42 
Ep 35/100 | TR Loss: 0.0113 Acc: 1.00 | VAL Loss: 0.9314 Acc: 0.40 
Ep 36/100 | TR Loss: 0.0166 Acc: 1.00 | VAL Loss: 0.9887 Acc: 0.44 
Ep 37/100 | TR Loss: 0.0097 Acc: 1.00 | VAL Loss: 0.9492 Acc: 0.42 
Ep 38/100 | TR Loss: 0.0093 Acc: 1.00 | VAL Loss: 0.9676 Acc: 0.44 
Ep 39/100 | TR Loss: 0.0033 Acc: 1.00 | VAL Loss: 0.9539 Acc: 0.44 
Ep 40/100 | TR Loss: 0.0027 Acc: 1.00 | VAL Loss: 0.9604 Acc: 0.44 
Ep 41/100 | TR Loss: 0.0033 Acc: 1.00 | VAL Loss: 0.9562 Acc: 0.44 
Ep 42/100 | TR Loss: 0.0039 Acc: 1.00 | VAL Loss: 0.9489 Acc: 0.44 
Ep 43/100 | TR Loss: 0.0041 Acc: 1.00 | VAL Loss: 0.9317 Acc: 0.44 
Ep 44/100 | TR Loss: 0.0037 Acc: 1.00 | VAL Loss: 0.9291 Acc: 0.44 
Ep 45/100 | TR Loss: 0.0030 Acc: 1.00 | VAL Loss: 0.9283 Acc: 0.44 
Ep 46/100 | TR Loss: 0.0021 Acc: 1.00 | VAL Loss: 0.9287 Acc: 0.44 
Ep 47/100 | TR Loss: 0.0014 Acc: 1.00 | VAL Loss: 0.9299 Acc: 0.44 
Ep 48/100 | TR Loss: 0.0013 Acc: 1.00 | VAL Loss: 0.9279 Acc: 0.44 
Ep 49/100 | TR Loss: 0.0013 Acc: 1.00 | VAL Loss: 0.9245 Acc: 0.44 
Ep 50/100 | TR Loss: 0.0014 Acc: 1.00 | VAL Loss: 0.9214 Acc: 0.44 
Ep 51/100 | TR Loss: 0.0015 Acc: 1.00 | VAL Loss: 0.9187 Acc: 0.44 
Ep 52/100 | TR Loss: 0.0014 Acc: 1.00 | VAL Loss: 0.9166 Acc: 0.44 
Ep 53/100 | TR Loss: 0.0010 Acc: 1.00 | VAL Loss: 0.9154 Acc: 0.44 
Ep 54/100 | TR Loss: 0.0008 Acc: 1.00 | VAL Loss: 0.9151 Acc: 0.44 
Ep 55/100 | TR Loss: 0.0006 Acc: 1.00 | VAL Loss: 0.9152 Acc: 0.44 
Ep 56/100 | TR Loss: 0.0006 Acc: 1.00 | VAL Loss: 0.9151 Acc: 0.44 
Ep 57/100 | TR Loss: 0.0007 Acc: 1.00 | VAL Loss: 0.9145 Acc: 0.44 
Ep 58/100 | TR Loss: 0.0008 Acc: 1.00 | VAL Loss: 0.9132 Acc: 0.44 
Ep 59/100 | TR Loss: 0.0007 Acc: 1.00 | VAL Loss: 0.9112 Acc: 0.44 
Ep 60/100 | TR Loss: 0.0005 Acc: 1.00 | VAL Loss: 0.9092 Acc: 0.44 
Ep 61/100 | TR Loss: 0.0003 Acc: 1.00 | VAL Loss: 0.9075 Acc: 0.44 
Ep 62/100 | TR Loss: 0.0003 Acc: 1.00 | VAL Loss: 0.9063 Acc: 0.44 
Ep 63/100 | TR Loss: 0.0003 Acc: 1.00 | VAL Loss: 0.9055 Acc: 0.44 
Ep 64/100 | TR Loss: 0.0004 Acc: 1.00 | VAL Loss: 0.9054 Acc: 0.44 
Ep 65/100 | TR Loss: 0.0003 Acc: 1.00 | VAL Loss: 0.9059 Acc: 0.44 
Ep 66/100 | TR Loss: 0.0003 Acc: 1.00 | VAL Loss: 0.9071 Acc: 0.44 
Ep 67/100 | TR Loss: 0.0002 Acc: 1.00 | VAL Loss: 0.9085 Acc: 0.44 
Ep 68/100 | TR Loss: 0.0001 Acc: 1.00 | VAL Loss: 0.9095 Acc: 0.44 
Ep 69/100 | TR Loss: 0.0002 Acc: 1.00 | VAL Loss: 0.9100 Acc: 0.44 
Ep 70/100 | TR Loss: 0.0002 Acc: 1.00 | VAL Loss: 0.9099 Acc: 0.44 
Ep 71/100 | TR Loss: 0.0002 Acc: 1.00 | VAL Loss: 0.9097 Acc: 0.44 
Ep 72/100 | TR Loss: 0.0002 Acc: 1.00 | VAL Loss: 0.9096 Acc: 0.44 
Ep 73/100 | TR Loss: 0.0001 Acc: 1.00 | VAL Loss: 0.9095 Acc: 0.44 
Ep 74/100 | TR Loss: 0.0001 Acc: 1.00 | VAL Loss: 0.9090 Acc: 0.44 
Ep 75/100 | TR Loss: 0.0001 Acc: 1.00 | VAL Loss: 0.9081 Acc: 0.44 
Ep 76/100 | TR Loss: 0.0001 Acc: 1.00 | VAL Loss: 0.9070 Acc: 0.44 
Ep 77/100 | TR Loss: 0.0001 Acc: 1.00 | VAL Loss: 0.9060 Acc: 0.44 
Ep 78/100 | TR Loss: 0.0001 Acc: 1.00 | VAL Loss: 0.9054 Acc: 0.44 
Ep 79/100 | TR Loss: 0.0001 Acc: 1.00 | VAL Loss: 0.9051 Acc: 0.44 
Ep 80/100 | TR Loss: 0.0000 Acc: 1.00 | VAL Loss: 0.9051 Acc: 0.44 
Ep 81/100 | TR Loss: 0.0000 Acc: 1.00 | VAL Loss: 0.9056 Acc: 0.44 
Ep 82/100 | TR Loss: 0.0000 Acc: 1.00 | VAL Loss: 0.9064 Acc: 0.44 
Ep 83/100 | TR Loss: 0.0001 Acc: 1.00 | VAL Loss: 0.9075 Acc: 0.44 
Ep 84/100 | TR Loss: 0.0001 Acc: 1.00 | VAL Loss: 0.9084 Acc: 0.44 
Ep 85/100 | TR Loss: 0.0000 Acc: 1.00 | VAL Loss: 0.9089 Acc: 0.44 
Ep 86/100 | TR Loss: 0.0000 Acc: 1.00 | VAL Loss: 0.9090 Acc: 0.44 
Ep 87/100 | TR Loss: 0.0000 Acc: 1.00 | VAL Loss: 0.9087 Acc: 0.44 
Ep 88/100 | TR Loss: 0.0000 Acc: 1.00 | VAL Loss: 0.9082 Acc: 0.44 
Ep 89/100 | TR Loss: 0.0000 Acc: 1.00 | VAL Loss: 0.9078 Acc: 0.44 
Ep 90/100 | TR Loss: 0.0000 Acc: 1.00 | VAL Loss: 0.9074 Acc: 0.44 
Ep 91/100 | TR Loss: 0.0000 Acc: 1.00 | VAL Loss: 0.9071 Acc: 0.44 
Ep 92/100 | TR Loss: 0.0000 Acc: 1.00 | VAL Loss: 0.9069 Acc: 0.44 
Ep 93/100 | TR Loss: 0.0000 Acc: 1.00 | VAL Loss: 0.9070 Acc: 0.44 
Ep 94/100 | TR Loss: 0.0000 Acc: 1.00 | VAL Loss: 0.9073 Acc: 0.44 
Ep 95/100 | TR Loss: 0.0000 Acc: 1.00 | VAL Loss: 0.9075 Acc: 0.44 
Ep 96/100 | TR Loss: 0.0000 Acc: 1.00 | VAL Loss: 0.9078 Acc: 0.44 
Ep 97/100 | TR Loss: 0.0000 Acc: 1.00 | VAL Loss: 0.9079 Acc: 0.44 
Ep 98/100 | TR Loss: 0.0000 Acc: 1.00 | VAL Loss: 0.9080 Acc: 0.44 
Ep 99/100 | TR Loss: 0.0000 Acc: 1.00 | VAL Loss: 0.9082 Acc: 0.44 
Ep 100/100 | TR Loss: 0.0000 Acc: 1.00 | VAL Loss: 0.9084 Acc: 0.44 
[*] Training plots saved to: output_qnlp/job_1094687/training_metrics.png

==================================================
BEST MODEL TEST SET EVALUATION (MULTIPLE THRESHOLDS)
==================================================
Threshold  | Acc      | Prec     | Rec      | F1      
--------------------------------------------------
0.30       | 0.70     | 0.73     | 0.90     | 0.81     
0.40       | 0.62     | 0.73     | 0.73     | 0.73     
0.50       | 0.54     | 0.74     | 0.53     | 0.62     <-- (Arg)
0.60       | 0.40     | 0.73     | 0.23     | 0.35     
0.70       | 0.38     | 0.75     | 0.17     | 0.28     
==================================================

========================================
End    : Fri May 22 02:55:51 +03 2026
Output : output_qnlp/job_1094687
total 275K
-rw-r--r-- 1 aerturk23 hpcusers 179K May 22 02:55 best_model.pth
-rw-r--r-- 1 aerturk23 hpcusers  292 May 22 02:54 config.json
-rw-r--r-- 1 aerturk23 hpcusers  13K May 22 02:55 history.json
-rw-r--r-- 1 aerturk23 hpcusers  966 May 22  2026 output.err
-rw-r--r-- 1 aerturk23 hpcusers 8.2K May 22 02:54 output.log
-rw-r--r-- 1 aerturk23 hpcusers  73K May 22 02:55 training_metrics.png
========================================
