========================================
Job ID : 1094769
Start  : Fri May 22 06:32:45 +03 2026
GPU    : Tesla T4
========================================
--- Quantum QNLP Script starting ---
[*] Configuration saved to: output_qnlp/job_1094769/config.json
========================================
DATA SOURCE SELECTION : SYNTHETIC
TRAINING SIZE         : 10
VALIDATION SIZE       : 50
TEST SIZE             : 100
WEIGHT DECAY          : 0.0001
CLASSIFICATION THRESHOLD : 0.5
QUANTUM LAYERS        : 2
========================================

--- Preparing Dataset ---
Generating DisCoCat grammar diagrams...
Generating quantum circuits (IQP Ansatz)...

--- Starting Quantum Model Training (Epochs: 100) ---
Ep 01/100 | TR Loss: 0.8413 Acc: 0.60 | VAL Loss: 0.8965 Acc: 0.44 *(Best)*
Ep 02/100 | TR Loss: 0.5563 Acc: 0.60 | VAL Loss: 0.8524 Acc: 0.38 *(Best)*
Ep 03/100 | TR Loss: 0.6266 Acc: 0.40 | VAL Loss: 0.7735 Acc: 0.58 *(Best)*
Ep 04/100 | TR Loss: 0.7218 Acc: 0.50 | VAL Loss: 0.9053 Acc: 0.60 
Ep 05/100 | TR Loss: 0.4547 Acc: 0.70 | VAL Loss: 0.8383 Acc: 0.60 
Ep 06/100 | TR Loss: 0.3612 Acc: 0.80 | VAL Loss: 0.8254 Acc: 0.52 
Ep 07/100 | TR Loss: 0.3255 Acc: 0.80 | VAL Loss: 0.8173 Acc: 0.52 
Ep 08/100 | TR Loss: 0.3148 Acc: 0.80 | VAL Loss: 0.8263 Acc: 0.54 
Ep 09/100 | TR Loss: 0.2788 Acc: 0.80 | VAL Loss: 0.8251 Acc: 0.62 
Ep 10/100 | TR Loss: 0.2734 Acc: 0.90 | VAL Loss: 0.8609 Acc: 0.60 
Ep 11/100 | TR Loss: 0.2378 Acc: 1.00 | VAL Loss: 0.8418 Acc: 0.52 
Ep 12/100 | TR Loss: 0.1935 Acc: 1.00 | VAL Loss: 0.8293 Acc: 0.50 
Ep 13/100 | TR Loss: 0.2528 Acc: 0.90 | VAL Loss: 0.8427 Acc: 0.60 
Ep 14/100 | TR Loss: 0.2215 Acc: 0.90 | VAL Loss: 0.8107 Acc: 0.62 
Ep 15/100 | TR Loss: 0.1892 Acc: 0.90 | VAL Loss: 0.8441 Acc: 0.62 
Ep 16/100 | TR Loss: 0.1800 Acc: 0.90 | VAL Loss: 0.8820 Acc: 0.56 
Ep 17/100 | TR Loss: 0.1674 Acc: 0.90 | VAL Loss: 0.9027 Acc: 0.58 
Ep 18/100 | TR Loss: 0.1703 Acc: 0.90 | VAL Loss: 0.9832 Acc: 0.56 
Ep 19/100 | TR Loss: 0.1597 Acc: 0.90 | VAL Loss: 0.9547 Acc: 0.54 
Ep 20/100 | TR Loss: 0.1636 Acc: 0.80 | VAL Loss: 1.1085 Acc: 0.52 
Ep 21/100 | TR Loss: 0.1571 Acc: 0.80 | VAL Loss: 0.9947 Acc: 0.62 
Ep 22/100 | TR Loss: 0.1556 Acc: 0.90 | VAL Loss: 1.0316 Acc: 0.62 
Ep 23/100 | TR Loss: 0.1530 Acc: 0.90 | VAL Loss: 1.0562 Acc: 0.62 
Ep 24/100 | TR Loss: 0.1494 Acc: 0.90 | VAL Loss: 1.0930 Acc: 0.58 
Ep 25/100 | TR Loss: 0.1445 Acc: 0.90 | VAL Loss: 1.1297 Acc: 0.62 
Ep 26/100 | TR Loss: 0.1420 Acc: 0.90 | VAL Loss: 1.1636 Acc: 0.64 
Ep 27/100 | TR Loss: 0.1362 Acc: 0.90 | VAL Loss: 1.1654 Acc: 0.64 
Ep 28/100 | TR Loss: 0.1304 Acc: 0.90 | VAL Loss: 1.1820 Acc: 0.66 
Ep 29/100 | TR Loss: 0.1241 Acc: 0.90 | VAL Loss: 1.1975 Acc: 0.66 
Ep 30/100 | TR Loss: 0.1163 Acc: 0.90 | VAL Loss: 1.2420 Acc: 0.64 
Ep 31/100 | TR Loss: 0.1039 Acc: 0.90 | VAL Loss: 1.1872 Acc: 0.64 
Ep 32/100 | TR Loss: 0.0812 Acc: 1.00 | VAL Loss: 1.0937 Acc: 0.60 
Ep 33/100 | TR Loss: 0.0437 Acc: 1.00 | VAL Loss: 1.1221 Acc: 0.60 
Ep 34/100 | TR Loss: 0.0498 Acc: 1.00 | VAL Loss: 1.1318 Acc: 0.58 
Ep 35/100 | TR Loss: 0.1126 Acc: 1.00 | VAL Loss: 1.0279 Acc: 0.56 
Ep 36/100 | TR Loss: 0.0380 Acc: 1.00 | VAL Loss: 0.9952 Acc: 0.62 
Ep 37/100 | TR Loss: 0.0354 Acc: 1.00 | VAL Loss: 0.9759 Acc: 0.56 
Ep 38/100 | TR Loss: 0.0365 Acc: 1.00 | VAL Loss: 0.9578 Acc: 0.54 
Ep 39/100 | TR Loss: 0.0427 Acc: 1.00 | VAL Loss: 0.9494 Acc: 0.52 
Ep 40/100 | TR Loss: 0.0131 Acc: 1.00 | VAL Loss: 0.9004 Acc: 0.54 
Ep 41/100 | TR Loss: 0.0436 Acc: 1.00 | VAL Loss: 0.8869 Acc: 0.56 
Ep 42/100 | TR Loss: 0.0246 Acc: 1.00 | VAL Loss: 0.8665 Acc: 0.56 
Ep 43/100 | TR Loss: 0.0374 Acc: 1.00 | VAL Loss: 0.8835 Acc: 0.56 
Ep 44/100 | TR Loss: 0.0160 Acc: 1.00 | VAL Loss: 0.8752 Acc: 0.56 
Ep 45/100 | TR Loss: 0.0214 Acc: 1.00 | VAL Loss: 0.8769 Acc: 0.56 
Ep 46/100 | TR Loss: 0.0171 Acc: 1.00 | VAL Loss: 0.8833 Acc: 0.58 
Ep 47/100 | TR Loss: 0.0194 Acc: 1.00 | VAL Loss: 0.8609 Acc: 0.56 
Ep 48/100 | TR Loss: 0.0088 Acc: 1.00 | VAL Loss: 0.8662 Acc: 0.58 
Ep 49/100 | TR Loss: 0.0086 Acc: 1.00 | VAL Loss: 0.8579 Acc: 0.58 
Ep 50/100 | TR Loss: 0.0061 Acc: 1.00 | VAL Loss: 0.8689 Acc: 0.60 
Ep 51/100 | TR Loss: 0.0045 Acc: 1.00 | VAL Loss: 0.8625 Acc: 0.60 
Ep 52/100 | TR Loss: 0.0037 Acc: 1.00 | VAL Loss: 0.8734 Acc: 0.60 
Ep 53/100 | TR Loss: 0.0028 Acc: 1.00 | VAL Loss: 0.8799 Acc: 0.60 
Ep 54/100 | TR Loss: 0.0019 Acc: 1.00 | VAL Loss: 0.8939 Acc: 0.60 
Ep 55/100 | TR Loss: 0.0016 Acc: 1.00 | VAL Loss: 0.9092 Acc: 0.60 
Ep 56/100 | TR Loss: 0.0011 Acc: 1.00 | VAL Loss: 0.9223 Acc: 0.60 
Ep 57/100 | TR Loss: 0.0010 Acc: 1.00 | VAL Loss: 0.9334 Acc: 0.60 
Ep 58/100 | TR Loss: 0.0008 Acc: 1.00 | VAL Loss: 0.9324 Acc: 0.60 
Ep 59/100 | TR Loss: 0.0010 Acc: 1.00 | VAL Loss: 0.9186 Acc: 0.60 
Ep 60/100 | TR Loss: 0.0008 Acc: 1.00 | VAL Loss: 0.9091 Acc: 0.62 
Ep 61/100 | TR Loss: 0.0007 Acc: 1.00 | VAL Loss: 0.9069 Acc: 0.62 
Ep 62/100 | TR Loss: 0.0006 Acc: 1.00 | VAL Loss: 0.9100 Acc: 0.62 
Ep 63/100 | TR Loss: 0.0005 Acc: 1.00 | VAL Loss: 0.9104 Acc: 0.62 
Ep 64/100 | TR Loss: 0.0004 Acc: 1.00 | VAL Loss: 0.9103 Acc: 0.62 
Ep 65/100 | TR Loss: 0.0004 Acc: 1.00 | VAL Loss: 0.9095 Acc: 0.62 
Ep 66/100 | TR Loss: 0.0004 Acc: 1.00 | VAL Loss: 0.9129 Acc: 0.62 
Ep 67/100 | TR Loss: 0.0004 Acc: 1.00 | VAL Loss: 0.9169 Acc: 0.60 
Ep 68/100 | TR Loss: 0.0004 Acc: 1.00 | VAL Loss: 0.9230 Acc: 0.56 
Ep 69/100 | TR Loss: 0.0004 Acc: 1.00 | VAL Loss: 0.9281 Acc: 0.60 
Ep 70/100 | TR Loss: 0.0004 Acc: 1.00 | VAL Loss: 0.9347 Acc: 0.60 
Ep 71/100 | TR Loss: 0.0003 Acc: 1.00 | VAL Loss: 0.9385 Acc: 0.60 
Ep 72/100 | TR Loss: 0.0003 Acc: 1.00 | VAL Loss: 0.9393 Acc: 0.60 
Ep 73/100 | TR Loss: 0.0003 Acc: 1.00 | VAL Loss: 0.9352 Acc: 0.60 
Ep 74/100 | TR Loss: 0.0003 Acc: 1.00 | VAL Loss: 0.9298 Acc: 0.60 
Ep 75/100 | TR Loss: 0.0003 Acc: 1.00 | VAL Loss: 0.9251 Acc: 0.60 
Ep 76/100 | TR Loss: 0.0002 Acc: 1.00 | VAL Loss: 0.9220 Acc: 0.60 
Ep 77/100 | TR Loss: 0.0002 Acc: 1.00 | VAL Loss: 0.9192 Acc: 0.62 
Ep 78/100 | TR Loss: 0.0002 Acc: 1.00 | VAL Loss: 0.9177 Acc: 0.62 
Ep 79/100 | TR Loss: 0.0002 Acc: 1.00 | VAL Loss: 0.9168 Acc: 0.62 
Ep 80/100 | TR Loss: 0.0002 Acc: 1.00 | VAL Loss: 0.9167 Acc: 0.62 
Ep 81/100 | TR Loss: 0.0002 Acc: 1.00 | VAL Loss: 0.9183 Acc: 0.62 
Ep 82/100 | TR Loss: 0.0001 Acc: 1.00 | VAL Loss: 0.9188 Acc: 0.62 
Ep 83/100 | TR Loss: 0.0002 Acc: 1.00 | VAL Loss: 0.9199 Acc: 0.62 
Ep 84/100 | TR Loss: 0.0002 Acc: 1.00 | VAL Loss: 0.9218 Acc: 0.62 
Ep 85/100 | TR Loss: 0.0001 Acc: 1.00 | VAL Loss: 0.9217 Acc: 0.62 
Ep 86/100 | TR Loss: 0.0002 Acc: 1.00 | VAL Loss: 0.9237 Acc: 0.62 
Ep 87/100 | TR Loss: 0.0001 Acc: 1.00 | VAL Loss: 0.9247 Acc: 0.62 
Ep 88/100 | TR Loss: 0.0001 Acc: 1.00 | VAL Loss: 0.9229 Acc: 0.62 
Ep 89/100 | TR Loss: 0.0002 Acc: 1.00 | VAL Loss: 0.9257 Acc: 0.62 
Ep 90/100 | TR Loss: 0.0001 Acc: 1.00 | VAL Loss: 0.9241 Acc: 0.62 
Ep 91/100 | TR Loss: 0.0002 Acc: 1.00 | VAL Loss: 0.9223 Acc: 0.62 
Ep 92/100 | TR Loss: 0.0003 Acc: 1.00 | VAL Loss: 0.9277 Acc: 0.62 
Ep 93/100 | TR Loss: 0.0002 Acc: 1.00 | VAL Loss: 0.9214 Acc: 0.62 
Ep 94/100 | TR Loss: 0.0006 Acc: 1.00 | VAL Loss: 0.9242 Acc: 0.62 
Ep 95/100 | TR Loss: 0.0007 Acc: 1.00 | VAL Loss: 0.9343 Acc: 0.58 
Ep 96/100 | TR Loss: 0.0007 Acc: 1.00 | VAL Loss: 0.9209 Acc: 0.62 
Ep 97/100 | TR Loss: 0.0021 Acc: 1.00 | VAL Loss: 0.9351 Acc: 0.62 
Ep 98/100 | TR Loss: 0.0025 Acc: 1.00 | VAL Loss: 0.9509 Acc: 0.58 
Ep 99/100 | TR Loss: 0.0034 Acc: 1.00 | VAL Loss: 0.9392 Acc: 0.62 
Ep 100/100 | TR Loss: 0.0062 Acc: 1.00 | VAL Loss: 0.9696 Acc: 0.60 
[*] Training plots saved to: output_qnlp/job_1094769/training_metrics.png

==================================================
BEST MODEL TEST SET EVALUATION (MULTIPLE THRESHOLDS)
==================================================
Threshold  | Acc      | Prec     | Rec      | F1      
--------------------------------------------------
0.30       | 0.50     | 0.51     | 0.71     | 0.60     
0.40       | 0.41     | 0.44     | 0.50     | 0.47     
0.50       | 0.37     | 0.37     | 0.31     | 0.34     <-- (Arg)
0.60       | 0.48     | 0.50     | 0.21     | 0.30     
0.70       | 0.47     | 0.45     | 0.10     | 0.16     
==================================================

========================================
End    : Fri May 22 06:34:26 +03 2026
Output : output_qnlp/job_1094769
total 118K
-rw-r--r-- 1 aerturk23 hpcusers  11K May 22 06:33 best_model.pth
-rw-r--r-- 1 aerturk23 hpcusers  296 May 22 06:32 config.json
-rw-r--r-- 1 aerturk23 hpcusers  13K May 22 06:34 history.json
-rw-r--r-- 1 aerturk23 hpcusers  966 May 22  2026 output.err
-rw-r--r-- 1 aerturk23 hpcusers 8.2K May 22  2026 output.log
-rw-r--r-- 1 aerturk23 hpcusers  85K May 22 06:34 training_metrics.png
========================================
