========================================
Job ID : 1094638
Start  : Fri May 22 02:43:42 +03 2026
GPU    : Tesla T4
========================================
--- Classical LSTM Script starting ---
[*] Configuration saved to: output_classical/job_1094638/config.json
========================================
MODEL                 : CLASSICAL LSTM
DATA SOURCE SELECTION : BACH
TRAINING SIZE         : 500
VALIDATION SIZE       : 50
TEST SIZE             : 100
WEIGHT DECAY          : 0.0001
DROPOUT RATE          : 0.2
CLASSIFICATION THRESHOLD : 0.5
BATCH SIZE            : 16
EMBED/HIDDEN DIMS     : 16 / 32
========================================

--- Preparing Dataset and Tokenization ---
[*] REAL DATASET SIZES -> Train: 500 | Val: 50 | Test: 100
--- Initializing Classical Model ---

--- Starting Classical LSTM Training (Epochs: 100) ---
Ep 01/100 | TR Loss: 0.6986 Acc: 0.49 | VAL Loss: 0.6963 Acc: 0.58 *(Best)*
Ep 02/100 | TR Loss: 0.5971 Acc: 0.68 | VAL Loss: 0.6145 Acc: 0.82 *(Best)*
Ep 03/100 | TR Loss: 0.5562 Acc: 0.74 | VAL Loss: 0.4846 Acc: 0.76 *(Best)*
Ep 04/100 | TR Loss: 0.5514 Acc: 0.75 | VAL Loss: 0.4641 Acc: 0.78 *(Best)*
Ep 05/100 | TR Loss: 0.5344 Acc: 0.76 | VAL Loss: 0.4670 Acc: 0.80 
Ep 06/100 | TR Loss: 0.5216 Acc: 0.77 | VAL Loss: 0.4534 Acc: 0.80 *(Best)*
Ep 07/100 | TR Loss: 0.5010 Acc: 0.79 | VAL Loss: 0.5658 Acc: 0.86 
Ep 08/100 | TR Loss: 0.5535 Acc: 0.77 | VAL Loss: 0.4098 Acc: 0.84 *(Best)*
Ep 09/100 | TR Loss: 0.5537 Acc: 0.76 | VAL Loss: 0.4226 Acc: 0.84 
Ep 10/100 | TR Loss: 0.5454 Acc: 0.76 | VAL Loss: 0.4232 Acc: 0.84 
Ep 11/100 | TR Loss: 0.5478 Acc: 0.76 | VAL Loss: 0.4354 Acc: 0.84 
Ep 12/100 | TR Loss: 0.5466 Acc: 0.76 | VAL Loss: 0.4202 Acc: 0.84 
Ep 13/100 | TR Loss: 0.5357 Acc: 0.76 | VAL Loss: 0.4316 Acc: 0.84 
Ep 14/100 | TR Loss: 0.5382 Acc: 0.76 | VAL Loss: 0.4113 Acc: 0.84 
Ep 15/100 | TR Loss: 0.5391 Acc: 0.77 | VAL Loss: 0.3956 Acc: 0.86 *(Best)*
Ep 16/100 | TR Loss: 0.5260 Acc: 0.77 | VAL Loss: 0.3871 Acc: 0.86 *(Best)*
Ep 17/100 | TR Loss: 0.5318 Acc: 0.76 | VAL Loss: 0.4191 Acc: 0.86 
Ep 18/100 | TR Loss: 0.5223 Acc: 0.77 | VAL Loss: 0.4135 Acc: 0.84 
Ep 19/100 | TR Loss: 0.5212 Acc: 0.78 | VAL Loss: 0.4089 Acc: 0.84 
Ep 20/100 | TR Loss: 0.5663 Acc: 0.73 | VAL Loss: 0.6121 Acc: 0.62 
Ep 21/100 | TR Loss: 0.6405 Acc: 0.59 | VAL Loss: 0.6109 Acc: 0.58 
Ep 22/100 | TR Loss: 0.6256 Acc: 0.60 | VAL Loss: 0.6253 Acc: 0.58 
Ep 23/100 | TR Loss: 0.6252 Acc: 0.57 | VAL Loss: 0.6188 Acc: 0.58 
Ep 24/100 | TR Loss: 0.6321 Acc: 0.55 | VAL Loss: 0.6293 Acc: 0.58 
Ep 25/100 | TR Loss: 0.6330 Acc: 0.59 | VAL Loss: 0.6868 Acc: 0.48 
Ep 26/100 | TR Loss: 0.6383 Acc: 0.54 | VAL Loss: 0.6863 Acc: 0.48 
Ep 27/100 | TR Loss: 0.6375 Acc: 0.57 | VAL Loss: 0.6567 Acc: 0.54 
Ep 28/100 | TR Loss: 0.6015 Acc: 0.62 | VAL Loss: 0.6556 Acc: 0.54 
Ep 29/100 | TR Loss: 0.5968 Acc: 0.60 | VAL Loss: 0.6532 Acc: 0.54 
Ep 30/100 | TR Loss: 0.5936 Acc: 0.63 | VAL Loss: 0.6525 Acc: 0.54 
Ep 31/100 | TR Loss: 0.5979 Acc: 0.63 | VAL Loss: 0.6546 Acc: 0.54 
Ep 32/100 | TR Loss: 0.5998 Acc: 0.63 | VAL Loss: 0.6506 Acc: 0.54 
Ep 33/100 | TR Loss: 0.6032 Acc: 0.63 | VAL Loss: 0.6496 Acc: 0.54 
Ep 34/100 | TR Loss: 0.6020 Acc: 0.63 | VAL Loss: 0.6503 Acc: 0.54 
Ep 35/100 | TR Loss: 0.6094 Acc: 0.61 | VAL Loss: 0.6660 Acc: 0.52 
Ep 36/100 | TR Loss: 0.6364 Acc: 0.56 | VAL Loss: 0.6967 Acc: 0.58 
Ep 37/100 | TR Loss: 0.6445 Acc: 0.55 | VAL Loss: 0.6921 Acc: 0.48 
Ep 38/100 | TR Loss: 0.6429 Acc: 0.53 | VAL Loss: 0.6896 Acc: 0.48 
Ep 39/100 | TR Loss: 0.6420 Acc: 0.56 | VAL Loss: 0.6945 Acc: 0.48 
Ep 40/100 | TR Loss: 0.6423 Acc: 0.52 | VAL Loss: 0.6939 Acc: 0.48 
Ep 41/100 | TR Loss: 0.6431 Acc: 0.56 | VAL Loss: 0.6954 Acc: 0.48 
Ep 42/100 | TR Loss: 0.6475 Acc: 0.56 | VAL Loss: 0.6943 Acc: 0.48 
Ep 43/100 | TR Loss: 0.6392 Acc: 0.52 | VAL Loss: 0.6919 Acc: 0.48 
Ep 44/100 | TR Loss: 0.6452 Acc: 0.54 | VAL Loss: 0.6906 Acc: 0.48 
Ep 45/100 | TR Loss: 0.6436 Acc: 0.56 | VAL Loss: 0.6949 Acc: 0.48 
Ep 46/100 | TR Loss: 0.6426 Acc: 0.51 | VAL Loss: 0.6982 Acc: 0.48 
Ep 47/100 | TR Loss: 0.6468 Acc: 0.56 | VAL Loss: 0.6933 Acc: 0.48 
Ep 48/100 | TR Loss: 0.6462 Acc: 0.56 | VAL Loss: 0.7003 Acc: 0.48 
Ep 49/100 | TR Loss: 0.6477 Acc: 0.53 | VAL Loss: 0.6988 Acc: 0.58 
Ep 50/100 | TR Loss: 0.6478 Acc: 0.51 | VAL Loss: 0.6970 Acc: 0.48 
Ep 51/100 | TR Loss: 0.6468 Acc: 0.56 | VAL Loss: 0.6968 Acc: 0.56 
Ep 52/100 | TR Loss: 0.6431 Acc: 0.53 | VAL Loss: 0.6961 Acc: 0.48 
Ep 53/100 | TR Loss: 0.6460 Acc: 0.56 | VAL Loss: 0.6945 Acc: 0.48 
Ep 54/100 | TR Loss: 0.6457 Acc: 0.53 | VAL Loss: 0.6954 Acc: 0.48 
Ep 55/100 | TR Loss: 0.6453 Acc: 0.56 | VAL Loss: 0.6941 Acc: 0.48 
Ep 56/100 | TR Loss: 0.6486 Acc: 0.53 | VAL Loss: 0.6911 Acc: 0.48 
Ep 57/100 | TR Loss: 0.6433 Acc: 0.56 | VAL Loss: 0.7071 Acc: 0.46 
Ep 58/100 | TR Loss: 0.6421 Acc: 0.53 | VAL Loss: 0.7072 Acc: 0.46 
Ep 59/100 | TR Loss: 0.6551 Acc: 0.55 | VAL Loss: 0.6809 Acc: 0.60 
Ep 60/100 | TR Loss: 0.6727 Acc: 0.60 | VAL Loss: 0.7083 Acc: 0.54 
Ep 61/100 | TR Loss: 0.5984 Acc: 0.68 | VAL Loss: 0.6908 Acc: 0.46 
Ep 62/100 | TR Loss: 0.6140 Acc: 0.70 | VAL Loss: 0.5896 Acc: 0.70 
Ep 63/100 | TR Loss: 0.5727 Acc: 0.72 | VAL Loss: 0.8383 Acc: 0.70 
Ep 64/100 | TR Loss: 0.6233 Acc: 0.67 | VAL Loss: 0.6441 Acc: 0.70 
Ep 65/100 | TR Loss: 0.6253 Acc: 0.67 | VAL Loss: 0.6506 Acc: 0.64 
Ep 66/100 | TR Loss: 0.6118 Acc: 0.68 | VAL Loss: 0.6378 Acc: 0.70 
Ep 67/100 | TR Loss: 0.6490 Acc: 0.60 | VAL Loss: 0.6923 Acc: 0.58 
Ep 68/100 | TR Loss: 0.6144 Acc: 0.68 | VAL Loss: 0.4641 Acc: 0.78 
Ep 69/100 | TR Loss: 0.6174 Acc: 0.69 | VAL Loss: 0.5633 Acc: 0.78 
Ep 70/100 | TR Loss: 0.5395 Acc: 0.75 | VAL Loss: 0.3910 Acc: 0.86 
Ep 71/100 | TR Loss: 0.5018 Acc: 0.80 | VAL Loss: 0.3583 Acc: 0.88 *(Best)*
Ep 72/100 | TR Loss: 0.4874 Acc: 0.79 | VAL Loss: 0.4123 Acc: 0.84 
Ep 73/100 | TR Loss: 0.4771 Acc: 0.80 | VAL Loss: 0.4466 Acc: 0.78 
Ep 74/100 | TR Loss: 0.4945 Acc: 0.76 | VAL Loss: 0.4876 Acc: 0.74 
Ep 75/100 | TR Loss: 0.4877 Acc: 0.77 | VAL Loss: 0.4637 Acc: 0.74 
Ep 76/100 | TR Loss: 0.4627 Acc: 0.80 | VAL Loss: 0.4564 Acc: 0.88 
Ep 77/100 | TR Loss: 0.4522 Acc: 0.80 | VAL Loss: 0.4719 Acc: 0.86 
Ep 78/100 | TR Loss: 0.4374 Acc: 0.83 | VAL Loss: 0.5989 Acc: 0.88 
Ep 79/100 | TR Loss: 0.4137 Acc: 0.84 | VAL Loss: 0.5751 Acc: 0.88 
Ep 80/100 | TR Loss: 0.4098 Acc: 0.83 | VAL Loss: 0.5937 Acc: 0.86 
Ep 81/100 | TR Loss: 0.3900 Acc: 0.83 | VAL Loss: 0.6320 Acc: 0.84 
Ep 82/100 | TR Loss: 0.3916 Acc: 0.85 | VAL Loss: 0.7156 Acc: 0.80 
Ep 83/100 | TR Loss: 0.3983 Acc: 0.83 | VAL Loss: 0.6176 Acc: 0.84 
Ep 84/100 | TR Loss: 0.3613 Acc: 0.86 | VAL Loss: 0.5529 Acc: 0.78 
Ep 85/100 | TR Loss: 0.3837 Acc: 0.84 | VAL Loss: 0.3689 Acc: 0.80 
Ep 86/100 | TR Loss: 0.3734 Acc: 0.85 | VAL Loss: 0.3022 Acc: 0.84 *(Best)*
Ep 87/100 | TR Loss: 0.3279 Acc: 0.88 | VAL Loss: 0.3033 Acc: 0.88 
Ep 88/100 | TR Loss: 0.3049 Acc: 0.87 | VAL Loss: 0.3208 Acc: 0.84 
Ep 89/100 | TR Loss: 0.2918 Acc: 0.87 | VAL Loss: 0.3241 Acc: 0.84 
Ep 90/100 | TR Loss: 0.2833 Acc: 0.88 | VAL Loss: 0.3040 Acc: 0.84 
Ep 91/100 | TR Loss: 0.2820 Acc: 0.89 | VAL Loss: 0.3171 Acc: 0.82 
Ep 92/100 | TR Loss: 0.2598 Acc: 0.89 | VAL Loss: 0.6576 Acc: 0.84 
Ep 93/100 | TR Loss: 0.2797 Acc: 0.89 | VAL Loss: 0.6681 Acc: 0.84 
Ep 94/100 | TR Loss: 0.2823 Acc: 0.89 | VAL Loss: 0.6995 Acc: 0.82 
Ep 95/100 | TR Loss: 0.2377 Acc: 0.91 | VAL Loss: 0.8273 Acc: 0.86 
Ep 96/100 | TR Loss: 0.2381 Acc: 0.90 | VAL Loss: 0.6841 Acc: 0.86 
Ep 97/100 | TR Loss: 0.2975 Acc: 0.87 | VAL Loss: 0.5587 Acc: 0.82 
Ep 98/100 | TR Loss: 0.3129 Acc: 0.89 | VAL Loss: 0.5566 Acc: 0.84 
Ep 99/100 | TR Loss: 0.2460 Acc: 0.91 | VAL Loss: 0.6879 Acc: 0.84 
Ep 100/100 | TR Loss: 0.2438 Acc: 0.92 | VAL Loss: 0.7207 Acc: 0.82 

==================================================
BEST MODEL TEST SET EVALUATION (MULTIPLE THRESHOLDS)
==================================================
Threshold  | Acc      | Prec     | Rec      | F1      
--------------------------------------------------
0.30       | 0.81     | 0.80     | 0.81     | 0.80     
0.40       | 0.81     | 0.84     | 0.75     | 0.79     
0.50       | 0.80     | 0.85     | 0.71     | 0.77     <-- (Arg)
0.60       | 0.80     | 0.85     | 0.71     | 0.77     
0.70       | 0.80     | 0.87     | 0.69     | 0.77     
==================================================

========================================
End    : Fri May 22 02:43:59 +03 2026
Output : output_classical/job_1094638
total 185K
-rw-r--r-- 1 aerturk23 hpcusers  35K May 22  2026 best_model.pth
-rw-r--r-- 1 aerturk23 hpcusers  365 May 22 02:43 config.json
-rw-r--r-- 1 aerturk23 hpcusers  14K May 22  2026 history.json
-rw-r--r-- 1 aerturk23 hpcusers  966 May 22 02:43 output.err
-rw-r--r-- 1 aerturk23 hpcusers 8.3K May 22 02:43 output.log
-rw-r--r-- 1 aerturk23 hpcusers 126K May 22 02:43 training_metrics.png
========================================
