========================================
Job ID : 1094618
Start  : Fri May 22 02:15:01 +03 2026
GPU    : Tesla T4
========================================
--- Classical LSTM Script starting ---
[*] Configuration saved to: output_classical/job_1094618/config.json
========================================
MODEL                 : CLASSICAL LSTM
DATA SOURCE SELECTION : BACH
TRAINING SIZE         : 250
VALIDATION SIZE       : 50
TEST SIZE             : 100
WEIGHT DECAY          : 0.0001
DROPOUT RATE          : 0.2
CLASSIFICATION THRESHOLD : 0.5
BATCH SIZE            : 16
EMBED/HIDDEN DIMS     : 16 / 32
========================================

--- Preparing Dataset and Tokenization ---
[*] REAL DATASET SIZES -> Train: 250 | Val: 50 | Test: 100
--- Initializing Classical Model ---

--- Starting Classical LSTM Training (Epochs: 100) ---
Ep 01/100 | TR Loss: 0.6890 Acc: 0.50 | VAL Loss: 0.5871 Acc: 0.68 *(Best)*
Ep 02/100 | TR Loss: 0.6019 Acc: 0.70 | VAL Loss: 0.5318 Acc: 0.72 *(Best)*
Ep 03/100 | TR Loss: 0.4937 Acc: 0.78 | VAL Loss: 0.4519 Acc: 0.72 *(Best)*
Ep 04/100 | TR Loss: 0.4628 Acc: 0.80 | VAL Loss: 0.4418 Acc: 0.74 *(Best)*
Ep 05/100 | TR Loss: 0.4347 Acc: 0.80 | VAL Loss: 0.4368 Acc: 0.74 *(Best)*
Ep 06/100 | TR Loss: 0.4312 Acc: 0.81 | VAL Loss: 0.4413 Acc: 0.74 
Ep 07/100 | TR Loss: 0.4233 Acc: 0.82 | VAL Loss: 0.4770 Acc: 0.70 
Ep 08/100 | TR Loss: 0.4825 Acc: 0.76 | VAL Loss: 0.4377 Acc: 0.74 
Ep 09/100 | TR Loss: 0.4641 Acc: 0.82 | VAL Loss: 0.4583 Acc: 0.74 
Ep 10/100 | TR Loss: 0.5244 Acc: 0.78 | VAL Loss: 0.5633 Acc: 0.70 
Ep 11/100 | TR Loss: 0.5527 Acc: 0.76 | VAL Loss: 0.5069 Acc: 0.74 
Ep 12/100 | TR Loss: 0.5569 Acc: 0.76 | VAL Loss: 0.5446 Acc: 0.74 
Ep 13/100 | TR Loss: 0.5722 Acc: 0.76 | VAL Loss: 0.5115 Acc: 0.74 
Ep 14/100 | TR Loss: 0.5540 Acc: 0.76 | VAL Loss: 0.5330 Acc: 0.72 
Ep 15/100 | TR Loss: 0.5508 Acc: 0.76 | VAL Loss: 0.5282 Acc: 0.72 
Ep 16/100 | TR Loss: 0.5661 Acc: 0.76 | VAL Loss: 0.5754 Acc: 0.70 
Ep 17/100 | TR Loss: 0.5644 Acc: 0.76 | VAL Loss: 0.5495 Acc: 0.70 
Ep 18/100 | TR Loss: 0.5386 Acc: 0.76 | VAL Loss: 0.5634 Acc: 0.70 
Ep 19/100 | TR Loss: 0.5548 Acc: 0.76 | VAL Loss: 0.5557 Acc: 0.70 
Ep 20/100 | TR Loss: 0.5373 Acc: 0.77 | VAL Loss: 0.5570 Acc: 0.70 
Ep 21/100 | TR Loss: 0.5429 Acc: 0.77 | VAL Loss: 0.5554 Acc: 0.70 
Ep 22/100 | TR Loss: 0.5448 Acc: 0.77 | VAL Loss: 0.5645 Acc: 0.70 
Ep 23/100 | TR Loss: 0.5435 Acc: 0.77 | VAL Loss: 0.5581 Acc: 0.70 
Ep 24/100 | TR Loss: 0.5410 Acc: 0.77 | VAL Loss: 0.5580 Acc: 0.70 
Ep 25/100 | TR Loss: 0.5370 Acc: 0.77 | VAL Loss: 0.5501 Acc: 0.70 
Ep 26/100 | TR Loss: 0.5407 Acc: 0.77 | VAL Loss: 0.5599 Acc: 0.70 
Ep 27/100 | TR Loss: 0.5416 Acc: 0.77 | VAL Loss: 0.5479 Acc: 0.70 
Ep 28/100 | TR Loss: 0.5473 Acc: 0.77 | VAL Loss: 0.5593 Acc: 0.70 
Ep 29/100 | TR Loss: 0.5360 Acc: 0.77 | VAL Loss: 0.5633 Acc: 0.70 
Ep 30/100 | TR Loss: 0.5462 Acc: 0.77 | VAL Loss: 0.5594 Acc: 0.70 
Ep 31/100 | TR Loss: 0.5322 Acc: 0.78 | VAL Loss: 0.5884 Acc: 0.66 
Ep 32/100 | TR Loss: 0.5203 Acc: 0.79 | VAL Loss: 0.5931 Acc: 0.66 
Ep 33/100 | TR Loss: 0.5095 Acc: 0.80 | VAL Loss: 0.5785 Acc: 0.66 
Ep 34/100 | TR Loss: 0.4979 Acc: 0.80 | VAL Loss: 0.5943 Acc: 0.66 
Ep 35/100 | TR Loss: 0.4909 Acc: 0.81 | VAL Loss: 0.5946 Acc: 0.66 
Ep 36/100 | TR Loss: 0.4873 Acc: 0.81 | VAL Loss: 0.6118 Acc: 0.66 
Ep 37/100 | TR Loss: 0.4873 Acc: 0.82 | VAL Loss: 0.5851 Acc: 0.66 
Ep 38/100 | TR Loss: 0.4717 Acc: 0.82 | VAL Loss: 0.5895 Acc: 0.66 
Ep 39/100 | TR Loss: 0.4612 Acc: 0.82 | VAL Loss: 0.6079 Acc: 0.66 
Ep 40/100 | TR Loss: 0.4760 Acc: 0.82 | VAL Loss: 0.5866 Acc: 0.66 
Ep 41/100 | TR Loss: 0.4677 Acc: 0.82 | VAL Loss: 0.5832 Acc: 0.66 
Ep 42/100 | TR Loss: 0.4639 Acc: 0.82 | VAL Loss: 0.6044 Acc: 0.66 
Ep 43/100 | TR Loss: 0.4734 Acc: 0.82 | VAL Loss: 0.6001 Acc: 0.66 
Ep 44/100 | TR Loss: 0.4637 Acc: 0.82 | VAL Loss: 0.5798 Acc: 0.66 
Ep 45/100 | TR Loss: 0.4739 Acc: 0.82 | VAL Loss: 0.6011 Acc: 0.66 
Ep 46/100 | TR Loss: 0.4694 Acc: 0.82 | VAL Loss: 0.5912 Acc: 0.66 
Ep 47/100 | TR Loss: 0.4736 Acc: 0.82 | VAL Loss: 0.5874 Acc: 0.66 
Ep 48/100 | TR Loss: 0.4610 Acc: 0.82 | VAL Loss: 0.5970 Acc: 0.66 
Ep 49/100 | TR Loss: 0.4767 Acc: 0.82 | VAL Loss: 0.5914 Acc: 0.66 
Ep 50/100 | TR Loss: 0.4688 Acc: 0.82 | VAL Loss: 0.5969 Acc: 0.66 
Ep 51/100 | TR Loss: 0.4778 Acc: 0.82 | VAL Loss: 0.5925 Acc: 0.66 
Ep 52/100 | TR Loss: 0.4692 Acc: 0.82 | VAL Loss: 0.5944 Acc: 0.66 
Ep 53/100 | TR Loss: 0.4682 Acc: 0.82 | VAL Loss: 0.5804 Acc: 0.68 
Ep 54/100 | TR Loss: 0.4811 Acc: 0.82 | VAL Loss: 0.5916 Acc: 0.66 
Ep 55/100 | TR Loss: 0.4690 Acc: 0.82 | VAL Loss: 0.5778 Acc: 0.68 
Ep 56/100 | TR Loss: 0.4742 Acc: 0.82 | VAL Loss: 0.5847 Acc: 0.66 
Ep 57/100 | TR Loss: 0.6088 Acc: 0.70 | VAL Loss: 0.5858 Acc: 0.76 
Ep 58/100 | TR Loss: 0.5828 Acc: 0.74 | VAL Loss: 0.5454 Acc: 0.72 
Ep 59/100 | TR Loss: 0.5237 Acc: 0.78 | VAL Loss: 0.5629 Acc: 0.72 
Ep 60/100 | TR Loss: 0.5226 Acc: 0.79 | VAL Loss: 0.5230 Acc: 0.70 
Ep 61/100 | TR Loss: 0.5515 Acc: 0.77 | VAL Loss: 0.5284 Acc: 0.72 
Ep 62/100 | TR Loss: 0.6410 Acc: 0.66 | VAL Loss: 0.6832 Acc: 0.60 
Ep 63/100 | TR Loss: 0.6160 Acc: 0.68 | VAL Loss: 0.5518 Acc: 0.70 
Ep 64/100 | TR Loss: 0.6056 Acc: 0.70 | VAL Loss: 0.5376 Acc: 0.74 
Ep 65/100 | TR Loss: 0.6026 Acc: 0.71 | VAL Loss: 0.5463 Acc: 0.72 
Ep 66/100 | TR Loss: 0.5925 Acc: 0.71 | VAL Loss: 0.5740 Acc: 0.70 
Ep 67/100 | TR Loss: 0.5775 Acc: 0.72 | VAL Loss: 0.5921 Acc: 0.68 
Ep 68/100 | TR Loss: 0.5761 Acc: 0.72 | VAL Loss: 0.5890 Acc: 0.70 
Ep 69/100 | TR Loss: 0.5613 Acc: 0.74 | VAL Loss: 0.5695 Acc: 0.70 
Ep 70/100 | TR Loss: 0.5545 Acc: 0.74 | VAL Loss: 0.5736 Acc: 0.70 
Ep 71/100 | TR Loss: 0.5621 Acc: 0.74 | VAL Loss: 0.5585 Acc: 0.72 
Ep 72/100 | TR Loss: 0.5614 Acc: 0.74 | VAL Loss: 0.5780 Acc: 0.70 
Ep 73/100 | TR Loss: 0.5551 Acc: 0.74 | VAL Loss: 0.5922 Acc: 0.70 
Ep 74/100 | TR Loss: 0.5197 Acc: 0.78 | VAL Loss: 0.6840 Acc: 0.72 
Ep 75/100 | TR Loss: 0.4669 Acc: 0.82 | VAL Loss: 0.6900 Acc: 0.70 
Ep 76/100 | TR Loss: 0.4746 Acc: 0.80 | VAL Loss: 0.6238 Acc: 0.66 
Ep 77/100 | TR Loss: 0.5236 Acc: 0.72 | VAL Loss: 0.5716 Acc: 0.66 
Ep 78/100 | TR Loss: 0.5405 Acc: 0.70 | VAL Loss: 0.6253 Acc: 0.58 
Ep 79/100 | TR Loss: 0.5482 Acc: 0.68 | VAL Loss: 0.6147 Acc: 0.58 
Ep 80/100 | TR Loss: 0.5622 Acc: 0.67 | VAL Loss: 0.6159 Acc: 0.58 
Ep 81/100 | TR Loss: 0.5606 Acc: 0.67 | VAL Loss: 0.6295 Acc: 0.56 
Ep 82/100 | TR Loss: 0.5632 Acc: 0.67 | VAL Loss: 0.6343 Acc: 0.56 
Ep 83/100 | TR Loss: 0.5588 Acc: 0.67 | VAL Loss: 0.6219 Acc: 0.56 
Ep 84/100 | TR Loss: 0.5603 Acc: 0.67 | VAL Loss: 0.6273 Acc: 0.56 
Ep 85/100 | TR Loss: 0.5577 Acc: 0.67 | VAL Loss: 0.6283 Acc: 0.56 
Ep 86/100 | TR Loss: 0.5583 Acc: 0.67 | VAL Loss: 0.6388 Acc: 0.54 
Ep 87/100 | TR Loss: 0.5625 Acc: 0.67 | VAL Loss: 0.6474 Acc: 0.54 
Ep 88/100 | TR Loss: 0.5570 Acc: 0.67 | VAL Loss: 0.6522 Acc: 0.52 
Ep 89/100 | TR Loss: 0.5604 Acc: 0.67 | VAL Loss: 0.6535 Acc: 0.52 
Ep 90/100 | TR Loss: 0.5672 Acc: 0.68 | VAL Loss: 0.6496 Acc: 0.54 
Ep 91/100 | TR Loss: 0.5651 Acc: 0.68 | VAL Loss: 0.6566 Acc: 0.54 
Ep 92/100 | TR Loss: 0.5931 Acc: 0.65 | VAL Loss: 0.6688 Acc: 0.52 
Ep 93/100 | TR Loss: 0.5966 Acc: 0.63 | VAL Loss: 0.6878 Acc: 0.48 
Ep 94/100 | TR Loss: 0.5905 Acc: 0.65 | VAL Loss: 0.6713 Acc: 0.50 
Ep 95/100 | TR Loss: 0.6055 Acc: 0.62 | VAL Loss: 0.6816 Acc: 0.46 
Ep 96/100 | TR Loss: 0.6014 Acc: 0.61 | VAL Loss: 0.6696 Acc: 0.46 
Ep 97/100 | TR Loss: 0.6208 Acc: 0.58 | VAL Loss: 0.6894 Acc: 0.40 
Ep 98/100 | TR Loss: 0.6505 Acc: 0.52 | VAL Loss: 0.6685 Acc: 0.62 
Ep 99/100 | TR Loss: 0.5713 Acc: 0.64 | VAL Loss: 0.6600 Acc: 0.56 
Ep 100/100 | TR Loss: 0.6523 Acc: 0.68 | VAL Loss: 0.5852 Acc: 0.70 

==================================================
BEST MODEL TEST SET EVALUATION (MULTIPLE THRESHOLDS)
==================================================
Threshold  | Acc      | Prec     | Rec      | F1      
--------------------------------------------------
0.30       | 0.56     | 0.56     | 1.00     | 0.72     
0.40       | 0.78     | 0.90     | 0.68     | 0.78     
0.50       | 0.78     | 0.90     | 0.68     | 0.78     <-- (Arg)
0.60       | 0.78     | 0.90     | 0.68     | 0.78     
0.70       | 0.78     | 0.90     | 0.68     | 0.78     
==================================================

========================================
End    : Fri May 22 02:15:15 +03 2026
Output : output_classical/job_1094618
total 171K
-rw-r--r-- 1 aerturk23 hpcusers  35K May 22  2026 best_model.pth
-rw-r--r-- 1 aerturk23 hpcusers  364 May 22 02:15 config.json
-rw-r--r-- 1 aerturk23 hpcusers  14K May 22 02:15 history.json
-rw-r--r-- 1 aerturk23 hpcusers  966 May 22 02:15 output.err
-rw-r--r-- 1 aerturk23 hpcusers 8.3K May 22  2026 output.log
-rw-r--r-- 1 aerturk23 hpcusers 113K May 22  2026 training_metrics.png
========================================
