========================================
Job ID : 1094794
Start  : Fri May 22 06:55:29 +03 2026
GPU    : Tesla T4
========================================
--- Quantum QNLP Script starting ---
[*] Configuration saved to: output_qnlp/job_1094794/config.json
========================================
DATA SOURCE SELECTION : SYNTHETIC
TRAINING SIZE         : 100
VALIDATION SIZE       : 50
TEST SIZE             : 100
WEIGHT DECAY          : 0.0001
CLASSIFICATION THRESHOLD : 0.5
QUANTUM LAYERS        : 1
========================================

--- Preparing Dataset ---
Generating DisCoCat grammar diagrams...
Generating quantum circuits (IQP Ansatz)...

--- Starting Quantum Model Training (Epochs: 100) ---
Ep 01/100 | TR Loss: 0.7204 Acc: 0.65 | VAL Loss: 0.7435 Acc: 0.72 *(Best)*
Ep 02/100 | TR Loss: 0.2210 Acc: 0.94 | VAL Loss: 0.0681 Acc: 1.00 *(Best)*
Ep 03/100 | TR Loss: 0.0396 Acc: 1.00 | VAL Loss: 0.0507 Acc: 1.00 *(Best)*
Ep 04/100 | TR Loss: 0.0206 Acc: 1.00 | VAL Loss: 0.0122 Acc: 1.00 *(Best)*
Ep 05/100 | TR Loss: 0.0074 Acc: 1.00 | VAL Loss: 0.0071 Acc: 1.00 *(Best)*
Ep 06/100 | TR Loss: 0.0030 Acc: 1.00 | VAL Loss: 0.0045 Acc: 1.00 *(Best)*
Ep 07/100 | TR Loss: 0.0012 Acc: 1.00 | VAL Loss: 0.0008 Acc: 1.00 *(Best)*
Ep 08/100 | TR Loss: 0.0005 Acc: 1.00 | VAL Loss: 0.0004 Acc: 1.00 *(Best)*
Ep 09/100 | TR Loss: 0.0001 Acc: 1.00 | VAL Loss: 0.0001 Acc: 1.00 *(Best)*
Ep 10/100 | TR Loss: 0.0001 Acc: 1.00 | VAL Loss: 0.0000 Acc: 1.00 *(Best)*
Ep 11/100 | TR Loss: 0.0000 Acc: 1.00 | VAL Loss: 0.0000 Acc: 1.00 *(Best)*
Ep 12/100 | TR Loss: 0.0000 Acc: 1.00 | VAL Loss: 0.0000 Acc: 1.00 
Ep 13/100 | TR Loss: 0.0000 Acc: 1.00 | VAL Loss: 0.0000 Acc: 1.00 *(Best)*
Ep 14/100 | TR Loss: 0.0000 Acc: 1.00 | VAL Loss: 0.0000 Acc: 1.00 *(Best)*
Ep 15/100 | TR Loss: 0.0000 Acc: 1.00 | VAL Loss: 0.0000 Acc: 1.00 
Ep 16/100 | TR Loss: 0.0000 Acc: 1.00 | VAL Loss: 0.0000 Acc: 1.00 *(Best)*
Ep 17/100 | TR Loss: 0.0000 Acc: 1.00 | VAL Loss: 0.0000 Acc: 1.00 
Ep 18/100 | TR Loss: 0.0000 Acc: 1.00 | VAL Loss: 0.0000 Acc: 1.00 *(Best)*
Ep 19/100 | TR Loss: 0.0000 Acc: 1.00 | VAL Loss: 0.0000 Acc: 1.00 
Ep 20/100 | TR Loss: 0.0000 Acc: 1.00 | VAL Loss: 0.0000 Acc: 1.00 
Ep 21/100 | TR Loss: 0.0000 Acc: 1.00 | VAL Loss: 0.0000 Acc: 1.00 
Ep 22/100 | TR Loss: 0.0000 Acc: 1.00 | VAL Loss: 0.0000 Acc: 1.00 
Ep 23/100 | TR Loss: 0.0000 Acc: 1.00 | VAL Loss: 0.0000 Acc: 1.00 
Ep 24/100 | TR Loss: 0.0000 Acc: 1.00 | VAL Loss: 0.0000 Acc: 1.00 
Ep 25/100 | TR Loss: 0.0000 Acc: 1.00 | VAL Loss: 0.0000 Acc: 1.00 
Ep 26/100 | TR Loss: 0.0001 Acc: 1.00 | VAL Loss: 0.0000 Acc: 1.00 
Ep 27/100 | TR Loss: 0.0002 Acc: 1.00 | VAL Loss: 0.0001 Acc: 1.00 
Ep 28/100 | TR Loss: 0.0009 Acc: 1.00 | VAL Loss: 0.0004 Acc: 1.00 
Ep 29/100 | TR Loss: 0.0049 Acc: 1.00 | VAL Loss: 0.0023 Acc: 1.00 
Ep 30/100 | TR Loss: 0.0212 Acc: 1.00 | VAL Loss: 0.0090 Acc: 1.00 
Ep 31/100 | TR Loss: 0.1119 Acc: 0.97 | VAL Loss: 0.0980 Acc: 1.00 
Ep 32/100 | TR Loss: 0.6738 Acc: 0.66 | VAL Loss: 0.7720 Acc: 0.58 
Ep 33/100 | TR Loss: 0.9313 Acc: 0.47 | VAL Loss: 1.1224 Acc: 0.40 
Ep 34/100 | TR Loss: 0.9504 Acc: 0.49 | VAL Loss: 0.6859 Acc: 0.60 
Ep 35/100 | TR Loss: 0.8201 Acc: 0.59 | VAL Loss: 0.7385 Acc: 0.54 
Ep 36/100 | TR Loss: 0.8546 Acc: 0.50 | VAL Loss: 0.9170 Acc: 0.58 
Ep 37/100 | TR Loss: 0.8549 Acc: 0.54 | VAL Loss: 0.9685 Acc: 0.48 
Ep 38/100 | TR Loss: 0.9155 Acc: 0.46 | VAL Loss: 0.6782 Acc: 0.66 
Ep 39/100 | TR Loss: 0.7694 Acc: 0.48 | VAL Loss: 0.6830 Acc: 0.66 
Ep 40/100 | TR Loss: 0.6846 Acc: 0.60 | VAL Loss: 0.8340 Acc: 0.60 
Ep 41/100 | TR Loss: 0.5068 Acc: 0.74 | VAL Loss: 0.2414 Acc: 0.94 
Ep 42/100 | TR Loss: 0.0855 Acc: 1.00 | VAL Loss: 0.0525 Acc: 1.00 
Ep 43/100 | TR Loss: 0.0290 Acc: 1.00 | VAL Loss: 0.0091 Acc: 1.00 
Ep 44/100 | TR Loss: 0.0060 Acc: 1.00 | VAL Loss: 0.0036 Acc: 1.00 
Ep 45/100 | TR Loss: 0.0021 Acc: 1.00 | VAL Loss: 0.0011 Acc: 1.00 
Ep 46/100 | TR Loss: 0.0008 Acc: 1.00 | VAL Loss: 0.0004 Acc: 1.00 
Ep 47/100 | TR Loss: 0.0002 Acc: 1.00 | VAL Loss: 0.0002 Acc: 1.00 
Ep 48/100 | TR Loss: 0.0001 Acc: 1.00 | VAL Loss: 0.0001 Acc: 1.00 
Ep 49/100 | TR Loss: 0.0000 Acc: 1.00 | VAL Loss: 0.0000 Acc: 1.00 
Ep 50/100 | TR Loss: 0.0000 Acc: 1.00 | VAL Loss: 0.0000 Acc: 1.00 
Ep 51/100 | TR Loss: 0.0000 Acc: 1.00 | VAL Loss: 0.0000 Acc: 1.00 
Ep 52/100 | TR Loss: 0.0000 Acc: 1.00 | VAL Loss: 0.0000 Acc: 1.00 
Ep 53/100 | TR Loss: 0.0000 Acc: 1.00 | VAL Loss: 0.0000 Acc: 1.00 *(Best)*
Ep 54/100 | TR Loss: 0.0000 Acc: 1.00 | VAL Loss: 0.0000 Acc: 1.00 
Ep 55/100 | TR Loss: 0.0000 Acc: 1.00 | VAL Loss: 0.0000 Acc: 1.00 *(Best)*
Ep 56/100 | TR Loss: 0.0000 Acc: 1.00 | VAL Loss: 0.0000 Acc: 1.00 *(Best)*
Ep 57/100 | TR Loss: 0.0000 Acc: 1.00 | VAL Loss: 0.0000 Acc: 1.00 
Ep 58/100 | TR Loss: 0.0000 Acc: 1.00 | VAL Loss: 0.0000 Acc: 1.00 *(Best)*
Ep 59/100 | TR Loss: 0.0000 Acc: 1.00 | VAL Loss: 0.0000 Acc: 1.00 *(Best)*
Ep 60/100 | TR Loss: 0.0000 Acc: 1.00 | VAL Loss: 0.0000 Acc: 1.00 *(Best)*
Ep 61/100 | TR Loss: 0.0000 Acc: 1.00 | VAL Loss: 0.0000 Acc: 1.00 *(Best)*
Ep 62/100 | TR Loss: 0.0000 Acc: 1.00 | VAL Loss: 0.0000 Acc: 1.00 
Ep 63/100 | TR Loss: 0.0000 Acc: 1.00 | VAL Loss: 0.0000 Acc: 1.00 
Ep 64/100 | TR Loss: 0.0000 Acc: 1.00 | VAL Loss: 0.0000 Acc: 1.00 *(Best)*
Ep 65/100 | TR Loss: 0.0000 Acc: 1.00 | VAL Loss: 0.0000 Acc: 1.00 
Ep 66/100 | TR Loss: 0.0000 Acc: 1.00 | VAL Loss: 0.0000 Acc: 1.00 
Ep 67/100 | TR Loss: 0.0000 Acc: 1.00 | VAL Loss: 0.0000 Acc: 1.00 
Ep 68/100 | TR Loss: 0.0000 Acc: 1.00 | VAL Loss: 0.0000 Acc: 1.00 
Ep 69/100 | TR Loss: 0.0000 Acc: 1.00 | VAL Loss: 0.0000 Acc: 1.00 
Ep 70/100 | TR Loss: 0.0000 Acc: 1.00 | VAL Loss: 0.0000 Acc: 1.00 
Ep 71/100 | TR Loss: 0.0000 Acc: 1.00 | VAL Loss: 0.0000 Acc: 1.00 
Ep 72/100 | TR Loss: 0.0000 Acc: 1.00 | VAL Loss: 0.0000 Acc: 1.00 
Ep 73/100 | TR Loss: 0.0000 Acc: 1.00 | VAL Loss: 0.0000 Acc: 1.00 
Ep 74/100 | TR Loss: 0.0000 Acc: 1.00 | VAL Loss: 0.0000 Acc: 1.00 
Ep 75/100 | TR Loss: 0.0000 Acc: 1.00 | VAL Loss: 0.0000 Acc: 1.00 
Ep 76/100 | TR Loss: 0.0000 Acc: 1.00 | VAL Loss: 0.0000 Acc: 1.00 
Ep 77/100 | TR Loss: 0.0000 Acc: 1.00 | VAL Loss: 0.0000 Acc: 1.00 *(Best)*
Ep 78/100 | TR Loss: 0.0000 Acc: 1.00 | VAL Loss: 0.0000 Acc: 1.00 
Ep 79/100 | TR Loss: 0.0000 Acc: 1.00 | VAL Loss: 0.0000 Acc: 1.00 
Ep 80/100 | TR Loss: 0.0000 Acc: 1.00 | VAL Loss: 0.0000 Acc: 1.00 
Ep 81/100 | TR Loss: 0.0000 Acc: 1.00 | VAL Loss: 0.0000 Acc: 1.00 
Ep 82/100 | TR Loss: 0.0000 Acc: 1.00 | VAL Loss: 0.0000 Acc: 1.00 
Ep 83/100 | TR Loss: 0.0000 Acc: 1.00 | VAL Loss: 0.0000 Acc: 1.00 
Ep 84/100 | TR Loss: 0.0000 Acc: 1.00 | VAL Loss: 0.0000 Acc: 1.00 
Ep 85/100 | TR Loss: 0.0000 Acc: 1.00 | VAL Loss: 0.0000 Acc: 1.00 
Ep 86/100 | TR Loss: 0.0000 Acc: 1.00 | VAL Loss: 0.0000 Acc: 1.00 
Ep 87/100 | TR Loss: 0.0000 Acc: 1.00 | VAL Loss: 0.0000 Acc: 1.00 
Ep 88/100 | TR Loss: 0.0000 Acc: 1.00 | VAL Loss: 0.0000 Acc: 1.00 
Ep 89/100 | TR Loss: 0.0000 Acc: 1.00 | VAL Loss: 0.0000 Acc: 1.00 
Ep 90/100 | TR Loss: 0.0000 Acc: 1.00 | VAL Loss: 0.0000 Acc: 1.00 
Ep 91/100 | TR Loss: 0.0000 Acc: 1.00 | VAL Loss: 0.0000 Acc: 1.00 
Ep 92/100 | TR Loss: 0.0000 Acc: 1.00 | VAL Loss: 0.0000 Acc: 1.00 
Ep 93/100 | TR Loss: 0.0000 Acc: 1.00 | VAL Loss: 0.0000 Acc: 1.00 
Ep 94/100 | TR Loss: 0.0000 Acc: 1.00 | VAL Loss: 0.0000 Acc: 1.00 
Ep 95/100 | TR Loss: 0.0000 Acc: 1.00 | VAL Loss: 0.0000 Acc: 1.00 
Ep 96/100 | TR Loss: 0.0000 Acc: 1.00 | VAL Loss: 0.0001 Acc: 1.00 
Ep 97/100 | TR Loss: 0.0000 Acc: 1.00 | VAL Loss: 0.0002 Acc: 1.00 
Ep 98/100 | TR Loss: 0.0001 Acc: 1.00 | VAL Loss: 0.0002 Acc: 1.00 
Ep 99/100 | TR Loss: 0.0000 Acc: 1.00 | VAL Loss: 0.0000 Acc: 1.00 
Ep 100/100 | TR Loss: 0.0001 Acc: 1.00 | VAL Loss: 0.0014 Acc: 1.00 
[*] Training plots saved to: output_qnlp/job_1094794/training_metrics.png

==================================================
BEST MODEL TEST SET EVALUATION (MULTIPLE THRESHOLDS)
==================================================
Threshold  | Acc      | Prec     | Rec      | F1      
--------------------------------------------------
0.30       | 1.00     | 1.00     | 1.00     | 1.00     
0.40       | 1.00     | 1.00     | 1.00     | 1.00     
0.50       | 1.00     | 1.00     | 1.00     | 1.00     <-- (Arg)
0.60       | 1.00     | 1.00     | 1.00     | 1.00     
0.70       | 1.00     | 1.00     | 1.00     | 1.00     
==================================================

========================================
End    : Fri May 22 06:58:33 +03 2026
Output : output_qnlp/job_1094794
total 111K
-rw-r--r-- 1 aerturk23 hpcusers 6.0K May 22 06:58 best_model.pth
-rw-r--r-- 1 aerturk23 hpcusers  296 May 22 06:56 config.json
-rw-r--r-- 1 aerturk23 hpcusers  12K May 22 06:58 history.json
-rw-r--r-- 1 aerturk23 hpcusers  966 May 22 06:55 output.err
-rw-r--r-- 1 aerturk23 hpcusers 8.3K May 22 06:55 output.log
-rw-r--r-- 1 aerturk23 hpcusers  83K May 22 06:58 training_metrics.png
========================================
