========================================
Job ID : 1094820
Start  : Fri May 22 07:33:54 +03 2026
GPU    : Tesla T4
========================================
--- Quantum QNLP Script starting ---
[*] Configuration saved to: output_qnlp/job_1094820/config.json
========================================
DATA SOURCE SELECTION : SYNTHETIC
TRAINING SIZE         : 250
VALIDATION SIZE       : 50
TEST SIZE             : 100
WEIGHT DECAY          : 0.0001
CLASSIFICATION THRESHOLD : 0.5
QUANTUM LAYERS        : 1
========================================

--- Preparing Dataset ---
Generating DisCoCat grammar diagrams...
Generating quantum circuits (IQP Ansatz)...

--- Starting Quantum Model Training (Epochs: 100) ---
Ep 01/100 | TR Loss: 0.8182 Acc: 0.57 | VAL Loss: 0.6991 Acc: 0.50 *(Best)*
Ep 02/100 | TR Loss: 0.3451 Acc: 0.83 | VAL Loss: 0.0423 Acc: 1.00 *(Best)*
Ep 03/100 | TR Loss: 0.0115 Acc: 1.00 | VAL Loss: 0.0034 Acc: 1.00 *(Best)*
Ep 04/100 | TR Loss: 0.0007 Acc: 1.00 | VAL Loss: 0.0002 Acc: 1.00 *(Best)*
Ep 05/100 | TR Loss: 0.0001 Acc: 1.00 | VAL Loss: 0.0000 Acc: 1.00 *(Best)*
Ep 06/100 | TR Loss: 0.0000 Acc: 1.00 | VAL Loss: 0.0000 Acc: 1.00 *(Best)*
Ep 07/100 | TR Loss: 0.0000 Acc: 1.00 | VAL Loss: 0.0000 Acc: 1.00 *(Best)*
Ep 08/100 | TR Loss: 0.0000 Acc: 1.00 | VAL Loss: 0.0000 Acc: 1.00 *(Best)*
Ep 09/100 | TR Loss: 0.0000 Acc: 1.00 | VAL Loss: 0.0000 Acc: 1.00 *(Best)*
Ep 10/100 | TR Loss: 0.0000 Acc: 1.00 | VAL Loss: 0.0000 Acc: 1.00 *(Best)*
Ep 11/100 | TR Loss: 0.0000 Acc: 1.00 | VAL Loss: 0.0000 Acc: 1.00 
Ep 12/100 | TR Loss: 0.0000 Acc: 1.00 | VAL Loss: 0.0000 Acc: 1.00 *(Best)*
Ep 13/100 | TR Loss: 0.0000 Acc: 1.00 | VAL Loss: 0.0000 Acc: 1.00 
Ep 14/100 | TR Loss: 0.0000 Acc: 1.00 | VAL Loss: 0.0000 Acc: 1.00 
Ep 15/100 | TR Loss: 0.0000 Acc: 1.00 | VAL Loss: 0.0000 Acc: 1.00 
Ep 16/100 | TR Loss: 0.0000 Acc: 1.00 | VAL Loss: 0.0000 Acc: 1.00 
Ep 17/100 | TR Loss: 0.0000 Acc: 1.00 | VAL Loss: 0.0001 Acc: 1.00 
Ep 18/100 | TR Loss: 0.1001 Acc: 0.96 | VAL Loss: 0.5163 Acc: 0.82 
Ep 19/100 | TR Loss: 0.9529 Acc: 0.59 | VAL Loss: 1.3068 Acc: 0.42 
Ep 20/100 | TR Loss: 0.8131 Acc: 0.60 | VAL Loss: 0.7686 Acc: 0.60 
Ep 21/100 | TR Loss: 0.5218 Acc: 0.76 | VAL Loss: 0.2938 Acc: 0.86 
Ep 22/100 | TR Loss: 0.1078 Acc: 0.98 | VAL Loss: 0.0101 Acc: 1.00 
Ep 23/100 | TR Loss: 0.0055 Acc: 1.00 | VAL Loss: 0.0016 Acc: 1.00 
Ep 24/100 | TR Loss: 0.0006 Acc: 1.00 | VAL Loss: 0.0001 Acc: 1.00 
Ep 25/100 | TR Loss: 0.0000 Acc: 1.00 | VAL Loss: 0.0000 Acc: 1.00 
Ep 26/100 | TR Loss: 0.0000 Acc: 1.00 | VAL Loss: 0.0000 Acc: 1.00 
Ep 27/100 | TR Loss: 0.0000 Acc: 1.00 | VAL Loss: 0.0000 Acc: 1.00 
Ep 28/100 | TR Loss: 0.0000 Acc: 1.00 | VAL Loss: 0.0000 Acc: 1.00 
Ep 29/100 | TR Loss: 0.0000 Acc: 1.00 | VAL Loss: 0.0000 Acc: 1.00 
Ep 30/100 | TR Loss: 0.0000 Acc: 1.00 | VAL Loss: 0.0000 Acc: 1.00 
Ep 31/100 | TR Loss: 0.0000 Acc: 1.00 | VAL Loss: 0.0000 Acc: 1.00 
Ep 32/100 | TR Loss: 0.0000 Acc: 1.00 | VAL Loss: 0.0000 Acc: 1.00 
Ep 33/100 | TR Loss: 0.0000 Acc: 1.00 | VAL Loss: 0.0000 Acc: 1.00 
Ep 34/100 | TR Loss: 0.0000 Acc: 1.00 | VAL Loss: 0.0000 Acc: 1.00 
Ep 35/100 | TR Loss: 0.0000 Acc: 1.00 | VAL Loss: 0.0000 Acc: 1.00 
Ep 36/100 | TR Loss: 0.0000 Acc: 1.00 | VAL Loss: 0.0000 Acc: 1.00 
Ep 37/100 | TR Loss: 0.0000 Acc: 1.00 | VAL Loss: 0.0000 Acc: 1.00 
Ep 38/100 | TR Loss: 0.0000 Acc: 1.00 | VAL Loss: 0.0000 Acc: 1.00 
Ep 39/100 | TR Loss: 0.0000 Acc: 1.00 | VAL Loss: 0.0000 Acc: 1.00 
Ep 40/100 | TR Loss: 0.0000 Acc: 1.00 | VAL Loss: 0.0000 Acc: 1.00 
Ep 41/100 | TR Loss: 0.0000 Acc: 1.00 | VAL Loss: 0.0000 Acc: 1.00 
Ep 42/100 | TR Loss: 0.0000 Acc: 1.00 | VAL Loss: 0.0000 Acc: 1.00 
Ep 43/100 | TR Loss: 0.0000 Acc: 1.00 | VAL Loss: 0.0000 Acc: 1.00 
Ep 44/100 | TR Loss: 0.0000 Acc: 1.00 | VAL Loss: 0.0000 Acc: 1.00 
Ep 45/100 | TR Loss: 0.0000 Acc: 1.00 | VAL Loss: 0.0000 Acc: 1.00 
Ep 46/100 | TR Loss: 0.0000 Acc: 1.00 | VAL Loss: 0.0000 Acc: 1.00 
Ep 47/100 | TR Loss: 0.0000 Acc: 1.00 | VAL Loss: 0.0000 Acc: 1.00 
Ep 48/100 | TR Loss: 0.0000 Acc: 1.00 | VAL Loss: 0.0000 Acc: 1.00 
Ep 49/100 | TR Loss: 0.0000 Acc: 1.00 | VAL Loss: 0.0000 Acc: 1.00 
Ep 50/100 | TR Loss: 0.0000 Acc: 1.00 | VAL Loss: 0.0000 Acc: 1.00 
Ep 51/100 | TR Loss: 0.0000 Acc: 1.00 | VAL Loss: 0.0000 Acc: 1.00 
Ep 52/100 | TR Loss: 0.0000 Acc: 1.00 | VAL Loss: 0.0002 Acc: 1.00 
Ep 53/100 | TR Loss: 0.0011 Acc: 1.00 | VAL Loss: 0.0003 Acc: 1.00 
Ep 54/100 | TR Loss: 0.0034 Acc: 1.00 | VAL Loss: 0.0078 Acc: 1.00 
Ep 55/100 | TR Loss: 0.0124 Acc: 1.00 | VAL Loss: 0.0090 Acc: 1.00 
Ep 56/100 | TR Loss: 0.0030 Acc: 1.00 | VAL Loss: 0.0016 Acc: 1.00 
Ep 57/100 | TR Loss: 0.0006 Acc: 1.00 | VAL Loss: 0.0001 Acc: 1.00 
Ep 58/100 | TR Loss: 0.0001 Acc: 1.00 | VAL Loss: 0.0000 Acc: 1.00 
Ep 59/100 | TR Loss: 0.0000 Acc: 1.00 | VAL Loss: 0.0000 Acc: 1.00 
Ep 60/100 | TR Loss: 0.0001 Acc: 1.00 | VAL Loss: 0.0002 Acc: 1.00 
Ep 61/100 | TR Loss: 0.0005 Acc: 1.00 | VAL Loss: 0.0005 Acc: 1.00 
Ep 62/100 | TR Loss: 0.0047 Acc: 1.00 | VAL Loss: 0.0065 Acc: 1.00 
Ep 63/100 | TR Loss: 0.0086 Acc: 1.00 | VAL Loss: 0.0025 Acc: 1.00 
Ep 64/100 | TR Loss: 0.0072 Acc: 1.00 | VAL Loss: 0.0151 Acc: 1.00 
Ep 65/100 | TR Loss: 0.0117 Acc: 1.00 | VAL Loss: 0.0239 Acc: 1.00 
Ep 66/100 | TR Loss: 0.0405 Acc: 1.00 | VAL Loss: 0.0368 Acc: 1.00 
Ep 67/100 | TR Loss: 0.0244 Acc: 1.00 | VAL Loss: 0.0128 Acc: 1.00 
Ep 68/100 | TR Loss: 0.0061 Acc: 1.00 | VAL Loss: 0.0035 Acc: 1.00 
Ep 69/100 | TR Loss: 0.0019 Acc: 1.00 | VAL Loss: 0.0011 Acc: 1.00 
Ep 70/100 | TR Loss: 0.0011 Acc: 1.00 | VAL Loss: 0.0005 Acc: 1.00 
Ep 71/100 | TR Loss: 0.0008 Acc: 1.00 | VAL Loss: 0.0007 Acc: 1.00 
Ep 72/100 | TR Loss: 0.0011 Acc: 1.00 | VAL Loss: 0.0001 Acc: 1.00 
Ep 73/100 | TR Loss: 0.0006 Acc: 1.00 | VAL Loss: 0.0008 Acc: 1.00 
Ep 74/100 | TR Loss: 0.0057 Acc: 1.00 | VAL Loss: 0.0135 Acc: 1.00 
Ep 75/100 | TR Loss: 0.0243 Acc: 1.00 | VAL Loss: 0.0160 Acc: 1.00 
Ep 76/100 | TR Loss: 0.0141 Acc: 1.00 | VAL Loss: 0.0220 Acc: 1.00 
Ep 77/100 | TR Loss: 0.0186 Acc: 1.00 | VAL Loss: 0.0220 Acc: 1.00 
Ep 78/100 | TR Loss: 0.0155 Acc: 1.00 | VAL Loss: 0.0086 Acc: 1.00 
Ep 79/100 | TR Loss: 0.1115 Acc: 0.97 | VAL Loss: 0.1304 Acc: 1.00 
Ep 80/100 | TR Loss: 0.1209 Acc: 0.99 | VAL Loss: 0.0368 Acc: 1.00 
Ep 81/100 | TR Loss: 0.0321 Acc: 1.00 | VAL Loss: 0.0076 Acc: 1.00 
Ep 82/100 | TR Loss: 0.0047 Acc: 1.00 | VAL Loss: 0.0029 Acc: 1.00 
Ep 83/100 | TR Loss: 0.0010 Acc: 1.00 | VAL Loss: 0.0002 Acc: 1.00 
Ep 84/100 | TR Loss: 0.0001 Acc: 1.00 | VAL Loss: 0.0001 Acc: 1.00 
Ep 85/100 | TR Loss: 0.0001 Acc: 1.00 | VAL Loss: 0.0000 Acc: 1.00 
Ep 86/100 | TR Loss: 0.0000 Acc: 1.00 | VAL Loss: 0.0000 Acc: 1.00 
Ep 87/100 | TR Loss: 0.0000 Acc: 1.00 | VAL Loss: 0.0000 Acc: 1.00 
Ep 88/100 | TR Loss: 0.0000 Acc: 1.00 | VAL Loss: 0.0001 Acc: 1.00 
Ep 89/100 | TR Loss: 0.0002 Acc: 1.00 | VAL Loss: 0.0006 Acc: 1.00 
Ep 90/100 | TR Loss: 0.0012 Acc: 1.00 | VAL Loss: 0.0010 Acc: 1.00 
Ep 91/100 | TR Loss: 0.0010 Acc: 1.00 | VAL Loss: 0.0003 Acc: 1.00 
Ep 92/100 | TR Loss: 0.0005 Acc: 1.00 | VAL Loss: 0.0007 Acc: 1.00 
Ep 93/100 | TR Loss: 0.0030 Acc: 1.00 | VAL Loss: 0.0054 Acc: 1.00 
Ep 94/100 | TR Loss: 0.0067 Acc: 1.00 | VAL Loss: 0.0051 Acc: 1.00 
Ep 95/100 | TR Loss: 0.0296 Acc: 1.00 | VAL Loss: 0.0178 Acc: 1.00 
Ep 96/100 | TR Loss: 0.0945 Acc: 1.00 | VAL Loss: 0.0559 Acc: 1.00 
Ep 97/100 | TR Loss: 0.0422 Acc: 1.00 | VAL Loss: 0.0379 Acc: 1.00 
Ep 98/100 | TR Loss: 0.0556 Acc: 1.00 | VAL Loss: 0.0933 Acc: 1.00 
Ep 99/100 | TR Loss: 0.0700 Acc: 1.00 | VAL Loss: 0.0501 Acc: 1.00 
Ep 100/100 | TR Loss: 0.0262 Acc: 1.00 | VAL Loss: 0.0076 Acc: 1.00 
[*] Training plots saved to: output_qnlp/job_1094820/training_metrics.png

==================================================
BEST MODEL TEST SET EVALUATION (MULTIPLE THRESHOLDS)
==================================================
Threshold  | Acc      | Prec     | Rec      | F1      
--------------------------------------------------
0.30       | 1.00     | 1.00     | 1.00     | 1.00     
0.40       | 1.00     | 1.00     | 1.00     | 1.00     
0.50       | 1.00     | 1.00     | 1.00     | 1.00     <-- (Arg)
0.60       | 1.00     | 1.00     | 1.00     | 1.00     
0.70       | 1.00     | 1.00     | 1.00     | 1.00     
==================================================

========================================
End    : Fri May 22 07:40:03 +03 2026
Output : output_qnlp/job_1094820
total 110K
-rw-r--r-- 1 aerturk23 hpcusers 6.0K May 22 07:35 best_model.pth
-rw-r--r-- 1 aerturk23 hpcusers  297 May 22 07:34 config.json
-rw-r--r-- 1 aerturk23 hpcusers  12K May 22 07:40 history.json
-rw-r--r-- 1 aerturk23 hpcusers  966 May 22 07:36 output.err
-rw-r--r-- 1 aerturk23 hpcusers 8.2K May 22 07:38 output.log
-rw-r--r-- 1 aerturk23 hpcusers  82K May 22 07:40 training_metrics.png
========================================
