========================================
Job ID : 1094619
Start  : Fri May 22 02:15:17 +03 2026
GPU    : Tesla T4
========================================
--- Classical LSTM Script starting ---
[*] Configuration saved to: output_classical/job_1094619/config.json
========================================
MODEL                 : CLASSICAL LSTM
DATA SOURCE SELECTION : BACH
TRAINING SIZE         : 250
VALIDATION SIZE       : 50
TEST SIZE             : 100
WEIGHT DECAY          : 0.0001
DROPOUT RATE          : 0.5
CLASSIFICATION THRESHOLD : 0.5
BATCH SIZE            : 16
EMBED/HIDDEN DIMS     : 16 / 32
========================================

--- Preparing Dataset and Tokenization ---
[*] REAL DATASET SIZES -> Train: 250 | Val: 50 | Test: 100
--- Initializing Classical Model ---

--- Starting Classical LSTM Training (Epochs: 100) ---
Ep 01/100 | TR Loss: 0.6992 Acc: 0.49 | VAL Loss: 0.6872 Acc: 0.60 *(Best)*
Ep 02/100 | TR Loss: 0.6919 Acc: 0.54 | VAL Loss: 0.6878 Acc: 0.60 
Ep 03/100 | TR Loss: 0.6903 Acc: 0.54 | VAL Loss: 0.6861 Acc: 0.60 *(Best)*
Ep 04/100 | TR Loss: 0.6116 Acc: 0.62 | VAL Loss: 0.5614 Acc: 0.64 *(Best)*
Ep 05/100 | TR Loss: 0.6102 Acc: 0.72 | VAL Loss: 0.5025 Acc: 0.76 *(Best)*
Ep 06/100 | TR Loss: 0.5223 Acc: 0.79 | VAL Loss: 0.4891 Acc: 0.74 *(Best)*
Ep 07/100 | TR Loss: 0.4961 Acc: 0.79 | VAL Loss: 0.4678 Acc: 0.74 *(Best)*
Ep 08/100 | TR Loss: 0.4878 Acc: 0.80 | VAL Loss: 0.4706 Acc: 0.76 
Ep 09/100 | TR Loss: 0.5452 Acc: 0.77 | VAL Loss: 0.4827 Acc: 0.80 
Ep 10/100 | TR Loss: 0.5599 Acc: 0.77 | VAL Loss: 0.4783 Acc: 0.78 
Ep 11/100 | TR Loss: 0.5315 Acc: 0.78 | VAL Loss: 0.5294 Acc: 0.74 
Ep 12/100 | TR Loss: 0.5093 Acc: 0.79 | VAL Loss: 0.4837 Acc: 0.76 
Ep 13/100 | TR Loss: 0.4898 Acc: 0.81 | VAL Loss: 0.4738 Acc: 0.76 
Ep 14/100 | TR Loss: 0.4716 Acc: 0.82 | VAL Loss: 0.4568 Acc: 0.76 *(Best)*
Ep 15/100 | TR Loss: 0.4699 Acc: 0.82 | VAL Loss: 0.4287 Acc: 0.78 *(Best)*
Ep 16/100 | TR Loss: 0.4436 Acc: 0.83 | VAL Loss: 0.4335 Acc: 0.78 
Ep 17/100 | TR Loss: 0.4158 Acc: 0.85 | VAL Loss: 0.4372 Acc: 0.78 
Ep 18/100 | TR Loss: 0.4101 Acc: 0.84 | VAL Loss: 0.4399 Acc: 0.78 
Ep 19/100 | TR Loss: 0.3939 Acc: 0.86 | VAL Loss: 0.3620 Acc: 0.84 *(Best)*
Ep 20/100 | TR Loss: 0.3810 Acc: 0.87 | VAL Loss: 0.3966 Acc: 0.80 
Ep 21/100 | TR Loss: 0.3787 Acc: 0.87 | VAL Loss: 0.3589 Acc: 0.86 *(Best)*
Ep 22/100 | TR Loss: 0.3737 Acc: 0.87 | VAL Loss: 0.3738 Acc: 0.82 
Ep 23/100 | TR Loss: 0.3879 Acc: 0.86 | VAL Loss: 0.4292 Acc: 0.78 
Ep 24/100 | TR Loss: 0.3995 Acc: 0.86 | VAL Loss: 0.4335 Acc: 0.82 
Ep 25/100 | TR Loss: 0.4022 Acc: 0.86 | VAL Loss: 0.3874 Acc: 0.82 
Ep 26/100 | TR Loss: 0.3805 Acc: 0.87 | VAL Loss: 0.3937 Acc: 0.82 
Ep 27/100 | TR Loss: 0.3589 Acc: 0.88 | VAL Loss: 0.3845 Acc: 0.86 
Ep 28/100 | TR Loss: 0.3549 Acc: 0.88 | VAL Loss: 0.3858 Acc: 0.86 
Ep 29/100 | TR Loss: 0.3721 Acc: 0.88 | VAL Loss: 0.3916 Acc: 0.84 
Ep 30/100 | TR Loss: 0.3345 Acc: 0.88 | VAL Loss: 0.3670 Acc: 0.88 
Ep 31/100 | TR Loss: 0.3288 Acc: 0.88 | VAL Loss: 0.4102 Acc: 0.86 
Ep 32/100 | TR Loss: 0.3731 Acc: 0.85 | VAL Loss: 0.4498 Acc: 0.84 
Ep 33/100 | TR Loss: 0.3340 Acc: 0.86 | VAL Loss: 0.4333 Acc: 0.86 
Ep 34/100 | TR Loss: 0.3032 Acc: 0.87 | VAL Loss: 0.4641 Acc: 0.84 
Ep 35/100 | TR Loss: 0.2629 Acc: 0.88 | VAL Loss: 0.4665 Acc: 0.86 
Ep 36/100 | TR Loss: 0.2737 Acc: 0.88 | VAL Loss: 0.4089 Acc: 0.82 
Ep 37/100 | TR Loss: 0.2845 Acc: 0.89 | VAL Loss: 0.4254 Acc: 0.80 
Ep 38/100 | TR Loss: 0.2369 Acc: 0.91 | VAL Loss: 0.4019 Acc: 0.84 
Ep 39/100 | TR Loss: 0.2595 Acc: 0.89 | VAL Loss: 0.4730 Acc: 0.78 
Ep 40/100 | TR Loss: 0.2984 Acc: 0.86 | VAL Loss: 0.7773 Acc: 0.62 
Ep 41/100 | TR Loss: 0.3588 Acc: 0.78 | VAL Loss: 1.1854 Acc: 0.72 
Ep 42/100 | TR Loss: 0.2901 Acc: 0.86 | VAL Loss: 0.8448 Acc: 0.74 
Ep 43/100 | TR Loss: 0.2710 Acc: 0.88 | VAL Loss: 0.5972 Acc: 0.78 
Ep 44/100 | TR Loss: 0.3964 Acc: 0.84 | VAL Loss: 0.4666 Acc: 0.80 
Ep 45/100 | TR Loss: 0.3187 Acc: 0.85 | VAL Loss: 0.5188 Acc: 0.80 
Ep 46/100 | TR Loss: 0.3177 Acc: 0.86 | VAL Loss: 0.5214 Acc: 0.82 
Ep 47/100 | TR Loss: 0.3217 Acc: 0.86 | VAL Loss: 0.5316 Acc: 0.76 
Ep 48/100 | TR Loss: 0.2990 Acc: 0.88 | VAL Loss: 0.5326 Acc: 0.80 
Ep 49/100 | TR Loss: 0.3187 Acc: 0.86 | VAL Loss: 0.5948 Acc: 0.78 
Ep 50/100 | TR Loss: 0.3228 Acc: 0.86 | VAL Loss: 0.5085 Acc: 0.76 
Ep 51/100 | TR Loss: 0.3093 Acc: 0.87 | VAL Loss: 0.4873 Acc: 0.80 
Ep 52/100 | TR Loss: 0.3026 Acc: 0.86 | VAL Loss: 0.4677 Acc: 0.80 
Ep 53/100 | TR Loss: 0.2928 Acc: 0.86 | VAL Loss: 0.4792 Acc: 0.82 
Ep 54/100 | TR Loss: 0.2822 Acc: 0.89 | VAL Loss: 0.4479 Acc: 0.82 
Ep 55/100 | TR Loss: 0.2792 Acc: 0.90 | VAL Loss: 0.4600 Acc: 0.82 
Ep 56/100 | TR Loss: 0.2583 Acc: 0.90 | VAL Loss: 0.4760 Acc: 0.82 
Ep 57/100 | TR Loss: 0.2576 Acc: 0.90 | VAL Loss: 0.4674 Acc: 0.82 
Ep 58/100 | TR Loss: 0.2690 Acc: 0.90 | VAL Loss: 0.4546 Acc: 0.82 
Ep 59/100 | TR Loss: 0.2553 Acc: 0.90 | VAL Loss: 0.5584 Acc: 0.78 
Ep 60/100 | TR Loss: 0.2324 Acc: 0.89 | VAL Loss: 0.5475 Acc: 0.78 
Ep 61/100 | TR Loss: 0.2092 Acc: 0.91 | VAL Loss: 0.6549 Acc: 0.82 
Ep 62/100 | TR Loss: 0.2000 Acc: 0.91 | VAL Loss: 0.5778 Acc: 0.82 
Ep 63/100 | TR Loss: 0.1959 Acc: 0.92 | VAL Loss: 0.5305 Acc: 0.74 
Ep 64/100 | TR Loss: 0.3294 Acc: 0.89 | VAL Loss: 0.5888 Acc: 0.78 
Ep 65/100 | TR Loss: 0.2673 Acc: 0.90 | VAL Loss: 0.7195 Acc: 0.78 
Ep 66/100 | TR Loss: 0.2098 Acc: 0.93 | VAL Loss: 0.6959 Acc: 0.76 
Ep 67/100 | TR Loss: 0.2421 Acc: 0.90 | VAL Loss: 0.5833 Acc: 0.78 
Ep 68/100 | TR Loss: 0.2176 Acc: 0.92 | VAL Loss: 0.5354 Acc: 0.80 
Ep 69/100 | TR Loss: 0.1931 Acc: 0.93 | VAL Loss: 0.6241 Acc: 0.78 
Ep 70/100 | TR Loss: 0.2112 Acc: 0.92 | VAL Loss: 0.6309 Acc: 0.72 
Ep 71/100 | TR Loss: 0.1731 Acc: 0.93 | VAL Loss: 0.7357 Acc: 0.76 
Ep 72/100 | TR Loss: 0.1594 Acc: 0.93 | VAL Loss: 0.5964 Acc: 0.76 
Ep 73/100 | TR Loss: 0.1585 Acc: 0.94 | VAL Loss: 0.7393 Acc: 0.76 
Ep 74/100 | TR Loss: 0.1638 Acc: 0.94 | VAL Loss: 0.6525 Acc: 0.76 
Ep 75/100 | TR Loss: 0.1593 Acc: 0.93 | VAL Loss: 0.7313 Acc: 0.76 
Ep 76/100 | TR Loss: 0.1350 Acc: 0.95 | VAL Loss: 0.7543 Acc: 0.76 
Ep 77/100 | TR Loss: 0.1424 Acc: 0.94 | VAL Loss: 0.5595 Acc: 0.80 
Ep 78/100 | TR Loss: 0.1320 Acc: 0.94 | VAL Loss: 0.8071 Acc: 0.78 
Ep 79/100 | TR Loss: 0.2101 Acc: 0.93 | VAL Loss: 0.5982 Acc: 0.80 
Ep 80/100 | TR Loss: 0.1964 Acc: 0.92 | VAL Loss: 0.6877 Acc: 0.80 
Ep 81/100 | TR Loss: 0.1697 Acc: 0.92 | VAL Loss: 0.6724 Acc: 0.80 
Ep 82/100 | TR Loss: 0.1557 Acc: 0.93 | VAL Loss: 0.6797 Acc: 0.80 
Ep 83/100 | TR Loss: 0.1535 Acc: 0.93 | VAL Loss: 0.6739 Acc: 0.80 
Ep 84/100 | TR Loss: 0.1520 Acc: 0.93 | VAL Loss: 0.7112 Acc: 0.80 
Ep 85/100 | TR Loss: 0.1492 Acc: 0.92 | VAL Loss: 0.5635 Acc: 0.78 
Ep 86/100 | TR Loss: 0.1662 Acc: 0.91 | VAL Loss: 0.5739 Acc: 0.82 
Ep 87/100 | TR Loss: 0.1963 Acc: 0.88 | VAL Loss: 0.6167 Acc: 0.78 
Ep 88/100 | TR Loss: 0.2157 Acc: 0.88 | VAL Loss: 0.7445 Acc: 0.70 
Ep 89/100 | TR Loss: 0.2257 Acc: 0.88 | VAL Loss: 0.5831 Acc: 0.62 
Ep 90/100 | TR Loss: 0.2743 Acc: 0.83 | VAL Loss: 0.5561 Acc: 0.72 
Ep 91/100 | TR Loss: 0.2336 Acc: 0.87 | VAL Loss: 0.5293 Acc: 0.76 
Ep 92/100 | TR Loss: 0.1893 Acc: 0.90 | VAL Loss: 0.5408 Acc: 0.82 
Ep 93/100 | TR Loss: 0.2017 Acc: 0.90 | VAL Loss: 0.4908 Acc: 0.78 
Ep 94/100 | TR Loss: 0.1767 Acc: 0.93 | VAL Loss: 0.4638 Acc: 0.78 
Ep 95/100 | TR Loss: 0.2101 Acc: 0.89 | VAL Loss: 0.5334 Acc: 0.78 
Ep 96/100 | TR Loss: 0.1702 Acc: 0.92 | VAL Loss: 0.5801 Acc: 0.80 
Ep 97/100 | TR Loss: 0.1623 Acc: 0.92 | VAL Loss: 0.5998 Acc: 0.78 
Ep 98/100 | TR Loss: 0.1403 Acc: 0.93 | VAL Loss: 0.5766 Acc: 0.80 
Ep 99/100 | TR Loss: 0.1538 Acc: 0.94 | VAL Loss: 0.5888 Acc: 0.80 
Ep 100/100 | TR Loss: 0.1485 Acc: 0.95 | VAL Loss: 0.5977 Acc: 0.82 

==================================================
BEST MODEL TEST SET EVALUATION (MULTIPLE THRESHOLDS)
==================================================
Threshold  | Acc      | Prec     | Rec      | F1      
--------------------------------------------------
0.30       | 0.77     | 0.78     | 0.82     | 0.80     
0.40       | 0.77     | 0.78     | 0.82     | 0.80     
0.50       | 0.77     | 0.78     | 0.82     | 0.80     <-- (Arg)
0.60       | 0.77     | 0.78     | 0.82     | 0.80     
0.70       | 0.76     | 0.80     | 0.77     | 0.78     
==================================================

========================================
End    : Fri May 22 02:15:31 +03 2026
Output : output_classical/job_1094619
total 177K
-rw-r--r-- 1 aerturk23 hpcusers  35K May 22  2026 best_model.pth
-rw-r--r-- 1 aerturk23 hpcusers  364 May 22 02:15 config.json
-rw-r--r-- 1 aerturk23 hpcusers  14K May 22 02:15 history.json
-rw-r--r-- 1 aerturk23 hpcusers  966 May 22 02:15 output.err
-rw-r--r-- 1 aerturk23 hpcusers 8.3K May 22 02:15 output.log
-rw-r--r-- 1 aerturk23 hpcusers 119K May 22  2026 training_metrics.png
========================================
