========================================
Job ID : 1094603
Start  : Fri May 22 00:57:40 +03 2026
GPU    : Tesla T4
========================================
--- Classical LSTM Script starting ---
[*] Configuration saved to: output_classical/job_1094603/config.json
========================================
MODEL                 : CLASSICAL LSTM
DATA SOURCE SELECTION : BACH
TRAINING SIZE         : 100
VALIDATION SIZE       : 50
TEST SIZE             : 100
WEIGHT DECAY          : 0.0001
DROPOUT RATE          : 0.5
CLASSIFICATION THRESHOLD : 0.5
BATCH SIZE            : 16
EMBED/HIDDEN DIMS     : 16 / 32
========================================

--- Preparing Dataset and Tokenization ---
[*] REAL DATASET SIZES -> Train: 100 | Val: 50 | Test: 100
--- Initializing Classical Model ---

--- Starting Classical LSTM Training (Epochs: 100) ---
Ep 01/100 | TR Loss: 0.7010 Acc: 0.41 | VAL Loss: 0.6878 Acc: 0.58 *(Best)*
Ep 02/100 | TR Loss: 0.6820 Acc: 0.57 | VAL Loss: 0.6853 Acc: 0.58 *(Best)*
Ep 03/100 | TR Loss: 0.6852 Acc: 0.57 | VAL Loss: 0.6839 Acc: 0.58 *(Best)*
Ep 04/100 | TR Loss: 0.6941 Acc: 0.57 | VAL Loss: 0.6821 Acc: 0.58 *(Best)*
Ep 05/100 | TR Loss: 0.6471 Acc: 0.57 | VAL Loss: 0.6746 Acc: 0.58 *(Best)*
Ep 06/100 | TR Loss: 0.5607 Acc: 0.64 | VAL Loss: 0.6313 Acc: 0.68 *(Best)*
Ep 07/100 | TR Loss: 0.5938 Acc: 0.77 | VAL Loss: 0.6184 Acc: 0.64 *(Best)*
Ep 08/100 | TR Loss: 0.5506 Acc: 0.74 | VAL Loss: 0.6349 Acc: 0.62 
Ep 09/100 | TR Loss: 0.5435 Acc: 0.71 | VAL Loss: 0.6305 Acc: 0.62 
Ep 10/100 | TR Loss: 0.5127 Acc: 0.75 | VAL Loss: 0.6252 Acc: 0.64 
Ep 11/100 | TR Loss: 0.4471 Acc: 0.80 | VAL Loss: 0.6680 Acc: 0.68 
Ep 12/100 | TR Loss: 0.4564 Acc: 0.81 | VAL Loss: 0.6244 Acc: 0.72 
Ep 13/100 | TR Loss: 0.4596 Acc: 0.81 | VAL Loss: 0.6321 Acc: 0.70 
Ep 14/100 | TR Loss: 0.4696 Acc: 0.79 | VAL Loss: 0.6089 Acc: 0.68 *(Best)*
Ep 15/100 | TR Loss: 0.4562 Acc: 0.79 | VAL Loss: 0.6057 Acc: 0.70 *(Best)*
Ep 16/100 | TR Loss: 0.4856 Acc: 0.80 | VAL Loss: 0.7016 Acc: 0.66 
Ep 17/100 | TR Loss: 0.4766 Acc: 0.78 | VAL Loss: 0.7072 Acc: 0.64 
Ep 18/100 | TR Loss: 0.4569 Acc: 0.79 | VAL Loss: 0.6306 Acc: 0.64 
Ep 19/100 | TR Loss: 0.5453 Acc: 0.81 | VAL Loss: 0.7031 Acc: 0.64 
Ep 20/100 | TR Loss: 0.5280 Acc: 0.80 | VAL Loss: 0.7174 Acc: 0.64 
Ep 21/100 | TR Loss: 0.5345 Acc: 0.74 | VAL Loss: 0.7190 Acc: 0.60 
Ep 22/100 | TR Loss: 0.5294 Acc: 0.72 | VAL Loss: 0.6778 Acc: 0.60 
Ep 23/100 | TR Loss: 0.4491 Acc: 0.73 | VAL Loss: 0.6344 Acc: 0.58 
Ep 24/100 | TR Loss: 0.5625 Acc: 0.73 | VAL Loss: 0.6601 Acc: 0.70 
Ep 25/100 | TR Loss: 0.4537 Acc: 0.84 | VAL Loss: 0.6793 Acc: 0.70 
Ep 26/100 | TR Loss: 0.4114 Acc: 0.80 | VAL Loss: 0.6434 Acc: 0.70 
Ep 27/100 | TR Loss: 0.3744 Acc: 0.85 | VAL Loss: 0.7077 Acc: 0.66 
Ep 28/100 | TR Loss: 0.4539 Acc: 0.85 | VAL Loss: 0.7336 Acc: 0.66 
Ep 29/100 | TR Loss: 0.3404 Acc: 0.86 | VAL Loss: 0.6575 Acc: 0.70 
Ep 30/100 | TR Loss: 0.4222 Acc: 0.84 | VAL Loss: 0.6776 Acc: 0.70 
Ep 31/100 | TR Loss: 0.3831 Acc: 0.84 | VAL Loss: 0.6953 Acc: 0.74 
Ep 32/100 | TR Loss: 0.4683 Acc: 0.85 | VAL Loss: 0.7686 Acc: 0.74 
Ep 33/100 | TR Loss: 0.3781 Acc: 0.84 | VAL Loss: 1.0881 Acc: 0.74 
Ep 34/100 | TR Loss: 0.4055 Acc: 0.83 | VAL Loss: 0.5956 Acc: 0.76 *(Best)*
Ep 35/100 | TR Loss: 0.3664 Acc: 0.82 | VAL Loss: 0.6223 Acc: 0.76 
Ep 36/100 | TR Loss: 0.4033 Acc: 0.80 | VAL Loss: 0.6760 Acc: 0.74 
Ep 37/100 | TR Loss: 0.6264 Acc: 0.76 | VAL Loss: 0.7071 Acc: 0.72 
Ep 38/100 | TR Loss: 0.5316 Acc: 0.77 | VAL Loss: 0.6554 Acc: 0.70 
Ep 39/100 | TR Loss: 0.4492 Acc: 0.78 | VAL Loss: 0.6077 Acc: 0.70 
Ep 40/100 | TR Loss: 0.4736 Acc: 0.80 | VAL Loss: 0.6256 Acc: 0.70 
Ep 41/100 | TR Loss: 0.4150 Acc: 0.80 | VAL Loss: 0.6504 Acc: 0.68 
Ep 42/100 | TR Loss: 0.3872 Acc: 0.79 | VAL Loss: 0.6599 Acc: 0.68 
Ep 43/100 | TR Loss: 0.4054 Acc: 0.80 | VAL Loss: 0.6423 Acc: 0.68 
Ep 44/100 | TR Loss: 0.4630 Acc: 0.80 | VAL Loss: 0.6697 Acc: 0.70 
Ep 45/100 | TR Loss: 0.3979 Acc: 0.81 | VAL Loss: 0.6844 Acc: 0.70 
Ep 46/100 | TR Loss: 0.3434 Acc: 0.80 | VAL Loss: 0.6804 Acc: 0.70 
Ep 47/100 | TR Loss: 0.3552 Acc: 0.80 | VAL Loss: 0.6992 Acc: 0.70 
Ep 48/100 | TR Loss: 0.3461 Acc: 0.80 | VAL Loss: 0.6979 Acc: 0.68 
Ep 49/100 | TR Loss: 0.3446 Acc: 0.79 | VAL Loss: 0.6605 Acc: 0.68 
Ep 50/100 | TR Loss: 0.3748 Acc: 0.78 | VAL Loss: 0.6470 Acc: 0.68 
Ep 51/100 | TR Loss: 0.3550 Acc: 0.77 | VAL Loss: 0.6611 Acc: 0.66 
Ep 52/100 | TR Loss: 0.3709 Acc: 0.78 | VAL Loss: 0.7029 Acc: 0.64 
Ep 53/100 | TR Loss: 0.3687 Acc: 0.78 | VAL Loss: 0.7348 Acc: 0.62 
Ep 54/100 | TR Loss: 0.3697 Acc: 0.78 | VAL Loss: 0.7074 Acc: 0.62 
Ep 55/100 | TR Loss: 0.3320 Acc: 0.78 | VAL Loss: 0.7105 Acc: 0.62 
Ep 56/100 | TR Loss: 0.3881 Acc: 0.78 | VAL Loss: 0.7157 Acc: 0.62 
Ep 57/100 | TR Loss: 0.3766 Acc: 0.78 | VAL Loss: 0.7089 Acc: 0.62 
Ep 58/100 | TR Loss: 0.3301 Acc: 0.78 | VAL Loss: 0.7106 Acc: 0.62 
Ep 59/100 | TR Loss: 0.3679 Acc: 0.78 | VAL Loss: 0.7108 Acc: 0.62 
Ep 60/100 | TR Loss: 0.3307 Acc: 0.78 | VAL Loss: 0.7147 Acc: 0.62 
Ep 61/100 | TR Loss: 0.3589 Acc: 0.78 | VAL Loss: 0.7147 Acc: 0.66 
Ep 62/100 | TR Loss: 0.3487 Acc: 0.78 | VAL Loss: 0.7118 Acc: 0.66 
Ep 63/100 | TR Loss: 0.3581 Acc: 0.78 | VAL Loss: 0.7221 Acc: 0.66 
Ep 64/100 | TR Loss: 0.3470 Acc: 0.78 | VAL Loss: 0.7290 Acc: 0.66 
Ep 65/100 | TR Loss: 0.3238 Acc: 0.78 | VAL Loss: 0.7280 Acc: 0.66 
Ep 66/100 | TR Loss: 0.3483 Acc: 0.78 | VAL Loss: 0.7268 Acc: 0.66 
Ep 67/100 | TR Loss: 0.3241 Acc: 0.78 | VAL Loss: 0.7311 Acc: 0.66 
Ep 68/100 | TR Loss: 0.3236 Acc: 0.78 | VAL Loss: 0.7335 Acc: 0.66 
Ep 69/100 | TR Loss: 0.3090 Acc: 0.78 | VAL Loss: 0.7348 Acc: 0.66 
Ep 70/100 | TR Loss: 0.3680 Acc: 0.78 | VAL Loss: 0.7414 Acc: 0.66 
Ep 71/100 | TR Loss: 0.3622 Acc: 0.78 | VAL Loss: 0.7478 Acc: 0.66 
Ep 72/100 | TR Loss: 0.3455 Acc: 0.78 | VAL Loss: 0.7463 Acc: 0.66 
Ep 73/100 | TR Loss: 0.3245 Acc: 0.78 | VAL Loss: 0.7426 Acc: 0.66 
Ep 74/100 | TR Loss: 0.3688 Acc: 0.78 | VAL Loss: 0.7423 Acc: 0.66 
Ep 75/100 | TR Loss: 0.3397 Acc: 0.78 | VAL Loss: 0.7454 Acc: 0.66 
Ep 76/100 | TR Loss: 0.3544 Acc: 0.78 | VAL Loss: 0.7442 Acc: 0.66 
Ep 77/100 | TR Loss: 0.3290 Acc: 0.78 | VAL Loss: 0.7486 Acc: 0.66 
Ep 78/100 | TR Loss: 0.3855 Acc: 0.78 | VAL Loss: 0.7554 Acc: 0.66 
Ep 79/100 | TR Loss: 0.3288 Acc: 0.75 | VAL Loss: 0.7572 Acc: 0.66 
Ep 80/100 | TR Loss: 0.3476 Acc: 0.75 | VAL Loss: 0.7477 Acc: 0.66 
Ep 81/100 | TR Loss: 0.3238 Acc: 0.78 | VAL Loss: 0.7313 Acc: 0.66 
Ep 82/100 | TR Loss: 0.3706 Acc: 0.78 | VAL Loss: 0.7213 Acc: 0.66 
Ep 83/100 | TR Loss: 0.3451 Acc: 0.78 | VAL Loss: 0.7178 Acc: 0.66 
Ep 84/100 | TR Loss: 0.3446 Acc: 0.78 | VAL Loss: 0.7170 Acc: 0.66 
Ep 85/100 | TR Loss: 0.3411 Acc: 0.78 | VAL Loss: 0.7147 Acc: 0.66 
Ep 86/100 | TR Loss: 0.3233 Acc: 0.78 | VAL Loss: 0.7063 Acc: 0.66 
Ep 87/100 | TR Loss: 0.3746 Acc: 0.78 | VAL Loss: 0.7042 Acc: 0.66 
Ep 88/100 | TR Loss: 0.3360 Acc: 0.78 | VAL Loss: 0.7023 Acc: 0.66 
Ep 89/100 | TR Loss: 0.3472 Acc: 0.78 | VAL Loss: 0.7017 Acc: 0.68 
Ep 90/100 | TR Loss: 0.3475 Acc: 0.78 | VAL Loss: 0.7021 Acc: 0.68 
Ep 91/100 | TR Loss: 0.3456 Acc: 0.78 | VAL Loss: 0.7061 Acc: 0.68 
Ep 92/100 | TR Loss: 0.3641 Acc: 0.78 | VAL Loss: 0.7109 Acc: 0.68 
Ep 93/100 | TR Loss: 0.3287 Acc: 0.78 | VAL Loss: 0.7085 Acc: 0.68 
Ep 94/100 | TR Loss: 0.3668 Acc: 0.78 | VAL Loss: 0.7099 Acc: 0.68 
Ep 95/100 | TR Loss: 0.3456 Acc: 0.78 | VAL Loss: 0.7123 Acc: 0.68 
Ep 96/100 | TR Loss: 0.3448 Acc: 0.78 | VAL Loss: 0.7114 Acc: 0.68 
Ep 97/100 | TR Loss: 0.3506 Acc: 0.78 | VAL Loss: 0.7125 Acc: 0.68 
Ep 98/100 | TR Loss: 0.3283 Acc: 0.78 | VAL Loss: 0.7166 Acc: 0.68 
Ep 99/100 | TR Loss: 0.3421 Acc: 0.78 | VAL Loss: 0.7175 Acc: 0.68 
Ep 100/100 | TR Loss: 0.3225 Acc: 0.78 | VAL Loss: 0.7150 Acc: 0.68 

==================================================
BEST MODEL TEST SET EVALUATION (MULTIPLE THRESHOLDS)
==================================================
Threshold  | Acc      | Prec     | Rec      | F1      
--------------------------------------------------
0.30       | 0.60     | 0.57     | 0.78     | 0.66     
0.40       | 0.61     | 0.58     | 0.78     | 0.66     
0.50       | 0.60     | 0.57     | 0.76     | 0.65     <-- (Arg)
0.60       | 0.59     | 0.56     | 0.73     | 0.64     
0.70       | 0.54     | 0.57     | 0.27     | 0.36     
==================================================

========================================
End    : Fri May 22 00:57:52 +03 2026
Output : output_classical/job_1094603
total 150K
-rw-r--r-- 1 aerturk23 hpcusers  34K May 22  2026 best_model.pth
-rw-r--r-- 1 aerturk23 hpcusers  363 May 22  2026 config.json
-rw-r--r-- 1 aerturk23 hpcusers  14K May 22  2026 history.json
-rw-r--r-- 1 aerturk23 hpcusers  966 May 22 00:57 output.err
-rw-r--r-- 1 aerturk23 hpcusers 8.3K May 22 00:57 output.log
-rw-r--r-- 1 aerturk23 hpcusers  92K May 22 00:57 training_metrics.png
========================================
