========================================
Job ID : 1094737
Start  : Fri May 22 04:22:27 +03 2026
GPU    : Tesla T4
========================================
--- Classical LSTM Script starting ---
[*] Configuration saved to: output_classical/job_1094737/config.json
========================================
MODEL                 : CLASSICAL LSTM
DATA SOURCE SELECTION : SST2
TRAINING SIZE         : 250
VALIDATION SIZE       : 50
TEST SIZE             : 100
WEIGHT DECAY          : 0.0001
DROPOUT RATE          : 0.5
CLASSIFICATION THRESHOLD : 0.5
BATCH SIZE            : 16
EMBED/HIDDEN DIMS     : 16 / 32
========================================

--- Preparing Dataset and Tokenization ---
[*] REAL DATASET SIZES -> Train: 250 | Val: 50 | Test: 100
--- Initializing Classical Model ---

--- Starting Classical LSTM Training (Epochs: 100) ---
Ep 01/100 | TR Loss: 0.6865 Acc: 0.57 | VAL Loss: 0.6512 Acc: 0.56 *(Best)*
Ep 02/100 | TR Loss: 0.6639 Acc: 0.59 | VAL Loss: 0.6563 Acc: 0.56 
Ep 03/100 | TR Loss: 0.6265 Acc: 0.62 | VAL Loss: 0.7382 Acc: 0.58 
Ep 04/100 | TR Loss: 0.4847 Acc: 0.78 | VAL Loss: 0.8055 Acc: 0.56 
Ep 05/100 | TR Loss: 0.3086 Acc: 0.86 | VAL Loss: 0.9555 Acc: 0.58 
Ep 06/100 | TR Loss: 0.1464 Acc: 0.94 | VAL Loss: 1.4488 Acc: 0.64 
Ep 07/100 | TR Loss: 0.0557 Acc: 0.98 | VAL Loss: 1.3916 Acc: 0.60 
Ep 08/100 | TR Loss: 0.0108 Acc: 1.00 | VAL Loss: 1.6707 Acc: 0.60 
Ep 09/100 | TR Loss: 0.0028 Acc: 1.00 | VAL Loss: 1.9926 Acc: 0.58 
Ep 10/100 | TR Loss: 0.0016 Acc: 1.00 | VAL Loss: 2.0432 Acc: 0.58 
Ep 11/100 | TR Loss: 0.0012 Acc: 1.00 | VAL Loss: 2.0561 Acc: 0.56 
Ep 12/100 | TR Loss: 0.0010 Acc: 1.00 | VAL Loss: 2.1709 Acc: 0.54 
Ep 13/100 | TR Loss: 0.0009 Acc: 1.00 | VAL Loss: 2.3223 Acc: 0.54 
Ep 14/100 | TR Loss: 0.0008 Acc: 1.00 | VAL Loss: 2.4530 Acc: 0.58 
Ep 15/100 | TR Loss: 0.0008 Acc: 1.00 | VAL Loss: 2.5330 Acc: 0.60 
Ep 16/100 | TR Loss: 0.0008 Acc: 1.00 | VAL Loss: 2.5928 Acc: 0.60 
Ep 17/100 | TR Loss: 0.0007 Acc: 1.00 | VAL Loss: 2.6160 Acc: 0.60 
Ep 18/100 | TR Loss: 0.0007 Acc: 1.00 | VAL Loss: 2.6577 Acc: 0.62 
Ep 19/100 | TR Loss: 0.0006 Acc: 1.00 | VAL Loss: 2.6781 Acc: 0.62 
Ep 20/100 | TR Loss: 0.0006 Acc: 1.00 | VAL Loss: 2.6820 Acc: 0.62 
Ep 21/100 | TR Loss: 0.0006 Acc: 1.00 | VAL Loss: 2.7021 Acc: 0.62 
Ep 22/100 | TR Loss: 0.0006 Acc: 1.00 | VAL Loss: 2.7070 Acc: 0.62 
Ep 23/100 | TR Loss: 0.0005 Acc: 1.00 | VAL Loss: 2.7126 Acc: 0.62 
Ep 24/100 | TR Loss: 0.0005 Acc: 1.00 | VAL Loss: 2.7061 Acc: 0.62 
Ep 25/100 | TR Loss: 0.0005 Acc: 1.00 | VAL Loss: 2.7364 Acc: 0.62 
Ep 26/100 | TR Loss: 0.0005 Acc: 1.00 | VAL Loss: 2.7131 Acc: 0.64 
Ep 27/100 | TR Loss: 0.0004 Acc: 1.00 | VAL Loss: 2.7172 Acc: 0.64 
Ep 28/100 | TR Loss: 0.0004 Acc: 1.00 | VAL Loss: 2.6961 Acc: 0.64 
Ep 29/100 | TR Loss: 0.0004 Acc: 1.00 | VAL Loss: 2.6974 Acc: 0.64 
Ep 30/100 | TR Loss: 0.0004 Acc: 1.00 | VAL Loss: 2.7066 Acc: 0.64 
Ep 31/100 | TR Loss: 0.0004 Acc: 1.00 | VAL Loss: 2.6964 Acc: 0.62 
Ep 32/100 | TR Loss: 0.0004 Acc: 1.00 | VAL Loss: 2.6788 Acc: 0.60 
Ep 33/100 | TR Loss: 0.0004 Acc: 1.00 | VAL Loss: 2.6810 Acc: 0.60 
Ep 34/100 | TR Loss: 0.0003 Acc: 1.00 | VAL Loss: 2.6728 Acc: 0.60 
Ep 35/100 | TR Loss: 0.0004 Acc: 1.00 | VAL Loss: 2.6646 Acc: 0.60 
Ep 36/100 | TR Loss: 0.0003 Acc: 1.00 | VAL Loss: 2.6020 Acc: 0.58 
Ep 37/100 | TR Loss: 0.0003 Acc: 1.00 | VAL Loss: 2.6299 Acc: 0.58 
Ep 38/100 | TR Loss: 0.0003 Acc: 1.00 | VAL Loss: 2.6278 Acc: 0.60 
Ep 39/100 | TR Loss: 0.0588 Acc: 0.98 | VAL Loss: 3.9147 Acc: 0.42 
Ep 40/100 | TR Loss: 0.3098 Acc: 0.90 | VAL Loss: 1.0630 Acc: 0.62 
Ep 41/100 | TR Loss: 0.1388 Acc: 0.95 | VAL Loss: 1.2507 Acc: 0.62 
Ep 42/100 | TR Loss: 0.0295 Acc: 1.00 | VAL Loss: 2.0058 Acc: 0.60 
Ep 43/100 | TR Loss: 0.0029 Acc: 1.00 | VAL Loss: 2.7157 Acc: 0.60 
Ep 44/100 | TR Loss: 0.0012 Acc: 1.00 | VAL Loss: 2.8558 Acc: 0.62 
Ep 45/100 | TR Loss: 0.0008 Acc: 1.00 | VAL Loss: 2.8766 Acc: 0.62 
Ep 46/100 | TR Loss: 0.0007 Acc: 1.00 | VAL Loss: 2.8819 Acc: 0.62 
Ep 47/100 | TR Loss: 0.0006 Acc: 1.00 | VAL Loss: 2.8732 Acc: 0.62 
Ep 48/100 | TR Loss: 0.0006 Acc: 1.00 | VAL Loss: 2.8711 Acc: 0.62 
Ep 49/100 | TR Loss: 0.0006 Acc: 1.00 | VAL Loss: 2.8661 Acc: 0.62 
Ep 50/100 | TR Loss: 0.0006 Acc: 1.00 | VAL Loss: 2.8694 Acc: 0.62 
Ep 51/100 | TR Loss: 0.0006 Acc: 1.00 | VAL Loss: 2.8730 Acc: 0.62 
Ep 52/100 | TR Loss: 0.0006 Acc: 1.00 | VAL Loss: 2.8773 Acc: 0.62 
Ep 53/100 | TR Loss: 0.0006 Acc: 1.00 | VAL Loss: 2.8837 Acc: 0.62 
Ep 54/100 | TR Loss: 0.0005 Acc: 1.00 | VAL Loss: 2.8898 Acc: 0.60 
Ep 55/100 | TR Loss: 0.0005 Acc: 1.00 | VAL Loss: 2.9015 Acc: 0.60 
Ep 56/100 | TR Loss: 0.0005 Acc: 1.00 | VAL Loss: 2.9085 Acc: 0.60 
Ep 57/100 | TR Loss: 0.0005 Acc: 1.00 | VAL Loss: 2.9145 Acc: 0.60 
Ep 58/100 | TR Loss: 0.0005 Acc: 1.00 | VAL Loss: 2.9146 Acc: 0.60 
Ep 59/100 | TR Loss: 0.0005 Acc: 1.00 | VAL Loss: 2.9241 Acc: 0.60 
Ep 60/100 | TR Loss: 0.0005 Acc: 1.00 | VAL Loss: 2.9305 Acc: 0.60 
Ep 61/100 | TR Loss: 0.0005 Acc: 1.00 | VAL Loss: 2.9320 Acc: 0.60 
Ep 62/100 | TR Loss: 0.0005 Acc: 1.00 | VAL Loss: 2.9330 Acc: 0.58 
Ep 63/100 | TR Loss: 0.0005 Acc: 1.00 | VAL Loss: 2.9326 Acc: 0.58 
Ep 64/100 | TR Loss: 0.0004 Acc: 1.00 | VAL Loss: 2.9341 Acc: 0.58 
Ep 65/100 | TR Loss: 0.0004 Acc: 1.00 | VAL Loss: 2.9337 Acc: 0.58 
Ep 66/100 | TR Loss: 0.0004 Acc: 1.00 | VAL Loss: 2.9296 Acc: 0.58 
Ep 67/100 | TR Loss: 0.0004 Acc: 1.00 | VAL Loss: 2.9375 Acc: 0.58 
Ep 68/100 | TR Loss: 0.0004 Acc: 1.00 | VAL Loss: 2.9335 Acc: 0.58 
Ep 69/100 | TR Loss: 0.0004 Acc: 1.00 | VAL Loss: 2.9341 Acc: 0.58 
Ep 70/100 | TR Loss: 0.0004 Acc: 1.00 | VAL Loss: 2.9306 Acc: 0.58 
Ep 71/100 | TR Loss: 0.0004 Acc: 1.00 | VAL Loss: 2.9234 Acc: 0.58 
Ep 72/100 | TR Loss: 0.0004 Acc: 1.00 | VAL Loss: 2.9172 Acc: 0.58 
Ep 73/100 | TR Loss: 0.0004 Acc: 1.00 | VAL Loss: 2.9240 Acc: 0.58 
Ep 74/100 | TR Loss: 0.0004 Acc: 1.00 | VAL Loss: 2.9228 Acc: 0.58 
Ep 75/100 | TR Loss: 0.0004 Acc: 1.00 | VAL Loss: 2.9087 Acc: 0.58 
Ep 76/100 | TR Loss: 0.0004 Acc: 1.00 | VAL Loss: 2.9138 Acc: 0.58 
Ep 77/100 | TR Loss: 0.0004 Acc: 1.00 | VAL Loss: 2.9095 Acc: 0.58 
Ep 78/100 | TR Loss: 0.0004 Acc: 1.00 | VAL Loss: 2.9040 Acc: 0.58 
Ep 79/100 | TR Loss: 0.0004 Acc: 1.00 | VAL Loss: 2.9043 Acc: 0.58 
Ep 80/100 | TR Loss: 0.0004 Acc: 1.00 | VAL Loss: 2.9108 Acc: 0.60 
Ep 81/100 | TR Loss: 0.0003 Acc: 1.00 | VAL Loss: 2.8984 Acc: 0.62 
Ep 82/100 | TR Loss: 0.0003 Acc: 1.00 | VAL Loss: 2.8909 Acc: 0.62 
Ep 83/100 | TR Loss: 0.0003 Acc: 1.00 | VAL Loss: 2.8987 Acc: 0.62 
Ep 84/100 | TR Loss: 0.0003 Acc: 1.00 | VAL Loss: 2.8941 Acc: 0.62 
Ep 85/100 | TR Loss: 0.0003 Acc: 1.00 | VAL Loss: 2.8942 Acc: 0.62 
Ep 86/100 | TR Loss: 0.0003 Acc: 1.00 | VAL Loss: 2.8920 Acc: 0.62 
Ep 87/100 | TR Loss: 0.0003 Acc: 1.00 | VAL Loss: 2.8909 Acc: 0.62 
Ep 88/100 | TR Loss: 0.0003 Acc: 1.00 | VAL Loss: 2.8893 Acc: 0.62 
Ep 89/100 | TR Loss: 0.0003 Acc: 1.00 | VAL Loss: 2.8883 Acc: 0.62 
Ep 90/100 | TR Loss: 0.0003 Acc: 1.00 | VAL Loss: 2.8897 Acc: 0.62 
Ep 91/100 | TR Loss: 0.0003 Acc: 1.00 | VAL Loss: 2.8838 Acc: 0.62 
Ep 92/100 | TR Loss: 0.0003 Acc: 1.00 | VAL Loss: 2.8773 Acc: 0.62 
Ep 93/100 | TR Loss: 0.0003 Acc: 1.00 | VAL Loss: 2.8749 Acc: 0.62 
Ep 94/100 | TR Loss: 0.0003 Acc: 1.00 | VAL Loss: 2.8748 Acc: 0.62 
Ep 95/100 | TR Loss: 0.0003 Acc: 1.00 | VAL Loss: 2.8733 Acc: 0.62 
Ep 96/100 | TR Loss: 0.0003 Acc: 1.00 | VAL Loss: 2.8814 Acc: 0.62 
Ep 97/100 | TR Loss: 0.0003 Acc: 1.00 | VAL Loss: 2.8743 Acc: 0.62 
Ep 98/100 | TR Loss: 0.0003 Acc: 1.00 | VAL Loss: 2.8680 Acc: 0.62 
Ep 99/100 | TR Loss: 0.0003 Acc: 1.00 | VAL Loss: 2.8594 Acc: 0.62 
Ep 100/100 | TR Loss: 0.0003 Acc: 1.00 | VAL Loss: 2.8597 Acc: 0.62 

==================================================
BEST MODEL TEST SET EVALUATION (MULTIPLE THRESHOLDS)
==================================================
Threshold  | Acc      | Prec     | Rec      | F1      
--------------------------------------------------
0.30       | 0.55     | 0.55     | 1.00     | 0.71     
0.40       | 0.55     | 0.55     | 1.00     | 0.71     
0.50       | 0.55     | 0.55     | 1.00     | 0.71     <-- (Arg)
0.60       | 0.46     | 0.53     | 0.18     | 0.27     
0.70       | 0.45     | 0.00     | 0.00     | 0.00     
==================================================

========================================
End    : Fri May 22 04:22:51 +03 2026
Output : output_classical/job_1094737
total 159K
-rw-r--r-- 1 aerturk23 hpcusers  74K May 22 04:22 best_model.pth
-rw-r--r-- 1 aerturk23 hpcusers  364 May 22 04:22 config.json
-rw-r--r-- 1 aerturk23 hpcusers  13K May 22 04:22 history.json
-rw-r--r-- 1 aerturk23 hpcusers  966 May 22 04:22 output.err
-rw-r--r-- 1 aerturk23 hpcusers 8.2K May 22 04:22 output.log
-rw-r--r-- 1 aerturk23 hpcusers  62K May 22 04:22 training_metrics.png
========================================
