========================================
Job ID : 1094689
Start  : Fri May 22 02:56:15 +03 2026
GPU    : Tesla T4
========================================
--- Classical LSTM Script starting ---
[*] Configuration saved to: output_classical/job_1094689/config.json
========================================
MODEL                 : CLASSICAL LSTM
DATA SOURCE SELECTION : SST2
TRAINING SIZE         : 10
VALIDATION SIZE       : 50
TEST SIZE             : 100
WEIGHT DECAY          : 0.0001
DROPOUT RATE          : 0.5
CLASSIFICATION THRESHOLD : 0.5
BATCH SIZE            : 16
EMBED/HIDDEN DIMS     : 16 / 32
========================================

--- Preparing Dataset and Tokenization ---
[*] REAL DATASET SIZES -> Train: 10 | Val: 50 | Test: 100
--- Initializing Classical Model ---

--- Starting Classical LSTM Training (Epochs: 100) ---
Ep 01/100 | TR Loss: 0.7436 Acc: 0.10 | VAL Loss: 0.7004 Acc: 0.40 *(Best)*
Ep 02/100 | TR Loss: 0.6865 Acc: 0.40 | VAL Loss: 0.6840 Acc: 0.66 *(Best)*
Ep 03/100 | TR Loss: 0.6306 Acc: 0.90 | VAL Loss: 0.6673 Acc: 0.60 *(Best)*
Ep 04/100 | TR Loss: 0.5710 Acc: 0.90 | VAL Loss: 0.6499 Acc: 0.60 *(Best)*
Ep 05/100 | TR Loss: 0.5050 Acc: 0.90 | VAL Loss: 0.6328 Acc: 0.60 *(Best)*
Ep 06/100 | TR Loss: 0.4333 Acc: 0.90 | VAL Loss: 0.6199 Acc: 0.60 *(Best)*
Ep 07/100 | TR Loss: 0.3614 Acc: 0.90 | VAL Loss: 0.6205 Acc: 0.60 
Ep 08/100 | TR Loss: 0.3011 Acc: 0.90 | VAL Loss: 0.6472 Acc: 0.60 
Ep 09/100 | TR Loss: 0.2635 Acc: 0.90 | VAL Loss: 0.7034 Acc: 0.60 
Ep 10/100 | TR Loss: 0.2447 Acc: 0.90 | VAL Loss: 0.7735 Acc: 0.60 
Ep 11/100 | TR Loss: 0.2252 Acc: 0.90 | VAL Loss: 0.8401 Acc: 0.60 
Ep 12/100 | TR Loss: 0.1904 Acc: 0.90 | VAL Loss: 0.8989 Acc: 0.60 
Ep 13/100 | TR Loss: 0.1455 Acc: 0.90 | VAL Loss: 0.9545 Acc: 0.60 
Ep 14/100 | TR Loss: 0.1083 Acc: 0.90 | VAL Loss: 1.0119 Acc: 0.60 
Ep 15/100 | TR Loss: 0.0848 Acc: 0.90 | VAL Loss: 1.0726 Acc: 0.60 
Ep 16/100 | TR Loss: 0.0705 Acc: 1.00 | VAL Loss: 1.1342 Acc: 0.62 
Ep 17/100 | TR Loss: 0.0610 Acc: 1.00 | VAL Loss: 1.1934 Acc: 0.58 
Ep 18/100 | TR Loss: 0.0540 Acc: 1.00 | VAL Loss: 1.2481 Acc: 0.58 
Ep 19/100 | TR Loss: 0.0484 Acc: 1.00 | VAL Loss: 1.2983 Acc: 0.58 
Ep 20/100 | TR Loss: 0.0439 Acc: 1.00 | VAL Loss: 1.3445 Acc: 0.56 
Ep 21/100 | TR Loss: 0.0400 Acc: 1.00 | VAL Loss: 1.3872 Acc: 0.58 
Ep 22/100 | TR Loss: 0.0367 Acc: 1.00 | VAL Loss: 1.4269 Acc: 0.54 
Ep 23/100 | TR Loss: 0.0338 Acc: 1.00 | VAL Loss: 1.4642 Acc: 0.54 
Ep 24/100 | TR Loss: 0.0311 Acc: 1.00 | VAL Loss: 1.4998 Acc: 0.54 
Ep 25/100 | TR Loss: 0.0286 Acc: 1.00 | VAL Loss: 1.5346 Acc: 0.56 
Ep 26/100 | TR Loss: 0.0262 Acc: 1.00 | VAL Loss: 1.5690 Acc: 0.54 
Ep 27/100 | TR Loss: 0.0240 Acc: 1.00 | VAL Loss: 1.6034 Acc: 0.54 
Ep 28/100 | TR Loss: 0.0218 Acc: 1.00 | VAL Loss: 1.6379 Acc: 0.52 
Ep 29/100 | TR Loss: 0.0197 Acc: 1.00 | VAL Loss: 1.6721 Acc: 0.52 
Ep 30/100 | TR Loss: 0.0178 Acc: 1.00 | VAL Loss: 1.7056 Acc: 0.52 
Ep 31/100 | TR Loss: 0.0159 Acc: 1.00 | VAL Loss: 1.7384 Acc: 0.52 
Ep 32/100 | TR Loss: 0.0142 Acc: 1.00 | VAL Loss: 1.7704 Acc: 0.52 
Ep 33/100 | TR Loss: 0.0126 Acc: 1.00 | VAL Loss: 1.8018 Acc: 0.52 
Ep 34/100 | TR Loss: 0.0112 Acc: 1.00 | VAL Loss: 1.8330 Acc: 0.54 
Ep 35/100 | TR Loss: 0.0099 Acc: 1.00 | VAL Loss: 1.8646 Acc: 0.54 
Ep 36/100 | TR Loss: 0.0088 Acc: 1.00 | VAL Loss: 1.8972 Acc: 0.50 
Ep 37/100 | TR Loss: 0.0077 Acc: 1.00 | VAL Loss: 1.9311 Acc: 0.50 
Ep 38/100 | TR Loss: 0.0068 Acc: 1.00 | VAL Loss: 1.9665 Acc: 0.52 
Ep 39/100 | TR Loss: 0.0061 Acc: 1.00 | VAL Loss: 2.0030 Acc: 0.52 
Ep 40/100 | TR Loss: 0.0054 Acc: 1.00 | VAL Loss: 2.0400 Acc: 0.52 
Ep 41/100 | TR Loss: 0.0048 Acc: 1.00 | VAL Loss: 2.0769 Acc: 0.52 
Ep 42/100 | TR Loss: 0.0043 Acc: 1.00 | VAL Loss: 2.1135 Acc: 0.52 
Ep 43/100 | TR Loss: 0.0038 Acc: 1.00 | VAL Loss: 2.1493 Acc: 0.52 
Ep 44/100 | TR Loss: 0.0034 Acc: 1.00 | VAL Loss: 2.1841 Acc: 0.50 
Ep 45/100 | TR Loss: 0.0031 Acc: 1.00 | VAL Loss: 2.2177 Acc: 0.50 
Ep 46/100 | TR Loss: 0.0028 Acc: 1.00 | VAL Loss: 2.2500 Acc: 0.50 
Ep 47/100 | TR Loss: 0.0025 Acc: 1.00 | VAL Loss: 2.2807 Acc: 0.50 
Ep 48/100 | TR Loss: 0.0023 Acc: 1.00 | VAL Loss: 2.3100 Acc: 0.50 
Ep 49/100 | TR Loss: 0.0021 Acc: 1.00 | VAL Loss: 2.3377 Acc: 0.50 
Ep 50/100 | TR Loss: 0.0019 Acc: 1.00 | VAL Loss: 2.3638 Acc: 0.50 
Ep 51/100 | TR Loss: 0.0017 Acc: 1.00 | VAL Loss: 2.3883 Acc: 0.50 
Ep 52/100 | TR Loss: 0.0016 Acc: 1.00 | VAL Loss: 2.4112 Acc: 0.50 
Ep 53/100 | TR Loss: 0.0015 Acc: 1.00 | VAL Loss: 2.4325 Acc: 0.50 
Ep 54/100 | TR Loss: 0.0014 Acc: 1.00 | VAL Loss: 2.4522 Acc: 0.50 
Ep 55/100 | TR Loss: 0.0013 Acc: 1.00 | VAL Loss: 2.4705 Acc: 0.50 
Ep 56/100 | TR Loss: 0.0012 Acc: 1.00 | VAL Loss: 2.4873 Acc: 0.50 
Ep 57/100 | TR Loss: 0.0011 Acc: 1.00 | VAL Loss: 2.5027 Acc: 0.50 
Ep 58/100 | TR Loss: 0.0011 Acc: 1.00 | VAL Loss: 2.5168 Acc: 0.50 
Ep 59/100 | TR Loss: 0.0010 Acc: 1.00 | VAL Loss: 2.5295 Acc: 0.50 
Ep 60/100 | TR Loss: 0.0010 Acc: 1.00 | VAL Loss: 2.5410 Acc: 0.50 
Ep 61/100 | TR Loss: 0.0009 Acc: 1.00 | VAL Loss: 2.5513 Acc: 0.50 
Ep 62/100 | TR Loss: 0.0009 Acc: 1.00 | VAL Loss: 2.5603 Acc: 0.48 
Ep 63/100 | TR Loss: 0.0009 Acc: 1.00 | VAL Loss: 2.5682 Acc: 0.48 
Ep 64/100 | TR Loss: 0.0008 Acc: 1.00 | VAL Loss: 2.5750 Acc: 0.48 
Ep 65/100 | TR Loss: 0.0008 Acc: 1.00 | VAL Loss: 2.5807 Acc: 0.48 
Ep 66/100 | TR Loss: 0.0008 Acc: 1.00 | VAL Loss: 2.5853 Acc: 0.48 
Ep 67/100 | TR Loss: 0.0008 Acc: 1.00 | VAL Loss: 2.5889 Acc: 0.48 
Ep 68/100 | TR Loss: 0.0007 Acc: 1.00 | VAL Loss: 2.5914 Acc: 0.48 
Ep 69/100 | TR Loss: 0.0007 Acc: 1.00 | VAL Loss: 2.5930 Acc: 0.48 
Ep 70/100 | TR Loss: 0.0007 Acc: 1.00 | VAL Loss: 2.5937 Acc: 0.48 
Ep 71/100 | TR Loss: 0.0007 Acc: 1.00 | VAL Loss: 2.5934 Acc: 0.48 
Ep 72/100 | TR Loss: 0.0007 Acc: 1.00 | VAL Loss: 2.5924 Acc: 0.48 
Ep 73/100 | TR Loss: 0.0007 Acc: 1.00 | VAL Loss: 2.5906 Acc: 0.48 
Ep 74/100 | TR Loss: 0.0007 Acc: 1.00 | VAL Loss: 2.5880 Acc: 0.48 
Ep 75/100 | TR Loss: 0.0007 Acc: 1.00 | VAL Loss: 2.5848 Acc: 0.48 
Ep 76/100 | TR Loss: 0.0006 Acc: 1.00 | VAL Loss: 2.5808 Acc: 0.48 
Ep 77/100 | TR Loss: 0.0006 Acc: 1.00 | VAL Loss: 2.5763 Acc: 0.48 
Ep 78/100 | TR Loss: 0.0006 Acc: 1.00 | VAL Loss: 2.5711 Acc: 0.48 
Ep 79/100 | TR Loss: 0.0006 Acc: 1.00 | VAL Loss: 2.5654 Acc: 0.48 
Ep 80/100 | TR Loss: 0.0006 Acc: 1.00 | VAL Loss: 2.5591 Acc: 0.48 
Ep 81/100 | TR Loss: 0.0006 Acc: 1.00 | VAL Loss: 2.5524 Acc: 0.48 
Ep 82/100 | TR Loss: 0.0006 Acc: 1.00 | VAL Loss: 2.5451 Acc: 0.48 
Ep 83/100 | TR Loss: 0.0006 Acc: 1.00 | VAL Loss: 2.5373 Acc: 0.48 
Ep 84/100 | TR Loss: 0.0006 Acc: 1.00 | VAL Loss: 2.5291 Acc: 0.48 
Ep 85/100 | TR Loss: 0.0006 Acc: 1.00 | VAL Loss: 2.5205 Acc: 0.48 
Ep 86/100 | TR Loss: 0.0006 Acc: 1.00 | VAL Loss: 2.5116 Acc: 0.48 
Ep 87/100 | TR Loss: 0.0006 Acc: 1.00 | VAL Loss: 2.5023 Acc: 0.48 
Ep 88/100 | TR Loss: 0.0006 Acc: 1.00 | VAL Loss: 2.4927 Acc: 0.46 
Ep 89/100 | TR Loss: 0.0006 Acc: 1.00 | VAL Loss: 2.4829 Acc: 0.46 
Ep 90/100 | TR Loss: 0.0006 Acc: 1.00 | VAL Loss: 2.4729 Acc: 0.44 
Ep 91/100 | TR Loss: 0.0006 Acc: 1.00 | VAL Loss: 2.4627 Acc: 0.44 
Ep 92/100 | TR Loss: 0.0006 Acc: 1.00 | VAL Loss: 2.4523 Acc: 0.44 
Ep 93/100 | TR Loss: 0.0006 Acc: 1.00 | VAL Loss: 2.4418 Acc: 0.44 
Ep 94/100 | TR Loss: 0.0006 Acc: 1.00 | VAL Loss: 2.4311 Acc: 0.44 
Ep 95/100 | TR Loss: 0.0006 Acc: 1.00 | VAL Loss: 2.4203 Acc: 0.44 
Ep 96/100 | TR Loss: 0.0006 Acc: 1.00 | VAL Loss: 2.4094 Acc: 0.44 
Ep 97/100 | TR Loss: 0.0006 Acc: 1.00 | VAL Loss: 2.3983 Acc: 0.44 
Ep 98/100 | TR Loss: 0.0006 Acc: 1.00 | VAL Loss: 2.3872 Acc: 0.44 
Ep 99/100 | TR Loss: 0.0006 Acc: 1.00 | VAL Loss: 2.3759 Acc: 0.44 
Ep 100/100 | TR Loss: 0.0006 Acc: 1.00 | VAL Loss: 2.3645 Acc: 0.44 

==================================================
BEST MODEL TEST SET EVALUATION (MULTIPLE THRESHOLDS)
==================================================
Threshold  | Acc      | Prec     | Rec      | F1      
--------------------------------------------------
0.30       | 0.70     | 0.70     | 1.00     | 0.82     
0.40       | 0.70     | 0.70     | 1.00     | 0.82     
0.50       | 0.70     | 0.70     | 1.00     | 0.82     <-- (Arg)
0.60       | 0.69     | 0.71     | 0.94     | 0.81     
0.70       | 0.40     | 0.73     | 0.23     | 0.35     
==================================================

========================================
End    : Fri May 22 02:56:35 +03 2026
Output : output_classical/job_1094689
total 127K
-rw-r--r-- 1 aerturk23 hpcusers  50K May 22  2026 best_model.pth
-rw-r--r-- 1 aerturk23 hpcusers  364 May 22 02:56 config.json
-rw-r--r-- 1 aerturk23 hpcusers  13K May 22 02:56 history.json
-rw-r--r-- 1 aerturk23 hpcusers  966 May 22  2026 output.err
-rw-r--r-- 1 aerturk23 hpcusers 8.3K May 22  2026 output.log
-rw-r--r-- 1 aerturk23 hpcusers  55K May 22 02:56 training_metrics.png
========================================
