========================================
Job ID : 1094744
Start  : Fri May 22 04:41:56 +03 2026
GPU    : Tesla T4
========================================
--- Quantum QNLP Script starting ---
[*] Configuration saved to: output_qnlp/job_1094744/config.json
========================================
DATA SOURCE SELECTION : SST2
TRAINING SIZE         : 500
VALIDATION SIZE       : 50
TEST SIZE             : 100
WEIGHT DECAY          : 0.0001
CLASSIFICATION THRESHOLD : 0.5
QUANTUM LAYERS        : 1
========================================

--- Preparing Dataset ---
Generating DisCoCat grammar diagrams...
Generating quantum circuits (IQP Ansatz)...

--- Starting Quantum Model Training (Epochs: 100) ---
Ep 01/100 | TR Loss: 1.4576 Acc: 0.45 | VAL Loss: 1.3484 Acc: 0.46 *(Best)*
Ep 02/100 | TR Loss: 0.8347 Acc: 0.58 | VAL Loss: 1.5340 Acc: 0.36 
Ep 03/100 | TR Loss: 0.6594 Acc: 0.65 | VAL Loss: 1.5252 Acc: 0.38 
Ep 04/100 | TR Loss: 0.5612 Acc: 0.73 | VAL Loss: 1.4684 Acc: 0.34 
Ep 05/100 | TR Loss: 0.5639 Acc: 0.72 | VAL Loss: 1.3223 Acc: 0.26 *(Best)*
Ep 06/100 | TR Loss: 0.5464 Acc: 0.73 | VAL Loss: 1.4833 Acc: 0.36 
Ep 07/100 | TR Loss: 0.4331 Acc: 0.80 | VAL Loss: 1.4523 Acc: 0.36 
Ep 08/100 | TR Loss: 0.4647 Acc: 0.77 | VAL Loss: 1.5850 Acc: 0.40 
Ep 09/100 | TR Loss: 0.4880 Acc: 0.76 | VAL Loss: 1.4354 Acc: 0.44 
Ep 10/100 | TR Loss: 0.4001 Acc: 0.84 | VAL Loss: 1.3473 Acc: 0.46 
Ep 11/100 | TR Loss: 0.3728 Acc: 0.85 | VAL Loss: 1.5307 Acc: 0.42 
Ep 12/100 | TR Loss: 0.3641 Acc: 0.85 | VAL Loss: 1.3582 Acc: 0.46 
Ep 13/100 | TR Loss: 0.3371 Acc: 0.85 | VAL Loss: 1.3896 Acc: 0.36 
Ep 14/100 | TR Loss: 0.3482 Acc: 0.85 | VAL Loss: 1.5216 Acc: 0.36 
Ep 15/100 | TR Loss: 0.3311 Acc: 0.86 | VAL Loss: 1.5837 Acc: 0.36 
Ep 16/100 | TR Loss: 0.3188 Acc: 0.87 | VAL Loss: 1.4865 Acc: 0.40 
Ep 17/100 | TR Loss: 0.2930 Acc: 0.89 | VAL Loss: 1.4394 Acc: 0.34 
Ep 18/100 | TR Loss: 0.4098 Acc: 0.84 | VAL Loss: 1.6498 Acc: 0.40 
Ep 19/100 | TR Loss: 0.4449 Acc: 0.80 | VAL Loss: 1.5678 Acc: 0.38 
Ep 20/100 | TR Loss: 0.4107 Acc: 0.81 | VAL Loss: 1.6834 Acc: 0.34 
Ep 21/100 | TR Loss: 0.4612 Acc: 0.78 | VAL Loss: 1.4671 Acc: 0.46 
Ep 22/100 | TR Loss: 0.3682 Acc: 0.85 | VAL Loss: 1.3743 Acc: 0.46 
Ep 23/100 | TR Loss: 0.4490 Acc: 0.80 | VAL Loss: 1.5081 Acc: 0.42 
Ep 24/100 | TR Loss: 0.4008 Acc: 0.82 | VAL Loss: 1.4767 Acc: 0.42 
Ep 25/100 | TR Loss: 0.3189 Acc: 0.86 | VAL Loss: 1.6142 Acc: 0.36 
Ep 26/100 | TR Loss: 0.3673 Acc: 0.84 | VAL Loss: 1.5327 Acc: 0.30 
Ep 27/100 | TR Loss: 0.3754 Acc: 0.85 | VAL Loss: 1.7832 Acc: 0.38 
Ep 28/100 | TR Loss: 0.3633 Acc: 0.84 | VAL Loss: 1.6969 Acc: 0.38 
Ep 29/100 | TR Loss: 0.3505 Acc: 0.85 | VAL Loss: 1.6717 Acc: 0.38 
Ep 30/100 | TR Loss: 0.3841 Acc: 0.84 | VAL Loss: 1.4195 Acc: 0.40 
Ep 31/100 | TR Loss: 0.3642 Acc: 0.84 | VAL Loss: 1.5103 Acc: 0.46 
Ep 32/100 | TR Loss: 0.3279 Acc: 0.87 | VAL Loss: 1.5945 Acc: 0.34 
Ep 33/100 | TR Loss: 0.4525 Acc: 0.79 | VAL Loss: 1.6967 Acc: 0.36 
Ep 34/100 | TR Loss: 0.3536 Acc: 0.85 | VAL Loss: 1.4886 Acc: 0.46 
Ep 35/100 | TR Loss: 0.3309 Acc: 0.85 | VAL Loss: 1.3843 Acc: 0.50 
Ep 36/100 | TR Loss: 0.3284 Acc: 0.87 | VAL Loss: 1.6112 Acc: 0.36 
Ep 37/100 | TR Loss: 0.3691 Acc: 0.81 | VAL Loss: 1.4884 Acc: 0.46 
Ep 38/100 | TR Loss: 0.3852 Acc: 0.84 | VAL Loss: 1.4568 Acc: 0.44 
Ep 39/100 | TR Loss: 0.3868 Acc: 0.83 | VAL Loss: 1.5288 Acc: 0.44 
Ep 40/100 | TR Loss: 0.3940 Acc: 0.84 | VAL Loss: 1.4905 Acc: 0.44 
Ep 41/100 | TR Loss: 0.3699 Acc: 0.85 | VAL Loss: 1.3805 Acc: 0.44 
Ep 42/100 | TR Loss: 0.3602 Acc: 0.84 | VAL Loss: 1.4561 Acc: 0.40 
Ep 43/100 | TR Loss: 0.3371 Acc: 0.85 | VAL Loss: 1.5074 Acc: 0.32 
Ep 44/100 | TR Loss: 0.3494 Acc: 0.86 | VAL Loss: 1.7793 Acc: 0.36 
Ep 45/100 | TR Loss: 0.3590 Acc: 0.85 | VAL Loss: 1.4831 Acc: 0.40 
Ep 46/100 | TR Loss: 0.3433 Acc: 0.85 | VAL Loss: 1.6168 Acc: 0.36 
Ep 47/100 | TR Loss: 0.3279 Acc: 0.86 | VAL Loss: 1.6301 Acc: 0.36 
Ep 48/100 | TR Loss: 0.3203 Acc: 0.86 | VAL Loss: 1.5376 Acc: 0.42 
Ep 49/100 | TR Loss: 0.3209 Acc: 0.85 | VAL Loss: 1.4357 Acc: 0.54 
Ep 50/100 | TR Loss: 0.3187 Acc: 0.86 | VAL Loss: 1.5383 Acc: 0.36 
Ep 51/100 | TR Loss: 0.2943 Acc: 0.88 | VAL Loss: 1.4763 Acc: 0.38 
Ep 52/100 | TR Loss: 0.3222 Acc: 0.87 | VAL Loss: 1.4528 Acc: 0.42 
Ep 53/100 | TR Loss: 0.3145 Acc: 0.86 | VAL Loss: 1.4100 Acc: 0.46 
Ep 54/100 | TR Loss: 0.3538 Acc: 0.83 | VAL Loss: 1.4857 Acc: 0.42 
Ep 55/100 | TR Loss: 0.3601 Acc: 0.84 | VAL Loss: 1.4691 Acc: 0.48 
Ep 56/100 | TR Loss: 0.3631 Acc: 0.84 | VAL Loss: 1.5071 Acc: 0.44 
Ep 57/100 | TR Loss: 0.3831 Acc: 0.86 | VAL Loss: 1.4981 Acc: 0.46 
Ep 58/100 | TR Loss: 0.3617 Acc: 0.85 | VAL Loss: 1.7516 Acc: 0.40 
Ep 59/100 | TR Loss: 0.3047 Acc: 0.88 | VAL Loss: 1.5532 Acc: 0.36 
Ep 60/100 | TR Loss: 0.3680 Acc: 0.86 | VAL Loss: 1.7997 Acc: 0.34 
Ep 61/100 | TR Loss: 0.3088 Acc: 0.87 | VAL Loss: 1.5802 Acc: 0.50 
Ep 62/100 | TR Loss: 0.3457 Acc: 0.84 | VAL Loss: 1.7896 Acc: 0.42 
Ep 63/100 | TR Loss: 0.3491 Acc: 0.85 | VAL Loss: 1.6431 Acc: 0.44 
Ep 64/100 | TR Loss: 0.3713 Acc: 0.85 | VAL Loss: 1.7868 Acc: 0.36 
Ep 65/100 | TR Loss: 0.3905 Acc: 0.84 | VAL Loss: 1.7704 Acc: 0.38 
Ep 66/100 | TR Loss: 0.3772 Acc: 0.84 | VAL Loss: 1.7111 Acc: 0.38 
Ep 67/100 | TR Loss: 0.3544 Acc: 0.83 | VAL Loss: 1.5756 Acc: 0.36 
Ep 68/100 | TR Loss: 0.3639 Acc: 0.83 | VAL Loss: 1.4434 Acc: 0.44 
Ep 69/100 | TR Loss: 0.4084 Acc: 0.84 | VAL Loss: 1.4647 Acc: 0.48 
Ep 70/100 | TR Loss: 0.4408 Acc: 0.83 | VAL Loss: 1.5390 Acc: 0.36 
Ep 71/100 | TR Loss: 0.3669 Acc: 0.84 | VAL Loss: 1.4872 Acc: 0.28 
Ep 72/100 | TR Loss: 0.3141 Acc: 0.86 | VAL Loss: 1.6695 Acc: 0.36 
Ep 73/100 | TR Loss: 0.3535 Acc: 0.86 | VAL Loss: 1.7722 Acc: 0.34 
Ep 74/100 | TR Loss: 0.3287 Acc: 0.87 | VAL Loss: 1.6205 Acc: 0.34 
Ep 75/100 | TR Loss: 0.2899 Acc: 0.88 | VAL Loss: 1.6325 Acc: 0.36 
Ep 76/100 | TR Loss: 0.3142 Acc: 0.87 | VAL Loss: 1.5278 Acc: 0.36 
Ep 77/100 | TR Loss: 0.3498 Acc: 0.87 | VAL Loss: 1.6534 Acc: 0.38 
Ep 78/100 | TR Loss: 0.2957 Acc: 0.88 | VAL Loss: 1.6882 Acc: 0.36 
Ep 79/100 | TR Loss: 0.2891 Acc: 0.88 | VAL Loss: 1.8000 Acc: 0.38 
Ep 80/100 | TR Loss: 0.2996 Acc: 0.88 | VAL Loss: 1.8052 Acc: 0.34 
Ep 81/100 | TR Loss: 0.3356 Acc: 0.87 | VAL Loss: 1.6935 Acc: 0.38 
Ep 82/100 | TR Loss: 0.2967 Acc: 0.90 | VAL Loss: 1.7748 Acc: 0.38 
Ep 83/100 | TR Loss: 0.2888 Acc: 0.87 | VAL Loss: 1.7713 Acc: 0.42 
Ep 84/100 | TR Loss: 0.2995 Acc: 0.86 | VAL Loss: 1.6657 Acc: 0.38 
Ep 85/100 | TR Loss: 0.2980 Acc: 0.89 | VAL Loss: 1.5496 Acc: 0.36 
Ep 86/100 | TR Loss: 0.3080 Acc: 0.88 | VAL Loss: 1.9261 Acc: 0.28 
Ep 87/100 | TR Loss: 0.3310 Acc: 0.86 | VAL Loss: 1.8133 Acc: 0.32 
Ep 88/100 | TR Loss: 0.3972 Acc: 0.83 | VAL Loss: 1.6080 Acc: 0.28 
Ep 89/100 | TR Loss: 0.3269 Acc: 0.87 | VAL Loss: 1.4882 Acc: 0.36 
Ep 90/100 | TR Loss: 0.3273 Acc: 0.85 | VAL Loss: 1.5724 Acc: 0.46 
Ep 91/100 | TR Loss: 0.3422 Acc: 0.86 | VAL Loss: 1.4902 Acc: 0.40 
Ep 92/100 | TR Loss: 0.3775 Acc: 0.82 | VAL Loss: 1.5895 Acc: 0.38 
Ep 93/100 | TR Loss: 0.3536 Acc: 0.86 | VAL Loss: 1.7600 Acc: 0.38 
Ep 94/100 | TR Loss: 0.3757 Acc: 0.85 | VAL Loss: 1.6058 Acc: 0.38 
Ep 95/100 | TR Loss: 0.3700 Acc: 0.84 | VAL Loss: 1.5287 Acc: 0.44 
Ep 96/100 | TR Loss: 0.3930 Acc: 0.86 | VAL Loss: 1.6376 Acc: 0.38 
Ep 97/100 | TR Loss: 0.3307 Acc: 0.86 | VAL Loss: 1.6384 Acc: 0.32 
Ep 98/100 | TR Loss: 0.3640 Acc: 0.85 | VAL Loss: 1.7038 Acc: 0.36 
Ep 99/100 | TR Loss: 0.3731 Acc: 0.83 | VAL Loss: 1.6503 Acc: 0.50 
Ep 100/100 | TR Loss: 0.2882 Acc: 0.87 | VAL Loss: 1.7127 Acc: 0.44 
[*] Training plots saved to: output_qnlp/job_1094744/training_metrics.png

==================================================
BEST MODEL TEST SET EVALUATION (MULTIPLE THRESHOLDS)
==================================================
Threshold  | Acc      | Prec     | Rec      | F1      
--------------------------------------------------
0.30       | 0.53     | 0.69     | 0.44     | 0.53     
0.40       | 0.44     | 0.61     | 0.27     | 0.38     
0.50       | 0.38     | 0.50     | 0.16     | 0.24     <-- (Arg)
0.60       | 0.40     | 0.56     | 0.16     | 0.25     
0.70       | 0.38     | 0.50     | 0.13     | 0.21     
==================================================

========================================
End    : Fri May 22 04:56:49 +03 2026
Output : output_qnlp/job_1094744
total 449K
-rw-r--r-- 1 aerturk23 hpcusers 293K May 22 04:43 best_model.pth
-rw-r--r-- 1 aerturk23 hpcusers  291 May 22 04:42 config.json
-rw-r--r-- 1 aerturk23 hpcusers  14K May 22 04:56 history.json
-rw-r--r-- 1 aerturk23 hpcusers  966 May 22 04:52 output.err
-rw-r--r-- 1 aerturk23 hpcusers 8.2K May 22 04:53 output.log
-rw-r--r-- 1 aerturk23 hpcusers 132K May 22 04:56 training_metrics.png
========================================
