========================================
Job ID : 1094770
Start  : Fri May 22 06:34:28 +03 2026
GPU    : Tesla T4
========================================
--- Classical LSTM Script starting ---
[*] Configuration saved to: output_classical/job_1094770/config.json
========================================
MODEL                 : CLASSICAL LSTM
DATA SOURCE SELECTION : SYNTHETIC
TRAINING SIZE         : 10
VALIDATION SIZE       : 50
TEST SIZE             : 100
WEIGHT DECAY          : 0.0001
DROPOUT RATE          : 0.2
CLASSIFICATION THRESHOLD : 0.5
BATCH SIZE            : 16
EMBED/HIDDEN DIMS     : 16 / 32
========================================

--- Preparing Dataset and Tokenization ---
[*] REAL DATASET SIZES -> Train: 10 | Val: 50 | Test: 100
--- Initializing Classical Model ---

--- Starting Classical LSTM Training (Epochs: 100) ---
Ep 01/100 | TR Loss: 0.6658 Acc: 0.70 | VAL Loss: 0.6999 Acc: 0.52 *(Best)*
Ep 02/100 | TR Loss: 0.6299 Acc: 0.80 | VAL Loss: 0.7086 Acc: 0.54 
Ep 03/100 | TR Loss: 0.5949 Acc: 0.80 | VAL Loss: 0.7222 Acc: 0.52 
Ep 04/100 | TR Loss: 0.5578 Acc: 0.80 | VAL Loss: 0.7415 Acc: 0.48 
Ep 05/100 | TR Loss: 0.5171 Acc: 0.80 | VAL Loss: 0.7671 Acc: 0.50 
Ep 06/100 | TR Loss: 0.4714 Acc: 0.80 | VAL Loss: 0.7989 Acc: 0.50 
Ep 07/100 | TR Loss: 0.4186 Acc: 0.80 | VAL Loss: 0.8365 Acc: 0.52 
Ep 08/100 | TR Loss: 0.3575 Acc: 0.80 | VAL Loss: 0.8795 Acc: 0.50 
Ep 09/100 | TR Loss: 0.2901 Acc: 0.90 | VAL Loss: 0.9279 Acc: 0.52 
Ep 10/100 | TR Loss: 0.2230 Acc: 1.00 | VAL Loss: 0.9820 Acc: 0.54 
Ep 11/100 | TR Loss: 0.1639 Acc: 1.00 | VAL Loss: 1.0423 Acc: 0.60 
Ep 12/100 | TR Loss: 0.1168 Acc: 1.00 | VAL Loss: 1.1084 Acc: 0.62 
Ep 13/100 | TR Loss: 0.0819 Acc: 1.00 | VAL Loss: 1.1794 Acc: 0.66 
Ep 14/100 | TR Loss: 0.0575 Acc: 1.00 | VAL Loss: 1.2539 Acc: 0.70 
Ep 15/100 | TR Loss: 0.0409 Acc: 1.00 | VAL Loss: 1.3307 Acc: 0.70 
Ep 16/100 | TR Loss: 0.0296 Acc: 1.00 | VAL Loss: 1.4081 Acc: 0.70 
Ep 17/100 | TR Loss: 0.0218 Acc: 1.00 | VAL Loss: 1.4840 Acc: 0.70 
Ep 18/100 | TR Loss: 0.0164 Acc: 1.00 | VAL Loss: 1.5567 Acc: 0.70 
Ep 19/100 | TR Loss: 0.0125 Acc: 1.00 | VAL Loss: 1.6247 Acc: 0.74 
Ep 20/100 | TR Loss: 0.0096 Acc: 1.00 | VAL Loss: 1.6874 Acc: 0.74 
Ep 21/100 | TR Loss: 0.0075 Acc: 1.00 | VAL Loss: 1.7445 Acc: 0.72 
Ep 22/100 | TR Loss: 0.0060 Acc: 1.00 | VAL Loss: 1.7960 Acc: 0.72 
Ep 23/100 | TR Loss: 0.0048 Acc: 1.00 | VAL Loss: 1.8423 Acc: 0.72 
Ep 24/100 | TR Loss: 0.0039 Acc: 1.00 | VAL Loss: 1.8835 Acc: 0.72 
Ep 25/100 | TR Loss: 0.0033 Acc: 1.00 | VAL Loss: 1.9202 Acc: 0.72 
Ep 26/100 | TR Loss: 0.0027 Acc: 1.00 | VAL Loss: 1.9527 Acc: 0.72 
Ep 27/100 | TR Loss: 0.0023 Acc: 1.00 | VAL Loss: 1.9813 Acc: 0.72 
Ep 28/100 | TR Loss: 0.0020 Acc: 1.00 | VAL Loss: 2.0066 Acc: 0.72 
Ep 29/100 | TR Loss: 0.0017 Acc: 1.00 | VAL Loss: 2.0287 Acc: 0.72 
Ep 30/100 | TR Loss: 0.0015 Acc: 1.00 | VAL Loss: 2.0482 Acc: 0.72 
Ep 31/100 | TR Loss: 0.0013 Acc: 1.00 | VAL Loss: 2.0653 Acc: 0.74 
Ep 32/100 | TR Loss: 0.0012 Acc: 1.00 | VAL Loss: 2.0804 Acc: 0.74 
Ep 33/100 | TR Loss: 0.0011 Acc: 1.00 | VAL Loss: 2.0936 Acc: 0.74 
Ep 34/100 | TR Loss: 0.0010 Acc: 1.00 | VAL Loss: 2.1051 Acc: 0.74 
Ep 35/100 | TR Loss: 0.0009 Acc: 1.00 | VAL Loss: 2.1152 Acc: 0.74 
Ep 36/100 | TR Loss: 0.0008 Acc: 1.00 | VAL Loss: 2.1241 Acc: 0.74 
Ep 37/100 | TR Loss: 0.0008 Acc: 1.00 | VAL Loss: 2.1317 Acc: 0.74 
Ep 38/100 | TR Loss: 0.0007 Acc: 1.00 | VAL Loss: 2.1384 Acc: 0.74 
Ep 39/100 | TR Loss: 0.0007 Acc: 1.00 | VAL Loss: 2.1441 Acc: 0.74 
Ep 40/100 | TR Loss: 0.0006 Acc: 1.00 | VAL Loss: 2.1490 Acc: 0.74 
Ep 41/100 | TR Loss: 0.0006 Acc: 1.00 | VAL Loss: 2.1532 Acc: 0.74 
Ep 42/100 | TR Loss: 0.0006 Acc: 1.00 | VAL Loss: 2.1568 Acc: 0.74 
Ep 43/100 | TR Loss: 0.0005 Acc: 1.00 | VAL Loss: 2.1599 Acc: 0.74 
Ep 44/100 | TR Loss: 0.0005 Acc: 1.00 | VAL Loss: 2.1624 Acc: 0.74 
Ep 45/100 | TR Loss: 0.0005 Acc: 1.00 | VAL Loss: 2.1645 Acc: 0.74 
Ep 46/100 | TR Loss: 0.0005 Acc: 1.00 | VAL Loss: 2.1661 Acc: 0.74 
Ep 47/100 | TR Loss: 0.0005 Acc: 1.00 | VAL Loss: 2.1673 Acc: 0.74 
Ep 48/100 | TR Loss: 0.0005 Acc: 1.00 | VAL Loss: 2.1681 Acc: 0.74 
Ep 49/100 | TR Loss: 0.0004 Acc: 1.00 | VAL Loss: 2.1686 Acc: 0.74 
Ep 50/100 | TR Loss: 0.0004 Acc: 1.00 | VAL Loss: 2.1689 Acc: 0.74 
Ep 51/100 | TR Loss: 0.0004 Acc: 1.00 | VAL Loss: 2.1688 Acc: 0.74 
Ep 52/100 | TR Loss: 0.0004 Acc: 1.00 | VAL Loss: 2.1686 Acc: 0.74 
Ep 53/100 | TR Loss: 0.0004 Acc: 1.00 | VAL Loss: 2.1681 Acc: 0.74 
Ep 54/100 | TR Loss: 0.0004 Acc: 1.00 | VAL Loss: 2.1675 Acc: 0.74 
Ep 55/100 | TR Loss: 0.0004 Acc: 1.00 | VAL Loss: 2.1666 Acc: 0.74 
Ep 56/100 | TR Loss: 0.0004 Acc: 1.00 | VAL Loss: 2.1655 Acc: 0.74 
Ep 57/100 | TR Loss: 0.0004 Acc: 1.00 | VAL Loss: 2.1643 Acc: 0.74 
Ep 58/100 | TR Loss: 0.0004 Acc: 1.00 | VAL Loss: 2.1630 Acc: 0.74 
Ep 59/100 | TR Loss: 0.0004 Acc: 1.00 | VAL Loss: 2.1615 Acc: 0.74 
Ep 60/100 | TR Loss: 0.0004 Acc: 1.00 | VAL Loss: 2.1599 Acc: 0.74 
Ep 61/100 | TR Loss: 0.0004 Acc: 1.00 | VAL Loss: 2.1583 Acc: 0.74 
Ep 62/100 | TR Loss: 0.0004 Acc: 1.00 | VAL Loss: 2.1565 Acc: 0.74 
Ep 63/100 | TR Loss: 0.0004 Acc: 1.00 | VAL Loss: 2.1546 Acc: 0.74 
Ep 64/100 | TR Loss: 0.0004 Acc: 1.00 | VAL Loss: 2.1526 Acc: 0.74 
Ep 65/100 | TR Loss: 0.0004 Acc: 1.00 | VAL Loss: 2.1506 Acc: 0.74 
Ep 66/100 | TR Loss: 0.0004 Acc: 1.00 | VAL Loss: 2.1484 Acc: 0.74 
Ep 67/100 | TR Loss: 0.0004 Acc: 1.00 | VAL Loss: 2.1462 Acc: 0.74 
Ep 68/100 | TR Loss: 0.0004 Acc: 1.00 | VAL Loss: 2.1440 Acc: 0.74 
Ep 69/100 | TR Loss: 0.0004 Acc: 1.00 | VAL Loss: 2.1417 Acc: 0.74 
Ep 70/100 | TR Loss: 0.0004 Acc: 1.00 | VAL Loss: 2.1393 Acc: 0.74 
Ep 71/100 | TR Loss: 0.0004 Acc: 1.00 | VAL Loss: 2.1369 Acc: 0.74 
Ep 72/100 | TR Loss: 0.0004 Acc: 1.00 | VAL Loss: 2.1344 Acc: 0.74 
Ep 73/100 | TR Loss: 0.0004 Acc: 1.00 | VAL Loss: 2.1318 Acc: 0.74 
Ep 74/100 | TR Loss: 0.0004 Acc: 1.00 | VAL Loss: 2.1292 Acc: 0.74 
Ep 75/100 | TR Loss: 0.0004 Acc: 1.00 | VAL Loss: 2.1266 Acc: 0.74 
Ep 76/100 | TR Loss: 0.0004 Acc: 1.00 | VAL Loss: 2.1239 Acc: 0.74 
Ep 77/100 | TR Loss: 0.0004 Acc: 1.00 | VAL Loss: 2.1212 Acc: 0.74 
Ep 78/100 | TR Loss: 0.0004 Acc: 1.00 | VAL Loss: 2.1184 Acc: 0.74 
Ep 79/100 | TR Loss: 0.0004 Acc: 1.00 | VAL Loss: 2.1156 Acc: 0.76 
Ep 80/100 | TR Loss: 0.0004 Acc: 1.00 | VAL Loss: 2.1127 Acc: 0.76 
Ep 81/100 | TR Loss: 0.0004 Acc: 1.00 | VAL Loss: 2.1098 Acc: 0.76 
Ep 82/100 | TR Loss: 0.0004 Acc: 1.00 | VAL Loss: 2.1069 Acc: 0.76 
Ep 83/100 | TR Loss: 0.0004 Acc: 1.00 | VAL Loss: 2.1039 Acc: 0.76 
Ep 84/100 | TR Loss: 0.0004 Acc: 1.00 | VAL Loss: 2.1008 Acc: 0.76 
Ep 85/100 | TR Loss: 0.0004 Acc: 1.00 | VAL Loss: 2.0978 Acc: 0.76 
Ep 86/100 | TR Loss: 0.0004 Acc: 1.00 | VAL Loss: 2.0947 Acc: 0.76 
Ep 87/100 | TR Loss: 0.0004 Acc: 1.00 | VAL Loss: 2.0915 Acc: 0.76 
Ep 88/100 | TR Loss: 0.0004 Acc: 1.00 | VAL Loss: 2.0883 Acc: 0.76 
Ep 89/100 | TR Loss: 0.0004 Acc: 1.00 | VAL Loss: 2.0851 Acc: 0.76 
Ep 90/100 | TR Loss: 0.0004 Acc: 1.00 | VAL Loss: 2.0818 Acc: 0.76 
Ep 91/100 | TR Loss: 0.0004 Acc: 1.00 | VAL Loss: 2.0784 Acc: 0.76 
Ep 92/100 | TR Loss: 0.0004 Acc: 1.00 | VAL Loss: 2.0751 Acc: 0.76 
Ep 93/100 | TR Loss: 0.0004 Acc: 1.00 | VAL Loss: 2.0717 Acc: 0.76 
Ep 94/100 | TR Loss: 0.0004 Acc: 1.00 | VAL Loss: 2.0682 Acc: 0.76 
Ep 95/100 | TR Loss: 0.0004 Acc: 1.00 | VAL Loss: 2.0647 Acc: 0.76 
Ep 96/100 | TR Loss: 0.0004 Acc: 1.00 | VAL Loss: 2.0611 Acc: 0.76 
Ep 97/100 | TR Loss: 0.0004 Acc: 1.00 | VAL Loss: 2.0575 Acc: 0.76 
Ep 98/100 | TR Loss: 0.0004 Acc: 1.00 | VAL Loss: 2.0538 Acc: 0.76 
Ep 99/100 | TR Loss: 0.0004 Acc: 1.00 | VAL Loss: 2.0501 Acc: 0.76 
Ep 100/100 | TR Loss: 0.0004 Acc: 1.00 | VAL Loss: 2.0463 Acc: 0.76 

==================================================
BEST MODEL TEST SET EVALUATION (MULTIPLE THRESHOLDS)
==================================================
Threshold  | Acc      | Prec     | Rec      | F1      
--------------------------------------------------
0.30       | 0.52     | 0.52     | 1.00     | 0.68     
0.40       | 0.52     | 0.52     | 1.00     | 0.68     
0.50       | 0.46     | 0.42     | 0.10     | 0.16     <-- (Arg)
0.60       | 0.48     | 0.00     | 0.00     | 0.00     
0.70       | 0.48     | 0.00     | 0.00     | 0.00     
==================================================

========================================
End    : Fri May 22 06:34:41 +03 2026
Output : output_classical/job_1094770
total 105K
-rw-r--r-- 1 aerturk23 hpcusers  30K May 22 06:34 best_model.pth
-rw-r--r-- 1 aerturk23 hpcusers  368 May 22  2026 config.json
-rw-r--r-- 1 aerturk23 hpcusers  13K May 22 06:34 history.json
-rw-r--r-- 1 aerturk23 hpcusers  966 May 22 06:34 output.err
-rw-r--r-- 1 aerturk23 hpcusers 8.2K May 22  2026 output.log
-rw-r--r-- 1 aerturk23 hpcusers  53K May 22 06:34 training_metrics.png
========================================
