========================================
Job ID : 1094841
Start  : Fri May 22 09:10:30 +03 2026
GPU    : Tesla T4
========================================
--- Quantum QNLP Script starting ---
[*] Configuration saved to: output_qnlp/job_1094841/config.json
========================================
DATA SOURCE SELECTION : SYNTHETIC
TRAINING SIZE         : 500
VALIDATION SIZE       : 50
TEST SIZE             : 100
WEIGHT DECAY          : 0.0001
CLASSIFICATION THRESHOLD : 0.5
QUANTUM LAYERS        : 2
========================================

--- Preparing Dataset ---
Generating DisCoCat grammar diagrams...
Generating quantum circuits (IQP Ansatz)...

--- Starting Quantum Model Training (Epochs: 100) ---
Ep 01/100 | TR Loss: 0.7719 Acc: 0.52 | VAL Loss: 0.8783 Acc: 0.40 *(Best)*
Ep 02/100 | TR Loss: 0.7503 Acc: 0.53 | VAL Loss: 0.9334 Acc: 0.48 
Ep 03/100 | TR Loss: 0.7221 Acc: 0.50 | VAL Loss: 0.6649 Acc: 0.58 *(Best)*
Ep 04/100 | TR Loss: 0.6073 Acc: 0.71 | VAL Loss: 0.6026 Acc: 0.76 *(Best)*
Ep 05/100 | TR Loss: 0.7108 Acc: 0.54 | VAL Loss: 0.6919 Acc: 0.42 
Ep 06/100 | TR Loss: 0.7237 Acc: 0.52 | VAL Loss: 0.7035 Acc: 0.50 
Ep 07/100 | TR Loss: 0.6945 Acc: 0.54 | VAL Loss: 0.7554 Acc: 0.58 
Ep 08/100 | TR Loss: 0.6347 Acc: 0.64 | VAL Loss: 0.6000 Acc: 0.62 *(Best)*
Ep 09/100 | TR Loss: 0.7055 Acc: 0.60 | VAL Loss: 0.6541 Acc: 0.66 
Ep 10/100 | TR Loss: 0.7272 Acc: 0.55 | VAL Loss: 0.7413 Acc: 0.52 
Ep 11/100 | TR Loss: 0.7689 Acc: 0.50 | VAL Loss: 0.7572 Acc: 0.48 
Ep 12/100 | TR Loss: 0.7036 Acc: 0.59 | VAL Loss: 0.6340 Acc: 0.70 
Ep 13/100 | TR Loss: 0.6750 Acc: 0.62 | VAL Loss: 0.6665 Acc: 0.56 
Ep 14/100 | TR Loss: 0.5644 Acc: 0.74 | VAL Loss: 0.6744 Acc: 0.50 
Ep 15/100 | TR Loss: 0.7550 Acc: 0.50 | VAL Loss: 0.9567 Acc: 0.36 
Ep 16/100 | TR Loss: 0.7447 Acc: 0.55 | VAL Loss: 0.7145 Acc: 0.48 
Ep 17/100 | TR Loss: 0.7192 Acc: 0.49 | VAL Loss: 0.7066 Acc: 0.50 
Ep 18/100 | TR Loss: 0.7129 Acc: 0.52 | VAL Loss: 0.7135 Acc: 0.38 
Ep 19/100 | TR Loss: 0.7127 Acc: 0.52 | VAL Loss: 0.7333 Acc: 0.50 
Ep 20/100 | TR Loss: 0.7054 Acc: 0.52 | VAL Loss: 0.7197 Acc: 0.52 
Ep 21/100 | TR Loss: 0.6820 Acc: 0.53 | VAL Loss: 0.6856 Acc: 0.36 
Ep 22/100 | TR Loss: 0.6064 Acc: 0.59 | VAL Loss: 0.6569 Acc: 0.62 
Ep 23/100 | TR Loss: 0.6322 Acc: 0.57 | VAL Loss: 0.6349 Acc: 0.46 
Ep 24/100 | TR Loss: 0.7091 Acc: 0.49 | VAL Loss: 0.6956 Acc: 0.48 
Ep 25/100 | TR Loss: 0.6909 Acc: 0.51 | VAL Loss: 0.6624 Acc: 0.58 
Ep 26/100 | TR Loss: 0.6256 Acc: 0.66 | VAL Loss: 0.6071 Acc: 0.70 
Ep 27/100 | TR Loss: 0.5671 Acc: 0.72 | VAL Loss: 0.5618 Acc: 0.70 *(Best)*
Ep 28/100 | TR Loss: 0.3326 Acc: 0.96 | VAL Loss: 0.1965 Acc: 0.98 *(Best)*
Ep 29/100 | TR Loss: 0.6056 Acc: 0.66 | VAL Loss: 0.7484 Acc: 0.44 
Ep 30/100 | TR Loss: 0.7523 Acc: 0.53 | VAL Loss: 0.7320 Acc: 0.50 
Ep 31/100 | TR Loss: 0.7307 Acc: 0.47 | VAL Loss: 0.6391 Acc: 0.56 
Ep 32/100 | TR Loss: 0.6374 Acc: 0.59 | VAL Loss: 0.6614 Acc: 0.54 
Ep 33/100 | TR Loss: 0.6865 Acc: 0.57 | VAL Loss: 0.7040 Acc: 0.56 
Ep 34/100 | TR Loss: 0.7058 Acc: 0.52 | VAL Loss: 0.6852 Acc: 0.58 
Ep 35/100 | TR Loss: 0.6663 Acc: 0.55 | VAL Loss: 0.6252 Acc: 0.52 
Ep 36/100 | TR Loss: 0.6959 Acc: 0.53 | VAL Loss: 0.7201 Acc: 0.46 
Ep 37/100 | TR Loss: 0.6856 Acc: 0.55 | VAL Loss: 0.8167 Acc: 0.56 
Ep 38/100 | TR Loss: 0.6935 Acc: 0.53 | VAL Loss: 0.6781 Acc: 0.54 
Ep 39/100 | TR Loss: 0.6576 Acc: 0.59 | VAL Loss: 0.6936 Acc: 0.50 
Ep 40/100 | TR Loss: 0.7045 Acc: 0.56 | VAL Loss: 0.6450 Acc: 0.56 
Ep 41/100 | TR Loss: 0.5475 Acc: 0.77 | VAL Loss: 0.6262 Acc: 0.64 
Ep 42/100 | TR Loss: 0.7492 Acc: 0.56 | VAL Loss: 0.6902 Acc: 0.58 
Ep 43/100 | TR Loss: 0.6755 Acc: 0.58 | VAL Loss: 0.3682 Acc: 0.82 
Ep 44/100 | TR Loss: 0.2292 Acc: 0.87 | VAL Loss: 0.0810 Acc: 0.94 *(Best)*
Ep 45/100 | TR Loss: 0.1611 Acc: 0.93 | VAL Loss: 0.1106 Acc: 0.94 
Ep 46/100 | TR Loss: 0.4332 Acc: 0.76 | VAL Loss: 0.7140 Acc: 0.58 
Ep 47/100 | TR Loss: 0.7179 Acc: 0.57 | VAL Loss: 0.6000 Acc: 0.74 
Ep 48/100 | TR Loss: 0.6747 Acc: 0.59 | VAL Loss: 0.4960 Acc: 0.82 
Ep 49/100 | TR Loss: 0.3316 Acc: 0.94 | VAL Loss: 0.3052 Acc: 1.00 
Ep 50/100 | TR Loss: 0.5853 Acc: 0.70 | VAL Loss: 0.6173 Acc: 0.64 
Ep 51/100 | TR Loss: 0.7597 Acc: 0.51 | VAL Loss: 0.7188 Acc: 0.36 
Ep 52/100 | TR Loss: 0.6912 Acc: 0.54 | VAL Loss: 0.6957 Acc: 0.52 
Ep 53/100 | TR Loss: 0.6944 Acc: 0.49 | VAL Loss: 0.6900 Acc: 0.52 
Ep 54/100 | TR Loss: 0.6488 Acc: 0.60 | VAL Loss: 0.4762 Acc: 0.72 
Ep 55/100 | TR Loss: 0.6468 Acc: 0.67 | VAL Loss: 0.6999 Acc: 0.34 
Ep 56/100 | TR Loss: 0.7039 Acc: 0.51 | VAL Loss: 0.7038 Acc: 0.46 
Ep 57/100 | TR Loss: 0.6301 Acc: 0.70 | VAL Loss: 0.7493 Acc: 0.38 
Ep 58/100 | TR Loss: 0.7142 Acc: 0.49 | VAL Loss: 0.6973 Acc: 0.48 
Ep 59/100 | TR Loss: 0.7001 Acc: 0.55 | VAL Loss: 0.7612 Acc: 0.40 
Ep 60/100 | TR Loss: 0.7268 Acc: 0.52 | VAL Loss: 0.7415 Acc: 0.54 
Ep 61/100 | TR Loss: 0.7913 Acc: 0.52 | VAL Loss: 0.7505 Acc: 0.60 
Ep 62/100 | TR Loss: 0.7961 Acc: 0.48 | VAL Loss: 0.7643 Acc: 0.52 
Ep 63/100 | TR Loss: 0.7522 Acc: 0.51 | VAL Loss: 0.6909 Acc: 0.38 
Ep 64/100 | TR Loss: 0.7159 Acc: 0.53 | VAL Loss: 0.7191 Acc: 0.62 
Ep 65/100 | TR Loss: 0.4976 Acc: 0.73 | VAL Loss: 0.3653 Acc: 0.76 
Ep 66/100 | TR Loss: 0.1962 Acc: 0.90 | VAL Loss: 0.1539 Acc: 0.86 
Ep 67/100 | TR Loss: 0.1092 Acc: 0.92 | VAL Loss: 0.1815 Acc: 0.86 
Ep 68/100 | TR Loss: 0.6680 Acc: 0.57 | VAL Loss: 0.7309 Acc: 0.40 
Ep 69/100 | TR Loss: 0.7467 Acc: 0.47 | VAL Loss: 0.6740 Acc: 0.52 
Ep 70/100 | TR Loss: 0.6638 Acc: 0.57 | VAL Loss: 0.4885 Acc: 0.80 
Ep 71/100 | TR Loss: 0.6271 Acc: 0.64 | VAL Loss: 0.8460 Acc: 0.46 
Ep 72/100 | TR Loss: 0.7280 Acc: 0.53 | VAL Loss: 0.7934 Acc: 0.44 
Ep 73/100 | TR Loss: 0.7245 Acc: 0.51 | VAL Loss: 0.6994 Acc: 0.46 
Ep 74/100 | TR Loss: 0.6837 Acc: 0.55 | VAL Loss: 0.7720 Acc: 0.42 
Ep 75/100 | TR Loss: 0.7084 Acc: 0.54 | VAL Loss: 0.7052 Acc: 0.48 
Ep 76/100 | TR Loss: 0.6819 Acc: 0.53 | VAL Loss: 0.8317 Acc: 0.42 
Ep 77/100 | TR Loss: 0.6962 Acc: 0.51 | VAL Loss: 0.7155 Acc: 0.52 
Ep 78/100 | TR Loss: 0.6638 Acc: 0.61 | VAL Loss: 0.7231 Acc: 0.52 
Ep 79/100 | TR Loss: 0.7067 Acc: 0.46 | VAL Loss: 0.6792 Acc: 0.50 
Ep 80/100 | TR Loss: 0.6755 Acc: 0.59 | VAL Loss: 0.7028 Acc: 0.50 
Ep 81/100 | TR Loss: 0.6744 Acc: 0.59 | VAL Loss: 0.4814 Acc: 0.86 
Ep 82/100 | TR Loss: 0.6044 Acc: 0.69 | VAL Loss: 0.7661 Acc: 0.42 
Ep 83/100 | TR Loss: 0.7002 Acc: 0.52 | VAL Loss: 0.6075 Acc: 0.60 
Ep 84/100 | TR Loss: 0.6103 Acc: 0.71 | VAL Loss: 0.5456 Acc: 0.74 
Ep 85/100 | TR Loss: 0.7487 Acc: 0.52 | VAL Loss: 1.1097 Acc: 0.42 
Ep 86/100 | TR Loss: 0.7203 Acc: 0.58 | VAL Loss: 0.5717 Acc: 0.68 
Ep 87/100 | TR Loss: 0.5464 Acc: 0.68 | VAL Loss: 0.7899 Acc: 0.66 
Ep 88/100 | TR Loss: 0.7181 Acc: 0.57 | VAL Loss: 0.7309 Acc: 0.52 
Ep 89/100 | TR Loss: 0.7248 Acc: 0.51 | VAL Loss: 0.7803 Acc: 0.48 
Ep 90/100 | TR Loss: 0.7551 Acc: 0.54 | VAL Loss: 0.7528 Acc: 0.46 
Ep 91/100 | TR Loss: 0.7545 Acc: 0.54 | VAL Loss: 0.6868 Acc: 0.62 
Ep 92/100 | TR Loss: 0.7046 Acc: 0.51 | VAL Loss: 0.6474 Acc: 0.64 
Ep 93/100 | TR Loss: 0.4921 Acc: 0.83 | VAL Loss: 0.2674 Acc: 1.00 
Ep 94/100 | TR Loss: 0.2503 Acc: 0.95 | VAL Loss: 0.0608 Acc: 1.00 *(Best)*
Ep 95/100 | TR Loss: 0.2500 Acc: 0.89 | VAL Loss: 0.1538 Acc: 0.96 
Ep 96/100 | TR Loss: 0.1827 Acc: 0.90 | VAL Loss: 0.0411 Acc: 1.00 *(Best)*
Ep 97/100 | TR Loss: 0.1603 Acc: 0.89 | VAL Loss: 0.0775 Acc: 1.00 
Ep 98/100 | TR Loss: 0.2078 Acc: 0.88 | VAL Loss: 0.1176 Acc: 1.00 
Ep 99/100 | TR Loss: 0.1849 Acc: 0.89 | VAL Loss: 0.0890 Acc: 1.00 
Ep 100/100 | TR Loss: 0.1642 Acc: 0.89 | VAL Loss: 0.0451 Acc: 1.00 
[*] Training plots saved to: output_qnlp/job_1094841/training_metrics.png

==================================================
BEST MODEL TEST SET EVALUATION (MULTIPLE THRESHOLDS)
==================================================
Threshold  | Acc      | Prec     | Rec      | F1      
--------------------------------------------------
0.30       | 0.93     | 0.89     | 1.00     | 0.94     
0.40       | 0.93     | 0.89     | 1.00     | 0.94     
0.50       | 0.93     | 0.89     | 1.00     | 0.94     <-- (Arg)
0.60       | 0.83     | 0.87     | 0.82     | 0.84     
0.70       | 0.90     | 1.00     | 0.82     | 0.90     
==================================================

========================================
End    : Fri May 22 09:28:01 +03 2026
Output : output_qnlp/job_1094841
total 222K
-rw-r--r-- 1 aerturk23 hpcusers  11K May 22 09:27 best_model.pth
-rw-r--r-- 1 aerturk23 hpcusers  298 May 22 09:11 config.json
-rw-r--r-- 1 aerturk23 hpcusers  14K May 22 09:27 history.json
-rw-r--r-- 1 aerturk23 hpcusers  966 May 22 09:24 output.err
-rw-r--r-- 1 aerturk23 hpcusers 8.2K May 22 09:24 output.log
-rw-r--r-- 1 aerturk23 hpcusers 187K May 22 09:27 training_metrics.png
========================================
