========================================
Job ID : 1094614
Start  : Fri May 22 02:09:43 +03 2026
GPU    : Tesla T4
========================================
--- Classical LSTM Script starting ---
[*] Configuration saved to: output_classical/job_1094614/config.json
========================================
MODEL                 : CLASSICAL LSTM
DATA SOURCE SELECTION : BACH
TRAINING SIZE         : 250
VALIDATION SIZE       : 50
TEST SIZE             : 100
WEIGHT DECAY          : 0.0001
DROPOUT RATE          : 0.2
CLASSIFICATION THRESHOLD : 0.5
BATCH SIZE            : 16
EMBED/HIDDEN DIMS     : 16 / 32
========================================

--- Preparing Dataset and Tokenization ---
[*] REAL DATASET SIZES -> Train: 250 | Val: 50 | Test: 100
--- Initializing Classical Model ---

--- Starting Classical LSTM Training (Epochs: 100) ---
Ep 01/100 | TR Loss: 0.6915 Acc: 0.54 | VAL Loss: 0.6835 Acc: 0.60 *(Best)*
Ep 02/100 | TR Loss: 0.6896 Acc: 0.54 | VAL Loss: 0.6817 Acc: 0.60 *(Best)*
Ep 03/100 | TR Loss: 0.6128 Acc: 0.64 | VAL Loss: 0.5064 Acc: 0.66 *(Best)*
Ep 04/100 | TR Loss: 0.5588 Acc: 0.72 | VAL Loss: 0.7028 Acc: 0.54 
Ep 05/100 | TR Loss: 0.6424 Acc: 0.55 | VAL Loss: 0.6531 Acc: 0.60 
Ep 06/100 | TR Loss: 0.6426 Acc: 0.55 | VAL Loss: 0.5734 Acc: 0.60 
Ep 07/100 | TR Loss: 0.6474 Acc: 0.55 | VAL Loss: 0.5690 Acc: 0.50 
Ep 08/100 | TR Loss: 0.5872 Acc: 0.66 | VAL Loss: 0.5368 Acc: 0.66 
Ep 09/100 | TR Loss: 0.5668 Acc: 0.71 | VAL Loss: 0.5516 Acc: 0.64 
Ep 10/100 | TR Loss: 0.5601 Acc: 0.72 | VAL Loss: 0.5557 Acc: 0.64 
Ep 11/100 | TR Loss: 0.5357 Acc: 0.74 | VAL Loss: 0.5658 Acc: 0.64 
Ep 12/100 | TR Loss: 0.5345 Acc: 0.75 | VAL Loss: 0.5415 Acc: 0.68 
Ep 13/100 | TR Loss: 0.5386 Acc: 0.76 | VAL Loss: 0.4811 Acc: 0.70 *(Best)*
Ep 14/100 | TR Loss: 0.5113 Acc: 0.76 | VAL Loss: 0.5327 Acc: 0.68 
Ep 15/100 | TR Loss: 0.5414 Acc: 0.75 | VAL Loss: 0.5149 Acc: 0.70 
Ep 16/100 | TR Loss: 0.5209 Acc: 0.76 | VAL Loss: 0.4768 Acc: 0.72 *(Best)*
Ep 17/100 | TR Loss: 0.5147 Acc: 0.76 | VAL Loss: 0.4777 Acc: 0.72 
Ep 18/100 | TR Loss: 0.5197 Acc: 0.76 | VAL Loss: 0.4778 Acc: 0.72 
Ep 19/100 | TR Loss: 0.5206 Acc: 0.76 | VAL Loss: 0.4772 Acc: 0.72 
Ep 20/100 | TR Loss: 0.5114 Acc: 0.76 | VAL Loss: 0.4769 Acc: 0.72 
Ep 21/100 | TR Loss: 0.5198 Acc: 0.76 | VAL Loss: 0.4765 Acc: 0.72 *(Best)*
Ep 22/100 | TR Loss: 0.5262 Acc: 0.76 | VAL Loss: 0.4789 Acc: 0.72 
Ep 23/100 | TR Loss: 0.5331 Acc: 0.76 | VAL Loss: 0.4763 Acc: 0.72 *(Best)*
Ep 24/100 | TR Loss: 0.5030 Acc: 0.76 | VAL Loss: 0.4820 Acc: 0.72 
Ep 25/100 | TR Loss: 0.5514 Acc: 0.77 | VAL Loss: 0.4773 Acc: 0.76 
Ep 26/100 | TR Loss: 0.5102 Acc: 0.80 | VAL Loss: 0.4639 Acc: 0.76 *(Best)*
Ep 27/100 | TR Loss: 0.5459 Acc: 0.76 | VAL Loss: 0.5309 Acc: 0.70 
Ep 28/100 | TR Loss: 0.5389 Acc: 0.78 | VAL Loss: 0.5379 Acc: 0.70 
Ep 29/100 | TR Loss: 0.5179 Acc: 0.79 | VAL Loss: 0.5421 Acc: 0.70 
Ep 30/100 | TR Loss: 0.5195 Acc: 0.79 | VAL Loss: 0.4961 Acc: 0.74 
Ep 31/100 | TR Loss: 0.5083 Acc: 0.80 | VAL Loss: 0.4857 Acc: 0.74 
Ep 32/100 | TR Loss: 0.5053 Acc: 0.80 | VAL Loss: 0.4850 Acc: 0.74 
Ep 33/100 | TR Loss: 0.5075 Acc: 0.80 | VAL Loss: 0.4844 Acc: 0.74 
Ep 34/100 | TR Loss: 0.5022 Acc: 0.80 | VAL Loss: 0.4749 Acc: 0.74 
Ep 35/100 | TR Loss: 0.4867 Acc: 0.80 | VAL Loss: 0.4612 Acc: 0.74 *(Best)*
Ep 36/100 | TR Loss: 0.4621 Acc: 0.80 | VAL Loss: 0.4601 Acc: 0.72 *(Best)*
Ep 37/100 | TR Loss: 0.4519 Acc: 0.80 | VAL Loss: 0.4688 Acc: 0.72 
Ep 38/100 | TR Loss: 0.4162 Acc: 0.81 | VAL Loss: 0.4499 Acc: 0.72 *(Best)*
Ep 39/100 | TR Loss: 0.4136 Acc: 0.81 | VAL Loss: 0.4321 Acc: 0.72 *(Best)*
Ep 40/100 | TR Loss: 0.4390 Acc: 0.80 | VAL Loss: 0.4124 Acc: 0.68 *(Best)*
Ep 41/100 | TR Loss: 0.4079 Acc: 0.79 | VAL Loss: 0.4152 Acc: 0.72 
Ep 42/100 | TR Loss: 0.3894 Acc: 0.82 | VAL Loss: 0.3952 Acc: 0.74 *(Best)*
Ep 43/100 | TR Loss: 0.3857 Acc: 0.82 | VAL Loss: 0.3844 Acc: 0.76 *(Best)*
Ep 44/100 | TR Loss: 0.4077 Acc: 0.83 | VAL Loss: 0.3817 Acc: 0.74 *(Best)*
Ep 45/100 | TR Loss: 0.3893 Acc: 0.82 | VAL Loss: 0.4048 Acc: 0.74 
Ep 46/100 | TR Loss: 0.3962 Acc: 0.82 | VAL Loss: 0.3972 Acc: 0.74 
Ep 47/100 | TR Loss: 0.4282 Acc: 0.80 | VAL Loss: 0.4323 Acc: 0.72 
Ep 48/100 | TR Loss: 0.4247 Acc: 0.81 | VAL Loss: 0.4122 Acc: 0.74 
Ep 49/100 | TR Loss: 0.3990 Acc: 0.83 | VAL Loss: 0.4065 Acc: 0.74 
Ep 50/100 | TR Loss: 0.3801 Acc: 0.84 | VAL Loss: 0.4084 Acc: 0.74 
Ep 51/100 | TR Loss: 0.3684 Acc: 0.85 | VAL Loss: 0.3866 Acc: 0.76 
Ep 52/100 | TR Loss: 0.3833 Acc: 0.83 | VAL Loss: 0.4069 Acc: 0.74 
Ep 53/100 | TR Loss: 0.3852 Acc: 0.83 | VAL Loss: 0.3915 Acc: 0.74 
Ep 54/100 | TR Loss: 0.3803 Acc: 0.84 | VAL Loss: 0.3868 Acc: 0.76 
Ep 55/100 | TR Loss: 0.3628 Acc: 0.84 | VAL Loss: 0.3838 Acc: 0.76 
Ep 56/100 | TR Loss: 0.3757 Acc: 0.84 | VAL Loss: 0.4017 Acc: 0.74 
Ep 57/100 | TR Loss: 0.3890 Acc: 0.83 | VAL Loss: 0.4023 Acc: 0.74 
Ep 58/100 | TR Loss: 0.3814 Acc: 0.83 | VAL Loss: 0.4013 Acc: 0.74 
Ep 59/100 | TR Loss: 0.3781 Acc: 0.83 | VAL Loss: 0.4012 Acc: 0.74 
Ep 60/100 | TR Loss: 0.3809 Acc: 0.84 | VAL Loss: 0.4008 Acc: 0.74 
Ep 61/100 | TR Loss: 0.3837 Acc: 0.83 | VAL Loss: 0.3961 Acc: 0.74 
Ep 62/100 | TR Loss: 0.3771 Acc: 0.83 | VAL Loss: 0.3805 Acc: 0.76 *(Best)*
Ep 63/100 | TR Loss: 0.3576 Acc: 0.84 | VAL Loss: 0.3914 Acc: 0.74 
Ep 64/100 | TR Loss: 0.3476 Acc: 0.84 | VAL Loss: 0.4323 Acc: 0.74 
Ep 65/100 | TR Loss: 0.3420 Acc: 0.84 | VAL Loss: 0.4168 Acc: 0.72 
Ep 66/100 | TR Loss: 0.3683 Acc: 0.84 | VAL Loss: 0.4593 Acc: 0.68 
Ep 67/100 | TR Loss: 0.3901 Acc: 0.82 | VAL Loss: 0.4468 Acc: 0.72 
Ep 68/100 | TR Loss: 0.3569 Acc: 0.84 | VAL Loss: 0.4525 Acc: 0.70 
Ep 69/100 | TR Loss: 0.3686 Acc: 0.83 | VAL Loss: 0.4752 Acc: 0.68 
Ep 70/100 | TR Loss: 0.3518 Acc: 0.85 | VAL Loss: 0.5233 Acc: 0.68 
Ep 71/100 | TR Loss: 0.3606 Acc: 0.85 | VAL Loss: 0.4925 Acc: 0.68 
Ep 72/100 | TR Loss: 0.3480 Acc: 0.85 | VAL Loss: 0.4773 Acc: 0.68 
Ep 73/100 | TR Loss: 0.3383 Acc: 0.86 | VAL Loss: 0.4335 Acc: 0.78 
Ep 74/100 | TR Loss: 0.3393 Acc: 0.86 | VAL Loss: 0.4508 Acc: 0.72 
Ep 75/100 | TR Loss: 0.3284 Acc: 0.86 | VAL Loss: 0.4303 Acc: 0.74 
Ep 76/100 | TR Loss: 0.3263 Acc: 0.86 | VAL Loss: 0.4371 Acc: 0.74 
Ep 77/100 | TR Loss: 0.3224 Acc: 0.87 | VAL Loss: 0.4588 Acc: 0.74 
Ep 78/100 | TR Loss: 0.3545 Acc: 0.86 | VAL Loss: 0.4970 Acc: 0.70 
Ep 79/100 | TR Loss: 0.3302 Acc: 0.86 | VAL Loss: 0.4278 Acc: 0.74 
Ep 80/100 | TR Loss: 0.3363 Acc: 0.85 | VAL Loss: 0.4043 Acc: 0.74 
Ep 81/100 | TR Loss: 0.3301 Acc: 0.84 | VAL Loss: 0.4007 Acc: 0.76 
Ep 82/100 | TR Loss: 0.3335 Acc: 0.86 | VAL Loss: 0.4048 Acc: 0.76 
Ep 83/100 | TR Loss: 0.3310 Acc: 0.86 | VAL Loss: 0.3971 Acc: 0.76 
Ep 84/100 | TR Loss: 0.3432 Acc: 0.86 | VAL Loss: 0.4142 Acc: 0.72 
Ep 85/100 | TR Loss: 0.3276 Acc: 0.86 | VAL Loss: 0.4007 Acc: 0.74 
Ep 86/100 | TR Loss: 0.3253 Acc: 0.85 | VAL Loss: 0.4043 Acc: 0.72 
Ep 87/100 | TR Loss: 0.3253 Acc: 0.86 | VAL Loss: 0.4394 Acc: 0.72 
Ep 88/100 | TR Loss: 0.3175 Acc: 0.86 | VAL Loss: 0.4663 Acc: 0.72 
Ep 89/100 | TR Loss: 0.3195 Acc: 0.86 | VAL Loss: 0.4589 Acc: 0.74 
Ep 90/100 | TR Loss: 0.3102 Acc: 0.86 | VAL Loss: 0.4459 Acc: 0.74 
Ep 91/100 | TR Loss: 0.3046 Acc: 0.86 | VAL Loss: 0.4516 Acc: 0.74 
Ep 92/100 | TR Loss: 0.3092 Acc: 0.86 | VAL Loss: 0.4544 Acc: 0.74 
Ep 93/100 | TR Loss: 0.3147 Acc: 0.85 | VAL Loss: 0.4580 Acc: 0.78 
Ep 94/100 | TR Loss: 0.3063 Acc: 0.86 | VAL Loss: 0.4461 Acc: 0.72 
Ep 95/100 | TR Loss: 0.3014 Acc: 0.86 | VAL Loss: 0.4503 Acc: 0.72 
Ep 96/100 | TR Loss: 0.3090 Acc: 0.86 | VAL Loss: 0.4516 Acc: 0.74 
Ep 97/100 | TR Loss: 0.3003 Acc: 0.86 | VAL Loss: 0.4564 Acc: 0.76 
Ep 98/100 | TR Loss: 0.3004 Acc: 0.86 | VAL Loss: 0.4467 Acc: 0.72 
Ep 99/100 | TR Loss: 0.3392 Acc: 0.86 | VAL Loss: 0.5909 Acc: 0.70 
Ep 100/100 | TR Loss: 0.3826 Acc: 0.83 | VAL Loss: 0.4804 Acc: 0.70 

==================================================
BEST MODEL TEST SET EVALUATION (MULTIPLE THRESHOLDS)
==================================================
Threshold  | Acc      | Prec     | Rec      | F1      
--------------------------------------------------
0.30       | 0.79     | 0.75     | 0.88     | 0.81     
0.40       | 0.80     | 0.90     | 0.69     | 0.78     
0.50       | 0.79     | 0.90     | 0.67     | 0.77     <-- (Arg)
0.60       | 0.79     | 0.90     | 0.67     | 0.77     
0.70       | 0.79     | 0.90     | 0.67     | 0.77     
==================================================

========================================
End    : Fri May 22 02:09:57 +03 2026
Output : output_classical/job_1094614
total 170K
-rw-r--r-- 1 aerturk23 hpcusers  34K May 22  2026 best_model.pth
-rw-r--r-- 1 aerturk23 hpcusers  363 May 22 02:09 config.json
-rw-r--r-- 1 aerturk23 hpcusers  14K May 22  2026 history.json
-rw-r--r-- 1 aerturk23 hpcusers  966 May 22 02:09 output.err
-rw-r--r-- 1 aerturk23 hpcusers 8.3K May 22 02:09 output.log
-rw-r--r-- 1 aerturk23 hpcusers 112K May 22 02:09 training_metrics.png
========================================
