========================================
Job ID : 1094727
Start  : Fri May 22 03:37:45 +03 2026
GPU    : Tesla T4
========================================
--- Quantum QNLP Script starting ---
[*] Configuration saved to: output_qnlp/job_1094727/config.json
========================================
DATA SOURCE SELECTION : SST2
TRAINING SIZE         : 100
VALIDATION SIZE       : 50
TEST SIZE             : 100
WEIGHT DECAY          : 0.0001
CLASSIFICATION THRESHOLD : 0.5
QUANTUM LAYERS        : 2
========================================

--- Preparing Dataset ---
Generating DisCoCat grammar diagrams...
Generating quantum circuits (IQP Ansatz)...

--- Starting Quantum Model Training (Epochs: 100) ---
Ep 01/100 | TR Loss: 0.9286 Acc: 0.50 | VAL Loss: 0.9783 Acc: 0.42 *(Best)*
Ep 02/100 | TR Loss: 0.6978 Acc: 0.55 | VAL Loss: 1.0196 Acc: 0.46 
Ep 03/100 | TR Loss: 0.5561 Acc: 0.70 | VAL Loss: 0.9262 Acc: 0.40 *(Best)*
Ep 04/100 | TR Loss: 0.4429 Acc: 0.77 | VAL Loss: 0.9797 Acc: 0.38 
Ep 05/100 | TR Loss: 0.4218 Acc: 0.75 | VAL Loss: 0.9519 Acc: 0.42 
Ep 06/100 | TR Loss: 0.3696 Acc: 0.85 | VAL Loss: 1.0077 Acc: 0.42 
Ep 07/100 | TR Loss: 0.3474 Acc: 0.84 | VAL Loss: 1.0927 Acc: 0.38 
Ep 08/100 | TR Loss: 0.3089 Acc: 0.87 | VAL Loss: 1.0459 Acc: 0.42 
Ep 09/100 | TR Loss: 0.2649 Acc: 0.94 | VAL Loss: 1.0622 Acc: 0.46 
Ep 10/100 | TR Loss: 0.2538 Acc: 0.94 | VAL Loss: 1.2483 Acc: 0.44 
Ep 11/100 | TR Loss: 0.2362 Acc: 0.91 | VAL Loss: 1.0822 Acc: 0.48 
Ep 12/100 | TR Loss: 0.2992 Acc: 0.92 | VAL Loss: 1.0452 Acc: 0.48 
Ep 13/100 | TR Loss: 0.2358 Acc: 0.95 | VAL Loss: 0.9589 Acc: 0.44 
Ep 14/100 | TR Loss: 0.3006 Acc: 0.86 | VAL Loss: 0.9812 Acc: 0.48 
Ep 15/100 | TR Loss: 0.2306 Acc: 0.95 | VAL Loss: 1.0046 Acc: 0.50 
Ep 16/100 | TR Loss: 0.2045 Acc: 0.94 | VAL Loss: 0.9841 Acc: 0.50 
Ep 17/100 | TR Loss: 0.2176 Acc: 0.93 | VAL Loss: 0.9174 Acc: 0.46 *(Best)*
Ep 18/100 | TR Loss: 0.2528 Acc: 0.92 | VAL Loss: 0.9477 Acc: 0.48 
Ep 19/100 | TR Loss: 0.1867 Acc: 0.94 | VAL Loss: 0.9373 Acc: 0.50 
Ep 20/100 | TR Loss: 0.2602 Acc: 0.91 | VAL Loss: 0.8890 Acc: 0.50 *(Best)*
Ep 21/100 | TR Loss: 0.2339 Acc: 0.91 | VAL Loss: 0.8861 Acc: 0.48 *(Best)*
Ep 22/100 | TR Loss: 0.2281 Acc: 0.94 | VAL Loss: 0.9666 Acc: 0.48 
Ep 23/100 | TR Loss: 0.1838 Acc: 0.96 | VAL Loss: 0.9079 Acc: 0.48 
Ep 24/100 | TR Loss: 0.1874 Acc: 0.97 | VAL Loss: 0.8876 Acc: 0.48 
Ep 25/100 | TR Loss: 0.1780 Acc: 0.95 | VAL Loss: 0.8074 Acc: 0.52 *(Best)*
Ep 26/100 | TR Loss: 0.1658 Acc: 0.93 | VAL Loss: 0.8285 Acc: 0.56 
Ep 27/100 | TR Loss: 0.1893 Acc: 0.94 | VAL Loss: 0.8985 Acc: 0.46 
Ep 28/100 | TR Loss: 0.1684 Acc: 0.94 | VAL Loss: 0.9204 Acc: 0.48 
Ep 29/100 | TR Loss: 0.1701 Acc: 0.93 | VAL Loss: 0.9244 Acc: 0.52 
Ep 30/100 | TR Loss: 0.1230 Acc: 0.99 | VAL Loss: 0.9090 Acc: 0.50 
Ep 31/100 | TR Loss: 0.1168 Acc: 1.00 | VAL Loss: 0.9178 Acc: 0.52 
Ep 32/100 | TR Loss: 0.1019 Acc: 0.98 | VAL Loss: 0.9302 Acc: 0.50 
Ep 33/100 | TR Loss: 0.0990 Acc: 0.99 | VAL Loss: 0.9375 Acc: 0.44 
Ep 34/100 | TR Loss: 0.1357 Acc: 0.94 | VAL Loss: 0.9563 Acc: 0.48 
Ep 35/100 | TR Loss: 0.1393 Acc: 0.98 | VAL Loss: 0.8240 Acc: 0.54 
Ep 36/100 | TR Loss: 0.2195 Acc: 0.94 | VAL Loss: 0.8546 Acc: 0.56 
Ep 37/100 | TR Loss: 0.1283 Acc: 0.95 | VAL Loss: 0.9514 Acc: 0.46 
Ep 38/100 | TR Loss: 0.1174 Acc: 0.99 | VAL Loss: 0.9471 Acc: 0.44 
Ep 39/100 | TR Loss: 0.2116 Acc: 0.91 | VAL Loss: 0.9550 Acc: 0.40 
Ep 40/100 | TR Loss: 0.1613 Acc: 0.96 | VAL Loss: 0.9737 Acc: 0.42 
Ep 41/100 | TR Loss: 0.1038 Acc: 0.99 | VAL Loss: 0.9827 Acc: 0.44 
Ep 42/100 | TR Loss: 0.1061 Acc: 0.98 | VAL Loss: 0.9376 Acc: 0.50 
Ep 43/100 | TR Loss: 0.0825 Acc: 0.99 | VAL Loss: 0.9471 Acc: 0.50 
Ep 44/100 | TR Loss: 0.0750 Acc: 1.00 | VAL Loss: 0.9434 Acc: 0.48 
Ep 45/100 | TR Loss: 0.0729 Acc: 1.00 | VAL Loss: 0.9496 Acc: 0.48 
Ep 46/100 | TR Loss: 0.0666 Acc: 0.99 | VAL Loss: 0.9580 Acc: 0.50 
Ep 47/100 | TR Loss: 0.0686 Acc: 0.99 | VAL Loss: 0.9553 Acc: 0.52 
Ep 48/100 | TR Loss: 0.0684 Acc: 0.99 | VAL Loss: 0.9374 Acc: 0.50 
Ep 49/100 | TR Loss: 0.0577 Acc: 0.99 | VAL Loss: 0.9514 Acc: 0.46 
Ep 50/100 | TR Loss: 0.0622 Acc: 0.99 | VAL Loss: 0.9813 Acc: 0.48 
Ep 51/100 | TR Loss: 0.1332 Acc: 0.98 | VAL Loss: 0.9908 Acc: 0.54 
Ep 52/100 | TR Loss: 0.1172 Acc: 0.98 | VAL Loss: 0.9388 Acc: 0.54 
Ep 53/100 | TR Loss: 0.1066 Acc: 0.98 | VAL Loss: 0.9670 Acc: 0.56 
Ep 54/100 | TR Loss: 0.0761 Acc: 0.97 | VAL Loss: 0.9160 Acc: 0.56 
Ep 55/100 | TR Loss: 0.0910 Acc: 0.97 | VAL Loss: 0.9109 Acc: 0.56 
Ep 56/100 | TR Loss: 0.0582 Acc: 0.99 | VAL Loss: 0.9314 Acc: 0.54 
Ep 57/100 | TR Loss: 0.0925 Acc: 0.99 | VAL Loss: 0.9238 Acc: 0.54 
Ep 58/100 | TR Loss: 0.1022 Acc: 0.97 | VAL Loss: 1.0158 Acc: 0.48 
Ep 59/100 | TR Loss: 0.0884 Acc: 0.97 | VAL Loss: 1.0193 Acc: 0.46 
Ep 60/100 | TR Loss: 0.0964 Acc: 0.97 | VAL Loss: 0.9935 Acc: 0.52 
Ep 61/100 | TR Loss: 0.0739 Acc: 0.98 | VAL Loss: 1.0143 Acc: 0.52 
Ep 62/100 | TR Loss: 0.0581 Acc: 0.99 | VAL Loss: 1.0314 Acc: 0.52 
Ep 63/100 | TR Loss: 0.0527 Acc: 0.99 | VAL Loss: 1.0333 Acc: 0.50 
Ep 64/100 | TR Loss: 0.0544 Acc: 0.98 | VAL Loss: 1.0396 Acc: 0.52 
Ep 65/100 | TR Loss: 0.0460 Acc: 0.98 | VAL Loss: 1.0403 Acc: 0.50 
Ep 66/100 | TR Loss: 0.0423 Acc: 0.99 | VAL Loss: 1.0332 Acc: 0.50 
Ep 67/100 | TR Loss: 0.0395 Acc: 0.99 | VAL Loss: 1.0333 Acc: 0.50 
Ep 68/100 | TR Loss: 0.0381 Acc: 0.99 | VAL Loss: 1.0371 Acc: 0.52 
Ep 69/100 | TR Loss: 0.0357 Acc: 0.99 | VAL Loss: 1.0319 Acc: 0.52 
Ep 70/100 | TR Loss: 0.0338 Acc: 0.98 | VAL Loss: 1.0341 Acc: 0.50 
Ep 71/100 | TR Loss: 0.0288 Acc: 0.98 | VAL Loss: 1.0406 Acc: 0.50 
Ep 72/100 | TR Loss: 0.0261 Acc: 0.98 | VAL Loss: 1.0468 Acc: 0.50 
Ep 73/100 | TR Loss: 0.0267 Acc: 1.00 | VAL Loss: 1.0415 Acc: 0.50 
Ep 74/100 | TR Loss: 0.0228 Acc: 1.00 | VAL Loss: 1.0680 Acc: 0.50 
Ep 75/100 | TR Loss: 0.0220 Acc: 1.00 | VAL Loss: 1.0513 Acc: 0.52 
Ep 76/100 | TR Loss: 0.0241 Acc: 0.99 | VAL Loss: 1.0599 Acc: 0.52 
Ep 77/100 | TR Loss: 0.0271 Acc: 0.99 | VAL Loss: 1.0564 Acc: 0.50 
Ep 78/100 | TR Loss: 0.0354 Acc: 0.99 | VAL Loss: 1.0670 Acc: 0.50 
Ep 79/100 | TR Loss: 0.0692 Acc: 0.98 | VAL Loss: 1.0527 Acc: 0.52 
Ep 80/100 | TR Loss: 0.0282 Acc: 1.00 | VAL Loss: 1.0798 Acc: 0.52 
Ep 81/100 | TR Loss: 0.0302 Acc: 0.99 | VAL Loss: 1.1082 Acc: 0.52 
Ep 82/100 | TR Loss: 0.0373 Acc: 0.99 | VAL Loss: 1.1157 Acc: 0.52 
Ep 83/100 | TR Loss: 0.0378 Acc: 0.99 | VAL Loss: 1.0659 Acc: 0.50 
Ep 84/100 | TR Loss: 0.0356 Acc: 0.98 | VAL Loss: 1.0628 Acc: 0.50 
Ep 85/100 | TR Loss: 0.0418 Acc: 1.00 | VAL Loss: 1.0479 Acc: 0.52 
Ep 86/100 | TR Loss: 0.0987 Acc: 0.97 | VAL Loss: 1.0546 Acc: 0.52 
Ep 87/100 | TR Loss: 0.0787 Acc: 0.98 | VAL Loss: 1.0150 Acc: 0.50 
Ep 88/100 | TR Loss: 0.0496 Acc: 0.99 | VAL Loss: 1.0899 Acc: 0.50 
Ep 89/100 | TR Loss: 0.0390 Acc: 0.99 | VAL Loss: 1.0750 Acc: 0.48 
Ep 90/100 | TR Loss: 0.0497 Acc: 1.00 | VAL Loss: 0.9827 Acc: 0.50 
Ep 91/100 | TR Loss: 0.0379 Acc: 1.00 | VAL Loss: 1.0928 Acc: 0.48 
Ep 92/100 | TR Loss: 0.0416 Acc: 1.00 | VAL Loss: 1.1023 Acc: 0.50 
Ep 93/100 | TR Loss: 0.0509 Acc: 1.00 | VAL Loss: 1.1125 Acc: 0.48 
Ep 94/100 | TR Loss: 0.0357 Acc: 1.00 | VAL Loss: 1.0522 Acc: 0.52 
Ep 95/100 | TR Loss: 0.0397 Acc: 1.00 | VAL Loss: 1.0395 Acc: 0.54 
Ep 96/100 | TR Loss: 0.0447 Acc: 1.00 | VAL Loss: 1.0643 Acc: 0.54 
Ep 97/100 | TR Loss: 0.0394 Acc: 1.00 | VAL Loss: 0.9717 Acc: 0.52 
Ep 98/100 | TR Loss: 0.0921 Acc: 0.97 | VAL Loss: 1.0561 Acc: 0.50 
Ep 99/100 | TR Loss: 0.0647 Acc: 1.00 | VAL Loss: 0.9812 Acc: 0.52 
Ep 100/100 | TR Loss: 0.0534 Acc: 1.00 | VAL Loss: 0.9717 Acc: 0.58 
[*] Training plots saved to: output_qnlp/job_1094727/training_metrics.png

==================================================
BEST MODEL TEST SET EVALUATION (MULTIPLE THRESHOLDS)
==================================================
Threshold  | Acc      | Prec     | Rec      | F1      
--------------------------------------------------
0.30       | 0.59     | 0.61     | 0.85     | 0.71     
0.40       | 0.58     | 0.62     | 0.75     | 0.68     
0.50       | 0.57     | 0.67     | 0.55     | 0.61     <-- (Arg)
0.60       | 0.49     | 0.66     | 0.32     | 0.43     
0.70       | 0.45     | 0.62     | 0.22     | 0.32     
==================================================

========================================
End    : Fri May 22 03:42:50 +03 2026
Output : output_qnlp/job_1094727
total 388K
-rw-r--r-- 1 aerturk23 hpcusers 262K May 22 03:40 best_model.pth
-rw-r--r-- 1 aerturk23 hpcusers  293 May 22 03:37 config.json
-rw-r--r-- 1 aerturk23 hpcusers  14K May 22 03:42 history.json
-rw-r--r-- 1 aerturk23 hpcusers  966 May 22 03:40 output.err
-rw-r--r-- 1 aerturk23 hpcusers 8.2K May 22  2026 output.log
-rw-r--r-- 1 aerturk23 hpcusers 103K May 22 03:42 training_metrics.png
========================================
