========================================
Job ID : 1094817
Start  : Fri May 22 07:25:09 +03 2026
GPU    : Tesla T4
========================================
--- Quantum QNLP Script starting ---
[*] Configuration saved to: output_qnlp/job_1094817/config.json
========================================
DATA SOURCE SELECTION : SYNTHETIC
TRAINING SIZE         : 250
VALIDATION SIZE       : 50
TEST SIZE             : 100
WEIGHT DECAY          : 0.0001
CLASSIFICATION THRESHOLD : 0.5
QUANTUM LAYERS        : 2
========================================

--- Preparing Dataset ---
Generating DisCoCat grammar diagrams...
Generating quantum circuits (IQP Ansatz)...

--- Starting Quantum Model Training (Epochs: 100) ---
Ep 01/100 | TR Loss: 0.8068 Acc: 0.46 | VAL Loss: 0.7818 Acc: 0.44 *(Best)*
Ep 02/100 | TR Loss: 0.7890 Acc: 0.43 | VAL Loss: 0.6704 Acc: 0.48 *(Best)*
Ep 03/100 | TR Loss: 0.7561 Acc: 0.51 | VAL Loss: 0.8533 Acc: 0.56 
Ep 04/100 | TR Loss: 0.7657 Acc: 0.53 | VAL Loss: 0.7256 Acc: 0.54 
Ep 05/100 | TR Loss: 0.7198 Acc: 0.53 | VAL Loss: 0.7572 Acc: 0.46 
Ep 06/100 | TR Loss: 0.6744 Acc: 0.52 | VAL Loss: 0.7232 Acc: 0.50 
Ep 07/100 | TR Loss: 0.5859 Acc: 0.65 | VAL Loss: 0.5212 Acc: 0.70 *(Best)*
Ep 08/100 | TR Loss: 0.7327 Acc: 0.60 | VAL Loss: 0.8002 Acc: 0.46 
Ep 09/100 | TR Loss: 0.7060 Acc: 0.46 | VAL Loss: 0.6137 Acc: 0.66 
Ep 10/100 | TR Loss: 0.6374 Acc: 0.63 | VAL Loss: 0.6259 Acc: 0.64 
Ep 11/100 | TR Loss: 0.7189 Acc: 0.52 | VAL Loss: 0.6819 Acc: 0.64 
Ep 12/100 | TR Loss: 0.7117 Acc: 0.52 | VAL Loss: 0.7011 Acc: 0.38 
Ep 13/100 | TR Loss: 0.7004 Acc: 0.50 | VAL Loss: 0.6578 Acc: 0.68 
Ep 14/100 | TR Loss: 0.6850 Acc: 0.62 | VAL Loss: 0.6675 Acc: 0.66 
Ep 15/100 | TR Loss: 0.7549 Acc: 0.53 | VAL Loss: 0.7214 Acc: 0.54 
Ep 16/100 | TR Loss: 0.7670 Acc: 0.54 | VAL Loss: 0.6320 Acc: 0.56 
Ep 17/100 | TR Loss: 0.7311 Acc: 0.52 | VAL Loss: 0.6984 Acc: 0.54 
Ep 18/100 | TR Loss: 0.6938 Acc: 0.52 | VAL Loss: 0.6621 Acc: 0.80 
Ep 19/100 | TR Loss: 0.7379 Acc: 0.56 | VAL Loss: 0.8551 Acc: 0.32 
Ep 20/100 | TR Loss: 0.7405 Acc: 0.47 | VAL Loss: 0.6744 Acc: 0.52 
Ep 21/100 | TR Loss: 0.7133 Acc: 0.50 | VAL Loss: 0.6869 Acc: 0.54 
Ep 22/100 | TR Loss: 0.6904 Acc: 0.52 | VAL Loss: 0.6928 Acc: 0.50 
Ep 23/100 | TR Loss: 0.7050 Acc: 0.54 | VAL Loss: 0.7614 Acc: 0.36 
Ep 24/100 | TR Loss: 0.6976 Acc: 0.51 | VAL Loss: 0.6951 Acc: 0.50 
Ep 25/100 | TR Loss: 0.6800 Acc: 0.51 | VAL Loss: 0.7874 Acc: 0.52 
Ep 26/100 | TR Loss: 0.6922 Acc: 0.58 | VAL Loss: 0.7832 Acc: 0.30 
Ep 27/100 | TR Loss: 0.7116 Acc: 0.51 | VAL Loss: 0.6928 Acc: 0.44 
Ep 28/100 | TR Loss: 0.7043 Acc: 0.51 | VAL Loss: 0.6790 Acc: 0.48 
Ep 29/100 | TR Loss: 0.6955 Acc: 0.52 | VAL Loss: 0.6601 Acc: 0.54 
Ep 30/100 | TR Loss: 0.6843 Acc: 0.55 | VAL Loss: 0.6265 Acc: 0.66 
Ep 31/100 | TR Loss: 0.6813 Acc: 0.60 | VAL Loss: 0.7271 Acc: 0.62 
Ep 32/100 | TR Loss: 0.6793 Acc: 0.62 | VAL Loss: 0.7779 Acc: 0.42 
Ep 33/100 | TR Loss: 0.7510 Acc: 0.55 | VAL Loss: 0.7424 Acc: 0.56 
Ep 34/100 | TR Loss: 0.6596 Acc: 0.64 | VAL Loss: 0.7606 Acc: 0.50 
Ep 35/100 | TR Loss: 0.7209 Acc: 0.54 | VAL Loss: 0.7644 Acc: 0.42 
Ep 36/100 | TR Loss: 0.7412 Acc: 0.55 | VAL Loss: 0.7151 Acc: 0.44 
Ep 37/100 | TR Loss: 0.7406 Acc: 0.52 | VAL Loss: 0.6615 Acc: 0.50 
Ep 38/100 | TR Loss: 0.7101 Acc: 0.52 | VAL Loss: 0.6672 Acc: 0.62 
Ep 39/100 | TR Loss: 0.6328 Acc: 0.66 | VAL Loss: 0.5980 Acc: 0.62 
Ep 40/100 | TR Loss: 0.5244 Acc: 0.72 | VAL Loss: 0.2010 Acc: 0.94 *(Best)*
Ep 41/100 | TR Loss: 0.7059 Acc: 0.59 | VAL Loss: 0.9743 Acc: 0.44 
Ep 42/100 | TR Loss: 0.7797 Acc: 0.54 | VAL Loss: 0.7200 Acc: 0.48 
Ep 43/100 | TR Loss: 0.7539 Acc: 0.47 | VAL Loss: 0.6888 Acc: 0.46 
Ep 44/100 | TR Loss: 0.7473 Acc: 0.53 | VAL Loss: 0.7419 Acc: 0.54 
Ep 45/100 | TR Loss: 0.7205 Acc: 0.53 | VAL Loss: 0.7606 Acc: 0.38 
Ep 46/100 | TR Loss: 0.7176 Acc: 0.49 | VAL Loss: 0.6908 Acc: 0.60 
Ep 47/100 | TR Loss: 0.7027 Acc: 0.55 | VAL Loss: 0.7338 Acc: 0.36 
Ep 48/100 | TR Loss: 0.7100 Acc: 0.49 | VAL Loss: 0.6836 Acc: 0.66 
Ep 49/100 | TR Loss: 0.7015 Acc: 0.49 | VAL Loss: 0.7074 Acc: 0.54 
Ep 50/100 | TR Loss: 0.6811 Acc: 0.53 | VAL Loss: 0.7260 Acc: 0.44 
Ep 51/100 | TR Loss: 0.7261 Acc: 0.48 | VAL Loss: 0.7007 Acc: 0.52 
Ep 52/100 | TR Loss: 0.7005 Acc: 0.56 | VAL Loss: 0.7508 Acc: 0.60 
Ep 53/100 | TR Loss: 0.7637 Acc: 0.48 | VAL Loss: 0.7644 Acc: 0.68 
Ep 54/100 | TR Loss: 0.7146 Acc: 0.52 | VAL Loss: 0.7132 Acc: 0.50 
Ep 55/100 | TR Loss: 0.7177 Acc: 0.44 | VAL Loss: 0.7454 Acc: 0.50 
Ep 56/100 | TR Loss: 0.7098 Acc: 0.46 | VAL Loss: 0.6930 Acc: 0.44 
Ep 57/100 | TR Loss: 0.7121 Acc: 0.44 | VAL Loss: 0.6988 Acc: 0.50 
Ep 58/100 | TR Loss: 0.6904 Acc: 0.53 | VAL Loss: 0.6331 Acc: 0.70 
Ep 59/100 | TR Loss: 0.5988 Acc: 0.65 | VAL Loss: 0.6332 Acc: 0.54 
Ep 60/100 | TR Loss: 0.7015 Acc: 0.57 | VAL Loss: 0.8909 Acc: 0.54 
Ep 61/100 | TR Loss: 0.7741 Acc: 0.46 | VAL Loss: 0.7192 Acc: 0.46 
Ep 62/100 | TR Loss: 0.7085 Acc: 0.53 | VAL Loss: 0.7171 Acc: 0.52 
Ep 63/100 | TR Loss: 0.6988 Acc: 0.53 | VAL Loss: 0.6871 Acc: 0.58 
Ep 64/100 | TR Loss: 0.5805 Acc: 0.68 | VAL Loss: 0.6122 Acc: 0.58 
Ep 65/100 | TR Loss: 0.4681 Acc: 0.72 | VAL Loss: 0.4491 Acc: 0.76 
Ep 66/100 | TR Loss: 0.2520 Acc: 0.87 | VAL Loss: 0.2353 Acc: 0.88 
Ep 67/100 | TR Loss: 0.2736 Acc: 0.83 | VAL Loss: 0.4266 Acc: 0.70 
Ep 68/100 | TR Loss: 0.5820 Acc: 0.65 | VAL Loss: 0.8201 Acc: 0.44 
Ep 69/100 | TR Loss: 0.7009 Acc: 0.54 | VAL Loss: 0.6244 Acc: 0.60 
Ep 70/100 | TR Loss: 0.7290 Acc: 0.46 | VAL Loss: 0.6913 Acc: 0.48 
Ep 71/100 | TR Loss: 0.7038 Acc: 0.48 | VAL Loss: 0.7392 Acc: 0.56 
Ep 72/100 | TR Loss: 0.7231 Acc: 0.47 | VAL Loss: 0.7599 Acc: 0.54 
Ep 73/100 | TR Loss: 0.7530 Acc: 0.48 | VAL Loss: 0.6963 Acc: 0.42 
Ep 74/100 | TR Loss: 0.7364 Acc: 0.49 | VAL Loss: 0.7198 Acc: 0.64 
Ep 75/100 | TR Loss: 0.7780 Acc: 0.48 | VAL Loss: 0.8166 Acc: 0.40 
Ep 76/100 | TR Loss: 0.7034 Acc: 0.54 | VAL Loss: 0.7397 Acc: 0.50 
Ep 77/100 | TR Loss: 0.7319 Acc: 0.53 | VAL Loss: 0.7756 Acc: 0.54 
Ep 78/100 | TR Loss: 0.7923 Acc: 0.52 | VAL Loss: 0.7450 Acc: 0.48 
Ep 79/100 | TR Loss: 0.8068 Acc: 0.48 | VAL Loss: 0.9442 Acc: 0.44 
Ep 80/100 | TR Loss: 0.7804 Acc: 0.54 | VAL Loss: 0.8360 Acc: 0.46 
Ep 81/100 | TR Loss: 0.7319 Acc: 0.48 | VAL Loss: 0.9211 Acc: 0.54 
Ep 82/100 | TR Loss: 0.7455 Acc: 0.54 | VAL Loss: 0.8107 Acc: 0.44 
Ep 83/100 | TR Loss: 0.8018 Acc: 0.50 | VAL Loss: 0.7069 Acc: 0.64 
Ep 84/100 | TR Loss: 0.7188 Acc: 0.54 | VAL Loss: 0.6383 Acc: 0.68 
Ep 85/100 | TR Loss: 0.5123 Acc: 0.67 | VAL Loss: 0.3647 Acc: 0.82 
Ep 86/100 | TR Loss: 0.3688 Acc: 0.76 | VAL Loss: 0.4921 Acc: 0.68 
Ep 87/100 | TR Loss: 0.2060 Acc: 0.89 | VAL Loss: 0.2151 Acc: 0.88 
Ep 88/100 | TR Loss: 0.1590 Acc: 0.89 | VAL Loss: 0.1829 Acc: 0.88 *(Best)*
Ep 89/100 | TR Loss: 0.5333 Acc: 0.74 | VAL Loss: 0.9096 Acc: 0.54 
Ep 90/100 | TR Loss: 0.7229 Acc: 0.56 | VAL Loss: 0.6902 Acc: 0.52 
Ep 91/100 | TR Loss: 0.7580 Acc: 0.51 | VAL Loss: 0.7027 Acc: 0.58 
Ep 92/100 | TR Loss: 0.7384 Acc: 0.51 | VAL Loss: 0.7881 Acc: 0.44 
Ep 93/100 | TR Loss: 0.7328 Acc: 0.47 | VAL Loss: 0.6776 Acc: 0.64 
Ep 94/100 | TR Loss: 0.6947 Acc: 0.49 | VAL Loss: 0.6954 Acc: 0.52 
Ep 95/100 | TR Loss: 0.6883 Acc: 0.53 | VAL Loss: 0.6390 Acc: 0.62 
Ep 96/100 | TR Loss: 0.6841 Acc: 0.52 | VAL Loss: 0.7016 Acc: 0.54 
Ep 97/100 | TR Loss: 0.6796 Acc: 0.63 | VAL Loss: 0.7872 Acc: 0.52 
Ep 98/100 | TR Loss: 0.6878 Acc: 0.60 | VAL Loss: 0.6247 Acc: 0.60 
Ep 99/100 | TR Loss: 0.5672 Acc: 0.63 | VAL Loss: 0.5746 Acc: 0.66 
Ep 100/100 | TR Loss: 0.5270 Acc: 0.68 | VAL Loss: 0.6545 Acc: 0.52 
[*] Training plots saved to: output_qnlp/job_1094817/training_metrics.png

==================================================
BEST MODEL TEST SET EVALUATION (MULTIPLE THRESHOLDS)
==================================================
Threshold  | Acc      | Prec     | Rec      | F1      
--------------------------------------------------
0.30       | 0.98     | 0.96     | 1.00     | 0.98     
0.40       | 1.00     | 1.00     | 1.00     | 1.00     
0.50       | 0.86     | 1.00     | 0.75     | 0.85     <-- (Arg)
0.60       | 0.86     | 1.00     | 0.75     | 0.85     
0.70       | 0.86     | 1.00     | 0.75     | 0.85     
==================================================

========================================
End    : Fri May 22 07:33:16 +03 2026
Output : output_qnlp/job_1094817
total 218K
-rw-r--r-- 1 aerturk23 hpcusers  11K May 22 07:32 best_model.pth
-rw-r--r-- 1 aerturk23 hpcusers  296 May 22 07:25 config.json
-rw-r--r-- 1 aerturk23 hpcusers  14K May 22 07:33 history.json
-rw-r--r-- 1 aerturk23 hpcusers  966 May 22  2026 output.err
-rw-r--r-- 1 aerturk23 hpcusers 8.2K May 22 07:29 output.log
-rw-r--r-- 1 aerturk23 hpcusers 184K May 22  2026 training_metrics.png
========================================
