========================================
Job ID : 1094764
Start  : Fri May 22 06:29:16 +03 2026
GPU    : Tesla T4
========================================
--- Quantum QNLP Script starting ---
[*] Configuration saved to: output_qnlp/job_1094764/config.json
========================================
DATA SOURCE SELECTION : SYNTHETIC
TRAINING SIZE         : 10
VALIDATION SIZE       : 50
TEST SIZE             : 100
WEIGHT DECAY          : 0.0001
CLASSIFICATION THRESHOLD : 0.5
QUANTUM LAYERS        : 2
========================================

--- Preparing Dataset ---
Generating DisCoCat grammar diagrams...
Generating quantum circuits (IQP Ansatz)...

--- Starting Quantum Model Training (Epochs: 100) ---
Ep 01/100 | TR Loss: 0.7678 Acc: 0.50 | VAL Loss: 0.9508 Acc: 0.44 *(Best)*
Ep 02/100 | TR Loss: 0.5712 Acc: 0.50 | VAL Loss: 0.7721 Acc: 0.62 *(Best)*
Ep 03/100 | TR Loss: 0.4366 Acc: 0.80 | VAL Loss: 0.9021 Acc: 0.52 
Ep 04/100 | TR Loss: 0.6807 Acc: 0.60 | VAL Loss: 1.1352 Acc: 0.48 
Ep 05/100 | TR Loss: 0.5763 Acc: 0.60 | VAL Loss: 0.9425 Acc: 0.48 
Ep 06/100 | TR Loss: 0.4447 Acc: 0.80 | VAL Loss: 0.9569 Acc: 0.50 
Ep 07/100 | TR Loss: 0.5291 Acc: 0.70 | VAL Loss: 1.1581 Acc: 0.54 
Ep 08/100 | TR Loss: 0.3233 Acc: 1.00 | VAL Loss: 1.3396 Acc: 0.42 
Ep 09/100 | TR Loss: 0.4694 Acc: 0.80 | VAL Loss: 1.0581 Acc: 0.32 
Ep 10/100 | TR Loss: 0.4334 Acc: 0.80 | VAL Loss: 0.8979 Acc: 0.54 
Ep 11/100 | TR Loss: 0.8463 Acc: 0.50 | VAL Loss: 0.8674 Acc: 0.40 
Ep 12/100 | TR Loss: 0.3852 Acc: 0.70 | VAL Loss: 0.9362 Acc: 0.30 
Ep 13/100 | TR Loss: 0.5272 Acc: 0.70 | VAL Loss: 0.9767 Acc: 0.48 
Ep 14/100 | TR Loss: 0.4846 Acc: 0.70 | VAL Loss: 1.0114 Acc: 0.54 
Ep 15/100 | TR Loss: 0.6308 Acc: 0.70 | VAL Loss: 0.9651 Acc: 0.52 
Ep 16/100 | TR Loss: 0.6163 Acc: 0.70 | VAL Loss: 1.2004 Acc: 0.54 
Ep 17/100 | TR Loss: 0.6291 Acc: 0.70 | VAL Loss: 1.2546 Acc: 0.52 
Ep 18/100 | TR Loss: 0.2492 Acc: 1.00 | VAL Loss: 0.9019 Acc: 0.58 
Ep 19/100 | TR Loss: 0.5586 Acc: 0.60 | VAL Loss: 0.8269 Acc: 0.56 
Ep 20/100 | TR Loss: 0.4064 Acc: 0.70 | VAL Loss: 0.7751 Acc: 0.52 
Ep 21/100 | TR Loss: 0.3513 Acc: 0.80 | VAL Loss: 0.7431 Acc: 0.64 *(Best)*
Ep 22/100 | TR Loss: 0.3242 Acc: 0.80 | VAL Loss: 0.7752 Acc: 0.62 
Ep 23/100 | TR Loss: 0.4626 Acc: 0.70 | VAL Loss: 0.8905 Acc: 0.58 
Ep 24/100 | TR Loss: 0.3117 Acc: 0.80 | VAL Loss: 1.0142 Acc: 0.52 
Ep 25/100 | TR Loss: 0.3349 Acc: 0.80 | VAL Loss: 0.7555 Acc: 0.56 
Ep 26/100 | TR Loss: 0.2789 Acc: 0.80 | VAL Loss: 0.7826 Acc: 0.60 
Ep 27/100 | TR Loss: 0.2338 Acc: 0.80 | VAL Loss: 0.7985 Acc: 0.66 
Ep 28/100 | TR Loss: 0.1926 Acc: 0.80 | VAL Loss: 0.8156 Acc: 0.66 
Ep 29/100 | TR Loss: 0.2050 Acc: 0.80 | VAL Loss: 0.8350 Acc: 0.60 
Ep 30/100 | TR Loss: 0.1935 Acc: 0.90 | VAL Loss: 0.8903 Acc: 0.60 
Ep 31/100 | TR Loss: 0.1686 Acc: 0.90 | VAL Loss: 0.9403 Acc: 0.62 
Ep 32/100 | TR Loss: 0.1621 Acc: 0.90 | VAL Loss: 0.8829 Acc: 0.62 
Ep 33/100 | TR Loss: 0.1480 Acc: 0.90 | VAL Loss: 0.7945 Acc: 0.64 
Ep 34/100 | TR Loss: 0.1315 Acc: 0.90 | VAL Loss: 0.8489 Acc: 0.64 
Ep 35/100 | TR Loss: 0.1101 Acc: 1.00 | VAL Loss: 0.9514 Acc: 0.56 
Ep 36/100 | TR Loss: 0.0926 Acc: 1.00 | VAL Loss: 0.9817 Acc: 0.56 
Ep 37/100 | TR Loss: 0.0909 Acc: 1.00 | VAL Loss: 1.1646 Acc: 0.60 
Ep 38/100 | TR Loss: 0.0889 Acc: 1.00 | VAL Loss: 0.9594 Acc: 0.60 
Ep 39/100 | TR Loss: 0.1476 Acc: 0.90 | VAL Loss: 0.8135 Acc: 0.58 
Ep 40/100 | TR Loss: 0.2472 Acc: 0.90 | VAL Loss: 0.7933 Acc: 0.54 
Ep 41/100 | TR Loss: 0.2349 Acc: 0.90 | VAL Loss: 0.8092 Acc: 0.54 
Ep 42/100 | TR Loss: 0.2231 Acc: 0.90 | VAL Loss: 0.7942 Acc: 0.50 
Ep 43/100 | TR Loss: 0.1925 Acc: 0.90 | VAL Loss: 0.8376 Acc: 0.56 
Ep 44/100 | TR Loss: 0.1704 Acc: 0.90 | VAL Loss: 0.8396 Acc: 0.62 
Ep 45/100 | TR Loss: 0.1668 Acc: 0.90 | VAL Loss: 0.8276 Acc: 0.54 
Ep 46/100 | TR Loss: 0.1617 Acc: 0.90 | VAL Loss: 0.8192 Acc: 0.54 
Ep 47/100 | TR Loss: 0.1607 Acc: 0.90 | VAL Loss: 0.8545 Acc: 0.58 
Ep 48/100 | TR Loss: 0.1559 Acc: 0.90 | VAL Loss: 0.8810 Acc: 0.60 
Ep 49/100 | TR Loss: 0.1407 Acc: 1.00 | VAL Loss: 0.9303 Acc: 0.58 
Ep 50/100 | TR Loss: 0.1289 Acc: 1.00 | VAL Loss: 1.0461 Acc: 0.54 
Ep 51/100 | TR Loss: 0.1045 Acc: 1.00 | VAL Loss: 1.3176 Acc: 0.52 
Ep 52/100 | TR Loss: 0.0774 Acc: 1.00 | VAL Loss: 1.2022 Acc: 0.52 
Ep 53/100 | TR Loss: 0.0819 Acc: 1.00 | VAL Loss: 1.1322 Acc: 0.50 
Ep 54/100 | TR Loss: 0.0844 Acc: 1.00 | VAL Loss: 1.1349 Acc: 0.50 
Ep 55/100 | TR Loss: 0.0848 Acc: 1.00 | VAL Loss: 1.1815 Acc: 0.50 
Ep 56/100 | TR Loss: 0.0910 Acc: 1.00 | VAL Loss: 1.1682 Acc: 0.52 
Ep 57/100 | TR Loss: 0.0711 Acc: 1.00 | VAL Loss: 1.1933 Acc: 0.52 
Ep 58/100 | TR Loss: 0.0704 Acc: 1.00 | VAL Loss: 1.1162 Acc: 0.58 
Ep 59/100 | TR Loss: 0.0664 Acc: 1.00 | VAL Loss: 1.2116 Acc: 0.56 
Ep 60/100 | TR Loss: 0.0911 Acc: 1.00 | VAL Loss: 1.1465 Acc: 0.58 
Ep 61/100 | TR Loss: 0.0749 Acc: 1.00 | VAL Loss: 1.1643 Acc: 0.54 
Ep 62/100 | TR Loss: 0.1092 Acc: 1.00 | VAL Loss: 1.1682 Acc: 0.56 
Ep 63/100 | TR Loss: 0.0506 Acc: 1.00 | VAL Loss: 1.1615 Acc: 0.58 
Ep 64/100 | TR Loss: 0.0660 Acc: 1.00 | VAL Loss: 1.2633 Acc: 0.56 
Ep 65/100 | TR Loss: 0.0568 Acc: 1.00 | VAL Loss: 1.2258 Acc: 0.60 
Ep 66/100 | TR Loss: 0.0778 Acc: 1.00 | VAL Loss: 1.1465 Acc: 0.58 
Ep 67/100 | TR Loss: 0.1434 Acc: 1.00 | VAL Loss: 1.0808 Acc: 0.56 
Ep 68/100 | TR Loss: 0.0708 Acc: 1.00 | VAL Loss: 1.0681 Acc: 0.58 
Ep 69/100 | TR Loss: 0.1190 Acc: 1.00 | VAL Loss: 1.0940 Acc: 0.54 
Ep 70/100 | TR Loss: 0.1344 Acc: 1.00 | VAL Loss: 1.0910 Acc: 0.54 
Ep 71/100 | TR Loss: 0.0625 Acc: 1.00 | VAL Loss: 1.1081 Acc: 0.60 
Ep 72/100 | TR Loss: 0.1014 Acc: 1.00 | VAL Loss: 1.1062 Acc: 0.54 
Ep 73/100 | TR Loss: 0.1905 Acc: 1.00 | VAL Loss: 1.0234 Acc: 0.54 
Ep 74/100 | TR Loss: 0.1363 Acc: 1.00 | VAL Loss: 1.0292 Acc: 0.52 
Ep 75/100 | TR Loss: 0.0951 Acc: 1.00 | VAL Loss: 1.0425 Acc: 0.56 
Ep 76/100 | TR Loss: 0.0893 Acc: 1.00 | VAL Loss: 1.0950 Acc: 0.54 
Ep 77/100 | TR Loss: 0.1167 Acc: 1.00 | VAL Loss: 1.1190 Acc: 0.58 
Ep 78/100 | TR Loss: 0.0666 Acc: 1.00 | VAL Loss: 1.0731 Acc: 0.64 
Ep 79/100 | TR Loss: 0.0453 Acc: 1.00 | VAL Loss: 1.1889 Acc: 0.56 
Ep 80/100 | TR Loss: 0.0332 Acc: 1.00 | VAL Loss: 1.2760 Acc: 0.56 
Ep 81/100 | TR Loss: 0.0151 Acc: 1.00 | VAL Loss: 1.2093 Acc: 0.58 
Ep 82/100 | TR Loss: 0.0204 Acc: 1.00 | VAL Loss: 1.1749 Acc: 0.56 
Ep 83/100 | TR Loss: 0.0173 Acc: 1.00 | VAL Loss: 1.1147 Acc: 0.54 
Ep 84/100 | TR Loss: 0.0249 Acc: 1.00 | VAL Loss: 1.1202 Acc: 0.54 
Ep 85/100 | TR Loss: 0.0206 Acc: 1.00 | VAL Loss: 1.1491 Acc: 0.56 
Ep 86/100 | TR Loss: 0.0276 Acc: 1.00 | VAL Loss: 1.1272 Acc: 0.56 
Ep 87/100 | TR Loss: 0.0161 Acc: 1.00 | VAL Loss: 1.1502 Acc: 0.56 
Ep 88/100 | TR Loss: 0.0230 Acc: 1.00 | VAL Loss: 1.1926 Acc: 0.60 
Ep 89/100 | TR Loss: 0.0275 Acc: 1.00 | VAL Loss: 1.1330 Acc: 0.60 
Ep 90/100 | TR Loss: 0.0238 Acc: 1.00 | VAL Loss: 1.1701 Acc: 0.54 
Ep 91/100 | TR Loss: 0.0186 Acc: 1.00 | VAL Loss: 1.1720 Acc: 0.56 
Ep 92/100 | TR Loss: 0.0154 Acc: 1.00 | VAL Loss: 1.2108 Acc: 0.58 
Ep 93/100 | TR Loss: 0.0194 Acc: 1.00 | VAL Loss: 1.2418 Acc: 0.58 
Ep 94/100 | TR Loss: 0.0114 Acc: 1.00 | VAL Loss: 1.2383 Acc: 0.56 
Ep 95/100 | TR Loss: 0.0104 Acc: 1.00 | VAL Loss: 1.2173 Acc: 0.56 
Ep 96/100 | TR Loss: 0.0070 Acc: 1.00 | VAL Loss: 1.1973 Acc: 0.56 
Ep 97/100 | TR Loss: 0.0096 Acc: 1.00 | VAL Loss: 1.1944 Acc: 0.56 
Ep 98/100 | TR Loss: 0.0060 Acc: 1.00 | VAL Loss: 1.2024 Acc: 0.56 
Ep 99/100 | TR Loss: 0.0078 Acc: 1.00 | VAL Loss: 1.1982 Acc: 0.56 
Ep 100/100 | TR Loss: 0.0052 Acc: 1.00 | VAL Loss: 1.2025 Acc: 0.58 
[*] Training plots saved to: output_qnlp/job_1094764/training_metrics.png

==================================================
BEST MODEL TEST SET EVALUATION (MULTIPLE THRESHOLDS)
==================================================
Threshold  | Acc      | Prec     | Rec      | F1      
--------------------------------------------------
0.30       | 0.58     | 0.59     | 0.82     | 0.69     
0.40       | 0.54     | 0.57     | 0.73     | 0.64     
0.50       | 0.56     | 0.61     | 0.59     | 0.60     <-- (Arg)
0.60       | 0.48     | 0.55     | 0.41     | 0.47     
0.70       | 0.49     | 0.58     | 0.34     | 0.43     
==================================================

========================================
End    : Fri May 22 06:30:57 +03 2026
Output : output_qnlp/job_1094764
total 150K
-rw-r--r-- 1 aerturk23 hpcusers  11K May 22 06:30 best_model.pth
-rw-r--r-- 1 aerturk23 hpcusers  295 May 22 06:29 config.json
-rw-r--r-- 1 aerturk23 hpcusers  13K May 22 06:30 history.json
-rw-r--r-- 1 aerturk23 hpcusers  966 May 22 06:29 output.err
-rw-r--r-- 1 aerturk23 hpcusers 8.2K May 22 06:29 output.log
-rw-r--r-- 1 aerturk23 hpcusers 117K May 22 06:30 training_metrics.png
========================================
