========================================
Job ID : 1094765
Start  : Fri May 22 06:30:59 +03 2026
GPU    : Tesla T4
========================================
--- Classical LSTM Script starting ---
[*] Configuration saved to: output_classical/job_1094765/config.json
========================================
MODEL                 : CLASSICAL LSTM
DATA SOURCE SELECTION : SYNTHETIC
TRAINING SIZE         : 10
VALIDATION SIZE       : 50
TEST SIZE             : 100
WEIGHT DECAY          : 0.0001
DROPOUT RATE          : 0.2
CLASSIFICATION THRESHOLD : 0.5
BATCH SIZE            : 16
EMBED/HIDDEN DIMS     : 16 / 32
========================================

--- Preparing Dataset and Tokenization ---
[*] REAL DATASET SIZES -> Train: 10 | Val: 50 | Test: 100
--- Initializing Classical Model ---

--- Starting Classical LSTM Training (Epochs: 100) ---
Ep 01/100 | TR Loss: 0.7072 Acc: 0.40 | VAL Loss: 0.6877 Acc: 0.44 *(Best)*
Ep 02/100 | TR Loss: 0.6730 Acc: 0.70 | VAL Loss: 0.6919 Acc: 0.48 
Ep 03/100 | TR Loss: 0.6383 Acc: 0.80 | VAL Loss: 0.6968 Acc: 0.56 
Ep 04/100 | TR Loss: 0.6005 Acc: 0.80 | VAL Loss: 0.7020 Acc: 0.54 
Ep 05/100 | TR Loss: 0.5577 Acc: 0.80 | VAL Loss: 0.7069 Acc: 0.56 
Ep 06/100 | TR Loss: 0.5087 Acc: 0.80 | VAL Loss: 0.7110 Acc: 0.56 
Ep 07/100 | TR Loss: 0.4532 Acc: 0.90 | VAL Loss: 0.7144 Acc: 0.56 
Ep 08/100 | TR Loss: 0.3917 Acc: 0.90 | VAL Loss: 0.7179 Acc: 0.56 
Ep 09/100 | TR Loss: 0.3254 Acc: 0.90 | VAL Loss: 0.7231 Acc: 0.60 
Ep 10/100 | TR Loss: 0.2567 Acc: 1.00 | VAL Loss: 0.7324 Acc: 0.64 
Ep 11/100 | TR Loss: 0.1905 Acc: 1.00 | VAL Loss: 0.7475 Acc: 0.64 
Ep 12/100 | TR Loss: 0.1331 Acc: 1.00 | VAL Loss: 0.7697 Acc: 0.64 
Ep 13/100 | TR Loss: 0.0886 Acc: 1.00 | VAL Loss: 0.8012 Acc: 0.68 
Ep 14/100 | TR Loss: 0.0577 Acc: 1.00 | VAL Loss: 0.8446 Acc: 0.72 
Ep 15/100 | TR Loss: 0.0377 Acc: 1.00 | VAL Loss: 0.9012 Acc: 0.74 
Ep 16/100 | TR Loss: 0.0252 Acc: 1.00 | VAL Loss: 0.9682 Acc: 0.76 
Ep 17/100 | TR Loss: 0.0174 Acc: 1.00 | VAL Loss: 1.0410 Acc: 0.76 
Ep 18/100 | TR Loss: 0.0124 Acc: 1.00 | VAL Loss: 1.1156 Acc: 0.76 
Ep 19/100 | TR Loss: 0.0091 Acc: 1.00 | VAL Loss: 1.1896 Acc: 0.76 
Ep 20/100 | TR Loss: 0.0069 Acc: 1.00 | VAL Loss: 1.2616 Acc: 0.76 
Ep 21/100 | TR Loss: 0.0053 Acc: 1.00 | VAL Loss: 1.3307 Acc: 0.76 
Ep 22/100 | TR Loss: 0.0042 Acc: 1.00 | VAL Loss: 1.3963 Acc: 0.76 
Ep 23/100 | TR Loss: 0.0033 Acc: 1.00 | VAL Loss: 1.4583 Acc: 0.76 
Ep 24/100 | TR Loss: 0.0027 Acc: 1.00 | VAL Loss: 1.5165 Acc: 0.76 
Ep 25/100 | TR Loss: 0.0022 Acc: 1.00 | VAL Loss: 1.5708 Acc: 0.76 
Ep 26/100 | TR Loss: 0.0019 Acc: 1.00 | VAL Loss: 1.6214 Acc: 0.76 
Ep 27/100 | TR Loss: 0.0016 Acc: 1.00 | VAL Loss: 1.6683 Acc: 0.76 
Ep 28/100 | TR Loss: 0.0014 Acc: 1.00 | VAL Loss: 1.7117 Acc: 0.76 
Ep 29/100 | TR Loss: 0.0012 Acc: 1.00 | VAL Loss: 1.7517 Acc: 0.76 
Ep 30/100 | TR Loss: 0.0010 Acc: 1.00 | VAL Loss: 1.7887 Acc: 0.76 
Ep 31/100 | TR Loss: 0.0009 Acc: 1.00 | VAL Loss: 1.8226 Acc: 0.76 
Ep 32/100 | TR Loss: 0.0008 Acc: 1.00 | VAL Loss: 1.8537 Acc: 0.76 
Ep 33/100 | TR Loss: 0.0008 Acc: 1.00 | VAL Loss: 1.8822 Acc: 0.76 
Ep 34/100 | TR Loss: 0.0007 Acc: 1.00 | VAL Loss: 1.9082 Acc: 0.76 
Ep 35/100 | TR Loss: 0.0006 Acc: 1.00 | VAL Loss: 1.9318 Acc: 0.76 
Ep 36/100 | TR Loss: 0.0006 Acc: 1.00 | VAL Loss: 1.9533 Acc: 0.76 
Ep 37/100 | TR Loss: 0.0005 Acc: 1.00 | VAL Loss: 1.9728 Acc: 0.76 
Ep 38/100 | TR Loss: 0.0005 Acc: 1.00 | VAL Loss: 1.9903 Acc: 0.76 
Ep 39/100 | TR Loss: 0.0005 Acc: 1.00 | VAL Loss: 2.0061 Acc: 0.76 
Ep 40/100 | TR Loss: 0.0005 Acc: 1.00 | VAL Loss: 2.0202 Acc: 0.76 
Ep 41/100 | TR Loss: 0.0004 Acc: 1.00 | VAL Loss: 2.0327 Acc: 0.76 
Ep 42/100 | TR Loss: 0.0004 Acc: 1.00 | VAL Loss: 2.0438 Acc: 0.76 
Ep 43/100 | TR Loss: 0.0004 Acc: 1.00 | VAL Loss: 2.0536 Acc: 0.76 
Ep 44/100 | TR Loss: 0.0004 Acc: 1.00 | VAL Loss: 2.0621 Acc: 0.76 
Ep 45/100 | TR Loss: 0.0004 Acc: 1.00 | VAL Loss: 2.0694 Acc: 0.76 
Ep 46/100 | TR Loss: 0.0004 Acc: 1.00 | VAL Loss: 2.0757 Acc: 0.76 
Ep 47/100 | TR Loss: 0.0004 Acc: 1.00 | VAL Loss: 2.0810 Acc: 0.76 
Ep 48/100 | TR Loss: 0.0003 Acc: 1.00 | VAL Loss: 2.0853 Acc: 0.76 
Ep 49/100 | TR Loss: 0.0003 Acc: 1.00 | VAL Loss: 2.0888 Acc: 0.76 
Ep 50/100 | TR Loss: 0.0003 Acc: 1.00 | VAL Loss: 2.0916 Acc: 0.76 
Ep 51/100 | TR Loss: 0.0003 Acc: 1.00 | VAL Loss: 2.0936 Acc: 0.76 
Ep 52/100 | TR Loss: 0.0003 Acc: 1.00 | VAL Loss: 2.0950 Acc: 0.76 
Ep 53/100 | TR Loss: 0.0003 Acc: 1.00 | VAL Loss: 2.0957 Acc: 0.76 
Ep 54/100 | TR Loss: 0.0003 Acc: 1.00 | VAL Loss: 2.0960 Acc: 0.76 
Ep 55/100 | TR Loss: 0.0003 Acc: 1.00 | VAL Loss: 2.0957 Acc: 0.76 
Ep 56/100 | TR Loss: 0.0003 Acc: 1.00 | VAL Loss: 2.0950 Acc: 0.76 
Ep 57/100 | TR Loss: 0.0003 Acc: 1.00 | VAL Loss: 2.0939 Acc: 0.76 
Ep 58/100 | TR Loss: 0.0003 Acc: 1.00 | VAL Loss: 2.0924 Acc: 0.76 
Ep 59/100 | TR Loss: 0.0003 Acc: 1.00 | VAL Loss: 2.0906 Acc: 0.76 
Ep 60/100 | TR Loss: 0.0003 Acc: 1.00 | VAL Loss: 2.0885 Acc: 0.76 
Ep 61/100 | TR Loss: 0.0003 Acc: 1.00 | VAL Loss: 2.0860 Acc: 0.76 
Ep 62/100 | TR Loss: 0.0003 Acc: 1.00 | VAL Loss: 2.0834 Acc: 0.76 
Ep 63/100 | TR Loss: 0.0003 Acc: 1.00 | VAL Loss: 2.0805 Acc: 0.76 
Ep 64/100 | TR Loss: 0.0003 Acc: 1.00 | VAL Loss: 2.0774 Acc: 0.76 
Ep 65/100 | TR Loss: 0.0003 Acc: 1.00 | VAL Loss: 2.0741 Acc: 0.76 
Ep 66/100 | TR Loss: 0.0003 Acc: 1.00 | VAL Loss: 2.0707 Acc: 0.76 
Ep 67/100 | TR Loss: 0.0003 Acc: 1.00 | VAL Loss: 2.0671 Acc: 0.76 
Ep 68/100 | TR Loss: 0.0003 Acc: 1.00 | VAL Loss: 2.0634 Acc: 0.76 
Ep 69/100 | TR Loss: 0.0003 Acc: 1.00 | VAL Loss: 2.0595 Acc: 0.76 
Ep 70/100 | TR Loss: 0.0003 Acc: 1.00 | VAL Loss: 2.0556 Acc: 0.76 
Ep 71/100 | TR Loss: 0.0003 Acc: 1.00 | VAL Loss: 2.0515 Acc: 0.76 
Ep 72/100 | TR Loss: 0.0003 Acc: 1.00 | VAL Loss: 2.0474 Acc: 0.76 
Ep 73/100 | TR Loss: 0.0003 Acc: 1.00 | VAL Loss: 2.0432 Acc: 0.76 
Ep 74/100 | TR Loss: 0.0003 Acc: 1.00 | VAL Loss: 2.0389 Acc: 0.76 
Ep 75/100 | TR Loss: 0.0003 Acc: 1.00 | VAL Loss: 2.0346 Acc: 0.76 
Ep 76/100 | TR Loss: 0.0003 Acc: 1.00 | VAL Loss: 2.0302 Acc: 0.76 
Ep 77/100 | TR Loss: 0.0003 Acc: 1.00 | VAL Loss: 2.0259 Acc: 0.74 
Ep 78/100 | TR Loss: 0.0003 Acc: 1.00 | VAL Loss: 2.0215 Acc: 0.74 
Ep 79/100 | TR Loss: 0.0003 Acc: 1.00 | VAL Loss: 2.0170 Acc: 0.74 
Ep 80/100 | TR Loss: 0.0003 Acc: 1.00 | VAL Loss: 2.0126 Acc: 0.74 
Ep 81/100 | TR Loss: 0.0003 Acc: 1.00 | VAL Loss: 2.0082 Acc: 0.74 
Ep 82/100 | TR Loss: 0.0003 Acc: 1.00 | VAL Loss: 2.0038 Acc: 0.74 
Ep 83/100 | TR Loss: 0.0003 Acc: 1.00 | VAL Loss: 1.9993 Acc: 0.74 
Ep 84/100 | TR Loss: 0.0003 Acc: 1.00 | VAL Loss: 1.9949 Acc: 0.74 
Ep 85/100 | TR Loss: 0.0003 Acc: 1.00 | VAL Loss: 1.9905 Acc: 0.74 
Ep 86/100 | TR Loss: 0.0003 Acc: 1.00 | VAL Loss: 1.9861 Acc: 0.74 
Ep 87/100 | TR Loss: 0.0003 Acc: 1.00 | VAL Loss: 1.9817 Acc: 0.74 
Ep 88/100 | TR Loss: 0.0003 Acc: 1.00 | VAL Loss: 1.9773 Acc: 0.74 
Ep 89/100 | TR Loss: 0.0003 Acc: 1.00 | VAL Loss: 1.9729 Acc: 0.74 
Ep 90/100 | TR Loss: 0.0003 Acc: 1.00 | VAL Loss: 1.9685 Acc: 0.74 
Ep 91/100 | TR Loss: 0.0004 Acc: 1.00 | VAL Loss: 1.9641 Acc: 0.74 
Ep 92/100 | TR Loss: 0.0004 Acc: 1.00 | VAL Loss: 1.9597 Acc: 0.74 
Ep 93/100 | TR Loss: 0.0004 Acc: 1.00 | VAL Loss: 1.9553 Acc: 0.74 
Ep 94/100 | TR Loss: 0.0004 Acc: 1.00 | VAL Loss: 1.9509 Acc: 0.74 
Ep 95/100 | TR Loss: 0.0004 Acc: 1.00 | VAL Loss: 1.9465 Acc: 0.74 
Ep 96/100 | TR Loss: 0.0004 Acc: 1.00 | VAL Loss: 1.9420 Acc: 0.74 
Ep 97/100 | TR Loss: 0.0004 Acc: 1.00 | VAL Loss: 1.9375 Acc: 0.74 
Ep 98/100 | TR Loss: 0.0004 Acc: 1.00 | VAL Loss: 1.9331 Acc: 0.74 
Ep 99/100 | TR Loss: 0.0004 Acc: 1.00 | VAL Loss: 1.9286 Acc: 0.74 
Ep 100/100 | TR Loss: 0.0004 Acc: 1.00 | VAL Loss: 1.9241 Acc: 0.74 

==================================================
BEST MODEL TEST SET EVALUATION (MULTIPLE THRESHOLDS)
==================================================
Threshold  | Acc      | Prec     | Rec      | F1      
--------------------------------------------------
0.30       | 0.56     | 0.56     | 1.00     | 0.72     
0.40       | 0.56     | 0.56     | 1.00     | 0.72     
0.50       | 0.59     | 0.61     | 0.75     | 0.67     <-- (Arg)
0.60       | 0.44     | 0.00     | 0.00     | 0.00     
0.70       | 0.44     | 0.00     | 0.00     | 0.00     
==================================================

========================================
End    : Fri May 22 06:31:12 +03 2026
Output : output_classical/job_1094765
total 108K
-rw-r--r-- 1 aerturk23 hpcusers  30K May 22 06:31 best_model.pth
-rw-r--r-- 1 aerturk23 hpcusers  367 May 22 06:31 config.json
-rw-r--r-- 1 aerturk23 hpcusers  13K May 22 06:31 history.json
-rw-r--r-- 1 aerturk23 hpcusers  966 May 22 06:30 output.err
-rw-r--r-- 1 aerturk23 hpcusers 8.2K May 22 06:30 output.log
-rw-r--r-- 1 aerturk23 hpcusers  55K May 22 06:31 training_metrics.png
========================================
