========================================
Job ID : 1094607
Start  : Fri May 22 01:03:10 +03 2026
GPU    : Tesla T4
========================================
--- Classical LSTM Script starting ---
[*] Configuration saved to: output_classical/job_1094607/config.json
========================================
MODEL                 : CLASSICAL LSTM
DATA SOURCE SELECTION : BACH
TRAINING SIZE         : 100
VALIDATION SIZE       : 50
TEST SIZE             : 100
WEIGHT DECAY          : 0.0001
DROPOUT RATE          : 0.5
CLASSIFICATION THRESHOLD : 0.5
BATCH SIZE            : 16
EMBED/HIDDEN DIMS     : 16 / 32
========================================

--- Preparing Dataset and Tokenization ---
[*] REAL DATASET SIZES -> Train: 100 | Val: 50 | Test: 100
--- Initializing Classical Model ---

--- Starting Classical LSTM Training (Epochs: 100) ---
Ep 01/100 | TR Loss: 0.6982 Acc: 0.48 | VAL Loss: 0.6901 Acc: 0.44 *(Best)*
Ep 02/100 | TR Loss: 0.6948 Acc: 0.47 | VAL Loss: 0.6947 Acc: 0.56 
Ep 03/100 | TR Loss: 0.6932 Acc: 0.47 | VAL Loss: 0.6930 Acc: 0.56 
Ep 04/100 | TR Loss: 0.6906 Acc: 0.51 | VAL Loss: 0.6923 Acc: 0.56 
Ep 05/100 | TR Loss: 0.6413 Acc: 0.65 | VAL Loss: 0.5839 Acc: 0.66 *(Best)*
Ep 06/100 | TR Loss: 0.6351 Acc: 0.82 | VAL Loss: 0.5828 Acc: 0.70 *(Best)*
Ep 07/100 | TR Loss: 0.4519 Acc: 0.82 | VAL Loss: 0.5520 Acc: 0.70 *(Best)*
Ep 08/100 | TR Loss: 0.4393 Acc: 0.83 | VAL Loss: 0.5510 Acc: 0.70 *(Best)*
Ep 09/100 | TR Loss: 0.5213 Acc: 0.83 | VAL Loss: 0.5710 Acc: 0.68 
Ep 10/100 | TR Loss: 0.4152 Acc: 0.84 | VAL Loss: 0.5535 Acc: 0.70 
Ep 11/100 | TR Loss: 0.4446 Acc: 0.85 | VAL Loss: 0.5347 Acc: 0.72 *(Best)*
Ep 12/100 | TR Loss: 0.3888 Acc: 0.85 | VAL Loss: 0.5217 Acc: 0.72 *(Best)*
Ep 13/100 | TR Loss: 0.4301 Acc: 0.85 | VAL Loss: 0.5333 Acc: 0.72 
Ep 14/100 | TR Loss: 0.3943 Acc: 0.85 | VAL Loss: 0.5310 Acc: 0.72 
Ep 15/100 | TR Loss: 0.4585 Acc: 0.85 | VAL Loss: 0.5724 Acc: 0.70 
Ep 16/100 | TR Loss: 0.3840 Acc: 0.85 | VAL Loss: 0.5908 Acc: 0.68 
Ep 17/100 | TR Loss: 0.3905 Acc: 0.85 | VAL Loss: 0.6006 Acc: 0.68 
Ep 18/100 | TR Loss: 0.4449 Acc: 0.85 | VAL Loss: 0.6085 Acc: 0.68 
Ep 19/100 | TR Loss: 0.3886 Acc: 0.85 | VAL Loss: 0.5807 Acc: 0.68 
Ep 20/100 | TR Loss: 0.4267 Acc: 0.85 | VAL Loss: 0.5843 Acc: 0.68 
Ep 21/100 | TR Loss: 0.3866 Acc: 0.85 | VAL Loss: 0.5907 Acc: 0.68 
Ep 22/100 | TR Loss: 0.3874 Acc: 0.85 | VAL Loss: 0.6211 Acc: 0.66 
Ep 23/100 | TR Loss: 0.4527 Acc: 0.85 | VAL Loss: 0.6282 Acc: 0.66 
Ep 24/100 | TR Loss: 0.3863 Acc: 0.85 | VAL Loss: 0.5884 Acc: 0.68 
Ep 25/100 | TR Loss: 0.4460 Acc: 0.85 | VAL Loss: 0.5840 Acc: 0.68 
Ep 26/100 | TR Loss: 0.3880 Acc: 0.85 | VAL Loss: 0.5872 Acc: 0.68 
Ep 27/100 | TR Loss: 0.3969 Acc: 0.85 | VAL Loss: 0.5744 Acc: 0.68 
Ep 28/100 | TR Loss: 0.4909 Acc: 0.85 | VAL Loss: 0.5809 Acc: 0.68 
Ep 29/100 | TR Loss: 0.3927 Acc: 0.85 | VAL Loss: 0.5725 Acc: 0.68 
Ep 30/100 | TR Loss: 0.3955 Acc: 0.88 | VAL Loss: 0.5862 Acc: 0.68 
Ep 31/100 | TR Loss: 0.3294 Acc: 0.88 | VAL Loss: 0.6038 Acc: 0.68 
Ep 32/100 | TR Loss: 0.3808 Acc: 0.88 | VAL Loss: 0.6258 Acc: 0.68 
Ep 33/100 | TR Loss: 0.3311 Acc: 0.88 | VAL Loss: 0.6017 Acc: 0.68 
Ep 34/100 | TR Loss: 0.3692 Acc: 0.88 | VAL Loss: 0.5642 Acc: 0.70 
Ep 35/100 | TR Loss: 0.3203 Acc: 0.88 | VAL Loss: 0.5592 Acc: 0.70 
Ep 36/100 | TR Loss: 0.3262 Acc: 0.88 | VAL Loss: 0.5706 Acc: 0.70 
Ep 37/100 | TR Loss: 0.4189 Acc: 0.88 | VAL Loss: 0.5680 Acc: 0.70 
Ep 38/100 | TR Loss: 0.3279 Acc: 0.88 | VAL Loss: 0.5263 Acc: 0.72 
Ep 39/100 | TR Loss: 0.3644 Acc: 0.88 | VAL Loss: 0.5709 Acc: 0.72 
Ep 40/100 | TR Loss: 0.4744 Acc: 0.85 | VAL Loss: 0.5883 Acc: 0.72 
Ep 41/100 | TR Loss: 0.4413 Acc: 0.85 | VAL Loss: 0.5397 Acc: 0.72 
Ep 42/100 | TR Loss: 0.3564 Acc: 0.87 | VAL Loss: 0.5635 Acc: 0.70 
Ep 43/100 | TR Loss: 0.4010 Acc: 0.88 | VAL Loss: 0.6052 Acc: 0.68 
Ep 44/100 | TR Loss: 0.3837 Acc: 0.88 | VAL Loss: 0.6211 Acc: 0.68 
Ep 45/100 | TR Loss: 0.3383 Acc: 0.88 | VAL Loss: 0.6153 Acc: 0.68 
Ep 46/100 | TR Loss: 0.3349 Acc: 0.88 | VAL Loss: 0.6304 Acc: 0.68 
Ep 47/100 | TR Loss: 0.4020 Acc: 0.88 | VAL Loss: 0.6474 Acc: 0.68 
Ep 48/100 | TR Loss: 0.3808 Acc: 0.88 | VAL Loss: 0.6267 Acc: 0.68 
Ep 49/100 | TR Loss: 0.3356 Acc: 0.88 | VAL Loss: 0.6090 Acc: 0.68 
Ep 50/100 | TR Loss: 0.3806 Acc: 0.88 | VAL Loss: 0.6163 Acc: 0.68 
Ep 51/100 | TR Loss: 0.3386 Acc: 0.88 | VAL Loss: 0.6187 Acc: 0.68 
Ep 52/100 | TR Loss: 0.3778 Acc: 0.88 | VAL Loss: 0.6346 Acc: 0.68 
Ep 53/100 | TR Loss: 0.4268 Acc: 0.88 | VAL Loss: 0.6323 Acc: 0.68 
Ep 54/100 | TR Loss: 0.4030 Acc: 0.88 | VAL Loss: 0.6103 Acc: 0.68 
Ep 55/100 | TR Loss: 0.3822 Acc: 0.88 | VAL Loss: 0.5976 Acc: 0.68 
Ep 56/100 | TR Loss: 0.3815 Acc: 0.88 | VAL Loss: 0.6050 Acc: 0.68 
Ep 57/100 | TR Loss: 0.3377 Acc: 0.88 | VAL Loss: 0.6102 Acc: 0.68 
Ep 58/100 | TR Loss: 0.4312 Acc: 0.88 | VAL Loss: 0.6345 Acc: 0.68 
Ep 59/100 | TR Loss: 0.3789 Acc: 0.88 | VAL Loss: 0.6196 Acc: 0.68 
Ep 60/100 | TR Loss: 0.3379 Acc: 0.88 | VAL Loss: 0.5829 Acc: 0.70 
Ep 61/100 | TR Loss: 0.3349 Acc: 0.88 | VAL Loss: 0.5870 Acc: 0.70 
Ep 62/100 | TR Loss: 0.3762 Acc: 0.88 | VAL Loss: 0.5963 Acc: 0.70 
Ep 63/100 | TR Loss: 0.3777 Acc: 0.88 | VAL Loss: 0.5941 Acc: 0.70 
Ep 64/100 | TR Loss: 0.3769 Acc: 0.88 | VAL Loss: 0.5836 Acc: 0.70 
Ep 65/100 | TR Loss: 0.4046 Acc: 0.88 | VAL Loss: 0.5784 Acc: 0.70 
Ep 66/100 | TR Loss: 0.4432 Acc: 0.88 | VAL Loss: 0.5720 Acc: 0.70 
Ep 67/100 | TR Loss: 0.3788 Acc: 0.88 | VAL Loss: 0.5604 Acc: 0.70 
Ep 68/100 | TR Loss: 0.3411 Acc: 0.88 | VAL Loss: 0.5381 Acc: 0.72 
Ep 69/100 | TR Loss: 0.3337 Acc: 0.88 | VAL Loss: 0.5515 Acc: 0.72 
Ep 70/100 | TR Loss: 0.3818 Acc: 0.88 | VAL Loss: 0.5667 Acc: 0.72 
Ep 71/100 | TR Loss: 0.3393 Acc: 0.88 | VAL Loss: 0.5629 Acc: 0.72 
Ep 72/100 | TR Loss: 0.3323 Acc: 0.88 | VAL Loss: 0.5710 Acc: 0.72 
Ep 73/100 | TR Loss: 0.3325 Acc: 0.88 | VAL Loss: 0.6108 Acc: 0.70 
Ep 74/100 | TR Loss: 0.3351 Acc: 0.88 | VAL Loss: 0.6015 Acc: 0.70 
Ep 75/100 | TR Loss: 0.3320 Acc: 0.88 | VAL Loss: 0.6067 Acc: 0.70 
Ep 76/100 | TR Loss: 0.3337 Acc: 0.88 | VAL Loss: 0.6026 Acc: 0.70 
Ep 77/100 | TR Loss: 0.3315 Acc: 0.88 | VAL Loss: 0.5968 Acc: 0.70 
Ep 78/100 | TR Loss: 0.3291 Acc: 0.88 | VAL Loss: 0.5731 Acc: 0.72 
Ep 79/100 | TR Loss: 0.4099 Acc: 0.88 | VAL Loss: 0.5736 Acc: 0.72 
Ep 80/100 | TR Loss: 0.3864 Acc: 0.88 | VAL Loss: 0.5706 Acc: 0.70 
Ep 81/100 | TR Loss: 0.3803 Acc: 0.88 | VAL Loss: 0.5449 Acc: 0.72 
Ep 82/100 | TR Loss: 0.3324 Acc: 0.88 | VAL Loss: 0.5472 Acc: 0.72 
Ep 83/100 | TR Loss: 0.3832 Acc: 0.88 | VAL Loss: 0.5592 Acc: 0.72 
Ep 84/100 | TR Loss: 0.3336 Acc: 0.88 | VAL Loss: 0.5553 Acc: 0.72 
Ep 85/100 | TR Loss: 0.3403 Acc: 0.88 | VAL Loss: 0.5858 Acc: 0.70 
Ep 86/100 | TR Loss: 0.3377 Acc: 0.88 | VAL Loss: 0.5701 Acc: 0.72 
Ep 87/100 | TR Loss: 0.3846 Acc: 0.88 | VAL Loss: 0.5293 Acc: 0.74 
Ep 88/100 | TR Loss: 0.3333 Acc: 0.88 | VAL Loss: 0.5088 Acc: 0.74 *(Best)*
Ep 89/100 | TR Loss: 0.3325 Acc: 0.88 | VAL Loss: 0.5076 Acc: 0.74 *(Best)*
Ep 90/100 | TR Loss: 0.8096 Acc: 0.56 | VAL Loss: 0.7240 Acc: 0.44 
Ep 91/100 | TR Loss: 0.7422 Acc: 0.50 | VAL Loss: 0.6947 Acc: 0.56 
Ep 92/100 | TR Loss: 0.7009 Acc: 0.50 | VAL Loss: 0.7128 Acc: 0.56 
Ep 93/100 | TR Loss: 0.6986 Acc: 0.50 | VAL Loss: 0.7051 Acc: 0.56 
Ep 94/100 | TR Loss: 0.6951 Acc: 0.50 | VAL Loss: 0.7001 Acc: 0.56 
Ep 95/100 | TR Loss: 0.6951 Acc: 0.50 | VAL Loss: 0.6956 Acc: 0.56 
Ep 96/100 | TR Loss: 0.6937 Acc: 0.44 | VAL Loss: 0.6903 Acc: 0.44 
Ep 97/100 | TR Loss: 0.6938 Acc: 0.50 | VAL Loss: 0.6888 Acc: 0.44 
Ep 98/100 | TR Loss: 0.6943 Acc: 0.50 | VAL Loss: 0.6888 Acc: 0.44 
Ep 99/100 | TR Loss: 0.6943 Acc: 0.50 | VAL Loss: 0.6910 Acc: 0.44 
Ep 100/100 | TR Loss: 0.6934 Acc: 0.50 | VAL Loss: 0.6923 Acc: 0.44 

==================================================
BEST MODEL TEST SET EVALUATION (MULTIPLE THRESHOLDS)
==================================================
Threshold  | Acc      | Prec     | Rec      | F1      
--------------------------------------------------
0.30       | 0.78     | 0.92     | 0.65     | 0.76     
0.40       | 0.78     | 0.92     | 0.65     | 0.76     
0.50       | 0.78     | 0.92     | 0.65     | 0.76     <-- (Arg)
0.60       | 0.78     | 0.92     | 0.65     | 0.76     
0.70       | 0.78     | 0.92     | 0.65     | 0.76     
==================================================

========================================
End    : Fri May 22 01:03:22 +03 2026
Output : output_classical/job_1094607
total 151K
-rw-r--r-- 1 aerturk23 hpcusers  34K May 22  2026 best_model.pth
-rw-r--r-- 1 aerturk23 hpcusers  364 May 22 01:03 config.json
-rw-r--r-- 1 aerturk23 hpcusers  14K May 22 01:03 history.json
-rw-r--r-- 1 aerturk23 hpcusers  966 May 22 01:03 output.err
-rw-r--r-- 1 aerturk23 hpcusers 8.3K May 22 01:03 output.log
-rw-r--r-- 1 aerturk23 hpcusers  93K May 22 01:03 training_metrics.png
========================================
