========================================
Job ID : 1094659
Start  : Fri May 22 02:47:30 +03 2026
GPU    : Tesla T4
========================================
--- Classical LSTM Script starting ---
[*] Configuration saved to: output_classical/job_1094659/config.json
========================================
MODEL                 : CLASSICAL LSTM
DATA SOURCE SELECTION : SST2
TRAINING SIZE         : 10
VALIDATION SIZE       : 50
TEST SIZE             : 100
WEIGHT DECAY          : 0.0001
DROPOUT RATE          : 0.2
CLASSIFICATION THRESHOLD : 0.5
BATCH SIZE            : 16
EMBED/HIDDEN DIMS     : 16 / 32
========================================

--- Preparing Dataset and Tokenization ---
[*] REAL DATASET SIZES -> Train: 10 | Val: 50 | Test: 100
--- Initializing Classical Model ---

--- Starting Classical LSTM Training (Epochs: 100) ---
Ep 01/100 | TR Loss: 0.6819 Acc: 0.60 | VAL Loss: 0.7318 Acc: 0.28 *(Best)*
Ep 02/100 | TR Loss: 0.6613 Acc: 0.70 | VAL Loss: 0.7523 Acc: 0.28 
Ep 03/100 | TR Loss: 0.6410 Acc: 0.70 | VAL Loss: 0.7776 Acc: 0.28 
Ep 04/100 | TR Loss: 0.6176 Acc: 0.70 | VAL Loss: 0.8117 Acc: 0.28 
Ep 05/100 | TR Loss: 0.5880 Acc: 0.70 | VAL Loss: 0.8604 Acc: 0.28 
Ep 06/100 | TR Loss: 0.5499 Acc: 0.70 | VAL Loss: 0.9320 Acc: 0.28 
Ep 07/100 | TR Loss: 0.5024 Acc: 0.70 | VAL Loss: 1.0350 Acc: 0.28 
Ep 08/100 | TR Loss: 0.4469 Acc: 0.70 | VAL Loss: 1.1729 Acc: 0.28 
Ep 09/100 | TR Loss: 0.3871 Acc: 0.80 | VAL Loss: 1.3390 Acc: 0.28 
Ep 10/100 | TR Loss: 0.3246 Acc: 0.80 | VAL Loss: 1.5244 Acc: 0.28 
Ep 11/100 | TR Loss: 0.2614 Acc: 0.90 | VAL Loss: 1.7191 Acc: 0.28 
Ep 12/100 | TR Loss: 0.2054 Acc: 0.90 | VAL Loss: 1.9127 Acc: 0.28 
Ep 13/100 | TR Loss: 0.1639 Acc: 1.00 | VAL Loss: 2.0966 Acc: 0.26 
Ep 14/100 | TR Loss: 0.1353 Acc: 1.00 | VAL Loss: 2.2661 Acc: 0.28 
Ep 15/100 | TR Loss: 0.1145 Acc: 1.00 | VAL Loss: 2.4189 Acc: 0.30 
Ep 16/100 | TR Loss: 0.0979 Acc: 1.00 | VAL Loss: 2.5521 Acc: 0.30 
Ep 17/100 | TR Loss: 0.0838 Acc: 1.00 | VAL Loss: 2.6626 Acc: 0.32 
Ep 18/100 | TR Loss: 0.0713 Acc: 1.00 | VAL Loss: 2.7483 Acc: 0.34 
Ep 19/100 | TR Loss: 0.0602 Acc: 1.00 | VAL Loss: 2.8085 Acc: 0.34 
Ep 20/100 | TR Loss: 0.0504 Acc: 1.00 | VAL Loss: 2.8450 Acc: 0.36 
Ep 21/100 | TR Loss: 0.0417 Acc: 1.00 | VAL Loss: 2.8690 Acc: 0.38 
Ep 22/100 | TR Loss: 0.0341 Acc: 1.00 | VAL Loss: 2.9014 Acc: 0.44 
Ep 23/100 | TR Loss: 0.0276 Acc: 1.00 | VAL Loss: 2.9533 Acc: 0.42 
Ep 24/100 | TR Loss: 0.0222 Acc: 1.00 | VAL Loss: 3.0114 Acc: 0.42 
Ep 25/100 | TR Loss: 0.0177 Acc: 1.00 | VAL Loss: 3.0561 Acc: 0.42 
Ep 26/100 | TR Loss: 0.0140 Acc: 1.00 | VAL Loss: 3.0766 Acc: 0.42 
Ep 27/100 | TR Loss: 0.0111 Acc: 1.00 | VAL Loss: 3.0821 Acc: 0.44 
Ep 28/100 | TR Loss: 0.0088 Acc: 1.00 | VAL Loss: 3.0934 Acc: 0.46 
Ep 29/100 | TR Loss: 0.0070 Acc: 1.00 | VAL Loss: 3.0926 Acc: 0.46 
Ep 30/100 | TR Loss: 0.0056 Acc: 1.00 | VAL Loss: 3.0876 Acc: 0.48 
Ep 31/100 | TR Loss: 0.0046 Acc: 1.00 | VAL Loss: 3.1192 Acc: 0.50 
Ep 32/100 | TR Loss: 0.0037 Acc: 1.00 | VAL Loss: 3.1600 Acc: 0.50 
Ep 33/100 | TR Loss: 0.0031 Acc: 1.00 | VAL Loss: 3.2014 Acc: 0.50 
Ep 34/100 | TR Loss: 0.0026 Acc: 1.00 | VAL Loss: 3.2402 Acc: 0.50 
Ep 35/100 | TR Loss: 0.0022 Acc: 1.00 | VAL Loss: 3.2754 Acc: 0.50 
Ep 36/100 | TR Loss: 0.0018 Acc: 1.00 | VAL Loss: 3.3066 Acc: 0.50 
Ep 37/100 | TR Loss: 0.0016 Acc: 1.00 | VAL Loss: 3.3336 Acc: 0.50 
Ep 38/100 | TR Loss: 0.0014 Acc: 1.00 | VAL Loss: 3.3556 Acc: 0.50 
Ep 39/100 | TR Loss: 0.0012 Acc: 1.00 | VAL Loss: 3.3720 Acc: 0.50 
Ep 40/100 | TR Loss: 0.0011 Acc: 1.00 | VAL Loss: 3.3820 Acc: 0.50 
Ep 41/100 | TR Loss: 0.0010 Acc: 1.00 | VAL Loss: 3.3857 Acc: 0.50 
Ep 42/100 | TR Loss: 0.0009 Acc: 1.00 | VAL Loss: 3.3855 Acc: 0.50 
Ep 43/100 | TR Loss: 0.0008 Acc: 1.00 | VAL Loss: 3.3873 Acc: 0.52 
Ep 44/100 | TR Loss: 0.0008 Acc: 1.00 | VAL Loss: 3.3947 Acc: 0.52 
Ep 45/100 | TR Loss: 0.0007 Acc: 1.00 | VAL Loss: 3.4045 Acc: 0.52 
Ep 46/100 | TR Loss: 0.0007 Acc: 1.00 | VAL Loss: 3.4132 Acc: 0.52 
Ep 47/100 | TR Loss: 0.0006 Acc: 1.00 | VAL Loss: 3.4194 Acc: 0.52 
Ep 48/100 | TR Loss: 0.0006 Acc: 1.00 | VAL Loss: 3.4223 Acc: 0.52 
Ep 49/100 | TR Loss: 0.0006 Acc: 1.00 | VAL Loss: 3.4211 Acc: 0.52 
Ep 50/100 | TR Loss: 0.0005 Acc: 1.00 | VAL Loss: 3.4153 Acc: 0.52 
Ep 51/100 | TR Loss: 0.0005 Acc: 1.00 | VAL Loss: 3.4055 Acc: 0.52 
Ep 52/100 | TR Loss: 0.0005 Acc: 1.00 | VAL Loss: 3.3936 Acc: 0.52 
Ep 53/100 | TR Loss: 0.0005 Acc: 1.00 | VAL Loss: 3.3839 Acc: 0.52 
Ep 54/100 | TR Loss: 0.0005 Acc: 1.00 | VAL Loss: 3.3800 Acc: 0.54 
Ep 55/100 | TR Loss: 0.0005 Acc: 1.00 | VAL Loss: 3.3802 Acc: 0.54 
Ep 56/100 | TR Loss: 0.0005 Acc: 1.00 | VAL Loss: 3.3813 Acc: 0.54 
Ep 57/100 | TR Loss: 0.0004 Acc: 1.00 | VAL Loss: 3.3821 Acc: 0.54 
Ep 58/100 | TR Loss: 0.0004 Acc: 1.00 | VAL Loss: 3.3820 Acc: 0.54 
Ep 59/100 | TR Loss: 0.0004 Acc: 1.00 | VAL Loss: 3.3808 Acc: 0.54 
Ep 60/100 | TR Loss: 0.0004 Acc: 1.00 | VAL Loss: 3.3784 Acc: 0.54 
Ep 61/100 | TR Loss: 0.0004 Acc: 1.00 | VAL Loss: 3.3747 Acc: 0.54 
Ep 62/100 | TR Loss: 0.0004 Acc: 1.00 | VAL Loss: 3.3698 Acc: 0.54 
Ep 63/100 | TR Loss: 0.0004 Acc: 1.00 | VAL Loss: 3.3635 Acc: 0.54 
Ep 64/100 | TR Loss: 0.0004 Acc: 1.00 | VAL Loss: 3.3562 Acc: 0.54 
Ep 65/100 | TR Loss: 0.0004 Acc: 1.00 | VAL Loss: 3.3480 Acc: 0.54 
Ep 66/100 | TR Loss: 0.0004 Acc: 1.00 | VAL Loss: 3.3395 Acc: 0.54 
Ep 67/100 | TR Loss: 0.0004 Acc: 1.00 | VAL Loss: 3.3314 Acc: 0.54 
Ep 68/100 | TR Loss: 0.0004 Acc: 1.00 | VAL Loss: 3.3245 Acc: 0.54 
Ep 69/100 | TR Loss: 0.0004 Acc: 1.00 | VAL Loss: 3.3192 Acc: 0.56 
Ep 70/100 | TR Loss: 0.0004 Acc: 1.00 | VAL Loss: 3.3154 Acc: 0.56 
Ep 71/100 | TR Loss: 0.0004 Acc: 1.00 | VAL Loss: 3.3126 Acc: 0.56 
Ep 72/100 | TR Loss: 0.0004 Acc: 1.00 | VAL Loss: 3.3105 Acc: 0.56 
Ep 73/100 | TR Loss: 0.0004 Acc: 1.00 | VAL Loss: 3.3085 Acc: 0.56 
Ep 74/100 | TR Loss: 0.0004 Acc: 1.00 | VAL Loss: 3.3067 Acc: 0.56 
Ep 75/100 | TR Loss: 0.0004 Acc: 1.00 | VAL Loss: 3.3047 Acc: 0.56 
Ep 76/100 | TR Loss: 0.0004 Acc: 1.00 | VAL Loss: 3.3027 Acc: 0.56 
Ep 77/100 | TR Loss: 0.0004 Acc: 1.00 | VAL Loss: 3.3006 Acc: 0.56 
Ep 78/100 | TR Loss: 0.0004 Acc: 1.00 | VAL Loss: 3.2983 Acc: 0.56 
Ep 79/100 | TR Loss: 0.0004 Acc: 1.00 | VAL Loss: 3.2959 Acc: 0.56 
Ep 80/100 | TR Loss: 0.0004 Acc: 1.00 | VAL Loss: 3.2932 Acc: 0.56 
Ep 81/100 | TR Loss: 0.0004 Acc: 1.00 | VAL Loss: 3.2903 Acc: 0.56 
Ep 82/100 | TR Loss: 0.0004 Acc: 1.00 | VAL Loss: 3.2871 Acc: 0.56 
Ep 83/100 | TR Loss: 0.0004 Acc: 1.00 | VAL Loss: 3.2835 Acc: 0.56 
Ep 84/100 | TR Loss: 0.0004 Acc: 1.00 | VAL Loss: 3.2793 Acc: 0.56 
Ep 85/100 | TR Loss: 0.0004 Acc: 1.00 | VAL Loss: 3.2744 Acc: 0.56 
Ep 86/100 | TR Loss: 0.0004 Acc: 1.00 | VAL Loss: 3.2685 Acc: 0.56 
Ep 87/100 | TR Loss: 0.0004 Acc: 1.00 | VAL Loss: 3.2613 Acc: 0.56 
Ep 88/100 | TR Loss: 0.0004 Acc: 1.00 | VAL Loss: 3.2521 Acc: 0.56 
Ep 89/100 | TR Loss: 0.0004 Acc: 1.00 | VAL Loss: 3.2406 Acc: 0.56 
Ep 90/100 | TR Loss: 0.0004 Acc: 1.00 | VAL Loss: 3.2262 Acc: 0.56 
Ep 91/100 | TR Loss: 0.0004 Acc: 1.00 | VAL Loss: 3.2089 Acc: 0.56 
Ep 92/100 | TR Loss: 0.0004 Acc: 1.00 | VAL Loss: 3.1896 Acc: 0.56 
Ep 93/100 | TR Loss: 0.0004 Acc: 1.00 | VAL Loss: 3.1709 Acc: 0.56 
Ep 94/100 | TR Loss: 0.0004 Acc: 1.00 | VAL Loss: 3.1565 Acc: 0.58 
Ep 95/100 | TR Loss: 0.0004 Acc: 1.00 | VAL Loss: 3.1474 Acc: 0.58 
Ep 96/100 | TR Loss: 0.0004 Acc: 1.00 | VAL Loss: 3.1417 Acc: 0.58 
Ep 97/100 | TR Loss: 0.0004 Acc: 1.00 | VAL Loss: 3.1372 Acc: 0.58 
Ep 98/100 | TR Loss: 0.0004 Acc: 1.00 | VAL Loss: 3.1330 Acc: 0.58 
Ep 99/100 | TR Loss: 0.0004 Acc: 1.00 | VAL Loss: 3.1288 Acc: 0.58 
Ep 100/100 | TR Loss: 0.0004 Acc: 1.00 | VAL Loss: 3.1244 Acc: 0.58 

==================================================
BEST MODEL TEST SET EVALUATION (MULTIPLE THRESHOLDS)
==================================================
Threshold  | Acc      | Prec     | Rec      | F1      
--------------------------------------------------
0.30       | 0.61     | 0.61     | 1.00     | 0.76     
0.40       | 0.61     | 0.61     | 1.00     | 0.76     
0.50       | 0.39     | 0.00     | 0.00     | 0.00     <-- (Arg)
0.60       | 0.39     | 0.00     | 0.00     | 0.00     
0.70       | 0.39     | 0.00     | 0.00     | 0.00     
==================================================

========================================
End    : Fri May 22 02:47:58 +03 2026
Output : output_classical/job_1094659
total 128K
-rw-r--r-- 1 aerturk23 hpcusers  50K May 22 02:47 best_model.pth
-rw-r--r-- 1 aerturk23 hpcusers  362 May 22  2026 config.json
-rw-r--r-- 1 aerturk23 hpcusers  13K May 22  2026 history.json
-rw-r--r-- 1 aerturk23 hpcusers  966 May 22 02:47 output.err
-rw-r--r-- 1 aerturk23 hpcusers 8.2K May 22  2026 output.log
-rw-r--r-- 1 aerturk23 hpcusers  56K May 22  2026 training_metrics.png
========================================
