========================================
Job ID : 1094761
Start  : Fri May 22 06:27:02 +03 2026
GPU    : Tesla T4
========================================
--- Classical LSTM Script starting ---
[*] Configuration saved to: output_classical/job_1094761/config.json
========================================
MODEL                 : CLASSICAL LSTM
DATA SOURCE SELECTION : SST2
TRAINING SIZE         : 500
VALIDATION SIZE       : 50
TEST SIZE             : 100
WEIGHT DECAY          : 0.0001
DROPOUT RATE          : 0.2
CLASSIFICATION THRESHOLD : 0.5
BATCH SIZE            : 16
EMBED/HIDDEN DIMS     : 16 / 32
========================================

--- Preparing Dataset and Tokenization ---
[*] REAL DATASET SIZES -> Train: 500 | Val: 50 | Test: 100
--- Initializing Classical Model ---

--- Starting Classical LSTM Training (Epochs: 100) ---
Ep 01/100 | TR Loss: 0.6882 Acc: 0.58 | VAL Loss: 0.6985 Acc: 0.62 *(Best)*
Ep 02/100 | TR Loss: 0.6548 Acc: 0.61 | VAL Loss: 0.7102 Acc: 0.66 
Ep 03/100 | TR Loss: 0.5340 Acc: 0.73 | VAL Loss: 1.0231 Acc: 0.64 
Ep 04/100 | TR Loss: 0.2833 Acc: 0.90 | VAL Loss: 1.1454 Acc: 0.56 
Ep 05/100 | TR Loss: 0.0980 Acc: 0.97 | VAL Loss: 1.7448 Acc: 0.52 
Ep 06/100 | TR Loss: 0.0170 Acc: 1.00 | VAL Loss: 2.5151 Acc: 0.54 
Ep 07/100 | TR Loss: 0.0033 Acc: 1.00 | VAL Loss: 2.1973 Acc: 0.54 
Ep 08/100 | TR Loss: 0.0013 Acc: 1.00 | VAL Loss: 2.0674 Acc: 0.58 
Ep 09/100 | TR Loss: 0.0012 Acc: 1.00 | VAL Loss: 1.7262 Acc: 0.54 
Ep 10/100 | TR Loss: 0.0009 Acc: 1.00 | VAL Loss: 1.5051 Acc: 0.64 
Ep 11/100 | TR Loss: 0.0007 Acc: 1.00 | VAL Loss: 1.3792 Acc: 0.66 
Ep 12/100 | TR Loss: 0.0007 Acc: 1.00 | VAL Loss: 1.3410 Acc: 0.68 
Ep 13/100 | TR Loss: 0.0007 Acc: 1.00 | VAL Loss: 1.3115 Acc: 0.68 
Ep 14/100 | TR Loss: 0.0006 Acc: 1.00 | VAL Loss: 1.3195 Acc: 0.70 
Ep 15/100 | TR Loss: 0.0180 Acc: 1.00 | VAL Loss: 2.1866 Acc: 0.64 
Ep 16/100 | TR Loss: 0.0453 Acc: 0.99 | VAL Loss: 1.6265 Acc: 0.62 
Ep 17/100 | TR Loss: 0.0327 Acc: 0.99 | VAL Loss: 0.8951 Acc: 0.64 
Ep 18/100 | TR Loss: 0.0106 Acc: 1.00 | VAL Loss: 3.0308 Acc: 0.64 
Ep 19/100 | TR Loss: 0.0043 Acc: 1.00 | VAL Loss: 1.0922 Acc: 0.64 
Ep 20/100 | TR Loss: 0.0026 Acc: 1.00 | VAL Loss: 1.6905 Acc: 0.64 
Ep 21/100 | TR Loss: 0.0007 Acc: 1.00 | VAL Loss: 1.7736 Acc: 0.64 
Ep 22/100 | TR Loss: 0.0006 Acc: 1.00 | VAL Loss: 1.7502 Acc: 0.64 
Ep 23/100 | TR Loss: 0.0005 Acc: 1.00 | VAL Loss: 1.7535 Acc: 0.64 
Ep 24/100 | TR Loss: 0.0005 Acc: 1.00 | VAL Loss: 1.7825 Acc: 0.64 
Ep 25/100 | TR Loss: 0.0005 Acc: 1.00 | VAL Loss: 1.7944 Acc: 0.62 
Ep 26/100 | TR Loss: 0.0005 Acc: 1.00 | VAL Loss: 1.8103 Acc: 0.70 
Ep 27/100 | TR Loss: 0.0005 Acc: 1.00 | VAL Loss: 1.8214 Acc: 0.70 
Ep 28/100 | TR Loss: 0.0005 Acc: 1.00 | VAL Loss: 1.8635 Acc: 0.70 
Ep 29/100 | TR Loss: 0.0005 Acc: 1.00 | VAL Loss: 1.9258 Acc: 0.70 
Ep 30/100 | TR Loss: 0.0004 Acc: 1.00 | VAL Loss: 1.8977 Acc: 0.70 
Ep 31/100 | TR Loss: 0.0004 Acc: 1.00 | VAL Loss: 1.8891 Acc: 0.70 
Ep 32/100 | TR Loss: 0.0004 Acc: 1.00 | VAL Loss: 1.8865 Acc: 0.70 
Ep 33/100 | TR Loss: 0.0004 Acc: 1.00 | VAL Loss: 1.8976 Acc: 0.70 
Ep 34/100 | TR Loss: 0.0004 Acc: 1.00 | VAL Loss: 1.9123 Acc: 0.70 
Ep 35/100 | TR Loss: 0.0004 Acc: 1.00 | VAL Loss: 1.8783 Acc: 0.62 
Ep 36/100 | TR Loss: 0.0004 Acc: 1.00 | VAL Loss: 1.9001 Acc: 0.62 
Ep 37/100 | TR Loss: 0.0200 Acc: 1.00 | VAL Loss: 1.4584 Acc: 0.62 
Ep 38/100 | TR Loss: 0.0307 Acc: 1.00 | VAL Loss: 1.0067 Acc: 0.68 
Ep 39/100 | TR Loss: 0.0566 Acc: 0.99 | VAL Loss: 2.4572 Acc: 0.64 
Ep 40/100 | TR Loss: 0.0200 Acc: 0.99 | VAL Loss: 3.1776 Acc: 0.64 
Ep 41/100 | TR Loss: 0.0043 Acc: 1.00 | VAL Loss: 3.4722 Acc: 0.64 
Ep 42/100 | TR Loss: 0.0073 Acc: 1.00 | VAL Loss: 3.5634 Acc: 0.68 
Ep 43/100 | TR Loss: 0.0025 Acc: 1.00 | VAL Loss: 3.5598 Acc: 0.64 
Ep 44/100 | TR Loss: 0.0263 Acc: 1.00 | VAL Loss: 1.8438 Acc: 0.68 
Ep 45/100 | TR Loss: 0.0144 Acc: 1.00 | VAL Loss: 3.0030 Acc: 0.66 
Ep 46/100 | TR Loss: 0.0034 Acc: 1.00 | VAL Loss: 3.0205 Acc: 0.68 
Ep 47/100 | TR Loss: 0.0005 Acc: 1.00 | VAL Loss: 3.1117 Acc: 0.66 
Ep 48/100 | TR Loss: 0.0004 Acc: 1.00 | VAL Loss: 3.1714 Acc: 0.66 
Ep 49/100 | TR Loss: 0.0004 Acc: 1.00 | VAL Loss: 3.1953 Acc: 0.66 
Ep 50/100 | TR Loss: 0.0004 Acc: 1.00 | VAL Loss: 3.2111 Acc: 0.66 
Ep 51/100 | TR Loss: 0.0004 Acc: 1.00 | VAL Loss: 3.2455 Acc: 0.66 
Ep 52/100 | TR Loss: 0.0004 Acc: 1.00 | VAL Loss: 3.2646 Acc: 0.66 
Ep 53/100 | TR Loss: 0.0004 Acc: 1.00 | VAL Loss: 3.2691 Acc: 0.66 
Ep 54/100 | TR Loss: 0.0004 Acc: 1.00 | VAL Loss: 3.3083 Acc: 0.68 
Ep 55/100 | TR Loss: 0.0004 Acc: 1.00 | VAL Loss: 3.2992 Acc: 0.68 
Ep 56/100 | TR Loss: 0.0004 Acc: 1.00 | VAL Loss: 3.3100 Acc: 0.68 
Ep 57/100 | TR Loss: 0.0004 Acc: 1.00 | VAL Loss: 3.3049 Acc: 0.68 
Ep 58/100 | TR Loss: 0.0003 Acc: 1.00 | VAL Loss: 3.3034 Acc: 0.68 
Ep 59/100 | TR Loss: 0.0003 Acc: 1.00 | VAL Loss: 3.3293 Acc: 0.68 
Ep 60/100 | TR Loss: 0.0004 Acc: 1.00 | VAL Loss: 3.2983 Acc: 0.68 
Ep 61/100 | TR Loss: 0.0005 Acc: 1.00 | VAL Loss: 3.3127 Acc: 0.68 
Ep 62/100 | TR Loss: 0.0109 Acc: 1.00 | VAL Loss: 1.5523 Acc: 0.66 
Ep 63/100 | TR Loss: 0.0383 Acc: 0.99 | VAL Loss: 2.3152 Acc: 0.66 
Ep 64/100 | TR Loss: 0.0491 Acc: 0.99 | VAL Loss: 1.3579 Acc: 0.62 
Ep 65/100 | TR Loss: 0.0189 Acc: 1.00 | VAL Loss: 3.0971 Acc: 0.64 
Ep 66/100 | TR Loss: 0.0023 Acc: 1.00 | VAL Loss: 2.7570 Acc: 0.66 
Ep 67/100 | TR Loss: 0.0196 Acc: 1.00 | VAL Loss: 2.5788 Acc: 0.66 
Ep 68/100 | TR Loss: 0.0096 Acc: 1.00 | VAL Loss: 2.2207 Acc: 0.66 
Ep 69/100 | TR Loss: 0.0014 Acc: 1.00 | VAL Loss: 2.4243 Acc: 0.66 
Ep 70/100 | TR Loss: 0.0007 Acc: 1.00 | VAL Loss: 2.6064 Acc: 0.66 
Ep 71/100 | TR Loss: 0.0005 Acc: 1.00 | VAL Loss: 2.7056 Acc: 0.66 
Ep 72/100 | TR Loss: 0.0005 Acc: 1.00 | VAL Loss: 2.7897 Acc: 0.66 
Ep 73/100 | TR Loss: 0.0004 Acc: 1.00 | VAL Loss: 2.8552 Acc: 0.68 
Ep 74/100 | TR Loss: 0.0004 Acc: 1.00 | VAL Loss: 2.9048 Acc: 0.68 
Ep 75/100 | TR Loss: 0.0004 Acc: 1.00 | VAL Loss: 2.9321 Acc: 0.68 
Ep 76/100 | TR Loss: 0.0003 Acc: 1.00 | VAL Loss: 2.9496 Acc: 0.68 
Ep 77/100 | TR Loss: 0.0003 Acc: 1.00 | VAL Loss: 2.9743 Acc: 0.68 
Ep 78/100 | TR Loss: 0.0003 Acc: 1.00 | VAL Loss: 2.9936 Acc: 0.68 
Ep 79/100 | TR Loss: 0.0003 Acc: 1.00 | VAL Loss: 2.9861 Acc: 0.68 
Ep 80/100 | TR Loss: 0.0003 Acc: 1.00 | VAL Loss: 2.9938 Acc: 0.68 
Ep 81/100 | TR Loss: 0.0003 Acc: 1.00 | VAL Loss: 2.9936 Acc: 0.68 
Ep 82/100 | TR Loss: 0.0003 Acc: 1.00 | VAL Loss: 3.0316 Acc: 0.68 
Ep 83/100 | TR Loss: 0.0003 Acc: 1.00 | VAL Loss: 2.9997 Acc: 0.68 
Ep 84/100 | TR Loss: 0.0003 Acc: 1.00 | VAL Loss: 2.9546 Acc: 0.68 
Ep 85/100 | TR Loss: 0.0003 Acc: 1.00 | VAL Loss: 2.9311 Acc: 0.68 
Ep 86/100 | TR Loss: 0.0003 Acc: 1.00 | VAL Loss: 2.8861 Acc: 0.68 
Ep 87/100 | TR Loss: 0.0003 Acc: 1.00 | VAL Loss: 2.8694 Acc: 0.68 
Ep 88/100 | TR Loss: 0.0003 Acc: 1.00 | VAL Loss: 2.8196 Acc: 0.68 
Ep 89/100 | TR Loss: 0.0003 Acc: 1.00 | VAL Loss: 2.9434 Acc: 0.68 
Ep 90/100 | TR Loss: 0.0003 Acc: 1.00 | VAL Loss: 2.8106 Acc: 0.68 
Ep 91/100 | TR Loss: 0.0002 Acc: 1.00 | VAL Loss: 2.7244 Acc: 0.68 
Ep 92/100 | TR Loss: 0.0003 Acc: 1.00 | VAL Loss: 2.7754 Acc: 0.68 
Ep 93/100 | TR Loss: 0.0003 Acc: 1.00 | VAL Loss: 2.0746 Acc: 0.66 
Ep 94/100 | TR Loss: 0.1160 Acc: 0.98 | VAL Loss: 1.4971 Acc: 0.68 
Ep 95/100 | TR Loss: 0.0530 Acc: 0.99 | VAL Loss: 2.4016 Acc: 0.68 
Ep 96/100 | TR Loss: 0.0139 Acc: 1.00 | VAL Loss: 2.7378 Acc: 0.68 
Ep 97/100 | TR Loss: 0.0130 Acc: 1.00 | VAL Loss: 2.7481 Acc: 0.68 
Ep 98/100 | TR Loss: 0.0123 Acc: 1.00 | VAL Loss: 2.8113 Acc: 0.68 
Ep 99/100 | TR Loss: 0.0071 Acc: 1.00 | VAL Loss: 2.1423 Acc: 0.66 
Ep 100/100 | TR Loss: 0.0043 Acc: 1.00 | VAL Loss: 2.7192 Acc: 0.68 

==================================================
BEST MODEL TEST SET EVALUATION (MULTIPLE THRESHOLDS)
==================================================
Threshold  | Acc      | Prec     | Rec      | F1      
--------------------------------------------------
0.30       | 0.52     | 0.52     | 1.00     | 0.68     
0.40       | 0.52     | 0.52     | 1.00     | 0.68     
0.50       | 0.53     | 0.53     | 1.00     | 0.69     <-- (Arg)
0.60       | 0.46     | 0.25     | 0.02     | 0.04     
0.70       | 0.48     | 0.00     | 0.00     | 0.00     
==================================================

========================================
End    : Fri May 22 06:27:29 +03 2026
Output : output_classical/job_1094761
total 205K
-rw-r--r-- 1 aerturk23 hpcusers  97K May 22  2026 best_model.pth
-rw-r--r-- 1 aerturk23 hpcusers  365 May 22 06:27 config.json
-rw-r--r-- 1 aerturk23 hpcusers  13K May 22 06:27 history.json
-rw-r--r-- 1 aerturk23 hpcusers  966 May 22  2026 output.err
-rw-r--r-- 1 aerturk23 hpcusers 8.2K May 22 06:27 output.log
-rw-r--r-- 1 aerturk23 hpcusers  85K May 22  2026 training_metrics.png
========================================
