========================================
Job ID : 1094797
Start  : Fri May 22 06:58:35 +03 2026
GPU    : Tesla T4
========================================
--- Quantum QNLP Script starting ---
[*] Configuration saved to: output_qnlp/job_1094797/config.json
========================================
DATA SOURCE SELECTION : SYNTHETIC
TRAINING SIZE         : 100
VALIDATION SIZE       : 50
TEST SIZE             : 100
WEIGHT DECAY          : 0.0001
CLASSIFICATION THRESHOLD : 0.5
QUANTUM LAYERS        : 2
========================================

--- Preparing Dataset ---
Generating DisCoCat grammar diagrams...
Generating quantum circuits (IQP Ansatz)...

--- Starting Quantum Model Training (Epochs: 100) ---
Ep 01/100 | TR Loss: 0.7540 Acc: 0.50 | VAL Loss: 0.6989 Acc: 0.62 *(Best)*
Ep 02/100 | TR Loss: 0.7178 Acc: 0.50 | VAL Loss: 0.7405 Acc: 0.60 
Ep 03/100 | TR Loss: 0.7175 Acc: 0.52 | VAL Loss: 0.7514 Acc: 0.54 
Ep 04/100 | TR Loss: 0.6634 Acc: 0.60 | VAL Loss: 0.7570 Acc: 0.54 
Ep 05/100 | TR Loss: 0.5793 Acc: 0.63 | VAL Loss: 0.7732 Acc: 0.50 
Ep 06/100 | TR Loss: 0.7173 Acc: 0.50 | VAL Loss: 0.7491 Acc: 0.52 
Ep 07/100 | TR Loss: 0.7258 Acc: 0.50 | VAL Loss: 0.7598 Acc: 0.40 
Ep 08/100 | TR Loss: 0.7150 Acc: 0.50 | VAL Loss: 0.6906 Acc: 0.44 *(Best)*
Ep 09/100 | TR Loss: 0.7318 Acc: 0.46 | VAL Loss: 0.6972 Acc: 0.48 
Ep 10/100 | TR Loss: 0.6959 Acc: 0.48 | VAL Loss: 0.6872 Acc: 0.48 *(Best)*
Ep 11/100 | TR Loss: 0.6322 Acc: 0.57 | VAL Loss: 0.6194 Acc: 0.54 *(Best)*
Ep 12/100 | TR Loss: 0.6671 Acc: 0.59 | VAL Loss: 0.5863 Acc: 0.56 *(Best)*
Ep 13/100 | TR Loss: 0.6205 Acc: 0.60 | VAL Loss: 0.6739 Acc: 0.60 
Ep 14/100 | TR Loss: 0.6360 Acc: 0.61 | VAL Loss: 0.6494 Acc: 0.72 
Ep 15/100 | TR Loss: 0.7174 Acc: 0.60 | VAL Loss: 0.6601 Acc: 0.56 
Ep 16/100 | TR Loss: 0.6963 Acc: 0.53 | VAL Loss: 0.7123 Acc: 0.52 
Ep 17/100 | TR Loss: 0.7056 Acc: 0.57 | VAL Loss: 0.7014 Acc: 0.42 
Ep 18/100 | TR Loss: 0.7140 Acc: 0.59 | VAL Loss: 0.6404 Acc: 0.60 
Ep 19/100 | TR Loss: 0.7183 Acc: 0.41 | VAL Loss: 0.7349 Acc: 0.44 
Ep 20/100 | TR Loss: 0.7096 Acc: 0.61 | VAL Loss: 0.7191 Acc: 0.56 
Ep 21/100 | TR Loss: 0.6690 Acc: 0.60 | VAL Loss: 0.7339 Acc: 0.50 
Ep 22/100 | TR Loss: 0.7496 Acc: 0.54 | VAL Loss: 0.8002 Acc: 0.48 
Ep 23/100 | TR Loss: 0.7091 Acc: 0.48 | VAL Loss: 0.7120 Acc: 0.44 
Ep 24/100 | TR Loss: 0.6781 Acc: 0.60 | VAL Loss: 0.7126 Acc: 0.50 
Ep 25/100 | TR Loss: 0.7259 Acc: 0.52 | VAL Loss: 0.6932 Acc: 0.52 
Ep 26/100 | TR Loss: 0.6998 Acc: 0.59 | VAL Loss: 0.7197 Acc: 0.52 
Ep 27/100 | TR Loss: 0.6913 Acc: 0.59 | VAL Loss: 0.7233 Acc: 0.60 
Ep 28/100 | TR Loss: 0.7201 Acc: 0.56 | VAL Loss: 0.8060 Acc: 0.48 
Ep 29/100 | TR Loss: 0.7585 Acc: 0.49 | VAL Loss: 0.6963 Acc: 0.52 
Ep 30/100 | TR Loss: 0.6046 Acc: 0.60 | VAL Loss: 0.9647 Acc: 0.56 
Ep 31/100 | TR Loss: 0.7900 Acc: 0.52 | VAL Loss: 0.7165 Acc: 0.48 
Ep 32/100 | TR Loss: 0.6856 Acc: 0.53 | VAL Loss: 0.6902 Acc: 0.64 
Ep 33/100 | TR Loss: 0.7397 Acc: 0.50 | VAL Loss: 0.7483 Acc: 0.50 
Ep 34/100 | TR Loss: 0.7200 Acc: 0.60 | VAL Loss: 0.8467 Acc: 0.44 
Ep 35/100 | TR Loss: 0.7229 Acc: 0.52 | VAL Loss: 0.7886 Acc: 0.44 
Ep 36/100 | TR Loss: 0.7371 Acc: 0.46 | VAL Loss: 0.7030 Acc: 0.54 
Ep 37/100 | TR Loss: 0.7158 Acc: 0.58 | VAL Loss: 0.7929 Acc: 0.52 
Ep 38/100 | TR Loss: 0.6994 Acc: 0.50 | VAL Loss: 0.9465 Acc: 0.46 
Ep 39/100 | TR Loss: 0.7415 Acc: 0.49 | VAL Loss: 0.7913 Acc: 0.40 
Ep 40/100 | TR Loss: 0.7058 Acc: 0.53 | VAL Loss: 0.7901 Acc: 0.62 
Ep 41/100 | TR Loss: 0.7542 Acc: 0.49 | VAL Loss: 0.7920 Acc: 0.58 
Ep 42/100 | TR Loss: 0.6858 Acc: 0.55 | VAL Loss: 0.9192 Acc: 0.44 
Ep 43/100 | TR Loss: 0.7232 Acc: 0.49 | VAL Loss: 0.7472 Acc: 0.40 
Ep 44/100 | TR Loss: 0.6890 Acc: 0.53 | VAL Loss: 0.7108 Acc: 0.48 
Ep 45/100 | TR Loss: 0.6396 Acc: 0.58 | VAL Loss: 0.6885 Acc: 0.54 
Ep 46/100 | TR Loss: 0.5368 Acc: 0.75 | VAL Loss: 0.5400 Acc: 0.82 *(Best)*
Ep 47/100 | TR Loss: 0.6000 Acc: 0.64 | VAL Loss: 0.6416 Acc: 0.48 
Ep 48/100 | TR Loss: 0.4989 Acc: 0.68 | VAL Loss: 0.5636 Acc: 0.54 
Ep 49/100 | TR Loss: 0.6074 Acc: 0.60 | VAL Loss: 0.6961 Acc: 0.44 
Ep 50/100 | TR Loss: 0.6959 Acc: 0.51 | VAL Loss: 0.6875 Acc: 0.32 
Ep 51/100 | TR Loss: 0.6504 Acc: 0.60 | VAL Loss: 0.7122 Acc: 0.46 
Ep 52/100 | TR Loss: 0.5944 Acc: 0.63 | VAL Loss: 0.8070 Acc: 0.46 
Ep 53/100 | TR Loss: 0.6068 Acc: 0.59 | VAL Loss: 0.6372 Acc: 0.54 
Ep 54/100 | TR Loss: 0.6263 Acc: 0.66 | VAL Loss: 0.6894 Acc: 0.48 
Ep 55/100 | TR Loss: 0.7553 Acc: 0.57 | VAL Loss: 0.7200 Acc: 0.54 
Ep 56/100 | TR Loss: 0.7045 Acc: 0.60 | VAL Loss: 0.6670 Acc: 0.60 
Ep 57/100 | TR Loss: 0.7376 Acc: 0.55 | VAL Loss: 0.6694 Acc: 0.58 
Ep 58/100 | TR Loss: 0.7909 Acc: 0.48 | VAL Loss: 0.6988 Acc: 0.58 
Ep 59/100 | TR Loss: 0.7468 Acc: 0.49 | VAL Loss: 0.6969 Acc: 0.52 
Ep 60/100 | TR Loss: 0.7634 Acc: 0.55 | VAL Loss: 0.6723 Acc: 0.60 
Ep 61/100 | TR Loss: 0.7175 Acc: 0.45 | VAL Loss: 0.6411 Acc: 0.62 
Ep 62/100 | TR Loss: 0.6880 Acc: 0.52 | VAL Loss: 0.6950 Acc: 0.66 
Ep 63/100 | TR Loss: 0.7104 Acc: 0.54 | VAL Loss: 0.7211 Acc: 0.42 
Ep 64/100 | TR Loss: 0.6847 Acc: 0.60 | VAL Loss: 0.7152 Acc: 0.46 
Ep 65/100 | TR Loss: 0.6841 Acc: 0.57 | VAL Loss: 0.6790 Acc: 0.50 
Ep 66/100 | TR Loss: 0.6674 Acc: 0.59 | VAL Loss: 0.7173 Acc: 0.54 
Ep 67/100 | TR Loss: 0.7117 Acc: 0.58 | VAL Loss: 0.8798 Acc: 0.40 
Ep 68/100 | TR Loss: 0.8124 Acc: 0.52 | VAL Loss: 0.6633 Acc: 0.58 
Ep 69/100 | TR Loss: 0.8444 Acc: 0.52 | VAL Loss: 0.8492 Acc: 0.48 
Ep 70/100 | TR Loss: 0.8305 Acc: 0.52 | VAL Loss: 0.7493 Acc: 0.58 
Ep 71/100 | TR Loss: 0.7553 Acc: 0.48 | VAL Loss: 0.6052 Acc: 0.66 
Ep 72/100 | TR Loss: 0.6914 Acc: 0.52 | VAL Loss: 0.7388 Acc: 0.70 
Ep 73/100 | TR Loss: 0.6888 Acc: 0.55 | VAL Loss: 0.7742 Acc: 0.40 
Ep 74/100 | TR Loss: 0.6906 Acc: 0.57 | VAL Loss: 0.7098 Acc: 0.56 
Ep 75/100 | TR Loss: 0.7806 Acc: 0.53 | VAL Loss: 0.6736 Acc: 0.60 
Ep 76/100 | TR Loss: 0.7807 Acc: 0.51 | VAL Loss: 0.8850 Acc: 0.46 
Ep 77/100 | TR Loss: 0.7836 Acc: 0.63 | VAL Loss: 0.7388 Acc: 0.50 
Ep 78/100 | TR Loss: 0.7749 Acc: 0.53 | VAL Loss: 0.7477 Acc: 0.44 
Ep 79/100 | TR Loss: 0.8035 Acc: 0.51 | VAL Loss: 0.6908 Acc: 0.62 
Ep 80/100 | TR Loss: 0.9209 Acc: 0.53 | VAL Loss: 0.8878 Acc: 0.54 
Ep 81/100 | TR Loss: 0.7527 Acc: 0.53 | VAL Loss: 0.9185 Acc: 0.40 
Ep 82/100 | TR Loss: 0.7001 Acc: 0.61 | VAL Loss: 0.7048 Acc: 0.54 
Ep 83/100 | TR Loss: 0.7680 Acc: 0.50 | VAL Loss: 0.6628 Acc: 0.64 
Ep 84/100 | TR Loss: 0.6622 Acc: 0.53 | VAL Loss: 0.6362 Acc: 0.62 
Ep 85/100 | TR Loss: 0.6359 Acc: 0.56 | VAL Loss: 0.5822 Acc: 0.60 
Ep 86/100 | TR Loss: 0.5806 Acc: 0.73 | VAL Loss: 0.8546 Acc: 0.52 
Ep 87/100 | TR Loss: 0.6320 Acc: 0.72 | VAL Loss: 0.6298 Acc: 0.68 
Ep 88/100 | TR Loss: 0.6785 Acc: 0.68 | VAL Loss: 0.7111 Acc: 0.42 
Ep 89/100 | TR Loss: 0.6676 Acc: 0.60 | VAL Loss: 0.5933 Acc: 0.50 
Ep 90/100 | TR Loss: 0.5934 Acc: 0.70 | VAL Loss: 0.4852 Acc: 0.78 *(Best)*
Ep 91/100 | TR Loss: 0.5339 Acc: 0.70 | VAL Loss: 0.6735 Acc: 0.58 
Ep 92/100 | TR Loss: 0.6804 Acc: 0.53 | VAL Loss: 0.5207 Acc: 0.70 
Ep 93/100 | TR Loss: 0.7740 Acc: 0.49 | VAL Loss: 0.9613 Acc: 0.42 
Ep 94/100 | TR Loss: 0.7509 Acc: 0.62 | VAL Loss: 0.7221 Acc: 0.58 
Ep 95/100 | TR Loss: 0.7210 Acc: 0.53 | VAL Loss: 0.7582 Acc: 0.60 
Ep 96/100 | TR Loss: 0.7899 Acc: 0.49 | VAL Loss: 0.7325 Acc: 0.44 
Ep 97/100 | TR Loss: 0.7229 Acc: 0.37 | VAL Loss: 0.6875 Acc: 0.40 
Ep 98/100 | TR Loss: 0.6665 Acc: 0.51 | VAL Loss: 0.7109 Acc: 0.50 
Ep 99/100 | TR Loss: 0.6449 Acc: 0.62 | VAL Loss: 0.7455 Acc: 0.52 
Ep 100/100 | TR Loss: 0.6291 Acc: 0.57 | VAL Loss: 0.7037 Acc: 0.56 
[*] Training plots saved to: output_qnlp/job_1094797/training_metrics.png

==================================================
BEST MODEL TEST SET EVALUATION (MULTIPLE THRESHOLDS)
==================================================
Threshold  | Acc      | Prec     | Rec      | F1      
--------------------------------------------------
0.30       | 0.71     | 0.68     | 0.98     | 0.80     
0.40       | 0.74     | 0.70     | 0.98     | 0.82     
0.50       | 0.75     | 0.78     | 0.82     | 0.80     <-- (Arg)
0.60       | 0.73     | 0.92     | 0.60     | 0.73     
0.70       | 0.59     | 0.95     | 0.33     | 0.49     
==================================================

========================================
End    : Fri May 22 07:02:34 +03 2026
Output : output_qnlp/job_1094797
total 231K
-rw-r--r-- 1 aerturk23 hpcusers  11K May 22  2026 best_model.pth
-rw-r--r-- 1 aerturk23 hpcusers  296 May 22 06:58 config.json
-rw-r--r-- 1 aerturk23 hpcusers  14K May 22 07:02 history.json
-rw-r--r-- 1 aerturk23 hpcusers  966 May 22 06:58 output.err
-rw-r--r-- 1 aerturk23 hpcusers 8.2K May 22 06:58 output.log
-rw-r--r-- 1 aerturk23 hpcusers 197K May 22  2026 training_metrics.png
========================================
