========================================
Job ID : 1094627
Start  : Fri May 22 02:31:36 +03 2026
GPU    : Tesla T4
========================================
--- Classical LSTM Script starting ---
[*] Configuration saved to: output_classical/job_1094627/config.json
========================================
MODEL                 : CLASSICAL LSTM
DATA SOURCE SELECTION : BACH
TRAINING SIZE         : 500
VALIDATION SIZE       : 50
TEST SIZE             : 100
WEIGHT DECAY          : 0.0001
DROPOUT RATE          : 0.2
CLASSIFICATION THRESHOLD : 0.5
BATCH SIZE            : 16
EMBED/HIDDEN DIMS     : 16 / 32
========================================

--- Preparing Dataset and Tokenization ---
[*] REAL DATASET SIZES -> Train: 500 | Val: 50 | Test: 100
--- Initializing Classical Model ---

--- Starting Classical LSTM Training (Epochs: 100) ---
Ep 01/100 | TR Loss: 0.6918 Acc: 0.51 | VAL Loss: 0.6509 Acc: 0.62 *(Best)*
Ep 02/100 | TR Loss: 0.5544 Acc: 0.74 | VAL Loss: 0.5244 Acc: 0.76 *(Best)*
Ep 03/100 | TR Loss: 0.5334 Acc: 0.76 | VAL Loss: 0.5810 Acc: 0.76 
Ep 04/100 | TR Loss: 0.5061 Acc: 0.77 | VAL Loss: 0.4989 Acc: 0.78 *(Best)*
Ep 05/100 | TR Loss: 0.4781 Acc: 0.79 | VAL Loss: 0.5296 Acc: 0.76 
Ep 06/100 | TR Loss: 0.4722 Acc: 0.79 | VAL Loss: 0.5232 Acc: 0.78 
Ep 07/100 | TR Loss: 0.4965 Acc: 0.80 | VAL Loss: 0.5422 Acc: 0.78 
Ep 08/100 | TR Loss: 0.4699 Acc: 0.82 | VAL Loss: 0.4987 Acc: 0.82 *(Best)*
Ep 09/100 | TR Loss: 0.4616 Acc: 0.82 | VAL Loss: 0.5156 Acc: 0.82 
Ep 10/100 | TR Loss: 0.4560 Acc: 0.82 | VAL Loss: 0.5216 Acc: 0.82 
Ep 11/100 | TR Loss: 0.4351 Acc: 0.83 | VAL Loss: 0.5424 Acc: 0.82 
Ep 12/100 | TR Loss: 0.4184 Acc: 0.84 | VAL Loss: 0.5084 Acc: 0.84 
Ep 13/100 | TR Loss: 0.4388 Acc: 0.83 | VAL Loss: 0.5339 Acc: 0.82 
Ep 14/100 | TR Loss: 0.4105 Acc: 0.84 | VAL Loss: 0.5910 Acc: 0.78 
Ep 15/100 | TR Loss: 0.4043 Acc: 0.84 | VAL Loss: 0.5656 Acc: 0.78 
Ep 16/100 | TR Loss: 0.4045 Acc: 0.83 | VAL Loss: 0.5761 Acc: 0.80 
Ep 17/100 | TR Loss: 0.4026 Acc: 0.84 | VAL Loss: 0.5718 Acc: 0.78 
Ep 18/100 | TR Loss: 0.3792 Acc: 0.85 | VAL Loss: 0.6240 Acc: 0.78 
Ep 19/100 | TR Loss: 0.3773 Acc: 0.85 | VAL Loss: 0.5913 Acc: 0.78 
Ep 20/100 | TR Loss: 0.3684 Acc: 0.85 | VAL Loss: 0.5870 Acc: 0.78 
Ep 21/100 | TR Loss: 0.3675 Acc: 0.83 | VAL Loss: 0.5923 Acc: 0.74 
Ep 22/100 | TR Loss: 0.3516 Acc: 0.85 | VAL Loss: 0.4125 Acc: 0.80 *(Best)*
Ep 23/100 | TR Loss: 0.4019 Acc: 0.80 | VAL Loss: 0.6417 Acc: 0.74 
Ep 24/100 | TR Loss: 0.4045 Acc: 0.82 | VAL Loss: 0.4862 Acc: 0.76 
Ep 25/100 | TR Loss: 0.3894 Acc: 0.84 | VAL Loss: 0.4692 Acc: 0.84 
Ep 26/100 | TR Loss: 0.3791 Acc: 0.85 | VAL Loss: 0.5183 Acc: 0.82 
Ep 27/100 | TR Loss: 0.3502 Acc: 0.85 | VAL Loss: 0.5594 Acc: 0.78 
Ep 28/100 | TR Loss: 0.3471 Acc: 0.85 | VAL Loss: 0.4838 Acc: 0.82 
Ep 29/100 | TR Loss: 0.3543 Acc: 0.86 | VAL Loss: 0.5518 Acc: 0.84 
Ep 30/100 | TR Loss: 0.3589 Acc: 0.84 | VAL Loss: 0.5959 Acc: 0.82 
Ep 31/100 | TR Loss: 0.3581 Acc: 0.84 | VAL Loss: 0.5496 Acc: 0.78 
Ep 32/100 | TR Loss: 0.3223 Acc: 0.85 | VAL Loss: 0.4102 Acc: 0.82 *(Best)*
Ep 33/100 | TR Loss: 0.3451 Acc: 0.86 | VAL Loss: 0.5730 Acc: 0.82 
Ep 34/100 | TR Loss: 0.3809 Acc: 0.83 | VAL Loss: 0.4627 Acc: 0.76 
Ep 35/100 | TR Loss: 0.4224 Acc: 0.80 | VAL Loss: 0.5413 Acc: 0.74 
Ep 36/100 | TR Loss: 0.4222 Acc: 0.79 | VAL Loss: 0.5362 Acc: 0.74 
Ep 37/100 | TR Loss: 0.4195 Acc: 0.79 | VAL Loss: 0.5189 Acc: 0.74 
Ep 38/100 | TR Loss: 0.4083 Acc: 0.77 | VAL Loss: 0.4329 Acc: 0.80 
Ep 39/100 | TR Loss: 0.4016 Acc: 0.81 | VAL Loss: 0.5677 Acc: 0.74 
Ep 40/100 | TR Loss: 0.4305 Acc: 0.77 | VAL Loss: 0.6252 Acc: 0.68 
Ep 41/100 | TR Loss: 0.4313 Acc: 0.78 | VAL Loss: 0.5412 Acc: 0.68 
Ep 42/100 | TR Loss: 0.4860 Acc: 0.71 | VAL Loss: 0.4331 Acc: 0.66 
Ep 43/100 | TR Loss: 0.4695 Acc: 0.73 | VAL Loss: 0.5343 Acc: 0.60 
Ep 44/100 | TR Loss: 0.4482 Acc: 0.75 | VAL Loss: 0.5337 Acc: 0.68 
Ep 45/100 | TR Loss: 0.4439 Acc: 0.75 | VAL Loss: 0.6255 Acc: 0.58 
Ep 46/100 | TR Loss: 0.4608 Acc: 0.71 | VAL Loss: 0.6044 Acc: 0.66 
Ep 47/100 | TR Loss: 0.4257 Acc: 0.76 | VAL Loss: 0.5748 Acc: 0.66 
Ep 48/100 | TR Loss: 0.4234 Acc: 0.76 | VAL Loss: 0.5200 Acc: 0.62 
Ep 49/100 | TR Loss: 0.3906 Acc: 0.81 | VAL Loss: 0.4319 Acc: 0.86 
Ep 50/100 | TR Loss: 0.3084 Acc: 0.86 | VAL Loss: 0.4800 Acc: 0.82 
Ep 51/100 | TR Loss: 0.3030 Acc: 0.85 | VAL Loss: 0.5168 Acc: 0.78 
Ep 52/100 | TR Loss: 0.2712 Acc: 0.89 | VAL Loss: 0.5074 Acc: 0.84 
Ep 53/100 | TR Loss: 0.2753 Acc: 0.89 | VAL Loss: 0.5200 Acc: 0.78 
Ep 54/100 | TR Loss: 0.2504 Acc: 0.89 | VAL Loss: 0.4605 Acc: 0.86 
Ep 55/100 | TR Loss: 0.2461 Acc: 0.90 | VAL Loss: 0.4624 Acc: 0.84 
Ep 56/100 | TR Loss: 0.2367 Acc: 0.90 | VAL Loss: 0.4649 Acc: 0.86 
Ep 57/100 | TR Loss: 0.2464 Acc: 0.90 | VAL Loss: 0.7120 Acc: 0.80 
Ep 58/100 | TR Loss: 0.2508 Acc: 0.90 | VAL Loss: 0.4809 Acc: 0.82 
Ep 59/100 | TR Loss: 0.2421 Acc: 0.91 | VAL Loss: 0.6903 Acc: 0.76 
Ep 60/100 | TR Loss: 0.3079 Acc: 0.87 | VAL Loss: 0.4058 Acc: 0.82 *(Best)*
Ep 61/100 | TR Loss: 0.2436 Acc: 0.89 | VAL Loss: 0.6785 Acc: 0.86 
Ep 62/100 | TR Loss: 0.2057 Acc: 0.92 | VAL Loss: 0.5972 Acc: 0.76 
Ep 63/100 | TR Loss: 0.1901 Acc: 0.92 | VAL Loss: 0.7071 Acc: 0.84 
Ep 64/100 | TR Loss: 0.1944 Acc: 0.90 | VAL Loss: 0.4519 Acc: 0.88 
Ep 65/100 | TR Loss: 0.1648 Acc: 0.93 | VAL Loss: 0.6899 Acc: 0.86 
Ep 66/100 | TR Loss: 0.1440 Acc: 0.94 | VAL Loss: 0.4410 Acc: 0.88 
Ep 67/100 | TR Loss: 0.1477 Acc: 0.93 | VAL Loss: 0.8132 Acc: 0.86 
Ep 68/100 | TR Loss: 0.1383 Acc: 0.94 | VAL Loss: 0.4284 Acc: 0.88 
Ep 69/100 | TR Loss: 0.1355 Acc: 0.94 | VAL Loss: 0.5898 Acc: 0.84 
Ep 70/100 | TR Loss: 0.1543 Acc: 0.94 | VAL Loss: 0.3977 Acc: 0.88 *(Best)*
Ep 71/100 | TR Loss: 0.1835 Acc: 0.91 | VAL Loss: 0.6640 Acc: 0.86 
Ep 72/100 | TR Loss: 0.2077 Acc: 0.91 | VAL Loss: 0.4572 Acc: 0.90 
Ep 73/100 | TR Loss: 0.1884 Acc: 0.92 | VAL Loss: 0.3739 Acc: 0.88 *(Best)*
Ep 74/100 | TR Loss: 0.1452 Acc: 0.94 | VAL Loss: 0.4289 Acc: 0.86 
Ep 75/100 | TR Loss: 0.1501 Acc: 0.93 | VAL Loss: 0.8833 Acc: 0.84 
Ep 76/100 | TR Loss: 0.1849 Acc: 0.92 | VAL Loss: 0.4593 Acc: 0.84 
Ep 77/100 | TR Loss: 0.2257 Acc: 0.91 | VAL Loss: 0.4485 Acc: 0.78 
Ep 78/100 | TR Loss: 0.1913 Acc: 0.92 | VAL Loss: 0.7393 Acc: 0.84 
Ep 79/100 | TR Loss: 0.1998 Acc: 0.92 | VAL Loss: 0.7702 Acc: 0.80 
Ep 80/100 | TR Loss: 0.1700 Acc: 0.94 | VAL Loss: 0.3646 Acc: 0.84 *(Best)*
Ep 81/100 | TR Loss: 0.1657 Acc: 0.93 | VAL Loss: 0.3377 Acc: 0.88 *(Best)*
Ep 82/100 | TR Loss: 0.1551 Acc: 0.95 | VAL Loss: 0.3555 Acc: 0.86 
Ep 83/100 | TR Loss: 0.1745 Acc: 0.92 | VAL Loss: 0.3485 Acc: 0.90 
Ep 84/100 | TR Loss: 0.2067 Acc: 0.93 | VAL Loss: 0.2935 Acc: 0.90 *(Best)*
Ep 85/100 | TR Loss: 0.1632 Acc: 0.94 | VAL Loss: 0.3359 Acc: 0.86 
Ep 86/100 | TR Loss: 0.2558 Acc: 0.88 | VAL Loss: 0.4923 Acc: 0.78 
Ep 87/100 | TR Loss: 0.2097 Acc: 0.91 | VAL Loss: 0.5166 Acc: 0.78 
Ep 88/100 | TR Loss: 0.2100 Acc: 0.92 | VAL Loss: 0.3690 Acc: 0.84 
Ep 89/100 | TR Loss: 0.1567 Acc: 0.93 | VAL Loss: 0.4411 Acc: 0.80 
Ep 90/100 | TR Loss: 0.1365 Acc: 0.93 | VAL Loss: 0.4212 Acc: 0.84 
Ep 91/100 | TR Loss: 0.1285 Acc: 0.94 | VAL Loss: 0.4402 Acc: 0.84 
Ep 92/100 | TR Loss: 0.1333 Acc: 0.94 | VAL Loss: 0.3900 Acc: 0.88 
Ep 93/100 | TR Loss: 0.1158 Acc: 0.95 | VAL Loss: 0.4209 Acc: 0.86 
Ep 94/100 | TR Loss: 0.1075 Acc: 0.96 | VAL Loss: 0.4207 Acc: 0.88 
Ep 95/100 | TR Loss: 0.0977 Acc: 0.96 | VAL Loss: 0.4745 Acc: 0.86 
Ep 96/100 | TR Loss: 0.1003 Acc: 0.96 | VAL Loss: 0.3976 Acc: 0.88 
Ep 97/100 | TR Loss: 0.1406 Acc: 0.94 | VAL Loss: 0.4213 Acc: 0.86 
Ep 98/100 | TR Loss: 0.1114 Acc: 0.95 | VAL Loss: 0.4085 Acc: 0.88 
Ep 99/100 | TR Loss: 0.1089 Acc: 0.95 | VAL Loss: 0.4452 Acc: 0.84 
Ep 100/100 | TR Loss: 0.0967 Acc: 0.96 | VAL Loss: 0.3422 Acc: 0.92 

==================================================
BEST MODEL TEST SET EVALUATION (MULTIPLE THRESHOLDS)
==================================================
Threshold  | Acc      | Prec     | Rec      | F1      
--------------------------------------------------
0.30       | 0.86     | 0.86     | 0.86     | 0.86     
0.40       | 0.86     | 0.86     | 0.86     | 0.86     
0.50       | 0.87     | 0.89     | 0.84     | 0.86     <-- (Arg)
0.60       | 0.88     | 0.93     | 0.82     | 0.87     
0.70       | 0.87     | 0.93     | 0.80     | 0.86     
==================================================

========================================
End    : Fri May 22 02:31:55 +03 2026
Output : output_classical/job_1094627
total 189K
-rw-r--r-- 1 aerturk23 hpcusers  35K May 22  2026 best_model.pth
-rw-r--r-- 1 aerturk23 hpcusers  363 May 22 02:31 config.json
-rw-r--r-- 1 aerturk23 hpcusers  14K May 22 02:31 history.json
-rw-r--r-- 1 aerturk23 hpcusers  966 May 22  2026 output.err
-rw-r--r-- 1 aerturk23 hpcusers 8.3K May 22  2026 output.log
-rw-r--r-- 1 aerturk23 hpcusers 130K May 22  2026 training_metrics.png
========================================
