========================================
Job ID : 1094830
Start  : Fri May 22 08:15:22 +03 2026
GPU    : Tesla T4
========================================
--- Quantum QNLP Script starting ---
[*] Configuration saved to: output_qnlp/job_1094830/config.json
========================================
DATA SOURCE SELECTION : SYNTHETIC
TRAINING SIZE         : 500
VALIDATION SIZE       : 50
TEST SIZE             : 100
WEIGHT DECAY          : 0.0001
CLASSIFICATION THRESHOLD : 0.5
QUANTUM LAYERS        : 2
========================================

--- Preparing Dataset ---
Generating DisCoCat grammar diagrams...
Generating quantum circuits (IQP Ansatz)...

--- Starting Quantum Model Training (Epochs: 100) ---
Ep 01/100 | TR Loss: 0.7362 Acc: 0.51 | VAL Loss: 0.6797 Acc: 0.56 *(Best)*
Ep 02/100 | TR Loss: 0.7267 Acc: 0.51 | VAL Loss: 0.7867 Acc: 0.48 
Ep 03/100 | TR Loss: 0.6920 Acc: 0.57 | VAL Loss: 0.7059 Acc: 0.64 
Ep 04/100 | TR Loss: 0.7081 Acc: 0.50 | VAL Loss: 0.6897 Acc: 0.52 
Ep 05/100 | TR Loss: 0.7053 Acc: 0.51 | VAL Loss: 0.6875 Acc: 0.60 
Ep 06/100 | TR Loss: 0.6953 Acc: 0.52 | VAL Loss: 0.6974 Acc: 0.60 
Ep 07/100 | TR Loss: 0.6986 Acc: 0.49 | VAL Loss: 0.7059 Acc: 0.46 
Ep 08/100 | TR Loss: 0.7252 Acc: 0.50 | VAL Loss: 0.7230 Acc: 0.42 
Ep 09/100 | TR Loss: 0.7392 Acc: 0.48 | VAL Loss: 0.6934 Acc: 0.54 
Ep 10/100 | TR Loss: 0.6975 Acc: 0.51 | VAL Loss: 0.7165 Acc: 0.38 
Ep 11/100 | TR Loss: 0.7097 Acc: 0.50 | VAL Loss: 0.6917 Acc: 0.48 
Ep 12/100 | TR Loss: 0.6954 Acc: 0.50 | VAL Loss: 0.7921 Acc: 0.40 
Ep 13/100 | TR Loss: 0.7231 Acc: 0.58 | VAL Loss: 0.7865 Acc: 0.48 
Ep 14/100 | TR Loss: 0.7500 Acc: 0.52 | VAL Loss: 0.7071 Acc: 0.40 
Ep 15/100 | TR Loss: 0.7464 Acc: 0.48 | VAL Loss: 0.6944 Acc: 0.50 
Ep 16/100 | TR Loss: 0.6941 Acc: 0.55 | VAL Loss: 0.6641 Acc: 0.62 *(Best)*
Ep 17/100 | TR Loss: 0.7458 Acc: 0.50 | VAL Loss: 0.7895 Acc: 0.60 
Ep 18/100 | TR Loss: 0.6903 Acc: 0.55 | VAL Loss: 0.7840 Acc: 0.54 
Ep 19/100 | TR Loss: 0.7470 Acc: 0.51 | VAL Loss: 0.7445 Acc: 0.52 
Ep 20/100 | TR Loss: 0.7186 Acc: 0.51 | VAL Loss: 0.7336 Acc: 0.46 
Ep 21/100 | TR Loss: 0.6951 Acc: 0.55 | VAL Loss: 0.6548 Acc: 0.66 *(Best)*
Ep 22/100 | TR Loss: 0.7210 Acc: 0.48 | VAL Loss: 0.6962 Acc: 0.62 
Ep 23/100 | TR Loss: 0.6900 Acc: 0.53 | VAL Loss: 0.6629 Acc: 0.60 
Ep 24/100 | TR Loss: 0.6919 Acc: 0.53 | VAL Loss: 0.6978 Acc: 0.32 
Ep 25/100 | TR Loss: 0.7143 Acc: 0.48 | VAL Loss: 0.6938 Acc: 0.50 
Ep 26/100 | TR Loss: 0.6713 Acc: 0.59 | VAL Loss: 0.5740 Acc: 0.84 *(Best)*
Ep 27/100 | TR Loss: 0.7475 Acc: 0.53 | VAL Loss: 0.6742 Acc: 0.54 
Ep 28/100 | TR Loss: 0.7172 Acc: 0.53 | VAL Loss: 0.7855 Acc: 0.54 
Ep 29/100 | TR Loss: 0.7682 Acc: 0.49 | VAL Loss: 0.8156 Acc: 0.48 
Ep 30/100 | TR Loss: 0.7712 Acc: 0.52 | VAL Loss: 0.9313 Acc: 0.36 
Ep 31/100 | TR Loss: 0.6991 Acc: 0.52 | VAL Loss: 0.6547 Acc: 0.64 
Ep 32/100 | TR Loss: 0.5947 Acc: 0.74 | VAL Loss: 0.6402 Acc: 0.60 
Ep 33/100 | TR Loss: 0.5378 Acc: 0.74 | VAL Loss: 0.6767 Acc: 0.70 
Ep 34/100 | TR Loss: 0.7737 Acc: 0.50 | VAL Loss: 0.7647 Acc: 0.60 
Ep 35/100 | TR Loss: 0.7981 Acc: 0.49 | VAL Loss: 0.6903 Acc: 0.56 
Ep 36/100 | TR Loss: 0.7025 Acc: 0.51 | VAL Loss: 0.6914 Acc: 0.48 
Ep 37/100 | TR Loss: 0.6319 Acc: 0.56 | VAL Loss: 0.7011 Acc: 0.56 
Ep 38/100 | TR Loss: 0.6283 Acc: 0.68 | VAL Loss: 0.6919 Acc: 0.44 
Ep 39/100 | TR Loss: 0.7722 Acc: 0.54 | VAL Loss: 0.6920 Acc: 0.48 
Ep 40/100 | TR Loss: 0.6976 Acc: 0.53 | VAL Loss: 0.5781 Acc: 0.74 
Ep 41/100 | TR Loss: 0.7054 Acc: 0.59 | VAL Loss: 0.6816 Acc: 0.64 
Ep 42/100 | TR Loss: 0.7012 Acc: 0.50 | VAL Loss: 0.6826 Acc: 0.50 
Ep 43/100 | TR Loss: 0.7037 Acc: 0.50 | VAL Loss: 0.6883 Acc: 0.48 
Ep 44/100 | TR Loss: 0.6321 Acc: 0.67 | VAL Loss: 0.7054 Acc: 0.58 
Ep 45/100 | TR Loss: 0.6855 Acc: 0.55 | VAL Loss: 0.7389 Acc: 0.42 
Ep 46/100 | TR Loss: 0.7299 Acc: 0.48 | VAL Loss: 0.6743 Acc: 0.64 
Ep 47/100 | TR Loss: 0.6936 Acc: 0.54 | VAL Loss: 0.6706 Acc: 0.56 
Ep 48/100 | TR Loss: 0.6966 Acc: 0.50 | VAL Loss: 0.7093 Acc: 0.48 
Ep 49/100 | TR Loss: 0.6586 Acc: 0.60 | VAL Loss: 0.4922 Acc: 0.74 *(Best)*
Ep 50/100 | TR Loss: 0.7228 Acc: 0.56 | VAL Loss: 0.7740 Acc: 0.50 
Ep 51/100 | TR Loss: 0.6545 Acc: 0.64 | VAL Loss: 0.7060 Acc: 0.60 
Ep 52/100 | TR Loss: 0.4385 Acc: 0.78 | VAL Loss: 0.1644 Acc: 1.00 *(Best)*
Ep 53/100 | TR Loss: 0.0349 Acc: 1.00 | VAL Loss: 0.0530 Acc: 1.00 *(Best)*
Ep 54/100 | TR Loss: 0.0218 Acc: 1.00 | VAL Loss: 0.0447 Acc: 1.00 *(Best)*
Ep 55/100 | TR Loss: 0.0745 Acc: 1.00 | VAL Loss: 0.1334 Acc: 0.98 
Ep 56/100 | TR Loss: 0.0716 Acc: 1.00 | VAL Loss: 0.0408 Acc: 1.00 *(Best)*
Ep 57/100 | TR Loss: 0.0458 Acc: 1.00 | VAL Loss: 0.1525 Acc: 0.96 
Ep 58/100 | TR Loss: 0.1095 Acc: 0.99 | VAL Loss: 0.2871 Acc: 0.96 
Ep 59/100 | TR Loss: 0.5805 Acc: 0.69 | VAL Loss: 0.9325 Acc: 0.58 
Ep 60/100 | TR Loss: 0.7363 Acc: 0.56 | VAL Loss: 0.9486 Acc: 0.40 
Ep 61/100 | TR Loss: 0.7856 Acc: 0.49 | VAL Loss: 0.8597 Acc: 0.46 
Ep 62/100 | TR Loss: 0.7757 Acc: 0.50 | VAL Loss: 0.7747 Acc: 0.50 
Ep 63/100 | TR Loss: 0.7205 Acc: 0.55 | VAL Loss: 0.6115 Acc: 0.62 
Ep 64/100 | TR Loss: 0.4582 Acc: 0.71 | VAL Loss: 1.0859 Acc: 0.54 
Ep 65/100 | TR Loss: 0.4047 Acc: 0.80 | VAL Loss: 0.2688 Acc: 0.92 
Ep 66/100 | TR Loss: 0.2713 Acc: 0.87 | VAL Loss: 0.1471 Acc: 0.94 
Ep 67/100 | TR Loss: 0.1910 Acc: 0.89 | VAL Loss: 0.1313 Acc: 0.94 
Ep 68/100 | TR Loss: 0.2034 Acc: 0.90 | VAL Loss: 0.1526 Acc: 0.90 
Ep 69/100 | TR Loss: 0.1846 Acc: 0.89 | VAL Loss: 0.1195 Acc: 0.90 
Ep 70/100 | TR Loss: 0.2109 Acc: 0.92 | VAL Loss: 0.0381 Acc: 1.00 *(Best)*
Ep 71/100 | TR Loss: 0.0196 Acc: 1.00 | VAL Loss: 0.0119 Acc: 1.00 *(Best)*
Ep 72/100 | TR Loss: 0.0139 Acc: 1.00 | VAL Loss: 0.0111 Acc: 1.00 *(Best)*
Ep 73/100 | TR Loss: 0.0051 Acc: 1.00 | VAL Loss: 0.0035 Acc: 1.00 *(Best)*
Ep 74/100 | TR Loss: 0.0114 Acc: 1.00 | VAL Loss: 0.0076 Acc: 1.00 
Ep 75/100 | TR Loss: 0.0294 Acc: 1.00 | VAL Loss: 0.1527 Acc: 1.00 
Ep 76/100 | TR Loss: 0.0389 Acc: 1.00 | VAL Loss: 0.0800 Acc: 1.00 
Ep 77/100 | TR Loss: 0.0523 Acc: 1.00 | VAL Loss: 0.0494 Acc: 1.00 
Ep 78/100 | TR Loss: 0.5461 Acc: 0.68 | VAL Loss: 0.7258 Acc: 0.56 
Ep 79/100 | TR Loss: 0.6845 Acc: 0.55 | VAL Loss: 0.7045 Acc: 0.50 
Ep 80/100 | TR Loss: 0.7615 Acc: 0.57 | VAL Loss: 0.9094 Acc: 0.44 
Ep 81/100 | TR Loss: 0.7516 Acc: 0.53 | VAL Loss: 0.6358 Acc: 0.62 
Ep 82/100 | TR Loss: 0.7557 Acc: 0.54 | VAL Loss: 0.7216 Acc: 0.32 
Ep 83/100 | TR Loss: 0.6936 Acc: 0.50 | VAL Loss: 0.7172 Acc: 0.42 
Ep 84/100 | TR Loss: 0.6947 Acc: 0.53 | VAL Loss: 0.6950 Acc: 0.44 
Ep 85/100 | TR Loss: 0.6861 Acc: 0.53 | VAL Loss: 0.6566 Acc: 0.62 
Ep 86/100 | TR Loss: 0.6775 Acc: 0.61 | VAL Loss: 0.7138 Acc: 0.58 
Ep 87/100 | TR Loss: 0.7453 Acc: 0.48 | VAL Loss: 0.7088 Acc: 0.40 
Ep 88/100 | TR Loss: 0.6950 Acc: 0.54 | VAL Loss: 0.6912 Acc: 0.54 
Ep 89/100 | TR Loss: 0.7319 Acc: 0.53 | VAL Loss: 0.8057 Acc: 0.44 
Ep 90/100 | TR Loss: 0.6269 Acc: 0.65 | VAL Loss: 0.6214 Acc: 0.62 
Ep 91/100 | TR Loss: 0.5945 Acc: 0.74 | VAL Loss: 0.6440 Acc: 0.66 
Ep 92/100 | TR Loss: 0.7337 Acc: 0.57 | VAL Loss: 0.7546 Acc: 0.50 
Ep 93/100 | TR Loss: 0.7445 Acc: 0.49 | VAL Loss: 0.7061 Acc: 0.46 
Ep 94/100 | TR Loss: 0.6927 Acc: 0.49 | VAL Loss: 0.7144 Acc: 0.54 
Ep 95/100 | TR Loss: 0.7312 Acc: 0.48 | VAL Loss: 0.7600 Acc: 0.54 
Ep 96/100 | TR Loss: 0.7265 Acc: 0.52 | VAL Loss: 0.9682 Acc: 0.42 
Ep 97/100 | TR Loss: 0.7035 Acc: 0.54 | VAL Loss: 0.7645 Acc: 0.54 
Ep 98/100 | TR Loss: 0.7578 Acc: 0.51 | VAL Loss: 0.7238 Acc: 0.54 
Ep 99/100 | TR Loss: 0.7376 Acc: 0.46 | VAL Loss: 0.7001 Acc: 0.52 
Ep 100/100 | TR Loss: 0.6489 Acc: 0.62 | VAL Loss: 0.7414 Acc: 0.58 
[*] Training plots saved to: output_qnlp/job_1094830/training_metrics.png

==================================================
BEST MODEL TEST SET EVALUATION (MULTIPLE THRESHOLDS)
==================================================
Threshold  | Acc      | Prec     | Rec      | F1      
--------------------------------------------------
0.30       | 1.00     | 1.00     | 1.00     | 1.00     
0.40       | 1.00     | 1.00     | 1.00     | 1.00     
0.50       | 1.00     | 1.00     | 1.00     | 1.00     <-- (Arg)
0.60       | 1.00     | 1.00     | 1.00     | 1.00     
0.70       | 1.00     | 1.00     | 1.00     | 1.00     
==================================================

========================================
End    : Fri May 22 08:30:39 +03 2026
Output : output_qnlp/job_1094830
total 198K
-rw-r--r-- 1 aerturk23 hpcusers  11K May 22 08:27 best_model.pth
-rw-r--r-- 1 aerturk23 hpcusers  296 May 22 08:15 config.json
-rw-r--r-- 1 aerturk23 hpcusers  14K May 22  2026 history.json
-rw-r--r-- 1 aerturk23 hpcusers  966 May 22 08:26 output.err
-rw-r--r-- 1 aerturk23 hpcusers 8.3K May 22 08:28 output.log
-rw-r--r-- 1 aerturk23 hpcusers 164K May 22 08:30 training_metrics.png
========================================
