========================================
Job ID : 1094735
Start  : Fri May 22 04:11:41 +03 2026
GPU    : Tesla T4
========================================
--- Quantum QNLP Script starting ---
[*] Configuration saved to: output_qnlp/job_1094735/config.json
========================================
DATA SOURCE SELECTION : SST2
TRAINING SIZE         : 250
VALIDATION SIZE       : 50
TEST SIZE             : 100
WEIGHT DECAY          : 0.0001
CLASSIFICATION THRESHOLD : 0.5
QUANTUM LAYERS        : 2
========================================

--- Preparing Dataset ---
Generating DisCoCat grammar diagrams...
Generating quantum circuits (IQP Ansatz)...

--- Starting Quantum Model Training (Epochs: 100) ---
Ep 01/100 | TR Loss: 0.8594 Acc: 0.42 | VAL Loss: 0.7080 Acc: 0.62 *(Best)*
Ep 02/100 | TR Loss: 0.6511 Acc: 0.64 | VAL Loss: 0.8797 Acc: 0.56 
Ep 03/100 | TR Loss: 0.6342 Acc: 0.68 | VAL Loss: 0.8212 Acc: 0.50 
Ep 04/100 | TR Loss: 0.5555 Acc: 0.75 | VAL Loss: 0.7858 Acc: 0.50 
Ep 05/100 | TR Loss: 0.4699 Acc: 0.79 | VAL Loss: 0.8268 Acc: 0.56 
Ep 06/100 | TR Loss: 0.4570 Acc: 0.78 | VAL Loss: 0.7821 Acc: 0.46 
Ep 07/100 | TR Loss: 0.4276 Acc: 0.80 | VAL Loss: 0.7314 Acc: 0.54 
Ep 08/100 | TR Loss: 0.3795 Acc: 0.84 | VAL Loss: 0.8136 Acc: 0.50 
Ep 09/100 | TR Loss: 0.3151 Acc: 0.88 | VAL Loss: 0.7833 Acc: 0.52 
Ep 10/100 | TR Loss: 0.3498 Acc: 0.85 | VAL Loss: 0.7880 Acc: 0.54 
Ep 11/100 | TR Loss: 0.3009 Acc: 0.89 | VAL Loss: 0.8182 Acc: 0.52 
Ep 12/100 | TR Loss: 0.3465 Acc: 0.86 | VAL Loss: 0.7503 Acc: 0.52 
Ep 13/100 | TR Loss: 0.3324 Acc: 0.86 | VAL Loss: 0.7594 Acc: 0.48 
Ep 14/100 | TR Loss: 0.3302 Acc: 0.84 | VAL Loss: 0.7462 Acc: 0.52 
Ep 15/100 | TR Loss: 0.3044 Acc: 0.89 | VAL Loss: 0.7019 Acc: 0.60 *(Best)*
Ep 16/100 | TR Loss: 0.3008 Acc: 0.89 | VAL Loss: 0.7137 Acc: 0.62 
Ep 17/100 | TR Loss: 0.2818 Acc: 0.91 | VAL Loss: 0.7231 Acc: 0.56 
Ep 18/100 | TR Loss: 0.2371 Acc: 0.92 | VAL Loss: 0.7417 Acc: 0.50 
Ep 19/100 | TR Loss: 0.2349 Acc: 0.91 | VAL Loss: 0.8101 Acc: 0.50 
Ep 20/100 | TR Loss: 0.2559 Acc: 0.90 | VAL Loss: 0.7525 Acc: 0.52 
Ep 21/100 | TR Loss: 0.2238 Acc: 0.91 | VAL Loss: 0.8208 Acc: 0.42 
Ep 22/100 | TR Loss: 0.1886 Acc: 0.95 | VAL Loss: 0.7729 Acc: 0.46 
Ep 23/100 | TR Loss: 0.1730 Acc: 0.95 | VAL Loss: 0.8593 Acc: 0.48 
Ep 24/100 | TR Loss: 0.1802 Acc: 0.93 | VAL Loss: 0.7773 Acc: 0.44 
Ep 25/100 | TR Loss: 0.1647 Acc: 0.95 | VAL Loss: 0.8150 Acc: 0.44 
Ep 26/100 | TR Loss: 0.1540 Acc: 0.96 | VAL Loss: 0.8285 Acc: 0.46 
Ep 27/100 | TR Loss: 0.2198 Acc: 0.92 | VAL Loss: 0.9399 Acc: 0.50 
Ep 28/100 | TR Loss: 0.1669 Acc: 0.96 | VAL Loss: 0.7516 Acc: 0.60 
Ep 29/100 | TR Loss: 0.1874 Acc: 0.96 | VAL Loss: 0.8534 Acc: 0.46 
Ep 30/100 | TR Loss: 0.1577 Acc: 0.96 | VAL Loss: 0.9061 Acc: 0.54 
Ep 31/100 | TR Loss: 0.2355 Acc: 0.93 | VAL Loss: 0.9761 Acc: 0.46 
Ep 32/100 | TR Loss: 0.2184 Acc: 0.92 | VAL Loss: 1.0223 Acc: 0.46 
Ep 33/100 | TR Loss: 0.2639 Acc: 0.91 | VAL Loss: 0.8862 Acc: 0.38 
Ep 34/100 | TR Loss: 0.2275 Acc: 0.92 | VAL Loss: 0.9601 Acc: 0.48 
Ep 35/100 | TR Loss: 0.2172 Acc: 0.92 | VAL Loss: 0.7993 Acc: 0.52 
Ep 36/100 | TR Loss: 0.2152 Acc: 0.94 | VAL Loss: 0.7775 Acc: 0.56 
Ep 37/100 | TR Loss: 0.2054 Acc: 0.94 | VAL Loss: 0.7663 Acc: 0.54 
Ep 38/100 | TR Loss: 0.1742 Acc: 0.95 | VAL Loss: 0.8185 Acc: 0.42 
Ep 39/100 | TR Loss: 0.1755 Acc: 0.94 | VAL Loss: 0.8486 Acc: 0.50 
Ep 40/100 | TR Loss: 0.1458 Acc: 0.96 | VAL Loss: 0.8368 Acc: 0.50 
Ep 41/100 | TR Loss: 0.1611 Acc: 0.96 | VAL Loss: 0.8431 Acc: 0.48 
Ep 42/100 | TR Loss: 0.1296 Acc: 0.96 | VAL Loss: 0.8382 Acc: 0.46 
Ep 43/100 | TR Loss: 0.1525 Acc: 0.96 | VAL Loss: 0.8501 Acc: 0.44 
Ep 44/100 | TR Loss: 0.1767 Acc: 0.93 | VAL Loss: 0.8367 Acc: 0.50 
Ep 45/100 | TR Loss: 0.1769 Acc: 0.94 | VAL Loss: 0.9621 Acc: 0.46 
Ep 46/100 | TR Loss: 0.1637 Acc: 0.95 | VAL Loss: 0.8420 Acc: 0.46 
Ep 47/100 | TR Loss: 0.2178 Acc: 0.92 | VAL Loss: 0.8615 Acc: 0.44 
Ep 48/100 | TR Loss: 0.2355 Acc: 0.93 | VAL Loss: 0.9439 Acc: 0.56 
Ep 49/100 | TR Loss: 0.1740 Acc: 0.94 | VAL Loss: 0.8158 Acc: 0.52 
Ep 50/100 | TR Loss: 0.1964 Acc: 0.94 | VAL Loss: 0.7917 Acc: 0.50 
Ep 51/100 | TR Loss: 0.1906 Acc: 0.93 | VAL Loss: 0.8437 Acc: 0.50 
Ep 52/100 | TR Loss: 0.2283 Acc: 0.92 | VAL Loss: 0.7812 Acc: 0.54 
Ep 53/100 | TR Loss: 0.2367 Acc: 0.90 | VAL Loss: 0.8949 Acc: 0.50 
Ep 54/100 | TR Loss: 0.1728 Acc: 0.91 | VAL Loss: 0.7714 Acc: 0.52 
Ep 55/100 | TR Loss: 0.1972 Acc: 0.92 | VAL Loss: 0.7403 Acc: 0.54 
Ep 56/100 | TR Loss: 0.2111 Acc: 0.92 | VAL Loss: 0.7276 Acc: 0.56 
Ep 57/100 | TR Loss: 0.1663 Acc: 0.93 | VAL Loss: 0.7260 Acc: 0.56 
Ep 58/100 | TR Loss: 0.1999 Acc: 0.93 | VAL Loss: 0.7860 Acc: 0.52 
Ep 59/100 | TR Loss: 0.1722 Acc: 0.94 | VAL Loss: 0.8064 Acc: 0.56 
Ep 60/100 | TR Loss: 0.1309 Acc: 0.96 | VAL Loss: 0.7854 Acc: 0.54 
Ep 61/100 | TR Loss: 0.1290 Acc: 0.95 | VAL Loss: 0.7852 Acc: 0.52 
Ep 62/100 | TR Loss: 0.1477 Acc: 0.96 | VAL Loss: 0.8012 Acc: 0.54 
Ep 63/100 | TR Loss: 0.1861 Acc: 0.95 | VAL Loss: 0.7281 Acc: 0.58 
Ep 64/100 | TR Loss: 0.1713 Acc: 0.95 | VAL Loss: 0.7128 Acc: 0.56 
Ep 65/100 | TR Loss: 0.1565 Acc: 0.96 | VAL Loss: 0.7211 Acc: 0.54 
Ep 66/100 | TR Loss: 0.2180 Acc: 0.93 | VAL Loss: 0.7506 Acc: 0.62 
Ep 67/100 | TR Loss: 0.2220 Acc: 0.92 | VAL Loss: 0.8218 Acc: 0.58 
Ep 68/100 | TR Loss: 0.1930 Acc: 0.92 | VAL Loss: 0.7943 Acc: 0.52 
Ep 69/100 | TR Loss: 0.2184 Acc: 0.90 | VAL Loss: 0.8351 Acc: 0.50 
Ep 70/100 | TR Loss: 0.2587 Acc: 0.88 | VAL Loss: 0.7797 Acc: 0.62 
Ep 71/100 | TR Loss: 0.2419 Acc: 0.88 | VAL Loss: 0.7778 Acc: 0.56 
Ep 72/100 | TR Loss: 0.1783 Acc: 0.94 | VAL Loss: 0.9740 Acc: 0.48 
Ep 73/100 | TR Loss: 0.2259 Acc: 0.90 | VAL Loss: 0.9213 Acc: 0.54 
Ep 74/100 | TR Loss: 0.2126 Acc: 0.90 | VAL Loss: 0.8269 Acc: 0.56 
Ep 75/100 | TR Loss: 0.2666 Acc: 0.88 | VAL Loss: 0.8752 Acc: 0.48 
Ep 76/100 | TR Loss: 0.2054 Acc: 0.93 | VAL Loss: 0.8202 Acc: 0.56 
Ep 77/100 | TR Loss: 0.2358 Acc: 0.91 | VAL Loss: 0.7060 Acc: 0.58 
Ep 78/100 | TR Loss: 0.2018 Acc: 0.91 | VAL Loss: 0.7464 Acc: 0.54 
Ep 79/100 | TR Loss: 0.2075 Acc: 0.93 | VAL Loss: 0.7189 Acc: 0.60 
Ep 80/100 | TR Loss: 0.2177 Acc: 0.93 | VAL Loss: 0.7102 Acc: 0.60 
Ep 81/100 | TR Loss: 0.2744 Acc: 0.90 | VAL Loss: 0.7200 Acc: 0.58 
Ep 82/100 | TR Loss: 0.2001 Acc: 0.92 | VAL Loss: 0.8477 Acc: 0.64 
Ep 83/100 | TR Loss: 0.1999 Acc: 0.92 | VAL Loss: 0.8372 Acc: 0.62 
Ep 84/100 | TR Loss: 0.1831 Acc: 0.92 | VAL Loss: 0.8060 Acc: 0.62 
Ep 85/100 | TR Loss: 0.1569 Acc: 0.98 | VAL Loss: 0.8058 Acc: 0.62 
Ep 86/100 | TR Loss: 0.1721 Acc: 0.96 | VAL Loss: 0.8164 Acc: 0.56 
Ep 87/100 | TR Loss: 0.1415 Acc: 0.96 | VAL Loss: 0.8912 Acc: 0.56 
Ep 88/100 | TR Loss: 0.1429 Acc: 0.97 | VAL Loss: 0.8888 Acc: 0.56 
Ep 89/100 | TR Loss: 0.1617 Acc: 0.95 | VAL Loss: 0.8750 Acc: 0.50 
Ep 90/100 | TR Loss: 0.1884 Acc: 0.94 | VAL Loss: 0.7692 Acc: 0.62 
Ep 91/100 | TR Loss: 0.1858 Acc: 0.96 | VAL Loss: 0.7846 Acc: 0.66 
Ep 92/100 | TR Loss: 0.1292 Acc: 0.98 | VAL Loss: 0.7450 Acc: 0.60 
Ep 93/100 | TR Loss: 0.1311 Acc: 0.98 | VAL Loss: 0.7603 Acc: 0.56 
Ep 94/100 | TR Loss: 0.1458 Acc: 0.96 | VAL Loss: 0.7846 Acc: 0.48 
Ep 95/100 | TR Loss: 0.1214 Acc: 0.96 | VAL Loss: 0.8209 Acc: 0.52 
Ep 96/100 | TR Loss: 0.1376 Acc: 0.97 | VAL Loss: 0.9616 Acc: 0.56 
Ep 97/100 | TR Loss: 0.1032 Acc: 0.96 | VAL Loss: 0.8066 Acc: 0.50 
Ep 98/100 | TR Loss: 0.0918 Acc: 0.98 | VAL Loss: 0.8279 Acc: 0.50 
Ep 99/100 | TR Loss: 0.0840 Acc: 0.98 | VAL Loss: 0.8507 Acc: 0.50 
Ep 100/100 | TR Loss: 0.0716 Acc: 0.98 | VAL Loss: 0.8643 Acc: 0.50 
[*] Training plots saved to: output_qnlp/job_1094735/training_metrics.png

==================================================
BEST MODEL TEST SET EVALUATION (MULTIPLE THRESHOLDS)
==================================================
Threshold  | Acc      | Prec     | Rec      | F1      
--------------------------------------------------
0.30       | 0.47     | 0.51     | 0.73     | 0.60     
0.40       | 0.50     | 0.54     | 0.67     | 0.60     
0.50       | 0.54     | 0.59     | 0.55     | 0.57     <-- (Arg)
0.60       | 0.55     | 0.64     | 0.42     | 0.51     
0.70       | 0.50     | 0.59     | 0.29     | 0.39     
==================================================

========================================
End    : Fri May 22 04:21:58 +03 2026
Output : output_qnlp/job_1094735
total 536K
-rw-r--r-- 1 aerturk23 hpcusers 387K May 22 04:14 best_model.pth
-rw-r--r-- 1 aerturk23 hpcusers  292 May 22 04:11 config.json
-rw-r--r-- 1 aerturk23 hpcusers  14K May 22 04:21 history.json
-rw-r--r-- 1 aerturk23 hpcusers  966 May 22 04:18 output.err
-rw-r--r-- 1 aerturk23 hpcusers 8.2K May 22 04:17 output.log
-rw-r--r-- 1 aerturk23 hpcusers 125K May 22 04:21 training_metrics.png
========================================
