========================================
Job ID : 1094597
Start  : Thu May 21 23:51:35 +03 2026
GPU    : Tesla T4
========================================
--- Quantum QNLP Script starting ---
[*] Configuration saved to: output_qnlp/job_1094597/config.json
========================================
DATA SOURCE SELECTION : BACH
TRAINING SIZE         : 50
VALIDATION SIZE       : 50
TEST SIZE             : 100
WEIGHT DECAY          : 0.0001
CLASSIFICATION THRESHOLD : 0.5
QUANTUM LAYERS        : 2
========================================

--- Preparing Dataset ---
Generating DisCoCat grammar diagrams...
Generating quantum circuits (IQP Ansatz)...

--- Starting Quantum Model Training (Epochs: 100) ---
Ep 01/100 | TR Loss: 0.9723 Acc: 0.40 | VAL Loss: 0.8759 Acc: 0.54 *(Best)*
Ep 02/100 | TR Loss: 0.7123 Acc: 0.62 | VAL Loss: 1.0257 Acc: 0.40 
Ep 03/100 | TR Loss: 0.7803 Acc: 0.60 | VAL Loss: 0.8947 Acc: 0.44 
Ep 04/100 | TR Loss: 0.6969 Acc: 0.56 | VAL Loss: 0.8604 Acc: 0.44 *(Best)*
Ep 05/100 | TR Loss: 0.5790 Acc: 0.64 | VAL Loss: 0.9810 Acc: 0.48 
Ep 06/100 | TR Loss: 0.7053 Acc: 0.58 | VAL Loss: 0.9316 Acc: 0.28 
Ep 07/100 | TR Loss: 0.5365 Acc: 0.72 | VAL Loss: 0.9401 Acc: 0.38 
Ep 08/100 | TR Loss: 0.4281 Acc: 0.74 | VAL Loss: 1.0215 Acc: 0.38 
Ep 09/100 | TR Loss: 0.4159 Acc: 0.78 | VAL Loss: 1.0829 Acc: 0.38 
Ep 10/100 | TR Loss: 0.3765 Acc: 0.76 | VAL Loss: 0.9766 Acc: 0.34 
Ep 11/100 | TR Loss: 0.4194 Acc: 0.74 | VAL Loss: 0.8997 Acc: 0.34 
Ep 12/100 | TR Loss: 0.4091 Acc: 0.66 | VAL Loss: 0.9160 Acc: 0.38 
Ep 13/100 | TR Loss: 0.4782 Acc: 0.70 | VAL Loss: 0.9215 Acc: 0.38 
Ep 14/100 | TR Loss: 0.4019 Acc: 0.80 | VAL Loss: 0.9075 Acc: 0.44 
Ep 15/100 | TR Loss: 0.4034 Acc: 0.82 | VAL Loss: 0.8461 Acc: 0.56 *(Best)*
Ep 16/100 | TR Loss: 0.3648 Acc: 0.86 | VAL Loss: 0.9399 Acc: 0.50 
Ep 17/100 | TR Loss: 0.4482 Acc: 0.76 | VAL Loss: 0.8803 Acc: 0.52 
Ep 18/100 | TR Loss: 0.3674 Acc: 0.88 | VAL Loss: 0.6968 Acc: 0.60 *(Best)*
Ep 19/100 | TR Loss: 0.3442 Acc: 0.86 | VAL Loss: 0.8401 Acc: 0.58 
Ep 20/100 | TR Loss: 0.3168 Acc: 0.86 | VAL Loss: 0.8525 Acc: 0.56 
Ep 21/100 | TR Loss: 0.4095 Acc: 0.76 | VAL Loss: 0.8751 Acc: 0.50 
Ep 22/100 | TR Loss: 0.3897 Acc: 0.80 | VAL Loss: 0.8473 Acc: 0.48 
Ep 23/100 | TR Loss: 0.3313 Acc: 0.84 | VAL Loss: 1.0310 Acc: 0.44 
Ep 24/100 | TR Loss: 0.3865 Acc: 0.84 | VAL Loss: 1.0945 Acc: 0.56 
Ep 25/100 | TR Loss: 0.3210 Acc: 0.86 | VAL Loss: 1.0933 Acc: 0.50 
Ep 26/100 | TR Loss: 0.2891 Acc: 0.88 | VAL Loss: 1.1260 Acc: 0.44 
Ep 27/100 | TR Loss: 0.3585 Acc: 0.92 | VAL Loss: 0.9016 Acc: 0.58 
Ep 28/100 | TR Loss: 0.3651 Acc: 0.78 | VAL Loss: 0.7900 Acc: 0.54 
Ep 29/100 | TR Loss: 0.4966 Acc: 0.78 | VAL Loss: 0.7730 Acc: 0.60 
Ep 30/100 | TR Loss: 0.5278 Acc: 0.76 | VAL Loss: 0.7597 Acc: 0.66 
Ep 31/100 | TR Loss: 0.5788 Acc: 0.72 | VAL Loss: 0.8115 Acc: 0.42 
Ep 32/100 | TR Loss: 0.4407 Acc: 0.78 | VAL Loss: 1.0021 Acc: 0.48 
Ep 33/100 | TR Loss: 0.5576 Acc: 0.76 | VAL Loss: 0.8451 Acc: 0.54 
Ep 34/100 | TR Loss: 0.4532 Acc: 0.76 | VAL Loss: 0.8076 Acc: 0.50 
Ep 35/100 | TR Loss: 0.4493 Acc: 0.72 | VAL Loss: 0.8426 Acc: 0.54 
Ep 36/100 | TR Loss: 0.4927 Acc: 0.74 | VAL Loss: 0.8333 Acc: 0.54 
Ep 37/100 | TR Loss: 0.4032 Acc: 0.72 | VAL Loss: 0.8880 Acc: 0.48 
Ep 38/100 | TR Loss: 0.3965 Acc: 0.74 | VAL Loss: 0.8741 Acc: 0.52 
Ep 39/100 | TR Loss: 0.4445 Acc: 0.78 | VAL Loss: 0.8815 Acc: 0.54 
Ep 40/100 | TR Loss: 0.4193 Acc: 0.80 | VAL Loss: 0.8573 Acc: 0.46 
Ep 41/100 | TR Loss: 0.4010 Acc: 0.78 | VAL Loss: 0.7436 Acc: 0.60 
Ep 42/100 | TR Loss: 0.5005 Acc: 0.82 | VAL Loss: 0.7093 Acc: 0.64 
Ep 43/100 | TR Loss: 0.3991 Acc: 0.80 | VAL Loss: 0.6951 Acc: 0.62 *(Best)*
Ep 44/100 | TR Loss: 0.3769 Acc: 0.84 | VAL Loss: 0.7161 Acc: 0.68 
Ep 45/100 | TR Loss: 0.2766 Acc: 0.86 | VAL Loss: 0.6836 Acc: 0.60 *(Best)*
Ep 46/100 | TR Loss: 0.3156 Acc: 0.88 | VAL Loss: 0.6437 Acc: 0.64 *(Best)*
Ep 47/100 | TR Loss: 0.2658 Acc: 0.88 | VAL Loss: 0.7123 Acc: 0.72 
Ep 48/100 | TR Loss: 0.2670 Acc: 0.90 | VAL Loss: 0.7644 Acc: 0.68 
Ep 49/100 | TR Loss: 0.2520 Acc: 0.92 | VAL Loss: 0.7320 Acc: 0.68 
Ep 50/100 | TR Loss: 0.2639 Acc: 0.92 | VAL Loss: 0.7157 Acc: 0.74 
Ep 51/100 | TR Loss: 0.3111 Acc: 0.86 | VAL Loss: 0.6829 Acc: 0.72 
Ep 52/100 | TR Loss: 0.3042 Acc: 0.88 | VAL Loss: 0.6810 Acc: 0.72 
Ep 53/100 | TR Loss: 0.2773 Acc: 0.88 | VAL Loss: 0.8212 Acc: 0.64 
Ep 54/100 | TR Loss: 0.2614 Acc: 0.92 | VAL Loss: 0.8080 Acc: 0.58 
Ep 55/100 | TR Loss: 0.2270 Acc: 0.94 | VAL Loss: 0.6384 Acc: 0.66 *(Best)*
Ep 56/100 | TR Loss: 0.1665 Acc: 0.96 | VAL Loss: 0.6077 Acc: 0.64 *(Best)*
Ep 57/100 | TR Loss: 0.1878 Acc: 0.96 | VAL Loss: 0.7742 Acc: 0.64 
Ep 58/100 | TR Loss: 0.1937 Acc: 0.96 | VAL Loss: 0.7348 Acc: 0.60 
Ep 59/100 | TR Loss: 0.2246 Acc: 0.96 | VAL Loss: 0.7808 Acc: 0.66 
Ep 60/100 | TR Loss: 0.2385 Acc: 0.96 | VAL Loss: 0.7751 Acc: 0.66 
Ep 61/100 | TR Loss: 0.3105 Acc: 0.88 | VAL Loss: 0.7393 Acc: 0.68 
Ep 62/100 | TR Loss: 0.3083 Acc: 0.94 | VAL Loss: 0.7435 Acc: 0.60 
Ep 63/100 | TR Loss: 0.2696 Acc: 0.86 | VAL Loss: 0.8457 Acc: 0.52 
Ep 64/100 | TR Loss: 0.3492 Acc: 0.84 | VAL Loss: 0.8122 Acc: 0.56 
Ep 65/100 | TR Loss: 0.2960 Acc: 0.82 | VAL Loss: 0.8583 Acc: 0.60 
Ep 66/100 | TR Loss: 0.2499 Acc: 0.90 | VAL Loss: 0.9595 Acc: 0.58 
Ep 67/100 | TR Loss: 0.2574 Acc: 0.88 | VAL Loss: 0.9678 Acc: 0.48 
Ep 68/100 | TR Loss: 0.2324 Acc: 0.90 | VAL Loss: 0.9971 Acc: 0.50 
Ep 69/100 | TR Loss: 0.2460 Acc: 0.84 | VAL Loss: 0.9406 Acc: 0.44 
Ep 70/100 | TR Loss: 0.3002 Acc: 0.84 | VAL Loss: 0.8347 Acc: 0.46 
Ep 71/100 | TR Loss: 0.2735 Acc: 0.90 | VAL Loss: 0.8578 Acc: 0.54 
Ep 72/100 | TR Loss: 0.3826 Acc: 0.76 | VAL Loss: 0.9610 Acc: 0.42 
Ep 73/100 | TR Loss: 0.2674 Acc: 0.88 | VAL Loss: 1.0258 Acc: 0.54 
Ep 74/100 | TR Loss: 0.3908 Acc: 0.76 | VAL Loss: 1.0378 Acc: 0.42 
Ep 75/100 | TR Loss: 0.3573 Acc: 0.80 | VAL Loss: 0.9432 Acc: 0.54 
Ep 76/100 | TR Loss: 0.4065 Acc: 0.80 | VAL Loss: 0.8705 Acc: 0.50 
Ep 77/100 | TR Loss: 0.3924 Acc: 0.80 | VAL Loss: 0.8627 Acc: 0.58 
Ep 78/100 | TR Loss: 0.4228 Acc: 0.76 | VAL Loss: 0.7309 Acc: 0.64 
Ep 79/100 | TR Loss: 0.4555 Acc: 0.76 | VAL Loss: 0.9158 Acc: 0.50 
Ep 80/100 | TR Loss: 0.3075 Acc: 0.84 | VAL Loss: 0.8292 Acc: 0.48 
Ep 81/100 | TR Loss: 0.3003 Acc: 0.86 | VAL Loss: 0.7832 Acc: 0.52 
Ep 82/100 | TR Loss: 0.2719 Acc: 0.86 | VAL Loss: 0.8875 Acc: 0.60 
Ep 83/100 | TR Loss: 0.2379 Acc: 0.88 | VAL Loss: 0.8711 Acc: 0.58 
Ep 84/100 | TR Loss: 0.2472 Acc: 0.88 | VAL Loss: 0.7786 Acc: 0.64 
Ep 85/100 | TR Loss: 0.2503 Acc: 0.88 | VAL Loss: 0.7592 Acc: 0.66 
Ep 86/100 | TR Loss: 0.2881 Acc: 0.86 | VAL Loss: 0.7679 Acc: 0.66 
Ep 87/100 | TR Loss: 0.2707 Acc: 0.86 | VAL Loss: 0.7782 Acc: 0.68 
Ep 88/100 | TR Loss: 0.2584 Acc: 0.84 | VAL Loss: 0.7937 Acc: 0.64 
Ep 89/100 | TR Loss: 0.2365 Acc: 0.86 | VAL Loss: 0.7604 Acc: 0.64 
Ep 90/100 | TR Loss: 0.2216 Acc: 0.86 | VAL Loss: 0.7541 Acc: 0.64 
Ep 91/100 | TR Loss: 0.2136 Acc: 0.86 | VAL Loss: 0.7532 Acc: 0.66 
Ep 92/100 | TR Loss: 0.2064 Acc: 0.86 | VAL Loss: 0.7508 Acc: 0.62 
Ep 93/100 | TR Loss: 0.2049 Acc: 0.90 | VAL Loss: 0.8143 Acc: 0.56 
Ep 94/100 | TR Loss: 0.2119 Acc: 0.94 | VAL Loss: 0.8042 Acc: 0.62 
Ep 95/100 | TR Loss: 0.2000 Acc: 0.92 | VAL Loss: 0.8116 Acc: 0.62 
Ep 96/100 | TR Loss: 0.1904 Acc: 0.98 | VAL Loss: 0.8509 Acc: 0.62 
Ep 97/100 | TR Loss: 0.2579 Acc: 0.88 | VAL Loss: 0.6634 Acc: 0.66 
Ep 98/100 | TR Loss: 0.3208 Acc: 0.86 | VAL Loss: 0.7471 Acc: 0.60 
Ep 99/100 | TR Loss: 0.2964 Acc: 0.92 | VAL Loss: 0.8637 Acc: 0.50 
Ep 100/100 | TR Loss: 0.3802 Acc: 0.76 | VAL Loss: 0.6330 Acc: 0.56 
[*] Training plots saved to: output_qnlp/job_1094597/training_metrics.png

==================================================
BEST MODEL TEST SET EVALUATION (MULTIPLE THRESHOLDS)
==================================================
Threshold  | Acc      | Prec     | Rec      | F1      
--------------------------------------------------
0.30       | 0.60     | 0.57     | 0.84     | 0.68     
0.40       | 0.59     | 0.57     | 0.80     | 0.67     
0.50       | 0.57     | 0.57     | 0.67     | 0.61     <-- (Arg)
0.60       | 0.56     | 0.57     | 0.55     | 0.56     
0.70       | 0.55     | 0.59     | 0.39     | 0.47     
==================================================

========================================
End    : Fri May 22 00:09:06 +03 2026
Output : output_qnlp/job_1094597
total 207K
-rw-r--r-- 1 aerturk23 hpcusers  44K May 21 23:54 best_model.pth
-rw-r--r-- 1 aerturk23 hpcusers  292 May 21 23:51 config.json
-rw-r--r-- 1 aerturk23 hpcusers  14K May 21 23:56 history.json
-rw-r--r-- 1 aerturk23 hpcusers  966 May 21 23:51 output.err
-rw-r--r-- 1 aerturk23 hpcusers 8.2K May 22  2026 output.log
-rw-r--r-- 1 aerturk23 hpcusers 139K May 21 23:56 training_metrics.png
========================================
