========================================
Job ID : 1094688
Start  : Fri May 22 02:55:53 +03 2026
GPU    : Tesla T4
========================================
--- Classical LSTM Script starting ---
[*] Configuration saved to: output_classical/job_1094688/config.json
========================================
MODEL                 : CLASSICAL LSTM
DATA SOURCE SELECTION : SST2
TRAINING SIZE         : 10
VALIDATION SIZE       : 50
TEST SIZE             : 100
WEIGHT DECAY          : 0.0001
DROPOUT RATE          : 0.2
CLASSIFICATION THRESHOLD : 0.5
BATCH SIZE            : 16
EMBED/HIDDEN DIMS     : 16 / 32
========================================

--- Preparing Dataset and Tokenization ---
[*] REAL DATASET SIZES -> Train: 10 | Val: 50 | Test: 100
--- Initializing Classical Model ---

--- Starting Classical LSTM Training (Epochs: 100) ---
Ep 01/100 | TR Loss: 0.6891 Acc: 0.50 | VAL Loss: 0.6719 Acc: 0.62 *(Best)*
Ep 02/100 | TR Loss: 0.6509 Acc: 0.90 | VAL Loss: 0.6609 Acc: 0.62 *(Best)*
Ep 03/100 | TR Loss: 0.6159 Acc: 0.90 | VAL Loss: 0.6495 Acc: 0.62 *(Best)*
Ep 04/100 | TR Loss: 0.5795 Acc: 0.90 | VAL Loss: 0.6369 Acc: 0.62 *(Best)*
Ep 05/100 | TR Loss: 0.5388 Acc: 0.90 | VAL Loss: 0.6229 Acc: 0.62 *(Best)*
Ep 06/100 | TR Loss: 0.4915 Acc: 0.90 | VAL Loss: 0.6084 Acc: 0.62 *(Best)*
Ep 07/100 | TR Loss: 0.4370 Acc: 0.90 | VAL Loss: 0.5967 Acc: 0.62 *(Best)*
Ep 08/100 | TR Loss: 0.3768 Acc: 0.90 | VAL Loss: 0.5951 Acc: 0.62 *(Best)*
Ep 09/100 | TR Loss: 0.3160 Acc: 0.90 | VAL Loss: 0.6153 Acc: 0.62 
Ep 10/100 | TR Loss: 0.2607 Acc: 0.90 | VAL Loss: 0.6672 Acc: 0.62 
Ep 11/100 | TR Loss: 0.2130 Acc: 0.90 | VAL Loss: 0.7509 Acc: 0.62 
Ep 12/100 | TR Loss: 0.1701 Acc: 0.90 | VAL Loss: 0.8573 Acc: 0.62 
Ep 13/100 | TR Loss: 0.1313 Acc: 0.90 | VAL Loss: 0.9744 Acc: 0.62 
Ep 14/100 | TR Loss: 0.1009 Acc: 0.90 | VAL Loss: 1.0920 Acc: 0.62 
Ep 15/100 | TR Loss: 0.0806 Acc: 1.00 | VAL Loss: 1.2029 Acc: 0.62 
Ep 16/100 | TR Loss: 0.0675 Acc: 1.00 | VAL Loss: 1.3036 Acc: 0.62 
Ep 17/100 | TR Loss: 0.0586 Acc: 1.00 | VAL Loss: 1.3931 Acc: 0.62 
Ep 18/100 | TR Loss: 0.0520 Acc: 1.00 | VAL Loss: 1.4721 Acc: 0.62 
Ep 19/100 | TR Loss: 0.0469 Acc: 1.00 | VAL Loss: 1.5427 Acc: 0.62 
Ep 20/100 | TR Loss: 0.0427 Acc: 1.00 | VAL Loss: 1.6082 Acc: 0.60 
Ep 21/100 | TR Loss: 0.0392 Acc: 1.00 | VAL Loss: 1.6728 Acc: 0.60 
Ep 22/100 | TR Loss: 0.0361 Acc: 1.00 | VAL Loss: 1.7392 Acc: 0.58 
Ep 23/100 | TR Loss: 0.0334 Acc: 1.00 | VAL Loss: 1.8065 Acc: 0.62 
Ep 24/100 | TR Loss: 0.0309 Acc: 1.00 | VAL Loss: 1.8707 Acc: 0.62 
Ep 25/100 | TR Loss: 0.0285 Acc: 1.00 | VAL Loss: 1.9306 Acc: 0.62 
Ep 26/100 | TR Loss: 0.0263 Acc: 1.00 | VAL Loss: 1.9890 Acc: 0.62 
Ep 27/100 | TR Loss: 0.0240 Acc: 1.00 | VAL Loss: 2.0471 Acc: 0.60 
Ep 28/100 | TR Loss: 0.0219 Acc: 1.00 | VAL Loss: 2.0995 Acc: 0.60 
Ep 29/100 | TR Loss: 0.0198 Acc: 1.00 | VAL Loss: 2.1466 Acc: 0.60 
Ep 30/100 | TR Loss: 0.0177 Acc: 1.00 | VAL Loss: 2.1912 Acc: 0.60 
Ep 31/100 | TR Loss: 0.0158 Acc: 1.00 | VAL Loss: 2.2351 Acc: 0.60 
Ep 32/100 | TR Loss: 0.0140 Acc: 1.00 | VAL Loss: 2.2790 Acc: 0.58 
Ep 33/100 | TR Loss: 0.0124 Acc: 1.00 | VAL Loss: 2.3221 Acc: 0.58 
Ep 34/100 | TR Loss: 0.0109 Acc: 1.00 | VAL Loss: 2.3634 Acc: 0.58 
Ep 35/100 | TR Loss: 0.0095 Acc: 1.00 | VAL Loss: 2.4024 Acc: 0.58 
Ep 36/100 | TR Loss: 0.0083 Acc: 1.00 | VAL Loss: 2.4392 Acc: 0.58 
Ep 37/100 | TR Loss: 0.0072 Acc: 1.00 | VAL Loss: 2.4739 Acc: 0.58 
Ep 38/100 | TR Loss: 0.0063 Acc: 1.00 | VAL Loss: 2.5068 Acc: 0.58 
Ep 39/100 | TR Loss: 0.0054 Acc: 1.00 | VAL Loss: 2.5379 Acc: 0.58 
Ep 40/100 | TR Loss: 0.0047 Acc: 1.00 | VAL Loss: 2.5674 Acc: 0.58 
Ep 41/100 | TR Loss: 0.0041 Acc: 1.00 | VAL Loss: 2.5953 Acc: 0.58 
Ep 42/100 | TR Loss: 0.0036 Acc: 1.00 | VAL Loss: 2.6216 Acc: 0.58 
Ep 43/100 | TR Loss: 0.0032 Acc: 1.00 | VAL Loss: 2.6464 Acc: 0.58 
Ep 44/100 | TR Loss: 0.0028 Acc: 1.00 | VAL Loss: 2.6697 Acc: 0.58 
Ep 45/100 | TR Loss: 0.0025 Acc: 1.00 | VAL Loss: 2.6917 Acc: 0.58 
Ep 46/100 | TR Loss: 0.0022 Acc: 1.00 | VAL Loss: 2.7122 Acc: 0.58 
Ep 47/100 | TR Loss: 0.0020 Acc: 1.00 | VAL Loss: 2.7313 Acc: 0.58 
Ep 48/100 | TR Loss: 0.0018 Acc: 1.00 | VAL Loss: 2.7492 Acc: 0.58 
Ep 49/100 | TR Loss: 0.0016 Acc: 1.00 | VAL Loss: 2.7658 Acc: 0.58 
Ep 50/100 | TR Loss: 0.0015 Acc: 1.00 | VAL Loss: 2.7814 Acc: 0.58 
Ep 51/100 | TR Loss: 0.0014 Acc: 1.00 | VAL Loss: 2.7960 Acc: 0.58 
Ep 52/100 | TR Loss: 0.0013 Acc: 1.00 | VAL Loss: 2.8100 Acc: 0.58 
Ep 53/100 | TR Loss: 0.0012 Acc: 1.00 | VAL Loss: 2.8243 Acc: 0.58 
Ep 54/100 | TR Loss: 0.0011 Acc: 1.00 | VAL Loss: 2.8416 Acc: 0.58 
Ep 55/100 | TR Loss: 0.0010 Acc: 1.00 | VAL Loss: 2.8658 Acc: 0.56 
Ep 56/100 | TR Loss: 0.0010 Acc: 1.00 | VAL Loss: 2.8955 Acc: 0.56 
Ep 57/100 | TR Loss: 0.0009 Acc: 1.00 | VAL Loss: 2.9244 Acc: 0.56 
Ep 58/100 | TR Loss: 0.0009 Acc: 1.00 | VAL Loss: 2.9486 Acc: 0.56 
Ep 59/100 | TR Loss: 0.0008 Acc: 1.00 | VAL Loss: 2.9681 Acc: 0.56 
Ep 60/100 | TR Loss: 0.0008 Acc: 1.00 | VAL Loss: 2.9836 Acc: 0.56 
Ep 61/100 | TR Loss: 0.0008 Acc: 1.00 | VAL Loss: 2.9963 Acc: 0.56 
Ep 62/100 | TR Loss: 0.0007 Acc: 1.00 | VAL Loss: 3.0068 Acc: 0.56 
Ep 63/100 | TR Loss: 0.0007 Acc: 1.00 | VAL Loss: 3.0158 Acc: 0.56 
Ep 64/100 | TR Loss: 0.0007 Acc: 1.00 | VAL Loss: 3.0236 Acc: 0.56 
Ep 65/100 | TR Loss: 0.0007 Acc: 1.00 | VAL Loss: 3.0303 Acc: 0.56 
Ep 66/100 | TR Loss: 0.0006 Acc: 1.00 | VAL Loss: 3.0363 Acc: 0.56 
Ep 67/100 | TR Loss: 0.0006 Acc: 1.00 | VAL Loss: 3.0415 Acc: 0.56 
Ep 68/100 | TR Loss: 0.0006 Acc: 1.00 | VAL Loss: 3.0460 Acc: 0.56 
Ep 69/100 | TR Loss: 0.0006 Acc: 1.00 | VAL Loss: 3.0499 Acc: 0.56 
Ep 70/100 | TR Loss: 0.0006 Acc: 1.00 | VAL Loss: 3.0533 Acc: 0.56 
Ep 71/100 | TR Loss: 0.0006 Acc: 1.00 | VAL Loss: 3.0562 Acc: 0.56 
Ep 72/100 | TR Loss: 0.0006 Acc: 1.00 | VAL Loss: 3.0586 Acc: 0.56 
Ep 73/100 | TR Loss: 0.0006 Acc: 1.00 | VAL Loss: 3.0606 Acc: 0.56 
Ep 74/100 | TR Loss: 0.0006 Acc: 1.00 | VAL Loss: 3.0621 Acc: 0.56 
Ep 75/100 | TR Loss: 0.0006 Acc: 1.00 | VAL Loss: 3.0633 Acc: 0.56 
Ep 76/100 | TR Loss: 0.0005 Acc: 1.00 | VAL Loss: 3.0642 Acc: 0.56 
Ep 77/100 | TR Loss: 0.0005 Acc: 1.00 | VAL Loss: 3.0650 Acc: 0.56 
Ep 78/100 | TR Loss: 0.0005 Acc: 1.00 | VAL Loss: 3.0664 Acc: 0.56 
Ep 79/100 | TR Loss: 0.0005 Acc: 1.00 | VAL Loss: 3.0694 Acc: 0.56 
Ep 80/100 | TR Loss: 0.0005 Acc: 1.00 | VAL Loss: 3.0752 Acc: 0.54 
Ep 81/100 | TR Loss: 0.0005 Acc: 1.00 | VAL Loss: 3.0836 Acc: 0.54 
Ep 82/100 | TR Loss: 0.0005 Acc: 1.00 | VAL Loss: 3.0922 Acc: 0.54 
Ep 83/100 | TR Loss: 0.0005 Acc: 1.00 | VAL Loss: 3.0982 Acc: 0.54 
Ep 84/100 | TR Loss: 0.0005 Acc: 1.00 | VAL Loss: 3.1000 Acc: 0.54 
Ep 85/100 | TR Loss: 0.0005 Acc: 1.00 | VAL Loss: 3.0967 Acc: 0.54 
Ep 86/100 | TR Loss: 0.0005 Acc: 1.00 | VAL Loss: 3.0885 Acc: 0.54 
Ep 87/100 | TR Loss: 0.0005 Acc: 1.00 | VAL Loss: 3.0783 Acc: 0.54 
Ep 88/100 | TR Loss: 0.0005 Acc: 1.00 | VAL Loss: 3.0711 Acc: 0.56 
Ep 89/100 | TR Loss: 0.0005 Acc: 1.00 | VAL Loss: 3.0671 Acc: 0.56 
Ep 90/100 | TR Loss: 0.0005 Acc: 1.00 | VAL Loss: 3.0633 Acc: 0.56 
Ep 91/100 | TR Loss: 0.0005 Acc: 1.00 | VAL Loss: 3.0578 Acc: 0.56 
Ep 92/100 | TR Loss: 0.0005 Acc: 1.00 | VAL Loss: 3.0496 Acc: 0.56 
Ep 93/100 | TR Loss: 0.0005 Acc: 1.00 | VAL Loss: 3.0385 Acc: 0.56 
Ep 94/100 | TR Loss: 0.0005 Acc: 1.00 | VAL Loss: 3.0246 Acc: 0.56 
Ep 95/100 | TR Loss: 0.0005 Acc: 1.00 | VAL Loss: 3.0102 Acc: 0.56 
Ep 96/100 | TR Loss: 0.0005 Acc: 1.00 | VAL Loss: 2.9982 Acc: 0.58 
Ep 97/100 | TR Loss: 0.0005 Acc: 1.00 | VAL Loss: 2.9891 Acc: 0.58 
Ep 98/100 | TR Loss: 0.0005 Acc: 1.00 | VAL Loss: 2.9806 Acc: 0.58 
Ep 99/100 | TR Loss: 0.0005 Acc: 1.00 | VAL Loss: 2.9713 Acc: 0.58 
Ep 100/100 | TR Loss: 0.0005 Acc: 1.00 | VAL Loss: 2.9609 Acc: 0.58 

==================================================
BEST MODEL TEST SET EVALUATION (MULTIPLE THRESHOLDS)
==================================================
Threshold  | Acc      | Prec     | Rec      | F1      
--------------------------------------------------
0.30       | 0.70     | 0.70     | 1.00     | 0.82     
0.40       | 0.70     | 0.70     | 1.00     | 0.82     
0.50       | 0.70     | 0.70     | 1.00     | 0.82     <-- (Arg)
0.60       | 0.69     | 0.70     | 0.99     | 0.82     
0.70       | 0.69     | 0.76     | 0.81     | 0.79     
==================================================

========================================
End    : Fri May 22 02:56:13 +03 2026
Output : output_classical/job_1094688
total 125K
-rw-r--r-- 1 aerturk23 hpcusers  50K May 22  2026 best_model.pth
-rw-r--r-- 1 aerturk23 hpcusers  364 May 22 02:55 config.json
-rw-r--r-- 1 aerturk23 hpcusers  13K May 22 02:56 history.json
-rw-r--r-- 1 aerturk23 hpcusers  966 May 22 02:55 output.err
-rw-r--r-- 1 aerturk23 hpcusers 8.3K May 22 02:55 output.log
-rw-r--r-- 1 aerturk23 hpcusers  53K May 22 02:56 training_metrics.png
========================================
