========================================
Job ID : 1094750
Start  : Fri May 22 05:30:34 +03 2026
GPU    : Tesla T4
========================================
--- Quantum QNLP Script starting ---
[*] Configuration saved to: output_qnlp/job_1094750/config.json
========================================
DATA SOURCE SELECTION : SST2
TRAINING SIZE         : 500
VALIDATION SIZE       : 50
TEST SIZE             : 100
WEIGHT DECAY          : 0.0001
CLASSIFICATION THRESHOLD : 0.5
QUANTUM LAYERS        : 2
========================================

--- Preparing Dataset ---
Generating DisCoCat grammar diagrams...
Generating quantum circuits (IQP Ansatz)...

--- Starting Quantum Model Training (Epochs: 100) ---
Ep 01/100 | TR Loss: 0.8495 Acc: 0.50 | VAL Loss: 0.8583 Acc: 0.52 *(Best)*
Ep 02/100 | TR Loss: 0.7071 Acc: 0.58 | VAL Loss: 0.9080 Acc: 0.46 
Ep 03/100 | TR Loss: 0.6126 Acc: 0.69 | VAL Loss: 0.7993 Acc: 0.60 *(Best)*
Ep 04/100 | TR Loss: 0.5438 Acc: 0.72 | VAL Loss: 0.8379 Acc: 0.52 
Ep 05/100 | TR Loss: 0.5500 Acc: 0.73 | VAL Loss: 0.7801 Acc: 0.56 *(Best)*
Ep 06/100 | TR Loss: 0.4883 Acc: 0.78 | VAL Loss: 0.7494 Acc: 0.54 *(Best)*
Ep 07/100 | TR Loss: 0.5390 Acc: 0.74 | VAL Loss: 0.8502 Acc: 0.46 
Ep 08/100 | TR Loss: 0.4705 Acc: 0.77 | VAL Loss: 1.0041 Acc: 0.40 
Ep 09/100 | TR Loss: 0.4615 Acc: 0.80 | VAL Loss: 1.0154 Acc: 0.44 
Ep 10/100 | TR Loss: 0.4237 Acc: 0.79 | VAL Loss: 1.0004 Acc: 0.42 
Ep 11/100 | TR Loss: 0.5498 Acc: 0.72 | VAL Loss: 0.9775 Acc: 0.40 
Ep 12/100 | TR Loss: 0.5005 Acc: 0.78 | VAL Loss: 0.9706 Acc: 0.44 
Ep 13/100 | TR Loss: 0.4422 Acc: 0.78 | VAL Loss: 0.8404 Acc: 0.52 
Ep 14/100 | TR Loss: 0.3904 Acc: 0.81 | VAL Loss: 0.7314 Acc: 0.62 *(Best)*
Ep 15/100 | TR Loss: 0.4116 Acc: 0.81 | VAL Loss: 0.7389 Acc: 0.52 
Ep 16/100 | TR Loss: 0.3814 Acc: 0.84 | VAL Loss: 0.8726 Acc: 0.48 
Ep 17/100 | TR Loss: 0.3845 Acc: 0.84 | VAL Loss: 0.8568 Acc: 0.52 
Ep 18/100 | TR Loss: 0.3702 Acc: 0.84 | VAL Loss: 0.8584 Acc: 0.52 
Ep 19/100 | TR Loss: 0.4036 Acc: 0.82 | VAL Loss: 0.8151 Acc: 0.54 
Ep 20/100 | TR Loss: 0.3898 Acc: 0.82 | VAL Loss: 0.8650 Acc: 0.48 
Ep 21/100 | TR Loss: 0.3692 Acc: 0.84 | VAL Loss: 0.8599 Acc: 0.46 
Ep 22/100 | TR Loss: 0.3572 Acc: 0.84 | VAL Loss: 0.8356 Acc: 0.48 
Ep 23/100 | TR Loss: 0.3457 Acc: 0.84 | VAL Loss: 0.9422 Acc: 0.50 
Ep 24/100 | TR Loss: 0.3947 Acc: 0.83 | VAL Loss: 0.7921 Acc: 0.42 
Ep 25/100 | TR Loss: 0.3713 Acc: 0.84 | VAL Loss: 0.8482 Acc: 0.50 
Ep 26/100 | TR Loss: 0.3497 Acc: 0.84 | VAL Loss: 0.7653 Acc: 0.60 
Ep 27/100 | TR Loss: 0.3170 Acc: 0.88 | VAL Loss: 0.9364 Acc: 0.46 
Ep 28/100 | TR Loss: 0.2970 Acc: 0.88 | VAL Loss: 0.8364 Acc: 0.46 
Ep 29/100 | TR Loss: 0.3889 Acc: 0.84 | VAL Loss: 0.8105 Acc: 0.52 
Ep 30/100 | TR Loss: 0.3393 Acc: 0.87 | VAL Loss: 0.9091 Acc: 0.48 
Ep 31/100 | TR Loss: 0.2892 Acc: 0.87 | VAL Loss: 0.8920 Acc: 0.52 
Ep 32/100 | TR Loss: 0.2987 Acc: 0.88 | VAL Loss: 0.9647 Acc: 0.46 
Ep 33/100 | TR Loss: 0.2706 Acc: 0.89 | VAL Loss: 1.0024 Acc: 0.44 
Ep 34/100 | TR Loss: 0.2487 Acc: 0.91 | VAL Loss: 1.0003 Acc: 0.46 
Ep 35/100 | TR Loss: 0.2827 Acc: 0.88 | VAL Loss: 0.8696 Acc: 0.40 
Ep 36/100 | TR Loss: 0.2630 Acc: 0.88 | VAL Loss: 0.9276 Acc: 0.50 
Ep 37/100 | TR Loss: 0.2801 Acc: 0.91 | VAL Loss: 0.9431 Acc: 0.54 
Ep 38/100 | TR Loss: 0.2351 Acc: 0.93 | VAL Loss: 0.9949 Acc: 0.40 
Ep 39/100 | TR Loss: 0.2649 Acc: 0.89 | VAL Loss: 0.9540 Acc: 0.46 
Ep 40/100 | TR Loss: 0.2226 Acc: 0.93 | VAL Loss: 0.9470 Acc: 0.44 
Ep 41/100 | TR Loss: 0.1983 Acc: 0.94 | VAL Loss: 0.8885 Acc: 0.50 
Ep 42/100 | TR Loss: 0.2037 Acc: 0.94 | VAL Loss: 0.8811 Acc: 0.46 
Ep 43/100 | TR Loss: 0.1717 Acc: 0.95 | VAL Loss: 0.9752 Acc: 0.48 
Ep 44/100 | TR Loss: 0.1784 Acc: 0.94 | VAL Loss: 1.0486 Acc: 0.44 
Ep 45/100 | TR Loss: 0.1636 Acc: 0.95 | VAL Loss: 0.9304 Acc: 0.42 
Ep 46/100 | TR Loss: 0.1680 Acc: 0.96 | VAL Loss: 0.8925 Acc: 0.50 
Ep 47/100 | TR Loss: 0.2015 Acc: 0.94 | VAL Loss: 0.8899 Acc: 0.48 
Ep 48/100 | TR Loss: 0.1841 Acc: 0.93 | VAL Loss: 0.9011 Acc: 0.46 
Ep 49/100 | TR Loss: 0.1801 Acc: 0.94 | VAL Loss: 0.9400 Acc: 0.46 
Ep 50/100 | TR Loss: 0.1614 Acc: 0.96 | VAL Loss: 0.9665 Acc: 0.42 
Ep 51/100 | TR Loss: 0.1592 Acc: 0.94 | VAL Loss: 0.9816 Acc: 0.46 
Ep 52/100 | TR Loss: 0.2189 Acc: 0.92 | VAL Loss: 1.0918 Acc: 0.46 
Ep 53/100 | TR Loss: 0.1888 Acc: 0.94 | VAL Loss: 0.9993 Acc: 0.40 
Ep 54/100 | TR Loss: 0.1738 Acc: 0.94 | VAL Loss: 1.0279 Acc: 0.40 
Ep 55/100 | TR Loss: 0.1515 Acc: 0.96 | VAL Loss: 1.0996 Acc: 0.46 
Ep 56/100 | TR Loss: 0.1513 Acc: 0.96 | VAL Loss: 1.0143 Acc: 0.48 
Ep 57/100 | TR Loss: 0.1447 Acc: 0.96 | VAL Loss: 0.9717 Acc: 0.48 
Ep 58/100 | TR Loss: 0.1409 Acc: 0.96 | VAL Loss: 0.9473 Acc: 0.52 
Ep 59/100 | TR Loss: 0.2164 Acc: 0.91 | VAL Loss: 0.9968 Acc: 0.46 
Ep 60/100 | TR Loss: 0.1583 Acc: 0.95 | VAL Loss: 1.0443 Acc: 0.48 
Ep 61/100 | TR Loss: 0.1949 Acc: 0.92 | VAL Loss: 0.9930 Acc: 0.46 
Ep 62/100 | TR Loss: 0.1908 Acc: 0.93 | VAL Loss: 1.0530 Acc: 0.50 
Ep 63/100 | TR Loss: 0.1892 Acc: 0.92 | VAL Loss: 1.0762 Acc: 0.44 
Ep 64/100 | TR Loss: 0.1583 Acc: 0.95 | VAL Loss: 0.9298 Acc: 0.50 
Ep 65/100 | TR Loss: 0.2098 Acc: 0.93 | VAL Loss: 0.9569 Acc: 0.48 
Ep 66/100 | TR Loss: 0.2082 Acc: 0.92 | VAL Loss: 0.9480 Acc: 0.46 
Ep 67/100 | TR Loss: 0.2042 Acc: 0.92 | VAL Loss: 0.9532 Acc: 0.44 
Ep 68/100 | TR Loss: 0.1963 Acc: 0.93 | VAL Loss: 1.0455 Acc: 0.36 
Ep 69/100 | TR Loss: 0.1781 Acc: 0.95 | VAL Loss: 1.0467 Acc: 0.42 
Ep 70/100 | TR Loss: 0.1978 Acc: 0.93 | VAL Loss: 1.0437 Acc: 0.38 
Ep 71/100 | TR Loss: 0.1772 Acc: 0.94 | VAL Loss: 0.9859 Acc: 0.40 
Ep 72/100 | TR Loss: 0.2176 Acc: 0.90 | VAL Loss: 0.9401 Acc: 0.46 
Ep 73/100 | TR Loss: 0.2058 Acc: 0.92 | VAL Loss: 0.9198 Acc: 0.44 
Ep 74/100 | TR Loss: 0.1805 Acc: 0.95 | VAL Loss: 1.0056 Acc: 0.44 
Ep 75/100 | TR Loss: 0.1845 Acc: 0.94 | VAL Loss: 1.0133 Acc: 0.40 
Ep 76/100 | TR Loss: 0.2519 Acc: 0.92 | VAL Loss: 0.9394 Acc: 0.44 
Ep 77/100 | TR Loss: 0.1986 Acc: 0.93 | VAL Loss: 1.0424 Acc: 0.40 
Ep 78/100 | TR Loss: 0.2568 Acc: 0.90 | VAL Loss: 1.0137 Acc: 0.46 
Ep 79/100 | TR Loss: 0.1986 Acc: 0.92 | VAL Loss: 0.8889 Acc: 0.46 
Ep 80/100 | TR Loss: 0.1983 Acc: 0.93 | VAL Loss: 0.8527 Acc: 0.56 
Ep 81/100 | TR Loss: 0.2059 Acc: 0.92 | VAL Loss: 0.8903 Acc: 0.44 
Ep 82/100 | TR Loss: 0.1816 Acc: 0.95 | VAL Loss: 0.7304 Acc: 0.60 *(Best)*
Ep 83/100 | TR Loss: 0.1846 Acc: 0.95 | VAL Loss: 0.9762 Acc: 0.44 
Ep 84/100 | TR Loss: 0.1889 Acc: 0.93 | VAL Loss: 0.9943 Acc: 0.40 
Ep 85/100 | TR Loss: 0.1588 Acc: 0.96 | VAL Loss: 0.9906 Acc: 0.44 
Ep 86/100 | TR Loss: 0.1615 Acc: 0.97 | VAL Loss: 0.8841 Acc: 0.42 
Ep 87/100 | TR Loss: 0.2540 Acc: 0.92 | VAL Loss: 0.8733 Acc: 0.52 
Ep 88/100 | TR Loss: 0.2683 Acc: 0.91 | VAL Loss: 1.0386 Acc: 0.38 
Ep 89/100 | TR Loss: 0.1633 Acc: 0.95 | VAL Loss: 1.0300 Acc: 0.38 
Ep 90/100 | TR Loss: 0.1565 Acc: 0.96 | VAL Loss: 0.8476 Acc: 0.48 
Ep 91/100 | TR Loss: 0.1480 Acc: 0.97 | VAL Loss: 0.9313 Acc: 0.38 
Ep 92/100 | TR Loss: 0.1789 Acc: 0.95 | VAL Loss: 0.9373 Acc: 0.38 
Ep 93/100 | TR Loss: 0.1559 Acc: 0.96 | VAL Loss: 0.8775 Acc: 0.42 
Ep 94/100 | TR Loss: 0.1857 Acc: 0.94 | VAL Loss: 0.9439 Acc: 0.44 
Ep 95/100 | TR Loss: 0.1964 Acc: 0.94 | VAL Loss: 0.9450 Acc: 0.40 
Ep 96/100 | TR Loss: 0.1621 Acc: 0.95 | VAL Loss: 0.9711 Acc: 0.44 
Ep 97/100 | TR Loss: 0.1911 Acc: 0.94 | VAL Loss: 0.9847 Acc: 0.42 
Ep 98/100 | TR Loss: 0.2121 Acc: 0.94 | VAL Loss: 0.8463 Acc: 0.54 
Ep 99/100 | TR Loss: 0.1963 Acc: 0.94 | VAL Loss: 0.9157 Acc: 0.46 
Ep 100/100 | TR Loss: 0.1938 Acc: 0.94 | VAL Loss: 0.9689 Acc: 0.54 
[*] Training plots saved to: output_qnlp/job_1094750/training_metrics.png

==================================================
BEST MODEL TEST SET EVALUATION (MULTIPLE THRESHOLDS)
==================================================
Threshold  | Acc      | Prec     | Rec      | F1      
--------------------------------------------------
0.30       | 0.57     | 0.62     | 0.83     | 0.71     
0.40       | 0.57     | 0.64     | 0.75     | 0.69     
0.50       | 0.53     | 0.65     | 0.56     | 0.61     <-- (Arg)
0.60       | 0.51     | 0.68     | 0.44     | 0.53     
0.70       | 0.46     | 0.71     | 0.27     | 0.39     
==================================================

========================================
End    : Fri May 22 05:50:14 +03 2026
Output : output_qnlp/job_1094750
total 730K
-rw-r--r-- 1 aerturk23 hpcusers 577K May 22 05:47 best_model.pth
-rw-r--r-- 1 aerturk23 hpcusers  292 May 22 05:30 config.json
-rw-r--r-- 1 aerturk23 hpcusers  14K May 22 05:50 history.json
-rw-r--r-- 1 aerturk23 hpcusers  966 May 22 05:46 output.err
-rw-r--r-- 1 aerturk23 hpcusers 8.2K May 22 05:46 output.log
-rw-r--r-- 1 aerturk23 hpcusers 130K May 22  2026 training_metrics.png
========================================
