========================================
Job ID : 1094777
Start  : Fri May 22 06:38:20 +03 2026
GPU    : Tesla T4
========================================
--- Classical LSTM Script starting ---
[*] Configuration saved to: output_classical/job_1094777/config.json
========================================
MODEL                 : CLASSICAL LSTM
DATA SOURCE SELECTION : SYNTHETIC
TRAINING SIZE         : 10
VALIDATION SIZE       : 50
TEST SIZE             : 100
WEIGHT DECAY          : 0.0001
DROPOUT RATE          : 0.5
CLASSIFICATION THRESHOLD : 0.5
BATCH SIZE            : 16
EMBED/HIDDEN DIMS     : 16 / 32
========================================

--- Preparing Dataset and Tokenization ---
[*] REAL DATASET SIZES -> Train: 10 | Val: 50 | Test: 100
--- Initializing Classical Model ---

--- Starting Classical LSTM Training (Epochs: 100) ---
Ep 01/100 | TR Loss: 0.6928 Acc: 0.50 | VAL Loss: 0.6702 Acc: 0.56 *(Best)*
Ep 02/100 | TR Loss: 0.6698 Acc: 0.60 | VAL Loss: 0.6498 Acc: 0.58 *(Best)*
Ep 03/100 | TR Loss: 0.6468 Acc: 0.60 | VAL Loss: 0.6282 Acc: 0.58 *(Best)*
Ep 04/100 | TR Loss: 0.6200 Acc: 0.70 | VAL Loss: 0.6046 Acc: 0.58 *(Best)*
Ep 05/100 | TR Loss: 0.5872 Acc: 0.70 | VAL Loss: 0.5790 Acc: 0.58 *(Best)*
Ep 06/100 | TR Loss: 0.5465 Acc: 0.80 | VAL Loss: 0.5521 Acc: 0.60 *(Best)*
Ep 07/100 | TR Loss: 0.4970 Acc: 0.90 | VAL Loss: 0.5250 Acc: 0.64 *(Best)*
Ep 08/100 | TR Loss: 0.4384 Acc: 1.00 | VAL Loss: 0.4985 Acc: 0.66 *(Best)*
Ep 09/100 | TR Loss: 0.3719 Acc: 1.00 | VAL Loss: 0.4733 Acc: 0.66 *(Best)*
Ep 10/100 | TR Loss: 0.3008 Acc: 1.00 | VAL Loss: 0.4510 Acc: 0.74 *(Best)*
Ep 11/100 | TR Loss: 0.2308 Acc: 1.00 | VAL Loss: 0.4341 Acc: 0.74 *(Best)*
Ep 12/100 | TR Loss: 0.1682 Acc: 1.00 | VAL Loss: 0.4254 Acc: 0.76 *(Best)*
Ep 13/100 | TR Loss: 0.1177 Acc: 1.00 | VAL Loss: 0.4268 Acc: 0.78 
Ep 14/100 | TR Loss: 0.0807 Acc: 1.00 | VAL Loss: 0.4378 Acc: 0.78 
Ep 15/100 | TR Loss: 0.0552 Acc: 1.00 | VAL Loss: 0.4561 Acc: 0.78 
Ep 16/100 | TR Loss: 0.0381 Acc: 1.00 | VAL Loss: 0.4789 Acc: 0.76 
Ep 17/100 | TR Loss: 0.0266 Acc: 1.00 | VAL Loss: 0.5040 Acc: 0.82 
Ep 18/100 | TR Loss: 0.0188 Acc: 1.00 | VAL Loss: 0.5303 Acc: 0.82 
Ep 19/100 | TR Loss: 0.0135 Acc: 1.00 | VAL Loss: 0.5574 Acc: 0.82 
Ep 20/100 | TR Loss: 0.0098 Acc: 1.00 | VAL Loss: 0.5847 Acc: 0.82 
Ep 21/100 | TR Loss: 0.0072 Acc: 1.00 | VAL Loss: 0.6117 Acc: 0.84 
Ep 22/100 | TR Loss: 0.0054 Acc: 1.00 | VAL Loss: 0.6380 Acc: 0.84 
Ep 23/100 | TR Loss: 0.0042 Acc: 1.00 | VAL Loss: 0.6633 Acc: 0.84 
Ep 24/100 | TR Loss: 0.0033 Acc: 1.00 | VAL Loss: 0.6875 Acc: 0.84 
Ep 25/100 | TR Loss: 0.0026 Acc: 1.00 | VAL Loss: 0.7104 Acc: 0.84 
Ep 26/100 | TR Loss: 0.0021 Acc: 1.00 | VAL Loss: 0.7320 Acc: 0.84 
Ep 27/100 | TR Loss: 0.0017 Acc: 1.00 | VAL Loss: 0.7521 Acc: 0.84 
Ep 28/100 | TR Loss: 0.0015 Acc: 1.00 | VAL Loss: 0.7708 Acc: 0.84 
Ep 29/100 | TR Loss: 0.0012 Acc: 1.00 | VAL Loss: 0.7881 Acc: 0.84 
Ep 30/100 | TR Loss: 0.0011 Acc: 1.00 | VAL Loss: 0.8041 Acc: 0.84 
Ep 31/100 | TR Loss: 0.0009 Acc: 1.00 | VAL Loss: 0.8187 Acc: 0.84 
Ep 32/100 | TR Loss: 0.0008 Acc: 1.00 | VAL Loss: 0.8321 Acc: 0.84 
Ep 33/100 | TR Loss: 0.0007 Acc: 1.00 | VAL Loss: 0.8444 Acc: 0.84 
Ep 34/100 | TR Loss: 0.0007 Acc: 1.00 | VAL Loss: 0.8555 Acc: 0.84 
Ep 35/100 | TR Loss: 0.0006 Acc: 1.00 | VAL Loss: 0.8657 Acc: 0.84 
Ep 36/100 | TR Loss: 0.0006 Acc: 1.00 | VAL Loss: 0.8749 Acc: 0.84 
Ep 37/100 | TR Loss: 0.0005 Acc: 1.00 | VAL Loss: 0.8833 Acc: 0.84 
Ep 38/100 | TR Loss: 0.0005 Acc: 1.00 | VAL Loss: 0.8908 Acc: 0.84 
Ep 39/100 | TR Loss: 0.0005 Acc: 1.00 | VAL Loss: 0.8976 Acc: 0.84 
Ep 40/100 | TR Loss: 0.0004 Acc: 1.00 | VAL Loss: 0.9037 Acc: 0.84 
Ep 41/100 | TR Loss: 0.0004 Acc: 1.00 | VAL Loss: 0.9091 Acc: 0.84 
Ep 42/100 | TR Loss: 0.0004 Acc: 1.00 | VAL Loss: 0.9140 Acc: 0.84 
Ep 43/100 | TR Loss: 0.0004 Acc: 1.00 | VAL Loss: 0.9183 Acc: 0.84 
Ep 44/100 | TR Loss: 0.0004 Acc: 1.00 | VAL Loss: 0.9221 Acc: 0.84 
Ep 45/100 | TR Loss: 0.0003 Acc: 1.00 | VAL Loss: 0.9254 Acc: 0.84 
Ep 46/100 | TR Loss: 0.0003 Acc: 1.00 | VAL Loss: 0.9284 Acc: 0.84 
Ep 47/100 | TR Loss: 0.0003 Acc: 1.00 | VAL Loss: 0.9309 Acc: 0.84 
Ep 48/100 | TR Loss: 0.0003 Acc: 1.00 | VAL Loss: 0.9332 Acc: 0.84 
Ep 49/100 | TR Loss: 0.0003 Acc: 1.00 | VAL Loss: 0.9351 Acc: 0.84 
Ep 50/100 | TR Loss: 0.0003 Acc: 1.00 | VAL Loss: 0.9367 Acc: 0.84 
Ep 51/100 | TR Loss: 0.0003 Acc: 1.00 | VAL Loss: 0.9380 Acc: 0.84 
Ep 52/100 | TR Loss: 0.0003 Acc: 1.00 | VAL Loss: 0.9391 Acc: 0.84 
Ep 53/100 | TR Loss: 0.0003 Acc: 1.00 | VAL Loss: 0.9399 Acc: 0.84 
Ep 54/100 | TR Loss: 0.0003 Acc: 1.00 | VAL Loss: 0.9405 Acc: 0.84 
Ep 55/100 | TR Loss: 0.0003 Acc: 1.00 | VAL Loss: 0.9409 Acc: 0.84 
Ep 56/100 | TR Loss: 0.0003 Acc: 1.00 | VAL Loss: 0.9411 Acc: 0.84 
Ep 57/100 | TR Loss: 0.0003 Acc: 1.00 | VAL Loss: 0.9411 Acc: 0.84 
Ep 58/100 | TR Loss: 0.0003 Acc: 1.00 | VAL Loss: 0.9409 Acc: 0.84 
Ep 59/100 | TR Loss: 0.0003 Acc: 1.00 | VAL Loss: 0.9406 Acc: 0.84 
Ep 60/100 | TR Loss: 0.0003 Acc: 1.00 | VAL Loss: 0.9401 Acc: 0.84 
Ep 61/100 | TR Loss: 0.0003 Acc: 1.00 | VAL Loss: 0.9395 Acc: 0.84 
Ep 62/100 | TR Loss: 0.0003 Acc: 1.00 | VAL Loss: 0.9387 Acc: 0.84 
Ep 63/100 | TR Loss: 0.0003 Acc: 1.00 | VAL Loss: 0.9379 Acc: 0.84 
Ep 64/100 | TR Loss: 0.0003 Acc: 1.00 | VAL Loss: 0.9369 Acc: 0.84 
Ep 65/100 | TR Loss: 0.0003 Acc: 1.00 | VAL Loss: 0.9359 Acc: 0.84 
Ep 66/100 | TR Loss: 0.0003 Acc: 1.00 | VAL Loss: 0.9347 Acc: 0.84 
Ep 67/100 | TR Loss: 0.0003 Acc: 1.00 | VAL Loss: 0.9335 Acc: 0.84 
Ep 68/100 | TR Loss: 0.0003 Acc: 1.00 | VAL Loss: 0.9322 Acc: 0.84 
Ep 69/100 | TR Loss: 0.0003 Acc: 1.00 | VAL Loss: 0.9308 Acc: 0.84 
Ep 70/100 | TR Loss: 0.0003 Acc: 1.00 | VAL Loss: 0.9293 Acc: 0.84 
Ep 71/100 | TR Loss: 0.0003 Acc: 1.00 | VAL Loss: 0.9277 Acc: 0.84 
Ep 72/100 | TR Loss: 0.0003 Acc: 1.00 | VAL Loss: 0.9261 Acc: 0.84 
Ep 73/100 | TR Loss: 0.0003 Acc: 1.00 | VAL Loss: 0.9244 Acc: 0.84 
Ep 74/100 | TR Loss: 0.0003 Acc: 1.00 | VAL Loss: 0.9226 Acc: 0.84 
Ep 75/100 | TR Loss: 0.0003 Acc: 1.00 | VAL Loss: 0.9207 Acc: 0.84 
Ep 76/100 | TR Loss: 0.0003 Acc: 1.00 | VAL Loss: 0.9188 Acc: 0.84 
Ep 77/100 | TR Loss: 0.0003 Acc: 1.00 | VAL Loss: 0.9169 Acc: 0.84 
Ep 78/100 | TR Loss: 0.0003 Acc: 1.00 | VAL Loss: 0.9149 Acc: 0.84 
Ep 79/100 | TR Loss: 0.0003 Acc: 1.00 | VAL Loss: 0.9128 Acc: 0.84 
Ep 80/100 | TR Loss: 0.0003 Acc: 1.00 | VAL Loss: 0.9107 Acc: 0.84 
Ep 81/100 | TR Loss: 0.0003 Acc: 1.00 | VAL Loss: 0.9085 Acc: 0.84 
Ep 82/100 | TR Loss: 0.0003 Acc: 1.00 | VAL Loss: 0.9063 Acc: 0.84 
Ep 83/100 | TR Loss: 0.0003 Acc: 1.00 | VAL Loss: 0.9041 Acc: 0.84 
Ep 84/100 | TR Loss: 0.0003 Acc: 1.00 | VAL Loss: 0.9018 Acc: 0.84 
Ep 85/100 | TR Loss: 0.0003 Acc: 1.00 | VAL Loss: 0.8994 Acc: 0.84 
Ep 86/100 | TR Loss: 0.0003 Acc: 1.00 | VAL Loss: 0.8970 Acc: 0.84 
Ep 87/100 | TR Loss: 0.0003 Acc: 1.00 | VAL Loss: 0.8946 Acc: 0.84 
Ep 88/100 | TR Loss: 0.0003 Acc: 1.00 | VAL Loss: 0.8921 Acc: 0.84 
Ep 89/100 | TR Loss: 0.0003 Acc: 1.00 | VAL Loss: 0.8896 Acc: 0.84 
Ep 90/100 | TR Loss: 0.0003 Acc: 1.00 | VAL Loss: 0.8870 Acc: 0.84 
Ep 91/100 | TR Loss: 0.0003 Acc: 1.00 | VAL Loss: 0.8845 Acc: 0.84 
Ep 92/100 | TR Loss: 0.0003 Acc: 1.00 | VAL Loss: 0.8818 Acc: 0.84 
Ep 93/100 | TR Loss: 0.0003 Acc: 1.00 | VAL Loss: 0.8792 Acc: 0.84 
Ep 94/100 | TR Loss: 0.0003 Acc: 1.00 | VAL Loss: 0.8765 Acc: 0.84 
Ep 95/100 | TR Loss: 0.0003 Acc: 1.00 | VAL Loss: 0.8738 Acc: 0.84 
Ep 96/100 | TR Loss: 0.0003 Acc: 1.00 | VAL Loss: 0.8711 Acc: 0.84 
Ep 97/100 | TR Loss: 0.0003 Acc: 1.00 | VAL Loss: 0.8683 Acc: 0.84 
Ep 98/100 | TR Loss: 0.0003 Acc: 1.00 | VAL Loss: 0.8655 Acc: 0.84 
Ep 99/100 | TR Loss: 0.0003 Acc: 1.00 | VAL Loss: 0.8627 Acc: 0.84 
Ep 100/100 | TR Loss: 0.0003 Acc: 1.00 | VAL Loss: 0.8599 Acc: 0.84 

==================================================
BEST MODEL TEST SET EVALUATION (MULTIPLE THRESHOLDS)
==================================================
Threshold  | Acc      | Prec     | Rec      | F1      
--------------------------------------------------
0.30       | 0.67     | 0.64     | 0.96     | 0.77     
0.40       | 0.67     | 0.65     | 0.93     | 0.76     
0.50       | 0.66     | 0.65     | 0.88     | 0.75     <-- (Arg)
0.60       | 0.68     | 0.67     | 0.86     | 0.75     
0.70       | 0.71     | 0.71     | 0.84     | 0.77     
==================================================

========================================
End    : Fri May 22 06:38:33 +03 2026
Output : output_classical/job_1094777
total 110K
-rw-r--r-- 1 aerturk23 hpcusers  30K May 22  2026 best_model.pth
-rw-r--r-- 1 aerturk23 hpcusers  369 May 22  2026 config.json
-rw-r--r-- 1 aerturk23 hpcusers  13K May 22 06:38 history.json
-rw-r--r-- 1 aerturk23 hpcusers  966 May 22  2026 output.err
-rw-r--r-- 1 aerturk23 hpcusers 8.3K May 22  2026 output.log
-rw-r--r-- 1 aerturk23 hpcusers  58K May 22  2026 training_metrics.png
========================================
