========================================
Job ID : 1094578
Start  : Thu May 21 23:09:21 +03 2026
GPU    : Tesla T4
========================================
--- Classical LSTM Script starting ---
[*] Configuration saved to: output_classical/job_1094578/config.json
========================================
MODEL                 : CLASSICAL LSTM
DATA SOURCE SELECTION : BACH
TRAINING SIZE         : 10
VALIDATION SIZE       : 50
TEST SIZE             : 100
WEIGHT DECAY          : 0.0001
DROPOUT RATE          : 0.2
CLASSIFICATION THRESHOLD : 0.5
BATCH SIZE            : 16
EMBED/HIDDEN DIMS     : 16 / 32
========================================

--- Preparing Dataset and Tokenization ---
[*] REAL DATASET SIZES -> Train: 10 | Val: 50 | Test: 100
--- Initializing Classical Model ---

--- Starting Classical LSTM Training (Epochs: 100) ---
Ep 01/100 | TR Loss: 0.7070 Acc: 0.40 | VAL Loss: 0.6906 Acc: 0.62 *(Best)*
Ep 02/100 | TR Loss: 0.6961 Acc: 0.40 | VAL Loss: 0.6989 Acc: 0.38 
Ep 03/100 | TR Loss: 0.6875 Acc: 0.60 | VAL Loss: 0.7103 Acc: 0.38 
Ep 04/100 | TR Loss: 0.6797 Acc: 0.60 | VAL Loss: 0.7273 Acc: 0.38 
Ep 05/100 | TR Loss: 0.6725 Acc: 0.60 | VAL Loss: 0.7546 Acc: 0.38 
Ep 06/100 | TR Loss: 0.6659 Acc: 0.60 | VAL Loss: 0.7976 Acc: 0.38 
Ep 07/100 | TR Loss: 0.6608 Acc: 0.60 | VAL Loss: 0.8309 Acc: 0.38 
Ep 08/100 | TR Loss: 0.6510 Acc: 0.60 | VAL Loss: 0.8237 Acc: 0.38 
Ep 09/100 | TR Loss: 0.6234 Acc: 0.60 | VAL Loss: 0.7836 Acc: 0.38 
Ep 10/100 | TR Loss: 0.5711 Acc: 0.60 | VAL Loss: 0.7296 Acc: 0.38 
Ep 11/100 | TR Loss: 0.4880 Acc: 0.70 | VAL Loss: 0.6819 Acc: 0.40 *(Best)*
Ep 12/100 | TR Loss: 0.3935 Acc: 0.70 | VAL Loss: 0.6775 Acc: 0.64 *(Best)*
Ep 13/100 | TR Loss: 0.3142 Acc: 1.00 | VAL Loss: 0.7168 Acc: 0.64 
Ep 14/100 | TR Loss: 0.2467 Acc: 1.00 | VAL Loss: 0.8102 Acc: 0.64 
Ep 15/100 | TR Loss: 0.2118 Acc: 1.00 | VAL Loss: 0.8498 Acc: 0.64 
Ep 16/100 | TR Loss: 0.1850 Acc: 1.00 | VAL Loss: 0.8821 Acc: 0.64 
Ep 17/100 | TR Loss: 0.1607 Acc: 1.00 | VAL Loss: 0.9147 Acc: 0.64 
Ep 18/100 | TR Loss: 0.1365 Acc: 1.00 | VAL Loss: 0.9279 Acc: 0.66 
Ep 19/100 | TR Loss: 0.1132 Acc: 1.00 | VAL Loss: 0.9640 Acc: 0.66 
Ep 20/100 | TR Loss: 0.0920 Acc: 1.00 | VAL Loss: 1.0035 Acc: 0.66 
Ep 21/100 | TR Loss: 0.0737 Acc: 1.00 | VAL Loss: 1.0461 Acc: 0.66 
Ep 22/100 | TR Loss: 0.0583 Acc: 1.00 | VAL Loss: 1.0189 Acc: 0.68 
Ep 23/100 | TR Loss: 0.0456 Acc: 1.00 | VAL Loss: 1.0616 Acc: 0.68 
Ep 24/100 | TR Loss: 0.0355 Acc: 1.00 | VAL Loss: 1.1065 Acc: 0.68 
Ep 25/100 | TR Loss: 0.0276 Acc: 1.00 | VAL Loss: 1.1523 Acc: 0.68 
Ep 26/100 | TR Loss: 0.0214 Acc: 1.00 | VAL Loss: 1.1982 Acc: 0.68 
Ep 27/100 | TR Loss: 0.0167 Acc: 1.00 | VAL Loss: 1.2436 Acc: 0.68 
Ep 28/100 | TR Loss: 0.0131 Acc: 1.00 | VAL Loss: 1.2879 Acc: 0.68 
Ep 29/100 | TR Loss: 0.0104 Acc: 1.00 | VAL Loss: 1.3304 Acc: 0.68 
Ep 30/100 | TR Loss: 0.0084 Acc: 1.00 | VAL Loss: 1.3707 Acc: 0.68 
Ep 31/100 | TR Loss: 0.0068 Acc: 1.00 | VAL Loss: 1.4087 Acc: 0.68 
Ep 32/100 | TR Loss: 0.0056 Acc: 1.00 | VAL Loss: 1.4442 Acc: 0.68 
Ep 33/100 | TR Loss: 0.0047 Acc: 1.00 | VAL Loss: 1.4774 Acc: 0.68 
Ep 34/100 | TR Loss: 0.0040 Acc: 1.00 | VAL Loss: 1.5084 Acc: 0.68 
Ep 35/100 | TR Loss: 0.0034 Acc: 1.00 | VAL Loss: 1.5373 Acc: 0.68 
Ep 36/100 | TR Loss: 0.0029 Acc: 1.00 | VAL Loss: 1.5643 Acc: 0.68 
Ep 37/100 | TR Loss: 0.0026 Acc: 1.00 | VAL Loss: 1.5894 Acc: 0.68 
Ep 38/100 | TR Loss: 0.0023 Acc: 1.00 | VAL Loss: 1.6127 Acc: 0.68 
Ep 39/100 | TR Loss: 0.0020 Acc: 1.00 | VAL Loss: 1.6344 Acc: 0.68 
Ep 40/100 | TR Loss: 0.0018 Acc: 1.00 | VAL Loss: 1.6545 Acc: 0.68 
Ep 41/100 | TR Loss: 0.0017 Acc: 1.00 | VAL Loss: 1.6732 Acc: 0.68 
Ep 42/100 | TR Loss: 0.0015 Acc: 1.00 | VAL Loss: 1.6906 Acc: 0.68 
Ep 43/100 | TR Loss: 0.0014 Acc: 1.00 | VAL Loss: 1.7067 Acc: 0.68 
Ep 44/100 | TR Loss: 0.0013 Acc: 1.00 | VAL Loss: 1.7217 Acc: 0.68 
Ep 45/100 | TR Loss: 0.0012 Acc: 1.00 | VAL Loss: 1.7356 Acc: 0.68 
Ep 46/100 | TR Loss: 0.0011 Acc: 1.00 | VAL Loss: 1.7486 Acc: 0.68 
Ep 47/100 | TR Loss: 0.0011 Acc: 1.00 | VAL Loss: 1.7606 Acc: 0.68 
Ep 48/100 | TR Loss: 0.0010 Acc: 1.00 | VAL Loss: 1.7717 Acc: 0.68 
Ep 49/100 | TR Loss: 0.0010 Acc: 1.00 | VAL Loss: 1.7821 Acc: 0.68 
Ep 50/100 | TR Loss: 0.0009 Acc: 1.00 | VAL Loss: 1.7917 Acc: 0.68 
Ep 51/100 | TR Loss: 0.0009 Acc: 1.00 | VAL Loss: 1.8006 Acc: 0.68 
Ep 52/100 | TR Loss: 0.0008 Acc: 1.00 | VAL Loss: 1.8090 Acc: 0.68 
Ep 53/100 | TR Loss: 0.0008 Acc: 1.00 | VAL Loss: 1.8167 Acc: 0.68 
Ep 54/100 | TR Loss: 0.0008 Acc: 1.00 | VAL Loss: 1.8239 Acc: 0.68 
Ep 55/100 | TR Loss: 0.0008 Acc: 1.00 | VAL Loss: 1.8306 Acc: 0.68 
Ep 56/100 | TR Loss: 0.0007 Acc: 1.00 | VAL Loss: 1.8368 Acc: 0.68 
Ep 57/100 | TR Loss: 0.0007 Acc: 1.00 | VAL Loss: 1.8426 Acc: 0.68 
Ep 58/100 | TR Loss: 0.0007 Acc: 1.00 | VAL Loss: 1.8481 Acc: 0.68 
Ep 59/100 | TR Loss: 0.0007 Acc: 1.00 | VAL Loss: 1.8531 Acc: 0.68 
Ep 60/100 | TR Loss: 0.0007 Acc: 1.00 | VAL Loss: 1.8578 Acc: 0.68 
Ep 61/100 | TR Loss: 0.0006 Acc: 1.00 | VAL Loss: 1.8622 Acc: 0.68 
Ep 62/100 | TR Loss: 0.0006 Acc: 1.00 | VAL Loss: 1.7455 Acc: 0.70 
Ep 63/100 | TR Loss: 0.0006 Acc: 1.00 | VAL Loss: 1.7491 Acc: 0.70 
Ep 64/100 | TR Loss: 0.0006 Acc: 1.00 | VAL Loss: 1.7524 Acc: 0.70 
Ep 65/100 | TR Loss: 0.0006 Acc: 1.00 | VAL Loss: 1.7556 Acc: 0.70 
Ep 66/100 | TR Loss: 0.0006 Acc: 1.00 | VAL Loss: 1.7585 Acc: 0.70 
Ep 67/100 | TR Loss: 0.0006 Acc: 1.00 | VAL Loss: 1.7613 Acc: 0.70 
Ep 68/100 | TR Loss: 0.0006 Acc: 1.00 | VAL Loss: 1.7639 Acc: 0.70 
Ep 69/100 | TR Loss: 0.0006 Acc: 1.00 | VAL Loss: 1.7663 Acc: 0.70 
Ep 70/100 | TR Loss: 0.0006 Acc: 1.00 | VAL Loss: 1.7686 Acc: 0.70 
Ep 71/100 | TR Loss: 0.0006 Acc: 1.00 | VAL Loss: 1.7707 Acc: 0.70 
Ep 72/100 | TR Loss: 0.0006 Acc: 1.00 | VAL Loss: 1.7728 Acc: 0.70 
Ep 73/100 | TR Loss: 0.0005 Acc: 1.00 | VAL Loss: 1.7748 Acc: 0.70 
Ep 74/100 | TR Loss: 0.0005 Acc: 1.00 | VAL Loss: 1.7766 Acc: 0.70 
Ep 75/100 | TR Loss: 0.0005 Acc: 1.00 | VAL Loss: 1.7782 Acc: 0.70 
Ep 76/100 | TR Loss: 0.0005 Acc: 1.00 | VAL Loss: 1.6581 Acc: 0.72 
Ep 77/100 | TR Loss: 0.0005 Acc: 1.00 | VAL Loss: 1.6598 Acc: 0.72 
Ep 78/100 | TR Loss: 0.0005 Acc: 1.00 | VAL Loss: 1.6614 Acc: 0.72 
Ep 79/100 | TR Loss: 0.0005 Acc: 1.00 | VAL Loss: 1.6629 Acc: 0.72 
Ep 80/100 | TR Loss: 0.0005 Acc: 1.00 | VAL Loss: 1.6644 Acc: 0.72 
Ep 81/100 | TR Loss: 0.0005 Acc: 1.00 | VAL Loss: 1.6659 Acc: 0.72 
Ep 82/100 | TR Loss: 0.0005 Acc: 1.00 | VAL Loss: 1.6673 Acc: 0.72 
Ep 83/100 | TR Loss: 0.0005 Acc: 1.00 | VAL Loss: 1.6687 Acc: 0.72 
Ep 84/100 | TR Loss: 0.0005 Acc: 1.00 | VAL Loss: 1.6701 Acc: 0.72 
Ep 85/100 | TR Loss: 0.0005 Acc: 1.00 | VAL Loss: 1.6714 Acc: 0.72 
Ep 86/100 | TR Loss: 0.0005 Acc: 1.00 | VAL Loss: 1.6727 Acc: 0.72 
Ep 87/100 | TR Loss: 0.0005 Acc: 1.00 | VAL Loss: 1.6739 Acc: 0.72 
Ep 88/100 | TR Loss: 0.0005 Acc: 1.00 | VAL Loss: 1.6751 Acc: 0.72 
Ep 89/100 | TR Loss: 0.0005 Acc: 1.00 | VAL Loss: 1.7904 Acc: 0.70 
Ep 90/100 | TR Loss: 0.0005 Acc: 1.00 | VAL Loss: 1.7918 Acc: 0.70 
Ep 91/100 | TR Loss: 0.0005 Acc: 1.00 | VAL Loss: 1.7930 Acc: 0.70 
Ep 92/100 | TR Loss: 0.0005 Acc: 1.00 | VAL Loss: 1.7942 Acc: 0.70 
Ep 93/100 | TR Loss: 0.0005 Acc: 1.00 | VAL Loss: 1.7953 Acc: 0.70 
Ep 94/100 | TR Loss: 0.0005 Acc: 1.00 | VAL Loss: 1.7964 Acc: 0.70 
Ep 95/100 | TR Loss: 0.0005 Acc: 1.00 | VAL Loss: 1.7975 Acc: 0.70 
Ep 96/100 | TR Loss: 0.0005 Acc: 1.00 | VAL Loss: 1.7985 Acc: 0.70 
Ep 97/100 | TR Loss: 0.0005 Acc: 1.00 | VAL Loss: 1.7994 Acc: 0.70 
Ep 98/100 | TR Loss: 0.0005 Acc: 1.00 | VAL Loss: 1.8004 Acc: 0.70 
Ep 99/100 | TR Loss: 0.0005 Acc: 1.00 | VAL Loss: 1.8013 Acc: 0.70 
Ep 100/100 | TR Loss: 0.0005 Acc: 1.00 | VAL Loss: 1.8022 Acc: 0.70 

==================================================
BEST MODEL TEST SET EVALUATION (MULTIPLE THRESHOLDS)
==================================================
Threshold  | Acc      | Prec     | Rec      | F1      
--------------------------------------------------
0.30       | 0.68     | 0.76     | 0.65     | 0.70     
0.40       | 0.65     | 0.74     | 0.60     | 0.66     
0.50       | 0.65     | 0.78     | 0.54     | 0.64     <-- (Arg)
0.60       | 0.43     | 0.00     | 0.00     | 0.00     
0.70       | 0.43     | 0.00     | 0.00     | 0.00     
==================================================

========================================
End    : Thu May 21 23:09:31 +03 2026
Output : output_classical/job_1094578
total 115K
-rw-r--r-- 1 aerturk23 hpcusers  33K May 21  2026 best_model.pth
-rw-r--r-- 1 aerturk23 hpcusers  362 May 21 23:09 config.json
-rw-r--r-- 1 aerturk23 hpcusers  13K May 21 23:09 history.json
-rw-r--r-- 1 aerturk23 hpcusers  966 May 21 23:09 output.err
-rw-r--r-- 1 aerturk23 hpcusers 8.2K May 21 23:09 output.log
-rw-r--r-- 1 aerturk23 hpcusers  60K May 21 23:09 training_metrics.png
========================================
