========================================
Job ID : 1094611
Start  : Fri May 22 01:59:43 +03 2026
GPU    : Tesla T4
========================================
--- Classical LSTM Script starting ---
[*] Configuration saved to: output_classical/job_1094611/config.json
========================================
MODEL                 : CLASSICAL LSTM
DATA SOURCE SELECTION : BACH
TRAINING SIZE         : 100
VALIDATION SIZE       : 50
TEST SIZE             : 100
WEIGHT DECAY          : 0.0001
DROPOUT RATE          : 0.5
CLASSIFICATION THRESHOLD : 0.5
BATCH SIZE            : 16
EMBED/HIDDEN DIMS     : 16 / 32
========================================

--- Preparing Dataset and Tokenization ---
[*] REAL DATASET SIZES -> Train: 100 | Val: 50 | Test: 100
--- Initializing Classical Model ---

--- Starting Classical LSTM Training (Epochs: 100) ---
Ep 01/100 | TR Loss: 0.7026 Acc: 0.45 | VAL Loss: 0.6857 Acc: 0.54 *(Best)*
Ep 02/100 | TR Loss: 0.6942 Acc: 0.39 | VAL Loss: 0.7019 Acc: 0.46 
Ep 03/100 | TR Loss: 0.6932 Acc: 0.49 | VAL Loss: 0.7010 Acc: 0.46 
Ep 04/100 | TR Loss: 0.6838 Acc: 0.56 | VAL Loss: 0.6332 Acc: 0.74 *(Best)*
Ep 05/100 | TR Loss: 0.5996 Acc: 0.71 | VAL Loss: 0.5665 Acc: 0.74 *(Best)*
Ep 06/100 | TR Loss: 0.5619 Acc: 0.74 | VAL Loss: 0.5700 Acc: 0.74 
Ep 07/100 | TR Loss: 0.5668 Acc: 0.75 | VAL Loss: 0.6018 Acc: 0.74 
Ep 08/100 | TR Loss: 0.6131 Acc: 0.76 | VAL Loss: 0.5898 Acc: 0.74 
Ep 09/100 | TR Loss: 0.5506 Acc: 0.76 | VAL Loss: 0.6213 Acc: 0.74 
Ep 10/100 | TR Loss: 0.5603 Acc: 0.75 | VAL Loss: 0.5308 Acc: 0.76 *(Best)*
Ep 11/100 | TR Loss: 0.5251 Acc: 0.76 | VAL Loss: 0.5434 Acc: 0.80 
Ep 12/100 | TR Loss: 0.5696 Acc: 0.76 | VAL Loss: 0.5948 Acc: 0.76 
Ep 13/100 | TR Loss: 0.5594 Acc: 0.77 | VAL Loss: 0.5913 Acc: 0.76 
Ep 14/100 | TR Loss: 0.5479 Acc: 0.76 | VAL Loss: 0.5924 Acc: 0.76 
Ep 15/100 | TR Loss: 0.5766 Acc: 0.75 | VAL Loss: 0.5876 Acc: 0.76 
Ep 16/100 | TR Loss: 0.5388 Acc: 0.76 | VAL Loss: 0.5865 Acc: 0.78 
Ep 17/100 | TR Loss: 0.5252 Acc: 0.76 | VAL Loss: 0.5964 Acc: 0.78 
Ep 18/100 | TR Loss: 0.5859 Acc: 0.74 | VAL Loss: 0.6251 Acc: 0.76 
Ep 19/100 | TR Loss: 0.5487 Acc: 0.74 | VAL Loss: 0.7109 Acc: 0.74 
Ep 20/100 | TR Loss: 0.5988 Acc: 0.74 | VAL Loss: 0.7029 Acc: 0.72 
Ep 21/100 | TR Loss: 0.5601 Acc: 0.73 | VAL Loss: 0.6634 Acc: 0.74 
Ep 22/100 | TR Loss: 0.5724 Acc: 0.73 | VAL Loss: 0.6846 Acc: 0.68 
Ep 23/100 | TR Loss: 0.5392 Acc: 0.72 | VAL Loss: 0.6550 Acc: 0.74 
Ep 24/100 | TR Loss: 0.5153 Acc: 0.74 | VAL Loss: 0.5521 Acc: 0.76 
Ep 25/100 | TR Loss: 0.5608 Acc: 0.76 | VAL Loss: 0.5584 Acc: 0.76 
Ep 26/100 | TR Loss: 0.5508 Acc: 0.74 | VAL Loss: 0.5414 Acc: 0.78 
Ep 27/100 | TR Loss: 0.5419 Acc: 0.74 | VAL Loss: 0.7478 Acc: 0.64 
Ep 28/100 | TR Loss: 0.6644 Acc: 0.61 | VAL Loss: 0.7244 Acc: 0.66 
Ep 29/100 | TR Loss: 0.6226 Acc: 0.66 | VAL Loss: 0.5433 Acc: 0.80 
Ep 30/100 | TR Loss: 0.5826 Acc: 0.73 | VAL Loss: 0.5099 Acc: 0.80 *(Best)*
Ep 31/100 | TR Loss: 0.4830 Acc: 0.77 | VAL Loss: 0.4998 Acc: 0.80 *(Best)*
Ep 32/100 | TR Loss: 0.4876 Acc: 0.77 | VAL Loss: 0.4969 Acc: 0.78 *(Best)*
Ep 33/100 | TR Loss: 0.5357 Acc: 0.76 | VAL Loss: 0.4925 Acc: 0.78 *(Best)*
Ep 34/100 | TR Loss: 0.5134 Acc: 0.75 | VAL Loss: 0.4721 Acc: 0.78 *(Best)*
Ep 35/100 | TR Loss: 0.4992 Acc: 0.76 | VAL Loss: 0.5051 Acc: 0.76 
Ep 36/100 | TR Loss: 0.4524 Acc: 0.78 | VAL Loss: 0.5045 Acc: 0.78 
Ep 37/100 | TR Loss: 0.4371 Acc: 0.78 | VAL Loss: 0.5051 Acc: 0.78 
Ep 38/100 | TR Loss: 0.4596 Acc: 0.79 | VAL Loss: 0.5000 Acc: 0.80 
Ep 39/100 | TR Loss: 0.4362 Acc: 0.79 | VAL Loss: 0.4952 Acc: 0.80 
Ep 40/100 | TR Loss: 0.5428 Acc: 0.79 | VAL Loss: 0.5200 Acc: 0.78 
Ep 41/100 | TR Loss: 0.4203 Acc: 0.79 | VAL Loss: 0.5257 Acc: 0.80 
Ep 42/100 | TR Loss: 0.4252 Acc: 0.80 | VAL Loss: 0.5267 Acc: 0.78 
Ep 43/100 | TR Loss: 0.4500 Acc: 0.80 | VAL Loss: 0.5171 Acc: 0.78 
Ep 44/100 | TR Loss: 0.4372 Acc: 0.80 | VAL Loss: 0.4801 Acc: 0.80 
Ep 45/100 | TR Loss: 0.4314 Acc: 0.80 | VAL Loss: 0.4861 Acc: 0.78 
Ep 46/100 | TR Loss: 0.3961 Acc: 0.80 | VAL Loss: 0.5433 Acc: 0.82 
Ep 47/100 | TR Loss: 0.4645 Acc: 0.80 | VAL Loss: 0.4878 Acc: 0.80 
Ep 48/100 | TR Loss: 0.4262 Acc: 0.82 | VAL Loss: 0.4488 Acc: 0.80 *(Best)*
Ep 49/100 | TR Loss: 0.4458 Acc: 0.82 | VAL Loss: 0.4324 Acc: 0.78 *(Best)*
Ep 50/100 | TR Loss: 0.4031 Acc: 0.84 | VAL Loss: 0.4342 Acc: 0.78 
Ep 51/100 | TR Loss: 0.3474 Acc: 0.85 | VAL Loss: 0.4565 Acc: 0.80 
Ep 52/100 | TR Loss: 0.3238 Acc: 0.84 | VAL Loss: 0.4925 Acc: 0.80 
Ep 53/100 | TR Loss: 0.3315 Acc: 0.81 | VAL Loss: 0.4817 Acc: 0.80 
Ep 54/100 | TR Loss: 0.2925 Acc: 0.85 | VAL Loss: 0.5403 Acc: 0.80 
Ep 55/100 | TR Loss: 0.2808 Acc: 0.84 | VAL Loss: 0.5198 Acc: 0.76 
Ep 56/100 | TR Loss: 0.2959 Acc: 0.85 | VAL Loss: 0.5325 Acc: 0.78 
Ep 57/100 | TR Loss: 0.3404 Acc: 0.87 | VAL Loss: 0.4994 Acc: 0.76 
Ep 58/100 | TR Loss: 0.2876 Acc: 0.85 | VAL Loss: 0.4928 Acc: 0.68 
Ep 59/100 | TR Loss: 0.2190 Acc: 0.87 | VAL Loss: 0.9857 Acc: 0.80 
Ep 60/100 | TR Loss: 0.2549 Acc: 0.87 | VAL Loss: 0.9012 Acc: 0.70 
Ep 61/100 | TR Loss: 0.2490 Acc: 0.87 | VAL Loss: 0.9164 Acc: 0.76 
Ep 62/100 | TR Loss: 0.2462 Acc: 0.86 | VAL Loss: 0.9092 Acc: 0.82 
Ep 63/100 | TR Loss: 0.2318 Acc: 0.91 | VAL Loss: 0.9446 Acc: 0.76 
Ep 64/100 | TR Loss: 0.1830 Acc: 0.91 | VAL Loss: 1.0656 Acc: 0.76 
Ep 65/100 | TR Loss: 0.2177 Acc: 0.91 | VAL Loss: 1.1457 Acc: 0.76 
Ep 66/100 | TR Loss: 0.2763 Acc: 0.91 | VAL Loss: 1.1443 Acc: 0.76 
Ep 67/100 | TR Loss: 0.3705 Acc: 0.85 | VAL Loss: 0.8124 Acc: 0.74 
Ep 68/100 | TR Loss: 0.5065 Acc: 0.83 | VAL Loss: 0.5592 Acc: 0.84 
Ep 69/100 | TR Loss: 0.4600 Acc: 0.80 | VAL Loss: 0.5388 Acc: 0.82 
Ep 70/100 | TR Loss: 0.3812 Acc: 0.85 | VAL Loss: 0.7865 Acc: 0.74 
Ep 71/100 | TR Loss: 0.3403 Acc: 0.85 | VAL Loss: 0.9596 Acc: 0.76 
Ep 72/100 | TR Loss: 0.3525 Acc: 0.87 | VAL Loss: 1.0311 Acc: 0.76 
Ep 73/100 | TR Loss: 0.3297 Acc: 0.87 | VAL Loss: 1.0697 Acc: 0.76 
Ep 74/100 | TR Loss: 0.3032 Acc: 0.87 | VAL Loss: 1.0891 Acc: 0.76 
Ep 75/100 | TR Loss: 0.3028 Acc: 0.87 | VAL Loss: 1.1065 Acc: 0.76 
Ep 76/100 | TR Loss: 0.3550 Acc: 0.87 | VAL Loss: 1.1239 Acc: 0.76 
Ep 77/100 | TR Loss: 0.3434 Acc: 0.87 | VAL Loss: 1.1239 Acc: 0.76 
Ep 78/100 | TR Loss: 0.3396 Acc: 0.87 | VAL Loss: 1.1219 Acc: 0.76 
Ep 79/100 | TR Loss: 0.3682 Acc: 0.87 | VAL Loss: 1.1225 Acc: 0.76 
Ep 80/100 | TR Loss: 0.3639 Acc: 0.88 | VAL Loss: 1.0895 Acc: 0.82 
Ep 81/100 | TR Loss: 0.3532 Acc: 0.86 | VAL Loss: 1.0089 Acc: 0.76 
Ep 82/100 | TR Loss: 0.3033 Acc: 0.87 | VAL Loss: 0.9593 Acc: 0.72 
Ep 83/100 | TR Loss: 0.3029 Acc: 0.87 | VAL Loss: 0.9514 Acc: 0.72 
Ep 84/100 | TR Loss: 0.3875 Acc: 0.87 | VAL Loss: 0.9809 Acc: 0.72 
Ep 85/100 | TR Loss: 0.3043 Acc: 0.87 | VAL Loss: 0.9978 Acc: 0.72 
Ep 86/100 | TR Loss: 0.3461 Acc: 0.87 | VAL Loss: 1.0223 Acc: 0.72 
Ep 87/100 | TR Loss: 0.3869 Acc: 0.87 | VAL Loss: 1.0424 Acc: 0.72 
Ep 88/100 | TR Loss: 0.3076 Acc: 0.87 | VAL Loss: 1.0669 Acc: 0.72 
Ep 89/100 | TR Loss: 0.3126 Acc: 0.87 | VAL Loss: 1.0834 Acc: 0.74 
Ep 90/100 | TR Loss: 0.2894 Acc: 0.87 | VAL Loss: 1.0840 Acc: 0.76 
Ep 91/100 | TR Loss: 0.3364 Acc: 0.86 | VAL Loss: 1.1744 Acc: 0.68 
Ep 92/100 | TR Loss: 0.3131 Acc: 0.86 | VAL Loss: 1.1722 Acc: 0.66 
Ep 93/100 | TR Loss: 0.3113 Acc: 0.86 | VAL Loss: 1.1738 Acc: 0.66 
Ep 94/100 | TR Loss: 0.3398 Acc: 0.86 | VAL Loss: 1.1673 Acc: 0.68 
Ep 95/100 | TR Loss: 0.3393 Acc: 0.86 | VAL Loss: 1.1551 Acc: 0.68 
Ep 96/100 | TR Loss: 0.3456 Acc: 0.87 | VAL Loss: 1.1325 Acc: 0.74 
Ep 97/100 | TR Loss: 0.3467 Acc: 0.86 | VAL Loss: 1.1017 Acc: 0.70 
Ep 98/100 | TR Loss: 0.3156 Acc: 0.87 | VAL Loss: 1.0736 Acc: 0.70 
Ep 99/100 | TR Loss: 0.3370 Acc: 0.88 | VAL Loss: 1.0892 Acc: 0.74 
Ep 100/100 | TR Loss: 0.2881 Acc: 0.88 | VAL Loss: 1.1102 Acc: 0.78 

==================================================
BEST MODEL TEST SET EVALUATION (MULTIPLE THRESHOLDS)
==================================================
Threshold  | Acc      | Prec     | Rec      | F1      
--------------------------------------------------
0.30       | 0.67     | 0.64     | 0.78     | 0.70     
0.40       | 0.69     | 0.68     | 0.72     | 0.70     
0.50       | 0.76     | 0.81     | 0.68     | 0.74     <-- (Arg)
0.60       | 0.77     | 0.86     | 0.64     | 0.74     
0.70       | 0.77     | 0.86     | 0.64     | 0.74     
==================================================

========================================
End    : Fri May 22 01:59:54 +03 2026
Output : output_classical/job_1094611
total 163K
-rw-r--r-- 1 aerturk23 hpcusers  34K May 22  2026 best_model.pth
-rw-r--r-- 1 aerturk23 hpcusers  365 May 22 01:59 config.json
-rw-r--r-- 1 aerturk23 hpcusers  14K May 22  2026 history.json
-rw-r--r-- 1 aerturk23 hpcusers  966 May 22 01:59 output.err
-rw-r--r-- 1 aerturk23 hpcusers 8.3K May 22  2026 output.log
-rw-r--r-- 1 aerturk23 hpcusers 105K May 22 01:59 training_metrics.png
========================================
