========================================
Job ID : 1094628
Start  : Fri May 22 02:31:57 +03 2026
GPU    : Tesla T4
========================================
--- Classical LSTM Script starting ---
[*] Configuration saved to: output_classical/job_1094628/config.json
========================================
MODEL                 : CLASSICAL LSTM
DATA SOURCE SELECTION : BACH
TRAINING SIZE         : 500
VALIDATION SIZE       : 50
TEST SIZE             : 100
WEIGHT DECAY          : 0.0001
DROPOUT RATE          : 0.5
CLASSIFICATION THRESHOLD : 0.5
BATCH SIZE            : 16
EMBED/HIDDEN DIMS     : 16 / 32
========================================

--- Preparing Dataset and Tokenization ---
[*] REAL DATASET SIZES -> Train: 500 | Val: 50 | Test: 100
--- Initializing Classical Model ---

--- Starting Classical LSTM Training (Epochs: 100) ---
Ep 01/100 | TR Loss: 0.6456 Acc: 0.56 | VAL Loss: 0.4969 Acc: 0.78 *(Best)*
Ep 02/100 | TR Loss: 0.5457 Acc: 0.75 | VAL Loss: 0.5995 Acc: 0.76 
Ep 03/100 | TR Loss: 0.5613 Acc: 0.76 | VAL Loss: 0.5143 Acc: 0.76 
Ep 04/100 | TR Loss: 0.5276 Acc: 0.78 | VAL Loss: 0.5931 Acc: 0.74 
Ep 05/100 | TR Loss: 0.5036 Acc: 0.79 | VAL Loss: 0.6663 Acc: 0.70 
Ep 06/100 | TR Loss: 0.5350 Acc: 0.78 | VAL Loss: 0.6573 Acc: 0.68 
Ep 07/100 | TR Loss: 0.4834 Acc: 0.80 | VAL Loss: 0.5544 Acc: 0.76 
Ep 08/100 | TR Loss: 0.4819 Acc: 0.80 | VAL Loss: 0.4943 Acc: 0.80 *(Best)*
Ep 09/100 | TR Loss: 0.4701 Acc: 0.82 | VAL Loss: 0.5291 Acc: 0.80 
Ep 10/100 | TR Loss: 0.4479 Acc: 0.83 | VAL Loss: 0.5259 Acc: 0.80 
Ep 11/100 | TR Loss: 0.4242 Acc: 0.84 | VAL Loss: 0.5145 Acc: 0.82 
Ep 12/100 | TR Loss: 0.4054 Acc: 0.84 | VAL Loss: 0.5227 Acc: 0.80 
Ep 13/100 | TR Loss: 0.3969 Acc: 0.86 | VAL Loss: 0.5526 Acc: 0.82 
Ep 14/100 | TR Loss: 0.4108 Acc: 0.84 | VAL Loss: 0.5293 Acc: 0.80 
Ep 15/100 | TR Loss: 0.4121 Acc: 0.85 | VAL Loss: 0.5590 Acc: 0.80 
Ep 16/100 | TR Loss: 0.3717 Acc: 0.87 | VAL Loss: 0.5567 Acc: 0.76 
Ep 17/100 | TR Loss: 0.3825 Acc: 0.85 | VAL Loss: 0.5033 Acc: 0.84 
Ep 18/100 | TR Loss: 0.3625 Acc: 0.86 | VAL Loss: 0.5891 Acc: 0.78 
Ep 19/100 | TR Loss: 0.3689 Acc: 0.86 | VAL Loss: 0.5038 Acc: 0.82 
Ep 20/100 | TR Loss: 0.3607 Acc: 0.87 | VAL Loss: 0.5682 Acc: 0.80 
Ep 21/100 | TR Loss: 0.3807 Acc: 0.85 | VAL Loss: 0.4883 Acc: 0.86 *(Best)*
Ep 22/100 | TR Loss: 0.3705 Acc: 0.85 | VAL Loss: 0.5477 Acc: 0.84 
Ep 23/100 | TR Loss: 0.3672 Acc: 0.86 | VAL Loss: 0.5162 Acc: 0.82 
Ep 24/100 | TR Loss: 0.3544 Acc: 0.87 | VAL Loss: 0.4809 Acc: 0.84 *(Best)*
Ep 25/100 | TR Loss: 0.3462 Acc: 0.87 | VAL Loss: 0.5251 Acc: 0.82 
Ep 26/100 | TR Loss: 0.3380 Acc: 0.87 | VAL Loss: 0.5528 Acc: 0.82 
Ep 27/100 | TR Loss: 0.3379 Acc: 0.86 | VAL Loss: 0.5807 Acc: 0.80 
Ep 28/100 | TR Loss: 0.3138 Acc: 0.87 | VAL Loss: 0.6314 Acc: 0.82 
Ep 29/100 | TR Loss: 0.3280 Acc: 0.87 | VAL Loss: 0.5451 Acc: 0.82 
Ep 30/100 | TR Loss: 0.3413 Acc: 0.86 | VAL Loss: 0.5101 Acc: 0.84 
Ep 31/100 | TR Loss: 0.3447 Acc: 0.85 | VAL Loss: 0.5365 Acc: 0.82 
Ep 32/100 | TR Loss: 0.3304 Acc: 0.86 | VAL Loss: 0.5277 Acc: 0.84 
Ep 33/100 | TR Loss: 0.3225 Acc: 0.86 | VAL Loss: 0.5481 Acc: 0.82 
Ep 34/100 | TR Loss: 0.3167 Acc: 0.86 | VAL Loss: 0.5539 Acc: 0.78 
Ep 35/100 | TR Loss: 0.3264 Acc: 0.87 | VAL Loss: 0.5684 Acc: 0.84 
Ep 36/100 | TR Loss: 0.3242 Acc: 0.86 | VAL Loss: 0.5568 Acc: 0.82 
Ep 37/100 | TR Loss: 0.3098 Acc: 0.87 | VAL Loss: 0.5483 Acc: 0.82 
Ep 38/100 | TR Loss: 0.3228 Acc: 0.87 | VAL Loss: 0.5418 Acc: 0.84 
Ep 39/100 | TR Loss: 0.3208 Acc: 0.87 | VAL Loss: 0.5450 Acc: 0.82 
Ep 40/100 | TR Loss: 0.3385 Acc: 0.87 | VAL Loss: 0.5035 Acc: 0.80 
Ep 41/100 | TR Loss: 0.3390 Acc: 0.87 | VAL Loss: 0.5377 Acc: 0.82 
Ep 42/100 | TR Loss: 0.3223 Acc: 0.87 | VAL Loss: 0.5276 Acc: 0.80 
Ep 43/100 | TR Loss: 0.3055 Acc: 0.88 | VAL Loss: 0.5390 Acc: 0.82 
Ep 44/100 | TR Loss: 0.3075 Acc: 0.88 | VAL Loss: 0.5573 Acc: 0.82 
Ep 45/100 | TR Loss: 0.3030 Acc: 0.88 | VAL Loss: 0.5672 Acc: 0.82 
Ep 46/100 | TR Loss: 0.3092 Acc: 0.88 | VAL Loss: 0.5762 Acc: 0.80 
Ep 47/100 | TR Loss: 0.3044 Acc: 0.88 | VAL Loss: 0.5242 Acc: 0.84 
Ep 48/100 | TR Loss: 0.3118 Acc: 0.88 | VAL Loss: 0.6339 Acc: 0.80 
Ep 49/100 | TR Loss: 0.3163 Acc: 0.87 | VAL Loss: 0.5258 Acc: 0.84 
Ep 50/100 | TR Loss: 0.3225 Acc: 0.87 | VAL Loss: 0.5119 Acc: 0.84 
Ep 51/100 | TR Loss: 0.3020 Acc: 0.89 | VAL Loss: 0.5922 Acc: 0.82 
Ep 52/100 | TR Loss: 0.2940 Acc: 0.89 | VAL Loss: 0.5350 Acc: 0.84 
Ep 53/100 | TR Loss: 0.2933 Acc: 0.88 | VAL Loss: 0.5738 Acc: 0.82 
Ep 54/100 | TR Loss: 0.2995 Acc: 0.89 | VAL Loss: 0.5774 Acc: 0.78 
Ep 55/100 | TR Loss: 0.2877 Acc: 0.89 | VAL Loss: 0.5869 Acc: 0.78 
Ep 56/100 | TR Loss: 0.2913 Acc: 0.89 | VAL Loss: 0.6110 Acc: 0.78 
Ep 57/100 | TR Loss: 0.2816 Acc: 0.89 | VAL Loss: 0.6157 Acc: 0.78 
Ep 58/100 | TR Loss: 0.2888 Acc: 0.89 | VAL Loss: 0.6087 Acc: 0.78 
Ep 59/100 | TR Loss: 0.2840 Acc: 0.89 | VAL Loss: 0.6281 Acc: 0.78 
Ep 60/100 | TR Loss: 0.3619 Acc: 0.86 | VAL Loss: 0.5422 Acc: 0.80 
Ep 61/100 | TR Loss: 0.3888 Acc: 0.84 | VAL Loss: 0.5473 Acc: 0.78 
Ep 62/100 | TR Loss: 0.3667 Acc: 0.85 | VAL Loss: 0.5420 Acc: 0.78 
Ep 63/100 | TR Loss: 0.3477 Acc: 0.85 | VAL Loss: 0.5594 Acc: 0.80 
Ep 64/100 | TR Loss: 0.3547 Acc: 0.86 | VAL Loss: 0.5473 Acc: 0.78 
Ep 65/100 | TR Loss: 0.3408 Acc: 0.86 | VAL Loss: 0.5606 Acc: 0.80 
Ep 66/100 | TR Loss: 0.3375 Acc: 0.86 | VAL Loss: 0.5759 Acc: 0.78 
Ep 67/100 | TR Loss: 0.3304 Acc: 0.86 | VAL Loss: 0.5916 Acc: 0.78 
Ep 68/100 | TR Loss: 0.3255 Acc: 0.86 | VAL Loss: 0.5791 Acc: 0.80 
Ep 69/100 | TR Loss: 0.3098 Acc: 0.86 | VAL Loss: 0.5890 Acc: 0.78 
Ep 70/100 | TR Loss: 0.3163 Acc: 0.86 | VAL Loss: 0.6071 Acc: 0.78 
Ep 71/100 | TR Loss: 0.3148 Acc: 0.87 | VAL Loss: 0.6202 Acc: 0.76 
Ep 72/100 | TR Loss: 0.3119 Acc: 0.86 | VAL Loss: 0.6173 Acc: 0.78 
Ep 73/100 | TR Loss: 0.3071 Acc: 0.87 | VAL Loss: 0.6537 Acc: 0.78 
Ep 74/100 | TR Loss: 0.3141 Acc: 0.87 | VAL Loss: 0.6025 Acc: 0.78 
Ep 75/100 | TR Loss: 0.3236 Acc: 0.86 | VAL Loss: 0.6175 Acc: 0.76 
Ep 76/100 | TR Loss: 0.3344 Acc: 0.86 | VAL Loss: 0.5690 Acc: 0.78 
Ep 77/100 | TR Loss: 0.3427 Acc: 0.86 | VAL Loss: 0.5670 Acc: 0.78 
Ep 78/100 | TR Loss: 0.3126 Acc: 0.87 | VAL Loss: 0.6555 Acc: 0.76 
Ep 79/100 | TR Loss: 0.3081 Acc: 0.87 | VAL Loss: 0.6908 Acc: 0.76 
Ep 80/100 | TR Loss: 0.3175 Acc: 0.87 | VAL Loss: 0.6782 Acc: 0.76 
Ep 81/100 | TR Loss: 0.3087 Acc: 0.87 | VAL Loss: 0.6706 Acc: 0.76 
Ep 82/100 | TR Loss: 0.3441 Acc: 0.87 | VAL Loss: 0.7065 Acc: 0.76 
Ep 83/100 | TR Loss: 0.3034 Acc: 0.87 | VAL Loss: 0.7852 Acc: 0.74 
Ep 84/100 | TR Loss: 0.3605 Acc: 0.87 | VAL Loss: 0.5728 Acc: 0.74 
Ep 85/100 | TR Loss: 0.3106 Acc: 0.87 | VAL Loss: 0.6540 Acc: 0.76 
Ep 86/100 | TR Loss: 0.3355 Acc: 0.85 | VAL Loss: 0.6215 Acc: 0.72 
Ep 87/100 | TR Loss: 0.3370 Acc: 0.85 | VAL Loss: 0.5500 Acc: 0.80 
Ep 88/100 | TR Loss: 0.3436 Acc: 0.85 | VAL Loss: 0.5763 Acc: 0.78 
Ep 89/100 | TR Loss: 0.3442 Acc: 0.86 | VAL Loss: 0.5707 Acc: 0.80 
Ep 90/100 | TR Loss: 0.3356 Acc: 0.86 | VAL Loss: 0.5623 Acc: 0.80 
Ep 91/100 | TR Loss: 0.3233 Acc: 0.86 | VAL Loss: 0.5851 Acc: 0.78 
Ep 92/100 | TR Loss: 0.3239 Acc: 0.86 | VAL Loss: 0.5849 Acc: 0.78 
Ep 93/100 | TR Loss: 0.3640 Acc: 0.85 | VAL Loss: 0.5349 Acc: 0.82 
Ep 94/100 | TR Loss: 0.3273 Acc: 0.86 | VAL Loss: 0.5367 Acc: 0.80 
Ep 95/100 | TR Loss: 0.3146 Acc: 0.86 | VAL Loss: 0.5396 Acc: 0.84 
Ep 96/100 | TR Loss: 0.3084 Acc: 0.87 | VAL Loss: 0.5417 Acc: 0.84 
Ep 97/100 | TR Loss: 0.3165 Acc: 0.87 | VAL Loss: 0.5463 Acc: 0.80 
Ep 98/100 | TR Loss: 0.3030 Acc: 0.87 | VAL Loss: 0.5675 Acc: 0.82 
Ep 99/100 | TR Loss: 0.3160 Acc: 0.87 | VAL Loss: 0.5619 Acc: 0.82 
Ep 100/100 | TR Loss: 0.3507 Acc: 0.87 | VAL Loss: 0.5933 Acc: 0.78 

==================================================
BEST MODEL TEST SET EVALUATION (MULTIPLE THRESHOLDS)
==================================================
Threshold  | Acc      | Prec     | Rec      | F1      
--------------------------------------------------
0.30       | 0.84     | 0.90     | 0.76     | 0.82     
0.40       | 0.84     | 0.90     | 0.76     | 0.82     
0.50       | 0.84     | 0.90     | 0.76     | 0.82     <-- (Arg)
0.60       | 0.84     | 0.90     | 0.76     | 0.82     
0.70       | 0.84     | 0.90     | 0.76     | 0.82     
==================================================

========================================
End    : Fri May 22 02:32:16 +03 2026
Output : output_classical/job_1094628
total 178K
-rw-r--r-- 1 aerturk23 hpcusers  35K May 22  2026 best_model.pth
-rw-r--r-- 1 aerturk23 hpcusers  363 May 22 02:32 config.json
-rw-r--r-- 1 aerturk23 hpcusers  14K May 22  2026 history.json
-rw-r--r-- 1 aerturk23 hpcusers  966 May 22 02:31 output.err
-rw-r--r-- 1 aerturk23 hpcusers 8.2K May 22  2026 output.log
-rw-r--r-- 1 aerturk23 hpcusers 119K May 22 02:32 training_metrics.png
========================================
