========================================
Job ID : 1094592
Start  : Thu May 21 23:34:04 +03 2026
GPU    : Tesla T4
========================================
--- Quantum QNLP Script starting ---
[*] Configuration saved to: output_qnlp/job_1094592/config.json
========================================
DATA SOURCE SELECTION : BACH
TRAINING SIZE         : 50
VALIDATION SIZE       : 50
TEST SIZE             : 100
WEIGHT DECAY          : 0.0001
CLASSIFICATION THRESHOLD : 0.5
QUANTUM LAYERS        : 1
========================================

--- Preparing Dataset ---
Generating DisCoCat grammar diagrams...
Generating quantum circuits (IQP Ansatz)...

--- Starting Quantum Model Training (Epochs: 100) ---
========================================
End    : Thu May 21 23:36:37 +03 2026
Output : output_qnlp/job_1094592
total 2.0K
-rw-r--r-- 1 aerturk23 hpcusers 291 May 21 23:34 config.json
-rw-r--r-- 1 aerturk23 hpcusers 313 May 21 23:34 output.err
-rw-r--r-- 1 aerturk23 hpcusers 815 May 21 23:34 output.log
========================================
