========================================
Job ID : 1094766
Start  : Fri May 22 06:31:14 +03 2026
GPU    : Tesla T4
========================================
--- Classical LSTM Script starting ---
[*] Configuration saved to: output_classical/job_1094766/config.json
========================================
MODEL                 : CLASSICAL LSTM
DATA SOURCE SELECTION : SYNTHETIC
TRAINING SIZE         : 10
VALIDATION SIZE       : 50
TEST SIZE             : 100
WEIGHT DECAY          : 0.0001
DROPOUT RATE          : 0.5
CLASSIFICATION THRESHOLD : 0.5
BATCH SIZE            : 16
EMBED/HIDDEN DIMS     : 16 / 32
========================================

--- Preparing Dataset and Tokenization ---
[*] REAL DATASET SIZES -> Train: 10 | Val: 50 | Test: 100
--- Initializing Classical Model ---

--- Starting Classical LSTM Training (Epochs: 100) ---
Ep 01/100 | TR Loss: 0.6902 Acc: 0.60 | VAL Loss: 0.7141 Acc: 0.54 *(Best)*
Ep 02/100 | TR Loss: 0.6615 Acc: 0.60 | VAL Loss: 0.7182 Acc: 0.54 
Ep 03/100 | TR Loss: 0.6357 Acc: 0.60 | VAL Loss: 0.7220 Acc: 0.54 
Ep 04/100 | TR Loss: 0.6096 Acc: 0.70 | VAL Loss: 0.7245 Acc: 0.54 
Ep 05/100 | TR Loss: 0.5811 Acc: 0.70 | VAL Loss: 0.7246 Acc: 0.60 
Ep 06/100 | TR Loss: 0.5485 Acc: 0.70 | VAL Loss: 0.7210 Acc: 0.60 
Ep 07/100 | TR Loss: 0.5104 Acc: 0.80 | VAL Loss: 0.7123 Acc: 0.60 *(Best)*
Ep 08/100 | TR Loss: 0.4662 Acc: 0.90 | VAL Loss: 0.6973 Acc: 0.56 *(Best)*
Ep 09/100 | TR Loss: 0.4159 Acc: 0.90 | VAL Loss: 0.6756 Acc: 0.62 *(Best)*
Ep 10/100 | TR Loss: 0.3603 Acc: 1.00 | VAL Loss: 0.6474 Acc: 0.68 *(Best)*
Ep 11/100 | TR Loss: 0.3013 Acc: 1.00 | VAL Loss: 0.6141 Acc: 0.68 *(Best)*
Ep 12/100 | TR Loss: 0.2417 Acc: 1.00 | VAL Loss: 0.5783 Acc: 0.70 *(Best)*
Ep 13/100 | TR Loss: 0.1849 Acc: 1.00 | VAL Loss: 0.5441 Acc: 0.76 *(Best)*
Ep 14/100 | TR Loss: 0.1346 Acc: 1.00 | VAL Loss: 0.5165 Acc: 0.76 *(Best)*
Ep 15/100 | TR Loss: 0.0944 Acc: 1.00 | VAL Loss: 0.4994 Acc: 0.76 *(Best)*
Ep 16/100 | TR Loss: 0.0653 Acc: 1.00 | VAL Loss: 0.4945 Acc: 0.78 *(Best)*
Ep 17/100 | TR Loss: 0.0456 Acc: 1.00 | VAL Loss: 0.5020 Acc: 0.78 
Ep 18/100 | TR Loss: 0.0323 Acc: 1.00 | VAL Loss: 0.5209 Acc: 0.78 
Ep 19/100 | TR Loss: 0.0233 Acc: 1.00 | VAL Loss: 0.5495 Acc: 0.78 
Ep 20/100 | TR Loss: 0.0171 Acc: 1.00 | VAL Loss: 0.5861 Acc: 0.80 
Ep 21/100 | TR Loss: 0.0127 Acc: 1.00 | VAL Loss: 0.6284 Acc: 0.80 
Ep 22/100 | TR Loss: 0.0096 Acc: 1.00 | VAL Loss: 0.6740 Acc: 0.80 
Ep 23/100 | TR Loss: 0.0074 Acc: 1.00 | VAL Loss: 0.7209 Acc: 0.80 
Ep 24/100 | TR Loss: 0.0057 Acc: 1.00 | VAL Loss: 0.7677 Acc: 0.80 
Ep 25/100 | TR Loss: 0.0045 Acc: 1.00 | VAL Loss: 0.8137 Acc: 0.86 
Ep 26/100 | TR Loss: 0.0036 Acc: 1.00 | VAL Loss: 0.8584 Acc: 0.86 
Ep 27/100 | TR Loss: 0.0030 Acc: 1.00 | VAL Loss: 0.9016 Acc: 0.86 
Ep 28/100 | TR Loss: 0.0024 Acc: 1.00 | VAL Loss: 0.9428 Acc: 0.86 
Ep 29/100 | TR Loss: 0.0020 Acc: 1.00 | VAL Loss: 0.9818 Acc: 0.86 
Ep 30/100 | TR Loss: 0.0017 Acc: 1.00 | VAL Loss: 1.0184 Acc: 0.86 
Ep 31/100 | TR Loss: 0.0015 Acc: 1.00 | VAL Loss: 1.0525 Acc: 0.86 
Ep 32/100 | TR Loss: 0.0013 Acc: 1.00 | VAL Loss: 1.0841 Acc: 0.86 
Ep 33/100 | TR Loss: 0.0011 Acc: 1.00 | VAL Loss: 1.1134 Acc: 0.86 
Ep 34/100 | TR Loss: 0.0010 Acc: 1.00 | VAL Loss: 1.1404 Acc: 0.86 
Ep 35/100 | TR Loss: 0.0009 Acc: 1.00 | VAL Loss: 1.1653 Acc: 0.86 
Ep 36/100 | TR Loss: 0.0008 Acc: 1.00 | VAL Loss: 1.1882 Acc: 0.86 
Ep 37/100 | TR Loss: 0.0007 Acc: 1.00 | VAL Loss: 1.2092 Acc: 0.86 
Ep 38/100 | TR Loss: 0.0007 Acc: 1.00 | VAL Loss: 1.2284 Acc: 0.86 
Ep 39/100 | TR Loss: 0.0006 Acc: 1.00 | VAL Loss: 1.2460 Acc: 0.86 
Ep 40/100 | TR Loss: 0.0006 Acc: 1.00 | VAL Loss: 1.2620 Acc: 0.86 
Ep 41/100 | TR Loss: 0.0006 Acc: 1.00 | VAL Loss: 1.2765 Acc: 0.86 
Ep 42/100 | TR Loss: 0.0005 Acc: 1.00 | VAL Loss: 1.2897 Acc: 0.86 
Ep 43/100 | TR Loss: 0.0005 Acc: 1.00 | VAL Loss: 1.3015 Acc: 0.86 
Ep 44/100 | TR Loss: 0.0005 Acc: 1.00 | VAL Loss: 1.3122 Acc: 0.86 
Ep 45/100 | TR Loss: 0.0005 Acc: 1.00 | VAL Loss: 1.3217 Acc: 0.86 
Ep 46/100 | TR Loss: 0.0004 Acc: 1.00 | VAL Loss: 1.3303 Acc: 0.86 
Ep 47/100 | TR Loss: 0.0004 Acc: 1.00 | VAL Loss: 1.3379 Acc: 0.86 
Ep 48/100 | TR Loss: 0.0004 Acc: 1.00 | VAL Loss: 1.3446 Acc: 0.86 
Ep 49/100 | TR Loss: 0.0004 Acc: 1.00 | VAL Loss: 1.3506 Acc: 0.86 
Ep 50/100 | TR Loss: 0.0004 Acc: 1.00 | VAL Loss: 1.3560 Acc: 0.86 
Ep 51/100 | TR Loss: 0.0004 Acc: 1.00 | VAL Loss: 1.3607 Acc: 0.86 
Ep 52/100 | TR Loss: 0.0004 Acc: 1.00 | VAL Loss: 1.3649 Acc: 0.86 
Ep 53/100 | TR Loss: 0.0004 Acc: 1.00 | VAL Loss: 1.3686 Acc: 0.86 
Ep 54/100 | TR Loss: 0.0004 Acc: 1.00 | VAL Loss: 1.3720 Acc: 0.86 
Ep 55/100 | TR Loss: 0.0004 Acc: 1.00 | VAL Loss: 1.3750 Acc: 0.86 
Ep 56/100 | TR Loss: 0.0003 Acc: 1.00 | VAL Loss: 1.3777 Acc: 0.86 
Ep 57/100 | TR Loss: 0.0003 Acc: 1.00 | VAL Loss: 1.3801 Acc: 0.86 
Ep 58/100 | TR Loss: 0.0003 Acc: 1.00 | VAL Loss: 1.3823 Acc: 0.86 
Ep 59/100 | TR Loss: 0.0003 Acc: 1.00 | VAL Loss: 1.3842 Acc: 0.80 
Ep 60/100 | TR Loss: 0.0003 Acc: 1.00 | VAL Loss: 1.3860 Acc: 0.80 
Ep 61/100 | TR Loss: 0.0003 Acc: 1.00 | VAL Loss: 1.3875 Acc: 0.80 
Ep 62/100 | TR Loss: 0.0003 Acc: 1.00 | VAL Loss: 1.3889 Acc: 0.80 
Ep 63/100 | TR Loss: 0.0003 Acc: 1.00 | VAL Loss: 1.3901 Acc: 0.80 
Ep 64/100 | TR Loss: 0.0003 Acc: 1.00 | VAL Loss: 1.3912 Acc: 0.80 
Ep 65/100 | TR Loss: 0.0003 Acc: 1.00 | VAL Loss: 1.3921 Acc: 0.80 
Ep 66/100 | TR Loss: 0.0003 Acc: 1.00 | VAL Loss: 1.3929 Acc: 0.80 
Ep 67/100 | TR Loss: 0.0003 Acc: 1.00 | VAL Loss: 1.3935 Acc: 0.80 
Ep 68/100 | TR Loss: 0.0003 Acc: 1.00 | VAL Loss: 1.3940 Acc: 0.80 
Ep 69/100 | TR Loss: 0.0003 Acc: 1.00 | VAL Loss: 1.3944 Acc: 0.80 
Ep 70/100 | TR Loss: 0.0003 Acc: 1.00 | VAL Loss: 1.3947 Acc: 0.80 
Ep 71/100 | TR Loss: 0.0003 Acc: 1.00 | VAL Loss: 1.3948 Acc: 0.80 
Ep 72/100 | TR Loss: 0.0003 Acc: 1.00 | VAL Loss: 1.3949 Acc: 0.80 
Ep 73/100 | TR Loss: 0.0003 Acc: 1.00 | VAL Loss: 1.3949 Acc: 0.80 
Ep 74/100 | TR Loss: 0.0003 Acc: 1.00 | VAL Loss: 1.3949 Acc: 0.80 
Ep 75/100 | TR Loss: 0.0003 Acc: 1.00 | VAL Loss: 1.3947 Acc: 0.80 
Ep 76/100 | TR Loss: 0.0003 Acc: 1.00 | VAL Loss: 1.3945 Acc: 0.80 
Ep 77/100 | TR Loss: 0.0003 Acc: 1.00 | VAL Loss: 1.3942 Acc: 0.80 
Ep 78/100 | TR Loss: 0.0003 Acc: 1.00 | VAL Loss: 1.3939 Acc: 0.80 
Ep 79/100 | TR Loss: 0.0004 Acc: 1.00 | VAL Loss: 1.3935 Acc: 0.80 
Ep 80/100 | TR Loss: 0.0004 Acc: 1.00 | VAL Loss: 1.3930 Acc: 0.80 
Ep 81/100 | TR Loss: 0.0004 Acc: 1.00 | VAL Loss: 1.3925 Acc: 0.80 
Ep 82/100 | TR Loss: 0.0004 Acc: 1.00 | VAL Loss: 1.3919 Acc: 0.80 
Ep 83/100 | TR Loss: 0.0004 Acc: 1.00 | VAL Loss: 1.3913 Acc: 0.80 
Ep 84/100 | TR Loss: 0.0004 Acc: 1.00 | VAL Loss: 1.3906 Acc: 0.80 
Ep 85/100 | TR Loss: 0.0004 Acc: 1.00 | VAL Loss: 1.3900 Acc: 0.80 
Ep 86/100 | TR Loss: 0.0004 Acc: 1.00 | VAL Loss: 1.3893 Acc: 0.80 
Ep 87/100 | TR Loss: 0.0004 Acc: 1.00 | VAL Loss: 1.3886 Acc: 0.80 
Ep 88/100 | TR Loss: 0.0004 Acc: 1.00 | VAL Loss: 1.3880 Acc: 0.80 
Ep 89/100 | TR Loss: 0.0004 Acc: 1.00 | VAL Loss: 1.3874 Acc: 0.80 
Ep 90/100 | TR Loss: 0.0004 Acc: 1.00 | VAL Loss: 1.3868 Acc: 0.80 
Ep 91/100 | TR Loss: 0.0004 Acc: 1.00 | VAL Loss: 1.3863 Acc: 0.80 
Ep 92/100 | TR Loss: 0.0004 Acc: 1.00 | VAL Loss: 1.3859 Acc: 0.80 
Ep 93/100 | TR Loss: 0.0004 Acc: 1.00 | VAL Loss: 1.3855 Acc: 0.80 
Ep 94/100 | TR Loss: 0.0004 Acc: 1.00 | VAL Loss: 1.3852 Acc: 0.80 
Ep 95/100 | TR Loss: 0.0004 Acc: 1.00 | VAL Loss: 1.3850 Acc: 0.80 
Ep 96/100 | TR Loss: 0.0004 Acc: 1.00 | VAL Loss: 1.3848 Acc: 0.80 
Ep 97/100 | TR Loss: 0.0004 Acc: 1.00 | VAL Loss: 1.3847 Acc: 0.80 
Ep 98/100 | TR Loss: 0.0004 Acc: 1.00 | VAL Loss: 1.3846 Acc: 0.80 
Ep 99/100 | TR Loss: 0.0004 Acc: 1.00 | VAL Loss: 1.3846 Acc: 0.80 
Ep 100/100 | TR Loss: 0.0004 Acc: 1.00 | VAL Loss: 1.3847 Acc: 0.80 

==================================================
BEST MODEL TEST SET EVALUATION (MULTIPLE THRESHOLDS)
==================================================
Threshold  | Acc      | Prec     | Rec      | F1      
--------------------------------------------------
0.30       | 0.79     | 0.91     | 0.70     | 0.79     
0.40       | 0.71     | 0.89     | 0.55     | 0.68     
0.50       | 0.67     | 0.93     | 0.45     | 0.60     <-- (Arg)
0.60       | 0.64     | 0.95     | 0.38     | 0.54     
0.70       | 0.64     | 0.95     | 0.38     | 0.54     
==================================================

========================================
End    : Fri May 22 06:31:27 +03 2026
Output : output_classical/job_1094766
total 107K
-rw-r--r-- 1 aerturk23 hpcusers  30K May 22  2026 best_model.pth
-rw-r--r-- 1 aerturk23 hpcusers  367 May 22 06:31 config.json
-rw-r--r-- 1 aerturk23 hpcusers  13K May 22 06:31 history.json
-rw-r--r-- 1 aerturk23 hpcusers  966 May 22 06:31 output.err
-rw-r--r-- 1 aerturk23 hpcusers 8.3K May 22 06:31 output.log
-rw-r--r-- 1 aerturk23 hpcusers  55K May 22 06:31 training_metrics.png
========================================
