========================================
Job ID : 1094710
Start  : Fri May 22 03:05:15 +03 2026
GPU    : Tesla T4
========================================
--- Quantum QNLP Script starting ---
[*] Configuration saved to: output_qnlp/job_1094710/config.json
========================================
DATA SOURCE SELECTION : SST2
TRAINING SIZE         : 50
VALIDATION SIZE       : 50
TEST SIZE             : 100
WEIGHT DECAY          : 0.0001
CLASSIFICATION THRESHOLD : 0.5
QUANTUM LAYERS        : 2
========================================

--- Preparing Dataset ---
Generating DisCoCat grammar diagrams...
Generating quantum circuits (IQP Ansatz)...

--- Starting Quantum Model Training (Epochs: 100) ---
Ep 01/100 | TR Loss: 0.7316 Acc: 0.46 | VAL Loss: 1.0032 Acc: 0.38 *(Best)*
Ep 02/100 | TR Loss: 0.6086 Acc: 0.64 | VAL Loss: 0.9090 Acc: 0.42 *(Best)*
Ep 03/100 | TR Loss: 0.3950 Acc: 0.80 | VAL Loss: 0.9518 Acc: 0.40 
Ep 04/100 | TR Loss: 0.3958 Acc: 0.72 | VAL Loss: 0.9600 Acc: 0.48 
Ep 05/100 | TR Loss: 0.3195 Acc: 0.96 | VAL Loss: 0.8548 Acc: 0.48 *(Best)*
Ep 06/100 | TR Loss: 0.3117 Acc: 0.98 | VAL Loss: 0.8123 Acc: 0.48 *(Best)*
Ep 07/100 | TR Loss: 0.3026 Acc: 0.90 | VAL Loss: 0.7832 Acc: 0.44 *(Best)*
Ep 08/100 | TR Loss: 0.6452 Acc: 0.82 | VAL Loss: 0.8581 Acc: 0.42 
Ep 09/100 | TR Loss: 0.2578 Acc: 0.92 | VAL Loss: 0.8238 Acc: 0.48 
Ep 10/100 | TR Loss: 0.2165 Acc: 0.94 | VAL Loss: 0.8246 Acc: 0.52 
Ep 11/100 | TR Loss: 0.2047 Acc: 0.98 | VAL Loss: 0.7568 Acc: 0.48 *(Best)*
Ep 12/100 | TR Loss: 0.1872 Acc: 0.98 | VAL Loss: 0.7435 Acc: 0.52 *(Best)*
Ep 13/100 | TR Loss: 0.1724 Acc: 0.98 | VAL Loss: 0.7427 Acc: 0.56 *(Best)*
Ep 14/100 | TR Loss: 0.1617 Acc: 0.98 | VAL Loss: 0.7479 Acc: 0.56 
Ep 15/100 | TR Loss: 0.1491 Acc: 0.96 | VAL Loss: 0.7594 Acc: 0.58 
Ep 16/100 | TR Loss: 0.1341 Acc: 0.98 | VAL Loss: 0.7808 Acc: 0.56 
Ep 17/100 | TR Loss: 0.1116 Acc: 0.98 | VAL Loss: 0.7932 Acc: 0.56 
Ep 18/100 | TR Loss: 0.0997 Acc: 0.98 | VAL Loss: 0.7947 Acc: 0.50 
Ep 19/100 | TR Loss: 0.0857 Acc: 1.00 | VAL Loss: 0.7942 Acc: 0.48 
Ep 20/100 | TR Loss: 0.0730 Acc: 1.00 | VAL Loss: 0.7819 Acc: 0.42 
Ep 21/100 | TR Loss: 0.0670 Acc: 1.00 | VAL Loss: 0.8242 Acc: 0.46 
Ep 22/100 | TR Loss: 0.0636 Acc: 1.00 | VAL Loss: 0.8881 Acc: 0.50 
Ep 23/100 | TR Loss: 0.0618 Acc: 1.00 | VAL Loss: 0.8934 Acc: 0.52 
Ep 24/100 | TR Loss: 0.0555 Acc: 1.00 | VAL Loss: 0.8839 Acc: 0.54 
Ep 25/100 | TR Loss: 0.0453 Acc: 1.00 | VAL Loss: 0.8936 Acc: 0.54 
Ep 26/100 | TR Loss: 0.0382 Acc: 1.00 | VAL Loss: 0.8960 Acc: 0.52 
Ep 27/100 | TR Loss: 0.0329 Acc: 1.00 | VAL Loss: 0.9231 Acc: 0.50 
Ep 28/100 | TR Loss: 0.0331 Acc: 1.00 | VAL Loss: 0.9254 Acc: 0.50 
Ep 29/100 | TR Loss: 0.0345 Acc: 1.00 | VAL Loss: 0.9240 Acc: 0.50 
Ep 30/100 | TR Loss: 0.0398 Acc: 1.00 | VAL Loss: 0.9168 Acc: 0.50 
Ep 31/100 | TR Loss: 0.0372 Acc: 1.00 | VAL Loss: 0.9184 Acc: 0.50 
Ep 32/100 | TR Loss: 0.0324 Acc: 1.00 | VAL Loss: 0.9291 Acc: 0.50 
Ep 33/100 | TR Loss: 0.0271 Acc: 1.00 | VAL Loss: 0.9180 Acc: 0.50 
Ep 34/100 | TR Loss: 0.0241 Acc: 1.00 | VAL Loss: 0.9127 Acc: 0.48 
Ep 35/100 | TR Loss: 0.0198 Acc: 1.00 | VAL Loss: 0.9404 Acc: 0.50 
Ep 36/100 | TR Loss: 0.0200 Acc: 1.00 | VAL Loss: 0.9548 Acc: 0.48 
Ep 37/100 | TR Loss: 0.0203 Acc: 1.00 | VAL Loss: 0.9355 Acc: 0.48 
Ep 38/100 | TR Loss: 0.0201 Acc: 1.00 | VAL Loss: 0.9130 Acc: 0.50 
Ep 39/100 | TR Loss: 0.0199 Acc: 1.00 | VAL Loss: 0.8932 Acc: 0.50 
Ep 40/100 | TR Loss: 0.0207 Acc: 1.00 | VAL Loss: 0.8808 Acc: 0.50 
Ep 41/100 | TR Loss: 0.0233 Acc: 1.00 | VAL Loss: 0.8807 Acc: 0.48 
Ep 42/100 | TR Loss: 0.0261 Acc: 1.00 | VAL Loss: 0.8872 Acc: 0.48 
Ep 43/100 | TR Loss: 0.0288 Acc: 1.00 | VAL Loss: 0.8981 Acc: 0.48 
Ep 44/100 | TR Loss: 0.0326 Acc: 1.00 | VAL Loss: 0.9114 Acc: 0.50 
Ep 45/100 | TR Loss: 0.0376 Acc: 1.00 | VAL Loss: 0.9226 Acc: 0.46 
Ep 46/100 | TR Loss: 0.0429 Acc: 1.00 | VAL Loss: 0.9158 Acc: 0.46 
Ep 47/100 | TR Loss: 0.0468 Acc: 1.00 | VAL Loss: 0.8972 Acc: 0.48 
Ep 48/100 | TR Loss: 0.0407 Acc: 1.00 | VAL Loss: 0.8874 Acc: 0.46 
Ep 49/100 | TR Loss: 0.0327 Acc: 1.00 | VAL Loss: 0.8972 Acc: 0.46 
Ep 50/100 | TR Loss: 0.0395 Acc: 1.00 | VAL Loss: 0.9008 Acc: 0.48 
Ep 51/100 | TR Loss: 0.0493 Acc: 1.00 | VAL Loss: 0.9149 Acc: 0.50 
Ep 52/100 | TR Loss: 0.0439 Acc: 1.00 | VAL Loss: 0.9186 Acc: 0.50 
Ep 53/100 | TR Loss: 0.0357 Acc: 1.00 | VAL Loss: 0.9071 Acc: 0.48 
Ep 54/100 | TR Loss: 0.0298 Acc: 1.00 | VAL Loss: 0.8949 Acc: 0.48 
Ep 55/100 | TR Loss: 0.0272 Acc: 1.00 | VAL Loss: 0.8878 Acc: 0.50 
Ep 56/100 | TR Loss: 0.0261 Acc: 1.00 | VAL Loss: 0.8862 Acc: 0.52 
Ep 57/100 | TR Loss: 0.0275 Acc: 1.00 | VAL Loss: 0.8927 Acc: 0.54 
Ep 58/100 | TR Loss: 0.0302 Acc: 1.00 | VAL Loss: 0.9073 Acc: 0.50 
Ep 59/100 | TR Loss: 0.0308 Acc: 1.00 | VAL Loss: 0.9268 Acc: 0.46 
Ep 60/100 | TR Loss: 0.0276 Acc: 1.00 | VAL Loss: 0.9474 Acc: 0.46 
Ep 61/100 | TR Loss: 0.0233 Acc: 1.00 | VAL Loss: 0.9446 Acc: 0.46 
Ep 62/100 | TR Loss: 0.0247 Acc: 1.00 | VAL Loss: 0.9357 Acc: 0.46 
Ep 63/100 | TR Loss: 0.0266 Acc: 1.00 | VAL Loss: 0.9462 Acc: 0.44 
Ep 64/100 | TR Loss: 0.0223 Acc: 1.00 | VAL Loss: 0.9866 Acc: 0.48 
Ep 65/100 | TR Loss: 0.0188 Acc: 1.00 | VAL Loss: 0.9411 Acc: 0.46 
Ep 66/100 | TR Loss: 0.0185 Acc: 1.00 | VAL Loss: 0.9171 Acc: 0.50 
Ep 67/100 | TR Loss: 0.0196 Acc: 1.00 | VAL Loss: 0.9231 Acc: 0.52 
Ep 68/100 | TR Loss: 0.0209 Acc: 1.00 | VAL Loss: 0.9570 Acc: 0.54 
Ep 69/100 | TR Loss: 0.0267 Acc: 1.00 | VAL Loss: 0.9474 Acc: 0.48 
Ep 70/100 | TR Loss: 0.0331 Acc: 1.00 | VAL Loss: 0.9092 Acc: 0.46 
Ep 71/100 | TR Loss: 0.0313 Acc: 1.00 | VAL Loss: 0.9404 Acc: 0.44 
Ep 72/100 | TR Loss: 0.0213 Acc: 1.00 | VAL Loss: 0.9588 Acc: 0.46 
Ep 73/100 | TR Loss: 0.0145 Acc: 1.00 | VAL Loss: 0.9981 Acc: 0.42 
Ep 74/100 | TR Loss: 0.0221 Acc: 1.00 | VAL Loss: 0.9360 Acc: 0.40 
Ep 75/100 | TR Loss: 0.0326 Acc: 1.00 | VAL Loss: 0.8846 Acc: 0.46 
Ep 76/100 | TR Loss: 0.0274 Acc: 1.00 | VAL Loss: 0.8890 Acc: 0.48 
Ep 77/100 | TR Loss: 0.0207 Acc: 1.00 | VAL Loss: 0.9013 Acc: 0.50 
Ep 78/100 | TR Loss: 0.0189 Acc: 1.00 | VAL Loss: 0.9091 Acc: 0.50 
Ep 79/100 | TR Loss: 0.0196 Acc: 1.00 | VAL Loss: 0.9602 Acc: 0.48 
Ep 80/100 | TR Loss: 0.0194 Acc: 1.00 | VAL Loss: 1.0036 Acc: 0.50 
Ep 81/100 | TR Loss: 0.0179 Acc: 1.00 | VAL Loss: 0.9794 Acc: 0.46 
Ep 82/100 | TR Loss: 0.0171 Acc: 1.00 | VAL Loss: 0.9493 Acc: 0.48 
Ep 83/100 | TR Loss: 0.0181 Acc: 1.00 | VAL Loss: 0.9259 Acc: 0.48 
Ep 84/100 | TR Loss: 0.0210 Acc: 1.00 | VAL Loss: 0.9215 Acc: 0.44 
Ep 85/100 | TR Loss: 0.0233 Acc: 1.00 | VAL Loss: 0.9568 Acc: 0.44 
Ep 86/100 | TR Loss: 0.0217 Acc: 1.00 | VAL Loss: 0.9025 Acc: 0.46 
Ep 87/100 | TR Loss: 0.0257 Acc: 1.00 | VAL Loss: 0.8717 Acc: 0.50 
Ep 88/100 | TR Loss: 0.0342 Acc: 1.00 | VAL Loss: 0.8672 Acc: 0.50 
Ep 89/100 | TR Loss: 0.0197 Acc: 1.00 | VAL Loss: 0.8994 Acc: 0.52 
Ep 90/100 | TR Loss: 0.0238 Acc: 1.00 | VAL Loss: 0.9495 Acc: 0.44 
Ep 91/100 | TR Loss: 0.1133 Acc: 0.94 | VAL Loss: 0.8383 Acc: 0.50 
Ep 92/100 | TR Loss: 0.0922 Acc: 0.98 | VAL Loss: 0.8929 Acc: 0.52 
Ep 93/100 | TR Loss: 0.0522 Acc: 1.00 | VAL Loss: 0.8478 Acc: 0.46 
Ep 94/100 | TR Loss: 0.0707 Acc: 1.00 | VAL Loss: 0.8833 Acc: 0.52 
Ep 95/100 | TR Loss: 0.1108 Acc: 0.98 | VAL Loss: 0.9008 Acc: 0.48 
Ep 96/100 | TR Loss: 0.1378 Acc: 0.96 | VAL Loss: 0.8983 Acc: 0.44 
Ep 97/100 | TR Loss: 0.0762 Acc: 1.00 | VAL Loss: 0.7940 Acc: 0.50 
Ep 98/100 | TR Loss: 0.0646 Acc: 1.00 | VAL Loss: 0.8192 Acc: 0.50 
Ep 99/100 | TR Loss: 0.0626 Acc: 1.00 | VAL Loss: 0.8378 Acc: 0.48 
Ep 100/100 | TR Loss: 0.1171 Acc: 0.96 | VAL Loss: 0.8731 Acc: 0.52 
[*] Training plots saved to: output_qnlp/job_1094710/training_metrics.png

==================================================
BEST MODEL TEST SET EVALUATION (MULTIPLE THRESHOLDS)
==================================================
Threshold  | Acc      | Prec     | Rec      | F1      
--------------------------------------------------
0.30       | 0.50     | 0.51     | 0.78     | 0.62     
0.40       | 0.56     | 0.55     | 0.75     | 0.63     
0.50       | 0.55     | 0.56     | 0.57     | 0.56     <-- (Arg)
0.60       | 0.55     | 0.58     | 0.43     | 0.49     
0.70       | 0.46     | 0.43     | 0.18     | 0.25     
==================================================

========================================
End    : Fri May 22 03:08:04 +03 2026
Output : output_qnlp/job_1094710
total 322K
-rw-r--r-- 1 aerturk23 hpcusers 209K May 22 03:06 best_model.pth
-rw-r--r-- 1 aerturk23 hpcusers  291 May 22 03:05 config.json
-rw-r--r-- 1 aerturk23 hpcusers  13K May 22 03:08 history.json
-rw-r--r-- 1 aerturk23 hpcusers  966 May 22  2026 output.err
-rw-r--r-- 1 aerturk23 hpcusers 8.2K May 22  2026 output.log
-rw-r--r-- 1 aerturk23 hpcusers  90K May 22 03:08 training_metrics.png
========================================
