========================================
Job ID : 1094713
Start  : Fri May 22 03:08:52 +03 2026
GPU    : Tesla T4
========================================
--- Quantum QNLP Script starting ---
[*] Configuration saved to: output_qnlp/job_1094713/config.json
========================================
DATA SOURCE SELECTION : SST2
TRAINING SIZE         : 50
VALIDATION SIZE       : 50
TEST SIZE             : 100
WEIGHT DECAY          : 0.0001
CLASSIFICATION THRESHOLD : 0.5
QUANTUM LAYERS        : 1
========================================

--- Preparing Dataset ---
Generating DisCoCat grammar diagrams...
Generating quantum circuits (IQP Ansatz)...

--- Starting Quantum Model Training (Epochs: 100) ---
Ep 01/100 | TR Loss: 1.3327 Acc: 0.40 | VAL Loss: 1.5760 Acc: 0.44 *(Best)*
Ep 02/100 | TR Loss: 0.9305 Acc: 0.54 | VAL Loss: 1.7631 Acc: 0.44 
Ep 03/100 | TR Loss: 0.5589 Acc: 0.76 | VAL Loss: 1.6229 Acc: 0.50 
Ep 04/100 | TR Loss: 0.4361 Acc: 0.80 | VAL Loss: 1.7167 Acc: 0.52 
Ep 05/100 | TR Loss: 0.2726 Acc: 0.90 | VAL Loss: 1.6821 Acc: 0.48 
Ep 06/100 | TR Loss: 0.2598 Acc: 0.96 | VAL Loss: 1.6803 Acc: 0.50 
Ep 07/100 | TR Loss: 0.2536 Acc: 0.96 | VAL Loss: 1.6875 Acc: 0.50 
Ep 08/100 | TR Loss: 0.2250 Acc: 0.98 | VAL Loss: 1.6891 Acc: 0.50 
Ep 09/100 | TR Loss: 0.3172 Acc: 0.90 | VAL Loss: 1.6952 Acc: 0.44 
Ep 10/100 | TR Loss: 0.2684 Acc: 0.90 | VAL Loss: 1.6627 Acc: 0.40 
Ep 11/100 | TR Loss: 0.2686 Acc: 0.88 | VAL Loss: 1.6896 Acc: 0.42 
Ep 12/100 | TR Loss: 0.2134 Acc: 0.94 | VAL Loss: 1.6407 Acc: 0.44 
Ep 13/100 | TR Loss: 0.1823 Acc: 1.00 | VAL Loss: 1.6295 Acc: 0.44 
Ep 14/100 | TR Loss: 0.1582 Acc: 1.00 | VAL Loss: 1.7783 Acc: 0.44 
Ep 15/100 | TR Loss: 0.1472 Acc: 1.00 | VAL Loss: 1.5769 Acc: 0.44 
Ep 16/100 | TR Loss: 0.1718 Acc: 0.98 | VAL Loss: 1.5096 Acc: 0.46 *(Best)*
Ep 17/100 | TR Loss: 0.2024 Acc: 0.96 | VAL Loss: 1.4985 Acc: 0.48 *(Best)*
Ep 18/100 | TR Loss: 0.1621 Acc: 0.98 | VAL Loss: 1.4764 Acc: 0.50 *(Best)*
Ep 19/100 | TR Loss: 0.1729 Acc: 0.98 | VAL Loss: 1.6242 Acc: 0.42 
Ep 20/100 | TR Loss: 0.1679 Acc: 0.96 | VAL Loss: 1.5584 Acc: 0.46 
Ep 21/100 | TR Loss: 0.1364 Acc: 0.98 | VAL Loss: 1.6409 Acc: 0.46 
Ep 22/100 | TR Loss: 0.1498 Acc: 0.98 | VAL Loss: 1.8929 Acc: 0.42 
Ep 23/100 | TR Loss: 0.1308 Acc: 0.98 | VAL Loss: 1.7465 Acc: 0.46 
Ep 24/100 | TR Loss: 0.1121 Acc: 0.98 | VAL Loss: 1.7352 Acc: 0.48 
Ep 25/100 | TR Loss: 0.1070 Acc: 0.98 | VAL Loss: 1.8828 Acc: 0.48 
Ep 26/100 | TR Loss: 0.1090 Acc: 0.98 | VAL Loss: 1.7436 Acc: 0.48 
Ep 27/100 | TR Loss: 0.1141 Acc: 0.98 | VAL Loss: 1.6874 Acc: 0.50 
Ep 28/100 | TR Loss: 0.1744 Acc: 0.94 | VAL Loss: 2.2146 Acc: 0.32 
Ep 29/100 | TR Loss: 0.2712 Acc: 0.88 | VAL Loss: 1.7370 Acc: 0.42 
Ep 30/100 | TR Loss: 0.1480 Acc: 0.98 | VAL Loss: 1.6245 Acc: 0.46 
Ep 31/100 | TR Loss: 0.1340 Acc: 0.96 | VAL Loss: 1.5547 Acc: 0.50 
Ep 32/100 | TR Loss: 0.1136 Acc: 1.00 | VAL Loss: 1.5471 Acc: 0.52 
Ep 33/100 | TR Loss: 0.1271 Acc: 1.00 | VAL Loss: 1.4665 Acc: 0.54 *(Best)*
Ep 34/100 | TR Loss: 0.2348 Acc: 0.88 | VAL Loss: 1.7200 Acc: 0.42 
Ep 35/100 | TR Loss: 0.1182 Acc: 1.00 | VAL Loss: 1.6326 Acc: 0.52 
Ep 36/100 | TR Loss: 0.1427 Acc: 1.00 | VAL Loss: 1.7675 Acc: 0.50 
Ep 37/100 | TR Loss: 0.1235 Acc: 0.98 | VAL Loss: 1.7629 Acc: 0.50 
Ep 38/100 | TR Loss: 0.1049 Acc: 1.00 | VAL Loss: 1.8661 Acc: 0.48 
Ep 39/100 | TR Loss: 0.0935 Acc: 1.00 | VAL Loss: 1.7775 Acc: 0.48 
Ep 40/100 | TR Loss: 0.0877 Acc: 1.00 | VAL Loss: 1.7134 Acc: 0.48 
Ep 41/100 | TR Loss: 0.0993 Acc: 0.98 | VAL Loss: 1.7364 Acc: 0.48 
Ep 42/100 | TR Loss: 0.0750 Acc: 1.00 | VAL Loss: 1.6425 Acc: 0.48 
Ep 43/100 | TR Loss: 0.0710 Acc: 1.00 | VAL Loss: 1.7008 Acc: 0.48 
Ep 44/100 | TR Loss: 0.0685 Acc: 1.00 | VAL Loss: 1.7403 Acc: 0.48 
Ep 45/100 | TR Loss: 0.1146 Acc: 0.98 | VAL Loss: 1.7470 Acc: 0.44 
Ep 46/100 | TR Loss: 0.4111 Acc: 0.84 | VAL Loss: 1.8122 Acc: 0.46 
Ep 47/100 | TR Loss: 0.1305 Acc: 0.94 | VAL Loss: 1.7637 Acc: 0.46 
Ep 48/100 | TR Loss: 0.2046 Acc: 0.92 | VAL Loss: 1.9312 Acc: 0.32 
Ep 49/100 | TR Loss: 0.5138 Acc: 0.82 | VAL Loss: 1.7683 Acc: 0.44 
Ep 50/100 | TR Loss: 0.3962 Acc: 0.86 | VAL Loss: 2.0540 Acc: 0.38 
Ep 51/100 | TR Loss: 0.3427 Acc: 0.82 | VAL Loss: 1.9359 Acc: 0.44 
Ep 52/100 | TR Loss: 0.1419 Acc: 0.96 | VAL Loss: 2.0090 Acc: 0.40 
Ep 53/100 | TR Loss: 0.1635 Acc: 0.96 | VAL Loss: 1.8718 Acc: 0.44 
Ep 54/100 | TR Loss: 0.1828 Acc: 0.96 | VAL Loss: 1.8897 Acc: 0.36 
Ep 55/100 | TR Loss: 0.1770 Acc: 0.96 | VAL Loss: 1.8378 Acc: 0.42 
Ep 56/100 | TR Loss: 0.1752 Acc: 0.96 | VAL Loss: 1.8471 Acc: 0.40 
Ep 57/100 | TR Loss: 0.1704 Acc: 0.98 | VAL Loss: 1.8336 Acc: 0.40 
Ep 58/100 | TR Loss: 0.1772 Acc: 0.98 | VAL Loss: 1.8816 Acc: 0.40 
Ep 59/100 | TR Loss: 0.1629 Acc: 0.96 | VAL Loss: 1.8677 Acc: 0.38 
Ep 60/100 | TR Loss: 0.1685 Acc: 0.96 | VAL Loss: 1.8624 Acc: 0.40 
Ep 61/100 | TR Loss: 0.1546 Acc: 0.96 | VAL Loss: 2.2548 Acc: 0.32 
Ep 62/100 | TR Loss: 0.2432 Acc: 0.94 | VAL Loss: 2.0613 Acc: 0.34 
Ep 63/100 | TR Loss: 0.1742 Acc: 0.96 | VAL Loss: 2.2856 Acc: 0.40 
Ep 64/100 | TR Loss: 0.2987 Acc: 0.86 | VAL Loss: 1.8970 Acc: 0.40 
Ep 65/100 | TR Loss: 0.1276 Acc: 1.00 | VAL Loss: 1.9684 Acc: 0.44 
Ep 66/100 | TR Loss: 0.1250 Acc: 0.98 | VAL Loss: 1.8956 Acc: 0.44 
Ep 67/100 | TR Loss: 0.1028 Acc: 1.00 | VAL Loss: 1.8367 Acc: 0.44 
Ep 68/100 | TR Loss: 0.1179 Acc: 1.00 | VAL Loss: 1.8279 Acc: 0.44 
Ep 69/100 | TR Loss: 0.1210 Acc: 1.00 | VAL Loss: 1.8877 Acc: 0.46 
Ep 70/100 | TR Loss: 0.1001 Acc: 1.00 | VAL Loss: 1.8373 Acc: 0.42 
Ep 71/100 | TR Loss: 0.0860 Acc: 1.00 | VAL Loss: 1.8883 Acc: 0.42 
Ep 72/100 | TR Loss: 0.1094 Acc: 0.98 | VAL Loss: 1.9096 Acc: 0.42 
Ep 73/100 | TR Loss: 0.1253 Acc: 0.94 | VAL Loss: 1.9506 Acc: 0.36 
Ep 74/100 | TR Loss: 0.0955 Acc: 1.00 | VAL Loss: 1.8122 Acc: 0.42 
Ep 75/100 | TR Loss: 0.0834 Acc: 1.00 | VAL Loss: 1.8801 Acc: 0.42 
Ep 76/100 | TR Loss: 0.1342 Acc: 0.98 | VAL Loss: 1.8622 Acc: 0.42 
Ep 77/100 | TR Loss: 0.0686 Acc: 1.00 | VAL Loss: 2.1444 Acc: 0.42 
Ep 78/100 | TR Loss: 0.0916 Acc: 1.00 | VAL Loss: 2.2046 Acc: 0.42 
Ep 79/100 | TR Loss: 0.1080 Acc: 1.00 | VAL Loss: 2.0043 Acc: 0.44 
Ep 80/100 | TR Loss: 0.0939 Acc: 1.00 | VAL Loss: 1.9981 Acc: 0.42 
Ep 81/100 | TR Loss: 0.0961 Acc: 1.00 | VAL Loss: 2.1444 Acc: 0.40 
Ep 82/100 | TR Loss: 0.1182 Acc: 0.98 | VAL Loss: 1.9378 Acc: 0.36 
Ep 83/100 | TR Loss: 0.1063 Acc: 0.98 | VAL Loss: 1.9114 Acc: 0.40 
Ep 84/100 | TR Loss: 0.1022 Acc: 1.00 | VAL Loss: 1.8558 Acc: 0.42 
Ep 85/100 | TR Loss: 0.0996 Acc: 1.00 | VAL Loss: 1.8263 Acc: 0.42 
Ep 86/100 | TR Loss: 0.0940 Acc: 0.98 | VAL Loss: 1.8688 Acc: 0.44 
Ep 87/100 | TR Loss: 0.0818 Acc: 1.00 | VAL Loss: 2.0753 Acc: 0.40 
Ep 88/100 | TR Loss: 0.0708 Acc: 1.00 | VAL Loss: 1.9956 Acc: 0.44 
Ep 89/100 | TR Loss: 0.0745 Acc: 1.00 | VAL Loss: 2.0505 Acc: 0.44 
Ep 90/100 | TR Loss: 0.1067 Acc: 0.98 | VAL Loss: 2.0915 Acc: 0.42 
Ep 91/100 | TR Loss: 0.1301 Acc: 1.00 | VAL Loss: 2.0966 Acc: 0.46 
Ep 92/100 | TR Loss: 0.1302 Acc: 0.94 | VAL Loss: 1.9777 Acc: 0.42 
Ep 93/100 | TR Loss: 0.1289 Acc: 1.00 | VAL Loss: 2.1290 Acc: 0.40 
Ep 94/100 | TR Loss: 0.4109 Acc: 0.78 | VAL Loss: 1.8882 Acc: 0.40 
Ep 95/100 | TR Loss: 0.1861 Acc: 0.94 | VAL Loss: 1.8634 Acc: 0.40 
Ep 96/100 | TR Loss: 0.1659 Acc: 0.98 | VAL Loss: 1.9378 Acc: 0.40 
Ep 97/100 | TR Loss: 0.1570 Acc: 0.98 | VAL Loss: 1.9517 Acc: 0.40 
Ep 98/100 | TR Loss: 0.1261 Acc: 1.00 | VAL Loss: 1.9650 Acc: 0.42 
Ep 99/100 | TR Loss: 0.1352 Acc: 1.00 | VAL Loss: 2.1303 Acc: 0.48 
Ep 100/100 | TR Loss: 0.1571 Acc: 0.96 | VAL Loss: 1.9655 Acc: 0.44 
[*] Training plots saved to: output_qnlp/job_1094713/training_metrics.png

==================================================
BEST MODEL TEST SET EVALUATION (MULTIPLE THRESHOLDS)
==================================================
Threshold  | Acc      | Prec     | Rec      | F1      
--------------------------------------------------
0.30       | 0.51     | 0.69     | 0.45     | 0.54     
0.40       | 0.49     | 0.68     | 0.40     | 0.50     
0.50       | 0.50     | 0.74     | 0.35     | 0.48     <-- (Arg)
0.60       | 0.49     | 0.79     | 0.29     | 0.43     
0.70       | 0.42     | 0.77     | 0.15     | 0.26     
==================================================

========================================
End    : Fri May 22 03:11:03 +03 2026
Output : output_qnlp/job_1094713
total 247K
-rw-r--r-- 1 aerturk23 hpcusers 109K May 22 03:10 best_model.pth
-rw-r--r-- 1 aerturk23 hpcusers  292 May 22 03:09 config.json
-rw-r--r-- 1 aerturk23 hpcusers  13K May 22  2026 history.json
-rw-r--r-- 1 aerturk23 hpcusers  966 May 22 03:08 output.err
-rw-r--r-- 1 aerturk23 hpcusers 8.2K May 22  2026 output.log
-rw-r--r-- 1 aerturk23 hpcusers 115K May 22 03:11 training_metrics.png
========================================
