========================================
Job ID : 1094709
Start  : Fri May 22 03:02:51 +03 2026
GPU    : Tesla T4
========================================
--- Quantum QNLP Script starting ---
[*] Configuration saved to: output_qnlp/job_1094709/config.json
========================================
DATA SOURCE SELECTION : SST2
TRAINING SIZE         : 50
VALIDATION SIZE       : 50
TEST SIZE             : 100
WEIGHT DECAY          : 0.0001
CLASSIFICATION THRESHOLD : 0.5
QUANTUM LAYERS        : 1
========================================

--- Preparing Dataset ---
Generating DisCoCat grammar diagrams...
Generating quantum circuits (IQP Ansatz)...

--- Starting Quantum Model Training (Epochs: 100) ---
Ep 01/100 | TR Loss: 1.9218 Acc: 0.42 | VAL Loss: 1.4344 Acc: 0.40 *(Best)*
Ep 02/100 | TR Loss: 0.9295 Acc: 0.50 | VAL Loss: 1.5791 Acc: 0.42 
Ep 03/100 | TR Loss: 0.4603 Acc: 0.74 | VAL Loss: 1.7313 Acc: 0.36 
Ep 04/100 | TR Loss: 0.3260 Acc: 0.84 | VAL Loss: 1.8331 Acc: 0.34 
Ep 05/100 | TR Loss: 0.2660 Acc: 0.96 | VAL Loss: 1.7968 Acc: 0.34 
Ep 06/100 | TR Loss: 0.2982 Acc: 0.88 | VAL Loss: 1.9153 Acc: 0.32 
Ep 07/100 | TR Loss: 0.2805 Acc: 0.94 | VAL Loss: 2.3358 Acc: 0.30 
Ep 08/100 | TR Loss: 0.3004 Acc: 0.88 | VAL Loss: 2.1964 Acc: 0.28 
Ep 09/100 | TR Loss: 0.4919 Acc: 0.82 | VAL Loss: 1.7624 Acc: 0.34 
Ep 10/100 | TR Loss: 0.3166 Acc: 0.86 | VAL Loss: 2.1082 Acc: 0.38 
Ep 11/100 | TR Loss: 0.3817 Acc: 0.86 | VAL Loss: 1.7371 Acc: 0.38 
Ep 12/100 | TR Loss: 0.4014 Acc: 0.80 | VAL Loss: 1.7877 Acc: 0.34 
Ep 13/100 | TR Loss: 0.2868 Acc: 0.84 | VAL Loss: 1.7883 Acc: 0.36 
Ep 14/100 | TR Loss: 0.2755 Acc: 0.86 | VAL Loss: 1.6467 Acc: 0.34 
Ep 15/100 | TR Loss: 0.2044 Acc: 0.94 | VAL Loss: 1.9990 Acc: 0.32 
Ep 16/100 | TR Loss: 0.2339 Acc: 0.90 | VAL Loss: 1.8671 Acc: 0.34 
Ep 17/100 | TR Loss: 0.2252 Acc: 0.90 | VAL Loss: 1.9115 Acc: 0.34 
Ep 18/100 | TR Loss: 0.2027 Acc: 0.90 | VAL Loss: 1.7967 Acc: 0.40 
Ep 19/100 | TR Loss: 0.2022 Acc: 0.90 | VAL Loss: 1.9091 Acc: 0.34 
Ep 20/100 | TR Loss: 0.2021 Acc: 0.92 | VAL Loss: 2.0715 Acc: 0.32 
Ep 21/100 | TR Loss: 0.1976 Acc: 0.92 | VAL Loss: 2.6117 Acc: 0.34 
Ep 22/100 | TR Loss: 0.1960 Acc: 0.94 | VAL Loss: 2.2623 Acc: 0.40 
Ep 23/100 | TR Loss: 0.2102 Acc: 0.90 | VAL Loss: 2.2247 Acc: 0.32 
Ep 24/100 | TR Loss: 0.2241 Acc: 0.92 | VAL Loss: 2.1242 Acc: 0.40 
Ep 25/100 | TR Loss: 0.2086 Acc: 0.92 | VAL Loss: 2.1164 Acc: 0.34 
Ep 26/100 | TR Loss: 0.2097 Acc: 0.94 | VAL Loss: 1.9555 Acc: 0.34 
Ep 27/100 | TR Loss: 0.1929 Acc: 0.94 | VAL Loss: 1.8771 Acc: 0.34 
Ep 28/100 | TR Loss: 0.1788 Acc: 0.98 | VAL Loss: 1.8703 Acc: 0.34 
Ep 29/100 | TR Loss: 0.1841 Acc: 0.94 | VAL Loss: 1.9343 Acc: 0.38 
Ep 30/100 | TR Loss: 0.1359 Acc: 1.00 | VAL Loss: 1.9676 Acc: 0.30 
Ep 31/100 | TR Loss: 0.1188 Acc: 1.00 | VAL Loss: 2.0015 Acc: 0.32 
Ep 32/100 | TR Loss: 0.1108 Acc: 0.98 | VAL Loss: 2.0369 Acc: 0.42 
Ep 33/100 | TR Loss: 0.1151 Acc: 0.98 | VAL Loss: 2.3562 Acc: 0.40 
Ep 34/100 | TR Loss: 0.1191 Acc: 0.98 | VAL Loss: 2.2126 Acc: 0.40 
Ep 35/100 | TR Loss: 0.1176 Acc: 0.98 | VAL Loss: 2.0772 Acc: 0.38 
Ep 36/100 | TR Loss: 0.1074 Acc: 0.98 | VAL Loss: 1.9604 Acc: 0.42 
Ep 37/100 | TR Loss: 0.1021 Acc: 0.98 | VAL Loss: 1.9114 Acc: 0.38 
Ep 38/100 | TR Loss: 0.1056 Acc: 0.98 | VAL Loss: 1.9599 Acc: 0.36 
Ep 39/100 | TR Loss: 0.1116 Acc: 0.98 | VAL Loss: 1.8805 Acc: 0.42 
Ep 40/100 | TR Loss: 0.1218 Acc: 0.98 | VAL Loss: 2.0272 Acc: 0.40 
Ep 41/100 | TR Loss: 0.1580 Acc: 0.96 | VAL Loss: 1.8952 Acc: 0.40 
Ep 42/100 | TR Loss: 0.1352 Acc: 0.96 | VAL Loss: 1.9164 Acc: 0.40 
Ep 43/100 | TR Loss: 0.1060 Acc: 1.00 | VAL Loss: 1.9428 Acc: 0.40 
Ep 44/100 | TR Loss: 0.0931 Acc: 1.00 | VAL Loss: 2.0395 Acc: 0.40 
Ep 45/100 | TR Loss: 0.1792 Acc: 0.94 | VAL Loss: 2.1273 Acc: 0.38 
Ep 46/100 | TR Loss: 0.1205 Acc: 1.00 | VAL Loss: 2.3287 Acc: 0.38 
Ep 47/100 | TR Loss: 0.1077 Acc: 0.98 | VAL Loss: 2.2585 Acc: 0.40 
Ep 48/100 | TR Loss: 0.1237 Acc: 0.96 | VAL Loss: 2.1295 Acc: 0.38 
Ep 49/100 | TR Loss: 0.1339 Acc: 0.96 | VAL Loss: 2.1492 Acc: 0.38 
Ep 50/100 | TR Loss: 0.2257 Acc: 0.94 | VAL Loss: 2.1229 Acc: 0.28 
Ep 51/100 | TR Loss: 0.3345 Acc: 0.88 | VAL Loss: 1.9281 Acc: 0.38 
Ep 52/100 | TR Loss: 0.1180 Acc: 0.96 | VAL Loss: 2.0301 Acc: 0.40 
Ep 53/100 | TR Loss: 0.0924 Acc: 1.00 | VAL Loss: 2.0614 Acc: 0.42 
Ep 54/100 | TR Loss: 0.1037 Acc: 0.98 | VAL Loss: 2.0417 Acc: 0.42 
Ep 55/100 | TR Loss: 0.0944 Acc: 0.98 | VAL Loss: 2.0876 Acc: 0.40 
Ep 56/100 | TR Loss: 0.0899 Acc: 1.00 | VAL Loss: 2.2401 Acc: 0.40 
Ep 57/100 | TR Loss: 0.1391 Acc: 0.96 | VAL Loss: 2.1607 Acc: 0.30 
Ep 58/100 | TR Loss: 0.1494 Acc: 0.96 | VAL Loss: 2.3475 Acc: 0.36 
Ep 59/100 | TR Loss: 0.0937 Acc: 1.00 | VAL Loss: 2.7238 Acc: 0.32 
Ep 60/100 | TR Loss: 0.0906 Acc: 1.00 | VAL Loss: 2.3179 Acc: 0.34 
Ep 61/100 | TR Loss: 0.0798 Acc: 1.00 | VAL Loss: 2.2358 Acc: 0.34 
Ep 62/100 | TR Loss: 0.0649 Acc: 1.00 | VAL Loss: 2.1996 Acc: 0.34 
Ep 63/100 | TR Loss: 0.0557 Acc: 1.00 | VAL Loss: 2.1724 Acc: 0.32 
Ep 64/100 | TR Loss: 0.0529 Acc: 1.00 | VAL Loss: 2.1603 Acc: 0.32 
Ep 65/100 | TR Loss: 0.0552 Acc: 1.00 | VAL Loss: 2.3299 Acc: 0.32 
Ep 66/100 | TR Loss: 0.0546 Acc: 1.00 | VAL Loss: 2.1865 Acc: 0.34 
Ep 67/100 | TR Loss: 0.0521 Acc: 1.00 | VAL Loss: 2.2325 Acc: 0.34 
Ep 68/100 | TR Loss: 0.0495 Acc: 1.00 | VAL Loss: 2.3245 Acc: 0.34 
Ep 69/100 | TR Loss: 0.0481 Acc: 1.00 | VAL Loss: 2.3312 Acc: 0.30 
Ep 70/100 | TR Loss: 0.0449 Acc: 1.00 | VAL Loss: 2.5306 Acc: 0.30 
Ep 71/100 | TR Loss: 0.0422 Acc: 1.00 | VAL Loss: 2.6267 Acc: 0.38 
Ep 72/100 | TR Loss: 0.0471 Acc: 1.00 | VAL Loss: 2.3921 Acc: 0.36 
Ep 73/100 | TR Loss: 0.0622 Acc: 0.98 | VAL Loss: 2.3224 Acc: 0.34 
Ep 74/100 | TR Loss: 0.0588 Acc: 0.98 | VAL Loss: 2.2691 Acc: 0.34 
Ep 75/100 | TR Loss: 0.0725 Acc: 0.98 | VAL Loss: 2.3566 Acc: 0.36 
Ep 76/100 | TR Loss: 0.0716 Acc: 1.00 | VAL Loss: 2.2357 Acc: 0.38 
Ep 77/100 | TR Loss: 0.0772 Acc: 1.00 | VAL Loss: 2.3632 Acc: 0.38 
Ep 78/100 | TR Loss: 0.0885 Acc: 0.98 | VAL Loss: 2.2782 Acc: 0.36 
Ep 79/100 | TR Loss: 0.0720 Acc: 0.98 | VAL Loss: 2.4074 Acc: 0.34 
Ep 80/100 | TR Loss: 0.0850 Acc: 0.98 | VAL Loss: 2.5189 Acc: 0.36 
Ep 81/100 | TR Loss: 0.1038 Acc: 0.98 | VAL Loss: 2.6426 Acc: 0.36 
Ep 82/100 | TR Loss: 0.1140 Acc: 0.96 | VAL Loss: 2.8107 Acc: 0.38 
Ep 83/100 | TR Loss: 0.1092 Acc: 1.00 | VAL Loss: 2.5641 Acc: 0.34 
Ep 84/100 | TR Loss: 0.1156 Acc: 0.98 | VAL Loss: 2.4697 Acc: 0.36 
Ep 85/100 | TR Loss: 0.1642 Acc: 0.96 | VAL Loss: 2.3558 Acc: 0.36 
Ep 86/100 | TR Loss: 0.1512 Acc: 0.96 | VAL Loss: 2.3566 Acc: 0.34 
Ep 87/100 | TR Loss: 0.1515 Acc: 0.98 | VAL Loss: 2.3831 Acc: 0.36 
Ep 88/100 | TR Loss: 0.2317 Acc: 0.90 | VAL Loss: 2.2325 Acc: 0.34 
Ep 89/100 | TR Loss: 0.1897 Acc: 0.98 | VAL Loss: 2.4726 Acc: 0.34 
Ep 90/100 | TR Loss: 0.1902 Acc: 0.94 | VAL Loss: 2.4241 Acc: 0.32 
Ep 91/100 | TR Loss: 0.1173 Acc: 0.98 | VAL Loss: 2.5204 Acc: 0.36 
Ep 92/100 | TR Loss: 0.1197 Acc: 0.98 | VAL Loss: 2.6170 Acc: 0.32 
Ep 93/100 | TR Loss: 0.1139 Acc: 0.98 | VAL Loss: 2.8595 Acc: 0.32 
Ep 94/100 | TR Loss: 0.1028 Acc: 0.98 | VAL Loss: 2.5691 Acc: 0.36 
Ep 95/100 | TR Loss: 0.0912 Acc: 1.00 | VAL Loss: 2.5664 Acc: 0.36 
Ep 96/100 | TR Loss: 0.1214 Acc: 0.96 | VAL Loss: 2.5909 Acc: 0.30 
Ep 97/100 | TR Loss: 0.0897 Acc: 0.98 | VAL Loss: 2.4103 Acc: 0.34 
Ep 98/100 | TR Loss: 0.0929 Acc: 0.98 | VAL Loss: 2.5205 Acc: 0.36 
Ep 99/100 | TR Loss: 0.0880 Acc: 1.00 | VAL Loss: 2.7313 Acc: 0.36 
Ep 100/100 | TR Loss: 0.0922 Acc: 0.98 | VAL Loss: 2.5601 Acc: 0.38 
[*] Training plots saved to: output_qnlp/job_1094709/training_metrics.png

==================================================
BEST MODEL TEST SET EVALUATION (MULTIPLE THRESHOLDS)
==================================================
Threshold  | Acc      | Prec     | Rec      | F1      
--------------------------------------------------
0.30       | 0.45     | 0.46     | 0.45     | 0.46     
0.40       | 0.46     | 0.46     | 0.35     | 0.40     
0.50       | 0.51     | 0.55     | 0.22     | 0.31     <-- (Arg)
0.60       | 0.55     | 0.71     | 0.20     | 0.31     
0.70       | 0.53     | 0.67     | 0.16     | 0.25     
==================================================

========================================
End    : Fri May 22 03:05:13 +03 2026
Output : output_qnlp/job_1094709
total 234K
-rw-r--r-- 1 aerturk23 hpcusers 105K May 22 03:03 best_model.pth
-rw-r--r-- 1 aerturk23 hpcusers  291 May 22 03:03 config.json
-rw-r--r-- 1 aerturk23 hpcusers  14K May 22  2026 history.json
-rw-r--r-- 1 aerturk23 hpcusers  966 May 22 03:02 output.err
-rw-r--r-- 1 aerturk23 hpcusers 8.2K May 22  2026 output.log
-rw-r--r-- 1 aerturk23 hpcusers 106K May 22 03:05 training_metrics.png
========================================
