========================================
Job ID : 1094785
Start  : Fri May 22 06:46:17 +03 2026
GPU    : Tesla T4
========================================
--- Quantum QNLP Script starting ---
[*] Configuration saved to: output_qnlp/job_1094785/config.json
========================================
DATA SOURCE SELECTION : SYNTHETIC
TRAINING SIZE         : 50
VALIDATION SIZE       : 50
TEST SIZE             : 100
WEIGHT DECAY          : 0.0001
CLASSIFICATION THRESHOLD : 0.5
QUANTUM LAYERS        : 2
========================================

--- Preparing Dataset ---
Generating DisCoCat grammar diagrams...
Generating quantum circuits (IQP Ansatz)...

--- Starting Quantum Model Training (Epochs: 100) ---
Ep 01/100 | TR Loss: 0.8479 Acc: 0.54 | VAL Loss: 0.8212 Acc: 0.44 *(Best)*
Ep 02/100 | TR Loss: 0.8549 Acc: 0.44 | VAL Loss: 0.8838 Acc: 0.46 
Ep 03/100 | TR Loss: 0.6636 Acc: 0.66 | VAL Loss: 0.7272 Acc: 0.64 *(Best)*
Ep 04/100 | TR Loss: 0.7463 Acc: 0.56 | VAL Loss: 0.6864 Acc: 0.62 *(Best)*
Ep 05/100 | TR Loss: 0.8341 Acc: 0.48 | VAL Loss: 0.7075 Acc: 0.42 
Ep 06/100 | TR Loss: 0.8191 Acc: 0.34 | VAL Loss: 0.7024 Acc: 0.52 
Ep 07/100 | TR Loss: 0.6768 Acc: 0.50 | VAL Loss: 0.7109 Acc: 0.56 
Ep 08/100 | TR Loss: 0.6448 Acc: 0.66 | VAL Loss: 0.7012 Acc: 0.54 
Ep 09/100 | TR Loss: 0.5929 Acc: 0.66 | VAL Loss: 0.6995 Acc: 0.58 
Ep 10/100 | TR Loss: 0.5651 Acc: 0.62 | VAL Loss: 0.6956 Acc: 0.62 
Ep 11/100 | TR Loss: 0.5255 Acc: 0.64 | VAL Loss: 0.7313 Acc: 0.56 
Ep 12/100 | TR Loss: 0.5405 Acc: 0.66 | VAL Loss: 0.7889 Acc: 0.58 
Ep 13/100 | TR Loss: 0.6526 Acc: 0.56 | VAL Loss: 0.8275 Acc: 0.52 
Ep 14/100 | TR Loss: 0.6633 Acc: 0.56 | VAL Loss: 0.8617 Acc: 0.46 
Ep 15/100 | TR Loss: 0.7008 Acc: 0.60 | VAL Loss: 0.7996 Acc: 0.50 
Ep 16/100 | TR Loss: 0.6385 Acc: 0.66 | VAL Loss: 0.6988 Acc: 0.48 
Ep 17/100 | TR Loss: 0.6480 Acc: 0.62 | VAL Loss: 0.6672 Acc: 0.60 *(Best)*
Ep 18/100 | TR Loss: 0.5435 Acc: 0.70 | VAL Loss: 0.7461 Acc: 0.52 
Ep 19/100 | TR Loss: 0.5851 Acc: 0.64 | VAL Loss: 0.7314 Acc: 0.58 
Ep 20/100 | TR Loss: 0.6426 Acc: 0.50 | VAL Loss: 0.8138 Acc: 0.36 
Ep 21/100 | TR Loss: 0.6490 Acc: 0.62 | VAL Loss: 0.7598 Acc: 0.48 
Ep 22/100 | TR Loss: 0.7749 Acc: 0.54 | VAL Loss: 1.2319 Acc: 0.52 
Ep 23/100 | TR Loss: 0.6684 Acc: 0.60 | VAL Loss: 0.7223 Acc: 0.48 
Ep 24/100 | TR Loss: 0.7243 Acc: 0.48 | VAL Loss: 0.8261 Acc: 0.56 
Ep 25/100 | TR Loss: 0.6911 Acc: 0.56 | VAL Loss: 0.7691 Acc: 0.46 
Ep 26/100 | TR Loss: 0.6444 Acc: 0.68 | VAL Loss: 0.7362 Acc: 0.40 
Ep 27/100 | TR Loss: 0.6889 Acc: 0.62 | VAL Loss: 0.7080 Acc: 0.50 
Ep 28/100 | TR Loss: 0.6698 Acc: 0.50 | VAL Loss: 0.7696 Acc: 0.46 
Ep 29/100 | TR Loss: 0.6271 Acc: 0.66 | VAL Loss: 0.7446 Acc: 0.56 
Ep 30/100 | TR Loss: 0.6200 Acc: 0.70 | VAL Loss: 0.7451 Acc: 0.54 
Ep 31/100 | TR Loss: 0.6608 Acc: 0.66 | VAL Loss: 0.6696 Acc: 0.50 
Ep 32/100 | TR Loss: 0.5960 Acc: 0.72 | VAL Loss: 0.7346 Acc: 0.44 
Ep 33/100 | TR Loss: 0.5832 Acc: 0.72 | VAL Loss: 0.8643 Acc: 0.46 
Ep 34/100 | TR Loss: 0.5834 Acc: 0.70 | VAL Loss: 0.8212 Acc: 0.40 
Ep 35/100 | TR Loss: 0.5704 Acc: 0.72 | VAL Loss: 0.7608 Acc: 0.40 
Ep 36/100 | TR Loss: 0.5251 Acc: 0.72 | VAL Loss: 0.8350 Acc: 0.34 
Ep 37/100 | TR Loss: 0.5379 Acc: 0.70 | VAL Loss: 0.8348 Acc: 0.42 
Ep 38/100 | TR Loss: 0.5419 Acc: 0.72 | VAL Loss: 0.8173 Acc: 0.46 
Ep 39/100 | TR Loss: 0.5465 Acc: 0.70 | VAL Loss: 0.7220 Acc: 0.48 
Ep 40/100 | TR Loss: 0.5798 Acc: 0.66 | VAL Loss: 0.6776 Acc: 0.52 
Ep 41/100 | TR Loss: 0.5798 Acc: 0.60 | VAL Loss: 0.5908 Acc: 0.58 *(Best)*
Ep 42/100 | TR Loss: 0.6523 Acc: 0.62 | VAL Loss: 0.6259 Acc: 0.60 
Ep 43/100 | TR Loss: 0.5801 Acc: 0.74 | VAL Loss: 0.5990 Acc: 0.64 
Ep 44/100 | TR Loss: 0.5657 Acc: 0.76 | VAL Loss: 0.6463 Acc: 0.66 
Ep 45/100 | TR Loss: 0.5487 Acc: 0.74 | VAL Loss: 0.5701 Acc: 0.80 *(Best)*
Ep 46/100 | TR Loss: 0.5663 Acc: 0.74 | VAL Loss: 0.6311 Acc: 0.64 
Ep 47/100 | TR Loss: 0.5456 Acc: 0.78 | VAL Loss: 0.6508 Acc: 0.70 
Ep 48/100 | TR Loss: 0.4922 Acc: 0.80 | VAL Loss: 0.5957 Acc: 0.82 
Ep 49/100 | TR Loss: 0.4119 Acc: 0.86 | VAL Loss: 0.4459 Acc: 0.90 *(Best)*
Ep 50/100 | TR Loss: 0.4050 Acc: 0.92 | VAL Loss: 0.4302 Acc: 0.92 *(Best)*
Ep 51/100 | TR Loss: 0.3556 Acc: 0.98 | VAL Loss: 0.3524 Acc: 0.98 *(Best)*
Ep 52/100 | TR Loss: 0.3660 Acc: 0.94 | VAL Loss: 0.3922 Acc: 0.98 
Ep 53/100 | TR Loss: 0.6285 Acc: 0.68 | VAL Loss: 0.5094 Acc: 0.80 
Ep 54/100 | TR Loss: 0.6737 Acc: 0.60 | VAL Loss: 0.6967 Acc: 0.44 
Ep 55/100 | TR Loss: 0.6252 Acc: 0.58 | VAL Loss: 0.7482 Acc: 0.36 
Ep 56/100 | TR Loss: 0.7155 Acc: 0.54 | VAL Loss: 0.7388 Acc: 0.54 
Ep 57/100 | TR Loss: 0.6594 Acc: 0.62 | VAL Loss: 0.7263 Acc: 0.46 
Ep 58/100 | TR Loss: 0.6895 Acc: 0.60 | VAL Loss: 0.7154 Acc: 0.50 
Ep 59/100 | TR Loss: 0.6464 Acc: 0.58 | VAL Loss: 0.7414 Acc: 0.48 
Ep 60/100 | TR Loss: 0.6350 Acc: 0.68 | VAL Loss: 0.7612 Acc: 0.58 
Ep 61/100 | TR Loss: 0.6652 Acc: 0.50 | VAL Loss: 0.7218 Acc: 0.50 
Ep 62/100 | TR Loss: 0.5682 Acc: 0.62 | VAL Loss: 0.8561 Acc: 0.48 
Ep 63/100 | TR Loss: 0.5920 Acc: 0.58 | VAL Loss: 0.8907 Acc: 0.46 
Ep 64/100 | TR Loss: 0.7969 Acc: 0.58 | VAL Loss: 0.8082 Acc: 0.42 
Ep 65/100 | TR Loss: 0.6374 Acc: 0.58 | VAL Loss: 0.7652 Acc: 0.50 
Ep 66/100 | TR Loss: 0.6504 Acc: 0.56 | VAL Loss: 0.7216 Acc: 0.48 
Ep 67/100 | TR Loss: 0.6293 Acc: 0.50 | VAL Loss: 0.7468 Acc: 0.44 
Ep 68/100 | TR Loss: 0.5894 Acc: 0.60 | VAL Loss: 0.8717 Acc: 0.38 
Ep 69/100 | TR Loss: 0.5112 Acc: 0.76 | VAL Loss: 1.0480 Acc: 0.40 
Ep 70/100 | TR Loss: 0.5631 Acc: 0.72 | VAL Loss: 0.9602 Acc: 0.46 
Ep 71/100 | TR Loss: 0.6152 Acc: 0.48 | VAL Loss: 0.8187 Acc: 0.36 
Ep 72/100 | TR Loss: 0.5898 Acc: 0.74 | VAL Loss: 0.9392 Acc: 0.40 
Ep 73/100 | TR Loss: 0.6188 Acc: 0.56 | VAL Loss: 0.9128 Acc: 0.42 
Ep 74/100 | TR Loss: 0.6382 Acc: 0.54 | VAL Loss: 0.9531 Acc: 0.48 
Ep 75/100 | TR Loss: 0.7406 Acc: 0.58 | VAL Loss: 0.7991 Acc: 0.54 
Ep 76/100 | TR Loss: 0.6223 Acc: 0.52 | VAL Loss: 0.8026 Acc: 0.54 
Ep 77/100 | TR Loss: 0.6186 Acc: 0.60 | VAL Loss: 0.9137 Acc: 0.38 
Ep 78/100 | TR Loss: 0.6474 Acc: 0.52 | VAL Loss: 0.8108 Acc: 0.38 
Ep 79/100 | TR Loss: 0.6083 Acc: 0.58 | VAL Loss: 0.8419 Acc: 0.40 
Ep 80/100 | TR Loss: 0.5596 Acc: 0.66 | VAL Loss: 0.9168 Acc: 0.52 
Ep 81/100 | TR Loss: 0.5413 Acc: 0.64 | VAL Loss: 1.0430 Acc: 0.38 
Ep 82/100 | TR Loss: 0.6116 Acc: 0.66 | VAL Loss: 1.0634 Acc: 0.40 
Ep 83/100 | TR Loss: 0.6969 Acc: 0.66 | VAL Loss: 0.7147 Acc: 0.46 
Ep 84/100 | TR Loss: 0.6879 Acc: 0.62 | VAL Loss: 0.8593 Acc: 0.54 
Ep 85/100 | TR Loss: 0.8161 Acc: 0.46 | VAL Loss: 0.8692 Acc: 0.48 
Ep 86/100 | TR Loss: 0.7926 Acc: 0.42 | VAL Loss: 0.7714 Acc: 0.48 
Ep 87/100 | TR Loss: 0.6771 Acc: 0.60 | VAL Loss: 0.6779 Acc: 0.54 
Ep 88/100 | TR Loss: 0.7189 Acc: 0.60 | VAL Loss: 0.7210 Acc: 0.48 
Ep 89/100 | TR Loss: 0.7338 Acc: 0.38 | VAL Loss: 0.7107 Acc: 0.46 
Ep 90/100 | TR Loss: 0.6848 Acc: 0.50 | VAL Loss: 0.6777 Acc: 0.58 
Ep 91/100 | TR Loss: 0.6923 Acc: 0.60 | VAL Loss: 0.6917 Acc: 0.50 
Ep 92/100 | TR Loss: 0.6977 Acc: 0.50 | VAL Loss: 0.7292 Acc: 0.44 
Ep 93/100 | TR Loss: 0.6603 Acc: 0.62 | VAL Loss: 0.7318 Acc: 0.44 
Ep 94/100 | TR Loss: 0.6923 Acc: 0.58 | VAL Loss: 0.7306 Acc: 0.36 
Ep 95/100 | TR Loss: 0.6355 Acc: 0.62 | VAL Loss: 0.7776 Acc: 0.48 
Ep 96/100 | TR Loss: 0.6504 Acc: 0.64 | VAL Loss: 0.7401 Acc: 0.44 
Ep 97/100 | TR Loss: 0.6657 Acc: 0.68 | VAL Loss: 0.8107 Acc: 0.50 
Ep 98/100 | TR Loss: 0.6333 Acc: 0.60 | VAL Loss: 0.8182 Acc: 0.48 
Ep 99/100 | TR Loss: 0.6588 Acc: 0.56 | VAL Loss: 0.8247 Acc: 0.58 
Ep 100/100 | TR Loss: 0.6163 Acc: 0.60 | VAL Loss: 0.7406 Acc: 0.66 
[*] Training plots saved to: output_qnlp/job_1094785/training_metrics.png

==================================================
BEST MODEL TEST SET EVALUATION (MULTIPLE THRESHOLDS)
==================================================
Threshold  | Acc      | Prec     | Rec      | F1      
--------------------------------------------------
0.30       | 0.81     | 0.75     | 1.00     | 0.85     
0.40       | 1.00     | 1.00     | 1.00     | 1.00     
0.50       | 0.99     | 1.00     | 0.98     | 0.99     <-- (Arg)
0.60       | 0.85     | 1.00     | 0.73     | 0.85     
0.70       | 0.71     | 1.00     | 0.48     | 0.65     
==================================================

========================================
End    : Fri May 22 06:49:17 +03 2026
Output : output_qnlp/job_1094785
total 187K
-rw-r--r-- 1 aerturk23 hpcusers  11K May 22 06:48 best_model.pth
-rw-r--r-- 1 aerturk23 hpcusers  296 May 22 06:46 config.json
-rw-r--r-- 1 aerturk23 hpcusers  14K May 22  2026 history.json
-rw-r--r-- 1 aerturk23 hpcusers  966 May 22  2026 output.err
-rw-r--r-- 1 aerturk23 hpcusers 8.2K May 22 06:46 output.log
-rw-r--r-- 1 aerturk23 hpcusers 153K May 22 06:49 training_metrics.png
========================================
