========================================
Job ID : 1094747
Start  : Fri May 22 05:17:32 +03 2026
GPU    : Tesla T4
========================================
--- Classical LSTM Script starting ---
[*] Configuration saved to: output_classical/job_1094747/config.json
========================================
MODEL                 : CLASSICAL LSTM
DATA SOURCE SELECTION : SST2
TRAINING SIZE         : 500
VALIDATION SIZE       : 50
TEST SIZE             : 100
WEIGHT DECAY          : 0.0001
DROPOUT RATE          : 0.5
CLASSIFICATION THRESHOLD : 0.5
BATCH SIZE            : 16
EMBED/HIDDEN DIMS     : 16 / 32
========================================

--- Preparing Dataset and Tokenization ---
[*] REAL DATASET SIZES -> Train: 500 | Val: 50 | Test: 100
--- Initializing Classical Model ---

--- Starting Classical LSTM Training (Epochs: 100) ---
Ep 01/100 | TR Loss: 0.6853 Acc: 0.59 | VAL Loss: 0.6709 Acc: 0.66 *(Best)*
Ep 02/100 | TR Loss: 0.6622 Acc: 0.61 | VAL Loss: 0.6878 Acc: 0.66 
Ep 03/100 | TR Loss: 0.5816 Acc: 0.68 | VAL Loss: 0.6554 Acc: 0.62 *(Best)*
Ep 04/100 | TR Loss: 0.3187 Acc: 0.86 | VAL Loss: 0.8391 Acc: 0.64 
Ep 05/100 | TR Loss: 0.1037 Acc: 0.96 | VAL Loss: 0.9532 Acc: 0.70 
Ep 06/100 | TR Loss: 0.0132 Acc: 1.00 | VAL Loss: 1.3476 Acc: 0.64 
Ep 07/100 | TR Loss: 0.0015 Acc: 1.00 | VAL Loss: 1.3978 Acc: 0.66 
Ep 08/100 | TR Loss: 0.0010 Acc: 1.00 | VAL Loss: 1.4083 Acc: 0.64 
Ep 09/100 | TR Loss: 0.0008 Acc: 1.00 | VAL Loss: 1.4168 Acc: 0.64 
Ep 10/100 | TR Loss: 0.0007 Acc: 1.00 | VAL Loss: 1.4083 Acc: 0.64 
Ep 11/100 | TR Loss: 0.0007 Acc: 1.00 | VAL Loss: 1.3803 Acc: 0.62 
Ep 12/100 | TR Loss: 0.0006 Acc: 1.00 | VAL Loss: 1.3499 Acc: 0.60 
Ep 13/100 | TR Loss: 0.0733 Acc: 0.97 | VAL Loss: 0.6472 Acc: 0.74 *(Best)*
Ep 14/100 | TR Loss: 0.0429 Acc: 0.99 | VAL Loss: 0.7932 Acc: 0.78 
Ep 15/100 | TR Loss: 0.0353 Acc: 0.99 | VAL Loss: 0.5802 Acc: 0.76 *(Best)*
Ep 16/100 | TR Loss: 0.0327 Acc: 1.00 | VAL Loss: 0.5624 Acc: 0.78 *(Best)*
Ep 17/100 | TR Loss: 0.0170 Acc: 1.00 | VAL Loss: 0.6646 Acc: 0.72 
Ep 18/100 | TR Loss: 0.0033 Acc: 1.00 | VAL Loss: 0.9377 Acc: 0.74 
Ep 19/100 | TR Loss: 0.0136 Acc: 1.00 | VAL Loss: 0.9123 Acc: 0.72 
Ep 20/100 | TR Loss: 0.0033 Acc: 1.00 | VAL Loss: 0.8808 Acc: 0.72 
Ep 21/100 | TR Loss: 0.0010 Acc: 1.00 | VAL Loss: 1.0149 Acc: 0.68 
Ep 22/100 | TR Loss: 0.0006 Acc: 1.00 | VAL Loss: 1.0691 Acc: 0.70 
Ep 23/100 | TR Loss: 0.0006 Acc: 1.00 | VAL Loss: 1.1166 Acc: 0.70 
Ep 24/100 | TR Loss: 0.0006 Acc: 1.00 | VAL Loss: 1.1567 Acc: 0.70 
Ep 25/100 | TR Loss: 0.0005 Acc: 1.00 | VAL Loss: 1.1916 Acc: 0.70 
Ep 26/100 | TR Loss: 0.0015 Acc: 1.00 | VAL Loss: 1.3091 Acc: 0.68 
Ep 27/100 | TR Loss: 0.0069 Acc: 1.00 | VAL Loss: 1.0694 Acc: 0.70 
Ep 28/100 | TR Loss: 0.0006 Acc: 1.00 | VAL Loss: 1.5429 Acc: 0.68 
Ep 29/100 | TR Loss: 0.0004 Acc: 1.00 | VAL Loss: 1.5763 Acc: 0.64 
Ep 30/100 | TR Loss: 0.0004 Acc: 1.00 | VAL Loss: 1.5832 Acc: 0.62 
Ep 31/100 | TR Loss: 0.0004 Acc: 1.00 | VAL Loss: 1.5657 Acc: 0.64 
Ep 32/100 | TR Loss: 0.0004 Acc: 1.00 | VAL Loss: 1.5363 Acc: 0.60 
Ep 33/100 | TR Loss: 0.0004 Acc: 1.00 | VAL Loss: 1.5360 Acc: 0.62 
Ep 34/100 | TR Loss: 0.0004 Acc: 1.00 | VAL Loss: 1.5309 Acc: 0.62 
Ep 35/100 | TR Loss: 0.0004 Acc: 1.00 | VAL Loss: 1.4892 Acc: 0.60 
Ep 36/100 | TR Loss: 0.0004 Acc: 1.00 | VAL Loss: 1.4512 Acc: 0.64 
Ep 37/100 | TR Loss: 0.0003 Acc: 1.00 | VAL Loss: 1.4379 Acc: 0.60 
Ep 38/100 | TR Loss: 0.0003 Acc: 1.00 | VAL Loss: 1.4111 Acc: 0.62 
Ep 39/100 | TR Loss: 0.0004 Acc: 1.00 | VAL Loss: 1.3397 Acc: 0.62 
Ep 40/100 | TR Loss: 0.0003 Acc: 1.00 | VAL Loss: 1.3384 Acc: 0.60 
Ep 41/100 | TR Loss: 0.0004 Acc: 1.00 | VAL Loss: 1.2862 Acc: 0.62 
Ep 42/100 | TR Loss: 0.0003 Acc: 1.00 | VAL Loss: 1.1976 Acc: 0.64 
Ep 43/100 | TR Loss: 0.1453 Acc: 0.96 | VAL Loss: 0.6287 Acc: 0.76 
Ep 44/100 | TR Loss: 0.1608 Acc: 0.95 | VAL Loss: 0.6383 Acc: 0.68 
Ep 45/100 | TR Loss: 0.0280 Acc: 0.99 | VAL Loss: 0.7154 Acc: 0.76 
Ep 46/100 | TR Loss: 0.0113 Acc: 1.00 | VAL Loss: 0.6028 Acc: 0.72 
Ep 47/100 | TR Loss: 0.0122 Acc: 1.00 | VAL Loss: 0.6141 Acc: 0.80 
Ep 48/100 | TR Loss: 0.0042 Acc: 1.00 | VAL Loss: 0.5898 Acc: 0.78 
Ep 49/100 | TR Loss: 0.0010 Acc: 1.00 | VAL Loss: 0.6278 Acc: 0.78 
Ep 50/100 | TR Loss: 0.0007 Acc: 1.00 | VAL Loss: 0.6469 Acc: 0.78 
Ep 51/100 | TR Loss: 0.0006 Acc: 1.00 | VAL Loss: 0.6740 Acc: 0.78 
Ep 52/100 | TR Loss: 0.0005 Acc: 1.00 | VAL Loss: 0.6960 Acc: 0.78 
Ep 53/100 | TR Loss: 0.0005 Acc: 1.00 | VAL Loss: 0.7157 Acc: 0.76 
Ep 54/100 | TR Loss: 0.0005 Acc: 1.00 | VAL Loss: 0.7386 Acc: 0.76 
Ep 55/100 | TR Loss: 0.0004 Acc: 1.00 | VAL Loss: 0.7617 Acc: 0.76 
Ep 56/100 | TR Loss: 0.0004 Acc: 1.00 | VAL Loss: 0.7779 Acc: 0.76 
Ep 57/100 | TR Loss: 0.0004 Acc: 1.00 | VAL Loss: 0.8073 Acc: 0.76 
Ep 58/100 | TR Loss: 0.0004 Acc: 1.00 | VAL Loss: 0.8228 Acc: 0.76 
Ep 59/100 | TR Loss: 0.0004 Acc: 1.00 | VAL Loss: 0.8498 Acc: 0.76 
Ep 60/100 | TR Loss: 0.0004 Acc: 1.00 | VAL Loss: 0.8667 Acc: 0.76 
Ep 61/100 | TR Loss: 0.0004 Acc: 1.00 | VAL Loss: 0.8801 Acc: 0.76 
Ep 62/100 | TR Loss: 0.0003 Acc: 1.00 | VAL Loss: 0.8972 Acc: 0.76 
Ep 63/100 | TR Loss: 0.0003 Acc: 1.00 | VAL Loss: 0.9151 Acc: 0.74 
Ep 64/100 | TR Loss: 0.0003 Acc: 1.00 | VAL Loss: 0.9318 Acc: 0.74 
Ep 65/100 | TR Loss: 0.0003 Acc: 1.00 | VAL Loss: 0.9441 Acc: 0.74 
Ep 66/100 | TR Loss: 0.0003 Acc: 1.00 | VAL Loss: 0.9706 Acc: 0.74 
Ep 67/100 | TR Loss: 0.0003 Acc: 1.00 | VAL Loss: 0.9898 Acc: 0.74 
Ep 68/100 | TR Loss: 0.0128 Acc: 1.00 | VAL Loss: 1.5574 Acc: 0.80 
Ep 69/100 | TR Loss: 0.0204 Acc: 0.99 | VAL Loss: 0.6732 Acc: 0.68 
Ep 70/100 | TR Loss: 0.0068 Acc: 1.00 | VAL Loss: 2.2442 Acc: 0.78 
Ep 71/100 | TR Loss: 0.0133 Acc: 0.99 | VAL Loss: 0.9650 Acc: 0.82 
Ep 72/100 | TR Loss: 0.0020 Acc: 1.00 | VAL Loss: 1.2389 Acc: 0.82 
Ep 73/100 | TR Loss: 0.0005 Acc: 1.00 | VAL Loss: 1.3574 Acc: 0.82 
Ep 74/100 | TR Loss: 0.0005 Acc: 1.00 | VAL Loss: 1.4069 Acc: 0.82 
Ep 75/100 | TR Loss: 0.0003 Acc: 1.00 | VAL Loss: 1.4386 Acc: 0.82 
Ep 76/100 | TR Loss: 0.0003 Acc: 1.00 | VAL Loss: 1.4728 Acc: 0.82 
Ep 77/100 | TR Loss: 0.0003 Acc: 1.00 | VAL Loss: 1.5059 Acc: 0.82 
Ep 78/100 | TR Loss: 0.0003 Acc: 1.00 | VAL Loss: 1.5438 Acc: 0.82 
Ep 79/100 | TR Loss: 0.0003 Acc: 1.00 | VAL Loss: 1.5696 Acc: 0.78 
Ep 80/100 | TR Loss: 0.0003 Acc: 1.00 | VAL Loss: 1.6007 Acc: 0.78 
Ep 81/100 | TR Loss: 0.0003 Acc: 1.00 | VAL Loss: 1.6290 Acc: 0.78 
Ep 82/100 | TR Loss: 0.0003 Acc: 1.00 | VAL Loss: 1.6562 Acc: 0.78 
Ep 83/100 | TR Loss: 0.0003 Acc: 1.00 | VAL Loss: 1.6765 Acc: 0.78 
Ep 84/100 | TR Loss: 0.0003 Acc: 1.00 | VAL Loss: 1.7147 Acc: 0.78 
Ep 85/100 | TR Loss: 0.0003 Acc: 1.00 | VAL Loss: 1.7328 Acc: 0.78 
Ep 86/100 | TR Loss: 0.0003 Acc: 1.00 | VAL Loss: 1.7505 Acc: 0.78 
Ep 87/100 | TR Loss: 0.0003 Acc: 1.00 | VAL Loss: 1.7674 Acc: 0.78 
Ep 88/100 | TR Loss: 0.0003 Acc: 1.00 | VAL Loss: 1.7893 Acc: 0.78 
Ep 89/100 | TR Loss: 0.0003 Acc: 1.00 | VAL Loss: 1.8021 Acc: 0.78 
Ep 90/100 | TR Loss: 0.0003 Acc: 1.00 | VAL Loss: 1.8200 Acc: 0.76 
Ep 91/100 | TR Loss: 0.0003 Acc: 1.00 | VAL Loss: 1.8308 Acc: 0.76 
Ep 92/100 | TR Loss: 0.0003 Acc: 1.00 | VAL Loss: 1.8395 Acc: 0.76 
Ep 93/100 | TR Loss: 0.0002 Acc: 1.00 | VAL Loss: 1.8492 Acc: 0.76 
Ep 94/100 | TR Loss: 0.0003 Acc: 1.00 | VAL Loss: 1.8619 Acc: 0.76 
Ep 95/100 | TR Loss: 0.0002 Acc: 1.00 | VAL Loss: 1.8752 Acc: 0.76 
Ep 96/100 | TR Loss: 0.0003 Acc: 1.00 | VAL Loss: 1.8863 Acc: 0.74 
Ep 97/100 | TR Loss: 0.0002 Acc: 1.00 | VAL Loss: 1.9000 Acc: 0.74 
Ep 98/100 | TR Loss: 0.0003 Acc: 1.00 | VAL Loss: 1.9120 Acc: 0.74 
Ep 99/100 | TR Loss: 0.0003 Acc: 1.00 | VAL Loss: 1.9571 Acc: 0.74 
Ep 100/100 | TR Loss: 0.0002 Acc: 1.00 | VAL Loss: 1.9543 Acc: 0.74 

==================================================
BEST MODEL TEST SET EVALUATION (MULTIPLE THRESHOLDS)
==================================================
Threshold  | Acc      | Prec     | Rec      | F1      
--------------------------------------------------
0.30       | 0.68     | 0.70     | 0.85     | 0.77     
0.40       | 0.65     | 0.69     | 0.79     | 0.74     
0.50       | 0.58     | 0.69     | 0.58     | 0.63     <-- (Arg)
0.60       | 0.57     | 0.69     | 0.55     | 0.61     
0.70       | 0.58     | 0.71     | 0.55     | 0.62     
==================================================

========================================
End    : Fri May 22 05:18:00 +03 2026
Output : output_classical/job_1094747
total 206K
-rw-r--r-- 1 aerturk23 hpcusers  97K May 22  2026 best_model.pth
-rw-r--r-- 1 aerturk23 hpcusers  363 May 22 05:17 config.json
-rw-r--r-- 1 aerturk23 hpcusers  13K May 22 05:17 history.json
-rw-r--r-- 1 aerturk23 hpcusers  966 May 22 05:17 output.err
-rw-r--r-- 1 aerturk23 hpcusers 8.3K May 22  2026 output.log
-rw-r--r-- 1 aerturk23 hpcusers  86K May 22  2026 training_metrics.png
========================================
