========================================
Job ID : 1094746
Start  : Fri May 22 05:17:02 +03 2026
GPU    : Tesla T4
========================================
--- Classical LSTM Script starting ---
[*] Configuration saved to: output_classical/job_1094746/config.json
========================================
MODEL                 : CLASSICAL LSTM
DATA SOURCE SELECTION : SST2
TRAINING SIZE         : 500
VALIDATION SIZE       : 50
TEST SIZE             : 100
WEIGHT DECAY          : 0.0001
DROPOUT RATE          : 0.2
CLASSIFICATION THRESHOLD : 0.5
BATCH SIZE            : 16
EMBED/HIDDEN DIMS     : 16 / 32
========================================

--- Preparing Dataset and Tokenization ---
[*] REAL DATASET SIZES -> Train: 500 | Val: 50 | Test: 100
--- Initializing Classical Model ---

--- Starting Classical LSTM Training (Epochs: 100) ---
Ep 01/100 | TR Loss: 0.6819 Acc: 0.59 | VAL Loss: 0.6676 Acc: 0.66 *(Best)*
Ep 02/100 | TR Loss: 0.6585 Acc: 0.62 | VAL Loss: 0.6917 Acc: 0.64 
Ep 03/100 | TR Loss: 0.5470 Acc: 0.75 | VAL Loss: 0.6253 Acc: 0.70 *(Best)*
Ep 04/100 | TR Loss: 0.2905 Acc: 0.90 | VAL Loss: 0.9259 Acc: 0.64 
Ep 05/100 | TR Loss: 0.1075 Acc: 0.97 | VAL Loss: 1.2143 Acc: 0.74 
Ep 06/100 | TR Loss: 0.0327 Acc: 0.99 | VAL Loss: 1.2051 Acc: 0.74 
Ep 07/100 | TR Loss: 0.0048 Acc: 1.00 | VAL Loss: 1.1081 Acc: 0.72 
Ep 08/100 | TR Loss: 0.0015 Acc: 1.00 | VAL Loss: 1.1249 Acc: 0.72 
Ep 09/100 | TR Loss: 0.0011 Acc: 1.00 | VAL Loss: 1.1397 Acc: 0.70 
Ep 10/100 | TR Loss: 0.0009 Acc: 1.00 | VAL Loss: 1.1798 Acc: 0.72 
Ep 11/100 | TR Loss: 0.0008 Acc: 1.00 | VAL Loss: 1.2106 Acc: 0.72 
Ep 12/100 | TR Loss: 0.0008 Acc: 1.00 | VAL Loss: 1.2820 Acc: 0.70 
Ep 13/100 | TR Loss: 0.0007 Acc: 1.00 | VAL Loss: 1.3506 Acc: 0.70 
Ep 14/100 | TR Loss: 0.0006 Acc: 1.00 | VAL Loss: 1.4252 Acc: 0.70 
Ep 15/100 | TR Loss: 0.0006 Acc: 1.00 | VAL Loss: 1.5080 Acc: 0.68 
Ep 16/100 | TR Loss: 0.0007 Acc: 1.00 | VAL Loss: 1.5393 Acc: 0.68 
Ep 17/100 | TR Loss: 0.0152 Acc: 1.00 | VAL Loss: 1.6041 Acc: 0.70 
Ep 18/100 | TR Loss: 0.0391 Acc: 0.99 | VAL Loss: 0.8352 Acc: 0.82 
Ep 19/100 | TR Loss: 0.0509 Acc: 0.98 | VAL Loss: 0.8967 Acc: 0.74 
Ep 20/100 | TR Loss: 0.0277 Acc: 0.99 | VAL Loss: 1.3697 Acc: 0.68 
Ep 21/100 | TR Loss: 0.0140 Acc: 0.99 | VAL Loss: 1.4173 Acc: 0.76 
Ep 22/100 | TR Loss: 0.0126 Acc: 1.00 | VAL Loss: 1.6074 Acc: 0.82 
Ep 23/100 | TR Loss: 0.0122 Acc: 1.00 | VAL Loss: 1.0844 Acc: 0.80 
Ep 24/100 | TR Loss: 0.0042 Acc: 1.00 | VAL Loss: 1.2315 Acc: 0.82 
Ep 25/100 | TR Loss: 0.0077 Acc: 1.00 | VAL Loss: 1.2845 Acc: 0.68 
Ep 26/100 | TR Loss: 0.0069 Acc: 1.00 | VAL Loss: 1.5525 Acc: 0.72 
Ep 27/100 | TR Loss: 0.0031 Acc: 1.00 | VAL Loss: 1.4878 Acc: 0.74 
Ep 28/100 | TR Loss: 0.0009 Acc: 1.00 | VAL Loss: 1.6290 Acc: 0.72 
Ep 29/100 | TR Loss: 0.0172 Acc: 1.00 | VAL Loss: 1.3870 Acc: 0.74 
Ep 30/100 | TR Loss: 0.0022 Acc: 1.00 | VAL Loss: 1.4880 Acc: 0.66 
Ep 31/100 | TR Loss: 0.0006 Acc: 1.00 | VAL Loss: 1.5420 Acc: 0.68 
Ep 32/100 | TR Loss: 0.0004 Acc: 1.00 | VAL Loss: 1.6048 Acc: 0.68 
Ep 33/100 | TR Loss: 0.0004 Acc: 1.00 | VAL Loss: 1.6684 Acc: 0.68 
Ep 34/100 | TR Loss: 0.0004 Acc: 1.00 | VAL Loss: 1.7205 Acc: 0.68 
Ep 35/100 | TR Loss: 0.0004 Acc: 1.00 | VAL Loss: 1.7840 Acc: 0.70 
Ep 36/100 | TR Loss: 0.0004 Acc: 1.00 | VAL Loss: 1.8274 Acc: 0.70 
Ep 37/100 | TR Loss: 0.0004 Acc: 1.00 | VAL Loss: 1.8584 Acc: 0.72 
Ep 38/100 | TR Loss: 0.0004 Acc: 1.00 | VAL Loss: 1.9089 Acc: 0.72 
Ep 39/100 | TR Loss: 0.0003 Acc: 1.00 | VAL Loss: 1.9507 Acc: 0.72 
Ep 40/100 | TR Loss: 0.0003 Acc: 1.00 | VAL Loss: 2.0070 Acc: 0.72 
Ep 41/100 | TR Loss: 0.0003 Acc: 1.00 | VAL Loss: 2.0517 Acc: 0.70 
Ep 42/100 | TR Loss: 0.0003 Acc: 1.00 | VAL Loss: 2.1027 Acc: 0.70 
Ep 43/100 | TR Loss: 0.0003 Acc: 1.00 | VAL Loss: 2.1533 Acc: 0.70 
Ep 44/100 | TR Loss: 0.0003 Acc: 1.00 | VAL Loss: 2.1905 Acc: 0.70 
Ep 45/100 | TR Loss: 0.0003 Acc: 1.00 | VAL Loss: 2.2102 Acc: 0.70 
Ep 46/100 | TR Loss: 0.0003 Acc: 1.00 | VAL Loss: 2.2257 Acc: 0.70 
Ep 47/100 | TR Loss: 0.0003 Acc: 1.00 | VAL Loss: 2.2261 Acc: 0.70 
Ep 48/100 | TR Loss: 0.0002 Acc: 1.00 | VAL Loss: 2.2822 Acc: 0.70 
Ep 49/100 | TR Loss: 0.0002 Acc: 1.00 | VAL Loss: 2.2824 Acc: 0.70 
Ep 50/100 | TR Loss: 0.0002 Acc: 1.00 | VAL Loss: 2.2807 Acc: 0.70 
Ep 51/100 | TR Loss: 0.0005 Acc: 1.00 | VAL Loss: 2.5879 Acc: 0.74 
Ep 52/100 | TR Loss: 0.1068 Acc: 0.97 | VAL Loss: 0.8257 Acc: 0.74 
Ep 53/100 | TR Loss: 0.0727 Acc: 0.98 | VAL Loss: 0.9943 Acc: 0.72 
Ep 54/100 | TR Loss: 0.0099 Acc: 1.00 | VAL Loss: 0.9678 Acc: 0.70 
Ep 55/100 | TR Loss: 0.0004 Acc: 1.00 | VAL Loss: 1.1689 Acc: 0.72 
Ep 56/100 | TR Loss: 0.0003 Acc: 1.00 | VAL Loss: 1.2244 Acc: 0.72 
Ep 57/100 | TR Loss: 0.0003 Acc: 1.00 | VAL Loss: 1.2706 Acc: 0.72 
Ep 58/100 | TR Loss: 0.0003 Acc: 1.00 | VAL Loss: 1.3245 Acc: 0.70 
Ep 59/100 | TR Loss: 0.0003 Acc: 1.00 | VAL Loss: 1.3963 Acc: 0.70 
Ep 60/100 | TR Loss: 0.0003 Acc: 1.00 | VAL Loss: 1.4560 Acc: 0.70 
Ep 61/100 | TR Loss: 0.0003 Acc: 1.00 | VAL Loss: 1.5206 Acc: 0.70 
Ep 62/100 | TR Loss: 0.0003 Acc: 1.00 | VAL Loss: 1.5838 Acc: 0.70 
Ep 63/100 | TR Loss: 0.0003 Acc: 1.00 | VAL Loss: 1.6670 Acc: 0.70 
Ep 64/100 | TR Loss: 0.0003 Acc: 1.00 | VAL Loss: 1.7282 Acc: 0.70 
Ep 65/100 | TR Loss: 0.0004 Acc: 1.00 | VAL Loss: 1.7966 Acc: 0.70 
Ep 66/100 | TR Loss: 0.0003 Acc: 1.00 | VAL Loss: 1.8554 Acc: 0.70 
Ep 67/100 | TR Loss: 0.0003 Acc: 1.00 | VAL Loss: 1.9043 Acc: 0.68 
Ep 68/100 | TR Loss: 0.0003 Acc: 1.00 | VAL Loss: 1.9614 Acc: 0.68 
Ep 69/100 | TR Loss: 0.0003 Acc: 1.00 | VAL Loss: 1.9960 Acc: 0.70 
Ep 70/100 | TR Loss: 0.0003 Acc: 1.00 | VAL Loss: 2.0321 Acc: 0.70 
Ep 71/100 | TR Loss: 0.0003 Acc: 1.00 | VAL Loss: 2.0913 Acc: 0.70 
Ep 72/100 | TR Loss: 0.0003 Acc: 1.00 | VAL Loss: 2.1362 Acc: 0.70 
Ep 73/100 | TR Loss: 0.0003 Acc: 1.00 | VAL Loss: 2.1705 Acc: 0.70 
Ep 74/100 | TR Loss: 0.0003 Acc: 1.00 | VAL Loss: 2.2055 Acc: 0.70 
Ep 75/100 | TR Loss: 0.0003 Acc: 1.00 | VAL Loss: 2.2309 Acc: 0.70 
Ep 76/100 | TR Loss: 0.0003 Acc: 1.00 | VAL Loss: 2.2734 Acc: 0.70 
Ep 77/100 | TR Loss: 0.0003 Acc: 1.00 | VAL Loss: 2.2814 Acc: 0.70 
Ep 78/100 | TR Loss: 0.0003 Acc: 1.00 | VAL Loss: 2.2165 Acc: 0.70 
Ep 79/100 | TR Loss: 0.0003 Acc: 1.00 | VAL Loss: 2.2223 Acc: 0.72 
Ep 80/100 | TR Loss: 0.0002 Acc: 1.00 | VAL Loss: 2.2543 Acc: 0.72 
Ep 81/100 | TR Loss: 0.0002 Acc: 1.00 | VAL Loss: 2.2724 Acc: 0.72 
Ep 82/100 | TR Loss: 0.0003 Acc: 1.00 | VAL Loss: 2.3057 Acc: 0.72 
Ep 83/100 | TR Loss: 0.0003 Acc: 1.00 | VAL Loss: 2.3017 Acc: 0.72 
Ep 84/100 | TR Loss: 0.0490 Acc: 0.99 | VAL Loss: 1.1462 Acc: 0.62 
Ep 85/100 | TR Loss: 0.1151 Acc: 0.97 | VAL Loss: 0.9714 Acc: 0.70 
Ep 86/100 | TR Loss: 0.0468 Acc: 0.99 | VAL Loss: 0.6549 Acc: 0.68 
Ep 87/100 | TR Loss: 0.0192 Acc: 1.00 | VAL Loss: 0.5938 Acc: 0.70 *(Best)*
Ep 88/100 | TR Loss: 0.0026 Acc: 1.00 | VAL Loss: 0.6509 Acc: 0.72 
Ep 89/100 | TR Loss: 0.0009 Acc: 1.00 | VAL Loss: 0.7288 Acc: 0.70 
Ep 90/100 | TR Loss: 0.0007 Acc: 1.00 | VAL Loss: 0.7644 Acc: 0.70 
Ep 91/100 | TR Loss: 0.0005 Acc: 1.00 | VAL Loss: 0.7957 Acc: 0.70 
Ep 92/100 | TR Loss: 0.0005 Acc: 1.00 | VAL Loss: 0.8223 Acc: 0.70 
Ep 93/100 | TR Loss: 0.0004 Acc: 1.00 | VAL Loss: 0.8461 Acc: 0.70 
Ep 94/100 | TR Loss: 0.0004 Acc: 1.00 | VAL Loss: 0.8721 Acc: 0.70 
Ep 95/100 | TR Loss: 0.0004 Acc: 1.00 | VAL Loss: 0.8939 Acc: 0.70 
Ep 96/100 | TR Loss: 0.0004 Acc: 1.00 | VAL Loss: 0.9233 Acc: 0.70 
Ep 97/100 | TR Loss: 0.0004 Acc: 1.00 | VAL Loss: 0.9448 Acc: 0.70 
Ep 98/100 | TR Loss: 0.0004 Acc: 1.00 | VAL Loss: 0.9728 Acc: 0.72 
Ep 99/100 | TR Loss: 0.0004 Acc: 1.00 | VAL Loss: 1.0038 Acc: 0.72 
Ep 100/100 | TR Loss: 0.0004 Acc: 1.00 | VAL Loss: 1.0289 Acc: 0.72 

==================================================
BEST MODEL TEST SET EVALUATION (MULTIPLE THRESHOLDS)
==================================================
Threshold  | Acc      | Prec     | Rec      | F1      
--------------------------------------------------
0.30       | 0.53     | 0.68     | 0.45     | 0.54     
0.40       | 0.56     | 0.74     | 0.45     | 0.56     
0.50       | 0.57     | 0.76     | 0.45     | 0.57     <-- (Arg)
0.60       | 0.57     | 0.77     | 0.44     | 0.56     
0.70       | 0.57     | 0.77     | 0.44     | 0.56     
==================================================

========================================
End    : Fri May 22 05:17:30 +03 2026
Output : output_classical/job_1094746
total 205K
-rw-r--r-- 1 aerturk23 hpcusers  97K May 22  2026 best_model.pth
-rw-r--r-- 1 aerturk23 hpcusers  363 May 22 05:17 config.json
-rw-r--r-- 1 aerturk23 hpcusers  13K May 22 05:17 history.json
-rw-r--r-- 1 aerturk23 hpcusers  966 May 22 05:17 output.err
-rw-r--r-- 1 aerturk23 hpcusers 8.2K May 22  2026 output.log
-rw-r--r-- 1 aerturk23 hpcusers  85K May 22 05:17 training_metrics.png
========================================
