========================================
Job ID : 1094712
Start  : Fri May 22 03:08:29 +03 2026
GPU    : Tesla T4
========================================
--- Classical LSTM Script starting ---
[*] Configuration saved to: output_classical/job_1094712/config.json
========================================
MODEL                 : CLASSICAL LSTM
DATA SOURCE SELECTION : SST2
TRAINING SIZE         : 50
VALIDATION SIZE       : 50
TEST SIZE             : 100
WEIGHT DECAY          : 0.0001
DROPOUT RATE          : 0.5
CLASSIFICATION THRESHOLD : 0.5
BATCH SIZE            : 16
EMBED/HIDDEN DIMS     : 16 / 32
========================================

--- Preparing Dataset and Tokenization ---
[*] REAL DATASET SIZES -> Train: 50 | Val: 50 | Test: 100
--- Initializing Classical Model ---

--- Starting Classical LSTM Training (Epochs: 100) ---
Ep 01/100 | TR Loss: 0.6552 Acc: 0.60 | VAL Loss: 0.6254 Acc: 0.66 *(Best)*
Ep 02/100 | TR Loss: 0.6585 Acc: 0.60 | VAL Loss: 0.5968 Acc: 0.66 *(Best)*
Ep 03/100 | TR Loss: 0.6261 Acc: 0.60 | VAL Loss: 0.5886 Acc: 0.66 *(Best)*
Ep 04/100 | TR Loss: 0.5523 Acc: 0.60 | VAL Loss: 0.6176 Acc: 0.68 
Ep 05/100 | TR Loss: 0.6342 Acc: 0.68 | VAL Loss: 0.6635 Acc: 0.66 
Ep 06/100 | TR Loss: 0.4498 Acc: 0.86 | VAL Loss: 0.6787 Acc: 0.54 
Ep 07/100 | TR Loss: 0.3977 Acc: 0.92 | VAL Loss: 0.7297 Acc: 0.52 
Ep 08/100 | TR Loss: 0.2689 Acc: 0.90 | VAL Loss: 0.8768 Acc: 0.52 
Ep 09/100 | TR Loss: 0.1362 Acc: 0.94 | VAL Loss: 1.1322 Acc: 0.56 
Ep 10/100 | TR Loss: 0.0853 Acc: 0.98 | VAL Loss: 1.3655 Acc: 0.56 
Ep 11/100 | TR Loss: 0.0249 Acc: 1.00 | VAL Loss: 1.5272 Acc: 0.52 
Ep 12/100 | TR Loss: 0.0140 Acc: 1.00 | VAL Loss: 1.6775 Acc: 0.54 
Ep 13/100 | TR Loss: 0.0052 Acc: 1.00 | VAL Loss: 1.8493 Acc: 0.56 
Ep 14/100 | TR Loss: 0.0032 Acc: 1.00 | VAL Loss: 2.0239 Acc: 0.54 
Ep 15/100 | TR Loss: 0.0019 Acc: 1.00 | VAL Loss: 2.1839 Acc: 0.54 
Ep 16/100 | TR Loss: 0.0015 Acc: 1.00 | VAL Loss: 2.3070 Acc: 0.54 
Ep 17/100 | TR Loss: 0.0012 Acc: 1.00 | VAL Loss: 2.3903 Acc: 0.54 
Ep 18/100 | TR Loss: 0.0011 Acc: 1.00 | VAL Loss: 2.4406 Acc: 0.54 
Ep 19/100 | TR Loss: 0.0010 Acc: 1.00 | VAL Loss: 2.4674 Acc: 0.54 
Ep 20/100 | TR Loss: 0.0009 Acc: 1.00 | VAL Loss: 2.4755 Acc: 0.54 
Ep 21/100 | TR Loss: 0.0008 Acc: 1.00 | VAL Loss: 2.4716 Acc: 0.52 
Ep 22/100 | TR Loss: 0.0008 Acc: 1.00 | VAL Loss: 2.4585 Acc: 0.50 
Ep 23/100 | TR Loss: 0.0008 Acc: 1.00 | VAL Loss: 2.4386 Acc: 0.48 
Ep 24/100 | TR Loss: 0.0007 Acc: 1.00 | VAL Loss: 2.4144 Acc: 0.48 
Ep 25/100 | TR Loss: 0.0007 Acc: 1.00 | VAL Loss: 2.3868 Acc: 0.50 
Ep 26/100 | TR Loss: 0.0008 Acc: 1.00 | VAL Loss: 2.3571 Acc: 0.50 
Ep 27/100 | TR Loss: 0.0007 Acc: 1.00 | VAL Loss: 2.3262 Acc: 0.50 
Ep 28/100 | TR Loss: 0.0007 Acc: 1.00 | VAL Loss: 2.2962 Acc: 0.50 
Ep 29/100 | TR Loss: 0.0007 Acc: 1.00 | VAL Loss: 2.2684 Acc: 0.50 
Ep 30/100 | TR Loss: 0.0010 Acc: 1.00 | VAL Loss: 2.2445 Acc: 0.50 
Ep 31/100 | TR Loss: 0.0007 Acc: 1.00 | VAL Loss: 2.2285 Acc: 0.48 
Ep 32/100 | TR Loss: 0.0007 Acc: 1.00 | VAL Loss: 2.2119 Acc: 0.50 
Ep 33/100 | TR Loss: 0.0006 Acc: 1.00 | VAL Loss: 2.1950 Acc: 0.50 
Ep 34/100 | TR Loss: 0.0009 Acc: 1.00 | VAL Loss: 2.1796 Acc: 0.50 
Ep 35/100 | TR Loss: 0.0007 Acc: 1.00 | VAL Loss: 2.1684 Acc: 0.50 
Ep 36/100 | TR Loss: 0.0006 Acc: 1.00 | VAL Loss: 2.1562 Acc: 0.50 
Ep 37/100 | TR Loss: 0.0006 Acc: 1.00 | VAL Loss: 2.1440 Acc: 0.50 
Ep 38/100 | TR Loss: 0.0007 Acc: 1.00 | VAL Loss: 2.1318 Acc: 0.50 
Ep 39/100 | TR Loss: 0.0006 Acc: 1.00 | VAL Loss: 2.1198 Acc: 0.50 
Ep 40/100 | TR Loss: 0.0006 Acc: 1.00 | VAL Loss: 2.1076 Acc: 0.50 
Ep 41/100 | TR Loss: 0.0006 Acc: 1.00 | VAL Loss: 2.0959 Acc: 0.50 
Ep 42/100 | TR Loss: 0.0006 Acc: 1.00 | VAL Loss: 2.0847 Acc: 0.50 
Ep 43/100 | TR Loss: 0.0007 Acc: 1.00 | VAL Loss: 2.0743 Acc: 0.52 
Ep 44/100 | TR Loss: 0.0006 Acc: 1.00 | VAL Loss: 2.0668 Acc: 0.52 
Ep 45/100 | TR Loss: 0.0006 Acc: 1.00 | VAL Loss: 2.0599 Acc: 0.54 
Ep 46/100 | TR Loss: 0.0006 Acc: 1.00 | VAL Loss: 2.0525 Acc: 0.54 
Ep 47/100 | TR Loss: 0.0006 Acc: 1.00 | VAL Loss: 2.0460 Acc: 0.54 
Ep 48/100 | TR Loss: 0.0007 Acc: 1.00 | VAL Loss: 2.0390 Acc: 0.54 
Ep 49/100 | TR Loss: 0.0006 Acc: 1.00 | VAL Loss: 2.0320 Acc: 0.54 
Ep 50/100 | TR Loss: 0.0007 Acc: 1.00 | VAL Loss: 2.0261 Acc: 0.54 
Ep 51/100 | TR Loss: 0.0006 Acc: 1.00 | VAL Loss: 2.0193 Acc: 0.54 
Ep 52/100 | TR Loss: 0.0006 Acc: 1.00 | VAL Loss: 2.0163 Acc: 0.52 
Ep 53/100 | TR Loss: 0.0006 Acc: 1.00 | VAL Loss: 2.0226 Acc: 0.52 
Ep 54/100 | TR Loss: 0.0006 Acc: 1.00 | VAL Loss: 2.0234 Acc: 0.52 
Ep 55/100 | TR Loss: 0.0007 Acc: 1.00 | VAL Loss: 2.0211 Acc: 0.52 
Ep 56/100 | TR Loss: 0.0006 Acc: 1.00 | VAL Loss: 2.0186 Acc: 0.54 
Ep 57/100 | TR Loss: 0.0006 Acc: 1.00 | VAL Loss: 2.0154 Acc: 0.54 
Ep 58/100 | TR Loss: 0.0007 Acc: 1.00 | VAL Loss: 2.0123 Acc: 0.54 
Ep 59/100 | TR Loss: 0.0006 Acc: 1.00 | VAL Loss: 2.0104 Acc: 0.54 
Ep 60/100 | TR Loss: 0.0006 Acc: 1.00 | VAL Loss: 2.0082 Acc: 0.54 
Ep 61/100 | TR Loss: 0.0005 Acc: 1.00 | VAL Loss: 2.0056 Acc: 0.56 
Ep 62/100 | TR Loss: 0.0006 Acc: 1.00 | VAL Loss: 2.0028 Acc: 0.56 
Ep 63/100 | TR Loss: 0.0006 Acc: 1.00 | VAL Loss: 2.0001 Acc: 0.56 
Ep 64/100 | TR Loss: 0.0006 Acc: 1.00 | VAL Loss: 1.9990 Acc: 0.56 
Ep 65/100 | TR Loss: 0.0006 Acc: 1.00 | VAL Loss: 1.9982 Acc: 0.56 
Ep 66/100 | TR Loss: 0.0006 Acc: 1.00 | VAL Loss: 1.9984 Acc: 0.56 
Ep 67/100 | TR Loss: 0.0006 Acc: 1.00 | VAL Loss: 1.9978 Acc: 0.56 
Ep 68/100 | TR Loss: 0.0006 Acc: 1.00 | VAL Loss: 1.9984 Acc: 0.56 
Ep 69/100 | TR Loss: 0.0005 Acc: 1.00 | VAL Loss: 1.9986 Acc: 0.56 
Ep 70/100 | TR Loss: 0.0007 Acc: 1.00 | VAL Loss: 2.0017 Acc: 0.56 
Ep 71/100 | TR Loss: 0.0005 Acc: 1.00 | VAL Loss: 2.0042 Acc: 0.56 
Ep 72/100 | TR Loss: 0.0006 Acc: 1.00 | VAL Loss: 2.0056 Acc: 0.56 
Ep 73/100 | TR Loss: 0.0005 Acc: 1.00 | VAL Loss: 2.0085 Acc: 0.54 
Ep 74/100 | TR Loss: 0.0005 Acc: 1.00 | VAL Loss: 2.0118 Acc: 0.54 
Ep 75/100 | TR Loss: 0.0005 Acc: 1.00 | VAL Loss: 2.0141 Acc: 0.54 
Ep 76/100 | TR Loss: 0.0006 Acc: 1.00 | VAL Loss: 2.0171 Acc: 0.54 
Ep 77/100 | TR Loss: 0.0005 Acc: 1.00 | VAL Loss: 2.0196 Acc: 0.54 
Ep 78/100 | TR Loss: 0.0005 Acc: 1.00 | VAL Loss: 2.0231 Acc: 0.54 
Ep 79/100 | TR Loss: 0.0006 Acc: 1.00 | VAL Loss: 2.0257 Acc: 0.54 
Ep 80/100 | TR Loss: 0.0005 Acc: 1.00 | VAL Loss: 2.0284 Acc: 0.54 
Ep 81/100 | TR Loss: 0.0005 Acc: 1.00 | VAL Loss: 2.0312 Acc: 0.54 
Ep 82/100 | TR Loss: 0.0005 Acc: 1.00 | VAL Loss: 2.0334 Acc: 0.54 
Ep 83/100 | TR Loss: 0.0005 Acc: 1.00 | VAL Loss: 2.0342 Acc: 0.54 
Ep 84/100 | TR Loss: 0.0006 Acc: 1.00 | VAL Loss: 2.0357 Acc: 0.54 
Ep 85/100 | TR Loss: 0.0005 Acc: 1.00 | VAL Loss: 2.0384 Acc: 0.54 
Ep 86/100 | TR Loss: 0.0005 Acc: 1.00 | VAL Loss: 2.0393 Acc: 0.54 
Ep 87/100 | TR Loss: 0.0005 Acc: 1.00 | VAL Loss: 2.0403 Acc: 0.54 
Ep 88/100 | TR Loss: 0.0004 Acc: 1.00 | VAL Loss: 2.0418 Acc: 0.56 
Ep 89/100 | TR Loss: 0.0005 Acc: 1.00 | VAL Loss: 2.0471 Acc: 0.56 
Ep 90/100 | TR Loss: 0.0004 Acc: 1.00 | VAL Loss: 2.0610 Acc: 0.56 
Ep 91/100 | TR Loss: 0.0005 Acc: 1.00 | VAL Loss: 2.0677 Acc: 0.56 
Ep 92/100 | TR Loss: 0.0004 Acc: 1.00 | VAL Loss: 2.0720 Acc: 0.56 
Ep 93/100 | TR Loss: 0.0004 Acc: 1.00 | VAL Loss: 2.0730 Acc: 0.56 
Ep 94/100 | TR Loss: 0.0004 Acc: 1.00 | VAL Loss: 2.0723 Acc: 0.56 
Ep 95/100 | TR Loss: 0.0005 Acc: 1.00 | VAL Loss: 2.0703 Acc: 0.56 
Ep 96/100 | TR Loss: 0.0005 Acc: 1.00 | VAL Loss: 2.0687 Acc: 0.56 
Ep 97/100 | TR Loss: 0.0004 Acc: 1.00 | VAL Loss: 2.0663 Acc: 0.56 
Ep 98/100 | TR Loss: 0.0004 Acc: 1.00 | VAL Loss: 2.0635 Acc: 0.56 
Ep 99/100 | TR Loss: 0.0005 Acc: 1.00 | VAL Loss: 2.0606 Acc: 0.56 
Ep 100/100 | TR Loss: 0.0004 Acc: 1.00 | VAL Loss: 2.0582 Acc: 0.56 

==================================================
BEST MODEL TEST SET EVALUATION (MULTIPLE THRESHOLDS)
==================================================
Threshold  | Acc      | Prec     | Rec      | F1      
--------------------------------------------------
0.30       | 0.51     | 0.51     | 1.00     | 0.68     
0.40       | 0.51     | 0.51     | 1.00     | 0.68     
0.50       | 0.52     | 0.52     | 1.00     | 0.68     <-- (Arg)
0.60       | 0.49     | 0.50     | 0.86     | 0.63     
0.70       | 0.55     | 0.64     | 0.27     | 0.38     
==================================================

========================================
End    : Fri May 22 03:08:50 +03 2026
Output : output_classical/job_1094712
total 140K
-rw-r--r-- 1 aerturk23 hpcusers  53K May 22  2026 best_model.pth
-rw-r--r-- 1 aerturk23 hpcusers  363 May 22 03:08 config.json
-rw-r--r-- 1 aerturk23 hpcusers  13K May 22 03:08 history.json
-rw-r--r-- 1 aerturk23 hpcusers  966 May 22 03:08 output.err
-rw-r--r-- 1 aerturk23 hpcusers 8.2K May 22 03:08 output.log
-rw-r--r-- 1 aerturk23 hpcusers  64K May 22 03:08 training_metrics.png
========================================
