========================================
Job ID : 1094658
Start  : Fri May 22 02:45:44 +03 2026
GPU    : Tesla T4
========================================
--- Quantum QNLP Script starting ---
[*] Configuration saved to: output_qnlp/job_1094658/config.json
========================================
DATA SOURCE SELECTION : SST2
TRAINING SIZE         : 10
VALIDATION SIZE       : 50
TEST SIZE             : 100
WEIGHT DECAY          : 0.0001
CLASSIFICATION THRESHOLD : 0.5
QUANTUM LAYERS        : 2
========================================

--- Preparing Dataset ---
Generating DisCoCat grammar diagrams...
Generating quantum circuits (IQP Ansatz)...

--- Starting Quantum Model Training (Epochs: 100) ---
Ep 01/100 | TR Loss: 1.1214 Acc: 0.40 | VAL Loss: 0.9299 Acc: 0.50 *(Best)*
Ep 02/100 | TR Loss: 0.6560 Acc: 0.50 | VAL Loss: 0.8921 Acc: 0.48 *(Best)*
Ep 03/100 | TR Loss: 0.4458 Acc: 0.70 | VAL Loss: 0.8823 Acc: 0.46 *(Best)*
Ep 04/100 | TR Loss: 0.3897 Acc: 0.90 | VAL Loss: 0.8604 Acc: 0.50 *(Best)*
Ep 05/100 | TR Loss: 0.3312 Acc: 1.00 | VAL Loss: 0.8568 Acc: 0.46 *(Best)*
Ep 06/100 | TR Loss: 0.2413 Acc: 1.00 | VAL Loss: 0.8794 Acc: 0.46 
Ep 07/100 | TR Loss: 0.1951 Acc: 0.90 | VAL Loss: 0.8693 Acc: 0.46 
Ep 08/100 | TR Loss: 0.1972 Acc: 0.90 | VAL Loss: 0.8810 Acc: 0.46 
Ep 09/100 | TR Loss: 0.1904 Acc: 0.90 | VAL Loss: 0.8999 Acc: 0.46 
Ep 10/100 | TR Loss: 0.1584 Acc: 0.90 | VAL Loss: 0.8821 Acc: 0.46 
Ep 11/100 | TR Loss: 0.1271 Acc: 1.00 | VAL Loss: 0.8661 Acc: 0.48 
Ep 12/100 | TR Loss: 0.1466 Acc: 1.00 | VAL Loss: 0.8618 Acc: 0.48 
Ep 13/100 | TR Loss: 0.1310 Acc: 1.00 | VAL Loss: 0.8629 Acc: 0.44 
Ep 14/100 | TR Loss: 0.1282 Acc: 1.00 | VAL Loss: 0.8896 Acc: 0.46 
Ep 15/100 | TR Loss: 0.1104 Acc: 1.00 | VAL Loss: 0.8986 Acc: 0.50 
Ep 16/100 | TR Loss: 0.1036 Acc: 1.00 | VAL Loss: 0.8832 Acc: 0.50 
Ep 17/100 | TR Loss: 0.1079 Acc: 1.00 | VAL Loss: 0.9091 Acc: 0.50 
Ep 18/100 | TR Loss: 0.0984 Acc: 1.00 | VAL Loss: 0.8891 Acc: 0.50 
Ep 19/100 | TR Loss: 0.0877 Acc: 1.00 | VAL Loss: 0.8925 Acc: 0.46 
Ep 20/100 | TR Loss: 0.0785 Acc: 1.00 | VAL Loss: 0.8815 Acc: 0.44 
Ep 21/100 | TR Loss: 0.0738 Acc: 1.00 | VAL Loss: 0.8968 Acc: 0.42 
Ep 22/100 | TR Loss: 0.0797 Acc: 1.00 | VAL Loss: 0.8930 Acc: 0.44 
Ep 23/100 | TR Loss: 0.0728 Acc: 1.00 | VAL Loss: 0.9161 Acc: 0.44 
Ep 24/100 | TR Loss: 0.0588 Acc: 1.00 | VAL Loss: 0.9059 Acc: 0.46 
Ep 25/100 | TR Loss: 0.0440 Acc: 1.00 | VAL Loss: 0.9071 Acc: 0.44 
Ep 26/100 | TR Loss: 0.0411 Acc: 1.00 | VAL Loss: 0.9144 Acc: 0.46 
Ep 27/100 | TR Loss: 0.0319 Acc: 1.00 | VAL Loss: 0.8957 Acc: 0.46 
Ep 28/100 | TR Loss: 0.0252 Acc: 1.00 | VAL Loss: 0.9143 Acc: 0.46 
Ep 29/100 | TR Loss: 0.0189 Acc: 1.00 | VAL Loss: 0.9027 Acc: 0.48 
Ep 30/100 | TR Loss: 0.0200 Acc: 1.00 | VAL Loss: 0.9033 Acc: 0.50 
Ep 31/100 | TR Loss: 0.0305 Acc: 1.00 | VAL Loss: 0.9223 Acc: 0.44 
Ep 32/100 | TR Loss: 0.0450 Acc: 1.00 | VAL Loss: 0.9103 Acc: 0.50 
Ep 33/100 | TR Loss: 0.0468 Acc: 1.00 | VAL Loss: 0.9161 Acc: 0.46 
Ep 34/100 | TR Loss: 0.0487 Acc: 1.00 | VAL Loss: 0.9379 Acc: 0.50 
Ep 35/100 | TR Loss: 0.0433 Acc: 1.00 | VAL Loss: 0.9019 Acc: 0.48 
Ep 36/100 | TR Loss: 0.0309 Acc: 1.00 | VAL Loss: 0.9015 Acc: 0.46 
Ep 37/100 | TR Loss: 0.0192 Acc: 1.00 | VAL Loss: 0.8965 Acc: 0.46 
Ep 38/100 | TR Loss: 0.0273 Acc: 1.00 | VAL Loss: 0.9135 Acc: 0.44 
Ep 39/100 | TR Loss: 0.0157 Acc: 1.00 | VAL Loss: 0.9124 Acc: 0.48 
Ep 40/100 | TR Loss: 0.0093 Acc: 1.00 | VAL Loss: 0.9094 Acc: 0.48 
Ep 41/100 | TR Loss: 0.0108 Acc: 1.00 | VAL Loss: 0.9090 Acc: 0.48 
Ep 42/100 | TR Loss: 0.0085 Acc: 1.00 | VAL Loss: 0.9017 Acc: 0.48 
Ep 43/100 | TR Loss: 0.0054 Acc: 1.00 | VAL Loss: 0.8971 Acc: 0.48 
Ep 44/100 | TR Loss: 0.0064 Acc: 1.00 | VAL Loss: 0.8931 Acc: 0.48 
Ep 45/100 | TR Loss: 0.0088 Acc: 1.00 | VAL Loss: 0.8918 Acc: 0.50 
Ep 46/100 | TR Loss: 0.0075 Acc: 1.00 | VAL Loss: 0.8924 Acc: 0.50 
Ep 47/100 | TR Loss: 0.0046 Acc: 1.00 | VAL Loss: 0.8956 Acc: 0.50 
Ep 48/100 | TR Loss: 0.0026 Acc: 1.00 | VAL Loss: 0.9004 Acc: 0.50 
Ep 49/100 | TR Loss: 0.0026 Acc: 1.00 | VAL Loss: 0.9057 Acc: 0.48 
Ep 50/100 | TR Loss: 0.0028 Acc: 1.00 | VAL Loss: 0.9104 Acc: 0.46 
Ep 51/100 | TR Loss: 0.0025 Acc: 1.00 | VAL Loss: 0.9126 Acc: 0.46 
Ep 52/100 | TR Loss: 0.0022 Acc: 1.00 | VAL Loss: 0.9130 Acc: 0.46 
Ep 53/100 | TR Loss: 0.0023 Acc: 1.00 | VAL Loss: 0.9128 Acc: 0.46 
Ep 54/100 | TR Loss: 0.0023 Acc: 1.00 | VAL Loss: 0.9127 Acc: 0.46 
Ep 55/100 | TR Loss: 0.0019 Acc: 1.00 | VAL Loss: 0.9125 Acc: 0.46 
Ep 56/100 | TR Loss: 0.0012 Acc: 1.00 | VAL Loss: 0.9117 Acc: 0.48 
Ep 57/100 | TR Loss: 0.0009 Acc: 1.00 | VAL Loss: 0.9099 Acc: 0.48 
Ep 58/100 | TR Loss: 0.0010 Acc: 1.00 | VAL Loss: 0.9073 Acc: 0.50 
Ep 59/100 | TR Loss: 0.0012 Acc: 1.00 | VAL Loss: 0.9042 Acc: 0.50 
Ep 60/100 | TR Loss: 0.0011 Acc: 1.00 | VAL Loss: 0.9013 Acc: 0.50 
Ep 61/100 | TR Loss: 0.0010 Acc: 1.00 | VAL Loss: 0.8992 Acc: 0.50 
Ep 62/100 | TR Loss: 0.0010 Acc: 1.00 | VAL Loss: 0.8985 Acc: 0.50 
Ep 63/100 | TR Loss: 0.0008 Acc: 1.00 | VAL Loss: 0.8992 Acc: 0.48 
Ep 64/100 | TR Loss: 0.0005 Acc: 1.00 | VAL Loss: 0.9009 Acc: 0.48 
Ep 65/100 | TR Loss: 0.0004 Acc: 1.00 | VAL Loss: 0.9030 Acc: 0.46 
Ep 66/100 | TR Loss: 0.0005 Acc: 1.00 | VAL Loss: 0.9047 Acc: 0.44 
Ep 67/100 | TR Loss: 0.0006 Acc: 1.00 | VAL Loss: 0.9057 Acc: 0.44 
Ep 68/100 | TR Loss: 0.0006 Acc: 1.00 | VAL Loss: 0.9062 Acc: 0.44 
Ep 69/100 | TR Loss: 0.0004 Acc: 1.00 | VAL Loss: 0.9058 Acc: 0.44 
Ep 70/100 | TR Loss: 0.0003 Acc: 1.00 | VAL Loss: 0.9047 Acc: 0.46 
Ep 71/100 | TR Loss: 0.0003 Acc: 1.00 | VAL Loss: 0.9031 Acc: 0.48 
Ep 72/100 | TR Loss: 0.0003 Acc: 1.00 | VAL Loss: 0.9015 Acc: 0.48 
Ep 73/100 | TR Loss: 0.0002 Acc: 1.00 | VAL Loss: 0.9001 Acc: 0.48 
Ep 74/100 | TR Loss: 0.0002 Acc: 1.00 | VAL Loss: 0.8991 Acc: 0.48 
Ep 75/100 | TR Loss: 0.0003 Acc: 1.00 | VAL Loss: 0.8984 Acc: 0.48 
Ep 76/100 | TR Loss: 0.0003 Acc: 1.00 | VAL Loss: 0.8982 Acc: 0.48 
Ep 77/100 | TR Loss: 0.0002 Acc: 1.00 | VAL Loss: 0.8984 Acc: 0.48 
Ep 78/100 | TR Loss: 0.0001 Acc: 1.00 | VAL Loss: 0.8990 Acc: 0.48 
Ep 79/100 | TR Loss: 0.0001 Acc: 1.00 | VAL Loss: 0.8999 Acc: 0.48 
Ep 80/100 | TR Loss: 0.0001 Acc: 1.00 | VAL Loss: 0.9008 Acc: 0.48 
Ep 81/100 | TR Loss: 0.0002 Acc: 1.00 | VAL Loss: 0.9014 Acc: 0.46 
Ep 82/100 | TR Loss: 0.0002 Acc: 1.00 | VAL Loss: 0.9015 Acc: 0.46 
Ep 83/100 | TR Loss: 0.0002 Acc: 1.00 | VAL Loss: 0.9011 Acc: 0.46 
Ep 84/100 | TR Loss: 0.0001 Acc: 1.00 | VAL Loss: 0.9003 Acc: 0.46 
Ep 85/100 | TR Loss: 0.0001 Acc: 1.00 | VAL Loss: 0.8994 Acc: 0.46 
Ep 86/100 | TR Loss: 0.0000 Acc: 1.00 | VAL Loss: 0.8986 Acc: 0.48 
Ep 87/100 | TR Loss: 0.0000 Acc: 1.00 | VAL Loss: 0.8980 Acc: 0.48 
Ep 88/100 | TR Loss: 0.0001 Acc: 1.00 | VAL Loss: 0.8976 Acc: 0.48 
Ep 89/100 | TR Loss: 0.0001 Acc: 1.00 | VAL Loss: 0.8974 Acc: 0.48 
Ep 90/100 | TR Loss: 0.0001 Acc: 1.00 | VAL Loss: 0.8976 Acc: 0.48 
Ep 91/100 | TR Loss: 0.0000 Acc: 1.00 | VAL Loss: 0.8978 Acc: 0.48 
Ep 92/100 | TR Loss: 0.0000 Acc: 1.00 | VAL Loss: 0.8982 Acc: 0.48 
Ep 93/100 | TR Loss: 0.0000 Acc: 1.00 | VAL Loss: 0.8984 Acc: 0.48 
Ep 94/100 | TR Loss: 0.0000 Acc: 1.00 | VAL Loss: 0.8986 Acc: 0.46 
Ep 95/100 | TR Loss: 0.0000 Acc: 1.00 | VAL Loss: 0.8986 Acc: 0.46 
Ep 96/100 | TR Loss: 0.0000 Acc: 1.00 | VAL Loss: 0.8984 Acc: 0.46 
Ep 97/100 | TR Loss: 0.0000 Acc: 1.00 | VAL Loss: 0.8981 Acc: 0.48 
Ep 98/100 | TR Loss: 0.0000 Acc: 1.00 | VAL Loss: 0.8978 Acc: 0.48 
Ep 99/100 | TR Loss: 0.0000 Acc: 1.00 | VAL Loss: 0.8974 Acc: 0.48 
Ep 100/100 | TR Loss: 0.0000 Acc: 1.00 | VAL Loss: 0.8971 Acc: 0.48 
[*] Training plots saved to: output_qnlp/job_1094658/training_metrics.png

==================================================
BEST MODEL TEST SET EVALUATION (MULTIPLE THRESHOLDS)
==================================================
Threshold  | Acc      | Prec     | Rec      | F1      
--------------------------------------------------
0.30       | 0.61     | 0.64     | 0.82     | 0.72     
0.40       | 0.63     | 0.68     | 0.74     | 0.71     
0.50       | 0.50     | 0.62     | 0.46     | 0.53     <-- (Arg)
0.60       | 0.41     | 0.54     | 0.21     | 0.31     
0.70       | 0.42     | 0.62     | 0.13     | 0.22     
==================================================

========================================
End    : Fri May 22 02:47:28 +03 2026
Output : output_qnlp/job_1094658
total 280K
-rw-r--r-- 1 aerturk23 hpcusers 184K May 22 02:46 best_model.pth
-rw-r--r-- 1 aerturk23 hpcusers  290 May 22 02:45 config.json
-rw-r--r-- 1 aerturk23 hpcusers  13K May 22 02:47 history.json
-rw-r--r-- 1 aerturk23 hpcusers  966 May 22  2026 output.err
-rw-r--r-- 1 aerturk23 hpcusers 8.2K May 22 02:45 output.log
-rw-r--r-- 1 aerturk23 hpcusers  73K May 22  2026 training_metrics.png
========================================
