========================================
Job ID : 1094599
Start  : Fri May 22 00:09:21 +03 2026
GPU    : Tesla T4
========================================
--- Classical LSTM Script starting ---
[*] Configuration saved to: output_classical/job_1094599/config.json
========================================
MODEL                 : CLASSICAL LSTM
DATA SOURCE SELECTION : BACH
TRAINING SIZE         : 50
VALIDATION SIZE       : 50
TEST SIZE             : 100
WEIGHT DECAY          : 0.0001
DROPOUT RATE          : 0.5
CLASSIFICATION THRESHOLD : 0.5
BATCH SIZE            : 16
EMBED/HIDDEN DIMS     : 16 / 32
========================================

--- Preparing Dataset and Tokenization ---
[*] REAL DATASET SIZES -> Train: 50 | Val: 50 | Test: 100
--- Initializing Classical Model ---

--- Starting Classical LSTM Training (Epochs: 100) ---
Ep 01/100 | TR Loss: 0.7123 Acc: 0.44 | VAL Loss: 0.6937 Acc: 0.46 *(Best)*
Ep 02/100 | TR Loss: 0.6902 Acc: 0.48 | VAL Loss: 0.6917 Acc: 0.54 *(Best)*
Ep 03/100 | TR Loss: 0.7098 Acc: 0.44 | VAL Loss: 0.6913 Acc: 0.54 *(Best)*
Ep 04/100 | TR Loss: 0.6920 Acc: 0.44 | VAL Loss: 0.6917 Acc: 0.54 
Ep 05/100 | TR Loss: 0.6904 Acc: 0.44 | VAL Loss: 0.6917 Acc: 0.54 
Ep 06/100 | TR Loss: 0.6888 Acc: 0.44 | VAL Loss: 0.6914 Acc: 0.54 
Ep 07/100 | TR Loss: 0.7043 Acc: 0.44 | VAL Loss: 0.6912 Acc: 0.54 *(Best)*
Ep 08/100 | TR Loss: 0.7004 Acc: 0.44 | VAL Loss: 0.6914 Acc: 0.54 
Ep 09/100 | TR Loss: 0.6911 Acc: 0.50 | VAL Loss: 0.6917 Acc: 0.52 
Ep 10/100 | TR Loss: 0.6884 Acc: 0.62 | VAL Loss: 0.6872 Acc: 0.54 *(Best)*
Ep 11/100 | TR Loss: 0.6424 Acc: 0.60 | VAL Loss: 0.6523 Acc: 0.66 *(Best)*
Ep 12/100 | TR Loss: 0.6554 Acc: 0.78 | VAL Loss: 0.5839 Acc: 0.62 *(Best)*
Ep 13/100 | TR Loss: 0.6413 Acc: 0.74 | VAL Loss: 0.6218 Acc: 0.62 
Ep 14/100 | TR Loss: 0.5444 Acc: 0.74 | VAL Loss: 0.6213 Acc: 0.60 
Ep 15/100 | TR Loss: 0.7371 Acc: 0.72 | VAL Loss: 0.6330 Acc: 0.60 
Ep 16/100 | TR Loss: 0.5743 Acc: 0.70 | VAL Loss: 0.6686 Acc: 0.58 
Ep 17/100 | TR Loss: 0.5197 Acc: 0.70 | VAL Loss: 0.6907 Acc: 0.48 
Ep 18/100 | TR Loss: 0.5822 Acc: 0.64 | VAL Loss: 0.7213 Acc: 0.60 
Ep 19/100 | TR Loss: 0.5756 Acc: 0.72 | VAL Loss: 0.7308 Acc: 0.60 
Ep 20/100 | TR Loss: 0.7504 Acc: 0.72 | VAL Loss: 0.7211 Acc: 0.62 
Ep 21/100 | TR Loss: 0.5675 Acc: 0.72 | VAL Loss: 0.8104 Acc: 0.58 
Ep 22/100 | TR Loss: 0.5224 Acc: 0.72 | VAL Loss: 0.7937 Acc: 0.58 
Ep 23/100 | TR Loss: 0.5209 Acc: 0.72 | VAL Loss: 0.7841 Acc: 0.58 
Ep 24/100 | TR Loss: 0.4900 Acc: 0.72 | VAL Loss: 0.7979 Acc: 0.56 
Ep 25/100 | TR Loss: 0.5383 Acc: 0.72 | VAL Loss: 0.8101 Acc: 0.56 
Ep 26/100 | TR Loss: 0.5182 Acc: 0.72 | VAL Loss: 0.8343 Acc: 0.56 
Ep 27/100 | TR Loss: 0.5011 Acc: 0.72 | VAL Loss: 0.8682 Acc: 0.56 
Ep 28/100 | TR Loss: 0.4630 Acc: 0.72 | VAL Loss: 0.9430 Acc: 0.54 
Ep 29/100 | TR Loss: 0.5904 Acc: 0.74 | VAL Loss: 0.9428 Acc: 0.56 
Ep 30/100 | TR Loss: 0.4506 Acc: 0.74 | VAL Loss: 0.9139 Acc: 0.58 
Ep 31/100 | TR Loss: 0.4503 Acc: 0.74 | VAL Loss: 0.9021 Acc: 0.58 
Ep 32/100 | TR Loss: 0.5397 Acc: 0.74 | VAL Loss: 0.8947 Acc: 0.58 
Ep 33/100 | TR Loss: 0.6394 Acc: 0.74 | VAL Loss: 0.8889 Acc: 0.56 
Ep 34/100 | TR Loss: 0.5424 Acc: 0.72 | VAL Loss: 0.8663 Acc: 0.56 
Ep 35/100 | TR Loss: 0.5176 Acc: 0.72 | VAL Loss: 0.8405 Acc: 0.56 
Ep 36/100 | TR Loss: 0.5781 Acc: 0.72 | VAL Loss: 0.7297 Acc: 0.62 
Ep 37/100 | TR Loss: 0.4638 Acc: 0.72 | VAL Loss: 0.7297 Acc: 0.64 
Ep 38/100 | TR Loss: 0.4590 Acc: 0.72 | VAL Loss: 0.7407 Acc: 0.64 
Ep 39/100 | TR Loss: 0.5828 Acc: 0.72 | VAL Loss: 0.7544 Acc: 0.64 
Ep 40/100 | TR Loss: 0.5748 Acc: 0.72 | VAL Loss: 0.7683 Acc: 0.64 
Ep 41/100 | TR Loss: 0.4562 Acc: 0.72 | VAL Loss: 0.7492 Acc: 0.64 
Ep 42/100 | TR Loss: 0.4778 Acc: 0.72 | VAL Loss: 0.7597 Acc: 0.64 
Ep 43/100 | TR Loss: 0.4761 Acc: 0.72 | VAL Loss: 0.7707 Acc: 0.64 
Ep 44/100 | TR Loss: 0.4549 Acc: 0.72 | VAL Loss: 0.7812 Acc: 0.64 
Ep 45/100 | TR Loss: 0.5372 Acc: 0.72 | VAL Loss: 0.7891 Acc: 0.64 
Ep 46/100 | TR Loss: 0.4441 Acc: 0.72 | VAL Loss: 0.7959 Acc: 0.64 
Ep 47/100 | TR Loss: 0.3832 Acc: 0.72 | VAL Loss: 0.8364 Acc: 0.60 
Ep 48/100 | TR Loss: 0.4820 Acc: 0.72 | VAL Loss: 0.8529 Acc: 0.66 
Ep 49/100 | TR Loss: 0.4281 Acc: 0.72 | VAL Loss: 0.8551 Acc: 0.66 
Ep 50/100 | TR Loss: 0.4257 Acc: 0.72 | VAL Loss: 0.8659 Acc: 0.66 
Ep 51/100 | TR Loss: 0.4654 Acc: 0.72 | VAL Loss: 0.8755 Acc: 0.66 
Ep 52/100 | TR Loss: 0.4282 Acc: 0.72 | VAL Loss: 0.8844 Acc: 0.66 
Ep 53/100 | TR Loss: 0.5450 Acc: 0.74 | VAL Loss: 0.8883 Acc: 0.66 
Ep 54/100 | TR Loss: 0.4866 Acc: 0.76 | VAL Loss: 0.8792 Acc: 0.66 
Ep 55/100 | TR Loss: 0.6443 Acc: 0.78 | VAL Loss: 0.8671 Acc: 0.66 
Ep 56/100 | TR Loss: 0.4743 Acc: 0.78 | VAL Loss: 0.9057 Acc: 0.64 
Ep 57/100 | TR Loss: 0.4942 Acc: 0.78 | VAL Loss: 0.8814 Acc: 0.64 
Ep 58/100 | TR Loss: 0.4315 Acc: 0.78 | VAL Loss: 0.9052 Acc: 0.62 
Ep 59/100 | TR Loss: 0.4291 Acc: 0.78 | VAL Loss: 0.8793 Acc: 0.62 
Ep 60/100 | TR Loss: 0.3778 Acc: 0.78 | VAL Loss: 0.8612 Acc: 0.62 
Ep 61/100 | TR Loss: 0.4225 Acc: 0.78 | VAL Loss: 0.8488 Acc: 0.62 
Ep 62/100 | TR Loss: 0.4169 Acc: 0.78 | VAL Loss: 0.8345 Acc: 0.62 
Ep 63/100 | TR Loss: 0.4127 Acc: 0.78 | VAL Loss: 0.8269 Acc: 0.62 
Ep 64/100 | TR Loss: 0.4458 Acc: 0.78 | VAL Loss: 0.8178 Acc: 0.62 
Ep 65/100 | TR Loss: 0.5147 Acc: 0.78 | VAL Loss: 0.8073 Acc: 0.62 
Ep 66/100 | TR Loss: 0.5123 Acc: 0.78 | VAL Loss: 0.7935 Acc: 0.62 
Ep 67/100 | TR Loss: 0.5006 Acc: 0.78 | VAL Loss: 0.7804 Acc: 0.62 
Ep 68/100 | TR Loss: 0.4560 Acc: 0.78 | VAL Loss: 0.7724 Acc: 0.62 
Ep 69/100 | TR Loss: 0.5290 Acc: 0.78 | VAL Loss: 0.7669 Acc: 0.62 
Ep 70/100 | TR Loss: 0.3785 Acc: 0.78 | VAL Loss: 0.7709 Acc: 0.62 
Ep 71/100 | TR Loss: 0.5281 Acc: 0.78 | VAL Loss: 0.7801 Acc: 0.62 
Ep 72/100 | TR Loss: 0.4221 Acc: 0.78 | VAL Loss: 0.7814 Acc: 0.62 
Ep 73/100 | TR Loss: 0.3774 Acc: 0.78 | VAL Loss: 0.7847 Acc: 0.62 
Ep 74/100 | TR Loss: 0.3762 Acc: 0.78 | VAL Loss: 0.7990 Acc: 0.62 
Ep 75/100 | TR Loss: 0.4559 Acc: 0.78 | VAL Loss: 0.8120 Acc: 0.62 
Ep 76/100 | TR Loss: 0.4497 Acc: 0.78 | VAL Loss: 0.8154 Acc: 0.62 
Ep 77/100 | TR Loss: 0.4094 Acc: 0.78 | VAL Loss: 0.8186 Acc: 0.62 
Ep 78/100 | TR Loss: 0.5493 Acc: 0.78 | VAL Loss: 0.8198 Acc: 0.62 
Ep 79/100 | TR Loss: 0.4101 Acc: 0.78 | VAL Loss: 0.7899 Acc: 0.62 
Ep 80/100 | TR Loss: 0.4953 Acc: 0.80 | VAL Loss: 0.7347 Acc: 0.66 
Ep 81/100 | TR Loss: 0.3925 Acc: 0.80 | VAL Loss: 0.7285 Acc: 0.66 
Ep 82/100 | TR Loss: 0.5187 Acc: 0.80 | VAL Loss: 0.7292 Acc: 0.66 
Ep 83/100 | TR Loss: 0.3583 Acc: 0.80 | VAL Loss: 0.7274 Acc: 0.66 
Ep 84/100 | TR Loss: 0.3968 Acc: 0.80 | VAL Loss: 0.7312 Acc: 0.66 
Ep 85/100 | TR Loss: 0.3968 Acc: 0.80 | VAL Loss: 0.7299 Acc: 0.66 
Ep 86/100 | TR Loss: 0.3934 Acc: 0.80 | VAL Loss: 0.7346 Acc: 0.66 
Ep 87/100 | TR Loss: 0.4253 Acc: 0.80 | VAL Loss: 0.7422 Acc: 0.66 
Ep 88/100 | TR Loss: 0.6173 Acc: 0.70 | VAL Loss: 0.7928 Acc: 0.62 
Ep 89/100 | TR Loss: 0.5545 Acc: 0.74 | VAL Loss: 0.7765 Acc: 0.64 
Ep 90/100 | TR Loss: 0.5069 Acc: 0.74 | VAL Loss: 0.8579 Acc: 0.62 
Ep 91/100 | TR Loss: 0.4187 Acc: 0.78 | VAL Loss: 0.8616 Acc: 0.62 
Ep 92/100 | TR Loss: 0.5656 Acc: 0.76 | VAL Loss: 0.8678 Acc: 0.60 
Ep 93/100 | TR Loss: 0.6187 Acc: 0.74 | VAL Loss: 0.7339 Acc: 0.60 
Ep 94/100 | TR Loss: 0.6144 Acc: 0.68 | VAL Loss: 0.7233 Acc: 0.58 
Ep 95/100 | TR Loss: 0.5210 Acc: 0.72 | VAL Loss: 0.7153 Acc: 0.60 
Ep 96/100 | TR Loss: 0.5464 Acc: 0.72 | VAL Loss: 0.7930 Acc: 0.56 
Ep 97/100 | TR Loss: 0.5692 Acc: 0.72 | VAL Loss: 0.7950 Acc: 0.58 
Ep 98/100 | TR Loss: 0.4631 Acc: 0.72 | VAL Loss: 0.8492 Acc: 0.56 
Ep 99/100 | TR Loss: 0.3857 Acc: 0.74 | VAL Loss: 0.8647 Acc: 0.58 
Ep 100/100 | TR Loss: 0.3786 Acc: 0.74 | VAL Loss: 0.9676 Acc: 0.58 

==================================================
BEST MODEL TEST SET EVALUATION (MULTIPLE THRESHOLDS)
==================================================
Threshold  | Acc      | Prec     | Rec      | F1      
--------------------------------------------------
0.30       | 0.64     | 0.62     | 0.78     | 0.69     
0.40       | 0.64     | 0.62     | 0.78     | 0.69     
0.50       | 0.65     | 0.62     | 0.78     | 0.70     <-- (Arg)
0.60       | 0.66     | 0.63     | 0.78     | 0.70     
0.70       | 0.71     | 0.69     | 0.78     | 0.73     
==================================================

========================================
End    : Fri May 22 00:09:32 +03 2026
Output : output_classical/job_1094599
total 160K
-rw-r--r-- 1 aerturk23 hpcusers  34K May 22  2026 best_model.pth
-rw-r--r-- 1 aerturk23 hpcusers  364 May 22 00:09 config.json
-rw-r--r-- 1 aerturk23 hpcusers  14K May 22 00:09 history.json
-rw-r--r-- 1 aerturk23 hpcusers  966 May 22 00:09 output.err
-rw-r--r-- 1 aerturk23 hpcusers 8.3K May 22 00:09 output.log
-rw-r--r-- 1 aerturk23 hpcusers 103K May 22 00:09 training_metrics.png
========================================
