========================================
Job ID : 1094825
Start  : Fri May 22 07:48:58 +03 2026
GPU    : Tesla T4
========================================
--- Quantum QNLP Script starting ---
[*] Configuration saved to: output_qnlp/job_1094825/config.json
========================================
DATA SOURCE SELECTION : SYNTHETIC
TRAINING SIZE         : 250
VALIDATION SIZE       : 50
TEST SIZE             : 100
WEIGHT DECAY          : 0.0001
CLASSIFICATION THRESHOLD : 0.5
QUANTUM LAYERS        : 1
========================================

--- Preparing Dataset ---
Generating DisCoCat grammar diagrams...
Generating quantum circuits (IQP Ansatz)...

--- Starting Quantum Model Training (Epochs: 100) ---
Ep 01/100 | TR Loss: 0.8727 Acc: 0.52 | VAL Loss: 0.6552 Acc: 0.62 *(Best)*
Ep 02/100 | TR Loss: 0.7801 Acc: 0.63 | VAL Loss: 0.7106 Acc: 0.60 
Ep 03/100 | TR Loss: 0.3700 Acc: 0.82 | VAL Loss: 0.0339 Acc: 1.00 *(Best)*
Ep 04/100 | TR Loss: 0.0121 Acc: 1.00 | VAL Loss: 0.0011 Acc: 1.00 *(Best)*
Ep 05/100 | TR Loss: 0.0005 Acc: 1.00 | VAL Loss: 0.0000 Acc: 1.00 *(Best)*
Ep 06/100 | TR Loss: 0.0000 Acc: 1.00 | VAL Loss: 0.0000 Acc: 1.00 *(Best)*
Ep 07/100 | TR Loss: 0.0000 Acc: 1.00 | VAL Loss: 0.0000 Acc: 1.00 *(Best)*
Ep 08/100 | TR Loss: 0.0000 Acc: 1.00 | VAL Loss: 0.0000 Acc: 1.00 *(Best)*
Ep 09/100 | TR Loss: 0.0000 Acc: 1.00 | VAL Loss: 0.0000 Acc: 1.00 *(Best)*
Ep 10/100 | TR Loss: 0.0000 Acc: 1.00 | VAL Loss: 0.0000 Acc: 1.00 
Ep 11/100 | TR Loss: 0.0000 Acc: 1.00 | VAL Loss: 0.0000 Acc: 1.00 
Ep 12/100 | TR Loss: 0.0000 Acc: 1.00 | VAL Loss: 0.0000 Acc: 1.00 
Ep 13/100 | TR Loss: 0.0000 Acc: 1.00 | VAL Loss: 0.0000 Acc: 1.00 
Ep 14/100 | TR Loss: 0.0000 Acc: 1.00 | VAL Loss: 0.0000 Acc: 1.00 
Ep 15/100 | TR Loss: 0.0000 Acc: 1.00 | VAL Loss: 0.0000 Acc: 1.00 
Ep 16/100 | TR Loss: 0.0000 Acc: 1.00 | VAL Loss: 0.0000 Acc: 1.00 
Ep 17/100 | TR Loss: 0.0006 Acc: 1.00 | VAL Loss: 0.0027 Acc: 1.00 
Ep 18/100 | TR Loss: 0.0039 Acc: 1.00 | VAL Loss: 0.0008 Acc: 1.00 
Ep 19/100 | TR Loss: 0.0006 Acc: 1.00 | VAL Loss: 0.0002 Acc: 1.00 
Ep 20/100 | TR Loss: 0.0009 Acc: 1.00 | VAL Loss: 0.0011 Acc: 1.00 
Ep 21/100 | TR Loss: 0.0015 Acc: 1.00 | VAL Loss: 0.0009 Acc: 1.00 
Ep 22/100 | TR Loss: 0.0028 Acc: 1.00 | VAL Loss: 0.0044 Acc: 1.00 
Ep 23/100 | TR Loss: 0.0093 Acc: 1.00 | VAL Loss: 0.0036 Acc: 1.00 
Ep 24/100 | TR Loss: 0.0144 Acc: 1.00 | VAL Loss: 0.0412 Acc: 1.00 
Ep 25/100 | TR Loss: 0.0192 Acc: 1.00 | VAL Loss: 0.0127 Acc: 1.00 
Ep 26/100 | TR Loss: 0.0621 Acc: 1.00 | VAL Loss: 0.2294 Acc: 1.00 
Ep 27/100 | TR Loss: 0.0903 Acc: 0.99 | VAL Loss: 0.0514 Acc: 1.00 
Ep 28/100 | TR Loss: 0.1375 Acc: 0.98 | VAL Loss: 0.2740 Acc: 0.84 
Ep 29/100 | TR Loss: 0.8553 Acc: 0.56 | VAL Loss: 1.2852 Acc: 0.52 
Ep 30/100 | TR Loss: 0.8962 Acc: 0.52 | VAL Loss: 0.7671 Acc: 0.56 
Ep 31/100 | TR Loss: 0.8857 Acc: 0.57 | VAL Loss: 0.7582 Acc: 0.62 
Ep 32/100 | TR Loss: 0.8704 Acc: 0.52 | VAL Loss: 0.6829 Acc: 0.66 
Ep 33/100 | TR Loss: 0.8559 Acc: 0.53 | VAL Loss: 0.8427 Acc: 0.40 
Ep 34/100 | TR Loss: 0.5639 Acc: 0.75 | VAL Loss: 0.3064 Acc: 0.82 
Ep 35/100 | TR Loss: 0.4479 Acc: 0.81 | VAL Loss: 0.2537 Acc: 0.94 
Ep 36/100 | TR Loss: 0.2984 Acc: 0.88 | VAL Loss: 0.4536 Acc: 0.74 
Ep 37/100 | TR Loss: 0.0542 Acc: 0.99 | VAL Loss: 0.0018 Acc: 1.00 
Ep 38/100 | TR Loss: 0.0005 Acc: 1.00 | VAL Loss: 0.0000 Acc: 1.00 
Ep 39/100 | TR Loss: 0.0000 Acc: 1.00 | VAL Loss: 0.0000 Acc: 1.00 
Ep 40/100 | TR Loss: 0.0000 Acc: 1.00 | VAL Loss: 0.0000 Acc: 1.00 
Ep 41/100 | TR Loss: 0.0000 Acc: 1.00 | VAL Loss: 0.0000 Acc: 1.00 
Ep 42/100 | TR Loss: 0.0000 Acc: 1.00 | VAL Loss: 0.0000 Acc: 1.00 *(Best)*
Ep 43/100 | TR Loss: 0.0000 Acc: 1.00 | VAL Loss: 0.0000 Acc: 1.00 
Ep 44/100 | TR Loss: 0.0000 Acc: 1.00 | VAL Loss: 0.0000 Acc: 1.00 
Ep 45/100 | TR Loss: 0.0000 Acc: 1.00 | VAL Loss: 0.0000 Acc: 1.00 
Ep 46/100 | TR Loss: 0.0000 Acc: 1.00 | VAL Loss: 0.0000 Acc: 1.00 
Ep 47/100 | TR Loss: 0.0000 Acc: 1.00 | VAL Loss: 0.0000 Acc: 1.00 
Ep 48/100 | TR Loss: 0.0000 Acc: 1.00 | VAL Loss: 0.0000 Acc: 1.00 
Ep 49/100 | TR Loss: 0.0000 Acc: 1.00 | VAL Loss: 0.0000 Acc: 1.00 
Ep 50/100 | TR Loss: 0.0000 Acc: 1.00 | VAL Loss: 0.0000 Acc: 1.00 
Ep 51/100 | TR Loss: 0.0000 Acc: 1.00 | VAL Loss: 0.0000 Acc: 1.00 
Ep 52/100 | TR Loss: 0.0000 Acc: 1.00 | VAL Loss: 0.0000 Acc: 1.00 
Ep 53/100 | TR Loss: 0.0000 Acc: 1.00 | VAL Loss: 0.0000 Acc: 1.00 
Ep 54/100 | TR Loss: 0.0000 Acc: 1.00 | VAL Loss: 0.0000 Acc: 1.00 
Ep 55/100 | TR Loss: 0.0000 Acc: 1.00 | VAL Loss: 0.0000 Acc: 1.00 
Ep 56/100 | TR Loss: 0.0000 Acc: 1.00 | VAL Loss: 0.0000 Acc: 1.00 
Ep 57/100 | TR Loss: 0.0000 Acc: 1.00 | VAL Loss: 0.0000 Acc: 1.00 
Ep 58/100 | TR Loss: 0.0000 Acc: 1.00 | VAL Loss: 0.0000 Acc: 1.00 
Ep 59/100 | TR Loss: 0.0000 Acc: 1.00 | VAL Loss: 0.0000 Acc: 1.00 
Ep 60/100 | TR Loss: 0.0000 Acc: 1.00 | VAL Loss: 0.0000 Acc: 1.00 
Ep 61/100 | TR Loss: 0.0007 Acc: 1.00 | VAL Loss: 0.0007 Acc: 1.00 
Ep 62/100 | TR Loss: 0.0130 Acc: 1.00 | VAL Loss: 0.0056 Acc: 1.00 
Ep 63/100 | TR Loss: 0.0050 Acc: 1.00 | VAL Loss: 0.0009 Acc: 1.00 
Ep 64/100 | TR Loss: 0.0005 Acc: 1.00 | VAL Loss: 0.0003 Acc: 1.00 
Ep 65/100 | TR Loss: 0.0003 Acc: 1.00 | VAL Loss: 0.0001 Acc: 1.00 
Ep 66/100 | TR Loss: 0.0005 Acc: 1.00 | VAL Loss: 0.0002 Acc: 1.00 
Ep 67/100 | TR Loss: 0.0008 Acc: 1.00 | VAL Loss: 0.0010 Acc: 1.00 
Ep 68/100 | TR Loss: 0.0007 Acc: 1.00 | VAL Loss: 0.0016 Acc: 1.00 
Ep 69/100 | TR Loss: 0.0011 Acc: 1.00 | VAL Loss: 0.0008 Acc: 1.00 
Ep 70/100 | TR Loss: 0.0035 Acc: 1.00 | VAL Loss: 0.0041 Acc: 1.00 
Ep 71/100 | TR Loss: 0.0047 Acc: 1.00 | VAL Loss: 0.0027 Acc: 1.00 
Ep 72/100 | TR Loss: 0.0054 Acc: 1.00 | VAL Loss: 0.0006 Acc: 1.00 
Ep 73/100 | TR Loss: 0.0063 Acc: 1.00 | VAL Loss: 0.0019 Acc: 1.00 
Ep 74/100 | TR Loss: 0.0050 Acc: 1.00 | VAL Loss: 0.0038 Acc: 1.00 
Ep 75/100 | TR Loss: 0.0175 Acc: 1.00 | VAL Loss: 0.0527 Acc: 1.00 
Ep 76/100 | TR Loss: 0.0353 Acc: 1.00 | VAL Loss: 0.0259 Acc: 1.00 
Ep 77/100 | TR Loss: 0.0334 Acc: 1.00 | VAL Loss: 0.0135 Acc: 1.00 
Ep 78/100 | TR Loss: 0.0097 Acc: 1.00 | VAL Loss: 0.0013 Acc: 1.00 
Ep 79/100 | TR Loss: 0.0013 Acc: 1.00 | VAL Loss: 0.0002 Acc: 1.00 
Ep 80/100 | TR Loss: 0.0004 Acc: 1.00 | VAL Loss: 0.0003 Acc: 1.00 
Ep 81/100 | TR Loss: 0.0002 Acc: 1.00 | VAL Loss: 0.0002 Acc: 1.00 
Ep 82/100 | TR Loss: 0.0001 Acc: 1.00 | VAL Loss: 0.0003 Acc: 1.00 
Ep 83/100 | TR Loss: 0.0002 Acc: 1.00 | VAL Loss: 0.0001 Acc: 1.00 
Ep 84/100 | TR Loss: 0.0001 Acc: 1.00 | VAL Loss: 0.0001 Acc: 1.00 
Ep 85/100 | TR Loss: 0.0006 Acc: 1.00 | VAL Loss: 0.0015 Acc: 1.00 
Ep 86/100 | TR Loss: 0.0408 Acc: 1.00 | VAL Loss: 0.1326 Acc: 1.00 
Ep 87/100 | TR Loss: 0.0816 Acc: 1.00 | VAL Loss: 0.0162 Acc: 1.00 
Ep 88/100 | TR Loss: 0.0561 Acc: 1.00 | VAL Loss: 0.0287 Acc: 1.00 
Ep 89/100 | TR Loss: 0.0178 Acc: 1.00 | VAL Loss: 0.0056 Acc: 1.00 
Ep 90/100 | TR Loss: 0.0031 Acc: 1.00 | VAL Loss: 0.0015 Acc: 1.00 
Ep 91/100 | TR Loss: 0.0004 Acc: 1.00 | VAL Loss: 0.0001 Acc: 1.00 
Ep 92/100 | TR Loss: 0.0000 Acc: 1.00 | VAL Loss: 0.0000 Acc: 1.00 
Ep 93/100 | TR Loss: 0.0000 Acc: 1.00 | VAL Loss: 0.0001 Acc: 1.00 
Ep 94/100 | TR Loss: 0.0001 Acc: 1.00 | VAL Loss: 0.0001 Acc: 1.00 
Ep 95/100 | TR Loss: 0.0008 Acc: 1.00 | VAL Loss: 0.0017 Acc: 1.00 
Ep 96/100 | TR Loss: 0.0234 Acc: 1.00 | VAL Loss: 0.0680 Acc: 1.00 
Ep 97/100 | TR Loss: 0.0647 Acc: 1.00 | VAL Loss: 0.0343 Acc: 1.00 
Ep 98/100 | TR Loss: 0.0519 Acc: 1.00 | VAL Loss: 0.0576 Acc: 1.00 
Ep 99/100 | TR Loss: 0.0449 Acc: 1.00 | VAL Loss: 0.0160 Acc: 1.00 
Ep 100/100 | TR Loss: 0.0181 Acc: 1.00 | VAL Loss: 0.0064 Acc: 1.00 
[*] Training plots saved to: output_qnlp/job_1094825/training_metrics.png

==================================================
BEST MODEL TEST SET EVALUATION (MULTIPLE THRESHOLDS)
==================================================
Threshold  | Acc      | Prec     | Rec      | F1      
--------------------------------------------------
0.30       | 1.00     | 1.00     | 1.00     | 1.00     
0.40       | 1.00     | 1.00     | 1.00     | 1.00     
0.50       | 1.00     | 1.00     | 1.00     | 1.00     <-- (Arg)
0.60       | 1.00     | 1.00     | 1.00     | 1.00     
0.70       | 1.00     | 1.00     | 1.00     | 1.00     
==================================================

========================================
End    : Fri May 22 07:55:05 +03 2026
Output : output_qnlp/job_1094825
total 117K
-rw-r--r-- 1 aerturk23 hpcusers 6.0K May 22 07:52 best_model.pth
-rw-r--r-- 1 aerturk23 hpcusers  298 May 22 07:49 config.json
-rw-r--r-- 1 aerturk23 hpcusers  12K May 22  2026 history.json
-rw-r--r-- 1 aerturk23 hpcusers  966 May 22 07:53 output.err
-rw-r--r-- 1 aerturk23 hpcusers 8.2K May 22  2026 output.log
-rw-r--r-- 1 aerturk23 hpcusers  89K May 22 07:55 training_metrics.png
========================================
