========================================
Job ID : 1094716
Start  : Fri May 22 03:14:23 +03 2026
GPU    : Tesla T4
========================================
--- Classical LSTM Script starting ---
[*] Configuration saved to: output_classical/job_1094716/config.json
========================================
MODEL                 : CLASSICAL LSTM
DATA SOURCE SELECTION : SST2
TRAINING SIZE         : 50
VALIDATION SIZE       : 50
TEST SIZE             : 100
WEIGHT DECAY          : 0.0001
DROPOUT RATE          : 0.5
CLASSIFICATION THRESHOLD : 0.5
BATCH SIZE            : 16
EMBED/HIDDEN DIMS     : 16 / 32
========================================

--- Preparing Dataset and Tokenization ---
[*] REAL DATASET SIZES -> Train: 50 | Val: 50 | Test: 100
--- Initializing Classical Model ---

--- Starting Classical LSTM Training (Epochs: 100) ---
Ep 01/100 | TR Loss: 0.7142 Acc: 0.62 | VAL Loss: 0.6619 Acc: 0.72 *(Best)*
Ep 02/100 | TR Loss: 0.6622 Acc: 0.68 | VAL Loss: 0.6617 Acc: 0.72 *(Best)*
Ep 03/100 | TR Loss: 0.6394 Acc: 0.68 | VAL Loss: 0.6566 Acc: 0.70 *(Best)*
Ep 04/100 | TR Loss: 0.6392 Acc: 0.70 | VAL Loss: 0.6426 Acc: 0.72 *(Best)*
Ep 05/100 | TR Loss: 0.5873 Acc: 0.72 | VAL Loss: 0.6238 Acc: 0.72 *(Best)*
Ep 06/100 | TR Loss: 0.6497 Acc: 0.72 | VAL Loss: 0.5997 Acc: 0.72 *(Best)*
Ep 07/100 | TR Loss: 0.4434 Acc: 0.78 | VAL Loss: 0.5943 Acc: 0.66 *(Best)*
Ep 08/100 | TR Loss: 0.3571 Acc: 0.88 | VAL Loss: 0.5737 Acc: 0.62 *(Best)*
Ep 09/100 | TR Loss: 0.2791 Acc: 0.94 | VAL Loss: 0.5942 Acc: 0.50 
Ep 10/100 | TR Loss: 0.1725 Acc: 0.98 | VAL Loss: 0.8000 Acc: 0.50 
Ep 11/100 | TR Loss: 0.0949 Acc: 0.98 | VAL Loss: 1.2510 Acc: 0.52 
Ep 12/100 | TR Loss: 0.0441 Acc: 0.98 | VAL Loss: 1.5855 Acc: 0.56 
Ep 13/100 | TR Loss: 0.0174 Acc: 1.00 | VAL Loss: 1.7456 Acc: 0.62 
Ep 14/100 | TR Loss: 0.0092 Acc: 1.00 | VAL Loss: 1.8743 Acc: 0.64 
Ep 15/100 | TR Loss: 0.0041 Acc: 1.00 | VAL Loss: 2.0220 Acc: 0.60 
Ep 16/100 | TR Loss: 0.0019 Acc: 1.00 | VAL Loss: 2.1349 Acc: 0.62 
Ep 17/100 | TR Loss: 0.0019 Acc: 1.00 | VAL Loss: 2.2156 Acc: 0.64 
Ep 18/100 | TR Loss: 0.0013 Acc: 1.00 | VAL Loss: 2.2806 Acc: 0.64 
Ep 19/100 | TR Loss: 0.0011 Acc: 1.00 | VAL Loss: 2.3327 Acc: 0.64 
Ep 20/100 | TR Loss: 0.0010 Acc: 1.00 | VAL Loss: 2.3746 Acc: 0.64 
Ep 21/100 | TR Loss: 0.0010 Acc: 1.00 | VAL Loss: 2.4114 Acc: 0.62 
Ep 22/100 | TR Loss: 0.0009 Acc: 1.00 | VAL Loss: 2.4458 Acc: 0.60 
Ep 23/100 | TR Loss: 0.0009 Acc: 1.00 | VAL Loss: 2.4776 Acc: 0.62 
Ep 24/100 | TR Loss: 0.0010 Acc: 1.00 | VAL Loss: 2.5034 Acc: 0.62 
Ep 25/100 | TR Loss: 0.0008 Acc: 1.00 | VAL Loss: 2.5227 Acc: 0.62 
Ep 26/100 | TR Loss: 0.0008 Acc: 1.00 | VAL Loss: 2.5338 Acc: 0.62 
Ep 27/100 | TR Loss: 0.0007 Acc: 1.00 | VAL Loss: 2.5372 Acc: 0.62 
Ep 28/100 | TR Loss: 0.0007 Acc: 1.00 | VAL Loss: 2.5299 Acc: 0.62 
Ep 29/100 | TR Loss: 0.0007 Acc: 1.00 | VAL Loss: 2.5109 Acc: 0.62 
Ep 30/100 | TR Loss: 0.0008 Acc: 1.00 | VAL Loss: 2.4833 Acc: 0.62 
Ep 31/100 | TR Loss: 0.0007 Acc: 1.00 | VAL Loss: 2.4637 Acc: 0.64 
Ep 32/100 | TR Loss: 0.0007 Acc: 1.00 | VAL Loss: 2.4559 Acc: 0.64 
Ep 33/100 | TR Loss: 0.0007 Acc: 1.00 | VAL Loss: 2.4499 Acc: 0.64 
Ep 34/100 | TR Loss: 0.0007 Acc: 1.00 | VAL Loss: 2.4434 Acc: 0.66 
Ep 35/100 | TR Loss: 0.0007 Acc: 1.00 | VAL Loss: 2.4360 Acc: 0.66 
Ep 36/100 | TR Loss: 0.0007 Acc: 1.00 | VAL Loss: 2.4273 Acc: 0.66 
Ep 37/100 | TR Loss: 0.0007 Acc: 1.00 | VAL Loss: 2.4179 Acc: 0.66 
Ep 38/100 | TR Loss: 0.0006 Acc: 1.00 | VAL Loss: 2.4074 Acc: 0.66 
Ep 39/100 | TR Loss: 0.0007 Acc: 1.00 | VAL Loss: 2.3961 Acc: 0.66 
Ep 40/100 | TR Loss: 0.0006 Acc: 1.00 | VAL Loss: 2.3849 Acc: 0.68 
Ep 41/100 | TR Loss: 0.0006 Acc: 1.00 | VAL Loss: 2.3743 Acc: 0.68 
Ep 42/100 | TR Loss: 0.0006 Acc: 1.00 | VAL Loss: 2.3646 Acc: 0.68 
Ep 43/100 | TR Loss: 0.0008 Acc: 1.00 | VAL Loss: 2.3530 Acc: 0.68 
Ep 44/100 | TR Loss: 0.0008 Acc: 1.00 | VAL Loss: 2.3378 Acc: 0.70 
Ep 45/100 | TR Loss: 0.0008 Acc: 1.00 | VAL Loss: 2.3200 Acc: 0.70 
Ep 46/100 | TR Loss: 0.0007 Acc: 1.00 | VAL Loss: 2.3012 Acc: 0.70 
Ep 47/100 | TR Loss: 0.0006 Acc: 1.00 | VAL Loss: 2.2802 Acc: 0.70 
Ep 48/100 | TR Loss: 0.0006 Acc: 1.00 | VAL Loss: 2.2610 Acc: 0.70 
Ep 49/100 | TR Loss: 0.0006 Acc: 1.00 | VAL Loss: 2.2458 Acc: 0.70 
Ep 50/100 | TR Loss: 0.0007 Acc: 1.00 | VAL Loss: 2.2345 Acc: 0.72 
Ep 51/100 | TR Loss: 0.0007 Acc: 1.00 | VAL Loss: 2.2277 Acc: 0.72 
Ep 52/100 | TR Loss: 0.0006 Acc: 1.00 | VAL Loss: 2.2262 Acc: 0.70 
Ep 53/100 | TR Loss: 0.0007 Acc: 1.00 | VAL Loss: 2.2297 Acc: 0.70 
Ep 54/100 | TR Loss: 0.0006 Acc: 1.00 | VAL Loss: 2.2338 Acc: 0.72 
Ep 55/100 | TR Loss: 0.0006 Acc: 1.00 | VAL Loss: 2.2381 Acc: 0.72 
Ep 56/100 | TR Loss: 0.0007 Acc: 1.00 | VAL Loss: 2.2430 Acc: 0.72 
Ep 57/100 | TR Loss: 0.0006 Acc: 1.00 | VAL Loss: 2.2448 Acc: 0.72 
Ep 58/100 | TR Loss: 0.0006 Acc: 1.00 | VAL Loss: 2.2465 Acc: 0.72 
Ep 59/100 | TR Loss: 0.0006 Acc: 1.00 | VAL Loss: 2.2494 Acc: 0.72 
Ep 60/100 | TR Loss: 0.0006 Acc: 1.00 | VAL Loss: 2.2514 Acc: 0.72 
Ep 61/100 | TR Loss: 0.0006 Acc: 1.00 | VAL Loss: 2.2522 Acc: 0.72 
Ep 62/100 | TR Loss: 0.0006 Acc: 1.00 | VAL Loss: 2.2522 Acc: 0.72 
Ep 63/100 | TR Loss: 0.0006 Acc: 1.00 | VAL Loss: 2.2510 Acc: 0.72 
Ep 64/100 | TR Loss: 0.0006 Acc: 1.00 | VAL Loss: 2.2549 Acc: 0.72 
Ep 65/100 | TR Loss: 0.0005 Acc: 1.00 | VAL Loss: 2.2574 Acc: 0.72 
Ep 66/100 | TR Loss: 0.0006 Acc: 1.00 | VAL Loss: 2.2617 Acc: 0.72 
Ep 67/100 | TR Loss: 0.0005 Acc: 1.00 | VAL Loss: 2.2660 Acc: 0.72 
Ep 68/100 | TR Loss: 0.0005 Acc: 1.00 | VAL Loss: 2.2733 Acc: 0.72 
Ep 69/100 | TR Loss: 0.0005 Acc: 1.00 | VAL Loss: 2.2794 Acc: 0.72 
Ep 70/100 | TR Loss: 0.0005 Acc: 1.00 | VAL Loss: 2.2847 Acc: 0.72 
Ep 71/100 | TR Loss: 0.0005 Acc: 1.00 | VAL Loss: 2.2883 Acc: 0.72 
Ep 72/100 | TR Loss: 0.0006 Acc: 1.00 | VAL Loss: 2.2867 Acc: 0.72 
Ep 73/100 | TR Loss: 0.0005 Acc: 1.00 | VAL Loss: 2.2807 Acc: 0.72 
Ep 74/100 | TR Loss: 0.0006 Acc: 1.00 | VAL Loss: 2.2719 Acc: 0.72 
Ep 75/100 | TR Loss: 0.0005 Acc: 1.00 | VAL Loss: 2.2606 Acc: 0.72 
Ep 76/100 | TR Loss: 0.0005 Acc: 1.00 | VAL Loss: 2.2563 Acc: 0.72 
Ep 77/100 | TR Loss: 0.0005 Acc: 1.00 | VAL Loss: 2.2506 Acc: 0.72 
Ep 78/100 | TR Loss: 0.0005 Acc: 1.00 | VAL Loss: 2.2440 Acc: 0.72 
Ep 79/100 | TR Loss: 0.0005 Acc: 1.00 | VAL Loss: 2.2320 Acc: 0.72 
Ep 80/100 | TR Loss: 0.0005 Acc: 1.00 | VAL Loss: 2.2263 Acc: 0.72 
Ep 81/100 | TR Loss: 0.0005 Acc: 1.00 | VAL Loss: 2.2243 Acc: 0.72 
Ep 82/100 | TR Loss: 0.0005 Acc: 1.00 | VAL Loss: 2.2271 Acc: 0.72 
Ep 83/100 | TR Loss: 0.0005 Acc: 1.00 | VAL Loss: 2.2299 Acc: 0.72 
Ep 84/100 | TR Loss: 0.0004 Acc: 1.00 | VAL Loss: 2.2297 Acc: 0.72 
Ep 85/100 | TR Loss: 0.0005 Acc: 1.00 | VAL Loss: 2.2325 Acc: 0.74 
Ep 86/100 | TR Loss: 0.0005 Acc: 1.00 | VAL Loss: 2.2318 Acc: 0.74 
Ep 87/100 | TR Loss: 0.0004 Acc: 1.00 | VAL Loss: 2.2306 Acc: 0.74 
Ep 88/100 | TR Loss: 0.0005 Acc: 1.00 | VAL Loss: 2.2294 Acc: 0.74 
Ep 89/100 | TR Loss: 0.0005 Acc: 1.00 | VAL Loss: 2.2257 Acc: 0.74 
Ep 90/100 | TR Loss: 0.0005 Acc: 1.00 | VAL Loss: 2.2197 Acc: 0.74 
Ep 91/100 | TR Loss: 0.0004 Acc: 1.00 | VAL Loss: 2.2157 Acc: 0.74 
Ep 92/100 | TR Loss: 0.0004 Acc: 1.00 | VAL Loss: 2.2156 Acc: 0.74 
Ep 93/100 | TR Loss: 0.0004 Acc: 1.00 | VAL Loss: 2.2164 Acc: 0.74 
Ep 94/100 | TR Loss: 0.0005 Acc: 1.00 | VAL Loss: 2.2199 Acc: 0.74 
Ep 95/100 | TR Loss: 0.0005 Acc: 1.00 | VAL Loss: 2.2186 Acc: 0.74 
Ep 96/100 | TR Loss: 0.0004 Acc: 1.00 | VAL Loss: 2.2127 Acc: 0.74 
Ep 97/100 | TR Loss: 0.0004 Acc: 1.00 | VAL Loss: 2.2143 Acc: 0.72 
Ep 98/100 | TR Loss: 0.0004 Acc: 1.00 | VAL Loss: 2.2183 Acc: 0.72 
Ep 99/100 | TR Loss: 0.0004 Acc: 1.00 | VAL Loss: 2.2162 Acc: 0.72 
Ep 100/100 | TR Loss: 0.0004 Acc: 1.00 | VAL Loss: 2.2143 Acc: 0.72 

==================================================
BEST MODEL TEST SET EVALUATION (MULTIPLE THRESHOLDS)
==================================================
Threshold  | Acc      | Prec     | Rec      | F1      
--------------------------------------------------
0.30       | 0.65     | 0.65     | 1.00     | 0.79     
0.40       | 0.69     | 0.68     | 0.97     | 0.80     
0.50       | 0.72     | 0.74     | 0.88     | 0.80     <-- (Arg)
0.60       | 0.63     | 0.73     | 0.68     | 0.70     
0.70       | 0.56     | 0.74     | 0.49     | 0.59     
==================================================

========================================
End    : Fri May 22 03:14:45 +03 2026
Output : output_classical/job_1094716
total 140K
-rw-r--r-- 1 aerturk23 hpcusers  54K May 22  2026 best_model.pth
-rw-r--r-- 1 aerturk23 hpcusers  364 May 22 03:14 config.json
-rw-r--r-- 1 aerturk23 hpcusers  13K May 22 03:14 history.json
-rw-r--r-- 1 aerturk23 hpcusers  966 May 22  2026 output.err
-rw-r--r-- 1 aerturk23 hpcusers 8.3K May 22 03:14 output.log
-rw-r--r-- 1 aerturk23 hpcusers  63K May 22 03:14 training_metrics.png
========================================
