========================================
Job ID : 1094773
Start  : Fri May 22 06:36:21 +03 2026
GPU    : Tesla T4
========================================
--- Quantum QNLP Script starting ---
[*] Configuration saved to: output_qnlp/job_1094773/config.json
========================================
DATA SOURCE SELECTION : SYNTHETIC
TRAINING SIZE         : 10
VALIDATION SIZE       : 50
TEST SIZE             : 100
WEIGHT DECAY          : 0.0001
CLASSIFICATION THRESHOLD : 0.5
QUANTUM LAYERS        : 2
========================================

--- Preparing Dataset ---
Generating DisCoCat grammar diagrams...
Generating quantum circuits (IQP Ansatz)...

--- Starting Quantum Model Training (Epochs: 100) ---
Ep 01/100 | TR Loss: 0.6080 Acc: 0.50 | VAL Loss: 0.8839 Acc: 0.46 *(Best)*
Ep 02/100 | TR Loss: 0.4742 Acc: 0.80 | VAL Loss: 1.0282 Acc: 0.56 
Ep 03/100 | TR Loss: 0.3032 Acc: 0.90 | VAL Loss: 1.2427 Acc: 0.58 
Ep 04/100 | TR Loss: 0.4066 Acc: 0.80 | VAL Loss: 0.8267 Acc: 0.46 *(Best)*
Ep 05/100 | TR Loss: 0.4187 Acc: 0.70 | VAL Loss: 0.9566 Acc: 0.44 
Ep 06/100 | TR Loss: 0.2944 Acc: 0.90 | VAL Loss: 1.2188 Acc: 0.44 
Ep 07/100 | TR Loss: 0.2443 Acc: 1.00 | VAL Loss: 1.2330 Acc: 0.52 
Ep 08/100 | TR Loss: 0.2169 Acc: 0.80 | VAL Loss: 1.4209 Acc: 0.48 
Ep 09/100 | TR Loss: 0.1468 Acc: 0.90 | VAL Loss: 1.2974 Acc: 0.54 
Ep 10/100 | TR Loss: 0.1394 Acc: 0.90 | VAL Loss: 1.2831 Acc: 0.54 
Ep 11/100 | TR Loss: 0.0937 Acc: 1.00 | VAL Loss: 1.1832 Acc: 0.54 
Ep 12/100 | TR Loss: 0.0753 Acc: 1.00 | VAL Loss: 1.3789 Acc: 0.56 
Ep 13/100 | TR Loss: 0.0350 Acc: 1.00 | VAL Loss: 1.3506 Acc: 0.54 
Ep 14/100 | TR Loss: 0.0582 Acc: 1.00 | VAL Loss: 1.2576 Acc: 0.50 
Ep 15/100 | TR Loss: 0.0958 Acc: 1.00 | VAL Loss: 1.4790 Acc: 0.50 
Ep 16/100 | TR Loss: 0.1522 Acc: 1.00 | VAL Loss: 1.6885 Acc: 0.56 
Ep 17/100 | TR Loss: 0.1676 Acc: 0.90 | VAL Loss: 1.6407 Acc: 0.50 
Ep 18/100 | TR Loss: 0.1352 Acc: 1.00 | VAL Loss: 1.7273 Acc: 0.46 
Ep 19/100 | TR Loss: 0.5186 Acc: 0.80 | VAL Loss: 1.1356 Acc: 0.54 
Ep 20/100 | TR Loss: 0.4724 Acc: 0.90 | VAL Loss: 1.1026 Acc: 0.50 
Ep 21/100 | TR Loss: 0.4403 Acc: 0.80 | VAL Loss: 1.1898 Acc: 0.46 
Ep 22/100 | TR Loss: 0.3434 Acc: 0.80 | VAL Loss: 1.0758 Acc: 0.38 
Ep 23/100 | TR Loss: 0.5422 Acc: 0.50 | VAL Loss: 0.8993 Acc: 0.48 
Ep 24/100 | TR Loss: 0.5167 Acc: 0.60 | VAL Loss: 0.7746 Acc: 0.56 *(Best)*
Ep 25/100 | TR Loss: 0.4485 Acc: 0.80 | VAL Loss: 0.7139 Acc: 0.62 *(Best)*
Ep 26/100 | TR Loss: 0.4558 Acc: 1.00 | VAL Loss: 0.9206 Acc: 0.54 
Ep 27/100 | TR Loss: 0.3681 Acc: 1.00 | VAL Loss: 1.0683 Acc: 0.56 
Ep 28/100 | TR Loss: 0.2618 Acc: 1.00 | VAL Loss: 1.0536 Acc: 0.58 
Ep 29/100 | TR Loss: 0.3005 Acc: 1.00 | VAL Loss: 0.9738 Acc: 0.56 
Ep 30/100 | TR Loss: 0.1931 Acc: 1.00 | VAL Loss: 0.9385 Acc: 0.46 
Ep 31/100 | TR Loss: 0.3045 Acc: 0.80 | VAL Loss: 0.8993 Acc: 0.54 
Ep 32/100 | TR Loss: 0.1781 Acc: 1.00 | VAL Loss: 0.9607 Acc: 0.54 
Ep 33/100 | TR Loss: 0.1571 Acc: 0.90 | VAL Loss: 1.0388 Acc: 0.46 
Ep 34/100 | TR Loss: 0.1599 Acc: 0.90 | VAL Loss: 1.0107 Acc: 0.54 
Ep 35/100 | TR Loss: 0.1617 Acc: 0.90 | VAL Loss: 1.0190 Acc: 0.50 
Ep 36/100 | TR Loss: 0.1470 Acc: 1.00 | VAL Loss: 0.9540 Acc: 0.50 
Ep 37/100 | TR Loss: 0.1387 Acc: 1.00 | VAL Loss: 0.9389 Acc: 0.50 
Ep 38/100 | TR Loss: 0.1314 Acc: 1.00 | VAL Loss: 0.9789 Acc: 0.46 
Ep 39/100 | TR Loss: 0.1165 Acc: 1.00 | VAL Loss: 1.0203 Acc: 0.48 
Ep 40/100 | TR Loss: 0.0968 Acc: 1.00 | VAL Loss: 1.0108 Acc: 0.56 
Ep 41/100 | TR Loss: 0.0815 Acc: 1.00 | VAL Loss: 0.9992 Acc: 0.56 
Ep 42/100 | TR Loss: 0.0696 Acc: 1.00 | VAL Loss: 0.9728 Acc: 0.54 
Ep 43/100 | TR Loss: 0.0539 Acc: 1.00 | VAL Loss: 0.9513 Acc: 0.50 
Ep 44/100 | TR Loss: 0.0348 Acc: 1.00 | VAL Loss: 0.9295 Acc: 0.48 
Ep 45/100 | TR Loss: 0.0292 Acc: 1.00 | VAL Loss: 0.9405 Acc: 0.48 
Ep 46/100 | TR Loss: 0.0564 Acc: 1.00 | VAL Loss: 0.9411 Acc: 0.48 
Ep 47/100 | TR Loss: 0.1551 Acc: 0.90 | VAL Loss: 0.9658 Acc: 0.52 
Ep 48/100 | TR Loss: 0.1696 Acc: 0.90 | VAL Loss: 0.9794 Acc: 0.48 
Ep 49/100 | TR Loss: 0.1314 Acc: 1.00 | VAL Loss: 1.1048 Acc: 0.42 
Ep 50/100 | TR Loss: 0.1223 Acc: 1.00 | VAL Loss: 1.0602 Acc: 0.44 
Ep 51/100 | TR Loss: 0.0873 Acc: 1.00 | VAL Loss: 1.1207 Acc: 0.44 
Ep 52/100 | TR Loss: 0.0678 Acc: 1.00 | VAL Loss: 1.1930 Acc: 0.46 
Ep 53/100 | TR Loss: 0.0520 Acc: 1.00 | VAL Loss: 1.3868 Acc: 0.46 
Ep 54/100 | TR Loss: 0.0363 Acc: 1.00 | VAL Loss: 1.3239 Acc: 0.44 
Ep 55/100 | TR Loss: 0.0226 Acc: 1.00 | VAL Loss: 1.1453 Acc: 0.44 
Ep 56/100 | TR Loss: 0.0140 Acc: 1.00 | VAL Loss: 1.0842 Acc: 0.42 
Ep 57/100 | TR Loss: 0.0141 Acc: 1.00 | VAL Loss: 1.0901 Acc: 0.42 
Ep 58/100 | TR Loss: 0.0137 Acc: 1.00 | VAL Loss: 1.1271 Acc: 0.42 
Ep 59/100 | TR Loss: 0.0111 Acc: 1.00 | VAL Loss: 1.1541 Acc: 0.40 
Ep 60/100 | TR Loss: 0.0077 Acc: 1.00 | VAL Loss: 1.1623 Acc: 0.42 
Ep 61/100 | TR Loss: 0.0053 Acc: 1.00 | VAL Loss: 1.1522 Acc: 0.40 
Ep 62/100 | TR Loss: 0.0041 Acc: 1.00 | VAL Loss: 1.1539 Acc: 0.40 
Ep 63/100 | TR Loss: 0.0031 Acc: 1.00 | VAL Loss: 1.1443 Acc: 0.40 
Ep 64/100 | TR Loss: 0.0033 Acc: 1.00 | VAL Loss: 1.1642 Acc: 0.40 
Ep 65/100 | TR Loss: 0.0037 Acc: 1.00 | VAL Loss: 1.1430 Acc: 0.40 
Ep 66/100 | TR Loss: 0.0055 Acc: 1.00 | VAL Loss: 1.1615 Acc: 0.40 
Ep 67/100 | TR Loss: 0.0046 Acc: 1.00 | VAL Loss: 1.1364 Acc: 0.40 
Ep 68/100 | TR Loss: 0.0062 Acc: 1.00 | VAL Loss: 1.1835 Acc: 0.40 
Ep 69/100 | TR Loss: 0.0064 Acc: 1.00 | VAL Loss: 1.1903 Acc: 0.40 
Ep 70/100 | TR Loss: 0.0030 Acc: 1.00 | VAL Loss: 1.2359 Acc: 0.40 
Ep 71/100 | TR Loss: 0.0030 Acc: 1.00 | VAL Loss: 1.2358 Acc: 0.40 
Ep 72/100 | TR Loss: 0.0014 Acc: 1.00 | VAL Loss: 1.2478 Acc: 0.40 
Ep 73/100 | TR Loss: 0.0014 Acc: 1.00 | VAL Loss: 1.2485 Acc: 0.40 
Ep 74/100 | TR Loss: 0.0013 Acc: 1.00 | VAL Loss: 1.2505 Acc: 0.40 
Ep 75/100 | TR Loss: 0.0012 Acc: 1.00 | VAL Loss: 1.2402 Acc: 0.42 
Ep 76/100 | TR Loss: 0.0010 Acc: 1.00 | VAL Loss: 1.2247 Acc: 0.42 
Ep 77/100 | TR Loss: 0.0008 Acc: 1.00 | VAL Loss: 1.2113 Acc: 0.42 
Ep 78/100 | TR Loss: 0.0007 Acc: 1.00 | VAL Loss: 1.2020 Acc: 0.42 
Ep 79/100 | TR Loss: 0.0006 Acc: 1.00 | VAL Loss: 1.1977 Acc: 0.42 
Ep 80/100 | TR Loss: 0.0006 Acc: 1.00 | VAL Loss: 1.1969 Acc: 0.42 
Ep 81/100 | TR Loss: 0.0006 Acc: 1.00 | VAL Loss: 1.2003 Acc: 0.42 
Ep 82/100 | TR Loss: 0.0005 Acc: 1.00 | VAL Loss: 1.2058 Acc: 0.42 
Ep 83/100 | TR Loss: 0.0004 Acc: 1.00 | VAL Loss: 1.2091 Acc: 0.42 
Ep 84/100 | TR Loss: 0.0004 Acc: 1.00 | VAL Loss: 1.2059 Acc: 0.42 
Ep 85/100 | TR Loss: 0.0004 Acc: 1.00 | VAL Loss: 1.1989 Acc: 0.42 
Ep 86/100 | TR Loss: 0.0003 Acc: 1.00 | VAL Loss: 1.1913 Acc: 0.42 
Ep 87/100 | TR Loss: 0.0003 Acc: 1.00 | VAL Loss: 1.1831 Acc: 0.44 
Ep 88/100 | TR Loss: 0.0002 Acc: 1.00 | VAL Loss: 1.1748 Acc: 0.44 
Ep 89/100 | TR Loss: 0.0002 Acc: 1.00 | VAL Loss: 1.1666 Acc: 0.44 
Ep 90/100 | TR Loss: 0.0002 Acc: 1.00 | VAL Loss: 1.1583 Acc: 0.44 
Ep 91/100 | TR Loss: 0.0001 Acc: 1.00 | VAL Loss: 1.1507 Acc: 0.44 
Ep 92/100 | TR Loss: 0.0001 Acc: 1.00 | VAL Loss: 1.1451 Acc: 0.44 
Ep 93/100 | TR Loss: 0.0001 Acc: 1.00 | VAL Loss: 1.1408 Acc: 0.44 
Ep 94/100 | TR Loss: 0.0001 Acc: 1.00 | VAL Loss: 1.1364 Acc: 0.44 
Ep 95/100 | TR Loss: 0.0001 Acc: 1.00 | VAL Loss: 1.1338 Acc: 0.44 
Ep 96/100 | TR Loss: 0.0001 Acc: 1.00 | VAL Loss: 1.1326 Acc: 0.44 
Ep 97/100 | TR Loss: 0.0001 Acc: 1.00 | VAL Loss: 1.1311 Acc: 0.44 
Ep 98/100 | TR Loss: 0.0001 Acc: 1.00 | VAL Loss: 1.1299 Acc: 0.44 
Ep 99/100 | TR Loss: 0.0001 Acc: 1.00 | VAL Loss: 1.1296 Acc: 0.44 
Ep 100/100 | TR Loss: 0.0001 Acc: 1.00 | VAL Loss: 1.1284 Acc: 0.44 
[*] Training plots saved to: output_qnlp/job_1094773/training_metrics.png

==================================================
BEST MODEL TEST SET EVALUATION (MULTIPLE THRESHOLDS)
==================================================
Threshold  | Acc      | Prec     | Rec      | F1      
--------------------------------------------------
0.30       | 0.54     | 0.57     | 0.79     | 0.66     
0.40       | 0.49     | 0.54     | 0.67     | 0.60     
0.50       | 0.50     | 0.56     | 0.58     | 0.57     <-- (Arg)
0.60       | 0.47     | 0.54     | 0.44     | 0.49     
0.70       | 0.44     | 0.51     | 0.32     | 0.39     
==================================================

========================================
End    : Fri May 22 06:38:03 +03 2026
Output : output_qnlp/job_1094773
total 138K
-rw-r--r-- 1 aerturk23 hpcusers  11K May 22 06:37 best_model.pth
-rw-r--r-- 1 aerturk23 hpcusers  297 May 22 06:36 config.json
-rw-r--r-- 1 aerturk23 hpcusers  13K May 22 06:38 history.json
-rw-r--r-- 1 aerturk23 hpcusers  966 May 22 06:36 output.err
-rw-r--r-- 1 aerturk23 hpcusers 8.2K May 22 06:36 output.log
-rw-r--r-- 1 aerturk23 hpcusers 105K May 22  2026 training_metrics.png
========================================
