========================================
Job ID : 1094722
Start  : Fri May 22 03:24:28 +03 2026
GPU    : Tesla T4
========================================
--- Quantum QNLP Script starting ---
[*] Configuration saved to: output_qnlp/job_1094722/config.json
========================================
DATA SOURCE SELECTION : SST2
TRAINING SIZE         : 100
VALIDATION SIZE       : 50
TEST SIZE             : 100
WEIGHT DECAY          : 0.0001
CLASSIFICATION THRESHOLD : 0.5
QUANTUM LAYERS        : 1
========================================

--- Preparing Dataset ---
Generating DisCoCat grammar diagrams...
Generating quantum circuits (IQP Ansatz)...

--- Starting Quantum Model Training (Epochs: 100) ---
Ep 01/100 | TR Loss: 1.5943 Acc: 0.46 | VAL Loss: 1.0995 Acc: 0.56 *(Best)*
Ep 02/100 | TR Loss: 0.6986 Acc: 0.67 | VAL Loss: 1.4563 Acc: 0.32 
Ep 03/100 | TR Loss: 0.5349 Acc: 0.74 | VAL Loss: 1.1789 Acc: 0.36 
Ep 04/100 | TR Loss: 0.3536 Acc: 0.85 | VAL Loss: 1.4826 Acc: 0.36 
Ep 05/100 | TR Loss: 0.2986 Acc: 0.87 | VAL Loss: 1.0963 Acc: 0.44 *(Best)*
Ep 06/100 | TR Loss: 0.2546 Acc: 0.88 | VAL Loss: 1.3819 Acc: 0.40 
Ep 07/100 | TR Loss: 0.2025 Acc: 0.98 | VAL Loss: 1.2805 Acc: 0.44 
Ep 08/100 | TR Loss: 0.1886 Acc: 0.98 | VAL Loss: 1.2246 Acc: 0.36 
Ep 09/100 | TR Loss: 0.1818 Acc: 0.97 | VAL Loss: 1.1715 Acc: 0.40 
Ep 10/100 | TR Loss: 0.2294 Acc: 0.95 | VAL Loss: 1.3478 Acc: 0.40 
Ep 11/100 | TR Loss: 0.2243 Acc: 0.93 | VAL Loss: 1.3885 Acc: 0.48 
Ep 12/100 | TR Loss: 0.1917 Acc: 0.94 | VAL Loss: 1.1969 Acc: 0.42 
Ep 13/100 | TR Loss: 0.1787 Acc: 0.93 | VAL Loss: 1.0890 Acc: 0.48 *(Best)*
Ep 14/100 | TR Loss: 0.1656 Acc: 0.96 | VAL Loss: 1.2509 Acc: 0.48 
Ep 15/100 | TR Loss: 0.1711 Acc: 0.96 | VAL Loss: 1.2102 Acc: 0.50 
Ep 16/100 | TR Loss: 0.2695 Acc: 0.93 | VAL Loss: 1.4411 Acc: 0.48 
Ep 17/100 | TR Loss: 0.2370 Acc: 0.90 | VAL Loss: 1.3053 Acc: 0.44 
Ep 18/100 | TR Loss: 0.3106 Acc: 0.87 | VAL Loss: 1.4538 Acc: 0.42 
Ep 19/100 | TR Loss: 0.4150 Acc: 0.83 | VAL Loss: 1.2564 Acc: 0.48 
Ep 20/100 | TR Loss: 0.2427 Acc: 0.90 | VAL Loss: 1.1988 Acc: 0.50 
Ep 21/100 | TR Loss: 0.1822 Acc: 0.94 | VAL Loss: 1.2603 Acc: 0.42 
Ep 22/100 | TR Loss: 0.1615 Acc: 0.95 | VAL Loss: 1.1502 Acc: 0.54 
Ep 23/100 | TR Loss: 0.1438 Acc: 0.97 | VAL Loss: 1.2766 Acc: 0.46 
Ep 24/100 | TR Loss: 0.1589 Acc: 0.95 | VAL Loss: 1.3496 Acc: 0.42 
Ep 25/100 | TR Loss: 0.1676 Acc: 0.94 | VAL Loss: 1.2118 Acc: 0.46 
Ep 26/100 | TR Loss: 0.1471 Acc: 0.97 | VAL Loss: 1.2462 Acc: 0.44 
Ep 27/100 | TR Loss: 0.1483 Acc: 0.97 | VAL Loss: 1.2337 Acc: 0.46 
Ep 28/100 | TR Loss: 0.1759 Acc: 0.93 | VAL Loss: 1.2971 Acc: 0.46 
Ep 29/100 | TR Loss: 0.1526 Acc: 0.96 | VAL Loss: 1.3679 Acc: 0.48 
Ep 30/100 | TR Loss: 0.2178 Acc: 0.94 | VAL Loss: 1.1756 Acc: 0.50 
Ep 31/100 | TR Loss: 0.1873 Acc: 0.92 | VAL Loss: 1.4848 Acc: 0.50 
Ep 32/100 | TR Loss: 0.1439 Acc: 0.97 | VAL Loss: 1.4839 Acc: 0.46 
Ep 33/100 | TR Loss: 0.1598 Acc: 0.96 | VAL Loss: 1.3991 Acc: 0.50 
Ep 34/100 | TR Loss: 0.1353 Acc: 0.96 | VAL Loss: 1.4323 Acc: 0.46 
Ep 35/100 | TR Loss: 0.1434 Acc: 0.97 | VAL Loss: 1.5948 Acc: 0.44 
Ep 36/100 | TR Loss: 0.1431 Acc: 0.97 | VAL Loss: 1.6488 Acc: 0.44 
Ep 37/100 | TR Loss: 0.1846 Acc: 0.97 | VAL Loss: 1.3225 Acc: 0.50 
Ep 38/100 | TR Loss: 0.1901 Acc: 0.93 | VAL Loss: 1.3234 Acc: 0.48 
Ep 39/100 | TR Loss: 0.1662 Acc: 0.96 | VAL Loss: 1.2975 Acc: 0.48 
Ep 40/100 | TR Loss: 0.1654 Acc: 0.95 | VAL Loss: 1.5381 Acc: 0.46 
Ep 41/100 | TR Loss: 0.1675 Acc: 0.92 | VAL Loss: 1.4210 Acc: 0.46 
Ep 42/100 | TR Loss: 0.2434 Acc: 0.90 | VAL Loss: 1.5143 Acc: 0.44 
Ep 43/100 | TR Loss: 0.2035 Acc: 0.90 | VAL Loss: 1.6615 Acc: 0.42 
Ep 44/100 | TR Loss: 0.2786 Acc: 0.89 | VAL Loss: 1.5565 Acc: 0.42 
Ep 45/100 | TR Loss: 0.1845 Acc: 0.93 | VAL Loss: 1.4266 Acc: 0.44 
Ep 46/100 | TR Loss: 0.2004 Acc: 0.94 | VAL Loss: 1.4379 Acc: 0.46 
Ep 47/100 | TR Loss: 0.1749 Acc: 0.94 | VAL Loss: 1.3533 Acc: 0.40 
Ep 48/100 | TR Loss: 0.1431 Acc: 0.98 | VAL Loss: 1.3263 Acc: 0.40 
Ep 49/100 | TR Loss: 0.1461 Acc: 0.96 | VAL Loss: 1.5250 Acc: 0.42 
Ep 50/100 | TR Loss: 0.1225 Acc: 0.97 | VAL Loss: 1.4472 Acc: 0.40 
Ep 51/100 | TR Loss: 0.1282 Acc: 0.97 | VAL Loss: 1.3685 Acc: 0.48 
Ep 52/100 | TR Loss: 0.1468 Acc: 0.96 | VAL Loss: 1.3785 Acc: 0.46 
Ep 53/100 | TR Loss: 0.1434 Acc: 0.97 | VAL Loss: 1.4705 Acc: 0.50 
Ep 54/100 | TR Loss: 0.2879 Acc: 0.89 | VAL Loss: 1.6890 Acc: 0.40 
Ep 55/100 | TR Loss: 0.1597 Acc: 0.94 | VAL Loss: 1.5956 Acc: 0.48 
Ep 56/100 | TR Loss: 0.1208 Acc: 0.98 | VAL Loss: 1.6511 Acc: 0.38 
Ep 57/100 | TR Loss: 0.1082 Acc: 0.99 | VAL Loss: 1.6597 Acc: 0.42 
Ep 58/100 | TR Loss: 0.0944 Acc: 0.99 | VAL Loss: 1.6667 Acc: 0.44 
Ep 59/100 | TR Loss: 0.0896 Acc: 0.99 | VAL Loss: 1.4656 Acc: 0.42 
Ep 60/100 | TR Loss: 0.0831 Acc: 0.98 | VAL Loss: 1.4433 Acc: 0.42 
Ep 61/100 | TR Loss: 0.0874 Acc: 0.99 | VAL Loss: 1.6679 Acc: 0.46 
Ep 62/100 | TR Loss: 0.1036 Acc: 0.98 | VAL Loss: 1.6687 Acc: 0.44 
Ep 63/100 | TR Loss: 0.1079 Acc: 0.97 | VAL Loss: 1.6668 Acc: 0.42 
Ep 64/100 | TR Loss: 0.1327 Acc: 0.96 | VAL Loss: 1.3558 Acc: 0.46 
Ep 65/100 | TR Loss: 0.1194 Acc: 0.98 | VAL Loss: 1.3995 Acc: 0.48 
Ep 66/100 | TR Loss: 0.2484 Acc: 0.93 | VAL Loss: 1.1481 Acc: 0.52 
Ep 67/100 | TR Loss: 0.2858 Acc: 0.89 | VAL Loss: 1.5554 Acc: 0.44 
Ep 68/100 | TR Loss: 0.2551 Acc: 0.87 | VAL Loss: 1.2818 Acc: 0.46 
Ep 69/100 | TR Loss: 0.3943 Acc: 0.83 | VAL Loss: 1.4046 Acc: 0.40 
Ep 70/100 | TR Loss: 0.3004 Acc: 0.87 | VAL Loss: 1.6609 Acc: 0.40 
Ep 71/100 | TR Loss: 0.2935 Acc: 0.90 | VAL Loss: 1.3384 Acc: 0.44 
Ep 72/100 | TR Loss: 0.3253 Acc: 0.85 | VAL Loss: 1.2986 Acc: 0.44 
Ep 73/100 | TR Loss: 0.2578 Acc: 0.89 | VAL Loss: 1.5044 Acc: 0.42 
Ep 74/100 | TR Loss: 0.2172 Acc: 0.92 | VAL Loss: 1.2098 Acc: 0.48 
Ep 75/100 | TR Loss: 0.1700 Acc: 0.92 | VAL Loss: 1.6925 Acc: 0.40 
Ep 76/100 | TR Loss: 0.3005 Acc: 0.88 | VAL Loss: 1.5554 Acc: 0.48 
Ep 77/100 | TR Loss: 0.3296 Acc: 0.86 | VAL Loss: 1.6518 Acc: 0.38 
Ep 78/100 | TR Loss: 0.1906 Acc: 0.91 | VAL Loss: 1.6585 Acc: 0.38 
Ep 79/100 | TR Loss: 0.1995 Acc: 0.91 | VAL Loss: 1.6263 Acc: 0.38 
Ep 80/100 | TR Loss: 0.1946 Acc: 0.92 | VAL Loss: 1.4847 Acc: 0.46 
Ep 81/100 | TR Loss: 0.4336 Acc: 0.79 | VAL Loss: 1.6351 Acc: 0.46 
Ep 82/100 | TR Loss: 0.2930 Acc: 0.87 | VAL Loss: 1.4365 Acc: 0.50 
Ep 83/100 | TR Loss: 0.3204 Acc: 0.89 | VAL Loss: 1.6210 Acc: 0.54 
Ep 84/100 | TR Loss: 0.3888 Acc: 0.84 | VAL Loss: 1.5389 Acc: 0.42 
Ep 85/100 | TR Loss: 0.3095 Acc: 0.85 | VAL Loss: 1.3904 Acc: 0.38 
Ep 86/100 | TR Loss: 0.2509 Acc: 0.92 | VAL Loss: 1.4091 Acc: 0.52 
Ep 87/100 | TR Loss: 0.3066 Acc: 0.86 | VAL Loss: 1.3973 Acc: 0.52 
Ep 88/100 | TR Loss: 0.4064 Acc: 0.82 | VAL Loss: 1.4708 Acc: 0.48 
Ep 89/100 | TR Loss: 0.3417 Acc: 0.82 | VAL Loss: 1.3283 Acc: 0.50 
Ep 90/100 | TR Loss: 0.3080 Acc: 0.86 | VAL Loss: 1.5476 Acc: 0.48 
Ep 91/100 | TR Loss: 0.3464 Acc: 0.85 | VAL Loss: 1.7732 Acc: 0.40 
Ep 92/100 | TR Loss: 0.3766 Acc: 0.80 | VAL Loss: 2.1742 Acc: 0.40 
Ep 93/100 | TR Loss: 0.3471 Acc: 0.84 | VAL Loss: 1.5922 Acc: 0.48 
Ep 94/100 | TR Loss: 0.2327 Acc: 0.93 | VAL Loss: 1.5876 Acc: 0.46 
Ep 95/100 | TR Loss: 0.3741 Acc: 0.86 | VAL Loss: 1.2921 Acc: 0.54 
Ep 96/100 | TR Loss: 0.2699 Acc: 0.89 | VAL Loss: 1.8746 Acc: 0.38 
Ep 97/100 | TR Loss: 0.2684 Acc: 0.88 | VAL Loss: 1.3752 Acc: 0.46 
Ep 98/100 | TR Loss: 0.2584 Acc: 0.91 | VAL Loss: 1.5296 Acc: 0.44 
Ep 99/100 | TR Loss: 0.2539 Acc: 0.93 | VAL Loss: 1.4612 Acc: 0.44 
Ep 100/100 | TR Loss: 0.2830 Acc: 0.89 | VAL Loss: 1.4746 Acc: 0.46 
[*] Training plots saved to: output_qnlp/job_1094722/training_metrics.png

==================================================
BEST MODEL TEST SET EVALUATION (MULTIPLE THRESHOLDS)
==================================================
Threshold  | Acc      | Prec     | Rec      | F1      
--------------------------------------------------
0.30       | 0.44     | 0.52     | 0.45     | 0.48     
0.40       | 0.48     | 0.57     | 0.40     | 0.47     
0.50       | 0.45     | 0.54     | 0.33     | 0.41     <-- (Arg)
0.60       | 0.42     | 0.50     | 0.21     | 0.29     
0.70       | 0.37     | 0.35     | 0.10     | 0.16     
==================================================

========================================
End    : Fri May 22 03:28:19 +03 2026
Output : output_qnlp/job_1094722
total 277K
-rw-r--r-- 1 aerturk23 hpcusers 125K May 22 03:26 best_model.pth
-rw-r--r-- 1 aerturk23 hpcusers  292 May 22 03:24 config.json
-rw-r--r-- 1 aerturk23 hpcusers  14K May 22 03:28 history.json
-rw-r--r-- 1 aerturk23 hpcusers  966 May 22 03:24 output.err
-rw-r--r-- 1 aerturk23 hpcusers 8.2K May 22 03:26 output.log
-rw-r--r-- 1 aerturk23 hpcusers 128K May 22 03:28 training_metrics.png
========================================
