========================================
Job ID : 1094826
Start  : Fri May 22 07:55:07 +03 2026
GPU    : Tesla T4
========================================
--- Quantum QNLP Script starting ---
[*] Configuration saved to: output_qnlp/job_1094826/config.json
========================================
DATA SOURCE SELECTION : SYNTHETIC
TRAINING SIZE         : 250
VALIDATION SIZE       : 50
TEST SIZE             : 100
WEIGHT DECAY          : 0.0001
CLASSIFICATION THRESHOLD : 0.5
QUANTUM LAYERS        : 2
========================================

--- Preparing Dataset ---
Generating DisCoCat grammar diagrams...
Generating quantum circuits (IQP Ansatz)...

--- Starting Quantum Model Training (Epochs: 100) ---
Ep 01/100 | TR Loss: 0.7264 Acc: 0.54 | VAL Loss: 0.6732 Acc: 0.62 *(Best)*
Ep 02/100 | TR Loss: 0.7247 Acc: 0.53 | VAL Loss: 0.6859 Acc: 0.58 
Ep 03/100 | TR Loss: 0.6867 Acc: 0.54 | VAL Loss: 0.6646 Acc: 0.64 *(Best)*
Ep 04/100 | TR Loss: 0.6805 Acc: 0.61 | VAL Loss: 0.6892 Acc: 0.54 
Ep 05/100 | TR Loss: 0.7220 Acc: 0.47 | VAL Loss: 0.6789 Acc: 0.52 
Ep 06/100 | TR Loss: 0.6806 Acc: 0.58 | VAL Loss: 0.6841 Acc: 0.52 
Ep 07/100 | TR Loss: 0.6834 Acc: 0.57 | VAL Loss: 0.6216 Acc: 0.66 *(Best)*
Ep 08/100 | TR Loss: 0.6939 Acc: 0.60 | VAL Loss: 0.7435 Acc: 0.64 
Ep 09/100 | TR Loss: 0.7121 Acc: 0.59 | VAL Loss: 0.6716 Acc: 0.68 
Ep 10/100 | TR Loss: 0.7963 Acc: 0.52 | VAL Loss: 0.7967 Acc: 0.52 
Ep 11/100 | TR Loss: 0.8041 Acc: 0.52 | VAL Loss: 1.0167 Acc: 0.48 
Ep 12/100 | TR Loss: 0.8812 Acc: 0.52 | VAL Loss: 0.7608 Acc: 0.50 
Ep 13/100 | TR Loss: 0.7349 Acc: 0.54 | VAL Loss: 0.6582 Acc: 0.66 
Ep 14/100 | TR Loss: 0.6831 Acc: 0.51 | VAL Loss: 0.8619 Acc: 0.54 
Ep 15/100 | TR Loss: 0.7161 Acc: 0.53 | VAL Loss: 0.7179 Acc: 0.44 
Ep 16/100 | TR Loss: 0.7063 Acc: 0.52 | VAL Loss: 0.7141 Acc: 0.54 
Ep 17/100 | TR Loss: 0.7135 Acc: 0.52 | VAL Loss: 0.6596 Acc: 0.56 
Ep 18/100 | TR Loss: 0.6939 Acc: 0.52 | VAL Loss: 0.6312 Acc: 0.60 
Ep 19/100 | TR Loss: 0.6882 Acc: 0.55 | VAL Loss: 0.6958 Acc: 0.52 
Ep 20/100 | TR Loss: 0.6937 Acc: 0.53 | VAL Loss: 0.7171 Acc: 0.48 
Ep 21/100 | TR Loss: 0.6900 Acc: 0.53 | VAL Loss: 0.6709 Acc: 0.58 
Ep 22/100 | TR Loss: 0.6478 Acc: 0.61 | VAL Loss: 0.6949 Acc: 0.66 
Ep 23/100 | TR Loss: 0.6201 Acc: 0.58 | VAL Loss: 0.9486 Acc: 0.50 
Ep 24/100 | TR Loss: 0.7062 Acc: 0.55 | VAL Loss: 0.7307 Acc: 0.52 
Ep 25/100 | TR Loss: 0.6600 Acc: 0.59 | VAL Loss: 0.4844 Acc: 0.76 *(Best)*
Ep 26/100 | TR Loss: 0.7531 Acc: 0.48 | VAL Loss: 0.7067 Acc: 0.58 
Ep 27/100 | TR Loss: 0.7090 Acc: 0.52 | VAL Loss: 0.7161 Acc: 0.50 
Ep 28/100 | TR Loss: 0.7063 Acc: 0.47 | VAL Loss: 0.6958 Acc: 0.50 
Ep 29/100 | TR Loss: 0.6902 Acc: 0.50 | VAL Loss: 0.7130 Acc: 0.36 
Ep 30/100 | TR Loss: 0.6872 Acc: 0.54 | VAL Loss: 0.6934 Acc: 0.50 
Ep 31/100 | TR Loss: 0.6446 Acc: 0.63 | VAL Loss: 0.5550 Acc: 0.78 
Ep 32/100 | TR Loss: 0.5904 Acc: 0.64 | VAL Loss: 0.4626 Acc: 0.84 *(Best)*
Ep 33/100 | TR Loss: 0.6384 Acc: 0.64 | VAL Loss: 0.5687 Acc: 0.68 
Ep 34/100 | TR Loss: 0.6242 Acc: 0.59 | VAL Loss: 0.9750 Acc: 0.38 
Ep 35/100 | TR Loss: 0.6901 Acc: 0.61 | VAL Loss: 0.6169 Acc: 0.72 
Ep 36/100 | TR Loss: 0.4190 Acc: 0.89 | VAL Loss: 0.2390 Acc: 1.00 *(Best)*
Ep 37/100 | TR Loss: 0.3160 Acc: 0.90 | VAL Loss: 0.2025 Acc: 0.94 *(Best)*
Ep 38/100 | TR Loss: 0.3797 Acc: 0.86 | VAL Loss: 0.5111 Acc: 0.78 
Ep 39/100 | TR Loss: 0.7466 Acc: 0.55 | VAL Loss: 0.7236 Acc: 0.50 
Ep 40/100 | TR Loss: 0.7401 Acc: 0.46 | VAL Loss: 0.7001 Acc: 0.36 
Ep 41/100 | TR Loss: 0.6450 Acc: 0.63 | VAL Loss: 0.6301 Acc: 0.74 
Ep 42/100 | TR Loss: 0.6138 Acc: 0.71 | VAL Loss: 0.6542 Acc: 0.60 
Ep 43/100 | TR Loss: 0.4841 Acc: 0.78 | VAL Loss: 0.4293 Acc: 0.80 
Ep 44/100 | TR Loss: 0.4650 Acc: 0.78 | VAL Loss: 0.4775 Acc: 0.74 
Ep 45/100 | TR Loss: 0.7108 Acc: 0.61 | VAL Loss: 0.7122 Acc: 0.54 
Ep 46/100 | TR Loss: 0.7588 Acc: 0.48 | VAL Loss: 0.7116 Acc: 0.60 
Ep 47/100 | TR Loss: 0.7390 Acc: 0.52 | VAL Loss: 0.7688 Acc: 0.50 
Ep 48/100 | TR Loss: 0.6794 Acc: 0.57 | VAL Loss: 0.6215 Acc: 0.70 
Ep 49/100 | TR Loss: 0.6126 Acc: 0.65 | VAL Loss: 0.6959 Acc: 0.62 
Ep 50/100 | TR Loss: 0.6937 Acc: 0.58 | VAL Loss: 0.7470 Acc: 0.40 
Ep 51/100 | TR Loss: 0.7219 Acc: 0.56 | VAL Loss: 0.6632 Acc: 0.60 
Ep 52/100 | TR Loss: 0.6992 Acc: 0.58 | VAL Loss: 0.8856 Acc: 0.54 
Ep 53/100 | TR Loss: 0.7542 Acc: 0.58 | VAL Loss: 0.7482 Acc: 0.52 
Ep 54/100 | TR Loss: 0.7975 Acc: 0.48 | VAL Loss: 0.6680 Acc: 0.58 
Ep 55/100 | TR Loss: 0.7149 Acc: 0.48 | VAL Loss: 0.7154 Acc: 0.56 
Ep 56/100 | TR Loss: 0.7242 Acc: 0.54 | VAL Loss: 0.6580 Acc: 0.62 
Ep 57/100 | TR Loss: 0.7360 Acc: 0.50 | VAL Loss: 0.7933 Acc: 0.46 
Ep 58/100 | TR Loss: 0.7424 Acc: 0.47 | VAL Loss: 0.7607 Acc: 0.42 
Ep 59/100 | TR Loss: 0.7130 Acc: 0.55 | VAL Loss: 0.7065 Acc: 0.52 
Ep 60/100 | TR Loss: 0.7225 Acc: 0.48 | VAL Loss: 0.6731 Acc: 0.50 
Ep 61/100 | TR Loss: 0.7048 Acc: 0.51 | VAL Loss: 0.6788 Acc: 0.58 
Ep 62/100 | TR Loss: 0.6743 Acc: 0.56 | VAL Loss: 0.6157 Acc: 0.62 
Ep 63/100 | TR Loss: 0.6786 Acc: 0.56 | VAL Loss: 0.7158 Acc: 0.58 
Ep 64/100 | TR Loss: 0.6990 Acc: 0.55 | VAL Loss: 0.7578 Acc: 0.44 
Ep 65/100 | TR Loss: 0.7151 Acc: 0.52 | VAL Loss: 0.6449 Acc: 0.64 
Ep 66/100 | TR Loss: 0.6604 Acc: 0.66 | VAL Loss: 0.7380 Acc: 0.52 
Ep 67/100 | TR Loss: 0.6787 Acc: 0.59 | VAL Loss: 0.6208 Acc: 0.66 
Ep 68/100 | TR Loss: 0.7239 Acc: 0.56 | VAL Loss: 0.8748 Acc: 0.38 
Ep 69/100 | TR Loss: 0.8063 Acc: 0.53 | VAL Loss: 0.7090 Acc: 0.60 
Ep 70/100 | TR Loss: 0.7039 Acc: 0.61 | VAL Loss: 0.5706 Acc: 0.74 
Ep 71/100 | TR Loss: 0.7275 Acc: 0.52 | VAL Loss: 0.9032 Acc: 0.48 
Ep 72/100 | TR Loss: 0.7629 Acc: 0.55 | VAL Loss: 0.8454 Acc: 0.52 
Ep 73/100 | TR Loss: 0.8211 Acc: 0.50 | VAL Loss: 0.7225 Acc: 0.60 
Ep 74/100 | TR Loss: 0.6828 Acc: 0.56 | VAL Loss: 0.6412 Acc: 0.70 
Ep 75/100 | TR Loss: 0.4545 Acc: 0.78 | VAL Loss: 0.2911 Acc: 0.86 
Ep 76/100 | TR Loss: 0.4015 Acc: 0.80 | VAL Loss: 0.3851 Acc: 0.84 
Ep 77/100 | TR Loss: 0.1895 Acc: 0.94 | VAL Loss: 0.0309 Acc: 1.00 *(Best)*
Ep 78/100 | TR Loss: 0.0227 Acc: 1.00 | VAL Loss: 0.0084 Acc: 1.00 *(Best)*
Ep 79/100 | TR Loss: 0.0033 Acc: 1.00 | VAL Loss: 0.0019 Acc: 1.00 *(Best)*
Ep 80/100 | TR Loss: 0.0007 Acc: 1.00 | VAL Loss: 0.0002 Acc: 1.00 *(Best)*
Ep 81/100 | TR Loss: 0.0001 Acc: 1.00 | VAL Loss: 0.0000 Acc: 1.00 *(Best)*
Ep 82/100 | TR Loss: 0.0000 Acc: 1.00 | VAL Loss: 0.0000 Acc: 1.00 *(Best)*
Ep 83/100 | TR Loss: 0.0000 Acc: 1.00 | VAL Loss: 0.0000 Acc: 1.00 *(Best)*
Ep 84/100 | TR Loss: 0.0000 Acc: 1.00 | VAL Loss: 0.0000 Acc: 1.00 
Ep 85/100 | TR Loss: 0.0000 Acc: 1.00 | VAL Loss: 0.0000 Acc: 1.00 
Ep 86/100 | TR Loss: 0.0001 Acc: 1.00 | VAL Loss: 0.0002 Acc: 1.00 
Ep 87/100 | TR Loss: 0.0003 Acc: 1.00 | VAL Loss: 0.0015 Acc: 1.00 
Ep 88/100 | TR Loss: 0.0039 Acc: 1.00 | VAL Loss: 0.0117 Acc: 1.00 
Ep 89/100 | TR Loss: 0.0156 Acc: 1.00 | VAL Loss: 0.0071 Acc: 1.00 
Ep 90/100 | TR Loss: 0.0086 Acc: 1.00 | VAL Loss: 0.0036 Acc: 1.00 
Ep 91/100 | TR Loss: 0.0022 Acc: 1.00 | VAL Loss: 0.0034 Acc: 1.00 
Ep 92/100 | TR Loss: 0.0067 Acc: 1.00 | VAL Loss: 0.0077 Acc: 1.00 
Ep 93/100 | TR Loss: 0.0489 Acc: 0.99 | VAL Loss: 0.0779 Acc: 1.00 
Ep 94/100 | TR Loss: 0.0656 Acc: 1.00 | VAL Loss: 0.0123 Acc: 1.00 
Ep 95/100 | TR Loss: 0.0229 Acc: 1.00 | VAL Loss: 0.0251 Acc: 1.00 
Ep 96/100 | TR Loss: 0.0247 Acc: 1.00 | VAL Loss: 0.0264 Acc: 1.00 
Ep 97/100 | TR Loss: 0.0517 Acc: 1.00 | VAL Loss: 0.0244 Acc: 1.00 
Ep 98/100 | TR Loss: 0.2717 Acc: 0.89 | VAL Loss: 0.9245 Acc: 0.42 
Ep 99/100 | TR Loss: 0.7840 Acc: 0.52 | VAL Loss: 0.8802 Acc: 0.42 
Ep 100/100 | TR Loss: 0.7992 Acc: 0.48 | VAL Loss: 0.7020 Acc: 0.44 
[*] Training plots saved to: output_qnlp/job_1094826/training_metrics.png

==================================================
BEST MODEL TEST SET EVALUATION (MULTIPLE THRESHOLDS)
==================================================
Threshold  | Acc      | Prec     | Rec      | F1      
--------------------------------------------------
0.30       | 1.00     | 1.00     | 1.00     | 1.00     
0.40       | 1.00     | 1.00     | 1.00     | 1.00     
0.50       | 1.00     | 1.00     | 1.00     | 1.00     <-- (Arg)
0.60       | 1.00     | 1.00     | 1.00     | 1.00     
0.70       | 1.00     | 1.00     | 1.00     | 1.00     
==================================================

========================================
End    : Fri May 22 08:03:23 +03 2026
Output : output_qnlp/job_1094826
total 201K
-rw-r--r-- 1 aerturk23 hpcusers  11K May 22 08:02 best_model.pth
-rw-r--r-- 1 aerturk23 hpcusers  298 May 22 07:55 config.json
-rw-r--r-- 1 aerturk23 hpcusers  14K May 22 08:03 history.json
-rw-r--r-- 1 aerturk23 hpcusers  966 May 22 08:01 output.err
-rw-r--r-- 1 aerturk23 hpcusers 8.3K May 22 08:01 output.log
-rw-r--r-- 1 aerturk23 hpcusers 167K May 22 08:03 training_metrics.png
========================================
