========================================
Job ID : 1094726
Start  : Fri May 22 03:33:54 +03 2026
GPU    : Tesla T4
========================================
--- Quantum QNLP Script starting ---
[*] Configuration saved to: output_qnlp/job_1094726/config.json
========================================
DATA SOURCE SELECTION : SST2
TRAINING SIZE         : 100
VALIDATION SIZE       : 50
TEST SIZE             : 100
WEIGHT DECAY          : 0.0001
CLASSIFICATION THRESHOLD : 0.5
QUANTUM LAYERS        : 1
========================================

--- Preparing Dataset ---
Generating DisCoCat grammar diagrams...
Generating quantum circuits (IQP Ansatz)...

--- Starting Quantum Model Training (Epochs: 100) ---
Ep 01/100 | TR Loss: 1.6170 Acc: 0.40 | VAL Loss: 1.2993 Acc: 0.50 *(Best)*
Ep 02/100 | TR Loss: 0.8082 Acc: 0.60 | VAL Loss: 1.2952 Acc: 0.52 *(Best)*
Ep 03/100 | TR Loss: 0.4728 Acc: 0.77 | VAL Loss: 1.2937 Acc: 0.46 *(Best)*
Ep 04/100 | TR Loss: 0.3264 Acc: 0.83 | VAL Loss: 1.4941 Acc: 0.56 
Ep 05/100 | TR Loss: 0.3237 Acc: 0.85 | VAL Loss: 1.3631 Acc: 0.58 
Ep 06/100 | TR Loss: 0.2602 Acc: 0.92 | VAL Loss: 1.2720 Acc: 0.52 *(Best)*
Ep 07/100 | TR Loss: 0.2536 Acc: 0.90 | VAL Loss: 1.3026 Acc: 0.52 
Ep 08/100 | TR Loss: 0.2800 Acc: 0.86 | VAL Loss: 1.2749 Acc: 0.50 
Ep 09/100 | TR Loss: 0.2520 Acc: 0.92 | VAL Loss: 1.2584 Acc: 0.54 *(Best)*
Ep 10/100 | TR Loss: 0.2363 Acc: 0.93 | VAL Loss: 1.2627 Acc: 0.52 
Ep 11/100 | TR Loss: 0.2701 Acc: 0.91 | VAL Loss: 1.3738 Acc: 0.46 
Ep 12/100 | TR Loss: 0.3735 Acc: 0.83 | VAL Loss: 1.3115 Acc: 0.48 
Ep 13/100 | TR Loss: 0.3130 Acc: 0.87 | VAL Loss: 1.3866 Acc: 0.56 
Ep 14/100 | TR Loss: 0.2492 Acc: 0.95 | VAL Loss: 1.2695 Acc: 0.52 
Ep 15/100 | TR Loss: 0.3673 Acc: 0.87 | VAL Loss: 1.2976 Acc: 0.56 
Ep 16/100 | TR Loss: 0.2160 Acc: 0.91 | VAL Loss: 1.3109 Acc: 0.52 
Ep 17/100 | TR Loss: 0.2829 Acc: 0.87 | VAL Loss: 1.2671 Acc: 0.56 
Ep 18/100 | TR Loss: 0.2232 Acc: 0.89 | VAL Loss: 1.2783 Acc: 0.52 
Ep 19/100 | TR Loss: 0.2017 Acc: 0.91 | VAL Loss: 1.2626 Acc: 0.58 
Ep 20/100 | TR Loss: 0.2514 Acc: 0.90 | VAL Loss: 1.2596 Acc: 0.56 
Ep 21/100 | TR Loss: 0.2197 Acc: 0.92 | VAL Loss: 1.2790 Acc: 0.54 
Ep 22/100 | TR Loss: 0.1882 Acc: 0.95 | VAL Loss: 1.2615 Acc: 0.56 
Ep 23/100 | TR Loss: 0.2220 Acc: 0.92 | VAL Loss: 1.2651 Acc: 0.50 
Ep 24/100 | TR Loss: 0.3088 Acc: 0.86 | VAL Loss: 1.3318 Acc: 0.48 
Ep 25/100 | TR Loss: 0.2839 Acc: 0.83 | VAL Loss: 1.3395 Acc: 0.56 
Ep 26/100 | TR Loss: 0.1974 Acc: 0.92 | VAL Loss: 1.2986 Acc: 0.50 
Ep 27/100 | TR Loss: 0.2049 Acc: 0.93 | VAL Loss: 1.3190 Acc: 0.52 
Ep 28/100 | TR Loss: 0.1787 Acc: 0.94 | VAL Loss: 1.3333 Acc: 0.52 
Ep 29/100 | TR Loss: 0.2216 Acc: 0.91 | VAL Loss: 1.3173 Acc: 0.52 
Ep 30/100 | TR Loss: 0.2459 Acc: 0.86 | VAL Loss: 1.2940 Acc: 0.54 
Ep 31/100 | TR Loss: 0.1823 Acc: 0.93 | VAL Loss: 1.3767 Acc: 0.56 
Ep 32/100 | TR Loss: 0.1946 Acc: 0.93 | VAL Loss: 1.2475 Acc: 0.54 *(Best)*
Ep 33/100 | TR Loss: 0.2311 Acc: 0.89 | VAL Loss: 1.3120 Acc: 0.54 
Ep 34/100 | TR Loss: 0.1985 Acc: 0.96 | VAL Loss: 1.2432 Acc: 0.56 *(Best)*
Ep 35/100 | TR Loss: 0.2007 Acc: 0.91 | VAL Loss: 1.2988 Acc: 0.50 
Ep 36/100 | TR Loss: 0.3438 Acc: 0.86 | VAL Loss: 1.2414 Acc: 0.56 *(Best)*
Ep 37/100 | TR Loss: 0.1768 Acc: 0.93 | VAL Loss: 1.3132 Acc: 0.52 
Ep 38/100 | TR Loss: 0.1810 Acc: 0.95 | VAL Loss: 1.2490 Acc: 0.58 
Ep 39/100 | TR Loss: 0.1999 Acc: 0.96 | VAL Loss: 1.2400 Acc: 0.52 *(Best)*
Ep 40/100 | TR Loss: 0.2165 Acc: 0.95 | VAL Loss: 1.2582 Acc: 0.56 
Ep 41/100 | TR Loss: 0.2267 Acc: 0.93 | VAL Loss: 1.2626 Acc: 0.54 
Ep 42/100 | TR Loss: 0.2054 Acc: 0.90 | VAL Loss: 1.2770 Acc: 0.58 
Ep 43/100 | TR Loss: 0.2352 Acc: 0.91 | VAL Loss: 1.3003 Acc: 0.50 
Ep 44/100 | TR Loss: 0.3344 Acc: 0.84 | VAL Loss: 1.5271 Acc: 0.38 
Ep 45/100 | TR Loss: 0.2992 Acc: 0.85 | VAL Loss: 1.3149 Acc: 0.58 
Ep 46/100 | TR Loss: 0.2796 Acc: 0.85 | VAL Loss: 1.2616 Acc: 0.60 
Ep 47/100 | TR Loss: 0.1921 Acc: 0.94 | VAL Loss: 1.3231 Acc: 0.54 
Ep 48/100 | TR Loss: 0.2924 Acc: 0.89 | VAL Loss: 1.3869 Acc: 0.46 
Ep 49/100 | TR Loss: 0.3292 Acc: 0.88 | VAL Loss: 1.3585 Acc: 0.52 
Ep 50/100 | TR Loss: 0.3097 Acc: 0.85 | VAL Loss: 1.3101 Acc: 0.54 
Ep 51/100 | TR Loss: 0.3048 Acc: 0.88 | VAL Loss: 1.3022 Acc: 0.54 
Ep 52/100 | TR Loss: 0.2529 Acc: 0.90 | VAL Loss: 1.2621 Acc: 0.54 
Ep 53/100 | TR Loss: 0.2500 Acc: 0.92 | VAL Loss: 1.2522 Acc: 0.50 
Ep 54/100 | TR Loss: 0.3147 Acc: 0.87 | VAL Loss: 1.2685 Acc: 0.48 
Ep 55/100 | TR Loss: 0.2550 Acc: 0.92 | VAL Loss: 1.2907 Acc: 0.50 
Ep 56/100 | TR Loss: 0.3046 Acc: 0.89 | VAL Loss: 1.2611 Acc: 0.56 
Ep 57/100 | TR Loss: 0.2991 Acc: 0.91 | VAL Loss: 1.4511 Acc: 0.48 
Ep 58/100 | TR Loss: 0.2875 Acc: 0.87 | VAL Loss: 1.3271 Acc: 0.52 
Ep 59/100 | TR Loss: 0.3604 Acc: 0.83 | VAL Loss: 1.3724 Acc: 0.54 
Ep 60/100 | TR Loss: 0.1956 Acc: 0.92 | VAL Loss: 1.2991 Acc: 0.58 
Ep 61/100 | TR Loss: 0.2193 Acc: 0.90 | VAL Loss: 1.4258 Acc: 0.54 
Ep 62/100 | TR Loss: 0.1973 Acc: 0.93 | VAL Loss: 1.3180 Acc: 0.52 
Ep 63/100 | TR Loss: 0.1701 Acc: 0.93 | VAL Loss: 1.3153 Acc: 0.50 
Ep 64/100 | TR Loss: 0.1455 Acc: 0.95 | VAL Loss: 1.4271 Acc: 0.48 
Ep 65/100 | TR Loss: 0.2106 Acc: 0.90 | VAL Loss: 1.3260 Acc: 0.50 
Ep 66/100 | TR Loss: 0.1434 Acc: 0.97 | VAL Loss: 1.4190 Acc: 0.52 
Ep 67/100 | TR Loss: 0.1518 Acc: 0.95 | VAL Loss: 1.3314 Acc: 0.50 
Ep 68/100 | TR Loss: 0.1453 Acc: 0.95 | VAL Loss: 1.4090 Acc: 0.50 
Ep 69/100 | TR Loss: 0.1733 Acc: 0.95 | VAL Loss: 1.4940 Acc: 0.48 
Ep 70/100 | TR Loss: 0.1648 Acc: 0.96 | VAL Loss: 1.3636 Acc: 0.48 
Ep 71/100 | TR Loss: 0.2988 Acc: 0.86 | VAL Loss: 1.4534 Acc: 0.52 
Ep 72/100 | TR Loss: 0.2110 Acc: 0.91 | VAL Loss: 1.5201 Acc: 0.42 
Ep 73/100 | TR Loss: 0.1632 Acc: 0.96 | VAL Loss: 1.4396 Acc: 0.50 
Ep 74/100 | TR Loss: 0.3473 Acc: 0.87 | VAL Loss: 1.4592 Acc: 0.44 
Ep 75/100 | TR Loss: 0.3135 Acc: 0.87 | VAL Loss: 1.9099 Acc: 0.44 
Ep 76/100 | TR Loss: 0.3179 Acc: 0.87 | VAL Loss: 1.7252 Acc: 0.42 
Ep 77/100 | TR Loss: 0.3154 Acc: 0.87 | VAL Loss: 1.7448 Acc: 0.40 
Ep 78/100 | TR Loss: 0.4848 Acc: 0.79 | VAL Loss: 1.6089 Acc: 0.52 
Ep 79/100 | TR Loss: 0.2809 Acc: 0.87 | VAL Loss: 1.6312 Acc: 0.48 
Ep 80/100 | TR Loss: 0.3216 Acc: 0.92 | VAL Loss: 1.7198 Acc: 0.40 
Ep 81/100 | TR Loss: 0.2378 Acc: 0.94 | VAL Loss: 1.7945 Acc: 0.44 
Ep 82/100 | TR Loss: 0.3926 Acc: 0.77 | VAL Loss: 1.6959 Acc: 0.40 
Ep 83/100 | TR Loss: 0.3055 Acc: 0.87 | VAL Loss: 1.7626 Acc: 0.44 
Ep 84/100 | TR Loss: 0.3241 Acc: 0.90 | VAL Loss: 1.9481 Acc: 0.42 
Ep 85/100 | TR Loss: 0.3508 Acc: 0.85 | VAL Loss: 1.7588 Acc: 0.36 
Ep 86/100 | TR Loss: 0.3447 Acc: 0.83 | VAL Loss: 1.6805 Acc: 0.42 
Ep 87/100 | TR Loss: 0.3318 Acc: 0.85 | VAL Loss: 1.6032 Acc: 0.44 
Ep 88/100 | TR Loss: 0.3868 Acc: 0.83 | VAL Loss: 1.6197 Acc: 0.42 
Ep 89/100 | TR Loss: 0.3064 Acc: 0.87 | VAL Loss: 1.5630 Acc: 0.44 
Ep 90/100 | TR Loss: 0.4686 Acc: 0.79 | VAL Loss: 1.5064 Acc: 0.48 
Ep 91/100 | TR Loss: 0.2620 Acc: 0.87 | VAL Loss: 1.6156 Acc: 0.38 
Ep 92/100 | TR Loss: 0.2582 Acc: 0.88 | VAL Loss: 1.6032 Acc: 0.46 
Ep 93/100 | TR Loss: 0.2190 Acc: 0.95 | VAL Loss: 1.6314 Acc: 0.48 
Ep 94/100 | TR Loss: 0.2562 Acc: 0.92 | VAL Loss: 1.7005 Acc: 0.40 
Ep 95/100 | TR Loss: 0.2965 Acc: 0.91 | VAL Loss: 2.2273 Acc: 0.36 
Ep 96/100 | TR Loss: 0.4271 Acc: 0.82 | VAL Loss: 1.5331 Acc: 0.48 
Ep 97/100 | TR Loss: 0.2435 Acc: 0.91 | VAL Loss: 1.5318 Acc: 0.44 
Ep 98/100 | TR Loss: 0.2878 Acc: 0.88 | VAL Loss: 1.5184 Acc: 0.44 
Ep 99/100 | TR Loss: 0.3146 Acc: 0.87 | VAL Loss: 1.5428 Acc: 0.42 
Ep 100/100 | TR Loss: 0.2765 Acc: 0.86 | VAL Loss: 1.5754 Acc: 0.42 
[*] Training plots saved to: output_qnlp/job_1094726/training_metrics.png

==================================================
BEST MODEL TEST SET EVALUATION (MULTIPLE THRESHOLDS)
==================================================
Threshold  | Acc      | Prec     | Rec      | F1      
--------------------------------------------------
0.30       | 0.47     | 0.57     | 0.45     | 0.50     
0.40       | 0.46     | 0.58     | 0.37     | 0.45     
0.50       | 0.47     | 0.61     | 0.32     | 0.42     <-- (Arg)
0.60       | 0.45     | 0.60     | 0.25     | 0.35     
0.70       | 0.45     | 0.69     | 0.15     | 0.25     
==================================================

========================================
End    : Fri May 22 03:37:43 +03 2026
Output : output_qnlp/job_1094726
total 288K
-rw-r--r-- 1 aerturk23 hpcusers 131K May 22 03:36 best_model.pth
-rw-r--r-- 1 aerturk23 hpcusers  293 May 22 03:34 config.json
-rw-r--r-- 1 aerturk23 hpcusers  14K May 22 03:37 history.json
-rw-r--r-- 1 aerturk23 hpcusers  966 May 22 03:33 output.err
-rw-r--r-- 1 aerturk23 hpcusers 8.2K May 22 03:33 output.log
-rw-r--r-- 1 aerturk23 hpcusers 133K May 22 03:37 training_metrics.png
========================================
