========================================
Job ID : 1094634
Start  : Fri May 22 02:37:39 +03 2026
GPU    : Tesla T4
========================================
--- Classical LSTM Script starting ---
[*] Configuration saved to: output_classical/job_1094634/config.json
========================================
MODEL                 : CLASSICAL LSTM
DATA SOURCE SELECTION : BACH
TRAINING SIZE         : 500
VALIDATION SIZE       : 50
TEST SIZE             : 100
WEIGHT DECAY          : 0.0001
DROPOUT RATE          : 0.5
CLASSIFICATION THRESHOLD : 0.5
BATCH SIZE            : 16
EMBED/HIDDEN DIMS     : 16 / 32
========================================

--- Preparing Dataset and Tokenization ---
[*] REAL DATASET SIZES -> Train: 500 | Val: 50 | Test: 100
--- Initializing Classical Model ---

--- Starting Classical LSTM Training (Epochs: 100) ---
Ep 01/100 | TR Loss: 0.6958 Acc: 0.53 | VAL Loss: 0.7354 Acc: 0.32 *(Best)*
Ep 02/100 | TR Loss: 0.6880 Acc: 0.55 | VAL Loss: 0.7322 Acc: 0.32 *(Best)*
Ep 03/100 | TR Loss: 0.6882 Acc: 0.56 | VAL Loss: 0.7271 Acc: 0.32 *(Best)*
Ep 04/100 | TR Loss: 0.6710 Acc: 0.58 | VAL Loss: 0.5602 Acc: 0.86 *(Best)*
Ep 05/100 | TR Loss: 0.5675 Acc: 0.76 | VAL Loss: 0.6325 Acc: 0.68 
Ep 06/100 | TR Loss: 0.5174 Acc: 0.79 | VAL Loss: 0.6232 Acc: 0.68 
Ep 07/100 | TR Loss: 0.5299 Acc: 0.78 | VAL Loss: 0.7422 Acc: 0.68 
Ep 08/100 | TR Loss: 0.5153 Acc: 0.78 | VAL Loss: 0.5477 Acc: 0.80 *(Best)*
Ep 09/100 | TR Loss: 0.5124 Acc: 0.78 | VAL Loss: 0.5569 Acc: 0.78 
Ep 10/100 | TR Loss: 0.5608 Acc: 0.72 | VAL Loss: 0.5880 Acc: 0.80 
Ep 11/100 | TR Loss: 0.5590 Acc: 0.71 | VAL Loss: 0.6546 Acc: 0.74 
Ep 12/100 | TR Loss: 0.5385 Acc: 0.71 | VAL Loss: 0.6931 Acc: 0.74 
Ep 13/100 | TR Loss: 0.5352 Acc: 0.73 | VAL Loss: 0.5603 Acc: 0.80 
Ep 14/100 | TR Loss: 0.4955 Acc: 0.75 | VAL Loss: 0.5951 Acc: 0.80 
Ep 15/100 | TR Loss: 0.4864 Acc: 0.75 | VAL Loss: 0.6152 Acc: 0.80 
Ep 16/100 | TR Loss: 0.4862 Acc: 0.75 | VAL Loss: 0.7088 Acc: 0.76 
Ep 17/100 | TR Loss: 0.5084 Acc: 0.76 | VAL Loss: 0.7667 Acc: 0.70 
Ep 18/100 | TR Loss: 0.6379 Acc: 0.70 | VAL Loss: 0.7162 Acc: 0.48 
Ep 19/100 | TR Loss: 0.5607 Acc: 0.74 | VAL Loss: 0.4753 Acc: 0.84 *(Best)*
Ep 20/100 | TR Loss: 0.5171 Acc: 0.75 | VAL Loss: 0.5500 Acc: 0.82 
Ep 21/100 | TR Loss: 0.5097 Acc: 0.75 | VAL Loss: 0.4977 Acc: 0.82 
Ep 22/100 | TR Loss: 0.5595 Acc: 0.69 | VAL Loss: 0.6243 Acc: 0.68 
Ep 23/100 | TR Loss: 0.6926 Acc: 0.54 | VAL Loss: 0.7200 Acc: 0.32 
Ep 24/100 | TR Loss: 0.6903 Acc: 0.56 | VAL Loss: 0.7309 Acc: 0.32 
Ep 25/100 | TR Loss: 0.6800 Acc: 0.57 | VAL Loss: 0.7293 Acc: 0.46 
Ep 26/100 | TR Loss: 0.6056 Acc: 0.73 | VAL Loss: 0.4075 Acc: 0.80 *(Best)*
Ep 27/100 | TR Loss: 0.5093 Acc: 0.79 | VAL Loss: 0.5655 Acc: 0.80 
Ep 28/100 | TR Loss: 0.4928 Acc: 0.81 | VAL Loss: 0.5386 Acc: 0.78 
Ep 29/100 | TR Loss: 0.5311 Acc: 0.76 | VAL Loss: 0.4851 Acc: 0.90 
Ep 30/100 | TR Loss: 0.4556 Acc: 0.79 | VAL Loss: 0.3897 Acc: 0.86 *(Best)*
Ep 31/100 | TR Loss: 0.4120 Acc: 0.82 | VAL Loss: 0.3820 Acc: 0.88 *(Best)*
Ep 32/100 | TR Loss: 0.4080 Acc: 0.82 | VAL Loss: 0.5253 Acc: 0.70 
Ep 33/100 | TR Loss: 0.3637 Acc: 0.84 | VAL Loss: 0.3306 Acc: 0.88 *(Best)*
Ep 34/100 | TR Loss: 0.3600 Acc: 0.85 | VAL Loss: 0.3021 Acc: 0.86 *(Best)*
Ep 35/100 | TR Loss: 0.3344 Acc: 0.85 | VAL Loss: 0.3789 Acc: 0.88 
Ep 36/100 | TR Loss: 0.3306 Acc: 0.85 | VAL Loss: 0.3440 Acc: 0.88 
Ep 37/100 | TR Loss: 0.3020 Acc: 0.85 | VAL Loss: 0.3424 Acc: 0.90 
Ep 38/100 | TR Loss: 0.2976 Acc: 0.85 | VAL Loss: 0.4687 Acc: 0.76 
Ep 39/100 | TR Loss: 0.3352 Acc: 0.85 | VAL Loss: 0.3711 Acc: 0.84 
Ep 40/100 | TR Loss: 0.2798 Acc: 0.86 | VAL Loss: 0.4751 Acc: 0.84 
Ep 41/100 | TR Loss: 0.3232 Acc: 0.85 | VAL Loss: 0.5764 Acc: 0.80 
Ep 42/100 | TR Loss: 0.3208 Acc: 0.85 | VAL Loss: 0.4486 Acc: 0.80 
Ep 43/100 | TR Loss: 0.2597 Acc: 0.86 | VAL Loss: 0.3984 Acc: 0.86 
Ep 44/100 | TR Loss: 0.2393 Acc: 0.88 | VAL Loss: 0.4677 Acc: 0.76 
Ep 45/100 | TR Loss: 0.2221 Acc: 0.88 | VAL Loss: 0.4895 Acc: 0.78 
Ep 46/100 | TR Loss: 0.2303 Acc: 0.89 | VAL Loss: 0.4387 Acc: 0.88 
Ep 47/100 | TR Loss: 0.2402 Acc: 0.89 | VAL Loss: 0.4676 Acc: 0.84 
Ep 48/100 | TR Loss: 0.2183 Acc: 0.89 | VAL Loss: 0.6442 Acc: 0.76 
Ep 49/100 | TR Loss: 0.2135 Acc: 0.90 | VAL Loss: 0.5743 Acc: 0.72 
Ep 50/100 | TR Loss: 0.2291 Acc: 0.90 | VAL Loss: 0.4774 Acc: 0.84 
Ep 51/100 | TR Loss: 0.2198 Acc: 0.90 | VAL Loss: 0.5992 Acc: 0.68 
Ep 52/100 | TR Loss: 0.2589 Acc: 0.89 | VAL Loss: 0.5271 Acc: 0.76 
Ep 53/100 | TR Loss: 0.2040 Acc: 0.90 | VAL Loss: 0.5561 Acc: 0.74 
Ep 54/100 | TR Loss: 0.2264 Acc: 0.91 | VAL Loss: 0.6004 Acc: 0.74 
Ep 55/100 | TR Loss: 0.2521 Acc: 0.89 | VAL Loss: 0.5909 Acc: 0.72 
Ep 56/100 | TR Loss: 0.2056 Acc: 0.91 | VAL Loss: 0.6893 Acc: 0.70 
Ep 57/100 | TR Loss: 0.1941 Acc: 0.90 | VAL Loss: 0.6676 Acc: 0.68 
Ep 58/100 | TR Loss: 0.1828 Acc: 0.92 | VAL Loss: 0.7410 Acc: 0.70 
Ep 59/100 | TR Loss: 0.1779 Acc: 0.93 | VAL Loss: 0.7011 Acc: 0.72 
Ep 60/100 | TR Loss: 0.1671 Acc: 0.93 | VAL Loss: 0.6465 Acc: 0.78 
Ep 61/100 | TR Loss: 0.1732 Acc: 0.94 | VAL Loss: 0.7431 Acc: 0.76 
Ep 62/100 | TR Loss: 0.1468 Acc: 0.93 | VAL Loss: 0.7453 Acc: 0.74 
Ep 63/100 | TR Loss: 0.2628 Acc: 0.86 | VAL Loss: 0.6312 Acc: 0.86 
Ep 64/100 | TR Loss: 0.2057 Acc: 0.90 | VAL Loss: 0.6547 Acc: 0.74 
Ep 65/100 | TR Loss: 0.1487 Acc: 0.93 | VAL Loss: 0.7915 Acc: 0.74 
Ep 66/100 | TR Loss: 0.1364 Acc: 0.93 | VAL Loss: 0.6254 Acc: 0.86 
Ep 67/100 | TR Loss: 0.1429 Acc: 0.94 | VAL Loss: 0.7830 Acc: 0.76 
Ep 68/100 | TR Loss: 0.1311 Acc: 0.94 | VAL Loss: 0.7299 Acc: 0.76 
Ep 69/100 | TR Loss: 0.1363 Acc: 0.95 | VAL Loss: 0.7022 Acc: 0.76 
Ep 70/100 | TR Loss: 0.1337 Acc: 0.94 | VAL Loss: 0.8033 Acc: 0.70 
Ep 71/100 | TR Loss: 0.1208 Acc: 0.94 | VAL Loss: 0.7211 Acc: 0.80 
Ep 72/100 | TR Loss: 0.1647 Acc: 0.94 | VAL Loss: 0.7019 Acc: 0.80 
Ep 73/100 | TR Loss: 0.1229 Acc: 0.95 | VAL Loss: 0.6666 Acc: 0.84 
Ep 74/100 | TR Loss: 0.1050 Acc: 0.95 | VAL Loss: 0.8106 Acc: 0.74 
Ep 75/100 | TR Loss: 0.1080 Acc: 0.95 | VAL Loss: 0.6552 Acc: 0.80 
Ep 76/100 | TR Loss: 0.1081 Acc: 0.95 | VAL Loss: 0.8692 Acc: 0.72 
Ep 77/100 | TR Loss: 0.0942 Acc: 0.95 | VAL Loss: 0.7414 Acc: 0.76 
Ep 78/100 | TR Loss: 0.0841 Acc: 0.96 | VAL Loss: 0.7571 Acc: 0.82 
Ep 79/100 | TR Loss: 0.0861 Acc: 0.96 | VAL Loss: 0.7957 Acc: 0.74 
Ep 80/100 | TR Loss: 0.0757 Acc: 0.96 | VAL Loss: 0.7598 Acc: 0.80 
Ep 81/100 | TR Loss: 0.1431 Acc: 0.93 | VAL Loss: 0.9242 Acc: 0.74 
Ep 82/100 | TR Loss: 0.1347 Acc: 0.93 | VAL Loss: 0.8966 Acc: 0.72 
Ep 83/100 | TR Loss: 0.1675 Acc: 0.94 | VAL Loss: 0.7242 Acc: 0.80 
Ep 84/100 | TR Loss: 0.1252 Acc: 0.95 | VAL Loss: 0.9179 Acc: 0.72 
Ep 85/100 | TR Loss: 0.1020 Acc: 0.96 | VAL Loss: 0.8928 Acc: 0.76 
Ep 86/100 | TR Loss: 0.0840 Acc: 0.96 | VAL Loss: 0.9203 Acc: 0.76 
Ep 87/100 | TR Loss: 0.1402 Acc: 0.95 | VAL Loss: 0.7943 Acc: 0.78 
Ep 88/100 | TR Loss: 0.1265 Acc: 0.95 | VAL Loss: 0.8509 Acc: 0.76 
Ep 89/100 | TR Loss: 0.0885 Acc: 0.96 | VAL Loss: 0.8472 Acc: 0.76 
Ep 90/100 | TR Loss: 0.0741 Acc: 0.97 | VAL Loss: 0.9030 Acc: 0.74 
Ep 91/100 | TR Loss: 0.0690 Acc: 0.97 | VAL Loss: 0.9162 Acc: 0.74 
Ep 92/100 | TR Loss: 0.1083 Acc: 0.95 | VAL Loss: 0.8578 Acc: 0.78 
Ep 93/100 | TR Loss: 0.1465 Acc: 0.94 | VAL Loss: 0.8129 Acc: 0.72 
Ep 94/100 | TR Loss: 0.1070 Acc: 0.96 | VAL Loss: 0.9278 Acc: 0.78 
Ep 95/100 | TR Loss: 0.1629 Acc: 0.94 | VAL Loss: 0.5606 Acc: 0.78 
Ep 96/100 | TR Loss: 0.3386 Acc: 0.89 | VAL Loss: 0.4172 Acc: 0.84 
Ep 97/100 | TR Loss: 0.3520 Acc: 0.87 | VAL Loss: 0.4488 Acc: 0.78 
Ep 98/100 | TR Loss: 0.2838 Acc: 0.90 | VAL Loss: 0.4438 Acc: 0.78 
Ep 99/100 | TR Loss: 0.2315 Acc: 0.91 | VAL Loss: 0.4231 Acc: 0.78 
Ep 100/100 | TR Loss: 0.2023 Acc: 0.93 | VAL Loss: 0.5708 Acc: 0.72 

==================================================
BEST MODEL TEST SET EVALUATION (MULTIPLE THRESHOLDS)
==================================================
Threshold  | Acc      | Prec     | Rec      | F1      
--------------------------------------------------
0.30       | 0.83     | 0.85     | 0.84     | 0.85     
0.40       | 0.83     | 0.88     | 0.80     | 0.84     
0.50       | 0.84     | 0.92     | 0.79     | 0.85     <-- (Arg)
0.60       | 0.84     | 0.98     | 0.73     | 0.84     
0.70       | 0.80     | 0.97     | 0.66     | 0.79     
==================================================

========================================
End    : Fri May 22 02:37:58 +03 2026
Output : output_classical/job_1094634
total 181K
-rw-r--r-- 1 aerturk23 hpcusers  36K May 22  2026 best_model.pth
-rw-r--r-- 1 aerturk23 hpcusers  364 May 22  2026 config.json
-rw-r--r-- 1 aerturk23 hpcusers  14K May 22 02:37 history.json
-rw-r--r-- 1 aerturk23 hpcusers  966 May 22 02:37 output.err
-rw-r--r-- 1 aerturk23 hpcusers 8.3K May 22 02:37 output.log
-rw-r--r-- 1 aerturk23 hpcusers 122K May 22  2026 training_metrics.png
========================================
