========================================
Job ID : 1094610
Start  : Fri May 22 01:59:28 +03 2026
GPU    : Tesla T4
========================================
--- Classical LSTM Script starting ---
[*] Configuration saved to: output_classical/job_1094610/config.json
========================================
MODEL                 : CLASSICAL LSTM
DATA SOURCE SELECTION : BACH
TRAINING SIZE         : 100
VALIDATION SIZE       : 50
TEST SIZE             : 100
WEIGHT DECAY          : 0.0001
DROPOUT RATE          : 0.2
CLASSIFICATION THRESHOLD : 0.5
BATCH SIZE            : 16
EMBED/HIDDEN DIMS     : 16 / 32
========================================

--- Preparing Dataset and Tokenization ---
[*] REAL DATASET SIZES -> Train: 100 | Val: 50 | Test: 100
--- Initializing Classical Model ---

--- Starting Classical LSTM Training (Epochs: 100) ---
Ep 01/100 | TR Loss: 0.6960 Acc: 0.47 | VAL Loss: 0.6839 Acc: 0.54 *(Best)*
Ep 02/100 | TR Loss: 0.6691 Acc: 0.56 | VAL Loss: 0.6133 Acc: 0.68 *(Best)*
Ep 03/100 | TR Loss: 0.6876 Acc: 0.70 | VAL Loss: 0.5214 Acc: 0.74 *(Best)*
Ep 04/100 | TR Loss: 0.5987 Acc: 0.75 | VAL Loss: 0.5616 Acc: 0.70 
Ep 05/100 | TR Loss: 0.6463 Acc: 0.73 | VAL Loss: 0.5228 Acc: 0.78 
Ep 06/100 | TR Loss: 0.5650 Acc: 0.74 | VAL Loss: 0.4982 Acc: 0.80 *(Best)*
Ep 07/100 | TR Loss: 0.5370 Acc: 0.75 | VAL Loss: 0.4835 Acc: 0.76 *(Best)*
Ep 08/100 | TR Loss: 0.5335 Acc: 0.76 | VAL Loss: 0.4664 Acc: 0.78 *(Best)*
Ep 09/100 | TR Loss: 0.5178 Acc: 0.77 | VAL Loss: 0.4756 Acc: 0.78 
Ep 10/100 | TR Loss: 0.4973 Acc: 0.79 | VAL Loss: 0.4972 Acc: 0.76 
Ep 11/100 | TR Loss: 0.4802 Acc: 0.79 | VAL Loss: 0.4594 Acc: 0.76 *(Best)*
Ep 12/100 | TR Loss: 0.5022 Acc: 0.79 | VAL Loss: 0.3677 Acc: 0.84 *(Best)*
Ep 13/100 | TR Loss: 0.4750 Acc: 0.79 | VAL Loss: 0.3682 Acc: 0.84 
Ep 14/100 | TR Loss: 0.5131 Acc: 0.79 | VAL Loss: 0.3780 Acc: 0.84 
Ep 15/100 | TR Loss: 0.4947 Acc: 0.80 | VAL Loss: 0.4887 Acc: 0.70 
Ep 16/100 | TR Loss: 0.4727 Acc: 0.84 | VAL Loss: 0.4569 Acc: 0.76 
Ep 17/100 | TR Loss: 0.4251 Acc: 0.82 | VAL Loss: 0.4796 Acc: 0.72 
Ep 18/100 | TR Loss: 0.3717 Acc: 0.86 | VAL Loss: 0.4375 Acc: 0.78 
Ep 19/100 | TR Loss: 0.4971 Acc: 0.83 | VAL Loss: 0.5662 Acc: 0.70 
Ep 20/100 | TR Loss: 0.4184 Acc: 0.84 | VAL Loss: 0.6004 Acc: 0.66 
Ep 21/100 | TR Loss: 0.5358 Acc: 0.80 | VAL Loss: 0.5906 Acc: 0.64 
Ep 22/100 | TR Loss: 0.4680 Acc: 0.80 | VAL Loss: 0.5404 Acc: 0.74 
Ep 23/100 | TR Loss: 0.5201 Acc: 0.82 | VAL Loss: 0.6027 Acc: 0.58 
Ep 24/100 | TR Loss: 0.4154 Acc: 0.83 | VAL Loss: 0.6071 Acc: 0.58 
Ep 25/100 | TR Loss: 0.4113 Acc: 0.84 | VAL Loss: 0.6207 Acc: 0.58 
Ep 26/100 | TR Loss: 0.4056 Acc: 0.84 | VAL Loss: 0.6293 Acc: 0.60 
Ep 27/100 | TR Loss: 0.3991 Acc: 0.84 | VAL Loss: 0.6096 Acc: 0.62 
Ep 28/100 | TR Loss: 0.4519 Acc: 0.84 | VAL Loss: 0.5856 Acc: 0.66 
Ep 29/100 | TR Loss: 0.3970 Acc: 0.84 | VAL Loss: 0.5684 Acc: 0.66 
Ep 30/100 | TR Loss: 0.4415 Acc: 0.84 | VAL Loss: 0.5420 Acc: 0.68 
Ep 31/100 | TR Loss: 0.3933 Acc: 0.86 | VAL Loss: 0.5226 Acc: 0.72 
Ep 32/100 | TR Loss: 0.3758 Acc: 0.85 | VAL Loss: 0.5394 Acc: 0.70 
Ep 33/100 | TR Loss: 0.5359 Acc: 0.84 | VAL Loss: 0.5394 Acc: 0.64 
Ep 34/100 | TR Loss: 0.3949 Acc: 0.84 | VAL Loss: 0.5729 Acc: 0.74 
Ep 35/100 | TR Loss: 0.4019 Acc: 0.82 | VAL Loss: 0.5870 Acc: 0.74 
Ep 36/100 | TR Loss: 0.4583 Acc: 0.82 | VAL Loss: 0.5563 Acc: 0.72 
Ep 37/100 | TR Loss: 0.3813 Acc: 0.83 | VAL Loss: 0.5541 Acc: 0.66 
Ep 38/100 | TR Loss: 0.3803 Acc: 0.86 | VAL Loss: 0.5781 Acc: 0.68 
Ep 39/100 | TR Loss: 0.3771 Acc: 0.85 | VAL Loss: 0.5910 Acc: 0.70 
Ep 40/100 | TR Loss: 0.3803 Acc: 0.85 | VAL Loss: 0.5618 Acc: 0.68 
Ep 41/100 | TR Loss: 0.4036 Acc: 0.85 | VAL Loss: 0.5565 Acc: 0.66 
Ep 42/100 | TR Loss: 0.3904 Acc: 0.84 | VAL Loss: 0.5766 Acc: 0.76 
Ep 43/100 | TR Loss: 0.3622 Acc: 0.85 | VAL Loss: 0.6185 Acc: 0.72 
Ep 44/100 | TR Loss: 0.3858 Acc: 0.82 | VAL Loss: 0.5720 Acc: 0.76 
Ep 45/100 | TR Loss: 0.4222 Acc: 0.83 | VAL Loss: 0.5503 Acc: 0.72 
Ep 46/100 | TR Loss: 0.4200 Acc: 0.87 | VAL Loss: 0.5066 Acc: 0.72 
Ep 47/100 | TR Loss: 0.4122 Acc: 0.86 | VAL Loss: 0.5171 Acc: 0.70 
Ep 48/100 | TR Loss: 0.3665 Acc: 0.85 | VAL Loss: 0.5163 Acc: 0.68 
Ep 49/100 | TR Loss: 0.3526 Acc: 0.87 | VAL Loss: 0.5516 Acc: 0.68 
Ep 50/100 | TR Loss: 0.3995 Acc: 0.87 | VAL Loss: 0.5567 Acc: 0.68 
Ep 51/100 | TR Loss: 0.3358 Acc: 0.87 | VAL Loss: 0.5624 Acc: 0.68 
Ep 52/100 | TR Loss: 0.3889 Acc: 0.87 | VAL Loss: 0.5665 Acc: 0.68 
Ep 53/100 | TR Loss: 0.3436 Acc: 0.87 | VAL Loss: 0.5783 Acc: 0.68 
Ep 54/100 | TR Loss: 0.3435 Acc: 0.87 | VAL Loss: 0.6025 Acc: 0.68 
Ep 55/100 | TR Loss: 0.3960 Acc: 0.87 | VAL Loss: 0.5956 Acc: 0.68 
Ep 56/100 | TR Loss: 0.4383 Acc: 0.87 | VAL Loss: 0.5588 Acc: 0.72 
Ep 57/100 | TR Loss: 0.4235 Acc: 0.86 | VAL Loss: 0.5307 Acc: 0.70 
Ep 58/100 | TR Loss: 0.3572 Acc: 0.87 | VAL Loss: 0.5370 Acc: 0.68 
Ep 59/100 | TR Loss: 0.4014 Acc: 0.88 | VAL Loss: 0.5089 Acc: 0.74 
Ep 60/100 | TR Loss: 0.4308 Acc: 0.89 | VAL Loss: 0.5146 Acc: 0.74 
Ep 61/100 | TR Loss: 0.3115 Acc: 0.89 | VAL Loss: 0.5142 Acc: 0.74 
Ep 62/100 | TR Loss: 0.3687 Acc: 0.89 | VAL Loss: 0.5275 Acc: 0.74 
Ep 63/100 | TR Loss: 0.3743 Acc: 0.89 | VAL Loss: 0.5246 Acc: 0.74 
Ep 64/100 | TR Loss: 0.3844 Acc: 0.89 | VAL Loss: 0.5289 Acc: 0.74 
Ep 65/100 | TR Loss: 0.3110 Acc: 0.89 | VAL Loss: 0.5256 Acc: 0.74 
Ep 66/100 | TR Loss: 0.3398 Acc: 0.89 | VAL Loss: 0.5347 Acc: 0.74 
Ep 67/100 | TR Loss: 0.3253 Acc: 0.89 | VAL Loss: 0.5690 Acc: 0.74 
Ep 68/100 | TR Loss: 0.3281 Acc: 0.89 | VAL Loss: 0.5380 Acc: 0.74 
Ep 69/100 | TR Loss: 0.3037 Acc: 0.89 | VAL Loss: 0.5357 Acc: 0.74 
Ep 70/100 | TR Loss: 0.3009 Acc: 0.89 | VAL Loss: 0.5103 Acc: 0.76 
Ep 71/100 | TR Loss: 0.3006 Acc: 0.89 | VAL Loss: 0.5105 Acc: 0.76 
Ep 72/100 | TR Loss: 0.3027 Acc: 0.89 | VAL Loss: 0.5151 Acc: 0.76 
Ep 73/100 | TR Loss: 0.3070 Acc: 0.89 | VAL Loss: 0.4995 Acc: 0.76 
Ep 74/100 | TR Loss: 0.2986 Acc: 0.89 | VAL Loss: 0.5029 Acc: 0.76 
Ep 75/100 | TR Loss: 0.3050 Acc: 0.89 | VAL Loss: 0.4946 Acc: 0.78 
Ep 76/100 | TR Loss: 0.2999 Acc: 0.89 | VAL Loss: 0.4943 Acc: 0.78 
Ep 77/100 | TR Loss: 0.3618 Acc: 0.88 | VAL Loss: 0.4950 Acc: 0.78 
Ep 78/100 | TR Loss: 0.3000 Acc: 0.87 | VAL Loss: 0.4846 Acc: 0.78 
Ep 79/100 | TR Loss: 0.4439 Acc: 0.87 | VAL Loss: 0.4855 Acc: 0.78 
Ep 80/100 | TR Loss: 0.3123 Acc: 0.88 | VAL Loss: 0.4681 Acc: 0.78 
Ep 81/100 | TR Loss: 0.3532 Acc: 0.88 | VAL Loss: 0.6026 Acc: 0.70 
Ep 82/100 | TR Loss: 0.3666 Acc: 0.87 | VAL Loss: 0.5712 Acc: 0.72 
Ep 83/100 | TR Loss: 0.4007 Acc: 0.85 | VAL Loss: 0.5602 Acc: 0.72 
Ep 84/100 | TR Loss: 0.3919 Acc: 0.86 | VAL Loss: 0.5103 Acc: 0.74 
Ep 85/100 | TR Loss: 0.5015 Acc: 0.85 | VAL Loss: 0.5113 Acc: 0.74 
Ep 86/100 | TR Loss: 0.3779 Acc: 0.87 | VAL Loss: 0.5192 Acc: 0.72 
Ep 87/100 | TR Loss: 0.4003 Acc: 0.87 | VAL Loss: 0.5123 Acc: 0.72 
Ep 88/100 | TR Loss: 0.3397 Acc: 0.87 | VAL Loss: 0.4932 Acc: 0.74 
Ep 89/100 | TR Loss: 0.3328 Acc: 0.87 | VAL Loss: 0.5129 Acc: 0.72 
Ep 90/100 | TR Loss: 0.3786 Acc: 0.87 | VAL Loss: 0.5249 Acc: 0.72 
Ep 91/100 | TR Loss: 0.3365 Acc: 0.87 | VAL Loss: 0.5268 Acc: 0.70 
Ep 92/100 | TR Loss: 0.3716 Acc: 0.88 | VAL Loss: 0.5350 Acc: 0.72 
Ep 93/100 | TR Loss: 0.3835 Acc: 0.89 | VAL Loss: 0.5398 Acc: 0.76 
Ep 94/100 | TR Loss: 0.3569 Acc: 0.89 | VAL Loss: 0.5261 Acc: 0.76 
Ep 95/100 | TR Loss: 0.3109 Acc: 0.89 | VAL Loss: 0.5171 Acc: 0.74 
Ep 96/100 | TR Loss: 0.4122 Acc: 0.89 | VAL Loss: 0.5207 Acc: 0.74 
Ep 97/100 | TR Loss: 0.3037 Acc: 0.89 | VAL Loss: 0.5153 Acc: 0.74 
Ep 98/100 | TR Loss: 0.3059 Acc: 0.89 | VAL Loss: 0.5245 Acc: 0.74 
Ep 99/100 | TR Loss: 0.3137 Acc: 0.89 | VAL Loss: 0.5256 Acc: 0.74 
Ep 100/100 | TR Loss: 0.3013 Acc: 0.89 | VAL Loss: 0.5261 Acc: 0.72 

==================================================
BEST MODEL TEST SET EVALUATION (MULTIPLE THRESHOLDS)
==================================================
Threshold  | Acc      | Prec     | Rec      | F1      
--------------------------------------------------
0.30       | 0.71     | 0.73     | 0.66     | 0.69     
0.40       | 0.72     | 0.75     | 0.66     | 0.70     
0.50       | 0.72     | 0.75     | 0.66     | 0.70     <-- (Arg)
0.60       | 0.72     | 0.75     | 0.66     | 0.70     
0.70       | 0.73     | 0.77     | 0.66     | 0.71     
==================================================

========================================
End    : Fri May 22 01:59:41 +03 2026
Output : output_classical/job_1094610
total 175K
-rw-r--r-- 1 aerturk23 hpcusers  34K May 22  2026 best_model.pth
-rw-r--r-- 1 aerturk23 hpcusers  365 May 22  2026 config.json
-rw-r--r-- 1 aerturk23 hpcusers  14K May 22 01:59 history.json
-rw-r--r-- 1 aerturk23 hpcusers  966 May 22  2026 output.err
-rw-r--r-- 1 aerturk23 hpcusers 8.3K May 22 01:59 output.log
-rw-r--r-- 1 aerturk23 hpcusers 118K May 22 01:59 training_metrics.png
========================================
