========================================
Job ID : 1094724
Start  : Fri May 22 03:33:06 +03 2026
GPU    : Tesla T4
========================================
--- Classical LSTM Script starting ---
[*] Configuration saved to: output_classical/job_1094724/config.json
========================================
MODEL                 : CLASSICAL LSTM
DATA SOURCE SELECTION : SST2
TRAINING SIZE         : 100
VALIDATION SIZE       : 50
TEST SIZE             : 100
WEIGHT DECAY          : 0.0001
DROPOUT RATE          : 0.2
CLASSIFICATION THRESHOLD : 0.5
BATCH SIZE            : 16
EMBED/HIDDEN DIMS     : 16 / 32
========================================

--- Preparing Dataset and Tokenization ---
[*] REAL DATASET SIZES -> Train: 100 | Val: 50 | Test: 100
--- Initializing Classical Model ---

--- Starting Classical LSTM Training (Epochs: 100) ---
Ep 01/100 | TR Loss: 0.6805 Acc: 0.57 | VAL Loss: 0.7434 Acc: 0.54 *(Best)*
Ep 02/100 | TR Loss: 0.6293 Acc: 0.63 | VAL Loss: 0.8919 Acc: 0.54 
Ep 03/100 | TR Loss: 0.5761 Acc: 0.65 | VAL Loss: 0.8866 Acc: 0.58 
Ep 04/100 | TR Loss: 0.5372 Acc: 0.76 | VAL Loss: 0.9295 Acc: 0.58 
Ep 05/100 | TR Loss: 0.3764 Acc: 0.80 | VAL Loss: 1.7966 Acc: 0.62 
Ep 06/100 | TR Loss: 0.3064 Acc: 0.83 | VAL Loss: 2.0127 Acc: 0.58 
Ep 07/100 | TR Loss: 0.1692 Acc: 0.93 | VAL Loss: 2.2671 Acc: 0.64 
Ep 08/100 | TR Loss: 0.1018 Acc: 0.97 | VAL Loss: 2.6374 Acc: 0.64 
Ep 09/100 | TR Loss: 0.0204 Acc: 1.00 | VAL Loss: 2.9499 Acc: 0.64 
Ep 10/100 | TR Loss: 0.0067 Acc: 1.00 | VAL Loss: 3.2042 Acc: 0.62 
Ep 11/100 | TR Loss: 0.0020 Acc: 1.00 | VAL Loss: 3.4702 Acc: 0.56 
Ep 12/100 | TR Loss: 0.0012 Acc: 1.00 | VAL Loss: 3.6600 Acc: 0.52 
Ep 13/100 | TR Loss: 0.0009 Acc: 1.00 | VAL Loss: 3.7651 Acc: 0.50 
Ep 14/100 | TR Loss: 0.0008 Acc: 1.00 | VAL Loss: 3.8280 Acc: 0.50 
Ep 15/100 | TR Loss: 0.0008 Acc: 1.00 | VAL Loss: 3.8629 Acc: 0.50 
Ep 16/100 | TR Loss: 0.0007 Acc: 1.00 | VAL Loss: 3.8865 Acc: 0.48 
Ep 17/100 | TR Loss: 0.0007 Acc: 1.00 | VAL Loss: 3.8965 Acc: 0.48 
Ep 18/100 | TR Loss: 0.0006 Acc: 1.00 | VAL Loss: 3.9017 Acc: 0.46 
Ep 19/100 | TR Loss: 0.0006 Acc: 1.00 | VAL Loss: 3.9015 Acc: 0.48 
Ep 20/100 | TR Loss: 0.0006 Acc: 1.00 | VAL Loss: 3.9018 Acc: 0.50 
Ep 21/100 | TR Loss: 0.0006 Acc: 1.00 | VAL Loss: 3.9022 Acc: 0.48 
Ep 22/100 | TR Loss: 0.0006 Acc: 1.00 | VAL Loss: 3.9032 Acc: 0.46 
Ep 23/100 | TR Loss: 0.0006 Acc: 1.00 | VAL Loss: 3.9052 Acc: 0.46 
Ep 24/100 | TR Loss: 0.0006 Acc: 1.00 | VAL Loss: 3.9077 Acc: 0.46 
Ep 25/100 | TR Loss: 0.0006 Acc: 1.00 | VAL Loss: 3.9101 Acc: 0.46 
Ep 26/100 | TR Loss: 0.0006 Acc: 1.00 | VAL Loss: 3.9137 Acc: 0.48 
Ep 27/100 | TR Loss: 0.0006 Acc: 1.00 | VAL Loss: 3.9184 Acc: 0.48 
Ep 28/100 | TR Loss: 0.0006 Acc: 1.00 | VAL Loss: 3.9236 Acc: 0.48 
Ep 29/100 | TR Loss: 0.0007 Acc: 1.00 | VAL Loss: 3.9280 Acc: 0.50 
Ep 30/100 | TR Loss: 0.0006 Acc: 1.00 | VAL Loss: 3.9432 Acc: 0.48 
Ep 31/100 | TR Loss: 0.0006 Acc: 1.00 | VAL Loss: 3.9598 Acc: 0.48 
Ep 32/100 | TR Loss: 0.0006 Acc: 1.00 | VAL Loss: 3.9740 Acc: 0.48 
Ep 33/100 | TR Loss: 0.0006 Acc: 1.00 | VAL Loss: 3.9889 Acc: 0.48 
Ep 34/100 | TR Loss: 0.0006 Acc: 1.00 | VAL Loss: 3.9974 Acc: 0.46 
Ep 35/100 | TR Loss: 0.0006 Acc: 1.00 | VAL Loss: 4.0090 Acc: 0.46 
Ep 36/100 | TR Loss: 0.0006 Acc: 1.00 | VAL Loss: 4.0192 Acc: 0.44 
Ep 37/100 | TR Loss: 0.0006 Acc: 1.00 | VAL Loss: 4.0281 Acc: 0.44 
Ep 38/100 | TR Loss: 0.0006 Acc: 1.00 | VAL Loss: 4.0393 Acc: 0.42 
Ep 39/100 | TR Loss: 0.0005 Acc: 1.00 | VAL Loss: 4.0433 Acc: 0.42 
Ep 40/100 | TR Loss: 0.0005 Acc: 1.00 | VAL Loss: 4.0520 Acc: 0.42 
Ep 41/100 | TR Loss: 0.0005 Acc: 1.00 | VAL Loss: 4.0654 Acc: 0.42 
Ep 42/100 | TR Loss: 0.0005 Acc: 1.00 | VAL Loss: 4.0735 Acc: 0.42 
Ep 43/100 | TR Loss: 0.0005 Acc: 1.00 | VAL Loss: 4.0815 Acc: 0.42 
Ep 44/100 | TR Loss: 0.0005 Acc: 1.00 | VAL Loss: 4.0788 Acc: 0.42 
Ep 45/100 | TR Loss: 0.0005 Acc: 1.00 | VAL Loss: 4.0790 Acc: 0.40 
Ep 46/100 | TR Loss: 0.0005 Acc: 1.00 | VAL Loss: 4.0763 Acc: 0.42 
Ep 47/100 | TR Loss: 0.0005 Acc: 1.00 | VAL Loss: 4.0724 Acc: 0.42 
Ep 48/100 | TR Loss: 0.0004 Acc: 1.00 | VAL Loss: 4.0685 Acc: 0.42 
Ep 49/100 | TR Loss: 0.0004 Acc: 1.00 | VAL Loss: 4.0728 Acc: 0.42 
Ep 50/100 | TR Loss: 0.0005 Acc: 1.00 | VAL Loss: 4.0632 Acc: 0.42 
Ep 51/100 | TR Loss: 0.0004 Acc: 1.00 | VAL Loss: 4.0566 Acc: 0.44 
Ep 52/100 | TR Loss: 0.0004 Acc: 1.00 | VAL Loss: 4.0494 Acc: 0.44 
Ep 53/100 | TR Loss: 0.0004 Acc: 1.00 | VAL Loss: 4.0539 Acc: 0.44 
Ep 54/100 | TR Loss: 0.0004 Acc: 1.00 | VAL Loss: 4.0463 Acc: 0.44 
Ep 55/100 | TR Loss: 0.0004 Acc: 1.00 | VAL Loss: 4.0285 Acc: 0.44 
Ep 56/100 | TR Loss: 0.0004 Acc: 1.00 | VAL Loss: 4.0238 Acc: 0.44 
Ep 57/100 | TR Loss: 0.0004 Acc: 1.00 | VAL Loss: 4.0090 Acc: 0.44 
Ep 58/100 | TR Loss: 0.0004 Acc: 1.00 | VAL Loss: 4.0090 Acc: 0.46 
Ep 59/100 | TR Loss: 0.0004 Acc: 1.00 | VAL Loss: 4.0124 Acc: 0.46 
Ep 60/100 | TR Loss: 0.0004 Acc: 1.00 | VAL Loss: 4.0446 Acc: 0.46 
Ep 61/100 | TR Loss: 0.0004 Acc: 1.00 | VAL Loss: 4.0549 Acc: 0.48 
Ep 62/100 | TR Loss: 0.0004 Acc: 1.00 | VAL Loss: 4.0848 Acc: 0.48 
Ep 63/100 | TR Loss: 0.0003 Acc: 1.00 | VAL Loss: 4.0925 Acc: 0.48 
Ep 64/100 | TR Loss: 0.0003 Acc: 1.00 | VAL Loss: 4.0744 Acc: 0.48 
Ep 65/100 | TR Loss: 0.0003 Acc: 1.00 | VAL Loss: 4.0566 Acc: 0.46 
Ep 66/100 | TR Loss: 0.0004 Acc: 1.00 | VAL Loss: 4.0436 Acc: 0.48 
Ep 67/100 | TR Loss: 0.0003 Acc: 1.00 | VAL Loss: 4.0735 Acc: 0.46 
Ep 68/100 | TR Loss: 0.0003 Acc: 1.00 | VAL Loss: 4.0737 Acc: 0.46 
Ep 69/100 | TR Loss: 0.0003 Acc: 1.00 | VAL Loss: 4.0730 Acc: 0.46 
Ep 70/100 | TR Loss: 0.0003 Acc: 1.00 | VAL Loss: 4.0200 Acc: 0.46 
Ep 71/100 | TR Loss: 0.0003 Acc: 1.00 | VAL Loss: 4.0278 Acc: 0.46 
Ep 72/100 | TR Loss: 0.0003 Acc: 1.00 | VAL Loss: 4.0600 Acc: 0.46 
Ep 73/100 | TR Loss: 0.0003 Acc: 1.00 | VAL Loss: 4.1152 Acc: 0.46 
Ep 74/100 | TR Loss: 0.0003 Acc: 1.00 | VAL Loss: 4.1230 Acc: 0.46 
Ep 75/100 | TR Loss: 0.0003 Acc: 1.00 | VAL Loss: 4.0725 Acc: 0.46 
Ep 76/100 | TR Loss: 0.0003 Acc: 1.00 | VAL Loss: 4.0611 Acc: 0.46 
Ep 77/100 | TR Loss: 0.0003 Acc: 1.00 | VAL Loss: 4.0459 Acc: 0.46 
Ep 78/100 | TR Loss: 0.0003 Acc: 1.00 | VAL Loss: 4.0317 Acc: 0.46 
Ep 79/100 | TR Loss: 0.0003 Acc: 1.00 | VAL Loss: 4.0659 Acc: 0.46 
Ep 80/100 | TR Loss: 0.0003 Acc: 1.00 | VAL Loss: 4.0733 Acc: 0.46 
Ep 81/100 | TR Loss: 0.0003 Acc: 1.00 | VAL Loss: 4.0663 Acc: 0.46 
Ep 82/100 | TR Loss: 0.0003 Acc: 1.00 | VAL Loss: 4.0623 Acc: 0.46 
Ep 83/100 | TR Loss: 0.0003 Acc: 1.00 | VAL Loss: 4.0390 Acc: 0.46 
Ep 84/100 | TR Loss: 0.0003 Acc: 1.00 | VAL Loss: 4.0283 Acc: 0.46 
Ep 85/100 | TR Loss: 0.0003 Acc: 1.00 | VAL Loss: 4.0266 Acc: 0.46 
Ep 86/100 | TR Loss: 0.0003 Acc: 1.00 | VAL Loss: 4.0070 Acc: 0.46 
Ep 87/100 | TR Loss: 0.0003 Acc: 1.00 | VAL Loss: 3.9967 Acc: 0.46 
Ep 88/100 | TR Loss: 0.0003 Acc: 1.00 | VAL Loss: 4.0495 Acc: 0.46 
Ep 89/100 | TR Loss: 0.0003 Acc: 1.00 | VAL Loss: 4.0425 Acc: 0.46 
Ep 90/100 | TR Loss: 0.0003 Acc: 1.00 | VAL Loss: 4.1040 Acc: 0.46 
Ep 91/100 | TR Loss: 0.0003 Acc: 1.00 | VAL Loss: 4.0755 Acc: 0.46 
Ep 92/100 | TR Loss: 0.0002 Acc: 1.00 | VAL Loss: 4.0527 Acc: 0.46 
Ep 93/100 | TR Loss: 0.0002 Acc: 1.00 | VAL Loss: 4.0043 Acc: 0.46 
Ep 94/100 | TR Loss: 0.0002 Acc: 1.00 | VAL Loss: 3.9789 Acc: 0.46 
Ep 95/100 | TR Loss: 0.0002 Acc: 1.00 | VAL Loss: 3.9526 Acc: 0.46 
Ep 96/100 | TR Loss: 0.0003 Acc: 1.00 | VAL Loss: 3.9564 Acc: 0.46 
Ep 97/100 | TR Loss: 0.0003 Acc: 1.00 | VAL Loss: 3.9247 Acc: 0.46 
Ep 98/100 | TR Loss: 0.0002 Acc: 1.00 | VAL Loss: 3.9688 Acc: 0.46 
Ep 99/100 | TR Loss: 0.0002 Acc: 1.00 | VAL Loss: 4.0155 Acc: 0.46 
Ep 100/100 | TR Loss: 0.0003 Acc: 1.00 | VAL Loss: 4.0111 Acc: 0.46 

==================================================
BEST MODEL TEST SET EVALUATION (MULTIPLE THRESHOLDS)
==================================================
Threshold  | Acc      | Prec     | Rec      | F1      
--------------------------------------------------
0.30       | 0.58     | 0.58     | 1.00     | 0.73     
0.40       | 0.58     | 0.58     | 1.00     | 0.73     
0.50       | 0.58     | 0.58     | 1.00     | 0.73     <-- (Arg)
0.60       | 0.35     | 0.38     | 0.19     | 0.25     
0.70       | 0.42     | 0.00     | 0.00     | 0.00     
==================================================

========================================
End    : Fri May 22 03:33:28 +03 2026
Output : output_classical/job_1094724
total 139K
-rw-r--r-- 1 aerturk23 hpcusers  58K May 22 03:33 best_model.pth
-rw-r--r-- 1 aerturk23 hpcusers  364 May 22  2026 config.json
-rw-r--r-- 1 aerturk23 hpcusers  13K May 22  2026 history.json
-rw-r--r-- 1 aerturk23 hpcusers  966 May 22 03:33 output.err
-rw-r--r-- 1 aerturk23 hpcusers 8.2K May 22 03:33 output.log
-rw-r--r-- 1 aerturk23 hpcusers  58K May 22  2026 training_metrics.png
========================================
