========================================
Job ID : 1094650
Start  : Fri May 22 02:44:20 +03 2026
GPU    : Tesla T4
========================================
--- Quantum QNLP Script starting ---
[*] Configuration saved to: output_qnlp/job_1094650/config.json
========================================
DATA SOURCE SELECTION : SST2
TRAINING SIZE         : 10
VALIDATION SIZE       : 50
TEST SIZE             : 100
WEIGHT DECAY          : 0.0001
CLASSIFICATION THRESHOLD : 0.5
QUANTUM LAYERS        : 1
========================================

--- Preparing Dataset ---
Generating DisCoCat grammar diagrams...
Generating quantum circuits (IQP Ansatz)...

--- Starting Quantum Model Training (Epochs: 100) ---
Ep 01/100 | TR Loss: 0.6780 Acc: 0.70 | VAL Loss: 1.8834 Acc: 0.32 *(Best)*
Ep 02/100 | TR Loss: 0.2124 Acc: 1.00 | VAL Loss: 1.8310 Acc: 0.40 *(Best)*
Ep 03/100 | TR Loss: 0.0760 Acc: 1.00 | VAL Loss: 1.8235 Acc: 0.34 *(Best)*
Ep 04/100 | TR Loss: 0.1142 Acc: 1.00 | VAL Loss: 1.8792 Acc: 0.32 
Ep 05/100 | TR Loss: 0.2192 Acc: 0.90 | VAL Loss: 1.7862 Acc: 0.42 *(Best)*
Ep 06/100 | TR Loss: 0.3647 Acc: 0.80 | VAL Loss: 1.9576 Acc: 0.30 
Ep 07/100 | TR Loss: 0.1212 Acc: 1.00 | VAL Loss: 1.8596 Acc: 0.32 
Ep 08/100 | TR Loss: 0.1372 Acc: 1.00 | VAL Loss: 1.8649 Acc: 0.34 
Ep 09/100 | TR Loss: 0.1370 Acc: 1.00 | VAL Loss: 2.0217 Acc: 0.28 
Ep 10/100 | TR Loss: 0.1124 Acc: 1.00 | VAL Loss: 2.0055 Acc: 0.32 
Ep 11/100 | TR Loss: 0.1017 Acc: 1.00 | VAL Loss: 1.9761 Acc: 0.32 
Ep 12/100 | TR Loss: 0.1086 Acc: 1.00 | VAL Loss: 2.0061 Acc: 0.32 
Ep 13/100 | TR Loss: 0.1013 Acc: 1.00 | VAL Loss: 1.9979 Acc: 0.32 
Ep 14/100 | TR Loss: 0.0858 Acc: 1.00 | VAL Loss: 1.9967 Acc: 0.32 
Ep 15/100 | TR Loss: 0.0712 Acc: 1.00 | VAL Loss: 2.0006 Acc: 0.30 
Ep 16/100 | TR Loss: 0.0549 Acc: 1.00 | VAL Loss: 1.9597 Acc: 0.30 
Ep 17/100 | TR Loss: 0.0439 Acc: 1.00 | VAL Loss: 1.9187 Acc: 0.28 
Ep 18/100 | TR Loss: 0.0284 Acc: 1.00 | VAL Loss: 1.8783 Acc: 0.30 
Ep 19/100 | TR Loss: 0.0411 Acc: 1.00 | VAL Loss: 1.8660 Acc: 0.36 
Ep 20/100 | TR Loss: 0.2996 Acc: 0.80 | VAL Loss: 1.9331 Acc: 0.32 
Ep 21/100 | TR Loss: 0.5322 Acc: 0.90 | VAL Loss: 2.0317 Acc: 0.30 
Ep 22/100 | TR Loss: 0.0559 Acc: 1.00 | VAL Loss: 1.8371 Acc: 0.30 
Ep 23/100 | TR Loss: 0.1306 Acc: 1.00 | VAL Loss: 2.1214 Acc: 0.28 
Ep 24/100 | TR Loss: 0.0347 Acc: 1.00 | VAL Loss: 1.8702 Acc: 0.38 
Ep 25/100 | TR Loss: 0.1813 Acc: 0.80 | VAL Loss: 2.1354 Acc: 0.32 
Ep 26/100 | TR Loss: 0.1179 Acc: 1.00 | VAL Loss: 2.0959 Acc: 0.30 
Ep 27/100 | TR Loss: 0.1305 Acc: 0.90 | VAL Loss: 2.0211 Acc: 0.32 
Ep 28/100 | TR Loss: 0.0516 Acc: 1.00 | VAL Loss: 1.9454 Acc: 0.30 
Ep 29/100 | TR Loss: 0.0703 Acc: 1.00 | VAL Loss: 1.9601 Acc: 0.30 
Ep 30/100 | TR Loss: 0.0750 Acc: 1.00 | VAL Loss: 1.9862 Acc: 0.32 
Ep 31/100 | TR Loss: 0.0745 Acc: 1.00 | VAL Loss: 1.9821 Acc: 0.32 
Ep 32/100 | TR Loss: 0.0753 Acc: 1.00 | VAL Loss: 1.9684 Acc: 0.30 
Ep 33/100 | TR Loss: 0.0729 Acc: 1.00 | VAL Loss: 1.9568 Acc: 0.30 
Ep 34/100 | TR Loss: 0.0729 Acc: 1.00 | VAL Loss: 1.9573 Acc: 0.30 
Ep 35/100 | TR Loss: 0.0732 Acc: 1.00 | VAL Loss: 1.9677 Acc: 0.30 
Ep 36/100 | TR Loss: 0.0732 Acc: 1.00 | VAL Loss: 1.9798 Acc: 0.32 
Ep 37/100 | TR Loss: 0.0733 Acc: 1.00 | VAL Loss: 1.9846 Acc: 0.30 
Ep 38/100 | TR Loss: 0.0719 Acc: 1.00 | VAL Loss: 1.9861 Acc: 0.30 
Ep 39/100 | TR Loss: 0.0713 Acc: 1.00 | VAL Loss: 2.0064 Acc: 0.26 
Ep 40/100 | TR Loss: 0.0603 Acc: 1.00 | VAL Loss: 1.9782 Acc: 0.30 
Ep 41/100 | TR Loss: 0.1696 Acc: 0.90 | VAL Loss: 2.0899 Acc: 0.32 
Ep 42/100 | TR Loss: 0.1192 Acc: 1.00 | VAL Loss: 1.9070 Acc: 0.32 
Ep 43/100 | TR Loss: 0.2605 Acc: 0.80 | VAL Loss: 2.0633 Acc: 0.38 
Ep 44/100 | TR Loss: 0.1055 Acc: 0.90 | VAL Loss: 1.7920 Acc: 0.32 
Ep 45/100 | TR Loss: 0.1752 Acc: 0.80 | VAL Loss: 2.1188 Acc: 0.28 
Ep 46/100 | TR Loss: 0.0359 Acc: 1.00 | VAL Loss: 1.8248 Acc: 0.32 
Ep 47/100 | TR Loss: 0.0811 Acc: 1.00 | VAL Loss: 1.8418 Acc: 0.36 
Ep 48/100 | TR Loss: 0.0691 Acc: 1.00 | VAL Loss: 1.9023 Acc: 0.30 
Ep 49/100 | TR Loss: 0.0544 Acc: 1.00 | VAL Loss: 1.8827 Acc: 0.32 
Ep 50/100 | TR Loss: 0.0485 Acc: 1.00 | VAL Loss: 1.8574 Acc: 0.34 
Ep 51/100 | TR Loss: 0.0504 Acc: 1.00 | VAL Loss: 1.8392 Acc: 0.36 
Ep 52/100 | TR Loss: 0.0441 Acc: 1.00 | VAL Loss: 1.8282 Acc: 0.36 
Ep 53/100 | TR Loss: 0.0424 Acc: 1.00 | VAL Loss: 1.8541 Acc: 0.34 
Ep 54/100 | TR Loss: 0.0678 Acc: 1.00 | VAL Loss: 1.9060 Acc: 0.32 
Ep 55/100 | TR Loss: 0.0528 Acc: 1.00 | VAL Loss: 1.8866 Acc: 0.34 
Ep 56/100 | TR Loss: 0.0451 Acc: 1.00 | VAL Loss: 1.8582 Acc: 0.38 
Ep 57/100 | TR Loss: 0.0401 Acc: 1.00 | VAL Loss: 1.8467 Acc: 0.38 
Ep 58/100 | TR Loss: 0.0317 Acc: 1.00 | VAL Loss: 1.8074 Acc: 0.40 
Ep 59/100 | TR Loss: 0.0303 Acc: 1.00 | VAL Loss: 1.8549 Acc: 0.36 
Ep 60/100 | TR Loss: 0.0429 Acc: 1.00 | VAL Loss: 1.7451 Acc: 0.40 *(Best)*
Ep 61/100 | TR Loss: 0.2448 Acc: 0.90 | VAL Loss: 1.8606 Acc: 0.36 
Ep 62/100 | TR Loss: 0.0924 Acc: 1.00 | VAL Loss: 1.7345 Acc: 0.40 *(Best)*
Ep 63/100 | TR Loss: 0.2734 Acc: 0.80 | VAL Loss: 2.1214 Acc: 0.30 
Ep 64/100 | TR Loss: 0.1242 Acc: 0.90 | VAL Loss: 1.8091 Acc: 0.36 
Ep 65/100 | TR Loss: 0.7064 Acc: 0.80 | VAL Loss: 1.8744 Acc: 0.30 
Ep 66/100 | TR Loss: 0.3621 Acc: 0.70 | VAL Loss: 2.0557 Acc: 0.30 
Ep 67/100 | TR Loss: 0.1082 Acc: 1.00 | VAL Loss: 1.7982 Acc: 0.38 
Ep 68/100 | TR Loss: 0.1462 Acc: 1.00 | VAL Loss: 2.0951 Acc: 0.30 
Ep 69/100 | TR Loss: 0.1429 Acc: 1.00 | VAL Loss: 2.0869 Acc: 0.32 
Ep 70/100 | TR Loss: 0.1344 Acc: 1.00 | VAL Loss: 2.0575 Acc: 0.32 
Ep 71/100 | TR Loss: 0.1397 Acc: 1.00 | VAL Loss: 2.0322 Acc: 0.30 
Ep 72/100 | TR Loss: 0.1506 Acc: 1.00 | VAL Loss: 2.0123 Acc: 0.30 
Ep 73/100 | TR Loss: 0.1392 Acc: 1.00 | VAL Loss: 2.0036 Acc: 0.32 
Ep 74/100 | TR Loss: 0.1148 Acc: 1.00 | VAL Loss: 1.9939 Acc: 0.32 
Ep 75/100 | TR Loss: 0.0927 Acc: 1.00 | VAL Loss: 1.9800 Acc: 0.30 
Ep 76/100 | TR Loss: 0.0757 Acc: 1.00 | VAL Loss: 1.9617 Acc: 0.34 
Ep 77/100 | TR Loss: 0.0710 Acc: 1.00 | VAL Loss: 1.9492 Acc: 0.34 
Ep 78/100 | TR Loss: 0.0684 Acc: 1.00 | VAL Loss: 1.9692 Acc: 0.38 
Ep 79/100 | TR Loss: 0.0650 Acc: 1.00 | VAL Loss: 1.9221 Acc: 0.40 
Ep 80/100 | TR Loss: 0.0607 Acc: 1.00 | VAL Loss: 1.8777 Acc: 0.38 
Ep 81/100 | TR Loss: 0.0537 Acc: 1.00 | VAL Loss: 1.8765 Acc: 0.38 
Ep 82/100 | TR Loss: 0.0589 Acc: 1.00 | VAL Loss: 1.8345 Acc: 0.40 
Ep 83/100 | TR Loss: 0.0494 Acc: 1.00 | VAL Loss: 1.8343 Acc: 0.38 
Ep 84/100 | TR Loss: 0.0660 Acc: 1.00 | VAL Loss: 1.8252 Acc: 0.34 
Ep 85/100 | TR Loss: 0.0249 Acc: 1.00 | VAL Loss: 1.8591 Acc: 0.38 
Ep 86/100 | TR Loss: 0.0593 Acc: 1.00 | VAL Loss: 1.8078 Acc: 0.36 
Ep 87/100 | TR Loss: 0.0266 Acc: 1.00 | VAL Loss: 1.8523 Acc: 0.30 
Ep 88/100 | TR Loss: 0.0257 Acc: 1.00 | VAL Loss: 1.9666 Acc: 0.32 
Ep 89/100 | TR Loss: 0.0236 Acc: 1.00 | VAL Loss: 1.9640 Acc: 0.32 
Ep 90/100 | TR Loss: 0.0165 Acc: 1.00 | VAL Loss: 1.8953 Acc: 0.32 
Ep 91/100 | TR Loss: 0.0112 Acc: 1.00 | VAL Loss: 1.8313 Acc: 0.32 
Ep 92/100 | TR Loss: 0.0106 Acc: 1.00 | VAL Loss: 1.8047 Acc: 0.34 
Ep 93/100 | TR Loss: 0.0072 Acc: 1.00 | VAL Loss: 1.8059 Acc: 0.38 
Ep 94/100 | TR Loss: 0.0088 Acc: 1.00 | VAL Loss: 1.8107 Acc: 0.40 
Ep 95/100 | TR Loss: 0.0161 Acc: 1.00 | VAL Loss: 1.7865 Acc: 0.42 
Ep 96/100 | TR Loss: 0.0320 Acc: 1.00 | VAL Loss: 1.8055 Acc: 0.42 
Ep 97/100 | TR Loss: 0.0117 Acc: 1.00 | VAL Loss: 1.7992 Acc: 0.42 
Ep 98/100 | TR Loss: 0.0154 Acc: 1.00 | VAL Loss: 1.7789 Acc: 0.42 
Ep 99/100 | TR Loss: 0.0083 Acc: 1.00 | VAL Loss: 1.7773 Acc: 0.42 
Ep 100/100 | TR Loss: 0.0111 Acc: 1.00 | VAL Loss: 1.8033 Acc: 0.42 
[*] Training plots saved to: output_qnlp/job_1094650/training_metrics.png

==================================================
BEST MODEL TEST SET EVALUATION (MULTIPLE THRESHOLDS)
==================================================
Threshold  | Acc      | Prec     | Rec      | F1      
--------------------------------------------------
0.30       | 0.56     | 0.65     | 0.59     | 0.62     
0.40       | 0.55     | 0.67     | 0.52     | 0.59     
0.50       | 0.55     | 0.71     | 0.44     | 0.55     <-- (Arg)
0.60       | 0.49     | 0.66     | 0.34     | 0.45     
0.70       | 0.45     | 0.62     | 0.26     | 0.37     
==================================================

========================================
End    : Fri May 22 02:45:42 +03 2026
Output : output_qnlp/job_1094650
total 219K
-rw-r--r-- 1 aerturk23 hpcusers  93K May 22  2026 best_model.pth
-rw-r--r-- 1 aerturk23 hpcusers  290 May 22 02:44 config.json
-rw-r--r-- 1 aerturk23 hpcusers  13K May 22 02:45 history.json
-rw-r--r-- 1 aerturk23 hpcusers  966 May 22 02:44 output.err
-rw-r--r-- 1 aerturk23 hpcusers 8.2K May 22 02:44 output.log
-rw-r--r-- 1 aerturk23 hpcusers 104K May 22  2026 training_metrics.png
========================================
