========================================
Job ID : 1094602
Start  : Fri May 22 00:57:27 +03 2026
GPU    : Tesla T4
========================================
--- Classical LSTM Script starting ---
[*] Configuration saved to: output_classical/job_1094602/config.json
========================================
MODEL                 : CLASSICAL LSTM
DATA SOURCE SELECTION : BACH
TRAINING SIZE         : 100
VALIDATION SIZE       : 50
TEST SIZE             : 100
WEIGHT DECAY          : 0.0001
DROPOUT RATE          : 0.2
CLASSIFICATION THRESHOLD : 0.5
BATCH SIZE            : 16
EMBED/HIDDEN DIMS     : 16 / 32
========================================

--- Preparing Dataset and Tokenization ---
[*] REAL DATASET SIZES -> Train: 100 | Val: 50 | Test: 100
--- Initializing Classical Model ---

--- Starting Classical LSTM Training (Epochs: 100) ---
Ep 01/100 | TR Loss: 0.6921 Acc: 0.51 | VAL Loss: 0.6835 Acc: 0.58 *(Best)*
Ep 02/100 | TR Loss: 0.6752 Acc: 0.57 | VAL Loss: 0.6392 Acc: 0.58 *(Best)*
Ep 03/100 | TR Loss: 0.5162 Acc: 0.73 | VAL Loss: 0.5580 Acc: 0.78 *(Best)*
Ep 04/100 | TR Loss: 0.4833 Acc: 0.82 | VAL Loss: 0.6837 Acc: 0.74 
Ep 05/100 | TR Loss: 0.4655 Acc: 0.81 | VAL Loss: 0.7406 Acc: 0.68 
Ep 06/100 | TR Loss: 0.5650 Acc: 0.80 | VAL Loss: 0.6398 Acc: 0.70 
Ep 07/100 | TR Loss: 0.5151 Acc: 0.75 | VAL Loss: 0.6323 Acc: 0.68 
Ep 08/100 | TR Loss: 0.4316 Acc: 0.81 | VAL Loss: 0.7279 Acc: 0.64 
Ep 09/100 | TR Loss: 0.4318 Acc: 0.81 | VAL Loss: 0.7885 Acc: 0.64 
Ep 10/100 | TR Loss: 0.4345 Acc: 0.81 | VAL Loss: 0.7840 Acc: 0.66 
Ep 11/100 | TR Loss: 0.4053 Acc: 0.82 | VAL Loss: 0.7693 Acc: 0.66 
Ep 12/100 | TR Loss: 0.3876 Acc: 0.85 | VAL Loss: 0.7688 Acc: 0.66 
Ep 13/100 | TR Loss: 0.3882 Acc: 0.86 | VAL Loss: 0.7328 Acc: 0.70 
Ep 14/100 | TR Loss: 0.4839 Acc: 0.82 | VAL Loss: 0.8233 Acc: 0.60 
Ep 15/100 | TR Loss: 0.3631 Acc: 0.86 | VAL Loss: 0.7234 Acc: 0.70 
Ep 16/100 | TR Loss: 0.3940 Acc: 0.85 | VAL Loss: 0.7232 Acc: 0.70 
Ep 17/100 | TR Loss: 0.3220 Acc: 0.88 | VAL Loss: 0.7503 Acc: 0.70 
Ep 18/100 | TR Loss: 0.3744 Acc: 0.87 | VAL Loss: 0.7180 Acc: 0.70 
Ep 19/100 | TR Loss: 0.2907 Acc: 0.88 | VAL Loss: 0.7152 Acc: 0.68 
Ep 20/100 | TR Loss: 0.3329 Acc: 0.89 | VAL Loss: 0.7181 Acc: 0.68 
Ep 21/100 | TR Loss: 0.3294 Acc: 0.90 | VAL Loss: 0.7310 Acc: 0.70 
Ep 22/100 | TR Loss: 0.2739 Acc: 0.91 | VAL Loss: 0.7186 Acc: 0.70 
Ep 23/100 | TR Loss: 0.2512 Acc: 0.91 | VAL Loss: 0.7800 Acc: 0.70 
Ep 24/100 | TR Loss: 0.2666 Acc: 0.90 | VAL Loss: 0.7748 Acc: 0.70 
Ep 25/100 | TR Loss: 0.2594 Acc: 0.91 | VAL Loss: 0.7298 Acc: 0.72 
Ep 26/100 | TR Loss: 0.3482 Acc: 0.90 | VAL Loss: 0.8012 Acc: 0.72 
Ep 27/100 | TR Loss: 0.2444 Acc: 0.91 | VAL Loss: 0.7348 Acc: 0.70 
Ep 28/100 | TR Loss: 0.2414 Acc: 0.91 | VAL Loss: 0.6773 Acc: 0.72 
Ep 29/100 | TR Loss: 0.2334 Acc: 0.91 | VAL Loss: 0.6802 Acc: 0.72 
Ep 30/100 | TR Loss: 0.2177 Acc: 0.91 | VAL Loss: 0.7062 Acc: 0.72 
Ep 31/100 | TR Loss: 0.2038 Acc: 0.91 | VAL Loss: 0.7144 Acc: 0.72 
Ep 32/100 | TR Loss: 0.2037 Acc: 0.91 | VAL Loss: 0.7526 Acc: 0.72 
Ep 33/100 | TR Loss: 0.2262 Acc: 0.91 | VAL Loss: 0.7457 Acc: 0.72 
Ep 34/100 | TR Loss: 0.3227 Acc: 0.91 | VAL Loss: 0.8062 Acc: 0.74 
Ep 35/100 | TR Loss: 0.2415 Acc: 0.91 | VAL Loss: 0.6942 Acc: 0.74 
Ep 36/100 | TR Loss: 0.2265 Acc: 0.91 | VAL Loss: 0.7218 Acc: 0.74 
Ep 37/100 | TR Loss: 0.2281 Acc: 0.91 | VAL Loss: 0.7091 Acc: 0.74 
Ep 38/100 | TR Loss: 0.3050 Acc: 0.91 | VAL Loss: 0.7749 Acc: 0.74 
Ep 39/100 | TR Loss: 0.2050 Acc: 0.91 | VAL Loss: 0.6792 Acc: 0.74 
Ep 40/100 | TR Loss: 0.2641 Acc: 0.91 | VAL Loss: 0.6653 Acc: 0.74 
Ep 41/100 | TR Loss: 0.2252 Acc: 0.87 | VAL Loss: 0.6308 Acc: 0.76 
Ep 42/100 | TR Loss: 0.3277 Acc: 0.91 | VAL Loss: 0.6582 Acc: 0.70 
Ep 43/100 | TR Loss: 0.2267 Acc: 0.91 | VAL Loss: 0.7052 Acc: 0.74 
Ep 44/100 | TR Loss: 0.2639 Acc: 0.91 | VAL Loss: 0.7838 Acc: 0.74 
Ep 45/100 | TR Loss: 0.2106 Acc: 0.91 | VAL Loss: 0.7093 Acc: 0.78 
Ep 46/100 | TR Loss: 0.2161 Acc: 0.91 | VAL Loss: 0.6918 Acc: 0.74 
Ep 47/100 | TR Loss: 0.1831 Acc: 0.91 | VAL Loss: 0.7161 Acc: 0.72 
Ep 48/100 | TR Loss: 0.1774 Acc: 0.92 | VAL Loss: 0.7436 Acc: 0.72 
Ep 49/100 | TR Loss: 0.1887 Acc: 0.92 | VAL Loss: 0.7657 Acc: 0.72 
Ep 50/100 | TR Loss: 0.1840 Acc: 0.92 | VAL Loss: 0.7457 Acc: 0.72 
Ep 51/100 | TR Loss: 0.2778 Acc: 0.91 | VAL Loss: 0.7496 Acc: 0.74 
Ep 52/100 | TR Loss: 0.2144 Acc: 0.91 | VAL Loss: 0.6933 Acc: 0.72 
Ep 53/100 | TR Loss: 0.1958 Acc: 0.90 | VAL Loss: 0.6751 Acc: 0.72 
Ep 54/100 | TR Loss: 0.1829 Acc: 0.91 | VAL Loss: 0.7063 Acc: 0.74 
Ep 55/100 | TR Loss: 0.1817 Acc: 0.91 | VAL Loss: 0.8114 Acc: 0.72 
Ep 56/100 | TR Loss: 0.1886 Acc: 0.91 | VAL Loss: 1.0628 Acc: 0.64 
Ep 57/100 | TR Loss: 0.2226 Acc: 0.90 | VAL Loss: 0.8099 Acc: 0.72 
Ep 58/100 | TR Loss: 0.3002 Acc: 0.89 | VAL Loss: 0.9321 Acc: 0.66 
Ep 59/100 | TR Loss: 0.4768 Acc: 0.80 | VAL Loss: 1.0673 Acc: 0.56 
Ep 60/100 | TR Loss: 0.6051 Acc: 0.68 | VAL Loss: 0.6794 Acc: 0.60 
Ep 61/100 | TR Loss: 0.4966 Acc: 0.80 | VAL Loss: 0.7574 Acc: 0.64 
Ep 62/100 | TR Loss: 0.4318 Acc: 0.83 | VAL Loss: 0.8144 Acc: 0.68 
Ep 63/100 | TR Loss: 0.4373 Acc: 0.82 | VAL Loss: 0.9191 Acc: 0.66 
Ep 64/100 | TR Loss: 0.6495 Acc: 0.79 | VAL Loss: 0.8054 Acc: 0.68 
Ep 65/100 | TR Loss: 0.3782 Acc: 0.83 | VAL Loss: 0.7365 Acc: 0.70 
Ep 66/100 | TR Loss: 0.5250 Acc: 0.80 | VAL Loss: 0.6836 Acc: 0.70 
Ep 67/100 | TR Loss: 0.4901 Acc: 0.80 | VAL Loss: 0.6958 Acc: 0.70 
Ep 68/100 | TR Loss: 0.4024 Acc: 0.77 | VAL Loss: 0.6039 Acc: 0.70 
Ep 69/100 | TR Loss: 0.4427 Acc: 0.80 | VAL Loss: 0.6618 Acc: 0.66 
Ep 70/100 | TR Loss: 0.4037 Acc: 0.76 | VAL Loss: 0.6139 Acc: 0.70 
Ep 71/100 | TR Loss: 0.4484 Acc: 0.77 | VAL Loss: 0.6645 Acc: 0.66 
Ep 72/100 | TR Loss: 0.4069 Acc: 0.78 | VAL Loss: 0.6368 Acc: 0.68 
Ep 73/100 | TR Loss: 0.4271 Acc: 0.80 | VAL Loss: 0.6505 Acc: 0.68 
Ep 74/100 | TR Loss: 0.4384 Acc: 0.79 | VAL Loss: 0.7456 Acc: 0.68 
Ep 75/100 | TR Loss: 0.4390 Acc: 0.79 | VAL Loss: 0.7512 Acc: 0.66 
Ep 76/100 | TR Loss: 0.4502 Acc: 0.79 | VAL Loss: 0.7579 Acc: 0.66 
Ep 77/100 | TR Loss: 0.4400 Acc: 0.79 | VAL Loss: 0.7496 Acc: 0.70 
Ep 78/100 | TR Loss: 0.3968 Acc: 0.81 | VAL Loss: 0.7597 Acc: 0.70 
Ep 79/100 | TR Loss: 0.3825 Acc: 0.81 | VAL Loss: 0.7783 Acc: 0.70 
Ep 80/100 | TR Loss: 0.3995 Acc: 0.81 | VAL Loss: 0.8586 Acc: 0.70 
Ep 81/100 | TR Loss: 0.3619 Acc: 0.81 | VAL Loss: 0.9323 Acc: 0.70 
Ep 82/100 | TR Loss: 0.3584 Acc: 0.81 | VAL Loss: 0.9468 Acc: 0.68 
Ep 83/100 | TR Loss: 0.3441 Acc: 0.81 | VAL Loss: 0.9403 Acc: 0.68 
Ep 84/100 | TR Loss: 0.3409 Acc: 0.81 | VAL Loss: 0.9452 Acc: 0.68 
Ep 85/100 | TR Loss: 0.3757 Acc: 0.83 | VAL Loss: 0.9356 Acc: 0.66 
Ep 86/100 | TR Loss: 0.2907 Acc: 0.88 | VAL Loss: 0.9797 Acc: 0.64 
Ep 87/100 | TR Loss: 0.3558 Acc: 0.88 | VAL Loss: 1.0342 Acc: 0.62 
Ep 88/100 | TR Loss: 0.3873 Acc: 0.88 | VAL Loss: 1.0584 Acc: 0.62 
Ep 89/100 | TR Loss: 0.3345 Acc: 0.88 | VAL Loss: 1.0710 Acc: 0.62 
Ep 90/100 | TR Loss: 0.3125 Acc: 0.88 | VAL Loss: 1.0838 Acc: 0.62 
Ep 91/100 | TR Loss: 0.2896 Acc: 0.88 | VAL Loss: 1.1052 Acc: 0.62 
Ep 92/100 | TR Loss: 0.3413 Acc: 0.88 | VAL Loss: 1.1250 Acc: 0.62 
Ep 93/100 | TR Loss: 0.3964 Acc: 0.88 | VAL Loss: 1.1275 Acc: 0.62 
Ep 94/100 | TR Loss: 0.2865 Acc: 0.88 | VAL Loss: 1.1045 Acc: 0.62 
Ep 95/100 | TR Loss: 0.2964 Acc: 0.88 | VAL Loss: 1.1009 Acc: 0.62 
Ep 96/100 | TR Loss: 0.3244 Acc: 0.88 | VAL Loss: 1.1124 Acc: 0.62 
Ep 97/100 | TR Loss: 0.3424 Acc: 0.88 | VAL Loss: 1.1140 Acc: 0.62 
Ep 98/100 | TR Loss: 0.2842 Acc: 0.88 | VAL Loss: 1.1153 Acc: 0.62 
Ep 99/100 | TR Loss: 0.2784 Acc: 0.88 | VAL Loss: 1.1070 Acc: 0.62 
Ep 100/100 | TR Loss: 0.2840 Acc: 0.88 | VAL Loss: 1.1127 Acc: 0.62 

==================================================
BEST MODEL TEST SET EVALUATION (MULTIPLE THRESHOLDS)
==================================================
Threshold  | Acc      | Prec     | Rec      | F1      
--------------------------------------------------
0.30       | 0.49     | 0.49     | 1.00     | 0.66     
0.40       | 0.76     | 0.84     | 0.63     | 0.72     
0.50       | 0.76     | 0.86     | 0.61     | 0.71     <-- (Arg)
0.60       | 0.76     | 0.86     | 0.61     | 0.71     
0.70       | 0.76     | 0.86     | 0.61     | 0.71     
==================================================

========================================
End    : Fri May 22 00:57:38 +03 2026
Output : output_classical/job_1094602
total 170K
-rw-r--r-- 1 aerturk23 hpcusers  34K May 22  2026 best_model.pth
-rw-r--r-- 1 aerturk23 hpcusers  363 May 22 00:57 config.json
-rw-r--r-- 1 aerturk23 hpcusers  14K May 22  2026 history.json
-rw-r--r-- 1 aerturk23 hpcusers  966 May 22 00:57 output.err
-rw-r--r-- 1 aerturk23 hpcusers 8.2K May 22 00:57 output.log
-rw-r--r-- 1 aerturk23 hpcusers 112K May 22 00:57 training_metrics.png
========================================
