========================================
Job ID : 1094714
Start  : Fri May 22 03:11:05 +03 2026
GPU    : Tesla T4
========================================
--- Quantum QNLP Script starting ---
[*] Configuration saved to: output_qnlp/job_1094714/config.json
========================================
DATA SOURCE SELECTION : SST2
TRAINING SIZE         : 50
VALIDATION SIZE       : 50
TEST SIZE             : 100
WEIGHT DECAY          : 0.0001
CLASSIFICATION THRESHOLD : 0.5
QUANTUM LAYERS        : 2
========================================

--- Preparing Dataset ---
Generating DisCoCat grammar diagrams...
Generating quantum circuits (IQP Ansatz)...

--- Starting Quantum Model Training (Epochs: 100) ---
Ep 01/100 | TR Loss: 0.7311 Acc: 0.52 | VAL Loss: 0.9394 Acc: 0.50 *(Best)*
Ep 02/100 | TR Loss: 0.6398 Acc: 0.60 | VAL Loss: 0.8446 Acc: 0.52 *(Best)*
Ep 03/100 | TR Loss: 0.4802 Acc: 0.68 | VAL Loss: 0.9054 Acc: 0.50 
Ep 04/100 | TR Loss: 0.4993 Acc: 0.78 | VAL Loss: 0.9817 Acc: 0.52 
Ep 05/100 | TR Loss: 0.3203 Acc: 0.88 | VAL Loss: 1.0418 Acc: 0.48 
Ep 06/100 | TR Loss: 0.3233 Acc: 0.90 | VAL Loss: 1.0524 Acc: 0.54 
Ep 07/100 | TR Loss: 0.3867 Acc: 0.86 | VAL Loss: 1.0109 Acc: 0.42 
Ep 08/100 | TR Loss: 0.2526 Acc: 0.94 | VAL Loss: 1.1212 Acc: 0.54 
Ep 09/100 | TR Loss: 0.2409 Acc: 0.94 | VAL Loss: 0.9552 Acc: 0.48 
Ep 10/100 | TR Loss: 0.2137 Acc: 0.94 | VAL Loss: 0.8853 Acc: 0.52 
Ep 11/100 | TR Loss: 0.1722 Acc: 0.94 | VAL Loss: 0.8783 Acc: 0.54 
Ep 12/100 | TR Loss: 0.1450 Acc: 0.96 | VAL Loss: 0.9456 Acc: 0.50 
Ep 13/100 | TR Loss: 0.1182 Acc: 0.96 | VAL Loss: 0.9416 Acc: 0.50 
Ep 14/100 | TR Loss: 0.1307 Acc: 0.96 | VAL Loss: 0.9629 Acc: 0.52 
Ep 15/100 | TR Loss: 0.1157 Acc: 0.98 | VAL Loss: 0.9984 Acc: 0.50 
Ep 16/100 | TR Loss: 0.1169 Acc: 0.96 | VAL Loss: 1.0367 Acc: 0.56 
Ep 17/100 | TR Loss: 0.1191 Acc: 0.96 | VAL Loss: 1.0473 Acc: 0.54 
Ep 18/100 | TR Loss: 0.1049 Acc: 0.98 | VAL Loss: 1.0718 Acc: 0.54 
Ep 19/100 | TR Loss: 0.0922 Acc: 1.00 | VAL Loss: 1.0841 Acc: 0.48 
Ep 20/100 | TR Loss: 0.0757 Acc: 1.00 | VAL Loss: 1.0581 Acc: 0.48 
Ep 21/100 | TR Loss: 0.0629 Acc: 1.00 | VAL Loss: 1.0364 Acc: 0.52 
Ep 22/100 | TR Loss: 0.0724 Acc: 1.00 | VAL Loss: 1.0643 Acc: 0.48 
Ep 23/100 | TR Loss: 0.0540 Acc: 1.00 | VAL Loss: 1.0616 Acc: 0.50 
Ep 24/100 | TR Loss: 0.0765 Acc: 0.98 | VAL Loss: 1.1267 Acc: 0.52 
Ep 25/100 | TR Loss: 0.0632 Acc: 0.98 | VAL Loss: 1.1114 Acc: 0.48 
Ep 26/100 | TR Loss: 0.0778 Acc: 0.98 | VAL Loss: 1.2021 Acc: 0.54 
Ep 27/100 | TR Loss: 0.0692 Acc: 1.00 | VAL Loss: 1.1403 Acc: 0.50 
Ep 28/100 | TR Loss: 0.0619 Acc: 1.00 | VAL Loss: 1.1060 Acc: 0.52 
Ep 29/100 | TR Loss: 0.1978 Acc: 0.92 | VAL Loss: 1.0401 Acc: 0.50 
Ep 30/100 | TR Loss: 0.1576 Acc: 0.96 | VAL Loss: 1.1060 Acc: 0.54 
Ep 31/100 | TR Loss: 0.1417 Acc: 0.92 | VAL Loss: 1.1123 Acc: 0.50 
Ep 32/100 | TR Loss: 0.0751 Acc: 0.98 | VAL Loss: 1.1426 Acc: 0.50 
Ep 33/100 | TR Loss: 0.0811 Acc: 0.98 | VAL Loss: 1.1416 Acc: 0.46 
Ep 34/100 | TR Loss: 0.0845 Acc: 0.96 | VAL Loss: 1.1647 Acc: 0.48 
Ep 35/100 | TR Loss: 0.0953 Acc: 0.98 | VAL Loss: 1.1798 Acc: 0.48 
Ep 36/100 | TR Loss: 0.1178 Acc: 0.94 | VAL Loss: 1.1391 Acc: 0.42 
Ep 37/100 | TR Loss: 0.1052 Acc: 0.98 | VAL Loss: 1.2218 Acc: 0.50 
Ep 38/100 | TR Loss: 0.0923 Acc: 0.96 | VAL Loss: 1.1122 Acc: 0.46 
Ep 39/100 | TR Loss: 0.0801 Acc: 0.98 | VAL Loss: 1.1241 Acc: 0.52 
Ep 40/100 | TR Loss: 0.0772 Acc: 1.00 | VAL Loss: 1.1107 Acc: 0.44 
Ep 41/100 | TR Loss: 0.0664 Acc: 1.00 | VAL Loss: 1.1344 Acc: 0.46 
Ep 42/100 | TR Loss: 0.0627 Acc: 1.00 | VAL Loss: 1.1597 Acc: 0.48 
Ep 43/100 | TR Loss: 0.0529 Acc: 1.00 | VAL Loss: 1.1678 Acc: 0.44 
Ep 44/100 | TR Loss: 0.0503 Acc: 1.00 | VAL Loss: 1.1574 Acc: 0.48 
Ep 45/100 | TR Loss: 0.0629 Acc: 1.00 | VAL Loss: 1.1396 Acc: 0.50 
Ep 46/100 | TR Loss: 0.0940 Acc: 0.94 | VAL Loss: 1.1186 Acc: 0.44 
Ep 47/100 | TR Loss: 0.1823 Acc: 0.96 | VAL Loss: 1.0648 Acc: 0.44 
Ep 48/100 | TR Loss: 0.0625 Acc: 1.00 | VAL Loss: 1.0944 Acc: 0.50 
Ep 49/100 | TR Loss: 0.1773 Acc: 0.96 | VAL Loss: 1.0774 Acc: 0.46 
Ep 50/100 | TR Loss: 0.1969 Acc: 0.94 | VAL Loss: 1.0683 Acc: 0.48 
Ep 51/100 | TR Loss: 0.1423 Acc: 0.96 | VAL Loss: 1.1211 Acc: 0.50 
Ep 52/100 | TR Loss: 0.1205 Acc: 0.98 | VAL Loss: 1.0394 Acc: 0.50 
Ep 53/100 | TR Loss: 0.1147 Acc: 0.96 | VAL Loss: 1.1011 Acc: 0.48 
Ep 54/100 | TR Loss: 0.2768 Acc: 0.90 | VAL Loss: 1.1494 Acc: 0.52 
Ep 55/100 | TR Loss: 0.1552 Acc: 0.98 | VAL Loss: 0.9840 Acc: 0.48 
Ep 56/100 | TR Loss: 0.1043 Acc: 0.94 | VAL Loss: 0.9498 Acc: 0.44 
Ep 57/100 | TR Loss: 0.0883 Acc: 1.00 | VAL Loss: 0.9723 Acc: 0.46 
Ep 58/100 | TR Loss: 0.0878 Acc: 1.00 | VAL Loss: 0.9803 Acc: 0.46 
Ep 59/100 | TR Loss: 0.0731 Acc: 1.00 | VAL Loss: 0.9771 Acc: 0.46 
Ep 60/100 | TR Loss: 0.0614 Acc: 0.98 | VAL Loss: 0.9597 Acc: 0.46 
Ep 61/100 | TR Loss: 0.0569 Acc: 0.98 | VAL Loss: 0.9471 Acc: 0.44 
Ep 62/100 | TR Loss: 0.0546 Acc: 0.98 | VAL Loss: 0.9523 Acc: 0.44 
Ep 63/100 | TR Loss: 0.0518 Acc: 0.98 | VAL Loss: 0.9706 Acc: 0.42 
Ep 64/100 | TR Loss: 0.0437 Acc: 1.00 | VAL Loss: 0.9865 Acc: 0.42 
Ep 65/100 | TR Loss: 0.0333 Acc: 1.00 | VAL Loss: 1.0007 Acc: 0.44 
Ep 66/100 | TR Loss: 0.0284 Acc: 1.00 | VAL Loss: 1.0106 Acc: 0.42 
Ep 67/100 | TR Loss: 0.0325 Acc: 1.00 | VAL Loss: 1.0149 Acc: 0.42 
Ep 68/100 | TR Loss: 0.0325 Acc: 1.00 | VAL Loss: 1.0038 Acc: 0.44 
Ep 69/100 | TR Loss: 0.0312 Acc: 1.00 | VAL Loss: 1.0029 Acc: 0.46 
Ep 70/100 | TR Loss: 0.0269 Acc: 1.00 | VAL Loss: 1.0048 Acc: 0.46 
Ep 71/100 | TR Loss: 0.0233 Acc: 1.00 | VAL Loss: 0.9997 Acc: 0.46 
Ep 72/100 | TR Loss: 0.0217 Acc: 1.00 | VAL Loss: 0.9864 Acc: 0.46 
Ep 73/100 | TR Loss: 0.0201 Acc: 1.00 | VAL Loss: 0.9770 Acc: 0.44 
Ep 74/100 | TR Loss: 0.0173 Acc: 1.00 | VAL Loss: 0.9721 Acc: 0.44 
Ep 75/100 | TR Loss: 0.0168 Acc: 1.00 | VAL Loss: 0.9677 Acc: 0.46 
Ep 76/100 | TR Loss: 0.0201 Acc: 1.00 | VAL Loss: 0.9675 Acc: 0.44 
Ep 77/100 | TR Loss: 0.0174 Acc: 1.00 | VAL Loss: 0.9677 Acc: 0.48 
Ep 78/100 | TR Loss: 0.0116 Acc: 1.00 | VAL Loss: 0.9636 Acc: 0.46 
Ep 79/100 | TR Loss: 0.0116 Acc: 1.00 | VAL Loss: 0.9579 Acc: 0.46 
Ep 80/100 | TR Loss: 0.0154 Acc: 1.00 | VAL Loss: 0.9563 Acc: 0.48 
Ep 81/100 | TR Loss: 0.0251 Acc: 1.00 | VAL Loss: 0.9712 Acc: 0.46 
Ep 82/100 | TR Loss: 0.0568 Acc: 0.98 | VAL Loss: 1.0119 Acc: 0.48 
Ep 83/100 | TR Loss: 0.1190 Acc: 0.94 | VAL Loss: 1.0707 Acc: 0.46 
Ep 84/100 | TR Loss: 0.1089 Acc: 0.96 | VAL Loss: 1.0294 Acc: 0.50 
Ep 85/100 | TR Loss: 0.0743 Acc: 0.98 | VAL Loss: 1.0218 Acc: 0.50 
Ep 86/100 | TR Loss: 0.0385 Acc: 0.98 | VAL Loss: 0.9685 Acc: 0.46 
Ep 87/100 | TR Loss: 0.0284 Acc: 1.00 | VAL Loss: 0.9719 Acc: 0.46 
Ep 88/100 | TR Loss: 0.0284 Acc: 1.00 | VAL Loss: 0.9669 Acc: 0.46 
Ep 89/100 | TR Loss: 0.0184 Acc: 1.00 | VAL Loss: 0.9758 Acc: 0.44 
Ep 90/100 | TR Loss: 0.0146 Acc: 1.00 | VAL Loss: 1.0030 Acc: 0.42 
Ep 91/100 | TR Loss: 0.0141 Acc: 1.00 | VAL Loss: 1.0144 Acc: 0.42 
Ep 92/100 | TR Loss: 0.0116 Acc: 1.00 | VAL Loss: 1.0144 Acc: 0.46 
Ep 93/100 | TR Loss: 0.0091 Acc: 1.00 | VAL Loss: 1.0061 Acc: 0.42 
Ep 94/100 | TR Loss: 0.0088 Acc: 1.00 | VAL Loss: 1.0014 Acc: 0.44 
Ep 95/100 | TR Loss: 0.0090 Acc: 1.00 | VAL Loss: 1.0058 Acc: 0.44 
Ep 96/100 | TR Loss: 0.0088 Acc: 1.00 | VAL Loss: 1.0077 Acc: 0.44 
Ep 97/100 | TR Loss: 0.0079 Acc: 1.00 | VAL Loss: 1.0172 Acc: 0.44 
Ep 98/100 | TR Loss: 0.0079 Acc: 1.00 | VAL Loss: 1.0207 Acc: 0.44 
Ep 99/100 | TR Loss: 0.0078 Acc: 1.00 | VAL Loss: 1.0239 Acc: 0.44 
Ep 100/100 | TR Loss: 0.0087 Acc: 1.00 | VAL Loss: 1.0228 Acc: 0.44 
[*] Training plots saved to: output_qnlp/job_1094714/training_metrics.png

==================================================
BEST MODEL TEST SET EVALUATION (MULTIPLE THRESHOLDS)
==================================================
Threshold  | Acc      | Prec     | Rec      | F1      
--------------------------------------------------
0.30       | 0.63     | 0.67     | 0.86     | 0.75     
0.40       | 0.57     | 0.65     | 0.72     | 0.69     
0.50       | 0.50     | 0.65     | 0.49     | 0.56     <-- (Arg)
0.60       | 0.48     | 0.72     | 0.32     | 0.45     
0.70       | 0.44     | 0.76     | 0.20     | 0.32     
==================================================

========================================
End    : Fri May 22 03:13:57 +03 2026
Output : output_qnlp/job_1094714
total 338K
-rw-r--r-- 1 aerturk23 hpcusers 217K May 22 03:12 best_model.pth
-rw-r--r-- 1 aerturk23 hpcusers  292 May 22 03:11 config.json
-rw-r--r-- 1 aerturk23 hpcusers  13K May 22 03:13 history.json
-rw-r--r-- 1 aerturk23 hpcusers  966 May 22 03:12 output.err
-rw-r--r-- 1 aerturk23 hpcusers 8.2K May 22  2026 output.log
-rw-r--r-- 1 aerturk23 hpcusers  98K May 22 03:13 training_metrics.png
========================================
