========================================
Job ID : 1094760
Start  : Fri May 22 06:06:11 +03 2026
GPU    : Tesla T4
========================================
--- Quantum QNLP Script starting ---
[*] Configuration saved to: output_qnlp/job_1094760/config.json
========================================
DATA SOURCE SELECTION : SST2
TRAINING SIZE         : 500
VALIDATION SIZE       : 50
TEST SIZE             : 100
WEIGHT DECAY          : 0.0001
CLASSIFICATION THRESHOLD : 0.5
QUANTUM LAYERS        : 2
========================================

--- Preparing Dataset ---
Generating DisCoCat grammar diagrams...
Generating quantum circuits (IQP Ansatz)...

--- Starting Quantum Model Training (Epochs: 100) ---
Ep 01/100 | TR Loss: 0.7911 Acc: 0.53 | VAL Loss: 0.9670 Acc: 0.42 *(Best)*
Ep 02/100 | TR Loss: 0.6848 Acc: 0.61 | VAL Loss: 0.8802 Acc: 0.62 *(Best)*
Ep 03/100 | TR Loss: 0.6219 Acc: 0.69 | VAL Loss: 0.8139 Acc: 0.50 *(Best)*
Ep 04/100 | TR Loss: 0.5585 Acc: 0.73 | VAL Loss: 0.7788 Acc: 0.58 *(Best)*
Ep 05/100 | TR Loss: 0.5312 Acc: 0.74 | VAL Loss: 0.8160 Acc: 0.54 
Ep 06/100 | TR Loss: 0.4573 Acc: 0.77 | VAL Loss: 0.9288 Acc: 0.52 
Ep 07/100 | TR Loss: 0.4548 Acc: 0.78 | VAL Loss: 0.8038 Acc: 0.48 
Ep 08/100 | TR Loss: 0.4053 Acc: 0.80 | VAL Loss: 0.8466 Acc: 0.52 
Ep 09/100 | TR Loss: 0.3826 Acc: 0.85 | VAL Loss: 0.9232 Acc: 0.52 
Ep 10/100 | TR Loss: 0.4666 Acc: 0.78 | VAL Loss: 0.8545 Acc: 0.56 
Ep 11/100 | TR Loss: 0.4124 Acc: 0.80 | VAL Loss: 0.7831 Acc: 0.58 
Ep 12/100 | TR Loss: 0.3910 Acc: 0.83 | VAL Loss: 0.8267 Acc: 0.54 
Ep 13/100 | TR Loss: 0.4048 Acc: 0.83 | VAL Loss: 0.8264 Acc: 0.56 
Ep 14/100 | TR Loss: 0.3632 Acc: 0.87 | VAL Loss: 0.8217 Acc: 0.56 
Ep 15/100 | TR Loss: 0.3521 Acc: 0.85 | VAL Loss: 0.8309 Acc: 0.52 
Ep 16/100 | TR Loss: 0.3309 Acc: 0.86 | VAL Loss: 0.8037 Acc: 0.58 
Ep 17/100 | TR Loss: 0.3434 Acc: 0.84 | VAL Loss: 0.8673 Acc: 0.56 
Ep 18/100 | TR Loss: 0.2969 Acc: 0.87 | VAL Loss: 0.8554 Acc: 0.56 
Ep 19/100 | TR Loss: 0.4076 Acc: 0.79 | VAL Loss: 0.7732 Acc: 0.64 *(Best)*
Ep 20/100 | TR Loss: 0.4001 Acc: 0.83 | VAL Loss: 0.7745 Acc: 0.54 
Ep 21/100 | TR Loss: 0.3207 Acc: 0.84 | VAL Loss: 0.8509 Acc: 0.52 
Ep 22/100 | TR Loss: 0.3254 Acc: 0.86 | VAL Loss: 0.8318 Acc: 0.60 
Ep 23/100 | TR Loss: 0.3643 Acc: 0.83 | VAL Loss: 0.7478 Acc: 0.62 *(Best)*
Ep 24/100 | TR Loss: 0.3695 Acc: 0.84 | VAL Loss: 0.8559 Acc: 0.48 
Ep 25/100 | TR Loss: 0.3759 Acc: 0.84 | VAL Loss: 0.7263 Acc: 0.60 *(Best)*
Ep 26/100 | TR Loss: 0.3420 Acc: 0.83 | VAL Loss: 0.6343 Acc: 0.62 *(Best)*
Ep 27/100 | TR Loss: 0.3963 Acc: 0.79 | VAL Loss: 0.7852 Acc: 0.60 
Ep 28/100 | TR Loss: 0.3927 Acc: 0.84 | VAL Loss: 0.6974 Acc: 0.58 
Ep 29/100 | TR Loss: 0.3582 Acc: 0.82 | VAL Loss: 0.7512 Acc: 0.60 
Ep 30/100 | TR Loss: 0.3766 Acc: 0.82 | VAL Loss: 0.9065 Acc: 0.58 
Ep 31/100 | TR Loss: 0.3805 Acc: 0.82 | VAL Loss: 0.9041 Acc: 0.56 
Ep 32/100 | TR Loss: 0.3863 Acc: 0.82 | VAL Loss: 0.6670 Acc: 0.58 
Ep 33/100 | TR Loss: 0.3452 Acc: 0.84 | VAL Loss: 0.7996 Acc: 0.56 
Ep 34/100 | TR Loss: 0.3593 Acc: 0.83 | VAL Loss: 0.8970 Acc: 0.54 
Ep 35/100 | TR Loss: 0.3884 Acc: 0.85 | VAL Loss: 0.9017 Acc: 0.56 
Ep 36/100 | TR Loss: 0.3852 Acc: 0.85 | VAL Loss: 0.8741 Acc: 0.52 
Ep 37/100 | TR Loss: 0.3686 Acc: 0.85 | VAL Loss: 0.9027 Acc: 0.50 
Ep 38/100 | TR Loss: 0.3456 Acc: 0.86 | VAL Loss: 0.9510 Acc: 0.50 
Ep 39/100 | TR Loss: 0.3418 Acc: 0.85 | VAL Loss: 0.9638 Acc: 0.50 
Ep 40/100 | TR Loss: 0.3123 Acc: 0.86 | VAL Loss: 0.9727 Acc: 0.48 
Ep 41/100 | TR Loss: 0.3273 Acc: 0.88 | VAL Loss: 0.9462 Acc: 0.50 
Ep 42/100 | TR Loss: 0.2907 Acc: 0.90 | VAL Loss: 0.8698 Acc: 0.50 
Ep 43/100 | TR Loss: 0.3457 Acc: 0.84 | VAL Loss: 0.8012 Acc: 0.58 
Ep 44/100 | TR Loss: 0.3173 Acc: 0.86 | VAL Loss: 0.9439 Acc: 0.40 
Ep 45/100 | TR Loss: 0.2979 Acc: 0.88 | VAL Loss: 0.8667 Acc: 0.56 
Ep 46/100 | TR Loss: 0.2738 Acc: 0.90 | VAL Loss: 0.9401 Acc: 0.50 
Ep 47/100 | TR Loss: 0.3049 Acc: 0.87 | VAL Loss: 0.9091 Acc: 0.56 
Ep 48/100 | TR Loss: 0.3280 Acc: 0.85 | VAL Loss: 0.9605 Acc: 0.50 
Ep 49/100 | TR Loss: 0.3391 Acc: 0.84 | VAL Loss: 0.8570 Acc: 0.56 
Ep 50/100 | TR Loss: 0.3062 Acc: 0.87 | VAL Loss: 0.8354 Acc: 0.58 
Ep 51/100 | TR Loss: 0.2882 Acc: 0.88 | VAL Loss: 0.8021 Acc: 0.62 
Ep 52/100 | TR Loss: 0.2522 Acc: 0.90 | VAL Loss: 0.7471 Acc: 0.60 
Ep 53/100 | TR Loss: 0.2756 Acc: 0.90 | VAL Loss: 0.8041 Acc: 0.58 
Ep 54/100 | TR Loss: 0.2471 Acc: 0.90 | VAL Loss: 0.7897 Acc: 0.58 
Ep 55/100 | TR Loss: 0.2851 Acc: 0.90 | VAL Loss: 0.9495 Acc: 0.58 
Ep 56/100 | TR Loss: 0.2470 Acc: 0.91 | VAL Loss: 1.0114 Acc: 0.56 
Ep 57/100 | TR Loss: 0.2861 Acc: 0.88 | VAL Loss: 0.8114 Acc: 0.54 
Ep 58/100 | TR Loss: 0.3401 Acc: 0.84 | VAL Loss: 0.8586 Acc: 0.64 
Ep 59/100 | TR Loss: 0.2948 Acc: 0.88 | VAL Loss: 0.9294 Acc: 0.46 
Ep 60/100 | TR Loss: 0.3151 Acc: 0.87 | VAL Loss: 0.8492 Acc: 0.52 
Ep 61/100 | TR Loss: 0.2993 Acc: 0.89 | VAL Loss: 0.9670 Acc: 0.44 
Ep 62/100 | TR Loss: 0.2769 Acc: 0.89 | VAL Loss: 0.8223 Acc: 0.50 
Ep 63/100 | TR Loss: 0.3009 Acc: 0.88 | VAL Loss: 0.8053 Acc: 0.52 
Ep 64/100 | TR Loss: 0.2860 Acc: 0.88 | VAL Loss: 0.8025 Acc: 0.48 
Ep 65/100 | TR Loss: 0.2594 Acc: 0.90 | VAL Loss: 0.8649 Acc: 0.48 
Ep 66/100 | TR Loss: 0.2818 Acc: 0.87 | VAL Loss: 0.7324 Acc: 0.58 
Ep 67/100 | TR Loss: 0.3305 Acc: 0.86 | VAL Loss: 0.9527 Acc: 0.48 
Ep 68/100 | TR Loss: 0.3179 Acc: 0.86 | VAL Loss: 0.8420 Acc: 0.48 
Ep 69/100 | TR Loss: 0.3075 Acc: 0.88 | VAL Loss: 0.8276 Acc: 0.52 
Ep 70/100 | TR Loss: 0.2828 Acc: 0.90 | VAL Loss: 0.8083 Acc: 0.56 
Ep 71/100 | TR Loss: 0.2756 Acc: 0.90 | VAL Loss: 0.8972 Acc: 0.56 
Ep 72/100 | TR Loss: 0.2643 Acc: 0.90 | VAL Loss: 0.8016 Acc: 0.56 
Ep 73/100 | TR Loss: 0.2446 Acc: 0.90 | VAL Loss: 0.9202 Acc: 0.58 
Ep 74/100 | TR Loss: 0.2553 Acc: 0.90 | VAL Loss: 0.9443 Acc: 0.58 
Ep 75/100 | TR Loss: 0.2664 Acc: 0.88 | VAL Loss: 0.8508 Acc: 0.56 
Ep 76/100 | TR Loss: 0.3035 Acc: 0.86 | VAL Loss: 0.7948 Acc: 0.56 
Ep 77/100 | TR Loss: 0.2696 Acc: 0.89 | VAL Loss: 0.8396 Acc: 0.56 
Ep 78/100 | TR Loss: 0.2993 Acc: 0.86 | VAL Loss: 0.8851 Acc: 0.48 
Ep 79/100 | TR Loss: 0.2710 Acc: 0.87 | VAL Loss: 0.8441 Acc: 0.50 
Ep 80/100 | TR Loss: 0.2444 Acc: 0.89 | VAL Loss: 0.9259 Acc: 0.62 
Ep 81/100 | TR Loss: 0.2575 Acc: 0.88 | VAL Loss: 0.8504 Acc: 0.58 
Ep 82/100 | TR Loss: 0.2335 Acc: 0.91 | VAL Loss: 0.7595 Acc: 0.62 
Ep 83/100 | TR Loss: 0.2600 Acc: 0.91 | VAL Loss: 0.7661 Acc: 0.62 
Ep 84/100 | TR Loss: 0.2647 Acc: 0.89 | VAL Loss: 0.8438 Acc: 0.56 
Ep 85/100 | TR Loss: 0.2633 Acc: 0.88 | VAL Loss: 0.7593 Acc: 0.60 
Ep 86/100 | TR Loss: 0.2459 Acc: 0.92 | VAL Loss: 0.7811 Acc: 0.60 
Ep 87/100 | TR Loss: 0.2264 Acc: 0.93 | VAL Loss: 0.8261 Acc: 0.56 
Ep 88/100 | TR Loss: 0.2152 Acc: 0.92 | VAL Loss: 0.7033 Acc: 0.64 
Ep 89/100 | TR Loss: 0.2376 Acc: 0.91 | VAL Loss: 0.7202 Acc: 0.66 
Ep 90/100 | TR Loss: 0.2283 Acc: 0.91 | VAL Loss: 0.8148 Acc: 0.64 
Ep 91/100 | TR Loss: 0.2587 Acc: 0.91 | VAL Loss: 0.8986 Acc: 0.58 
Ep 92/100 | TR Loss: 0.2240 Acc: 0.92 | VAL Loss: 0.7701 Acc: 0.64 
Ep 93/100 | TR Loss: 0.2169 Acc: 0.93 | VAL Loss: 0.8688 Acc: 0.58 
Ep 94/100 | TR Loss: 0.2395 Acc: 0.90 | VAL Loss: 0.9370 Acc: 0.56 
Ep 95/100 | TR Loss: 0.2128 Acc: 0.93 | VAL Loss: 0.8859 Acc: 0.58 
Ep 96/100 | TR Loss: 0.2095 Acc: 0.92 | VAL Loss: 0.8225 Acc: 0.56 
Ep 97/100 | TR Loss: 0.2516 Acc: 0.89 | VAL Loss: 0.8074 Acc: 0.58 
Ep 98/100 | TR Loss: 0.2509 Acc: 0.89 | VAL Loss: 0.8076 Acc: 0.64 
Ep 99/100 | TR Loss: 0.2134 Acc: 0.90 | VAL Loss: 0.8537 Acc: 0.56 
Ep 100/100 | TR Loss: 0.2202 Acc: 0.93 | VAL Loss: 0.7301 Acc: 0.66 
[*] Training plots saved to: output_qnlp/job_1094760/training_metrics.png

==================================================
BEST MODEL TEST SET EVALUATION (MULTIPLE THRESHOLDS)
==================================================
Threshold  | Acc      | Prec     | Rec      | F1      
--------------------------------------------------
0.30       | 0.57     | 0.56     | 0.79     | 0.66     
0.40       | 0.52     | 0.53     | 0.65     | 0.59     
0.50       | 0.46     | 0.47     | 0.37     | 0.41     <-- (Arg)
0.60       | 0.42     | 0.40     | 0.23     | 0.29     
0.70       | 0.48     | 0.50     | 0.17     | 0.26     
==================================================

========================================
End    : Fri May 22 06:27:00 +03 2026
Output : output_qnlp/job_1094760
total 747K
-rw-r--r-- 1 aerturk23 hpcusers 586K May 22 06:12 best_model.pth
-rw-r--r-- 1 aerturk23 hpcusers  293 May 22 06:06 config.json
-rw-r--r-- 1 aerturk23 hpcusers  14K May 22 06:26 history.json
-rw-r--r-- 1 aerturk23 hpcusers  966 May 22 06:25 output.err
-rw-r--r-- 1 aerturk23 hpcusers 8.2K May 22 06:23 output.log
-rw-r--r-- 1 aerturk23 hpcusers 137K May 22 06:26 training_metrics.png
========================================
