========================================
Job ID : 1094720
Start  : Fri May 22 03:23:41 +03 2026
GPU    : Tesla T4
========================================
--- Classical LSTM Script starting ---
[*] Configuration saved to: output_classical/job_1094720/config.json
========================================
MODEL                 : CLASSICAL LSTM
DATA SOURCE SELECTION : SST2
TRAINING SIZE         : 100
VALIDATION SIZE       : 50
TEST SIZE             : 100
WEIGHT DECAY          : 0.0001
DROPOUT RATE          : 0.2
CLASSIFICATION THRESHOLD : 0.5
BATCH SIZE            : 16
EMBED/HIDDEN DIMS     : 16 / 32
========================================

--- Preparing Dataset and Tokenization ---
[*] REAL DATASET SIZES -> Train: 100 | Val: 50 | Test: 100
--- Initializing Classical Model ---

--- Starting Classical LSTM Training (Epochs: 100) ---
Ep 01/100 | TR Loss: 0.6759 Acc: 0.57 | VAL Loss: 0.6234 Acc: 0.62 *(Best)*
Ep 02/100 | TR Loss: 0.6343 Acc: 0.63 | VAL Loss: 0.5969 Acc: 0.62 *(Best)*
Ep 03/100 | TR Loss: 0.6108 Acc: 0.63 | VAL Loss: 0.5934 Acc: 0.62 *(Best)*
Ep 04/100 | TR Loss: 0.5262 Acc: 0.70 | VAL Loss: 0.5977 Acc: 0.62 
Ep 05/100 | TR Loss: 0.4488 Acc: 0.80 | VAL Loss: 0.5930 Acc: 0.56 *(Best)*
Ep 06/100 | TR Loss: 0.2801 Acc: 0.87 | VAL Loss: 0.6594 Acc: 0.54 
Ep 07/100 | TR Loss: 0.1942 Acc: 0.90 | VAL Loss: 0.7326 Acc: 0.64 
Ep 08/100 | TR Loss: 0.1078 Acc: 0.97 | VAL Loss: 0.8910 Acc: 0.70 
Ep 09/100 | TR Loss: 0.0232 Acc: 1.00 | VAL Loss: 1.2418 Acc: 0.60 
Ep 10/100 | TR Loss: 0.0346 Acc: 0.99 | VAL Loss: 1.5120 Acc: 0.60 
Ep 11/100 | TR Loss: 0.0135 Acc: 1.00 | VAL Loss: 1.4518 Acc: 0.60 
Ep 12/100 | TR Loss: 0.0056 Acc: 1.00 | VAL Loss: 1.5123 Acc: 0.52 
Ep 13/100 | TR Loss: 0.0022 Acc: 1.00 | VAL Loss: 1.5753 Acc: 0.54 
Ep 14/100 | TR Loss: 0.0017 Acc: 1.00 | VAL Loss: 1.6264 Acc: 0.54 
Ep 15/100 | TR Loss: 0.0015 Acc: 1.00 | VAL Loss: 1.6591 Acc: 0.54 
Ep 16/100 | TR Loss: 0.0013 Acc: 1.00 | VAL Loss: 1.6745 Acc: 0.56 
Ep 17/100 | TR Loss: 0.0011 Acc: 1.00 | VAL Loss: 1.6825 Acc: 0.54 
Ep 18/100 | TR Loss: 0.0010 Acc: 1.00 | VAL Loss: 1.6797 Acc: 0.52 
Ep 19/100 | TR Loss: 0.0010 Acc: 1.00 | VAL Loss: 1.6721 Acc: 0.52 
Ep 20/100 | TR Loss: 0.0009 Acc: 1.00 | VAL Loss: 1.6596 Acc: 0.50 
Ep 21/100 | TR Loss: 0.0009 Acc: 1.00 | VAL Loss: 1.6428 Acc: 0.48 
Ep 22/100 | TR Loss: 0.0008 Acc: 1.00 | VAL Loss: 1.6269 Acc: 0.48 
Ep 23/100 | TR Loss: 0.0008 Acc: 1.00 | VAL Loss: 1.6080 Acc: 0.50 
Ep 24/100 | TR Loss: 0.0007 Acc: 1.00 | VAL Loss: 1.5839 Acc: 0.50 
Ep 25/100 | TR Loss: 0.0008 Acc: 1.00 | VAL Loss: 1.5572 Acc: 0.52 
Ep 26/100 | TR Loss: 0.0007 Acc: 1.00 | VAL Loss: 1.5350 Acc: 0.52 
Ep 27/100 | TR Loss: 0.0007 Acc: 1.00 | VAL Loss: 1.5089 Acc: 0.52 
Ep 28/100 | TR Loss: 0.0007 Acc: 1.00 | VAL Loss: 1.4825 Acc: 0.52 
Ep 29/100 | TR Loss: 0.0007 Acc: 1.00 | VAL Loss: 1.4547 Acc: 0.54 
Ep 30/100 | TR Loss: 0.0006 Acc: 1.00 | VAL Loss: 1.4233 Acc: 0.54 
Ep 31/100 | TR Loss: 0.0006 Acc: 1.00 | VAL Loss: 1.3952 Acc: 0.56 
Ep 32/100 | TR Loss: 0.0006 Acc: 1.00 | VAL Loss: 1.3681 Acc: 0.56 
Ep 33/100 | TR Loss: 0.0006 Acc: 1.00 | VAL Loss: 1.3435 Acc: 0.56 
Ep 34/100 | TR Loss: 0.0006 Acc: 1.00 | VAL Loss: 1.3249 Acc: 0.58 
Ep 35/100 | TR Loss: 0.0006 Acc: 1.00 | VAL Loss: 1.3073 Acc: 0.56 
Ep 36/100 | TR Loss: 0.0006 Acc: 1.00 | VAL Loss: 1.2931 Acc: 0.58 
Ep 37/100 | TR Loss: 0.0006 Acc: 1.00 | VAL Loss: 1.2789 Acc: 0.56 
Ep 38/100 | TR Loss: 0.0006 Acc: 1.00 | VAL Loss: 1.2689 Acc: 0.58 
Ep 39/100 | TR Loss: 0.0006 Acc: 1.00 | VAL Loss: 1.2651 Acc: 0.58 
Ep 40/100 | TR Loss: 0.0005 Acc: 1.00 | VAL Loss: 1.2651 Acc: 0.60 
Ep 41/100 | TR Loss: 0.0005 Acc: 1.00 | VAL Loss: 1.2667 Acc: 0.58 
Ep 42/100 | TR Loss: 0.0005 Acc: 1.00 | VAL Loss: 1.2727 Acc: 0.58 
Ep 43/100 | TR Loss: 0.0005 Acc: 1.00 | VAL Loss: 1.2822 Acc: 0.58 
Ep 44/100 | TR Loss: 0.0005 Acc: 1.00 | VAL Loss: 1.2942 Acc: 0.60 
Ep 45/100 | TR Loss: 0.0005 Acc: 1.00 | VAL Loss: 1.3065 Acc: 0.60 
Ep 46/100 | TR Loss: 0.0005 Acc: 1.00 | VAL Loss: 1.3216 Acc: 0.58 
Ep 47/100 | TR Loss: 0.0005 Acc: 1.00 | VAL Loss: 1.3423 Acc: 0.58 
Ep 48/100 | TR Loss: 0.0005 Acc: 1.00 | VAL Loss: 1.3579 Acc: 0.58 
Ep 49/100 | TR Loss: 0.0005 Acc: 1.00 | VAL Loss: 1.3723 Acc: 0.60 
Ep 50/100 | TR Loss: 0.0005 Acc: 1.00 | VAL Loss: 1.3882 Acc: 0.58 
Ep 51/100 | TR Loss: 0.0005 Acc: 1.00 | VAL Loss: 1.4013 Acc: 0.58 
Ep 52/100 | TR Loss: 0.0005 Acc: 1.00 | VAL Loss: 1.4159 Acc: 0.58 
Ep 53/100 | TR Loss: 0.0004 Acc: 1.00 | VAL Loss: 1.4428 Acc: 0.60 
Ep 54/100 | TR Loss: 0.0005 Acc: 1.00 | VAL Loss: 1.4597 Acc: 0.60 
Ep 55/100 | TR Loss: 0.0005 Acc: 1.00 | VAL Loss: 1.4711 Acc: 0.58 
Ep 56/100 | TR Loss: 0.0004 Acc: 1.00 | VAL Loss: 1.4802 Acc: 0.58 
Ep 57/100 | TR Loss: 0.0004 Acc: 1.00 | VAL Loss: 1.4916 Acc: 0.58 
Ep 58/100 | TR Loss: 0.0004 Acc: 1.00 | VAL Loss: 1.5019 Acc: 0.58 
Ep 59/100 | TR Loss: 0.0004 Acc: 1.00 | VAL Loss: 1.5080 Acc: 0.58 
Ep 60/100 | TR Loss: 0.0005 Acc: 1.00 | VAL Loss: 1.5169 Acc: 0.58 
Ep 61/100 | TR Loss: 0.0004 Acc: 1.00 | VAL Loss: 1.5285 Acc: 0.58 
Ep 62/100 | TR Loss: 0.0004 Acc: 1.00 | VAL Loss: 1.5324 Acc: 0.58 
Ep 63/100 | TR Loss: 0.0004 Acc: 1.00 | VAL Loss: 1.5362 Acc: 0.58 
Ep 64/100 | TR Loss: 0.0004 Acc: 1.00 | VAL Loss: 1.5443 Acc: 0.58 
Ep 65/100 | TR Loss: 0.0004 Acc: 1.00 | VAL Loss: 1.5430 Acc: 0.58 
Ep 66/100 | TR Loss: 0.0004 Acc: 1.00 | VAL Loss: 1.5485 Acc: 0.58 
Ep 67/100 | TR Loss: 0.0004 Acc: 1.00 | VAL Loss: 1.5558 Acc: 0.58 
Ep 68/100 | TR Loss: 0.0003 Acc: 1.00 | VAL Loss: 1.5565 Acc: 0.58 
Ep 69/100 | TR Loss: 0.0004 Acc: 1.00 | VAL Loss: 1.5601 Acc: 0.58 
Ep 70/100 | TR Loss: 0.0003 Acc: 1.00 | VAL Loss: 1.5642 Acc: 0.58 
Ep 71/100 | TR Loss: 0.0004 Acc: 1.00 | VAL Loss: 1.5652 Acc: 0.58 
Ep 72/100 | TR Loss: 0.0003 Acc: 1.00 | VAL Loss: 1.5721 Acc: 0.58 
Ep 73/100 | TR Loss: 0.0003 Acc: 1.00 | VAL Loss: 1.5750 Acc: 0.58 
Ep 74/100 | TR Loss: 0.0003 Acc: 1.00 | VAL Loss: 1.5785 Acc: 0.58 
Ep 75/100 | TR Loss: 0.0003 Acc: 1.00 | VAL Loss: 1.5738 Acc: 0.58 
Ep 76/100 | TR Loss: 0.0004 Acc: 1.00 | VAL Loss: 1.5815 Acc: 0.58 
Ep 77/100 | TR Loss: 0.0003 Acc: 1.00 | VAL Loss: 1.6316 Acc: 0.58 
Ep 78/100 | TR Loss: 0.0003 Acc: 1.00 | VAL Loss: 1.6374 Acc: 0.58 
Ep 79/100 | TR Loss: 0.0003 Acc: 1.00 | VAL Loss: 1.6293 Acc: 0.58 
Ep 80/100 | TR Loss: 0.0003 Acc: 1.00 | VAL Loss: 1.6113 Acc: 0.58 
Ep 81/100 | TR Loss: 0.0003 Acc: 1.00 | VAL Loss: 1.5989 Acc: 0.58 
Ep 82/100 | TR Loss: 0.0003 Acc: 1.00 | VAL Loss: 1.5974 Acc: 0.58 
Ep 83/100 | TR Loss: 0.0003 Acc: 1.00 | VAL Loss: 1.6068 Acc: 0.58 
Ep 84/100 | TR Loss: 0.0003 Acc: 1.00 | VAL Loss: 1.6063 Acc: 0.58 
Ep 85/100 | TR Loss: 0.0003 Acc: 1.00 | VAL Loss: 1.6070 Acc: 0.58 
Ep 86/100 | TR Loss: 0.0003 Acc: 1.00 | VAL Loss: 1.6088 Acc: 0.58 
Ep 87/100 | TR Loss: 0.0003 Acc: 1.00 | VAL Loss: 1.6010 Acc: 0.60 
Ep 88/100 | TR Loss: 0.0003 Acc: 1.00 | VAL Loss: 1.6024 Acc: 0.60 
Ep 89/100 | TR Loss: 0.0003 Acc: 1.00 | VAL Loss: 1.6030 Acc: 0.60 
Ep 90/100 | TR Loss: 0.0003 Acc: 1.00 | VAL Loss: 1.6017 Acc: 0.60 
Ep 91/100 | TR Loss: 0.0003 Acc: 1.00 | VAL Loss: 1.6217 Acc: 0.60 
Ep 92/100 | TR Loss: 0.0003 Acc: 1.00 | VAL Loss: 1.6260 Acc: 0.60 
Ep 93/100 | TR Loss: 0.0003 Acc: 1.00 | VAL Loss: 1.6176 Acc: 0.60 
Ep 94/100 | TR Loss: 0.0003 Acc: 1.00 | VAL Loss: 1.6161 Acc: 0.60 
Ep 95/100 | TR Loss: 0.0003 Acc: 1.00 | VAL Loss: 1.6249 Acc: 0.60 
Ep 96/100 | TR Loss: 0.0003 Acc: 1.00 | VAL Loss: 1.6282 Acc: 0.60 
Ep 97/100 | TR Loss: 0.0003 Acc: 1.00 | VAL Loss: 1.6200 Acc: 0.60 
Ep 98/100 | TR Loss: 0.0003 Acc: 1.00 | VAL Loss: 1.6277 Acc: 0.58 
Ep 99/100 | TR Loss: 0.0003 Acc: 1.00 | VAL Loss: 1.6319 Acc: 0.58 
Ep 100/100 | TR Loss: 0.0003 Acc: 1.00 | VAL Loss: 1.6587 Acc: 0.58 

==================================================
BEST MODEL TEST SET EVALUATION (MULTIPLE THRESHOLDS)
==================================================
Threshold  | Acc      | Prec     | Rec      | F1      
--------------------------------------------------
0.30       | 0.58     | 0.56     | 1.00     | 0.72     
0.40       | 0.69     | 0.67     | 0.85     | 0.75     
0.50       | 0.65     | 0.68     | 0.67     | 0.67     <-- (Arg)
0.60       | 0.64     | 0.71     | 0.56     | 0.63     
0.70       | 0.63     | 0.74     | 0.48     | 0.58     
==================================================

========================================
End    : Fri May 22 03:24:03 +03 2026
Output : output_classical/job_1094720
total 152K
-rw-r--r-- 1 aerturk23 hpcusers  61K May 22  2026 best_model.pth
-rw-r--r-- 1 aerturk23 hpcusers  363 May 22 03:23 config.json
-rw-r--r-- 1 aerturk23 hpcusers  13K May 22  2026 history.json
-rw-r--r-- 1 aerturk23 hpcusers  966 May 22  2026 output.err
-rw-r--r-- 1 aerturk23 hpcusers 8.2K May 22 03:23 output.log
-rw-r--r-- 1 aerturk23 hpcusers  68K May 22 03:24 training_metrics.png
========================================
