========================================
Job ID : 1094829
Start  : Fri May 22 08:04:04 +03 2026
GPU    : Tesla T4
========================================
--- Quantum QNLP Script starting ---
[*] Configuration saved to: output_qnlp/job_1094829/config.json
========================================
DATA SOURCE SELECTION : SYNTHETIC
TRAINING SIZE         : 500
VALIDATION SIZE       : 50
TEST SIZE             : 100
WEIGHT DECAY          : 0.0001
CLASSIFICATION THRESHOLD : 0.5
QUANTUM LAYERS        : 1
========================================

--- Preparing Dataset ---
Generating DisCoCat grammar diagrams...
Generating quantum circuits (IQP Ansatz)...

--- Starting Quantum Model Training (Epochs: 100) ---
Ep 01/100 | TR Loss: 0.1344 Acc: 0.97 | VAL Loss: 0.0035 Acc: 1.00 *(Best)*
Ep 02/100 | TR Loss: 0.0017 Acc: 1.00 | VAL Loss: 0.0040 Acc: 1.00 
Ep 03/100 | TR Loss: 0.0010 Acc: 1.00 | VAL Loss: 0.0001 Acc: 1.00 *(Best)*
Ep 04/100 | TR Loss: 0.0002 Acc: 1.00 | VAL Loss: 0.0002 Acc: 1.00 
Ep 05/100 | TR Loss: 0.1818 Acc: 0.94 | VAL Loss: 1.2650 Acc: 0.44 
Ep 06/100 | TR Loss: 0.3628 Acc: 0.84 | VAL Loss: 0.0389 Acc: 1.00 
Ep 07/100 | TR Loss: 0.0076 Acc: 1.00 | VAL Loss: 0.0013 Acc: 1.00 
Ep 08/100 | TR Loss: 0.0002 Acc: 1.00 | VAL Loss: 0.0000 Acc: 1.00 *(Best)*
Ep 09/100 | TR Loss: 0.0000 Acc: 1.00 | VAL Loss: 0.0000 Acc: 1.00 *(Best)*
Ep 10/100 | TR Loss: 0.0000 Acc: 1.00 | VAL Loss: 0.0000 Acc: 1.00 *(Best)*
Ep 11/100 | TR Loss: 0.0000 Acc: 1.00 | VAL Loss: 0.0000 Acc: 1.00 *(Best)*
Ep 12/100 | TR Loss: 0.0000 Acc: 1.00 | VAL Loss: 0.0001 Acc: 1.00 
Ep 13/100 | TR Loss: 0.0003 Acc: 1.00 | VAL Loss: 0.0010 Acc: 1.00 
Ep 14/100 | TR Loss: 0.0419 Acc: 0.99 | VAL Loss: 0.0595 Acc: 1.00 
Ep 15/100 | TR Loss: 0.6955 Acc: 0.67 | VAL Loss: 1.0836 Acc: 0.40 
Ep 16/100 | TR Loss: 0.6441 Acc: 0.70 | VAL Loss: 0.0403 Acc: 1.00 
Ep 17/100 | TR Loss: 0.0124 Acc: 1.00 | VAL Loss: 0.0001 Acc: 1.00 
Ep 18/100 | TR Loss: 0.0000 Acc: 1.00 | VAL Loss: 0.0000 Acc: 1.00 
Ep 19/100 | TR Loss: 0.0000 Acc: 1.00 | VAL Loss: 0.0000 Acc: 1.00 
Ep 20/100 | TR Loss: 0.0000 Acc: 1.00 | VAL Loss: 0.0000 Acc: 1.00 
Ep 21/100 | TR Loss: 0.0000 Acc: 1.00 | VAL Loss: 0.0000 Acc: 1.00 
Ep 22/100 | TR Loss: 0.0000 Acc: 1.00 | VAL Loss: 0.0000 Acc: 1.00 
Ep 23/100 | TR Loss: 0.0020 Acc: 1.00 | VAL Loss: 0.0007 Acc: 1.00 
Ep 24/100 | TR Loss: 0.0002 Acc: 1.00 | VAL Loss: 0.0000 Acc: 1.00 
Ep 25/100 | TR Loss: 0.0002 Acc: 1.00 | VAL Loss: 0.0006 Acc: 1.00 
Ep 26/100 | TR Loss: 0.0121 Acc: 1.00 | VAL Loss: 0.0175 Acc: 1.00 
Ep 27/100 | TR Loss: 0.0642 Acc: 0.99 | VAL Loss: 0.2540 Acc: 0.92 
Ep 28/100 | TR Loss: 0.0605 Acc: 1.00 | VAL Loss: 0.1001 Acc: 1.00 
Ep 29/100 | TR Loss: 0.0275 Acc: 1.00 | VAL Loss: 0.0062 Acc: 1.00 
Ep 30/100 | TR Loss: 0.0016 Acc: 1.00 | VAL Loss: 0.0003 Acc: 1.00 
Ep 31/100 | TR Loss: 0.0002 Acc: 1.00 | VAL Loss: 0.0001 Acc: 1.00 
Ep 32/100 | TR Loss: 0.0001 Acc: 1.00 | VAL Loss: 0.0000 Acc: 1.00 
Ep 33/100 | TR Loss: 0.0001 Acc: 1.00 | VAL Loss: 0.0002 Acc: 1.00 
Ep 34/100 | TR Loss: 0.0007 Acc: 1.00 | VAL Loss: 0.0012 Acc: 1.00 
Ep 35/100 | TR Loss: 0.0478 Acc: 0.99 | VAL Loss: 0.0655 Acc: 1.00 
Ep 36/100 | TR Loss: 0.0731 Acc: 1.00 | VAL Loss: 0.0532 Acc: 1.00 
Ep 37/100 | TR Loss: 0.0205 Acc: 1.00 | VAL Loss: 0.0124 Acc: 1.00 
Ep 38/100 | TR Loss: 0.0064 Acc: 1.00 | VAL Loss: 0.0041 Acc: 1.00 
Ep 39/100 | TR Loss: 0.0029 Acc: 1.00 | VAL Loss: 0.0022 Acc: 1.00 
Ep 40/100 | TR Loss: 0.0087 Acc: 1.00 | VAL Loss: 0.3096 Acc: 1.00 
Ep 41/100 | TR Loss: 0.8170 Acc: 0.63 | VAL Loss: 1.3946 Acc: 0.46 
Ep 42/100 | TR Loss: 0.8290 Acc: 0.53 | VAL Loss: 0.8030 Acc: 0.38 
Ep 43/100 | TR Loss: 0.6639 Acc: 0.61 | VAL Loss: 0.1131 Acc: 1.00 
Ep 44/100 | TR Loss: 0.0230 Acc: 1.00 | VAL Loss: 0.0005 Acc: 1.00 
Ep 45/100 | TR Loss: 0.0001 Acc: 1.00 | VAL Loss: 0.0000 Acc: 1.00 
Ep 46/100 | TR Loss: 0.0000 Acc: 1.00 | VAL Loss: 0.0000 Acc: 1.00 *(Best)*
Ep 47/100 | TR Loss: 0.0000 Acc: 1.00 | VAL Loss: 0.0000 Acc: 1.00 
Ep 48/100 | TR Loss: 0.0000 Acc: 1.00 | VAL Loss: 0.0000 Acc: 1.00 
Ep 49/100 | TR Loss: 0.0000 Acc: 1.00 | VAL Loss: 0.0000 Acc: 1.00 
Ep 50/100 | TR Loss: 0.0000 Acc: 1.00 | VAL Loss: 0.0000 Acc: 1.00 
Ep 51/100 | TR Loss: 0.0000 Acc: 1.00 | VAL Loss: 0.0000 Acc: 1.00 
Ep 52/100 | TR Loss: 0.0000 Acc: 1.00 | VAL Loss: 0.0000 Acc: 1.00 
Ep 53/100 | TR Loss: 0.0065 Acc: 1.00 | VAL Loss: 0.0232 Acc: 1.00 
Ep 54/100 | TR Loss: 0.0139 Acc: 1.00 | VAL Loss: 0.0085 Acc: 1.00 
Ep 55/100 | TR Loss: 0.0044 Acc: 1.00 | VAL Loss: 0.0034 Acc: 1.00 
Ep 56/100 | TR Loss: 0.0015 Acc: 1.00 | VAL Loss: 0.0012 Acc: 1.00 
Ep 57/100 | TR Loss: 0.0013 Acc: 1.00 | VAL Loss: 0.0010 Acc: 1.00 
Ep 58/100 | TR Loss: 0.0777 Acc: 0.98 | VAL Loss: 0.0653 Acc: 1.00 
Ep 59/100 | TR Loss: 0.0229 Acc: 1.00 | VAL Loss: 0.0009 Acc: 1.00 
Ep 60/100 | TR Loss: 0.0006 Acc: 1.00 | VAL Loss: 0.0009 Acc: 1.00 
Ep 61/100 | TR Loss: 0.0009 Acc: 1.00 | VAL Loss: 0.0037 Acc: 1.00 
Ep 62/100 | TR Loss: 0.0010 Acc: 1.00 | VAL Loss: 0.0005 Acc: 1.00 
Ep 63/100 | TR Loss: 0.0030 Acc: 1.00 | VAL Loss: 0.0015 Acc: 1.00 
Ep 64/100 | TR Loss: 0.0056 Acc: 1.00 | VAL Loss: 0.0055 Acc: 1.00 
Ep 65/100 | TR Loss: 0.0749 Acc: 0.98 | VAL Loss: 0.9378 Acc: 0.62 
Ep 66/100 | TR Loss: 0.9242 Acc: 0.52 | VAL Loss: 1.1247 Acc: 0.48 
Ep 67/100 | TR Loss: 0.9779 Acc: 0.49 | VAL Loss: 1.0014 Acc: 0.50 
Ep 68/100 | TR Loss: 0.7783 Acc: 0.55 | VAL Loss: 0.3327 Acc: 0.88 
Ep 69/100 | TR Loss: 0.1195 Acc: 0.95 | VAL Loss: 0.0003 Acc: 1.00 
Ep 70/100 | TR Loss: 0.0001 Acc: 1.00 | VAL Loss: 0.0000 Acc: 1.00 
Ep 71/100 | TR Loss: 0.0000 Acc: 1.00 | VAL Loss: 0.0000 Acc: 1.00 
Ep 72/100 | TR Loss: 0.0000 Acc: 1.00 | VAL Loss: 0.0000 Acc: 1.00 
Ep 73/100 | TR Loss: 0.0000 Acc: 1.00 | VAL Loss: 0.0000 Acc: 1.00 
Ep 74/100 | TR Loss: 0.0000 Acc: 1.00 | VAL Loss: 0.0000 Acc: 1.00 
Ep 75/100 | TR Loss: 0.0000 Acc: 1.00 | VAL Loss: 0.0000 Acc: 1.00 
Ep 76/100 | TR Loss: 0.0000 Acc: 1.00 | VAL Loss: 0.0000 Acc: 1.00 
Ep 77/100 | TR Loss: 0.0000 Acc: 1.00 | VAL Loss: 0.0000 Acc: 1.00 *(Best)*
Ep 78/100 | TR Loss: 0.0000 Acc: 1.00 | VAL Loss: 0.0000 Acc: 1.00 
Ep 79/100 | TR Loss: 0.0000 Acc: 1.00 | VAL Loss: 0.0000 Acc: 1.00 
Ep 80/100 | TR Loss: 0.0000 Acc: 1.00 | VAL Loss: 0.0000 Acc: 1.00 
Ep 81/100 | TR Loss: 0.0000 Acc: 1.00 | VAL Loss: 0.0000 Acc: 1.00 
Ep 82/100 | TR Loss: 0.0000 Acc: 1.00 | VAL Loss: 0.0001 Acc: 1.00 
Ep 83/100 | TR Loss: 0.0002 Acc: 1.00 | VAL Loss: 0.0004 Acc: 1.00 
Ep 84/100 | TR Loss: 0.0033 Acc: 1.00 | VAL Loss: 0.0004 Acc: 1.00 
Ep 85/100 | TR Loss: 0.0013 Acc: 1.00 | VAL Loss: 0.0021 Acc: 1.00 
Ep 86/100 | TR Loss: 0.0076 Acc: 1.00 | VAL Loss: 0.0013 Acc: 1.00 
Ep 87/100 | TR Loss: 0.0028 Acc: 1.00 | VAL Loss: 0.0012 Acc: 1.00 
Ep 88/100 | TR Loss: 0.0039 Acc: 1.00 | VAL Loss: 0.0104 Acc: 1.00 
Ep 89/100 | TR Loss: 0.0130 Acc: 1.00 | VAL Loss: 0.0044 Acc: 1.00 
Ep 90/100 | TR Loss: 0.0025 Acc: 1.00 | VAL Loss: 0.0029 Acc: 1.00 
Ep 91/100 | TR Loss: 0.0103 Acc: 1.00 | VAL Loss: 0.0046 Acc: 1.00 
Ep 92/100 | TR Loss: 0.0072 Acc: 1.00 | VAL Loss: 0.0403 Acc: 1.00 
Ep 93/100 | TR Loss: 0.0523 Acc: 0.99 | VAL Loss: 0.1596 Acc: 0.98 
Ep 94/100 | TR Loss: 0.0491 Acc: 1.00 | VAL Loss: 0.0145 Acc: 1.00 
Ep 95/100 | TR Loss: 0.0076 Acc: 1.00 | VAL Loss: 0.0071 Acc: 1.00 
Ep 96/100 | TR Loss: 0.0044 Acc: 1.00 | VAL Loss: 0.0016 Acc: 1.00 
Ep 97/100 | TR Loss: 0.0013 Acc: 1.00 | VAL Loss: 0.0010 Acc: 1.00 
Ep 98/100 | TR Loss: 0.0021 Acc: 1.00 | VAL Loss: 0.0147 Acc: 1.00 
Ep 99/100 | TR Loss: 0.0063 Acc: 1.00 | VAL Loss: 0.0124 Acc: 1.00 
Ep 100/100 | TR Loss: 0.0722 Acc: 0.99 | VAL Loss: 0.0720 Acc: 1.00 
[*] Training plots saved to: output_qnlp/job_1094829/training_metrics.png

==================================================
BEST MODEL TEST SET EVALUATION (MULTIPLE THRESHOLDS)
==================================================
Threshold  | Acc      | Prec     | Rec      | F1      
--------------------------------------------------
0.30       | 1.00     | 1.00     | 1.00     | 1.00     
0.40       | 1.00     | 1.00     | 1.00     | 1.00     
0.50       | 1.00     | 1.00     | 1.00     | 1.00     <-- (Arg)
0.60       | 1.00     | 1.00     | 1.00     | 1.00     
0.70       | 1.00     | 1.00     | 1.00     | 1.00     
==================================================

========================================
End    : Fri May 22 08:15:20 +03 2026
Output : output_qnlp/job_1094829
total 148K
-rw-r--r-- 1 aerturk23 hpcusers 6.0K May 22 08:13 best_model.pth
-rw-r--r-- 1 aerturk23 hpcusers  296 May 22 08:04 config.json
-rw-r--r-- 1 aerturk23 hpcusers  12K May 22 08:15 history.json
-rw-r--r-- 1 aerturk23 hpcusers  966 May 22 08:11 output.err
-rw-r--r-- 1 aerturk23 hpcusers 8.2K May 22 08:11 output.log
-rw-r--r-- 1 aerturk23 hpcusers 120K May 22 08:15 training_metrics.png
========================================
