========================================
Job ID : 1094763
Start  : Fri May 22 06:28:00 +03 2026
GPU    : Tesla T4
========================================
--- Quantum QNLP Script starting ---
[*] Configuration saved to: output_qnlp/job_1094763/config.json
========================================
DATA SOURCE SELECTION : SYNTHETIC
TRAINING SIZE         : 10
VALIDATION SIZE       : 50
TEST SIZE             : 100
WEIGHT DECAY          : 0.0001
CLASSIFICATION THRESHOLD : 0.5
QUANTUM LAYERS        : 1
========================================

--- Preparing Dataset ---
Generating DisCoCat grammar diagrams...
Generating quantum circuits (IQP Ansatz)...

--- Starting Quantum Model Training (Epochs: 100) ---
Ep 01/100 | TR Loss: 1.4731 Acc: 0.50 | VAL Loss: 1.0670 Acc: 0.46 *(Best)*
Ep 02/100 | TR Loss: 0.6719 Acc: 0.70 | VAL Loss: 1.3338 Acc: 0.46 
Ep 03/100 | TR Loss: 0.6657 Acc: 0.70 | VAL Loss: 1.3798 Acc: 0.46 
Ep 04/100 | TR Loss: 0.7045 Acc: 0.60 | VAL Loss: 1.3200 Acc: 0.58 
Ep 05/100 | TR Loss: 0.3334 Acc: 0.80 | VAL Loss: 1.2688 Acc: 0.60 
Ep 06/100 | TR Loss: 0.2457 Acc: 0.90 | VAL Loss: 1.0061 Acc: 0.60 *(Best)*
Ep 07/100 | TR Loss: 0.2634 Acc: 0.90 | VAL Loss: 1.0281 Acc: 0.62 
Ep 08/100 | TR Loss: 0.2498 Acc: 0.90 | VAL Loss: 0.9621 Acc: 0.62 *(Best)*
Ep 09/100 | TR Loss: 0.2245 Acc: 0.90 | VAL Loss: 0.9764 Acc: 0.62 
Ep 10/100 | TR Loss: 0.1959 Acc: 0.90 | VAL Loss: 1.0932 Acc: 0.66 
Ep 11/100 | TR Loss: 0.1784 Acc: 0.90 | VAL Loss: 1.5691 Acc: 0.66 
Ep 12/100 | TR Loss: 0.1409 Acc: 0.90 | VAL Loss: 1.1670 Acc: 0.64 
Ep 13/100 | TR Loss: 0.1227 Acc: 1.00 | VAL Loss: 1.0613 Acc: 0.64 
Ep 14/100 | TR Loss: 0.1299 Acc: 1.00 | VAL Loss: 1.1014 Acc: 0.64 
Ep 15/100 | TR Loss: 0.1392 Acc: 1.00 | VAL Loss: 1.3458 Acc: 0.64 
Ep 16/100 | TR Loss: 0.1141 Acc: 1.00 | VAL Loss: 1.2532 Acc: 0.64 
Ep 17/100 | TR Loss: 0.1050 Acc: 1.00 | VAL Loss: 1.1369 Acc: 0.64 
Ep 18/100 | TR Loss: 0.0878 Acc: 1.00 | VAL Loss: 1.2072 Acc: 0.64 
Ep 19/100 | TR Loss: 0.0752 Acc: 1.00 | VAL Loss: 1.3238 Acc: 0.64 
Ep 20/100 | TR Loss: 0.0840 Acc: 1.00 | VAL Loss: 1.6258 Acc: 0.62 
Ep 21/100 | TR Loss: 0.2332 Acc: 0.80 | VAL Loss: 1.6372 Acc: 0.64 
Ep 22/100 | TR Loss: 0.1586 Acc: 1.00 | VAL Loss: 1.4215 Acc: 0.60 
Ep 23/100 | TR Loss: 0.1272 Acc: 1.00 | VAL Loss: 1.2869 Acc: 0.64 
Ep 24/100 | TR Loss: 0.0804 Acc: 1.00 | VAL Loss: 1.4238 Acc: 0.64 
Ep 25/100 | TR Loss: 0.0856 Acc: 1.00 | VAL Loss: 1.3972 Acc: 0.64 
Ep 26/100 | TR Loss: 0.1270 Acc: 1.00 | VAL Loss: 1.5423 Acc: 0.58 
Ep 27/100 | TR Loss: 0.1679 Acc: 1.00 | VAL Loss: 1.5849 Acc: 0.60 
Ep 28/100 | TR Loss: 0.1724 Acc: 0.90 | VAL Loss: 1.9322 Acc: 0.64 
Ep 29/100 | TR Loss: 0.1177 Acc: 1.00 | VAL Loss: 1.6377 Acc: 0.64 
Ep 30/100 | TR Loss: 0.1806 Acc: 1.00 | VAL Loss: 1.4858 Acc: 0.64 
Ep 31/100 | TR Loss: 0.1795 Acc: 0.90 | VAL Loss: 1.2489 Acc: 0.64 
Ep 32/100 | TR Loss: 0.0993 Acc: 1.00 | VAL Loss: 1.1371 Acc: 0.64 
Ep 33/100 | TR Loss: 0.0948 Acc: 1.00 | VAL Loss: 1.1360 Acc: 0.64 
Ep 34/100 | TR Loss: 0.0908 Acc: 1.00 | VAL Loss: 1.2334 Acc: 0.64 
Ep 35/100 | TR Loss: 0.0702 Acc: 1.00 | VAL Loss: 1.3239 Acc: 0.64 
Ep 36/100 | TR Loss: 0.0636 Acc: 1.00 | VAL Loss: 1.4589 Acc: 0.64 
Ep 37/100 | TR Loss: 0.0784 Acc: 1.00 | VAL Loss: 1.5661 Acc: 0.64 
Ep 38/100 | TR Loss: 0.0605 Acc: 1.00 | VAL Loss: 1.8183 Acc: 0.64 
Ep 39/100 | TR Loss: 0.2241 Acc: 1.00 | VAL Loss: 1.8525 Acc: 0.58 
Ep 40/100 | TR Loss: 0.3892 Acc: 0.90 | VAL Loss: 1.6023 Acc: 0.58 
Ep 41/100 | TR Loss: 0.4088 Acc: 0.80 | VAL Loss: 1.3201 Acc: 0.62 
Ep 42/100 | TR Loss: 0.1657 Acc: 1.00 | VAL Loss: 1.1447 Acc: 0.60 
Ep 43/100 | TR Loss: 0.2486 Acc: 0.90 | VAL Loss: 1.0445 Acc: 0.66 
Ep 44/100 | TR Loss: 0.1542 Acc: 1.00 | VAL Loss: 1.0033 Acc: 0.64 
Ep 45/100 | TR Loss: 0.1565 Acc: 1.00 | VAL Loss: 0.9888 Acc: 0.68 
Ep 46/100 | TR Loss: 0.1215 Acc: 1.00 | VAL Loss: 0.9499 Acc: 0.68 *(Best)*
Ep 47/100 | TR Loss: 0.1658 Acc: 1.00 | VAL Loss: 0.9847 Acc: 0.68 
Ep 48/100 | TR Loss: 0.1481 Acc: 1.00 | VAL Loss: 1.0242 Acc: 0.72 
Ep 49/100 | TR Loss: 0.1247 Acc: 1.00 | VAL Loss: 1.1041 Acc: 0.66 
Ep 50/100 | TR Loss: 0.1168 Acc: 1.00 | VAL Loss: 1.2094 Acc: 0.68 
Ep 51/100 | TR Loss: 0.1998 Acc: 0.90 | VAL Loss: 1.4514 Acc: 0.64 
Ep 52/100 | TR Loss: 0.2663 Acc: 0.90 | VAL Loss: 1.5603 Acc: 0.60 
Ep 53/100 | TR Loss: 0.4754 Acc: 0.80 | VAL Loss: 1.4140 Acc: 0.62 
Ep 54/100 | TR Loss: 0.4200 Acc: 0.80 | VAL Loss: 1.2568 Acc: 0.56 
Ep 55/100 | TR Loss: 0.4144 Acc: 0.90 | VAL Loss: 1.3499 Acc: 0.52 
Ep 56/100 | TR Loss: 0.4950 Acc: 0.80 | VAL Loss: 1.4883 Acc: 0.54 
Ep 57/100 | TR Loss: 0.3808 Acc: 0.80 | VAL Loss: 1.5533 Acc: 0.50 
Ep 58/100 | TR Loss: 0.4379 Acc: 0.80 | VAL Loss: 1.7625 Acc: 0.56 
Ep 59/100 | TR Loss: 0.3988 Acc: 0.80 | VAL Loss: 1.7673 Acc: 0.60 
Ep 60/100 | TR Loss: 0.2957 Acc: 0.90 | VAL Loss: 2.0897 Acc: 0.64 
Ep 61/100 | TR Loss: 0.2689 Acc: 0.90 | VAL Loss: 1.9209 Acc: 0.58 
Ep 62/100 | TR Loss: 0.3011 Acc: 0.80 | VAL Loss: 1.6301 Acc: 0.58 
Ep 63/100 | TR Loss: 0.2600 Acc: 0.90 | VAL Loss: 1.5746 Acc: 0.58 
Ep 64/100 | TR Loss: 0.2181 Acc: 0.90 | VAL Loss: 1.6382 Acc: 0.58 
Ep 65/100 | TR Loss: 0.2064 Acc: 0.90 | VAL Loss: 1.6059 Acc: 0.58 
Ep 66/100 | TR Loss: 0.1854 Acc: 0.90 | VAL Loss: 1.5978 Acc: 0.58 
Ep 67/100 | TR Loss: 0.1742 Acc: 0.90 | VAL Loss: 1.6049 Acc: 0.58 
Ep 68/100 | TR Loss: 0.1694 Acc: 0.90 | VAL Loss: 1.6096 Acc: 0.58 
Ep 69/100 | TR Loss: 0.1617 Acc: 0.90 | VAL Loss: 1.6486 Acc: 0.58 
Ep 70/100 | TR Loss: 0.1512 Acc: 0.90 | VAL Loss: 1.7062 Acc: 0.58 
Ep 71/100 | TR Loss: 0.1473 Acc: 0.90 | VAL Loss: 1.8029 Acc: 0.62 
Ep 72/100 | TR Loss: 0.1440 Acc: 1.00 | VAL Loss: 2.2535 Acc: 0.58 
Ep 73/100 | TR Loss: 0.1387 Acc: 1.00 | VAL Loss: 1.8027 Acc: 0.58 
Ep 74/100 | TR Loss: 0.1324 Acc: 1.00 | VAL Loss: 1.6419 Acc: 0.58 
Ep 75/100 | TR Loss: 0.1266 Acc: 1.00 | VAL Loss: 1.5508 Acc: 0.60 
Ep 76/100 | TR Loss: 0.1226 Acc: 1.00 | VAL Loss: 1.4892 Acc: 0.62 
Ep 77/100 | TR Loss: 0.1051 Acc: 1.00 | VAL Loss: 1.4498 Acc: 0.62 
Ep 78/100 | TR Loss: 0.0905 Acc: 1.00 | VAL Loss: 1.4296 Acc: 0.64 
Ep 79/100 | TR Loss: 0.0873 Acc: 1.00 | VAL Loss: 1.4251 Acc: 0.62 
Ep 80/100 | TR Loss: 0.1354 Acc: 1.00 | VAL Loss: 1.4337 Acc: 0.64 
Ep 81/100 | TR Loss: 0.1503 Acc: 1.00 | VAL Loss: 1.4697 Acc: 0.66 
Ep 82/100 | TR Loss: 0.1567 Acc: 1.00 | VAL Loss: 1.5867 Acc: 0.62 
Ep 83/100 | TR Loss: 0.1351 Acc: 1.00 | VAL Loss: 1.4715 Acc: 0.64 
Ep 84/100 | TR Loss: 0.1176 Acc: 1.00 | VAL Loss: 1.4879 Acc: 0.68 
Ep 85/100 | TR Loss: 0.1199 Acc: 1.00 | VAL Loss: 1.4578 Acc: 0.68 
Ep 86/100 | TR Loss: 0.0833 Acc: 1.00 | VAL Loss: 1.4624 Acc: 0.64 
Ep 87/100 | TR Loss: 0.0820 Acc: 1.00 | VAL Loss: 1.4568 Acc: 0.66 
Ep 88/100 | TR Loss: 0.0653 Acc: 1.00 | VAL Loss: 1.4501 Acc: 0.64 
Ep 89/100 | TR Loss: 0.0675 Acc: 1.00 | VAL Loss: 1.4277 Acc: 0.64 
Ep 90/100 | TR Loss: 0.0385 Acc: 1.00 | VAL Loss: 1.4449 Acc: 0.62 
Ep 91/100 | TR Loss: 0.0291 Acc: 1.00 | VAL Loss: 1.4628 Acc: 0.64 
Ep 92/100 | TR Loss: 0.0249 Acc: 1.00 | VAL Loss: 1.5011 Acc: 0.62 
Ep 93/100 | TR Loss: 0.0172 Acc: 1.00 | VAL Loss: 1.5530 Acc: 0.64 
Ep 94/100 | TR Loss: 0.0153 Acc: 1.00 | VAL Loss: 1.6137 Acc: 0.64 
Ep 95/100 | TR Loss: 0.0136 Acc: 1.00 | VAL Loss: 1.6795 Acc: 0.64 
Ep 96/100 | TR Loss: 0.0069 Acc: 1.00 | VAL Loss: 1.7783 Acc: 0.64 
Ep 97/100 | TR Loss: 0.0049 Acc: 1.00 | VAL Loss: 1.9976 Acc: 0.64 
Ep 98/100 | TR Loss: 0.0033 Acc: 1.00 | VAL Loss: 2.0254 Acc: 0.64 
Ep 99/100 | TR Loss: 0.0030 Acc: 1.00 | VAL Loss: 1.8159 Acc: 0.64 
Ep 100/100 | TR Loss: 0.0038 Acc: 1.00 | VAL Loss: 1.7242 Acc: 0.64 
[*] Training plots saved to: output_qnlp/job_1094763/training_metrics.png

==================================================
BEST MODEL TEST SET EVALUATION (MULTIPLE THRESHOLDS)
==================================================
Threshold  | Acc      | Prec     | Rec      | F1      
--------------------------------------------------
0.30       | 0.62     | 0.74     | 0.50     | 0.60     
0.40       | 0.62     | 0.85     | 0.39     | 0.54     
0.50       | 0.57     | 0.84     | 0.29     | 0.43     <-- (Arg)
0.60       | 0.56     | 0.93     | 0.23     | 0.37     
0.70       | 0.55     | 1.00     | 0.20     | 0.33     
==================================================

========================================
End    : Fri May 22 06:29:14 +03 2026
Output : output_qnlp/job_1094763
total 132K
-rw-r--r-- 1 aerturk23 hpcusers 6.0K May 22  2026 best_model.pth
-rw-r--r-- 1 aerturk23 hpcusers  295 May 22 06:28 config.json
-rw-r--r-- 1 aerturk23 hpcusers  13K May 22 06:29 history.json
-rw-r--r-- 1 aerturk23 hpcusers  966 May 22 06:27 output.err
-rw-r--r-- 1 aerturk23 hpcusers 8.2K May 22 06:27 output.log
-rw-r--r-- 1 aerturk23 hpcusers 103K May 22 06:29 training_metrics.png
========================================
