==========================================================
Starting Grid Search Result Analysis
==========================================================
--- Çıktılar 'analysis_results' klasörüne kaydedilecek ---
  Dataset Model  Train_Size  Val_F1_Mean  Val_F1_Std  Test_F1_Mean  Test_F1_Std  Val_Acc_Mean  Test_Acc_Mean  Avg_Overfit_Gap  Avg_Best_Epoch  Maj_Baseline_Acc  Rand_Baseline_F1
     bach  LSTM          10       0.7148      0.0281        0.7133       0.0231        0.6733         0.6767           0.0595         10.3333            0.5267            0.5129
     bach  LSTM          50       0.7734      0.0373        0.5033       0.4382        0.7867         0.4833           0.1281         20.3333            0.6367            0.5553
     bach  LSTM         100       0.7805      0.0676        0.7233       0.0153        0.7867         0.7500           0.0108         15.0000            0.5367            0.5139
     bach  LSTM         250       0.8105      0.0663        0.7800       0.0436        0.8133         0.7700           0.0039         35.0000            0.5533            0.5215
     bach  LSTM         500       0.8480      0.0720        0.8400       0.0361        0.8667         0.8400           0.0320         68.0000            0.5167            0.5082
     bach  QNLP          10       0.6486      0.0506        0.6633       0.0379        0.6133         0.5533           0.3144         10.6667            0.5267            0.5129
     bach  QNLP          50       0.7879      0.1714        0.6650       0.0636        0.8200         0.6350          -0.0271         23.0000            0.6550            0.5602
     bach  QNLP         100       0.7455      0.0122        0.6300       0.0141        0.7000         0.4900          -0.0084         62.0000            0.5450            0.5160
     sst2  LSTM          10       0.4889      0.4246        0.7767       0.0379        0.4733         0.6367           0.1014          3.3333            0.6367            0.5594
     sst2  LSTM          50       0.8002      0.0863        0.6600       0.1510        0.7267         0.6000           0.0887         14.6667            0.6200            0.4817
     sst2  LSTM         100       0.7103      0.0591        0.7433       0.0115        0.5867         0.6233           0.0814          3.3333            0.5733            0.5339
     sst2  LSTM         250       0.7024      0.0166        0.7133       0.0252        0.5600         0.5567           0.0606          1.6667            0.5567            0.5266
     sst2  LSTM         500       0.7136      0.1395        0.7467       0.0493        0.6400         0.6167           0.1044          6.3333            0.5933            0.5416
     sst2  QNLP          10       0.5772      0.0613        0.7400       0.0624        0.5267         0.6267           0.2840          4.0000            0.6367            0.5594
     sst2  QNLP          50       0.6801      0.1338        0.7367       0.1007        0.6267         0.6633           0.1993         33.0000            0.6200            0.4817
     sst2  QNLP         100       0.5899      0.0629        0.6733       0.0351        0.5267         0.5433           0.1993         10.3333            0.5733            0.5339
     sst2  QNLP         250       0.7013      0.0746        0.6533       0.0473        0.6600         0.5267           0.2480         52.3333            0.5567            0.5266
     sst2  QNLP         500       0.6480      0.0525        0.6800       0.0265        0.5933         0.5667           0.2607         69.3333            0.5933            0.5416
synthetic  LSTM          10       0.5127      0.4456        0.7467       0.0586        0.7267         0.6600           0.1539          9.6667            0.5500            0.5236
synthetic  LSTM          50       1.0000      0.0000        1.0000       0.0000        1.0000         1.0000           0.0000         19.6667            0.5367            0.5174
synthetic  LSTM         100       1.0000      0.0000        1.0000       0.0000        1.0000         1.0000           0.0000         98.6667            0.5433            0.5200
synthetic  LSTM         250       1.0000      0.0000        1.0000       0.0000        1.0000         1.0000           0.0000         99.0000            0.5533            0.4885
synthetic  LSTM         500       1.0000      0.0000        1.0000       0.0000        1.0000         1.0000           0.0000         94.3333            0.5467            0.5222
synthetic  QNLP          10       0.7070      0.1559        0.7533       0.1097        0.7067         0.6700           0.0668         37.6667            0.5500            0.5236
synthetic  QNLP          50       1.0000      0.0000        1.0000       0.0000        1.0000         1.0000           0.0000         30.6667            0.5600            0.5283
synthetic  QNLP         100       1.0000      0.0000        1.0000       0.0000        1.0000         1.0000           0.0000         56.3333            0.5433            0.5200
synthetic  QNLP         250       1.0000      0.0000        1.0000       0.0000        1.0000         1.0000           0.0000         23.3333            0.5533            0.4885
synthetic  QNLP         500       1.0000      0.0000        1.0000       0.0000        1.0000         1.0000           0.0000         41.6667            0.5467            0.5222
[*] Görsel kaydedildi: analysis_results/detailed_analysis_bach.png
[*] Görsel kaydedildi: analysis_results/detailed_analysis_sst2.png
[*] Görsel kaydedildi: analysis_results/detailed_analysis_synthetic.png
==========================================================
Analysis complete. Check the generated .png files.
==========================================================
