========================================
Job ID : 1094579
Start  : Thu May 21 23:09:21 +03 2026
GPU    : Tesla T4
========================================
--- Classical LSTM Script starting ---
[*] Configuration saved to: output_classical/job_1094579/config.json
========================================
MODEL                 : CLASSICAL LSTM
DATA SOURCE SELECTION : BACH
TRAINING SIZE         : 10
VALIDATION SIZE       : 50
TEST SIZE             : 100
WEIGHT DECAY          : 0.0001
DROPOUT RATE          : 0.5
CLASSIFICATION THRESHOLD : 0.5
BATCH SIZE            : 16
EMBED/HIDDEN DIMS     : 16 / 32
========================================

--- Preparing Dataset and Tokenization ---
[*] REAL DATASET SIZES -> Train: 10 | Val: 50 | Test: 100
--- Initializing Classical Model ---

--- Starting Classical LSTM Training (Epochs: 100) ---
Ep 01/100 | TR Loss: 0.6831 Acc: 0.60 | VAL Loss: 0.7195 Acc: 0.38 *(Best)*
Ep 02/100 | TR Loss: 0.6766 Acc: 0.60 | VAL Loss: 0.7355 Acc: 0.38 
Ep 03/100 | TR Loss: 0.6724 Acc: 0.60 | VAL Loss: 0.7559 Acc: 0.38 
Ep 04/100 | TR Loss: 0.6694 Acc: 0.60 | VAL Loss: 0.7816 Acc: 0.38 
Ep 05/100 | TR Loss: 0.6661 Acc: 0.60 | VAL Loss: 0.8042 Acc: 0.38 
Ep 06/100 | TR Loss: 0.6574 Acc: 0.60 | VAL Loss: 0.8160 Acc: 0.38 
Ep 07/100 | TR Loss: 0.6356 Acc: 0.60 | VAL Loss: 0.8133 Acc: 0.38 
Ep 08/100 | TR Loss: 0.5945 Acc: 0.60 | VAL Loss: 0.7957 Acc: 0.38 
Ep 09/100 | TR Loss: 0.5335 Acc: 0.60 | VAL Loss: 0.7626 Acc: 0.40 
Ep 10/100 | TR Loss: 0.4541 Acc: 0.70 | VAL Loss: 0.7306 Acc: 0.54 
Ep 11/100 | TR Loss: 0.3550 Acc: 0.80 | VAL Loss: 0.7137 Acc: 0.70 *(Best)*
Ep 12/100 | TR Loss: 0.2861 Acc: 1.00 | VAL Loss: 0.7010 Acc: 0.68 *(Best)*
Ep 13/100 | TR Loss: 0.2409 Acc: 1.00 | VAL Loss: 0.7053 Acc: 0.70 
Ep 14/100 | TR Loss: 0.2042 Acc: 1.00 | VAL Loss: 0.7614 Acc: 0.68 
Ep 15/100 | TR Loss: 0.1700 Acc: 1.00 | VAL Loss: 0.7956 Acc: 0.66 
Ep 16/100 | TR Loss: 0.1379 Acc: 1.00 | VAL Loss: 0.8236 Acc: 0.66 
Ep 17/100 | TR Loss: 0.1094 Acc: 1.00 | VAL Loss: 0.8574 Acc: 0.66 
Ep 18/100 | TR Loss: 0.0851 Acc: 1.00 | VAL Loss: 0.7781 Acc: 0.70 
Ep 19/100 | TR Loss: 0.0650 Acc: 1.00 | VAL Loss: 0.8166 Acc: 0.70 
Ep 20/100 | TR Loss: 0.0487 Acc: 1.00 | VAL Loss: 0.8618 Acc: 0.70 
Ep 21/100 | TR Loss: 0.0361 Acc: 1.00 | VAL Loss: 0.9110 Acc: 0.70 
Ep 22/100 | TR Loss: 0.0267 Acc: 1.00 | VAL Loss: 0.9623 Acc: 0.70 
Ep 23/100 | TR Loss: 0.0198 Acc: 1.00 | VAL Loss: 1.0143 Acc: 0.70 
Ep 24/100 | TR Loss: 0.0149 Acc: 1.00 | VAL Loss: 1.0661 Acc: 0.70 
Ep 25/100 | TR Loss: 0.0114 Acc: 1.00 | VAL Loss: 1.1167 Acc: 0.70 
Ep 26/100 | TR Loss: 0.0088 Acc: 1.00 | VAL Loss: 1.1655 Acc: 0.70 
Ep 27/100 | TR Loss: 0.0070 Acc: 1.00 | VAL Loss: 1.2122 Acc: 0.70 
Ep 28/100 | TR Loss: 0.0056 Acc: 1.00 | VAL Loss: 1.2564 Acc: 0.70 
Ep 29/100 | TR Loss: 0.0046 Acc: 1.00 | VAL Loss: 1.2981 Acc: 0.70 
Ep 30/100 | TR Loss: 0.0039 Acc: 1.00 | VAL Loss: 1.3371 Acc: 0.70 
Ep 31/100 | TR Loss: 0.0033 Acc: 1.00 | VAL Loss: 1.3736 Acc: 0.70 
Ep 32/100 | TR Loss: 0.0028 Acc: 1.00 | VAL Loss: 1.4076 Acc: 0.70 
Ep 33/100 | TR Loss: 0.0025 Acc: 1.00 | VAL Loss: 1.4393 Acc: 0.70 
Ep 34/100 | TR Loss: 0.0022 Acc: 1.00 | VAL Loss: 1.4686 Acc: 0.70 
Ep 35/100 | TR Loss: 0.0020 Acc: 1.00 | VAL Loss: 1.4959 Acc: 0.70 
Ep 36/100 | TR Loss: 0.0018 Acc: 1.00 | VAL Loss: 1.5211 Acc: 0.70 
Ep 37/100 | TR Loss: 0.0016 Acc: 1.00 | VAL Loss: 1.5445 Acc: 0.70 
Ep 38/100 | TR Loss: 0.0015 Acc: 1.00 | VAL Loss: 1.5662 Acc: 0.70 
Ep 39/100 | TR Loss: 0.0014 Acc: 1.00 | VAL Loss: 1.5862 Acc: 0.70 
Ep 40/100 | TR Loss: 0.0013 Acc: 1.00 | VAL Loss: 1.6048 Acc: 0.70 
Ep 41/100 | TR Loss: 0.0012 Acc: 1.00 | VAL Loss: 1.6219 Acc: 0.70 
Ep 42/100 | TR Loss: 0.0011 Acc: 1.00 | VAL Loss: 1.6378 Acc: 0.70 
Ep 43/100 | TR Loss: 0.0010 Acc: 1.00 | VAL Loss: 1.6525 Acc: 0.70 
Ep 44/100 | TR Loss: 0.0010 Acc: 1.00 | VAL Loss: 1.6661 Acc: 0.70 
Ep 45/100 | TR Loss: 0.0009 Acc: 1.00 | VAL Loss: 1.6787 Acc: 0.70 
Ep 46/100 | TR Loss: 0.0009 Acc: 1.00 | VAL Loss: 1.6903 Acc: 0.70 
Ep 47/100 | TR Loss: 0.0009 Acc: 1.00 | VAL Loss: 1.7010 Acc: 0.70 
Ep 48/100 | TR Loss: 0.0008 Acc: 1.00 | VAL Loss: 1.7110 Acc: 0.70 
Ep 49/100 | TR Loss: 0.0008 Acc: 1.00 | VAL Loss: 1.7202 Acc: 0.70 
Ep 50/100 | TR Loss: 0.0008 Acc: 1.00 | VAL Loss: 1.7286 Acc: 0.70 
Ep 51/100 | TR Loss: 0.0007 Acc: 1.00 | VAL Loss: 1.7365 Acc: 0.70 
Ep 52/100 | TR Loss: 0.0007 Acc: 1.00 | VAL Loss: 1.7437 Acc: 0.70 
Ep 53/100 | TR Loss: 0.0007 Acc: 1.00 | VAL Loss: 1.7504 Acc: 0.70 
Ep 54/100 | TR Loss: 0.0007 Acc: 1.00 | VAL Loss: 1.7566 Acc: 0.70 
Ep 55/100 | TR Loss: 0.0007 Acc: 1.00 | VAL Loss: 1.7623 Acc: 0.70 
Ep 56/100 | TR Loss: 0.0006 Acc: 1.00 | VAL Loss: 1.7676 Acc: 0.70 
Ep 57/100 | TR Loss: 0.0006 Acc: 1.00 | VAL Loss: 1.7725 Acc: 0.70 
Ep 58/100 | TR Loss: 0.0006 Acc: 1.00 | VAL Loss: 1.7770 Acc: 0.70 
Ep 59/100 | TR Loss: 0.0006 Acc: 1.00 | VAL Loss: 1.7811 Acc: 0.70 
Ep 60/100 | TR Loss: 0.0006 Acc: 1.00 | VAL Loss: 1.7850 Acc: 0.70 
Ep 61/100 | TR Loss: 0.0006 Acc: 1.00 | VAL Loss: 1.7885 Acc: 0.70 
Ep 62/100 | TR Loss: 0.0006 Acc: 1.00 | VAL Loss: 1.7918 Acc: 0.70 
Ep 63/100 | TR Loss: 0.0006 Acc: 1.00 | VAL Loss: 1.7949 Acc: 0.70 
Ep 64/100 | TR Loss: 0.0006 Acc: 1.00 | VAL Loss: 1.7977 Acc: 0.70 
Ep 65/100 | TR Loss: 0.0006 Acc: 1.00 | VAL Loss: 1.8003 Acc: 0.70 
Ep 66/100 | TR Loss: 0.0005 Acc: 1.00 | VAL Loss: 1.8027 Acc: 0.70 
Ep 67/100 | TR Loss: 0.0005 Acc: 1.00 | VAL Loss: 1.8049 Acc: 0.70 
Ep 68/100 | TR Loss: 0.0005 Acc: 1.00 | VAL Loss: 1.9326 Acc: 0.68 
Ep 69/100 | TR Loss: 0.0005 Acc: 1.00 | VAL Loss: 1.9346 Acc: 0.68 
Ep 70/100 | TR Loss: 0.0005 Acc: 1.00 | VAL Loss: 1.9364 Acc: 0.68 
Ep 71/100 | TR Loss: 0.0005 Acc: 1.00 | VAL Loss: 1.9381 Acc: 0.68 
Ep 72/100 | TR Loss: 0.0005 Acc: 1.00 | VAL Loss: 1.9396 Acc: 0.68 
Ep 73/100 | TR Loss: 0.0005 Acc: 1.00 | VAL Loss: 1.9411 Acc: 0.68 
Ep 74/100 | TR Loss: 0.0005 Acc: 1.00 | VAL Loss: 1.9423 Acc: 0.68 
Ep 75/100 | TR Loss: 0.0005 Acc: 1.00 | VAL Loss: 1.9434 Acc: 0.68 
Ep 76/100 | TR Loss: 0.0005 Acc: 1.00 | VAL Loss: 1.8292 Acc: 0.70 
Ep 77/100 | TR Loss: 0.0005 Acc: 1.00 | VAL Loss: 1.8301 Acc: 0.70 
Ep 78/100 | TR Loss: 0.0005 Acc: 1.00 | VAL Loss: 1.8309 Acc: 0.70 
Ep 79/100 | TR Loss: 0.0005 Acc: 1.00 | VAL Loss: 1.8316 Acc: 0.70 
Ep 80/100 | TR Loss: 0.0005 Acc: 1.00 | VAL Loss: 1.8322 Acc: 0.70 
Ep 81/100 | TR Loss: 0.0005 Acc: 1.00 | VAL Loss: 1.8327 Acc: 0.70 
Ep 82/100 | TR Loss: 0.0005 Acc: 1.00 | VAL Loss: 1.7171 Acc: 0.72 
Ep 83/100 | TR Loss: 0.0005 Acc: 1.00 | VAL Loss: 1.7174 Acc: 0.72 
Ep 84/100 | TR Loss: 0.0005 Acc: 1.00 | VAL Loss: 1.7176 Acc: 0.72 
Ep 85/100 | TR Loss: 0.0005 Acc: 1.00 | VAL Loss: 1.7173 Acc: 0.72 
Ep 86/100 | TR Loss: 0.0005 Acc: 1.00 | VAL Loss: 1.6018 Acc: 0.74 
Ep 87/100 | TR Loss: 0.0005 Acc: 1.00 | VAL Loss: 1.6019 Acc: 0.74 
Ep 88/100 | TR Loss: 0.0005 Acc: 1.00 | VAL Loss: 1.6020 Acc: 0.74 
Ep 89/100 | TR Loss: 0.0005 Acc: 1.00 | VAL Loss: 1.6020 Acc: 0.74 
Ep 90/100 | TR Loss: 0.0005 Acc: 1.00 | VAL Loss: 1.6020 Acc: 0.74 
Ep 91/100 | TR Loss: 0.0005 Acc: 1.00 | VAL Loss: 1.7277 Acc: 0.72 
Ep 92/100 | TR Loss: 0.0005 Acc: 1.00 | VAL Loss: 1.7277 Acc: 0.72 
Ep 93/100 | TR Loss: 0.0005 Acc: 1.00 | VAL Loss: 1.7276 Acc: 0.72 
Ep 94/100 | TR Loss: 0.0005 Acc: 1.00 | VAL Loss: 1.7275 Acc: 0.72 
Ep 95/100 | TR Loss: 0.0005 Acc: 1.00 | VAL Loss: 1.7274 Acc: 0.72 
Ep 96/100 | TR Loss: 0.0005 Acc: 1.00 | VAL Loss: 1.7272 Acc: 0.72 
Ep 97/100 | TR Loss: 0.0005 Acc: 1.00 | VAL Loss: 1.8524 Acc: 0.70 
Ep 98/100 | TR Loss: 0.0005 Acc: 1.00 | VAL Loss: 1.8523 Acc: 0.70 
Ep 99/100 | TR Loss: 0.0005 Acc: 1.00 | VAL Loss: 1.8521 Acc: 0.70 
Ep 100/100 | TR Loss: 0.0005 Acc: 1.00 | VAL Loss: 1.8518 Acc: 0.70 

==================================================
BEST MODEL TEST SET EVALUATION (MULTIPLE THRESHOLDS)
==================================================
Threshold  | Acc      | Prec     | Rec      | F1      
--------------------------------------------------
0.30       | 0.69     | 0.72     | 0.74     | 0.73     
0.40       | 0.70     | 0.74     | 0.74     | 0.74     
0.50       | 0.71     | 0.75     | 0.74     | 0.74     <-- (Arg)
0.60       | 0.53     | 0.81     | 0.23     | 0.36     
0.70       | 0.43     | 0.00     | 0.00     | 0.00     
==================================================

========================================
End    : Thu May 21 23:09:31 +03 2026
Output : output_classical/job_1094579
total 114K
-rw-r--r-- 1 aerturk23 hpcusers  33K May 21  2026 best_model.pth
-rw-r--r-- 1 aerturk23 hpcusers  362 May 21 23:09 config.json
-rw-r--r-- 1 aerturk23 hpcusers  13K May 21 23:09 history.json
-rw-r--r-- 1 aerturk23 hpcusers  966 May 21  2026 output.err
-rw-r--r-- 1 aerturk23 hpcusers 8.2K May 21 23:09 output.log
-rw-r--r-- 1 aerturk23 hpcusers  59K May 21  2026 training_metrics.png
========================================
