========================================
Job ID : 1094780
Start  : Fri May 22 06:38:35 +03 2026
GPU    : Tesla T4
========================================
--- Quantum QNLP Script starting ---
[*] Configuration saved to: output_qnlp/job_1094780/config.json
========================================
DATA SOURCE SELECTION : SYNTHETIC
TRAINING SIZE         : 50
VALIDATION SIZE       : 50
TEST SIZE             : 100
WEIGHT DECAY          : 0.0001
CLASSIFICATION THRESHOLD : 0.5
QUANTUM LAYERS        : 1
========================================

--- Preparing Dataset ---
Generating DisCoCat grammar diagrams...
Generating quantum circuits (IQP Ansatz)...

--- Starting Quantum Model Training (Epochs: 100) ---
Ep 01/100 | TR Loss: 0.7249 Acc: 0.68 | VAL Loss: 0.4989 Acc: 0.86 *(Best)*
Ep 02/100 | TR Loss: 0.2226 Acc: 0.98 | VAL Loss: 0.1971 Acc: 0.98 *(Best)*
Ep 03/100 | TR Loss: 0.0956 Acc: 1.00 | VAL Loss: 0.0754 Acc: 1.00 *(Best)*
Ep 04/100 | TR Loss: 0.0520 Acc: 1.00 | VAL Loss: 0.0260 Acc: 1.00 *(Best)*
Ep 05/100 | TR Loss: 0.0188 Acc: 1.00 | VAL Loss: 0.0193 Acc: 1.00 *(Best)*
Ep 06/100 | TR Loss: 0.0159 Acc: 1.00 | VAL Loss: 0.0153 Acc: 1.00 *(Best)*
Ep 07/100 | TR Loss: 0.0125 Acc: 1.00 | VAL Loss: 0.0035 Acc: 1.00 *(Best)*
Ep 08/100 | TR Loss: 0.0044 Acc: 1.00 | VAL Loss: 0.0049 Acc: 1.00 
Ep 09/100 | TR Loss: 0.0043 Acc: 1.00 | VAL Loss: 0.0063 Acc: 1.00 
Ep 10/100 | TR Loss: 0.0045 Acc: 1.00 | VAL Loss: 0.0093 Acc: 1.00 
Ep 11/100 | TR Loss: 0.0063 Acc: 1.00 | VAL Loss: 0.0235 Acc: 1.00 
Ep 12/100 | TR Loss: 0.0144 Acc: 1.00 | VAL Loss: 0.0632 Acc: 1.00 
Ep 13/100 | TR Loss: 0.0373 Acc: 1.00 | VAL Loss: 0.1342 Acc: 0.84 
Ep 14/100 | TR Loss: 0.0734 Acc: 0.94 | VAL Loss: 0.1414 Acc: 0.84 
Ep 15/100 | TR Loss: 0.1018 Acc: 0.94 | VAL Loss: 0.0544 Acc: 1.00 
Ep 16/100 | TR Loss: 0.0664 Acc: 0.96 | VAL Loss: 0.0322 Acc: 1.00 
Ep 17/100 | TR Loss: 0.0216 Acc: 1.00 | VAL Loss: 0.0201 Acc: 1.00 
Ep 18/100 | TR Loss: 0.0296 Acc: 1.00 | VAL Loss: 0.0236 Acc: 1.00 
Ep 19/100 | TR Loss: 0.0388 Acc: 1.00 | VAL Loss: 0.0300 Acc: 1.00 
Ep 20/100 | TR Loss: 0.0359 Acc: 1.00 | VAL Loss: 0.0319 Acc: 1.00 
Ep 21/100 | TR Loss: 0.0512 Acc: 1.00 | VAL Loss: 0.0560 Acc: 1.00 
Ep 22/100 | TR Loss: 0.0602 Acc: 1.00 | VAL Loss: 0.0952 Acc: 1.00 
Ep 23/100 | TR Loss: 0.0959 Acc: 0.98 | VAL Loss: 0.0446 Acc: 1.00 
Ep 24/100 | TR Loss: 0.0553 Acc: 1.00 | VAL Loss: 0.0276 Acc: 1.00 
Ep 25/100 | TR Loss: 0.0379 Acc: 1.00 | VAL Loss: 0.0389 Acc: 1.00 
Ep 26/100 | TR Loss: 0.0394 Acc: 1.00 | VAL Loss: 0.0266 Acc: 1.00 
Ep 27/100 | TR Loss: 0.0409 Acc: 1.00 | VAL Loss: 0.0244 Acc: 1.00 
Ep 28/100 | TR Loss: 0.0446 Acc: 1.00 | VAL Loss: 0.0668 Acc: 1.00 
Ep 29/100 | TR Loss: 0.0847 Acc: 1.00 | VAL Loss: 0.1408 Acc: 0.96 
Ep 30/100 | TR Loss: 0.1257 Acc: 0.98 | VAL Loss: 0.1012 Acc: 1.00 
Ep 31/100 | TR Loss: 0.0838 Acc: 1.00 | VAL Loss: 0.0776 Acc: 1.00 
Ep 32/100 | TR Loss: 0.0687 Acc: 1.00 | VAL Loss: 0.0496 Acc: 1.00 
Ep 33/100 | TR Loss: 0.0546 Acc: 1.00 | VAL Loss: 0.0437 Acc: 1.00 
Ep 34/100 | TR Loss: 0.0659 Acc: 1.00 | VAL Loss: 0.0438 Acc: 1.00 
Ep 35/100 | TR Loss: 0.0517 Acc: 1.00 | VAL Loss: 0.0511 Acc: 1.00 
Ep 36/100 | TR Loss: 0.0728 Acc: 1.00 | VAL Loss: 0.1083 Acc: 1.00 
Ep 37/100 | TR Loss: 0.1026 Acc: 1.00 | VAL Loss: 0.1832 Acc: 0.96 
Ep 38/100 | TR Loss: 0.1114 Acc: 1.00 | VAL Loss: 0.1238 Acc: 1.00 
Ep 39/100 | TR Loss: 0.1030 Acc: 1.00 | VAL Loss: 0.1206 Acc: 1.00 
Ep 40/100 | TR Loss: 0.0873 Acc: 1.00 | VAL Loss: 0.0650 Acc: 1.00 
Ep 41/100 | TR Loss: 0.0417 Acc: 1.00 | VAL Loss: 0.0295 Acc: 1.00 
Ep 42/100 | TR Loss: 0.0357 Acc: 1.00 | VAL Loss: 0.0812 Acc: 1.00 
Ep 43/100 | TR Loss: 0.0426 Acc: 1.00 | VAL Loss: 0.0402 Acc: 1.00 
Ep 44/100 | TR Loss: 0.0555 Acc: 1.00 | VAL Loss: 0.1315 Acc: 1.00 
Ep 45/100 | TR Loss: 0.0608 Acc: 1.00 | VAL Loss: 0.0348 Acc: 1.00 
Ep 46/100 | TR Loss: 0.0433 Acc: 1.00 | VAL Loss: 0.0401 Acc: 1.00 
Ep 47/100 | TR Loss: 0.0466 Acc: 1.00 | VAL Loss: 0.0598 Acc: 1.00 
Ep 48/100 | TR Loss: 0.0871 Acc: 1.00 | VAL Loss: 0.1249 Acc: 1.00 
Ep 49/100 | TR Loss: 0.0789 Acc: 1.00 | VAL Loss: 0.0892 Acc: 1.00 
Ep 50/100 | TR Loss: 0.1015 Acc: 1.00 | VAL Loss: 0.0945 Acc: 1.00 
Ep 51/100 | TR Loss: 0.0936 Acc: 0.98 | VAL Loss: 0.0900 Acc: 1.00 
Ep 52/100 | TR Loss: 0.0783 Acc: 1.00 | VAL Loss: 0.0524 Acc: 1.00 
Ep 53/100 | TR Loss: 0.0681 Acc: 1.00 | VAL Loss: 0.0437 Acc: 1.00 
Ep 54/100 | TR Loss: 0.0685 Acc: 1.00 | VAL Loss: 0.0897 Acc: 1.00 
Ep 55/100 | TR Loss: 0.0573 Acc: 1.00 | VAL Loss: 0.0542 Acc: 1.00 
Ep 56/100 | TR Loss: 0.0689 Acc: 1.00 | VAL Loss: 0.1117 Acc: 1.00 
Ep 57/100 | TR Loss: 0.1266 Acc: 0.98 | VAL Loss: 0.1706 Acc: 0.98 
Ep 58/100 | TR Loss: 0.1452 Acc: 1.00 | VAL Loss: 0.1636 Acc: 0.98 
Ep 59/100 | TR Loss: 0.1560 Acc: 0.96 | VAL Loss: 0.0667 Acc: 1.00 
Ep 60/100 | TR Loss: 0.0656 Acc: 1.00 | VAL Loss: 0.0572 Acc: 1.00 
Ep 61/100 | TR Loss: 0.0576 Acc: 1.00 | VAL Loss: 0.1010 Acc: 1.00 
Ep 62/100 | TR Loss: 0.0664 Acc: 1.00 | VAL Loss: 0.0581 Acc: 1.00 
Ep 63/100 | TR Loss: 0.0399 Acc: 1.00 | VAL Loss: 0.0735 Acc: 1.00 
Ep 64/100 | TR Loss: 0.0614 Acc: 1.00 | VAL Loss: 0.0476 Acc: 1.00 
Ep 65/100 | TR Loss: 0.0546 Acc: 1.00 | VAL Loss: 0.0450 Acc: 1.00 
Ep 66/100 | TR Loss: 0.0418 Acc: 1.00 | VAL Loss: 0.0582 Acc: 1.00 
Ep 67/100 | TR Loss: 0.0637 Acc: 1.00 | VAL Loss: 0.0825 Acc: 1.00 
Ep 68/100 | TR Loss: 0.0684 Acc: 1.00 | VAL Loss: 0.0757 Acc: 1.00 
Ep 69/100 | TR Loss: 0.0569 Acc: 1.00 | VAL Loss: 0.0748 Acc: 1.00 
Ep 70/100 | TR Loss: 0.0421 Acc: 1.00 | VAL Loss: 0.0395 Acc: 1.00 
Ep 71/100 | TR Loss: 0.0466 Acc: 1.00 | VAL Loss: 0.0681 Acc: 1.00 
Ep 72/100 | TR Loss: 0.0599 Acc: 1.00 | VAL Loss: 0.0367 Acc: 1.00 
Ep 73/100 | TR Loss: 0.0670 Acc: 1.00 | VAL Loss: 0.0969 Acc: 1.00 
Ep 74/100 | TR Loss: 0.0868 Acc: 1.00 | VAL Loss: 0.0658 Acc: 1.00 
Ep 75/100 | TR Loss: 0.0473 Acc: 1.00 | VAL Loss: 0.0302 Acc: 1.00 
Ep 76/100 | TR Loss: 0.0295 Acc: 1.00 | VAL Loss: 0.0132 Acc: 1.00 
Ep 77/100 | TR Loss: 0.0317 Acc: 1.00 | VAL Loss: 0.0315 Acc: 1.00 
Ep 78/100 | TR Loss: 0.0357 Acc: 1.00 | VAL Loss: 0.0144 Acc: 1.00 
Ep 79/100 | TR Loss: 0.0302 Acc: 1.00 | VAL Loss: 0.0148 Acc: 1.00 
Ep 80/100 | TR Loss: 0.0280 Acc: 1.00 | VAL Loss: 0.0087 Acc: 1.00 
Ep 81/100 | TR Loss: 0.0252 Acc: 1.00 | VAL Loss: 0.0293 Acc: 1.00 
Ep 82/100 | TR Loss: 0.0342 Acc: 1.00 | VAL Loss: 0.0413 Acc: 1.00 
Ep 83/100 | TR Loss: 0.0331 Acc: 1.00 | VAL Loss: 0.0386 Acc: 1.00 
Ep 84/100 | TR Loss: 0.0412 Acc: 1.00 | VAL Loss: 0.0711 Acc: 1.00 
Ep 85/100 | TR Loss: 0.0466 Acc: 1.00 | VAL Loss: 0.0621 Acc: 1.00 
Ep 86/100 | TR Loss: 0.0552 Acc: 1.00 | VAL Loss: 0.0664 Acc: 1.00 
Ep 87/100 | TR Loss: 0.0691 Acc: 1.00 | VAL Loss: 0.0556 Acc: 1.00 
Ep 88/100 | TR Loss: 0.0729 Acc: 1.00 | VAL Loss: 0.0592 Acc: 1.00 
Ep 89/100 | TR Loss: 0.0421 Acc: 1.00 | VAL Loss: 0.0781 Acc: 1.00 
Ep 90/100 | TR Loss: 0.0333 Acc: 1.00 | VAL Loss: 0.0360 Acc: 1.00 
Ep 91/100 | TR Loss: 0.0389 Acc: 1.00 | VAL Loss: 0.0689 Acc: 1.00 
Ep 92/100 | TR Loss: 0.0592 Acc: 1.00 | VAL Loss: 0.1232 Acc: 1.00 
Ep 93/100 | TR Loss: 0.0848 Acc: 1.00 | VAL Loss: 0.1099 Acc: 1.00 
Ep 94/100 | TR Loss: 0.2745 Acc: 0.90 | VAL Loss: 0.3344 Acc: 0.82 
Ep 95/100 | TR Loss: 0.4287 Acc: 0.82 | VAL Loss: 0.4807 Acc: 0.82 
Ep 96/100 | TR Loss: 0.5498 Acc: 0.80 | VAL Loss: 1.1675 Acc: 0.56 
Ep 97/100 | TR Loss: 0.8152 Acc: 0.74 | VAL Loss: 2.4054 Acc: 0.36 
Ep 98/100 | TR Loss: 0.9975 Acc: 0.44 | VAL Loss: 1.1355 Acc: 0.42 
Ep 99/100 | TR Loss: 1.1439 Acc: 0.56 | VAL Loss: 1.8641 Acc: 0.44 
Ep 100/100 | TR Loss: 0.9094 Acc: 0.60 | VAL Loss: 0.8405 Acc: 0.50 
[*] Training plots saved to: output_qnlp/job_1094780/training_metrics.png

==================================================
BEST MODEL TEST SET EVALUATION (MULTIPLE THRESHOLDS)
==================================================
Threshold  | Acc      | Prec     | Rec      | F1      
--------------------------------------------------
0.30       | 1.00     | 1.00     | 1.00     | 1.00     
0.40       | 1.00     | 1.00     | 1.00     | 1.00     
0.50       | 1.00     | 1.00     | 1.00     | 1.00     <-- (Arg)
0.60       | 1.00     | 1.00     | 1.00     | 1.00     
0.70       | 1.00     | 1.00     | 1.00     | 1.00     
==================================================

========================================
End    : Fri May 22 06:40:41 +03 2026
Output : output_qnlp/job_1094780
total 109K
-rw-r--r-- 1 aerturk23 hpcusers 6.0K May 22 06:39 best_model.pth
-rw-r--r-- 1 aerturk23 hpcusers  295 May 22 06:39 config.json
-rw-r--r-- 1 aerturk23 hpcusers  12K May 22 06:40 history.json
-rw-r--r-- 1 aerturk23 hpcusers  966 May 22 06:38 output.err
-rw-r--r-- 1 aerturk23 hpcusers 8.2K May 22 06:38 output.log
-rw-r--r-- 1 aerturk23 hpcusers  81K May 22  2026 training_metrics.png
========================================
