========================================
Job ID : 1094757
Start  : Fri May 22 05:50:47 +03 2026
GPU    : Tesla T4
========================================
--- Classical LSTM Script starting ---
[*] Configuration saved to: output_classical/job_1094757/config.json
========================================
MODEL                 : CLASSICAL LSTM
DATA SOURCE SELECTION : SST2
TRAINING SIZE         : 500
VALIDATION SIZE       : 50
TEST SIZE             : 100
WEIGHT DECAY          : 0.0001
DROPOUT RATE          : 0.5
CLASSIFICATION THRESHOLD : 0.5
BATCH SIZE            : 16
EMBED/HIDDEN DIMS     : 16 / 32
========================================

--- Preparing Dataset and Tokenization ---
[*] REAL DATASET SIZES -> Train: 500 | Val: 50 | Test: 100
--- Initializing Classical Model ---

--- Starting Classical LSTM Training (Epochs: 100) ---
Ep 01/100 | TR Loss: 0.6792 Acc: 0.59 | VAL Loss: 0.6949 Acc: 0.60 *(Best)*
Ep 02/100 | TR Loss: 0.6565 Acc: 0.60 | VAL Loss: 0.6791 Acc: 0.52 *(Best)*
Ep 03/100 | TR Loss: 0.5896 Acc: 0.73 | VAL Loss: 0.7220 Acc: 0.58 
Ep 04/100 | TR Loss: 0.3603 Acc: 0.87 | VAL Loss: 0.9579 Acc: 0.58 
Ep 05/100 | TR Loss: 0.1056 Acc: 0.97 | VAL Loss: 1.7566 Acc: 0.62 
Ep 06/100 | TR Loss: 0.0285 Acc: 0.99 | VAL Loss: 2.3716 Acc: 0.66 
Ep 07/100 | TR Loss: 0.0133 Acc: 1.00 | VAL Loss: 2.1639 Acc: 0.58 
Ep 08/100 | TR Loss: 0.0167 Acc: 1.00 | VAL Loss: 2.4300 Acc: 0.64 
Ep 09/100 | TR Loss: 0.0136 Acc: 1.00 | VAL Loss: 2.3088 Acc: 0.62 
Ep 10/100 | TR Loss: 0.0053 Acc: 1.00 | VAL Loss: 2.4003 Acc: 0.66 
Ep 11/100 | TR Loss: 0.0017 Acc: 1.00 | VAL Loss: 2.8408 Acc: 0.64 
Ep 12/100 | TR Loss: 0.0013 Acc: 1.00 | VAL Loss: 2.7507 Acc: 0.60 
Ep 13/100 | TR Loss: 0.0010 Acc: 1.00 | VAL Loss: 2.9549 Acc: 0.60 
Ep 14/100 | TR Loss: 0.0008 Acc: 1.00 | VAL Loss: 3.0323 Acc: 0.60 
Ep 15/100 | TR Loss: 0.0007 Acc: 1.00 | VAL Loss: 3.0683 Acc: 0.60 
Ep 16/100 | TR Loss: 0.0007 Acc: 1.00 | VAL Loss: 3.1182 Acc: 0.58 
Ep 17/100 | TR Loss: 0.0007 Acc: 1.00 | VAL Loss: 3.1719 Acc: 0.56 
Ep 18/100 | TR Loss: 0.0006 Acc: 1.00 | VAL Loss: 3.1304 Acc: 0.56 
Ep 19/100 | TR Loss: 0.0006 Acc: 1.00 | VAL Loss: 3.1644 Acc: 0.56 
Ep 20/100 | TR Loss: 0.0005 Acc: 1.00 | VAL Loss: 3.2042 Acc: 0.56 
Ep 21/100 | TR Loss: 0.0005 Acc: 1.00 | VAL Loss: 3.2054 Acc: 0.56 
Ep 22/100 | TR Loss: 0.0005 Acc: 1.00 | VAL Loss: 3.2034 Acc: 0.56 
Ep 23/100 | TR Loss: 0.0005 Acc: 1.00 | VAL Loss: 3.1890 Acc: 0.54 
Ep 24/100 | TR Loss: 0.0004 Acc: 1.00 | VAL Loss: 3.0907 Acc: 0.58 
Ep 25/100 | TR Loss: 0.0004 Acc: 1.00 | VAL Loss: 3.0822 Acc: 0.58 
Ep 26/100 | TR Loss: 0.0006 Acc: 1.00 | VAL Loss: 2.6701 Acc: 0.58 
Ep 27/100 | TR Loss: 0.1494 Acc: 0.95 | VAL Loss: 0.9330 Acc: 0.60 
Ep 28/100 | TR Loss: 0.2650 Acc: 0.90 | VAL Loss: 0.8891 Acc: 0.70 
Ep 29/100 | TR Loss: 0.0795 Acc: 0.98 | VAL Loss: 1.5418 Acc: 0.66 
Ep 30/100 | TR Loss: 0.0095 Acc: 0.99 | VAL Loss: 1.5527 Acc: 0.66 
Ep 31/100 | TR Loss: 0.0017 Acc: 1.00 | VAL Loss: 1.7416 Acc: 0.66 
Ep 32/100 | TR Loss: 0.0012 Acc: 1.00 | VAL Loss: 1.8384 Acc: 0.66 
Ep 33/100 | TR Loss: 0.0010 Acc: 1.00 | VAL Loss: 1.9084 Acc: 0.66 
Ep 34/100 | TR Loss: 0.0009 Acc: 1.00 | VAL Loss: 1.9696 Acc: 0.66 
Ep 35/100 | TR Loss: 0.0008 Acc: 1.00 | VAL Loss: 2.0284 Acc: 0.66 
Ep 36/100 | TR Loss: 0.0008 Acc: 1.00 | VAL Loss: 2.0829 Acc: 0.66 
Ep 37/100 | TR Loss: 0.0007 Acc: 1.00 | VAL Loss: 2.1314 Acc: 0.66 
Ep 38/100 | TR Loss: 0.0007 Acc: 1.00 | VAL Loss: 2.1879 Acc: 0.66 
Ep 39/100 | TR Loss: 0.0007 Acc: 1.00 | VAL Loss: 2.2374 Acc: 0.66 
Ep 40/100 | TR Loss: 0.0006 Acc: 1.00 | VAL Loss: 2.2870 Acc: 0.66 
Ep 41/100 | TR Loss: 0.0006 Acc: 1.00 | VAL Loss: 2.3566 Acc: 0.64 
Ep 42/100 | TR Loss: 0.0006 Acc: 1.00 | VAL Loss: 2.4164 Acc: 0.64 
Ep 43/100 | TR Loss: 0.0006 Acc: 1.00 | VAL Loss: 2.4734 Acc: 0.64 
Ep 44/100 | TR Loss: 0.0005 Acc: 1.00 | VAL Loss: 2.5289 Acc: 0.64 
Ep 45/100 | TR Loss: 0.0005 Acc: 1.00 | VAL Loss: 2.5967 Acc: 0.62 
Ep 46/100 | TR Loss: 0.0005 Acc: 1.00 | VAL Loss: 2.6636 Acc: 0.58 
Ep 47/100 | TR Loss: 0.0005 Acc: 1.00 | VAL Loss: 2.7263 Acc: 0.58 
Ep 48/100 | TR Loss: 0.0005 Acc: 1.00 | VAL Loss: 2.8091 Acc: 0.58 
Ep 49/100 | TR Loss: 0.0005 Acc: 1.00 | VAL Loss: 2.8584 Acc: 0.58 
Ep 50/100 | TR Loss: 0.0004 Acc: 1.00 | VAL Loss: 2.9180 Acc: 0.60 
Ep 51/100 | TR Loss: 0.0007 Acc: 1.00 | VAL Loss: 3.1853 Acc: 0.58 
Ep 52/100 | TR Loss: 0.0193 Acc: 1.00 | VAL Loss: 2.0088 Acc: 0.62 
Ep 53/100 | TR Loss: 0.0461 Acc: 0.99 | VAL Loss: 1.5865 Acc: 0.66 
Ep 54/100 | TR Loss: 0.0134 Acc: 1.00 | VAL Loss: 2.0377 Acc: 0.68 
Ep 55/100 | TR Loss: 0.0043 Acc: 1.00 | VAL Loss: 2.2540 Acc: 0.66 
Ep 56/100 | TR Loss: 0.0006 Acc: 1.00 | VAL Loss: 2.4142 Acc: 0.64 
Ep 57/100 | TR Loss: 0.0005 Acc: 1.00 | VAL Loss: 2.5465 Acc: 0.62 
Ep 58/100 | TR Loss: 0.0005 Acc: 1.00 | VAL Loss: 2.6405 Acc: 0.62 
Ep 59/100 | TR Loss: 0.0005 Acc: 1.00 | VAL Loss: 2.7230 Acc: 0.62 
Ep 60/100 | TR Loss: 0.0004 Acc: 1.00 | VAL Loss: 2.7858 Acc: 0.62 
Ep 61/100 | TR Loss: 0.0004 Acc: 1.00 | VAL Loss: 2.8223 Acc: 0.64 
Ep 62/100 | TR Loss: 0.0004 Acc: 1.00 | VAL Loss: 2.9003 Acc: 0.60 
Ep 63/100 | TR Loss: 0.0004 Acc: 1.00 | VAL Loss: 2.9626 Acc: 0.60 
Ep 64/100 | TR Loss: 0.0004 Acc: 1.00 | VAL Loss: 2.9929 Acc: 0.60 
Ep 65/100 | TR Loss: 0.0004 Acc: 1.00 | VAL Loss: 3.0173 Acc: 0.60 
Ep 66/100 | TR Loss: 0.0004 Acc: 1.00 | VAL Loss: 3.1083 Acc: 0.60 
Ep 67/100 | TR Loss: 0.0004 Acc: 1.00 | VAL Loss: 3.1746 Acc: 0.60 
Ep 68/100 | TR Loss: 0.0004 Acc: 1.00 | VAL Loss: 3.1952 Acc: 0.60 
Ep 69/100 | TR Loss: 0.0003 Acc: 1.00 | VAL Loss: 3.2293 Acc: 0.60 
Ep 70/100 | TR Loss: 0.0003 Acc: 1.00 | VAL Loss: 3.2803 Acc: 0.60 
Ep 71/100 | TR Loss: 0.0003 Acc: 1.00 | VAL Loss: 3.2920 Acc: 0.60 
Ep 72/100 | TR Loss: 0.0003 Acc: 1.00 | VAL Loss: 3.3217 Acc: 0.60 
Ep 73/100 | TR Loss: 0.0003 Acc: 1.00 | VAL Loss: 3.3516 Acc: 0.60 
Ep 74/100 | TR Loss: 0.0003 Acc: 1.00 | VAL Loss: 3.3608 Acc: 0.60 
Ep 75/100 | TR Loss: 0.0003 Acc: 1.00 | VAL Loss: 3.4069 Acc: 0.60 
Ep 76/100 | TR Loss: 0.0003 Acc: 1.00 | VAL Loss: 3.4554 Acc: 0.60 
Ep 77/100 | TR Loss: 0.0004 Acc: 1.00 | VAL Loss: 3.4285 Acc: 0.58 
Ep 78/100 | TR Loss: 0.0003 Acc: 1.00 | VAL Loss: 3.4531 Acc: 0.58 
Ep 79/100 | TR Loss: 0.0003 Acc: 1.00 | VAL Loss: 3.4876 Acc: 0.58 
Ep 80/100 | TR Loss: 0.0003 Acc: 1.00 | VAL Loss: 3.5271 Acc: 0.58 
Ep 81/100 | TR Loss: 0.0003 Acc: 1.00 | VAL Loss: 3.5300 Acc: 0.58 
Ep 82/100 | TR Loss: 0.0003 Acc: 1.00 | VAL Loss: 3.5383 Acc: 0.58 
Ep 83/100 | TR Loss: 0.0003 Acc: 1.00 | VAL Loss: 3.5749 Acc: 0.58 
Ep 84/100 | TR Loss: 0.0003 Acc: 1.00 | VAL Loss: 3.6163 Acc: 0.58 
Ep 85/100 | TR Loss: 0.0003 Acc: 1.00 | VAL Loss: 3.5678 Acc: 0.58 
Ep 86/100 | TR Loss: 0.0003 Acc: 1.00 | VAL Loss: 3.5974 Acc: 0.58 
Ep 87/100 | TR Loss: 0.0003 Acc: 1.00 | VAL Loss: 3.6937 Acc: 0.58 
Ep 88/100 | TR Loss: 0.0190 Acc: 1.00 | VAL Loss: 2.4558 Acc: 0.60 
Ep 89/100 | TR Loss: 0.1045 Acc: 0.96 | VAL Loss: 1.8282 Acc: 0.64 
Ep 90/100 | TR Loss: 0.1306 Acc: 0.96 | VAL Loss: 0.8021 Acc: 0.62 
Ep 91/100 | TR Loss: 0.0454 Acc: 0.99 | VAL Loss: 0.9530 Acc: 0.68 
Ep 92/100 | TR Loss: 0.0152 Acc: 1.00 | VAL Loss: 1.2125 Acc: 0.68 
Ep 93/100 | TR Loss: 0.0026 Acc: 1.00 | VAL Loss: 1.3138 Acc: 0.66 
Ep 94/100 | TR Loss: 0.0011 Acc: 1.00 | VAL Loss: 1.4599 Acc: 0.64 
Ep 95/100 | TR Loss: 0.0006 Acc: 1.00 | VAL Loss: 1.5664 Acc: 0.64 
Ep 96/100 | TR Loss: 0.0006 Acc: 1.00 | VAL Loss: 1.6716 Acc: 0.64 
Ep 97/100 | TR Loss: 0.0005 Acc: 1.00 | VAL Loss: 1.7619 Acc: 0.60 
Ep 98/100 | TR Loss: 0.0005 Acc: 1.00 | VAL Loss: 1.8588 Acc: 0.60 
Ep 99/100 | TR Loss: 0.0004 Acc: 1.00 | VAL Loss: 1.9468 Acc: 0.62 
Ep 100/100 | TR Loss: 0.0004 Acc: 1.00 | VAL Loss: 2.0465 Acc: 0.62 

==================================================
BEST MODEL TEST SET EVALUATION (MULTIPLE THRESHOLDS)
==================================================
Threshold  | Acc      | Prec     | Rec      | F1      
--------------------------------------------------
0.30       | 0.64     | 0.64     | 1.00     | 0.78     
0.40       | 0.63     | 0.64     | 0.97     | 0.77     
0.50       | 0.52     | 0.64     | 0.56     | 0.60     <-- (Arg)
0.60       | 0.39     | 0.64     | 0.11     | 0.19     
0.70       | 0.36     | 0.00     | 0.00     | 0.00     
==================================================

========================================
End    : Fri May 22 05:51:15 +03 2026
Output : output_classical/job_1094757
total 202K
-rw-r--r-- 1 aerturk23 hpcusers  96K May 22  2026 best_model.pth
-rw-r--r-- 1 aerturk23 hpcusers  364 May 22 05:50 config.json
-rw-r--r-- 1 aerturk23 hpcusers  13K May 22  2026 history.json
-rw-r--r-- 1 aerturk23 hpcusers  966 May 22 05:50 output.err
-rw-r--r-- 1 aerturk23 hpcusers 8.2K May 22 05:50 output.log
-rw-r--r-- 1 aerturk23 hpcusers  84K May 22 05:51 training_metrics.png
========================================
