========================================
Job ID : 1094803
Start  : Fri May 22 07:03:09 +03 2026
GPU    : Tesla T4
========================================
--- Quantum QNLP Script starting ---
[*] Configuration saved to: output_qnlp/job_1094803/config.json
========================================
DATA SOURCE SELECTION : SYNTHETIC
TRAINING SIZE         : 100
VALIDATION SIZE       : 50
TEST SIZE             : 100
WEIGHT DECAY          : 0.0001
CLASSIFICATION THRESHOLD : 0.5
QUANTUM LAYERS        : 1
========================================

--- Preparing Dataset ---
Generating DisCoCat grammar diagrams...
Generating quantum circuits (IQP Ansatz)...

--- Starting Quantum Model Training (Epochs: 100) ---
Ep 01/100 | TR Loss: 0.9142 Acc: 0.65 | VAL Loss: 0.8680 Acc: 0.38 *(Best)*
Ep 02/100 | TR Loss: 0.8199 Acc: 0.54 | VAL Loss: 0.6656 Acc: 0.60 *(Best)*
Ep 03/100 | TR Loss: 0.7455 Acc: 0.53 | VAL Loss: 0.6320 Acc: 0.68 *(Best)*
Ep 04/100 | TR Loss: 0.5092 Acc: 0.73 | VAL Loss: 0.2594 Acc: 0.96 *(Best)*
Ep 05/100 | TR Loss: 0.1073 Acc: 1.00 | VAL Loss: 0.0515 Acc: 1.00 *(Best)*
Ep 06/100 | TR Loss: 0.0334 Acc: 1.00 | VAL Loss: 0.0138 Acc: 1.00 *(Best)*
Ep 07/100 | TR Loss: 0.0093 Acc: 1.00 | VAL Loss: 0.0043 Acc: 1.00 *(Best)*
Ep 08/100 | TR Loss: 0.0031 Acc: 1.00 | VAL Loss: 0.0030 Acc: 1.00 *(Best)*
Ep 09/100 | TR Loss: 0.0013 Acc: 1.00 | VAL Loss: 0.0022 Acc: 1.00 *(Best)*
Ep 10/100 | TR Loss: 0.0008 Acc: 1.00 | VAL Loss: 0.0014 Acc: 1.00 *(Best)*
Ep 11/100 | TR Loss: 0.0005 Acc: 1.00 | VAL Loss: 0.0006 Acc: 1.00 *(Best)*
Ep 12/100 | TR Loss: 0.0003 Acc: 1.00 | VAL Loss: 0.0003 Acc: 1.00 *(Best)*
Ep 13/100 | TR Loss: 0.0001 Acc: 1.00 | VAL Loss: 0.0001 Acc: 1.00 *(Best)*
Ep 14/100 | TR Loss: 0.0001 Acc: 1.00 | VAL Loss: 0.0000 Acc: 1.00 *(Best)*
Ep 15/100 | TR Loss: 0.0000 Acc: 1.00 | VAL Loss: 0.0000 Acc: 1.00 *(Best)*
Ep 16/100 | TR Loss: 0.0000 Acc: 1.00 | VAL Loss: 0.0000 Acc: 1.00 *(Best)*
Ep 17/100 | TR Loss: 0.0000 Acc: 1.00 | VAL Loss: 0.0000 Acc: 1.00 *(Best)*
Ep 18/100 | TR Loss: 0.0000 Acc: 1.00 | VAL Loss: 0.0000 Acc: 1.00 *(Best)*
Ep 19/100 | TR Loss: 0.0000 Acc: 1.00 | VAL Loss: 0.0000 Acc: 1.00 *(Best)*
Ep 20/100 | TR Loss: 0.0000 Acc: 1.00 | VAL Loss: 0.0000 Acc: 1.00 *(Best)*
Ep 21/100 | TR Loss: 0.0000 Acc: 1.00 | VAL Loss: 0.0000 Acc: 1.00 *(Best)*
Ep 22/100 | TR Loss: 0.0000 Acc: 1.00 | VAL Loss: 0.0000 Acc: 1.00 *(Best)*
Ep 23/100 | TR Loss: 0.0000 Acc: 1.00 | VAL Loss: 0.0000 Acc: 1.00 *(Best)*
Ep 24/100 | TR Loss: 0.0000 Acc: 1.00 | VAL Loss: 0.0000 Acc: 1.00 *(Best)*
Ep 25/100 | TR Loss: 0.0000 Acc: 1.00 | VAL Loss: 0.0000 Acc: 1.00 
Ep 26/100 | TR Loss: 0.0000 Acc: 1.00 | VAL Loss: 0.0000 Acc: 1.00 *(Best)*
Ep 27/100 | TR Loss: 0.0000 Acc: 1.00 | VAL Loss: 0.0000 Acc: 1.00 
Ep 28/100 | TR Loss: 0.0000 Acc: 1.00 | VAL Loss: 0.0000 Acc: 1.00 *(Best)*
Ep 29/100 | TR Loss: 0.0000 Acc: 1.00 | VAL Loss: 0.0000 Acc: 1.00 *(Best)*
Ep 30/100 | TR Loss: 0.0000 Acc: 1.00 | VAL Loss: 0.0000 Acc: 1.00 *(Best)*
Ep 31/100 | TR Loss: 0.0000 Acc: 1.00 | VAL Loss: 0.0000 Acc: 1.00 
Ep 32/100 | TR Loss: 0.0000 Acc: 1.00 | VAL Loss: 0.0000 Acc: 1.00 
Ep 33/100 | TR Loss: 0.0000 Acc: 1.00 | VAL Loss: 0.0000 Acc: 1.00 
Ep 34/100 | TR Loss: 0.0000 Acc: 1.00 | VAL Loss: 0.0000 Acc: 1.00 
Ep 35/100 | TR Loss: 0.0000 Acc: 1.00 | VAL Loss: 0.0000 Acc: 1.00 
Ep 36/100 | TR Loss: 0.0000 Acc: 1.00 | VAL Loss: 0.0000 Acc: 1.00 
Ep 37/100 | TR Loss: 0.0000 Acc: 1.00 | VAL Loss: 0.0000 Acc: 1.00 
Ep 38/100 | TR Loss: 0.0000 Acc: 1.00 | VAL Loss: 0.0000 Acc: 1.00 
Ep 39/100 | TR Loss: 0.0000 Acc: 1.00 | VAL Loss: 0.0000 Acc: 1.00 
Ep 40/100 | TR Loss: 0.0000 Acc: 1.00 | VAL Loss: 0.0000 Acc: 1.00 
Ep 41/100 | TR Loss: 0.0000 Acc: 1.00 | VAL Loss: 0.0000 Acc: 1.00 
Ep 42/100 | TR Loss: 0.0001 Acc: 1.00 | VAL Loss: 0.0001 Acc: 1.00 
Ep 43/100 | TR Loss: 0.0001 Acc: 1.00 | VAL Loss: 0.0007 Acc: 1.00 
Ep 44/100 | TR Loss: 0.0003 Acc: 1.00 | VAL Loss: 0.0029 Acc: 1.00 
Ep 45/100 | TR Loss: 0.0010 Acc: 1.00 | VAL Loss: 0.0083 Acc: 1.00 
Ep 46/100 | TR Loss: 0.0023 Acc: 1.00 | VAL Loss: 0.0147 Acc: 1.00 
Ep 47/100 | TR Loss: 0.0055 Acc: 1.00 | VAL Loss: 0.0115 Acc: 1.00 
Ep 48/100 | TR Loss: 0.0113 Acc: 1.00 | VAL Loss: 0.0593 Acc: 1.00 
Ep 49/100 | TR Loss: 0.0842 Acc: 1.00 | VAL Loss: 0.1033 Acc: 1.00 
Ep 50/100 | TR Loss: 0.0797 Acc: 1.00 | VAL Loss: 0.1219 Acc: 1.00 
Ep 51/100 | TR Loss: 0.3995 Acc: 0.84 | VAL Loss: 0.7829 Acc: 0.46 
Ep 52/100 | TR Loss: 0.8852 Acc: 0.49 | VAL Loss: 0.8166 Acc: 0.56 
Ep 53/100 | TR Loss: 0.9277 Acc: 0.57 | VAL Loss: 0.9003 Acc: 0.56 
Ep 54/100 | TR Loss: 1.0102 Acc: 0.53 | VAL Loss: 0.8268 Acc: 0.58 
Ep 55/100 | TR Loss: 0.7998 Acc: 0.59 | VAL Loss: 1.1639 Acc: 0.70 
Ep 56/100 | TR Loss: 0.3916 Acc: 0.84 | VAL Loss: 0.1842 Acc: 0.96 
Ep 57/100 | TR Loss: 0.1281 Acc: 0.99 | VAL Loss: 0.0380 Acc: 1.00 
Ep 58/100 | TR Loss: 0.0302 Acc: 1.00 | VAL Loss: 0.0143 Acc: 1.00 
Ep 59/100 | TR Loss: 0.0086 Acc: 1.00 | VAL Loss: 0.0039 Acc: 1.00 
Ep 60/100 | TR Loss: 0.0029 Acc: 1.00 | VAL Loss: 0.0018 Acc: 1.00 
Ep 61/100 | TR Loss: 0.0009 Acc: 1.00 | VAL Loss: 0.0009 Acc: 1.00 
Ep 62/100 | TR Loss: 0.0004 Acc: 1.00 | VAL Loss: 0.0004 Acc: 1.00 
Ep 63/100 | TR Loss: 0.0001 Acc: 1.00 | VAL Loss: 0.0001 Acc: 1.00 
Ep 64/100 | TR Loss: 0.0001 Acc: 1.00 | VAL Loss: 0.0000 Acc: 1.00 
Ep 65/100 | TR Loss: 0.0000 Acc: 1.00 | VAL Loss: 0.0000 Acc: 1.00 
Ep 66/100 | TR Loss: 0.0000 Acc: 1.00 | VAL Loss: 0.0000 Acc: 1.00 
Ep 67/100 | TR Loss: 0.0000 Acc: 1.00 | VAL Loss: 0.0000 Acc: 1.00 
Ep 68/100 | TR Loss: 0.0000 Acc: 1.00 | VAL Loss: 0.0000 Acc: 1.00 
Ep 69/100 | TR Loss: 0.0000 Acc: 1.00 | VAL Loss: 0.0000 Acc: 1.00 
Ep 70/100 | TR Loss: 0.0000 Acc: 1.00 | VAL Loss: 0.0000 Acc: 1.00 
Ep 71/100 | TR Loss: 0.0000 Acc: 1.00 | VAL Loss: 0.0000 Acc: 1.00 
Ep 72/100 | TR Loss: 0.0000 Acc: 1.00 | VAL Loss: 0.0000 Acc: 1.00 
Ep 73/100 | TR Loss: 0.0000 Acc: 1.00 | VAL Loss: 0.0000 Acc: 1.00 
Ep 74/100 | TR Loss: 0.0000 Acc: 1.00 | VAL Loss: 0.0000 Acc: 1.00 
Ep 75/100 | TR Loss: 0.0000 Acc: 1.00 | VAL Loss: 0.0000 Acc: 1.00 
Ep 76/100 | TR Loss: 0.0000 Acc: 1.00 | VAL Loss: 0.0000 Acc: 1.00 
Ep 77/100 | TR Loss: 0.0000 Acc: 1.00 | VAL Loss: 0.0000 Acc: 1.00 
Ep 78/100 | TR Loss: 0.0000 Acc: 1.00 | VAL Loss: 0.0000 Acc: 1.00 
Ep 79/100 | TR Loss: 0.0000 Acc: 1.00 | VAL Loss: 0.0000 Acc: 1.00 
Ep 80/100 | TR Loss: 0.0000 Acc: 1.00 | VAL Loss: 0.0000 Acc: 1.00 
Ep 81/100 | TR Loss: 0.0000 Acc: 1.00 | VAL Loss: 0.0000 Acc: 1.00 
Ep 82/100 | TR Loss: 0.0000 Acc: 1.00 | VAL Loss: 0.0000 Acc: 1.00 
Ep 83/100 | TR Loss: 0.0000 Acc: 1.00 | VAL Loss: 0.0000 Acc: 1.00 
Ep 84/100 | TR Loss: 0.0000 Acc: 1.00 | VAL Loss: 0.0000 Acc: 1.00 
Ep 85/100 | TR Loss: 0.0000 Acc: 1.00 | VAL Loss: 0.0000 Acc: 1.00 
Ep 86/100 | TR Loss: 0.0000 Acc: 1.00 | VAL Loss: 0.0000 Acc: 1.00 
Ep 87/100 | TR Loss: 0.0000 Acc: 1.00 | VAL Loss: 0.0000 Acc: 1.00 
Ep 88/100 | TR Loss: 0.0000 Acc: 1.00 | VAL Loss: 0.0000 Acc: 1.00 
Ep 89/100 | TR Loss: 0.0000 Acc: 1.00 | VAL Loss: 0.0000 Acc: 1.00 
Ep 90/100 | TR Loss: 0.0000 Acc: 1.00 | VAL Loss: 0.0000 Acc: 1.00 
Ep 91/100 | TR Loss: 0.0000 Acc: 1.00 | VAL Loss: 0.0000 Acc: 1.00 
Ep 92/100 | TR Loss: 0.0000 Acc: 1.00 | VAL Loss: 0.0000 Acc: 1.00 
Ep 93/100 | TR Loss: 0.0000 Acc: 1.00 | VAL Loss: 0.0000 Acc: 1.00 
Ep 94/100 | TR Loss: 0.0000 Acc: 1.00 | VAL Loss: 0.0000 Acc: 1.00 
Ep 95/100 | TR Loss: 0.0000 Acc: 1.00 | VAL Loss: 0.0000 Acc: 1.00 
Ep 96/100 | TR Loss: 0.0000 Acc: 1.00 | VAL Loss: 0.0000 Acc: 1.00 
Ep 97/100 | TR Loss: 0.0000 Acc: 1.00 | VAL Loss: 0.0000 Acc: 1.00 
Ep 98/100 | TR Loss: 0.0000 Acc: 1.00 | VAL Loss: 0.0000 Acc: 1.00 
Ep 99/100 | TR Loss: 0.0000 Acc: 1.00 | VAL Loss: 0.0000 Acc: 1.00 
Ep 100/100 | TR Loss: 0.0000 Acc: 1.00 | VAL Loss: 0.0000 Acc: 1.00 
[*] Training plots saved to: output_qnlp/job_1094803/training_metrics.png

==================================================
BEST MODEL TEST SET EVALUATION (MULTIPLE THRESHOLDS)
==================================================
Threshold  | Acc      | Prec     | Rec      | F1      
--------------------------------------------------
0.30       | 1.00     | 1.00     | 1.00     | 1.00     
0.40       | 1.00     | 1.00     | 1.00     | 1.00     
0.50       | 1.00     | 1.00     | 1.00     | 1.00     <-- (Arg)
0.60       | 1.00     | 1.00     | 1.00     | 1.00     
0.70       | 1.00     | 1.00     | 1.00     | 1.00     
==================================================

========================================
End    : Fri May 22 07:06:11 +03 2026
Output : output_qnlp/job_1094803
total 109K
-rw-r--r-- 1 aerturk23 hpcusers 6.0K May 22 07:04 best_model.pth
-rw-r--r-- 1 aerturk23 hpcusers  297 May 22 07:03 config.json
-rw-r--r-- 1 aerturk23 hpcusers  12K May 22 07:06 history.json
-rw-r--r-- 1 aerturk23 hpcusers  966 May 22 07:04 output.err
-rw-r--r-- 1 aerturk23 hpcusers 8.4K May 22  2026 output.log
-rw-r--r-- 1 aerturk23 hpcusers  81K May 22  2026 training_metrics.png
========================================
