========================================
Job ID : 1094725
Start  : Fri May 22 03:33:30 +03 2026
GPU    : Tesla T4
========================================
--- Classical LSTM Script starting ---
[*] Configuration saved to: output_classical/job_1094725/config.json
========================================
MODEL                 : CLASSICAL LSTM
DATA SOURCE SELECTION : SST2
TRAINING SIZE         : 100
VALIDATION SIZE       : 50
TEST SIZE             : 100
WEIGHT DECAY          : 0.0001
DROPOUT RATE          : 0.5
CLASSIFICATION THRESHOLD : 0.5
BATCH SIZE            : 16
EMBED/HIDDEN DIMS     : 16 / 32
========================================

--- Preparing Dataset and Tokenization ---
[*] REAL DATASET SIZES -> Train: 100 | Val: 50 | Test: 100
--- Initializing Classical Model ---

--- Starting Classical LSTM Training (Epochs: 100) ---
Ep 01/100 | TR Loss: 0.6832 Acc: 0.51 | VAL Loss: 0.7218 Acc: 0.54 *(Best)*
Ep 02/100 | TR Loss: 0.6355 Acc: 0.63 | VAL Loss: 0.8332 Acc: 0.54 
Ep 03/100 | TR Loss: 0.6199 Acc: 0.65 | VAL Loss: 0.8179 Acc: 0.52 
Ep 04/100 | TR Loss: 0.5339 Acc: 0.71 | VAL Loss: 0.8616 Acc: 0.50 
Ep 05/100 | TR Loss: 0.4553 Acc: 0.81 | VAL Loss: 1.0325 Acc: 0.46 
Ep 06/100 | TR Loss: 0.2970 Acc: 0.93 | VAL Loss: 1.2127 Acc: 0.44 
Ep 07/100 | TR Loss: 0.2023 Acc: 0.95 | VAL Loss: 1.3587 Acc: 0.42 
Ep 08/100 | TR Loss: 0.1433 Acc: 0.96 | VAL Loss: 1.7744 Acc: 0.50 
Ep 09/100 | TR Loss: 0.1179 Acc: 0.95 | VAL Loss: 1.7357 Acc: 0.44 
Ep 10/100 | TR Loss: 0.0649 Acc: 0.98 | VAL Loss: 1.7645 Acc: 0.40 
Ep 11/100 | TR Loss: 0.0295 Acc: 0.99 | VAL Loss: 2.5767 Acc: 0.46 
Ep 12/100 | TR Loss: 0.0136 Acc: 1.00 | VAL Loss: 2.6899 Acc: 0.50 
Ep 13/100 | TR Loss: 0.0032 Acc: 1.00 | VAL Loss: 2.6431 Acc: 0.52 
Ep 14/100 | TR Loss: 0.0024 Acc: 1.00 | VAL Loss: 2.6685 Acc: 0.48 
Ep 15/100 | TR Loss: 0.0016 Acc: 1.00 | VAL Loss: 2.7314 Acc: 0.46 
Ep 16/100 | TR Loss: 0.0013 Acc: 1.00 | VAL Loss: 2.7972 Acc: 0.48 
Ep 17/100 | TR Loss: 0.0010 Acc: 1.00 | VAL Loss: 2.8510 Acc: 0.48 
Ep 18/100 | TR Loss: 0.0009 Acc: 1.00 | VAL Loss: 2.8955 Acc: 0.46 
Ep 19/100 | TR Loss: 0.0009 Acc: 1.00 | VAL Loss: 2.9303 Acc: 0.46 
Ep 20/100 | TR Loss: 0.0009 Acc: 1.00 | VAL Loss: 2.9602 Acc: 0.46 
Ep 21/100 | TR Loss: 0.0008 Acc: 1.00 | VAL Loss: 2.9812 Acc: 0.50 
Ep 22/100 | TR Loss: 0.0007 Acc: 1.00 | VAL Loss: 2.9948 Acc: 0.50 
Ep 23/100 | TR Loss: 0.0008 Acc: 1.00 | VAL Loss: 3.0031 Acc: 0.50 
Ep 24/100 | TR Loss: 0.0007 Acc: 1.00 | VAL Loss: 3.0065 Acc: 0.52 
Ep 25/100 | TR Loss: 0.0007 Acc: 1.00 | VAL Loss: 3.0086 Acc: 0.52 
Ep 26/100 | TR Loss: 0.0007 Acc: 1.00 | VAL Loss: 3.0077 Acc: 0.52 
Ep 27/100 | TR Loss: 0.0007 Acc: 1.00 | VAL Loss: 3.0085 Acc: 0.50 
Ep 28/100 | TR Loss: 0.0007 Acc: 1.00 | VAL Loss: 3.0175 Acc: 0.50 
Ep 29/100 | TR Loss: 0.0006 Acc: 1.00 | VAL Loss: 3.0205 Acc: 0.50 
Ep 30/100 | TR Loss: 0.0007 Acc: 1.00 | VAL Loss: 3.0250 Acc: 0.50 
Ep 31/100 | TR Loss: 0.0007 Acc: 1.00 | VAL Loss: 3.0232 Acc: 0.50 
Ep 32/100 | TR Loss: 0.0006 Acc: 1.00 | VAL Loss: 3.0195 Acc: 0.50 
Ep 33/100 | TR Loss: 0.0006 Acc: 1.00 | VAL Loss: 3.0174 Acc: 0.50 
Ep 34/100 | TR Loss: 0.0006 Acc: 1.00 | VAL Loss: 3.0140 Acc: 0.52 
Ep 35/100 | TR Loss: 0.0006 Acc: 1.00 | VAL Loss: 3.0115 Acc: 0.50 
Ep 36/100 | TR Loss: 0.0006 Acc: 1.00 | VAL Loss: 3.0125 Acc: 0.50 
Ep 37/100 | TR Loss: 0.0006 Acc: 1.00 | VAL Loss: 3.0164 Acc: 0.52 
Ep 38/100 | TR Loss: 0.0006 Acc: 1.00 | VAL Loss: 3.0138 Acc: 0.52 
Ep 39/100 | TR Loss: 0.0006 Acc: 1.00 | VAL Loss: 3.0135 Acc: 0.54 
Ep 40/100 | TR Loss: 0.0005 Acc: 1.00 | VAL Loss: 3.0078 Acc: 0.54 
Ep 41/100 | TR Loss: 0.0006 Acc: 1.00 | VAL Loss: 3.0008 Acc: 0.52 
Ep 42/100 | TR Loss: 0.0005 Acc: 1.00 | VAL Loss: 2.9929 Acc: 0.50 
Ep 43/100 | TR Loss: 0.0006 Acc: 1.00 | VAL Loss: 2.9892 Acc: 0.50 
Ep 44/100 | TR Loss: 0.0005 Acc: 1.00 | VAL Loss: 2.9829 Acc: 0.52 
Ep 45/100 | TR Loss: 0.0005 Acc: 1.00 | VAL Loss: 2.9807 Acc: 0.52 
Ep 46/100 | TR Loss: 0.0005 Acc: 1.00 | VAL Loss: 2.9805 Acc: 0.52 
Ep 47/100 | TR Loss: 0.0005 Acc: 1.00 | VAL Loss: 2.9780 Acc: 0.54 
Ep 48/100 | TR Loss: 0.0005 Acc: 1.00 | VAL Loss: 2.9741 Acc: 0.54 
Ep 49/100 | TR Loss: 0.0005 Acc: 1.00 | VAL Loss: 2.9690 Acc: 0.56 
Ep 50/100 | TR Loss: 0.0005 Acc: 1.00 | VAL Loss: 2.9730 Acc: 0.56 
Ep 51/100 | TR Loss: 0.0005 Acc: 1.00 | VAL Loss: 2.9807 Acc: 0.56 
Ep 52/100 | TR Loss: 0.0005 Acc: 1.00 | VAL Loss: 2.9856 Acc: 0.56 
Ep 53/100 | TR Loss: 0.0005 Acc: 1.00 | VAL Loss: 2.9800 Acc: 0.56 
Ep 54/100 | TR Loss: 0.0005 Acc: 1.00 | VAL Loss: 2.9929 Acc: 0.56 
Ep 55/100 | TR Loss: 0.0004 Acc: 1.00 | VAL Loss: 3.0093 Acc: 0.56 
Ep 56/100 | TR Loss: 0.0005 Acc: 1.00 | VAL Loss: 3.0095 Acc: 0.56 
Ep 57/100 | TR Loss: 0.0004 Acc: 1.00 | VAL Loss: 2.9998 Acc: 0.56 
Ep 58/100 | TR Loss: 0.0004 Acc: 1.00 | VAL Loss: 3.0021 Acc: 0.56 
Ep 59/100 | TR Loss: 0.0004 Acc: 1.00 | VAL Loss: 3.0064 Acc: 0.56 
Ep 60/100 | TR Loss: 0.0004 Acc: 1.00 | VAL Loss: 3.0044 Acc: 0.56 
Ep 61/100 | TR Loss: 0.0004 Acc: 1.00 | VAL Loss: 2.9993 Acc: 0.56 
Ep 62/100 | TR Loss: 0.0004 Acc: 1.00 | VAL Loss: 2.9907 Acc: 0.56 
Ep 63/100 | TR Loss: 0.0004 Acc: 1.00 | VAL Loss: 2.9782 Acc: 0.56 
Ep 64/100 | TR Loss: 0.0004 Acc: 1.00 | VAL Loss: 2.9825 Acc: 0.56 
Ep 65/100 | TR Loss: 0.0004 Acc: 1.00 | VAL Loss: 2.9741 Acc: 0.56 
Ep 66/100 | TR Loss: 0.0004 Acc: 1.00 | VAL Loss: 2.9667 Acc: 0.56 
Ep 67/100 | TR Loss: 0.0004 Acc: 1.00 | VAL Loss: 2.9729 Acc: 0.56 
Ep 68/100 | TR Loss: 0.0004 Acc: 1.00 | VAL Loss: 2.9781 Acc: 0.56 
Ep 69/100 | TR Loss: 0.0004 Acc: 1.00 | VAL Loss: 2.9639 Acc: 0.56 
Ep 70/100 | TR Loss: 0.0003 Acc: 1.00 | VAL Loss: 2.9519 Acc: 0.56 
Ep 71/100 | TR Loss: 0.0004 Acc: 1.00 | VAL Loss: 2.9391 Acc: 0.56 
Ep 72/100 | TR Loss: 0.0004 Acc: 1.00 | VAL Loss: 2.9361 Acc: 0.56 
Ep 73/100 | TR Loss: 0.0003 Acc: 1.00 | VAL Loss: 2.9331 Acc: 0.54 
Ep 74/100 | TR Loss: 0.0003 Acc: 1.00 | VAL Loss: 2.9280 Acc: 0.54 
Ep 75/100 | TR Loss: 0.0004 Acc: 1.00 | VAL Loss: 2.9214 Acc: 0.54 
Ep 76/100 | TR Loss: 0.0003 Acc: 1.00 | VAL Loss: 2.8926 Acc: 0.54 
Ep 77/100 | TR Loss: 0.0004 Acc: 1.00 | VAL Loss: 2.8973 Acc: 0.54 
Ep 78/100 | TR Loss: 0.0003 Acc: 1.00 | VAL Loss: 2.8937 Acc: 0.54 
Ep 79/100 | TR Loss: 0.0003 Acc: 1.00 | VAL Loss: 2.8931 Acc: 0.54 
Ep 80/100 | TR Loss: 0.0003 Acc: 1.00 | VAL Loss: 2.8864 Acc: 0.54 
Ep 81/100 | TR Loss: 0.0003 Acc: 1.00 | VAL Loss: 2.8829 Acc: 0.54 
Ep 82/100 | TR Loss: 0.0003 Acc: 1.00 | VAL Loss: 2.8841 Acc: 0.54 
Ep 83/100 | TR Loss: 0.0003 Acc: 1.00 | VAL Loss: 2.8787 Acc: 0.54 
Ep 84/100 | TR Loss: 0.0003 Acc: 1.00 | VAL Loss: 2.8685 Acc: 0.54 
Ep 85/100 | TR Loss: 0.0003 Acc: 1.00 | VAL Loss: 2.8734 Acc: 0.54 
Ep 86/100 | TR Loss: 0.0003 Acc: 1.00 | VAL Loss: 2.8977 Acc: 0.54 
Ep 87/100 | TR Loss: 0.0003 Acc: 1.00 | VAL Loss: 2.8776 Acc: 0.54 
Ep 88/100 | TR Loss: 0.0003 Acc: 1.00 | VAL Loss: 2.8664 Acc: 0.54 
Ep 89/100 | TR Loss: 0.0003 Acc: 1.00 | VAL Loss: 2.8427 Acc: 0.54 
Ep 90/100 | TR Loss: 0.0003 Acc: 1.00 | VAL Loss: 2.8430 Acc: 0.56 
Ep 91/100 | TR Loss: 0.0003 Acc: 1.00 | VAL Loss: 2.8301 Acc: 0.54 
Ep 92/100 | TR Loss: 0.0003 Acc: 1.00 | VAL Loss: 2.8177 Acc: 0.52 
Ep 93/100 | TR Loss: 0.0003 Acc: 1.00 | VAL Loss: 2.8070 Acc: 0.52 
Ep 94/100 | TR Loss: 0.0003 Acc: 1.00 | VAL Loss: 2.8006 Acc: 0.52 
Ep 95/100 | TR Loss: 0.0003 Acc: 1.00 | VAL Loss: 2.7974 Acc: 0.52 
Ep 96/100 | TR Loss: 0.0003 Acc: 1.00 | VAL Loss: 2.8134 Acc: 0.54 
Ep 97/100 | TR Loss: 0.0003 Acc: 1.00 | VAL Loss: 2.8047 Acc: 0.54 
Ep 98/100 | TR Loss: 0.0003 Acc: 1.00 | VAL Loss: 2.7988 Acc: 0.54 
Ep 99/100 | TR Loss: 0.0003 Acc: 1.00 | VAL Loss: 2.7714 Acc: 0.54 
Ep 100/100 | TR Loss: 0.0003 Acc: 1.00 | VAL Loss: 2.7529 Acc: 0.54 

==================================================
BEST MODEL TEST SET EVALUATION (MULTIPLE THRESHOLDS)
==================================================
Threshold  | Acc      | Prec     | Rec      | F1      
--------------------------------------------------
0.30       | 0.58     | 0.58     | 1.00     | 0.73     
0.40       | 0.58     | 0.58     | 1.00     | 0.73     
0.50       | 0.58     | 0.58     | 1.00     | 0.73     <-- (Arg)
0.60       | 0.42     | 0.50     | 0.02     | 0.03     
0.70       | 0.42     | 0.00     | 0.00     | 0.00     
==================================================

========================================
End    : Fri May 22 03:33:51 +03 2026
Output : output_classical/job_1094725
total 142K
-rw-r--r-- 1 aerturk23 hpcusers  58K May 22 03:33 best_model.pth
-rw-r--r-- 1 aerturk23 hpcusers  364 May 22 03:33 config.json
-rw-r--r-- 1 aerturk23 hpcusers  13K May 22 03:33 history.json
-rw-r--r-- 1 aerturk23 hpcusers  966 May 22  2026 output.err
-rw-r--r-- 1 aerturk23 hpcusers 8.2K May 22 03:33 output.log
-rw-r--r-- 1 aerturk23 hpcusers  62K May 22  2026 training_metrics.png
========================================
