========================================
Job ID : 1094738
Start  : Fri May 22 04:22:53 +03 2026
GPU    : Tesla T4
========================================
--- Quantum QNLP Script starting ---
[*] Configuration saved to: output_qnlp/job_1094738/config.json
========================================
DATA SOURCE SELECTION : SST2
TRAINING SIZE         : 250
VALIDATION SIZE       : 50
TEST SIZE             : 100
WEIGHT DECAY          : 0.0001
CLASSIFICATION THRESHOLD : 0.5
QUANTUM LAYERS        : 1
========================================

--- Preparing Dataset ---
Generating DisCoCat grammar diagrams...
Generating quantum circuits (IQP Ansatz)...

--- Starting Quantum Model Training (Epochs: 100) ---
Ep 01/100 | TR Loss: 1.4590 Acc: 0.43 | VAL Loss: 1.5754 Acc: 0.48 *(Best)*
Ep 02/100 | TR Loss: 0.7112 Acc: 0.65 | VAL Loss: 1.3462 Acc: 0.50 *(Best)*
Ep 03/100 | TR Loss: 0.4312 Acc: 0.82 | VAL Loss: 1.5307 Acc: 0.54 
Ep 04/100 | TR Loss: 0.3288 Acc: 0.91 | VAL Loss: 1.5773 Acc: 0.46 
Ep 05/100 | TR Loss: 0.2810 Acc: 0.92 | VAL Loss: 1.6104 Acc: 0.50 
Ep 06/100 | TR Loss: 0.2586 Acc: 0.94 | VAL Loss: 1.6382 Acc: 0.50 
Ep 07/100 | TR Loss: 0.2596 Acc: 0.94 | VAL Loss: 1.6606 Acc: 0.42 
Ep 08/100 | TR Loss: 0.2363 Acc: 0.95 | VAL Loss: 1.7432 Acc: 0.42 
Ep 09/100 | TR Loss: 0.2255 Acc: 0.96 | VAL Loss: 1.7713 Acc: 0.42 
Ep 10/100 | TR Loss: 0.2199 Acc: 0.94 | VAL Loss: 1.8058 Acc: 0.42 
Ep 11/100 | TR Loss: 0.2280 Acc: 0.93 | VAL Loss: 1.6987 Acc: 0.44 
Ep 12/100 | TR Loss: 0.2477 Acc: 0.92 | VAL Loss: 1.8315 Acc: 0.46 
Ep 13/100 | TR Loss: 0.2337 Acc: 0.94 | VAL Loss: 1.8053 Acc: 0.46 
Ep 14/100 | TR Loss: 0.2230 Acc: 0.94 | VAL Loss: 1.7575 Acc: 0.46 
Ep 15/100 | TR Loss: 0.2090 Acc: 0.96 | VAL Loss: 1.7421 Acc: 0.44 
Ep 16/100 | TR Loss: 0.2050 Acc: 0.96 | VAL Loss: 1.7578 Acc: 0.46 
Ep 17/100 | TR Loss: 0.2038 Acc: 0.95 | VAL Loss: 1.7924 Acc: 0.46 
Ep 18/100 | TR Loss: 0.1930 Acc: 0.95 | VAL Loss: 1.8323 Acc: 0.46 
Ep 19/100 | TR Loss: 0.1801 Acc: 0.96 | VAL Loss: 1.8333 Acc: 0.50 
Ep 20/100 | TR Loss: 0.1783 Acc: 0.97 | VAL Loss: 1.6774 Acc: 0.48 
Ep 21/100 | TR Loss: 0.1968 Acc: 0.94 | VAL Loss: 1.6684 Acc: 0.50 
Ep 22/100 | TR Loss: 0.1767 Acc: 0.96 | VAL Loss: 1.4780 Acc: 0.52 
Ep 23/100 | TR Loss: 0.1533 Acc: 0.96 | VAL Loss: 1.5659 Acc: 0.48 
Ep 24/100 | TR Loss: 0.1590 Acc: 0.96 | VAL Loss: 1.6066 Acc: 0.48 
Ep 25/100 | TR Loss: 0.2017 Acc: 0.94 | VAL Loss: 1.7191 Acc: 0.44 
Ep 26/100 | TR Loss: 0.2933 Acc: 0.90 | VAL Loss: 1.6710 Acc: 0.42 
Ep 27/100 | TR Loss: 0.2884 Acc: 0.88 | VAL Loss: 1.4439 Acc: 0.52 
Ep 28/100 | TR Loss: 0.4030 Acc: 0.82 | VAL Loss: 1.3764 Acc: 0.52 
Ep 29/100 | TR Loss: 0.2234 Acc: 0.91 | VAL Loss: 1.4175 Acc: 0.58 
Ep 30/100 | TR Loss: 0.1948 Acc: 0.94 | VAL Loss: 1.5382 Acc: 0.56 
Ep 31/100 | TR Loss: 0.2004 Acc: 0.93 | VAL Loss: 1.5086 Acc: 0.60 
Ep 32/100 | TR Loss: 0.2297 Acc: 0.93 | VAL Loss: 1.6461 Acc: 0.48 
Ep 33/100 | TR Loss: 0.3059 Acc: 0.86 | VAL Loss: 1.6351 Acc: 0.56 
Ep 34/100 | TR Loss: 0.3169 Acc: 0.86 | VAL Loss: 1.4047 Acc: 0.58 
Ep 35/100 | TR Loss: 0.2428 Acc: 0.90 | VAL Loss: 1.4961 Acc: 0.52 
Ep 36/100 | TR Loss: 0.2849 Acc: 0.88 | VAL Loss: 1.4201 Acc: 0.50 
Ep 37/100 | TR Loss: 0.2595 Acc: 0.91 | VAL Loss: 1.8887 Acc: 0.54 
Ep 38/100 | TR Loss: 0.2458 Acc: 0.90 | VAL Loss: 1.5585 Acc: 0.52 
Ep 39/100 | TR Loss: 0.2338 Acc: 0.93 | VAL Loss: 1.7398 Acc: 0.44 
Ep 40/100 | TR Loss: 0.2310 Acc: 0.92 | VAL Loss: 1.7277 Acc: 0.48 
Ep 41/100 | TR Loss: 0.2717 Acc: 0.91 | VAL Loss: 1.7546 Acc: 0.42 
Ep 42/100 | TR Loss: 0.2125 Acc: 0.94 | VAL Loss: 1.4726 Acc: 0.48 
Ep 43/100 | TR Loss: 0.2102 Acc: 0.94 | VAL Loss: 1.7111 Acc: 0.46 
Ep 44/100 | TR Loss: 0.2111 Acc: 0.93 | VAL Loss: 1.5896 Acc: 0.46 
Ep 45/100 | TR Loss: 0.2380 Acc: 0.91 | VAL Loss: 1.6300 Acc: 0.52 
Ep 46/100 | TR Loss: 0.2214 Acc: 0.93 | VAL Loss: 1.9761 Acc: 0.40 
Ep 47/100 | TR Loss: 0.3399 Acc: 0.88 | VAL Loss: 1.8214 Acc: 0.42 
Ep 48/100 | TR Loss: 0.2137 Acc: 0.94 | VAL Loss: 1.7894 Acc: 0.42 
Ep 49/100 | TR Loss: 0.2074 Acc: 0.94 | VAL Loss: 1.9810 Acc: 0.40 
Ep 50/100 | TR Loss: 0.1913 Acc: 0.96 | VAL Loss: 1.9625 Acc: 0.42 
Ep 51/100 | TR Loss: 0.1972 Acc: 0.96 | VAL Loss: 1.7918 Acc: 0.44 
Ep 52/100 | TR Loss: 0.1640 Acc: 0.97 | VAL Loss: 1.7903 Acc: 0.46 
Ep 53/100 | TR Loss: 0.1748 Acc: 0.97 | VAL Loss: 1.7725 Acc: 0.44 
Ep 54/100 | TR Loss: 0.1753 Acc: 0.95 | VAL Loss: 2.0357 Acc: 0.50 
Ep 55/100 | TR Loss: 0.1868 Acc: 0.95 | VAL Loss: 1.7681 Acc: 0.48 
Ep 56/100 | TR Loss: 0.2384 Acc: 0.91 | VAL Loss: 1.7661 Acc: 0.50 
Ep 57/100 | TR Loss: 0.2384 Acc: 0.94 | VAL Loss: 1.6624 Acc: 0.52 
Ep 58/100 | TR Loss: 0.2278 Acc: 0.92 | VAL Loss: 1.6917 Acc: 0.48 
Ep 59/100 | TR Loss: 0.1842 Acc: 0.95 | VAL Loss: 1.8273 Acc: 0.44 
Ep 60/100 | TR Loss: 0.1637 Acc: 0.95 | VAL Loss: 1.6388 Acc: 0.48 
Ep 61/100 | TR Loss: 0.1888 Acc: 0.96 | VAL Loss: 1.7015 Acc: 0.46 
Ep 62/100 | TR Loss: 0.1828 Acc: 0.96 | VAL Loss: 1.7717 Acc: 0.48 
Ep 63/100 | TR Loss: 0.3877 Acc: 0.81 | VAL Loss: 1.6444 Acc: 0.50 
Ep 64/100 | TR Loss: 0.2353 Acc: 0.92 | VAL Loss: 1.6746 Acc: 0.50 
Ep 65/100 | TR Loss: 0.2367 Acc: 0.89 | VAL Loss: 1.4864 Acc: 0.54 
Ep 66/100 | TR Loss: 0.2518 Acc: 0.90 | VAL Loss: 1.5325 Acc: 0.50 
Ep 67/100 | TR Loss: 0.2933 Acc: 0.88 | VAL Loss: 1.5983 Acc: 0.48 
Ep 68/100 | TR Loss: 0.2685 Acc: 0.90 | VAL Loss: 1.6530 Acc: 0.50 
Ep 69/100 | TR Loss: 0.3041 Acc: 0.85 | VAL Loss: 1.5276 Acc: 0.56 
Ep 70/100 | TR Loss: 0.2607 Acc: 0.90 | VAL Loss: 1.5934 Acc: 0.44 
Ep 71/100 | TR Loss: 0.2913 Acc: 0.88 | VAL Loss: 1.4618 Acc: 0.50 
Ep 72/100 | TR Loss: 0.2499 Acc: 0.90 | VAL Loss: 1.5672 Acc: 0.58 
Ep 73/100 | TR Loss: 0.3283 Acc: 0.88 | VAL Loss: 1.3144 Acc: 0.60 *(Best)*
Ep 74/100 | TR Loss: 0.3439 Acc: 0.86 | VAL Loss: 1.5437 Acc: 0.52 
Ep 75/100 | TR Loss: 0.2288 Acc: 0.91 | VAL Loss: 1.3881 Acc: 0.56 
Ep 76/100 | TR Loss: 0.2234 Acc: 0.93 | VAL Loss: 1.3869 Acc: 0.60 
Ep 77/100 | TR Loss: 0.2214 Acc: 0.91 | VAL Loss: 1.4514 Acc: 0.60 
Ep 78/100 | TR Loss: 0.2975 Acc: 0.92 | VAL Loss: 1.4166 Acc: 0.60 
Ep 79/100 | TR Loss: 0.2224 Acc: 0.94 | VAL Loss: 1.5992 Acc: 0.62 
Ep 80/100 | TR Loss: 0.2811 Acc: 0.88 | VAL Loss: 1.5199 Acc: 0.56 
Ep 81/100 | TR Loss: 0.2439 Acc: 0.90 | VAL Loss: 1.6176 Acc: 0.50 
Ep 82/100 | TR Loss: 0.3279 Acc: 0.89 | VAL Loss: 1.5714 Acc: 0.50 
Ep 83/100 | TR Loss: 0.2486 Acc: 0.91 | VAL Loss: 1.7128 Acc: 0.54 
Ep 84/100 | TR Loss: 0.1974 Acc: 0.94 | VAL Loss: 1.6075 Acc: 0.54 
Ep 85/100 | TR Loss: 0.2096 Acc: 0.95 | VAL Loss: 1.6738 Acc: 0.42 
Ep 86/100 | TR Loss: 0.1903 Acc: 0.94 | VAL Loss: 1.6975 Acc: 0.58 
Ep 87/100 | TR Loss: 0.2155 Acc: 0.94 | VAL Loss: 1.7014 Acc: 0.54 
Ep 88/100 | TR Loss: 0.2347 Acc: 0.92 | VAL Loss: 1.6210 Acc: 0.52 
Ep 89/100 | TR Loss: 0.3582 Acc: 0.84 | VAL Loss: 1.7784 Acc: 0.42 
Ep 90/100 | TR Loss: 0.1910 Acc: 0.94 | VAL Loss: 1.6988 Acc: 0.52 
Ep 91/100 | TR Loss: 0.1872 Acc: 0.93 | VAL Loss: 1.7373 Acc: 0.54 
Ep 92/100 | TR Loss: 0.1690 Acc: 0.94 | VAL Loss: 1.7239 Acc: 0.50 
Ep 93/100 | TR Loss: 0.1546 Acc: 0.95 | VAL Loss: 1.7226 Acc: 0.50 
Ep 94/100 | TR Loss: 0.1451 Acc: 0.96 | VAL Loss: 1.7311 Acc: 0.50 
Ep 95/100 | TR Loss: 0.1462 Acc: 0.96 | VAL Loss: 1.6935 Acc: 0.54 
Ep 96/100 | TR Loss: 0.1599 Acc: 0.96 | VAL Loss: 1.7031 Acc: 0.50 
Ep 97/100 | TR Loss: 0.1453 Acc: 0.97 | VAL Loss: 1.6754 Acc: 0.52 
Ep 98/100 | TR Loss: 0.1698 Acc: 0.95 | VAL Loss: 1.6239 Acc: 0.50 
Ep 99/100 | TR Loss: 0.1655 Acc: 0.96 | VAL Loss: 1.6049 Acc: 0.52 
Ep 100/100 | TR Loss: 0.1627 Acc: 0.95 | VAL Loss: 1.5917 Acc: 0.54 
[*] Training plots saved to: output_qnlp/job_1094738/training_metrics.png

==================================================
BEST MODEL TEST SET EVALUATION (MULTIPLE THRESHOLDS)
==================================================
Threshold  | Acc      | Prec     | Rec      | F1      
--------------------------------------------------
0.30       | 0.43     | 0.52     | 0.39     | 0.45     
0.40       | 0.43     | 0.53     | 0.32     | 0.40     
0.50       | 0.41     | 0.50     | 0.20     | 0.29     <-- (Arg)
0.60       | 0.39     | 0.43     | 0.10     | 0.16     
0.70       | 0.37     | 0.30     | 0.05     | 0.09     
==================================================

========================================
End    : Fri May 22 04:30:38 +03 2026
Output : output_qnlp/job_1094738
total 342K
-rw-r--r-- 1 aerturk23 hpcusers 195K May 22 04:29 best_model.pth
-rw-r--r-- 1 aerturk23 hpcusers  293 May 22 04:23 config.json
-rw-r--r-- 1 aerturk23 hpcusers  14K May 22 04:30 history.json
-rw-r--r-- 1 aerturk23 hpcusers  966 May 22 04:26 output.err
-rw-r--r-- 1 aerturk23 hpcusers 8.2K May 22 04:26 output.log
-rw-r--r-- 1 aerturk23 hpcusers 123K May 22 04:30 training_metrics.png
========================================
