========================================
Job ID : 1094577
Start  : Thu May 21 23:09:21 +03 2026
GPU    : Tesla T4
========================================
--- Quantum QNLP Script starting ---
[*] Configuration saved to: output_qnlp/job_1094577/config.json
========================================
DATA SOURCE SELECTION : BACH
TRAINING SIZE         : 10
VALIDATION SIZE       : 50
TEST SIZE             : 100
WEIGHT DECAY          : 0.0001
CLASSIFICATION THRESHOLD : 0.5
QUANTUM LAYERS        : 2
========================================

--- Preparing Dataset ---
Generating DisCoCat grammar diagrams...
Generating quantum circuits (IQP Ansatz)...

--- Starting Quantum Model Training (Epochs: 100) ---
Ep 01/100 | TR Loss: 0.5642 Acc: 0.60 | VAL Loss: 1.0118 Acc: 0.42 *(Best)*
Ep 02/100 | TR Loss: 0.9870 Acc: 0.70 | VAL Loss: 0.8190 Acc: 0.46 *(Best)*
Ep 03/100 | TR Loss: 0.5886 Acc: 0.60 | VAL Loss: 0.7506 Acc: 0.50 *(Best)*
Ep 04/100 | TR Loss: 0.6009 Acc: 0.50 | VAL Loss: 0.7705 Acc: 0.68 
Ep 05/100 | TR Loss: 0.4803 Acc: 0.70 | VAL Loss: 0.7094 Acc: 0.56 *(Best)*
Ep 06/100 | TR Loss: 0.4052 Acc: 0.80 | VAL Loss: 0.7145 Acc: 0.56 
Ep 07/100 | TR Loss: 0.3484 Acc: 1.00 | VAL Loss: 0.7086 Acc: 0.58 *(Best)*
Ep 08/100 | TR Loss: 0.3311 Acc: 0.90 | VAL Loss: 0.6904 Acc: 0.58 *(Best)*
Ep 09/100 | TR Loss: 0.2994 Acc: 0.90 | VAL Loss: 0.7413 Acc: 0.58 
Ep 10/100 | TR Loss: 0.2561 Acc: 1.00 | VAL Loss: 0.6795 Acc: 0.58 *(Best)*
Ep 11/100 | TR Loss: 0.2225 Acc: 1.00 | VAL Loss: 0.6429 Acc: 0.60 *(Best)*
Ep 12/100 | TR Loss: 0.1772 Acc: 1.00 | VAL Loss: 0.6367 Acc: 0.58 *(Best)*
Ep 13/100 | TR Loss: 0.1832 Acc: 1.00 | VAL Loss: 0.6054 Acc: 0.54 *(Best)*
Ep 14/100 | TR Loss: 0.2014 Acc: 1.00 | VAL Loss: 0.6248 Acc: 0.62 
Ep 15/100 | TR Loss: 0.2454 Acc: 1.00 | VAL Loss: 0.6556 Acc: 0.56 
Ep 16/100 | TR Loss: 0.1749 Acc: 1.00 | VAL Loss: 0.7095 Acc: 0.48 
Ep 17/100 | TR Loss: 0.2301 Acc: 0.90 | VAL Loss: 0.7395 Acc: 0.56 
Ep 18/100 | TR Loss: 0.1504 Acc: 1.00 | VAL Loss: 0.7143 Acc: 0.58 
Ep 19/100 | TR Loss: 0.1665 Acc: 1.00 | VAL Loss: 0.7081 Acc: 0.56 
Ep 20/100 | TR Loss: 0.1245 Acc: 1.00 | VAL Loss: 0.7749 Acc: 0.60 
Ep 21/100 | TR Loss: 0.1801 Acc: 1.00 | VAL Loss: 0.8622 Acc: 0.48 
Ep 22/100 | TR Loss: 0.1239 Acc: 1.00 | VAL Loss: 0.8021 Acc: 0.62 
Ep 23/100 | TR Loss: 0.1088 Acc: 1.00 | VAL Loss: 0.8948 Acc: 0.52 
Ep 24/100 | TR Loss: 0.0923 Acc: 1.00 | VAL Loss: 0.8710 Acc: 0.52 
Ep 25/100 | TR Loss: 0.0831 Acc: 1.00 | VAL Loss: 0.8174 Acc: 0.54 
Ep 26/100 | TR Loss: 0.0740 Acc: 1.00 | VAL Loss: 0.8225 Acc: 0.60 
Ep 27/100 | TR Loss: 0.0615 Acc: 1.00 | VAL Loss: 0.8625 Acc: 0.48 
Ep 28/100 | TR Loss: 0.0655 Acc: 1.00 | VAL Loss: 0.8596 Acc: 0.56 
Ep 29/100 | TR Loss: 0.0561 Acc: 1.00 | VAL Loss: 0.8657 Acc: 0.50 
Ep 30/100 | TR Loss: 0.0588 Acc: 1.00 | VAL Loss: 0.8620 Acc: 0.54 
Ep 31/100 | TR Loss: 0.0316 Acc: 1.00 | VAL Loss: 0.8819 Acc: 0.52 
Ep 32/100 | TR Loss: 0.0223 Acc: 1.00 | VAL Loss: 0.9517 Acc: 0.54 
Ep 33/100 | TR Loss: 0.0127 Acc: 1.00 | VAL Loss: 0.8584 Acc: 0.50 
Ep 34/100 | TR Loss: 0.0078 Acc: 1.00 | VAL Loss: 0.8274 Acc: 0.46 
Ep 35/100 | TR Loss: 0.0075 Acc: 1.00 | VAL Loss: 0.7990 Acc: 0.44 
Ep 36/100 | TR Loss: 0.0099 Acc: 1.00 | VAL Loss: 0.7867 Acc: 0.44 
Ep 37/100 | TR Loss: 0.0089 Acc: 1.00 | VAL Loss: 0.7881 Acc: 0.42 
Ep 38/100 | TR Loss: 0.0077 Acc: 1.00 | VAL Loss: 0.7989 Acc: 0.42 
Ep 39/100 | TR Loss: 0.0066 Acc: 1.00 | VAL Loss: 0.8077 Acc: 0.42 
Ep 40/100 | TR Loss: 0.0057 Acc: 1.00 | VAL Loss: 0.8109 Acc: 0.44 
Ep 41/100 | TR Loss: 0.0047 Acc: 1.00 | VAL Loss: 0.8135 Acc: 0.44 
Ep 42/100 | TR Loss: 0.0041 Acc: 1.00 | VAL Loss: 0.8186 Acc: 0.44 
Ep 43/100 | TR Loss: 0.0033 Acc: 1.00 | VAL Loss: 0.8238 Acc: 0.44 
Ep 44/100 | TR Loss: 0.0027 Acc: 1.00 | VAL Loss: 0.8245 Acc: 0.44 
Ep 45/100 | TR Loss: 0.0029 Acc: 1.00 | VAL Loss: 0.8211 Acc: 0.42 
Ep 46/100 | TR Loss: 0.0024 Acc: 1.00 | VAL Loss: 0.8201 Acc: 0.42 
Ep 47/100 | TR Loss: 0.0021 Acc: 1.00 | VAL Loss: 0.8223 Acc: 0.42 
Ep 48/100 | TR Loss: 0.0017 Acc: 1.00 | VAL Loss: 0.8243 Acc: 0.44 
Ep 49/100 | TR Loss: 0.0013 Acc: 1.00 | VAL Loss: 0.8256 Acc: 0.44 
Ep 50/100 | TR Loss: 0.0012 Acc: 1.00 | VAL Loss: 0.8249 Acc: 0.46 
Ep 51/100 | TR Loss: 0.0012 Acc: 1.00 | VAL Loss: 0.8229 Acc: 0.48 
Ep 52/100 | TR Loss: 0.0009 Acc: 1.00 | VAL Loss: 0.8206 Acc: 0.48 
Ep 53/100 | TR Loss: 0.0006 Acc: 1.00 | VAL Loss: 0.8195 Acc: 0.48 
Ep 54/100 | TR Loss: 0.0006 Acc: 1.00 | VAL Loss: 0.8197 Acc: 0.48 
Ep 55/100 | TR Loss: 0.0007 Acc: 1.00 | VAL Loss: 0.8199 Acc: 0.50 
Ep 56/100 | TR Loss: 0.0008 Acc: 1.00 | VAL Loss: 0.8191 Acc: 0.52 
Ep 57/100 | TR Loss: 0.0008 Acc: 1.00 | VAL Loss: 0.8171 Acc: 0.50 
Ep 58/100 | TR Loss: 0.0005 Acc: 1.00 | VAL Loss: 0.8153 Acc: 0.50 
Ep 59/100 | TR Loss: 0.0002 Acc: 1.00 | VAL Loss: 0.8140 Acc: 0.50 
Ep 60/100 | TR Loss: 0.0003 Acc: 1.00 | VAL Loss: 0.8133 Acc: 0.50 
Ep 61/100 | TR Loss: 0.0006 Acc: 1.00 | VAL Loss: 0.8146 Acc: 0.50 
Ep 62/100 | TR Loss: 0.0006 Acc: 1.00 | VAL Loss: 0.8182 Acc: 0.50 
Ep 63/100 | TR Loss: 0.0007 Acc: 1.00 | VAL Loss: 0.8187 Acc: 0.50 
Ep 64/100 | TR Loss: 0.0006 Acc: 1.00 | VAL Loss: 0.8145 Acc: 0.50 
Ep 65/100 | TR Loss: 0.0016 Acc: 1.00 | VAL Loss: 0.8123 Acc: 0.50 
Ep 66/100 | TR Loss: 0.0019 Acc: 1.00 | VAL Loss: 0.8225 Acc: 0.52 
Ep 67/100 | TR Loss: 0.0039 Acc: 1.00 | VAL Loss: 0.8207 Acc: 0.52 
Ep 68/100 | TR Loss: 0.0098 Acc: 1.00 | VAL Loss: 0.8043 Acc: 0.46 
Ep 69/100 | TR Loss: 0.0350 Acc: 1.00 | VAL Loss: 0.8129 Acc: 0.50 
Ep 70/100 | TR Loss: 0.0656 Acc: 1.00 | VAL Loss: 0.8126 Acc: 0.38 
Ep 71/100 | TR Loss: 0.0725 Acc: 1.00 | VAL Loss: 0.8525 Acc: 0.46 
Ep 72/100 | TR Loss: 0.0618 Acc: 1.00 | VAL Loss: 0.8263 Acc: 0.44 
Ep 73/100 | TR Loss: 0.1362 Acc: 1.00 | VAL Loss: 0.8124 Acc: 0.48 
Ep 74/100 | TR Loss: 0.1426 Acc: 1.00 | VAL Loss: 0.8523 Acc: 0.52 
Ep 75/100 | TR Loss: 0.1535 Acc: 1.00 | VAL Loss: 0.8526 Acc: 0.52 
Ep 76/100 | TR Loss: 0.0576 Acc: 1.00 | VAL Loss: 0.8780 Acc: 0.54 
Ep 77/100 | TR Loss: 0.0517 Acc: 1.00 | VAL Loss: 0.8631 Acc: 0.46 
Ep 78/100 | TR Loss: 0.0943 Acc: 1.00 | VAL Loss: 0.9080 Acc: 0.44 
Ep 79/100 | TR Loss: 0.0606 Acc: 1.00 | VAL Loss: 0.9290 Acc: 0.42 
Ep 80/100 | TR Loss: 0.0177 Acc: 1.00 | VAL Loss: 0.9111 Acc: 0.50 
Ep 81/100 | TR Loss: 0.0247 Acc: 1.00 | VAL Loss: 0.9174 Acc: 0.46 
Ep 82/100 | TR Loss: 0.0214 Acc: 1.00 | VAL Loss: 0.8055 Acc: 0.52 
Ep 83/100 | TR Loss: 0.0286 Acc: 1.00 | VAL Loss: 0.8348 Acc: 0.50 
Ep 84/100 | TR Loss: 0.0223 Acc: 1.00 | VAL Loss: 0.8525 Acc: 0.50 
Ep 85/100 | TR Loss: 0.0164 Acc: 1.00 | VAL Loss: 0.8434 Acc: 0.50 
Ep 86/100 | TR Loss: 0.0107 Acc: 1.00 | VAL Loss: 0.8269 Acc: 0.48 
Ep 87/100 | TR Loss: 0.0087 Acc: 1.00 | VAL Loss: 0.8258 Acc: 0.48 
Ep 88/100 | TR Loss: 0.0108 Acc: 1.00 | VAL Loss: 0.8301 Acc: 0.48 
Ep 89/100 | TR Loss: 0.0100 Acc: 1.00 | VAL Loss: 0.8401 Acc: 0.46 
Ep 90/100 | TR Loss: 0.0065 Acc: 1.00 | VAL Loss: 0.7971 Acc: 0.46 
Ep 91/100 | TR Loss: 0.0051 Acc: 1.00 | VAL Loss: 0.7834 Acc: 0.52 
Ep 92/100 | TR Loss: 0.0035 Acc: 1.00 | VAL Loss: 0.7756 Acc: 0.54 
Ep 93/100 | TR Loss: 0.0037 Acc: 1.00 | VAL Loss: 0.7712 Acc: 0.50 
Ep 94/100 | TR Loss: 0.0040 Acc: 1.00 | VAL Loss: 0.7729 Acc: 0.50 
Ep 95/100 | TR Loss: 0.0028 Acc: 1.00 | VAL Loss: 0.7771 Acc: 0.50 
Ep 96/100 | TR Loss: 0.0024 Acc: 1.00 | VAL Loss: 0.7782 Acc: 0.50 
Ep 97/100 | TR Loss: 0.0022 Acc: 1.00 | VAL Loss: 0.7767 Acc: 0.50 
Ep 98/100 | TR Loss: 0.0017 Acc: 1.00 | VAL Loss: 0.7763 Acc: 0.50 
Ep 99/100 | TR Loss: 0.0016 Acc: 1.00 | VAL Loss: 0.7768 Acc: 0.54 
Ep 100/100 | TR Loss: 0.0013 Acc: 1.00 | VAL Loss: 0.7760 Acc: 0.54 
[*] Training plots saved to: output_qnlp/job_1094577/training_metrics.png

==================================================
BEST MODEL TEST SET EVALUATION (MULTIPLE THRESHOLDS)
==================================================
Threshold  | Acc      | Prec     | Rec      | F1      
--------------------------------------------------
0.30       | 0.56     | 0.58     | 0.86     | 0.69     
0.40       | 0.57     | 0.59     | 0.79     | 0.68     
0.50       | 0.51     | 0.59     | 0.46     | 0.51     <-- (Arg)
0.60       | 0.46     | 0.59     | 0.18     | 0.27     
0.70       | 0.43     | 0.50     | 0.09     | 0.15     
==================================================

========================================
End    : Thu May 21 23:33:37 +03 2026
Output : output_qnlp/job_1094577
total 151K
-rw-r--r-- 1 aerturk23 hpcusers  38K May 21 23:11 best_model.pth
-rw-r--r-- 1 aerturk23 hpcusers  290 May 21 23:09 config.json
-rw-r--r-- 1 aerturk23 hpcusers  13K May 21 23:21 history.json
-rw-r--r-- 1 aerturk23 hpcusers  966 May 21 23:17 output.err
-rw-r--r-- 1 aerturk23 hpcusers 8.2K May 21 23:29 output.log
-rw-r--r-- 1 aerturk23 hpcusers  91K May 21 23:21 training_metrics.png
========================================
