========================================
Job ID : 1094707
Start  : Fri May 22 03:02:02 +03 2026
GPU    : Tesla T4
========================================
--- Classical LSTM Script starting ---
[*] Configuration saved to: output_classical/job_1094707/config.json
========================================
MODEL                 : CLASSICAL LSTM
DATA SOURCE SELECTION : SST2
TRAINING SIZE         : 50
VALIDATION SIZE       : 50
TEST SIZE             : 100
WEIGHT DECAY          : 0.0001
DROPOUT RATE          : 0.2
CLASSIFICATION THRESHOLD : 0.5
BATCH SIZE            : 16
EMBED/HIDDEN DIMS     : 16 / 32
========================================

--- Preparing Dataset and Tokenization ---
[*] REAL DATASET SIZES -> Train: 50 | Val: 50 | Test: 100
--- Initializing Classical Model ---

--- Starting Classical LSTM Training (Epochs: 100) ---
Ep 01/100 | TR Loss: 0.6675 Acc: 0.62 | VAL Loss: 0.6370 Acc: 0.64 *(Best)*
Ep 02/100 | TR Loss: 0.5940 Acc: 0.62 | VAL Loss: 0.5850 Acc: 0.64 *(Best)*
Ep 03/100 | TR Loss: 0.5272 Acc: 0.62 | VAL Loss: 0.5883 Acc: 0.64 
Ep 04/100 | TR Loss: 0.4984 Acc: 0.62 | VAL Loss: 0.5903 Acc: 0.64 
Ep 05/100 | TR Loss: 0.4328 Acc: 0.64 | VAL Loss: 0.6024 Acc: 0.66 
Ep 06/100 | TR Loss: 0.3483 Acc: 0.78 | VAL Loss: 0.6482 Acc: 0.68 
Ep 07/100 | TR Loss: 0.2879 Acc: 0.88 | VAL Loss: 0.7375 Acc: 0.62 
Ep 08/100 | TR Loss: 0.2406 Acc: 0.96 | VAL Loss: 0.8708 Acc: 0.58 
Ep 09/100 | TR Loss: 0.1428 Acc: 1.00 | VAL Loss: 1.0239 Acc: 0.60 
Ep 10/100 | TR Loss: 0.0938 Acc: 1.00 | VAL Loss: 1.1910 Acc: 0.62 
Ep 11/100 | TR Loss: 0.0828 Acc: 1.00 | VAL Loss: 1.4133 Acc: 0.58 
Ep 12/100 | TR Loss: 0.0407 Acc: 1.00 | VAL Loss: 1.5664 Acc: 0.60 
Ep 13/100 | TR Loss: 0.0264 Acc: 1.00 | VAL Loss: 1.5982 Acc: 0.62 
Ep 14/100 | TR Loss: 0.0110 Acc: 1.00 | VAL Loss: 1.7156 Acc: 0.62 
Ep 15/100 | TR Loss: 0.0071 Acc: 1.00 | VAL Loss: 1.8100 Acc: 0.62 
Ep 16/100 | TR Loss: 0.0049 Acc: 1.00 | VAL Loss: 1.8824 Acc: 0.62 
Ep 17/100 | TR Loss: 0.0029 Acc: 1.00 | VAL Loss: 1.9377 Acc: 0.62 
Ep 18/100 | TR Loss: 0.0018 Acc: 1.00 | VAL Loss: 1.9793 Acc: 0.62 
Ep 19/100 | TR Loss: 0.0015 Acc: 1.00 | VAL Loss: 2.0086 Acc: 0.62 
Ep 20/100 | TR Loss: 0.0010 Acc: 1.00 | VAL Loss: 2.0291 Acc: 0.62 
Ep 21/100 | TR Loss: 0.0009 Acc: 1.00 | VAL Loss: 2.0431 Acc: 0.62 
Ep 22/100 | TR Loss: 0.0011 Acc: 1.00 | VAL Loss: 2.0531 Acc: 0.62 
Ep 23/100 | TR Loss: 0.0010 Acc: 1.00 | VAL Loss: 2.0619 Acc: 0.62 
Ep 24/100 | TR Loss: 0.0010 Acc: 1.00 | VAL Loss: 2.0706 Acc: 0.60 
Ep 25/100 | TR Loss: 0.0009 Acc: 1.00 | VAL Loss: 2.0783 Acc: 0.60 
Ep 26/100 | TR Loss: 0.0007 Acc: 1.00 | VAL Loss: 2.0827 Acc: 0.60 
Ep 27/100 | TR Loss: 0.0009 Acc: 1.00 | VAL Loss: 2.0834 Acc: 0.60 
Ep 28/100 | TR Loss: 0.0008 Acc: 1.00 | VAL Loss: 2.0834 Acc: 0.60 
Ep 29/100 | TR Loss: 0.0008 Acc: 1.00 | VAL Loss: 2.0886 Acc: 0.58 
Ep 30/100 | TR Loss: 0.0007 Acc: 1.00 | VAL Loss: 2.0991 Acc: 0.58 
Ep 31/100 | TR Loss: 0.0007 Acc: 1.00 | VAL Loss: 2.1053 Acc: 0.56 
Ep 32/100 | TR Loss: 0.0009 Acc: 1.00 | VAL Loss: 2.1044 Acc: 0.56 
Ep 33/100 | TR Loss: 0.0007 Acc: 1.00 | VAL Loss: 2.0979 Acc: 0.56 
Ep 34/100 | TR Loss: 0.0007 Acc: 1.00 | VAL Loss: 2.0868 Acc: 0.56 
Ep 35/100 | TR Loss: 0.0006 Acc: 1.00 | VAL Loss: 2.0745 Acc: 0.58 
Ep 36/100 | TR Loss: 0.0007 Acc: 1.00 | VAL Loss: 2.0644 Acc: 0.58 
Ep 37/100 | TR Loss: 0.0008 Acc: 1.00 | VAL Loss: 2.0553 Acc: 0.58 
Ep 38/100 | TR Loss: 0.0007 Acc: 1.00 | VAL Loss: 2.0461 Acc: 0.58 
Ep 39/100 | TR Loss: 0.0007 Acc: 1.00 | VAL Loss: 2.0363 Acc: 0.58 
Ep 40/100 | TR Loss: 0.0007 Acc: 1.00 | VAL Loss: 2.0257 Acc: 0.58 
Ep 41/100 | TR Loss: 0.0007 Acc: 1.00 | VAL Loss: 2.0146 Acc: 0.58 
Ep 42/100 | TR Loss: 0.0008 Acc: 1.00 | VAL Loss: 2.0030 Acc: 0.58 
Ep 43/100 | TR Loss: 0.0007 Acc: 1.00 | VAL Loss: 1.9917 Acc: 0.58 
Ep 44/100 | TR Loss: 0.0007 Acc: 1.00 | VAL Loss: 1.9800 Acc: 0.60 
Ep 45/100 | TR Loss: 0.0006 Acc: 1.00 | VAL Loss: 1.9687 Acc: 0.60 
Ep 46/100 | TR Loss: 0.0006 Acc: 1.00 | VAL Loss: 1.9579 Acc: 0.60 
Ep 47/100 | TR Loss: 0.0007 Acc: 1.00 | VAL Loss: 1.9474 Acc: 0.60 
Ep 48/100 | TR Loss: 0.0007 Acc: 1.00 | VAL Loss: 1.9367 Acc: 0.58 
Ep 49/100 | TR Loss: 0.0006 Acc: 1.00 | VAL Loss: 1.9258 Acc: 0.58 
Ep 50/100 | TR Loss: 0.0006 Acc: 1.00 | VAL Loss: 1.9147 Acc: 0.58 
Ep 51/100 | TR Loss: 0.0007 Acc: 1.00 | VAL Loss: 1.9015 Acc: 0.58 
Ep 52/100 | TR Loss: 0.0007 Acc: 1.00 | VAL Loss: 1.8903 Acc: 0.58 
Ep 53/100 | TR Loss: 0.0006 Acc: 1.00 | VAL Loss: 1.8799 Acc: 0.58 
Ep 54/100 | TR Loss: 0.0007 Acc: 1.00 | VAL Loss: 1.8704 Acc: 0.58 
Ep 55/100 | TR Loss: 0.0007 Acc: 1.00 | VAL Loss: 1.8613 Acc: 0.58 
Ep 56/100 | TR Loss: 0.0007 Acc: 1.00 | VAL Loss: 1.8519 Acc: 0.60 
Ep 57/100 | TR Loss: 0.0008 Acc: 1.00 | VAL Loss: 1.8492 Acc: 0.60 
Ep 58/100 | TR Loss: 0.0006 Acc: 1.00 | VAL Loss: 1.8555 Acc: 0.60 
Ep 59/100 | TR Loss: 0.0006 Acc: 1.00 | VAL Loss: 1.8593 Acc: 0.60 
Ep 60/100 | TR Loss: 0.0006 Acc: 1.00 | VAL Loss: 1.8609 Acc: 0.58 
Ep 61/100 | TR Loss: 0.0006 Acc: 1.00 | VAL Loss: 1.8638 Acc: 0.58 
Ep 62/100 | TR Loss: 0.0006 Acc: 1.00 | VAL Loss: 1.8661 Acc: 0.58 
Ep 63/100 | TR Loss: 0.0006 Acc: 1.00 | VAL Loss: 1.8683 Acc: 0.58 
Ep 64/100 | TR Loss: 0.0006 Acc: 1.00 | VAL Loss: 1.8687 Acc: 0.56 
Ep 65/100 | TR Loss: 0.0006 Acc: 1.00 | VAL Loss: 1.8617 Acc: 0.56 
Ep 66/100 | TR Loss: 0.0006 Acc: 1.00 | VAL Loss: 1.8619 Acc: 0.56 
Ep 67/100 | TR Loss: 0.0005 Acc: 1.00 | VAL Loss: 1.8742 Acc: 0.56 
Ep 68/100 | TR Loss: 0.0006 Acc: 1.00 | VAL Loss: 1.8860 Acc: 0.52 
Ep 69/100 | TR Loss: 0.0006 Acc: 1.00 | VAL Loss: 1.8977 Acc: 0.50 
Ep 70/100 | TR Loss: 0.0006 Acc: 1.00 | VAL Loss: 1.9090 Acc: 0.50 
Ep 71/100 | TR Loss: 0.0006 Acc: 1.00 | VAL Loss: 1.9132 Acc: 0.50 
Ep 72/100 | TR Loss: 0.0006 Acc: 1.00 | VAL Loss: 1.9245 Acc: 0.50 
Ep 73/100 | TR Loss: 0.0005 Acc: 1.00 | VAL Loss: 1.9403 Acc: 0.50 
Ep 74/100 | TR Loss: 0.0005 Acc: 1.00 | VAL Loss: 1.9537 Acc: 0.50 
Ep 75/100 | TR Loss: 0.0005 Acc: 1.00 | VAL Loss: 1.9672 Acc: 0.48 
Ep 76/100 | TR Loss: 0.0006 Acc: 1.00 | VAL Loss: 1.9796 Acc: 0.46 
Ep 77/100 | TR Loss: 0.0005 Acc: 1.00 | VAL Loss: 1.9930 Acc: 0.46 
Ep 78/100 | TR Loss: 0.0006 Acc: 1.00 | VAL Loss: 2.0113 Acc: 0.44 
Ep 79/100 | TR Loss: 0.0005 Acc: 1.00 | VAL Loss: 2.0401 Acc: 0.42 
Ep 80/100 | TR Loss: 0.0005 Acc: 1.00 | VAL Loss: 2.0685 Acc: 0.40 
Ep 81/100 | TR Loss: 0.0005 Acc: 1.00 | VAL Loss: 2.1013 Acc: 0.40 
Ep 82/100 | TR Loss: 0.0005 Acc: 1.00 | VAL Loss: 2.1274 Acc: 0.36 
Ep 83/100 | TR Loss: 0.0005 Acc: 1.00 | VAL Loss: 2.1563 Acc: 0.36 
Ep 84/100 | TR Loss: 0.0006 Acc: 1.00 | VAL Loss: 2.1768 Acc: 0.36 
Ep 85/100 | TR Loss: 0.0006 Acc: 1.00 | VAL Loss: 2.1884 Acc: 0.36 
Ep 86/100 | TR Loss: 0.0006 Acc: 1.00 | VAL Loss: 2.2145 Acc: 0.36 
Ep 87/100 | TR Loss: 0.0005 Acc: 1.00 | VAL Loss: 2.2564 Acc: 0.36 
Ep 88/100 | TR Loss: 0.0005 Acc: 1.00 | VAL Loss: 2.2898 Acc: 0.36 
Ep 89/100 | TR Loss: 0.0006 Acc: 1.00 | VAL Loss: 2.3000 Acc: 0.36 
Ep 90/100 | TR Loss: 0.0004 Acc: 1.00 | VAL Loss: 2.2690 Acc: 0.36 
Ep 91/100 | TR Loss: 0.0006 Acc: 1.00 | VAL Loss: 2.2591 Acc: 0.36 
Ep 92/100 | TR Loss: 0.0004 Acc: 1.00 | VAL Loss: 2.2888 Acc: 0.36 
Ep 93/100 | TR Loss: 0.0005 Acc: 1.00 | VAL Loss: 2.3102 Acc: 0.36 
Ep 94/100 | TR Loss: 0.0005 Acc: 1.00 | VAL Loss: 2.3218 Acc: 0.36 
Ep 95/100 | TR Loss: 0.0004 Acc: 1.00 | VAL Loss: 2.3451 Acc: 0.36 
Ep 96/100 | TR Loss: 0.0004 Acc: 1.00 | VAL Loss: 2.3595 Acc: 0.36 
Ep 97/100 | TR Loss: 0.0005 Acc: 1.00 | VAL Loss: 2.3704 Acc: 0.34 
Ep 98/100 | TR Loss: 0.0004 Acc: 1.00 | VAL Loss: 2.3890 Acc: 0.36 
Ep 99/100 | TR Loss: 0.0005 Acc: 1.00 | VAL Loss: 2.3870 Acc: 0.36 
Ep 100/100 | TR Loss: 0.0005 Acc: 1.00 | VAL Loss: 2.3595 Acc: 0.36 

==================================================
BEST MODEL TEST SET EVALUATION (MULTIPLE THRESHOLDS)
==================================================
Threshold  | Acc      | Prec     | Rec      | F1      
--------------------------------------------------
0.30       | 0.56     | 0.56     | 1.00     | 0.72     
0.40       | 0.56     | 0.56     | 1.00     | 0.72     
0.50       | 0.56     | 0.56     | 1.00     | 0.72     <-- (Arg)
0.60       | 0.54     | 0.55     | 0.91     | 0.69     
0.70       | 0.49     | 0.58     | 0.34     | 0.43     
==================================================

========================================
End    : Fri May 22 03:02:24 +03 2026
Output : output_classical/job_1094707
total 134K
-rw-r--r-- 1 aerturk23 hpcusers  55K May 22  2026 best_model.pth
-rw-r--r-- 1 aerturk23 hpcusers  362 May 22 03:02 config.json
-rw-r--r-- 1 aerturk23 hpcusers  13K May 22  2026 history.json
-rw-r--r-- 1 aerturk23 hpcusers  966 May 22 03:02 output.err
-rw-r--r-- 1 aerturk23 hpcusers 8.2K May 22 03:02 output.log
-rw-r--r-- 1 aerturk23 hpcusers  57K May 22  2026 training_metrics.png
========================================
