========================================
Job ID : 1094719
Start  : Fri May 22 03:18:36 +03 2026
GPU    : Tesla T4
========================================
--- Quantum QNLP Script starting ---
[*] Configuration saved to: output_qnlp/job_1094719/config.json
========================================
DATA SOURCE SELECTION : SST2
TRAINING SIZE         : 100
VALIDATION SIZE       : 50
TEST SIZE             : 100
WEIGHT DECAY          : 0.0001
CLASSIFICATION THRESHOLD : 0.5
QUANTUM LAYERS        : 2
========================================

--- Preparing Dataset ---
Generating DisCoCat grammar diagrams...
Generating quantum circuits (IQP Ansatz)...

--- Starting Quantum Model Training (Epochs: 100) ---
Ep 01/100 | TR Loss: 0.8197 Acc: 0.54 | VAL Loss: 0.7736 Acc: 0.44 *(Best)*
Ep 02/100 | TR Loss: 0.6881 Acc: 0.65 | VAL Loss: 0.8007 Acc: 0.48 
Ep 03/100 | TR Loss: 0.5336 Acc: 0.70 | VAL Loss: 0.8613 Acc: 0.40 
Ep 04/100 | TR Loss: 0.5147 Acc: 0.72 | VAL Loss: 0.8908 Acc: 0.40 
Ep 05/100 | TR Loss: 0.4931 Acc: 0.75 | VAL Loss: 0.8312 Acc: 0.38 
Ep 06/100 | TR Loss: 0.4337 Acc: 0.81 | VAL Loss: 0.8601 Acc: 0.50 
Ep 07/100 | TR Loss: 0.4202 Acc: 0.86 | VAL Loss: 0.8376 Acc: 0.42 
Ep 08/100 | TR Loss: 0.3585 Acc: 0.87 | VAL Loss: 0.8962 Acc: 0.32 
Ep 09/100 | TR Loss: 0.4261 Acc: 0.81 | VAL Loss: 0.9009 Acc: 0.44 
Ep 10/100 | TR Loss: 0.3682 Acc: 0.86 | VAL Loss: 0.9344 Acc: 0.34 
Ep 11/100 | TR Loss: 0.3524 Acc: 0.87 | VAL Loss: 0.8653 Acc: 0.44 
Ep 12/100 | TR Loss: 0.2878 Acc: 0.89 | VAL Loss: 0.9629 Acc: 0.34 
Ep 13/100 | TR Loss: 0.2313 Acc: 0.90 | VAL Loss: 1.0029 Acc: 0.38 
Ep 14/100 | TR Loss: 0.2073 Acc: 0.95 | VAL Loss: 0.9879 Acc: 0.34 
Ep 15/100 | TR Loss: 0.1872 Acc: 0.94 | VAL Loss: 1.0671 Acc: 0.32 
Ep 16/100 | TR Loss: 0.1778 Acc: 0.94 | VAL Loss: 1.0959 Acc: 0.36 
Ep 17/100 | TR Loss: 0.2359 Acc: 0.89 | VAL Loss: 1.0009 Acc: 0.38 
Ep 18/100 | TR Loss: 0.1913 Acc: 0.94 | VAL Loss: 1.0454 Acc: 0.38 
Ep 19/100 | TR Loss: 0.1482 Acc: 0.96 | VAL Loss: 1.0156 Acc: 0.36 
Ep 20/100 | TR Loss: 0.2015 Acc: 0.91 | VAL Loss: 0.9611 Acc: 0.36 
Ep 21/100 | TR Loss: 0.1345 Acc: 0.96 | VAL Loss: 0.9978 Acc: 0.32 
Ep 22/100 | TR Loss: 0.1235 Acc: 0.97 | VAL Loss: 0.9444 Acc: 0.36 
Ep 23/100 | TR Loss: 0.1453 Acc: 0.96 | VAL Loss: 0.8904 Acc: 0.34 
Ep 24/100 | TR Loss: 0.1246 Acc: 0.97 | VAL Loss: 0.9334 Acc: 0.38 
Ep 25/100 | TR Loss: 0.1228 Acc: 0.97 | VAL Loss: 0.8709 Acc: 0.44 
Ep 26/100 | TR Loss: 0.1155 Acc: 0.98 | VAL Loss: 0.9291 Acc: 0.34 
Ep 27/100 | TR Loss: 0.1030 Acc: 0.99 | VAL Loss: 0.9690 Acc: 0.32 
Ep 28/100 | TR Loss: 0.1103 Acc: 0.98 | VAL Loss: 0.8794 Acc: 0.34 
Ep 29/100 | TR Loss: 0.0910 Acc: 0.99 | VAL Loss: 0.8711 Acc: 0.36 
Ep 30/100 | TR Loss: 0.1147 Acc: 0.98 | VAL Loss: 0.8441 Acc: 0.36 
Ep 31/100 | TR Loss: 0.0921 Acc: 1.00 | VAL Loss: 0.8403 Acc: 0.40 
Ep 32/100 | TR Loss: 0.0811 Acc: 1.00 | VAL Loss: 0.8934 Acc: 0.38 
Ep 33/100 | TR Loss: 0.0895 Acc: 0.98 | VAL Loss: 0.8882 Acc: 0.32 
Ep 34/100 | TR Loss: 0.0690 Acc: 0.99 | VAL Loss: 0.9268 Acc: 0.40 
Ep 35/100 | TR Loss: 0.0709 Acc: 0.99 | VAL Loss: 0.8833 Acc: 0.34 
Ep 36/100 | TR Loss: 0.0608 Acc: 0.99 | VAL Loss: 0.9293 Acc: 0.40 
Ep 37/100 | TR Loss: 0.0647 Acc: 0.99 | VAL Loss: 0.8702 Acc: 0.36 
Ep 38/100 | TR Loss: 0.0654 Acc: 0.99 | VAL Loss: 0.8211 Acc: 0.40 
Ep 39/100 | TR Loss: 0.1607 Acc: 0.95 | VAL Loss: 0.8488 Acc: 0.30 
Ep 40/100 | TR Loss: 0.1145 Acc: 0.98 | VAL Loss: 0.8425 Acc: 0.30 
Ep 41/100 | TR Loss: 0.0683 Acc: 0.99 | VAL Loss: 0.8560 Acc: 0.30 
Ep 42/100 | TR Loss: 0.0874 Acc: 0.99 | VAL Loss: 0.8649 Acc: 0.36 
Ep 43/100 | TR Loss: 0.0716 Acc: 1.00 | VAL Loss: 0.8724 Acc: 0.38 
Ep 44/100 | TR Loss: 0.0787 Acc: 1.00 | VAL Loss: 0.8606 Acc: 0.34 
Ep 45/100 | TR Loss: 0.1001 Acc: 0.98 | VAL Loss: 0.8683 Acc: 0.34 
Ep 46/100 | TR Loss: 0.1401 Acc: 0.96 | VAL Loss: 0.9393 Acc: 0.34 
Ep 47/100 | TR Loss: 0.0669 Acc: 0.99 | VAL Loss: 0.8796 Acc: 0.38 
Ep 48/100 | TR Loss: 0.0812 Acc: 0.99 | VAL Loss: 0.8877 Acc: 0.38 
Ep 49/100 | TR Loss: 0.0725 Acc: 0.98 | VAL Loss: 0.8630 Acc: 0.34 
Ep 50/100 | TR Loss: 0.0624 Acc: 0.98 | VAL Loss: 0.8722 Acc: 0.34 
Ep 51/100 | TR Loss: 0.0663 Acc: 0.99 | VAL Loss: 0.8683 Acc: 0.36 
Ep 52/100 | TR Loss: 0.0786 Acc: 1.00 | VAL Loss: 0.8681 Acc: 0.36 
Ep 53/100 | TR Loss: 0.0639 Acc: 1.00 | VAL Loss: 0.8610 Acc: 0.40 
Ep 54/100 | TR Loss: 0.0958 Acc: 0.98 | VAL Loss: 0.8771 Acc: 0.34 
Ep 55/100 | TR Loss: 0.1033 Acc: 0.98 | VAL Loss: 0.8668 Acc: 0.36 
Ep 56/100 | TR Loss: 0.0646 Acc: 1.00 | VAL Loss: 0.8705 Acc: 0.38 
Ep 57/100 | TR Loss: 0.0529 Acc: 1.00 | VAL Loss: 0.9037 Acc: 0.40 
Ep 58/100 | TR Loss: 0.0605 Acc: 1.00 | VAL Loss: 0.8825 Acc: 0.36 
Ep 59/100 | TR Loss: 0.0604 Acc: 0.99 | VAL Loss: 0.8687 Acc: 0.38 
Ep 60/100 | TR Loss: 0.0579 Acc: 0.99 | VAL Loss: 0.8608 Acc: 0.46 
Ep 61/100 | TR Loss: 0.0708 Acc: 0.98 | VAL Loss: 0.8126 Acc: 0.52 
Ep 62/100 | TR Loss: 0.0914 Acc: 0.96 | VAL Loss: 0.8236 Acc: 0.50 
Ep 63/100 | TR Loss: 0.1558 Acc: 0.94 | VAL Loss: 0.8757 Acc: 0.38 
Ep 64/100 | TR Loss: 0.1074 Acc: 0.98 | VAL Loss: 0.9203 Acc: 0.34 
Ep 65/100 | TR Loss: 0.1532 Acc: 0.96 | VAL Loss: 0.8607 Acc: 0.40 
Ep 66/100 | TR Loss: 0.1489 Acc: 0.94 | VAL Loss: 0.8729 Acc: 0.36 
Ep 67/100 | TR Loss: 0.1174 Acc: 0.96 | VAL Loss: 0.8887 Acc: 0.26 
Ep 68/100 | TR Loss: 0.1625 Acc: 0.96 | VAL Loss: 0.8182 Acc: 0.48 
Ep 69/100 | TR Loss: 0.1478 Acc: 0.94 | VAL Loss: 0.8645 Acc: 0.40 
Ep 70/100 | TR Loss: 0.0845 Acc: 0.98 | VAL Loss: 0.9392 Acc: 0.40 
Ep 71/100 | TR Loss: 0.0868 Acc: 0.98 | VAL Loss: 0.9221 Acc: 0.42 
Ep 72/100 | TR Loss: 0.1028 Acc: 0.95 | VAL Loss: 0.9626 Acc: 0.38 
Ep 73/100 | TR Loss: 0.1015 Acc: 0.97 | VAL Loss: 0.8488 Acc: 0.46 
Ep 74/100 | TR Loss: 0.1221 Acc: 0.96 | VAL Loss: 0.8357 Acc: 0.50 
Ep 75/100 | TR Loss: 0.0850 Acc: 0.99 | VAL Loss: 0.8414 Acc: 0.36 
Ep 76/100 | TR Loss: 0.1064 Acc: 0.97 | VAL Loss: 0.8619 Acc: 0.34 
Ep 77/100 | TR Loss: 0.1701 Acc: 0.95 | VAL Loss: 0.8492 Acc: 0.40 
Ep 78/100 | TR Loss: 0.1156 Acc: 0.97 | VAL Loss: 0.8422 Acc: 0.42 
Ep 79/100 | TR Loss: 0.1764 Acc: 0.94 | VAL Loss: 0.8606 Acc: 0.38 
Ep 80/100 | TR Loss: 0.2426 Acc: 0.89 | VAL Loss: 0.8057 Acc: 0.40 
Ep 81/100 | TR Loss: 0.1454 Acc: 0.95 | VAL Loss: 0.9550 Acc: 0.36 
Ep 82/100 | TR Loss: 0.1074 Acc: 0.98 | VAL Loss: 0.9140 Acc: 0.34 
Ep 83/100 | TR Loss: 0.0984 Acc: 0.99 | VAL Loss: 0.8404 Acc: 0.38 
Ep 84/100 | TR Loss: 0.1161 Acc: 0.97 | VAL Loss: 0.8418 Acc: 0.38 
Ep 85/100 | TR Loss: 0.1093 Acc: 0.99 | VAL Loss: 0.8695 Acc: 0.40 
Ep 86/100 | TR Loss: 0.0959 Acc: 0.99 | VAL Loss: 0.8984 Acc: 0.38 
Ep 87/100 | TR Loss: 0.1044 Acc: 0.99 | VAL Loss: 0.8625 Acc: 0.36 
Ep 88/100 | TR Loss: 0.0684 Acc: 1.00 | VAL Loss: 0.8749 Acc: 0.38 
Ep 89/100 | TR Loss: 0.0551 Acc: 1.00 | VAL Loss: 0.9541 Acc: 0.38 
Ep 90/100 | TR Loss: 0.0449 Acc: 1.00 | VAL Loss: 0.9548 Acc: 0.36 
Ep 91/100 | TR Loss: 0.0399 Acc: 1.00 | VAL Loss: 0.9381 Acc: 0.36 
Ep 92/100 | TR Loss: 0.0355 Acc: 1.00 | VAL Loss: 0.9395 Acc: 0.38 
Ep 93/100 | TR Loss: 0.0381 Acc: 0.99 | VAL Loss: 1.0317 Acc: 0.34 
Ep 94/100 | TR Loss: 0.0360 Acc: 0.99 | VAL Loss: 0.9491 Acc: 0.34 
Ep 95/100 | TR Loss: 0.0337 Acc: 1.00 | VAL Loss: 0.9365 Acc: 0.36 
Ep 96/100 | TR Loss: 0.0305 Acc: 1.00 | VAL Loss: 0.9765 Acc: 0.36 
Ep 97/100 | TR Loss: 0.0282 Acc: 0.99 | VAL Loss: 1.0172 Acc: 0.34 
Ep 98/100 | TR Loss: 0.0315 Acc: 0.99 | VAL Loss: 0.8762 Acc: 0.38 
Ep 99/100 | TR Loss: 0.0331 Acc: 1.00 | VAL Loss: 0.9369 Acc: 0.38 
Ep 100/100 | TR Loss: 0.0291 Acc: 1.00 | VAL Loss: 0.8935 Acc: 0.38 
[*] Training plots saved to: output_qnlp/job_1094719/training_metrics.png

==================================================
BEST MODEL TEST SET EVALUATION (MULTIPLE THRESHOLDS)
==================================================
Threshold  | Acc      | Prec     | Rec      | F1      
--------------------------------------------------
0.30       | 0.54     | 0.55     | 0.85     | 0.67     
0.40       | 0.47     | 0.51     | 0.70     | 0.59     
0.50       | 0.48     | 0.52     | 0.52     | 0.52     <-- (Arg)
0.60       | 0.48     | 0.54     | 0.26     | 0.35     
0.70       | 0.47     | 0.52     | 0.20     | 0.29     
==================================================

========================================
End    : Fri May 22 03:23:39 +03 2026
Output : output_qnlp/job_1094719
total 411K
-rw-r--r-- 1 aerturk23 hpcusers 276K May 22 03:19 best_model.pth
-rw-r--r-- 1 aerturk23 hpcusers  291 May 22 03:18 config.json
-rw-r--r-- 1 aerturk23 hpcusers  14K May 22 03:23 history.json
-rw-r--r-- 1 aerturk23 hpcusers  966 May 22  2026 output.err
-rw-r--r-- 1 aerturk23 hpcusers 8.2K May 22 03:21 output.log
-rw-r--r-- 1 aerturk23 hpcusers 111K May 22 03:23 training_metrics.png
========================================
