========================================
Job ID : 1094586
Start  : Thu May 21 23:13:55 +03 2026
GPU    : Tesla T4
========================================
--- Classical LSTM Script starting ---
[*] Configuration saved to: output_classical/job_1094586/config.json
========================================
MODEL                 : CLASSICAL LSTM
DATA SOURCE SELECTION : BACH
TRAINING SIZE         : 10
VALIDATION SIZE       : 50
TEST SIZE             : 100
WEIGHT DECAY          : 0.0001
DROPOUT RATE          : 0.2
CLASSIFICATION THRESHOLD : 0.5
BATCH SIZE            : 16
EMBED/HIDDEN DIMS     : 16 / 32
========================================

--- Preparing Dataset and Tokenization ---
[*] REAL DATASET SIZES -> Train: 10 | Val: 50 | Test: 100
--- Initializing Classical Model ---

--- Starting Classical LSTM Training (Epochs: 100) ---
Ep 01/100 | TR Loss: 0.7044 Acc: 0.40 | VAL Loss: 0.6882 Acc: 0.50 *(Best)*
Ep 02/100 | TR Loss: 0.6839 Acc: 0.50 | VAL Loss: 0.6817 Acc: 0.64 *(Best)*
Ep 03/100 | TR Loss: 0.6636 Acc: 0.80 | VAL Loss: 0.6743 Acc: 0.54 *(Best)*
Ep 04/100 | TR Loss: 0.6380 Acc: 0.80 | VAL Loss: 0.6649 Acc: 0.56 *(Best)*
Ep 05/100 | TR Loss: 0.6015 Acc: 0.80 | VAL Loss: 0.6533 Acc: 0.58 *(Best)*
Ep 06/100 | TR Loss: 0.5489 Acc: 0.80 | VAL Loss: 0.6423 Acc: 0.62 *(Best)*
Ep 07/100 | TR Loss: 0.4790 Acc: 0.90 | VAL Loss: 0.6397 Acc: 0.68 *(Best)*
Ep 08/100 | TR Loss: 0.4017 Acc: 0.90 | VAL Loss: 0.6530 Acc: 0.66 
Ep 09/100 | TR Loss: 0.3331 Acc: 0.90 | VAL Loss: 0.6782 Acc: 0.68 
Ep 10/100 | TR Loss: 0.2650 Acc: 0.90 | VAL Loss: 0.7088 Acc: 0.66 
Ep 11/100 | TR Loss: 0.1610 Acc: 1.00 | VAL Loss: 0.7526 Acc: 0.66 
Ep 12/100 | TR Loss: 0.0950 Acc: 1.00 | VAL Loss: 0.8607 Acc: 0.68 
Ep 13/100 | TR Loss: 0.0678 Acc: 1.00 | VAL Loss: 1.1559 Acc: 0.68 
Ep 14/100 | TR Loss: 0.0509 Acc: 1.00 | VAL Loss: 1.3831 Acc: 0.66 
Ep 15/100 | TR Loss: 0.0388 Acc: 1.00 | VAL Loss: 1.6882 Acc: 0.64 
Ep 16/100 | TR Loss: 0.0297 Acc: 1.00 | VAL Loss: 1.8908 Acc: 0.66 
Ep 17/100 | TR Loss: 0.0228 Acc: 1.00 | VAL Loss: 2.0361 Acc: 0.66 
Ep 18/100 | TR Loss: 0.0177 Acc: 1.00 | VAL Loss: 2.1428 Acc: 0.66 
Ep 19/100 | TR Loss: 0.0138 Acc: 1.00 | VAL Loss: 2.2833 Acc: 0.66 
Ep 20/100 | TR Loss: 0.0108 Acc: 1.00 | VAL Loss: 2.4371 Acc: 0.64 
Ep 21/100 | TR Loss: 0.0086 Acc: 1.00 | VAL Loss: 2.5577 Acc: 0.62 
Ep 22/100 | TR Loss: 0.0069 Acc: 1.00 | VAL Loss: 2.6825 Acc: 0.62 
Ep 23/100 | TR Loss: 0.0057 Acc: 1.00 | VAL Loss: 2.7708 Acc: 0.62 
Ep 24/100 | TR Loss: 0.0047 Acc: 1.00 | VAL Loss: 2.7836 Acc: 0.64 
Ep 25/100 | TR Loss: 0.0039 Acc: 1.00 | VAL Loss: 2.8625 Acc: 0.64 
Ep 26/100 | TR Loss: 0.0033 Acc: 1.00 | VAL Loss: 2.9347 Acc: 0.64 
Ep 27/100 | TR Loss: 0.0028 Acc: 1.00 | VAL Loss: 3.0011 Acc: 0.64 
Ep 28/100 | TR Loss: 0.0025 Acc: 1.00 | VAL Loss: 3.0670 Acc: 0.64 
Ep 29/100 | TR Loss: 0.0021 Acc: 1.00 | VAL Loss: 3.2034 Acc: 0.62 
Ep 30/100 | TR Loss: 0.0019 Acc: 1.00 | VAL Loss: 3.2655 Acc: 0.62 
Ep 31/100 | TR Loss: 0.0017 Acc: 1.00 | VAL Loss: 3.3098 Acc: 0.62 
Ep 32/100 | TR Loss: 0.0015 Acc: 1.00 | VAL Loss: 3.3378 Acc: 0.62 
Ep 33/100 | TR Loss: 0.0014 Acc: 1.00 | VAL Loss: 3.4671 Acc: 0.60 
Ep 34/100 | TR Loss: 0.0013 Acc: 1.00 | VAL Loss: 3.5320 Acc: 0.60 
Ep 35/100 | TR Loss: 0.0012 Acc: 1.00 | VAL Loss: 3.5800 Acc: 0.60 
Ep 36/100 | TR Loss: 0.0011 Acc: 1.00 | VAL Loss: 3.6203 Acc: 0.60 
Ep 37/100 | TR Loss: 0.0010 Acc: 1.00 | VAL Loss: 3.6581 Acc: 0.60 
Ep 38/100 | TR Loss: 0.0009 Acc: 1.00 | VAL Loss: 3.7397 Acc: 0.58 
Ep 39/100 | TR Loss: 0.0009 Acc: 1.00 | VAL Loss: 3.7935 Acc: 0.58 
Ep 40/100 | TR Loss: 0.0008 Acc: 1.00 | VAL Loss: 3.8299 Acc: 0.58 
Ep 41/100 | TR Loss: 0.0008 Acc: 1.00 | VAL Loss: 3.8607 Acc: 0.58 
Ep 42/100 | TR Loss: 0.0008 Acc: 1.00 | VAL Loss: 3.8879 Acc: 0.58 
Ep 43/100 | TR Loss: 0.0007 Acc: 1.00 | VAL Loss: 3.9122 Acc: 0.58 
Ep 44/100 | TR Loss: 0.0007 Acc: 1.00 | VAL Loss: 3.9341 Acc: 0.58 
Ep 45/100 | TR Loss: 0.0007 Acc: 1.00 | VAL Loss: 3.9540 Acc: 0.58 
Ep 46/100 | TR Loss: 0.0006 Acc: 1.00 | VAL Loss: 3.9721 Acc: 0.58 
Ep 47/100 | TR Loss: 0.0006 Acc: 1.00 | VAL Loss: 3.9878 Acc: 0.58 
Ep 48/100 | TR Loss: 0.0006 Acc: 1.00 | VAL Loss: 3.9950 Acc: 0.58 
Ep 49/100 | TR Loss: 0.0006 Acc: 1.00 | VAL Loss: 3.9415 Acc: 0.58 
Ep 50/100 | TR Loss: 0.0006 Acc: 1.00 | VAL Loss: 3.9185 Acc: 0.60 
Ep 51/100 | TR Loss: 0.0006 Acc: 1.00 | VAL Loss: 3.9308 Acc: 0.60 
Ep 52/100 | TR Loss: 0.0005 Acc: 1.00 | VAL Loss: 3.9423 Acc: 0.60 
Ep 53/100 | TR Loss: 0.0005 Acc: 1.00 | VAL Loss: 3.9530 Acc: 0.60 
Ep 54/100 | TR Loss: 0.0005 Acc: 1.00 | VAL Loss: 3.9629 Acc: 0.60 
Ep 55/100 | TR Loss: 0.0005 Acc: 1.00 | VAL Loss: 4.0743 Acc: 0.58 
Ep 56/100 | TR Loss: 0.0005 Acc: 1.00 | VAL Loss: 4.1077 Acc: 0.56 
Ep 57/100 | TR Loss: 0.0005 Acc: 1.00 | VAL Loss: 4.1709 Acc: 0.56 
Ep 58/100 | TR Loss: 0.0005 Acc: 1.00 | VAL Loss: 4.2124 Acc: 0.56 
Ep 59/100 | TR Loss: 0.0005 Acc: 1.00 | VAL Loss: 4.2320 Acc: 0.56 
Ep 60/100 | TR Loss: 0.0005 Acc: 1.00 | VAL Loss: 4.2423 Acc: 0.56 
Ep 61/100 | TR Loss: 0.0005 Acc: 1.00 | VAL Loss: 4.2492 Acc: 0.56 
Ep 62/100 | TR Loss: 0.0005 Acc: 1.00 | VAL Loss: 4.2549 Acc: 0.56 
Ep 63/100 | TR Loss: 0.0005 Acc: 1.00 | VAL Loss: 4.2601 Acc: 0.56 
Ep 64/100 | TR Loss: 0.0005 Acc: 1.00 | VAL Loss: 4.2652 Acc: 0.56 
Ep 65/100 | TR Loss: 0.0005 Acc: 1.00 | VAL Loss: 4.2701 Acc: 0.56 
Ep 66/100 | TR Loss: 0.0005 Acc: 1.00 | VAL Loss: 4.2747 Acc: 0.56 
Ep 67/100 | TR Loss: 0.0005 Acc: 1.00 | VAL Loss: 4.2791 Acc: 0.56 
Ep 68/100 | TR Loss: 0.0005 Acc: 1.00 | VAL Loss: 4.2833 Acc: 0.56 
Ep 69/100 | TR Loss: 0.0004 Acc: 1.00 | VAL Loss: 4.2872 Acc: 0.56 
Ep 70/100 | TR Loss: 0.0004 Acc: 1.00 | VAL Loss: 4.2908 Acc: 0.56 
Ep 71/100 | TR Loss: 0.0004 Acc: 1.00 | VAL Loss: 4.2942 Acc: 0.56 
Ep 72/100 | TR Loss: 0.0004 Acc: 1.00 | VAL Loss: 4.2973 Acc: 0.56 
Ep 73/100 | TR Loss: 0.0004 Acc: 1.00 | VAL Loss: 4.3002 Acc: 0.56 
Ep 74/100 | TR Loss: 0.0004 Acc: 1.00 | VAL Loss: 4.3030 Acc: 0.56 
Ep 75/100 | TR Loss: 0.0004 Acc: 1.00 | VAL Loss: 4.3054 Acc: 0.56 
Ep 76/100 | TR Loss: 0.0004 Acc: 1.00 | VAL Loss: 4.3078 Acc: 0.56 
Ep 77/100 | TR Loss: 0.0004 Acc: 1.00 | VAL Loss: 4.3099 Acc: 0.56 
Ep 78/100 | TR Loss: 0.0004 Acc: 1.00 | VAL Loss: 4.3119 Acc: 0.56 
Ep 79/100 | TR Loss: 0.0004 Acc: 1.00 | VAL Loss: 4.3137 Acc: 0.56 
Ep 80/100 | TR Loss: 0.0004 Acc: 1.00 | VAL Loss: 4.3154 Acc: 0.56 
Ep 81/100 | TR Loss: 0.0004 Acc: 1.00 | VAL Loss: 4.3169 Acc: 0.56 
Ep 82/100 | TR Loss: 0.0004 Acc: 1.00 | VAL Loss: 4.3183 Acc: 0.56 
Ep 83/100 | TR Loss: 0.0004 Acc: 1.00 | VAL Loss: 4.3196 Acc: 0.56 
Ep 84/100 | TR Loss: 0.0004 Acc: 1.00 | VAL Loss: 4.3208 Acc: 0.56 
Ep 85/100 | TR Loss: 0.0004 Acc: 1.00 | VAL Loss: 4.3218 Acc: 0.56 
Ep 86/100 | TR Loss: 0.0004 Acc: 1.00 | VAL Loss: 4.3228 Acc: 0.56 
Ep 87/100 | TR Loss: 0.0004 Acc: 1.00 | VAL Loss: 4.4053 Acc: 0.54 
Ep 88/100 | TR Loss: 0.0004 Acc: 1.00 | VAL Loss: 4.5255 Acc: 0.52 
Ep 89/100 | TR Loss: 0.0004 Acc: 1.00 | VAL Loss: 4.5427 Acc: 0.52 
Ep 90/100 | TR Loss: 0.0004 Acc: 1.00 | VAL Loss: 4.5503 Acc: 0.52 
Ep 91/100 | TR Loss: 0.0004 Acc: 1.00 | VAL Loss: 4.5544 Acc: 0.52 
Ep 92/100 | TR Loss: 0.0004 Acc: 1.00 | VAL Loss: 4.5568 Acc: 0.52 
Ep 93/100 | TR Loss: 0.0004 Acc: 1.00 | VAL Loss: 4.5585 Acc: 0.52 
Ep 94/100 | TR Loss: 0.0004 Acc: 1.00 | VAL Loss: 4.5598 Acc: 0.52 
Ep 95/100 | TR Loss: 0.0004 Acc: 1.00 | VAL Loss: 4.5608 Acc: 0.52 
Ep 96/100 | TR Loss: 0.0004 Acc: 1.00 | VAL Loss: 4.5616 Acc: 0.52 
Ep 97/100 | TR Loss: 0.0004 Acc: 1.00 | VAL Loss: 4.6559 Acc: 0.50 
Ep 98/100 | TR Loss: 0.0004 Acc: 1.00 | VAL Loss: 4.6685 Acc: 0.50 
Ep 99/100 | TR Loss: 0.0004 Acc: 1.00 | VAL Loss: 4.6734 Acc: 0.50 
Ep 100/100 | TR Loss: 0.0004 Acc: 1.00 | VAL Loss: 4.6760 Acc: 0.50 

==================================================
BEST MODEL TEST SET EVALUATION (MULTIPLE THRESHOLDS)
==================================================
Threshold  | Acc      | Prec     | Rec      | F1      
--------------------------------------------------
0.30       | 0.51     | 0.51     | 1.00     | 0.68     
0.40       | 0.54     | 0.53     | 0.96     | 0.68     
0.50       | 0.57     | 0.55     | 0.90     | 0.68     <-- (Arg)
0.60       | 0.59     | 0.56     | 0.86     | 0.68     
0.70       | 0.68     | 0.66     | 0.78     | 0.71     
==================================================

========================================
End    : Thu May 21 23:14:05 +03 2026
Output : output_classical/job_1094586
total 112K
-rw-r--r-- 1 aerturk23 hpcusers  33K May 21  2026 best_model.pth
-rw-r--r-- 1 aerturk23 hpcusers  364 May 21  2026 config.json
-rw-r--r-- 1 aerturk23 hpcusers  13K May 21  2026 history.json
-rw-r--r-- 1 aerturk23 hpcusers  966 May 21 23:13 output.err
-rw-r--r-- 1 aerturk23 hpcusers 8.3K May 21 23:13 output.log
-rw-r--r-- 1 aerturk23 hpcusers  56K May 21 23:14 training_metrics.png
========================================
