========================================
Job ID : 1094736
Start  : Fri May 22 04:22:00 +03 2026
GPU    : Tesla T4
========================================
--- Classical LSTM Script starting ---
[*] Configuration saved to: output_classical/job_1094736/config.json
========================================
MODEL                 : CLASSICAL LSTM
DATA SOURCE SELECTION : SST2
TRAINING SIZE         : 250
VALIDATION SIZE       : 50
TEST SIZE             : 100
WEIGHT DECAY          : 0.0001
DROPOUT RATE          : 0.2
CLASSIFICATION THRESHOLD : 0.5
BATCH SIZE            : 16
EMBED/HIDDEN DIMS     : 16 / 32
========================================

--- Preparing Dataset and Tokenization ---
[*] REAL DATASET SIZES -> Train: 250 | Val: 50 | Test: 100
--- Initializing Classical Model ---

--- Starting Classical LSTM Training (Epochs: 100) ---
Ep 01/100 | TR Loss: 0.6795 Acc: 0.56 | VAL Loss: 0.6378 Acc: 0.56 *(Best)*
Ep 02/100 | TR Loss: 0.6498 Acc: 0.59 | VAL Loss: 0.6239 Acc: 0.58 *(Best)*
Ep 03/100 | TR Loss: 0.5790 Acc: 0.72 | VAL Loss: 0.6587 Acc: 0.58 
Ep 04/100 | TR Loss: 0.4311 Acc: 0.80 | VAL Loss: 0.8378 Acc: 0.58 
Ep 05/100 | TR Loss: 0.2992 Acc: 0.87 | VAL Loss: 0.9437 Acc: 0.60 
Ep 06/100 | TR Loss: 0.1751 Acc: 0.95 | VAL Loss: 1.0928 Acc: 0.62 
Ep 07/100 | TR Loss: 0.0803 Acc: 0.97 | VAL Loss: 1.5359 Acc: 0.58 
Ep 08/100 | TR Loss: 0.0308 Acc: 0.98 | VAL Loss: 1.7597 Acc: 0.62 
Ep 09/100 | TR Loss: 0.0062 Acc: 1.00 | VAL Loss: 1.9025 Acc: 0.62 
Ep 10/100 | TR Loss: 0.0024 Acc: 1.00 | VAL Loss: 2.1068 Acc: 0.60 
Ep 11/100 | TR Loss: 0.0015 Acc: 1.00 | VAL Loss: 2.2464 Acc: 0.60 
Ep 12/100 | TR Loss: 0.0012 Acc: 1.00 | VAL Loss: 2.3518 Acc: 0.60 
Ep 13/100 | TR Loss: 0.0011 Acc: 1.00 | VAL Loss: 2.4304 Acc: 0.60 
Ep 14/100 | TR Loss: 0.0010 Acc: 1.00 | VAL Loss: 2.4867 Acc: 0.58 
Ep 15/100 | TR Loss: 0.0009 Acc: 1.00 | VAL Loss: 2.5291 Acc: 0.56 
Ep 16/100 | TR Loss: 0.0008 Acc: 1.00 | VAL Loss: 2.5651 Acc: 0.56 
Ep 17/100 | TR Loss: 0.0008 Acc: 1.00 | VAL Loss: 2.5808 Acc: 0.56 
Ep 18/100 | TR Loss: 0.0008 Acc: 1.00 | VAL Loss: 2.5876 Acc: 0.56 
Ep 19/100 | TR Loss: 0.0007 Acc: 1.00 | VAL Loss: 2.5998 Acc: 0.56 
Ep 20/100 | TR Loss: 0.0007 Acc: 1.00 | VAL Loss: 2.5964 Acc: 0.56 
Ep 21/100 | TR Loss: 0.0007 Acc: 1.00 | VAL Loss: 2.5967 Acc: 0.56 
Ep 22/100 | TR Loss: 0.0007 Acc: 1.00 | VAL Loss: 2.5848 Acc: 0.58 
Ep 23/100 | TR Loss: 0.0007 Acc: 1.00 | VAL Loss: 2.5879 Acc: 0.56 
Ep 24/100 | TR Loss: 0.0007 Acc: 1.00 | VAL Loss: 2.6133 Acc: 0.56 
Ep 25/100 | TR Loss: 0.0014 Acc: 1.00 | VAL Loss: 2.5714 Acc: 0.56 
Ep 26/100 | TR Loss: 0.0009 Acc: 1.00 | VAL Loss: 2.6286 Acc: 0.58 
Ep 27/100 | TR Loss: 0.0006 Acc: 1.00 | VAL Loss: 2.6414 Acc: 0.56 
Ep 28/100 | TR Loss: 0.0006 Acc: 1.00 | VAL Loss: 2.6430 Acc: 0.58 
Ep 29/100 | TR Loss: 0.0005 Acc: 1.00 | VAL Loss: 2.6331 Acc: 0.58 
Ep 30/100 | TR Loss: 0.0005 Acc: 1.00 | VAL Loss: 2.6271 Acc: 0.58 
Ep 31/100 | TR Loss: 0.0005 Acc: 1.00 | VAL Loss: 2.6059 Acc: 0.58 
Ep 32/100 | TR Loss: 0.0005 Acc: 1.00 | VAL Loss: 2.6061 Acc: 0.58 
Ep 33/100 | TR Loss: 0.0005 Acc: 1.00 | VAL Loss: 2.6014 Acc: 0.60 
Ep 34/100 | TR Loss: 0.0005 Acc: 1.00 | VAL Loss: 2.6045 Acc: 0.60 
Ep 35/100 | TR Loss: 0.0004 Acc: 1.00 | VAL Loss: 2.5992 Acc: 0.60 
Ep 36/100 | TR Loss: 0.0004 Acc: 1.00 | VAL Loss: 2.6024 Acc: 0.60 
Ep 37/100 | TR Loss: 0.0004 Acc: 1.00 | VAL Loss: 2.5623 Acc: 0.60 
Ep 38/100 | TR Loss: 0.0004 Acc: 1.00 | VAL Loss: 2.5752 Acc: 0.60 
Ep 39/100 | TR Loss: 0.0004 Acc: 1.00 | VAL Loss: 2.5880 Acc: 0.60 
Ep 40/100 | TR Loss: 0.0004 Acc: 1.00 | VAL Loss: 2.5905 Acc: 0.60 
Ep 41/100 | TR Loss: 0.0004 Acc: 1.00 | VAL Loss: 2.5991 Acc: 0.60 
Ep 42/100 | TR Loss: 0.0004 Acc: 1.00 | VAL Loss: 2.5360 Acc: 0.60 
Ep 43/100 | TR Loss: 0.0004 Acc: 1.00 | VAL Loss: 2.5736 Acc: 0.60 
Ep 44/100 | TR Loss: 0.0004 Acc: 1.00 | VAL Loss: 2.5845 Acc: 0.60 
Ep 45/100 | TR Loss: 0.0003 Acc: 1.00 | VAL Loss: 2.5826 Acc: 0.60 
Ep 46/100 | TR Loss: 0.0004 Acc: 1.00 | VAL Loss: 2.5798 Acc: 0.60 
Ep 47/100 | TR Loss: 0.0003 Acc: 1.00 | VAL Loss: 2.5991 Acc: 0.60 
Ep 48/100 | TR Loss: 0.0003 Acc: 1.00 | VAL Loss: 2.5726 Acc: 0.60 
Ep 49/100 | TR Loss: 0.0003 Acc: 1.00 | VAL Loss: 2.5636 Acc: 0.60 
Ep 50/100 | TR Loss: 0.0003 Acc: 1.00 | VAL Loss: 2.5878 Acc: 0.60 
Ep 51/100 | TR Loss: 0.0003 Acc: 1.00 | VAL Loss: 2.5809 Acc: 0.60 
Ep 52/100 | TR Loss: 0.0003 Acc: 1.00 | VAL Loss: 2.5569 Acc: 0.60 
Ep 53/100 | TR Loss: 0.0003 Acc: 1.00 | VAL Loss: 2.5525 Acc: 0.60 
Ep 54/100 | TR Loss: 0.0003 Acc: 1.00 | VAL Loss: 2.5764 Acc: 0.60 
Ep 55/100 | TR Loss: 0.0003 Acc: 1.00 | VAL Loss: 2.5524 Acc: 0.60 
Ep 56/100 | TR Loss: 0.0003 Acc: 1.00 | VAL Loss: 2.5428 Acc: 0.58 
Ep 57/100 | TR Loss: 0.0003 Acc: 1.00 | VAL Loss: 2.5362 Acc: 0.58 
Ep 58/100 | TR Loss: 0.0003 Acc: 1.00 | VAL Loss: 2.5387 Acc: 0.58 
Ep 59/100 | TR Loss: 0.0003 Acc: 1.00 | VAL Loss: 2.5276 Acc: 0.58 
Ep 60/100 | TR Loss: 0.0003 Acc: 1.00 | VAL Loss: 2.5383 Acc: 0.56 
Ep 61/100 | TR Loss: 0.0003 Acc: 1.00 | VAL Loss: 2.5753 Acc: 0.56 
Ep 62/100 | TR Loss: 0.0002 Acc: 1.00 | VAL Loss: 2.5131 Acc: 0.60 
Ep 63/100 | TR Loss: 0.0002 Acc: 1.00 | VAL Loss: 2.5146 Acc: 0.58 
Ep 64/100 | TR Loss: 0.0002 Acc: 1.00 | VAL Loss: 2.5206 Acc: 0.58 
Ep 65/100 | TR Loss: 0.0003 Acc: 1.00 | VAL Loss: 2.5056 Acc: 0.58 
Ep 66/100 | TR Loss: 0.0002 Acc: 1.00 | VAL Loss: 2.4989 Acc: 0.56 
Ep 67/100 | TR Loss: 0.0002 Acc: 1.00 | VAL Loss: 2.4899 Acc: 0.56 
Ep 68/100 | TR Loss: 0.0002 Acc: 1.00 | VAL Loss: 2.5003 Acc: 0.56 
Ep 69/100 | TR Loss: 0.0002 Acc: 1.00 | VAL Loss: 2.5162 Acc: 0.56 
Ep 70/100 | TR Loss: 0.0002 Acc: 1.00 | VAL Loss: 2.5038 Acc: 0.56 
Ep 71/100 | TR Loss: 0.0002 Acc: 1.00 | VAL Loss: 2.5179 Acc: 0.54 
Ep 72/100 | TR Loss: 0.0002 Acc: 1.00 | VAL Loss: 2.5145 Acc: 0.54 
Ep 73/100 | TR Loss: 0.0002 Acc: 1.00 | VAL Loss: 2.4745 Acc: 0.54 
Ep 74/100 | TR Loss: 0.0002 Acc: 1.00 | VAL Loss: 2.4840 Acc: 0.54 
Ep 75/100 | TR Loss: 0.0002 Acc: 1.00 | VAL Loss: 2.5251 Acc: 0.54 
Ep 76/100 | TR Loss: 0.0003 Acc: 1.00 | VAL Loss: 2.6028 Acc: 0.54 
Ep 77/100 | TR Loss: 0.3632 Acc: 0.85 | VAL Loss: 0.9632 Acc: 0.58 
Ep 78/100 | TR Loss: 0.3190 Acc: 0.92 | VAL Loss: 1.4615 Acc: 0.60 
Ep 79/100 | TR Loss: 0.0641 Acc: 0.97 | VAL Loss: 1.9197 Acc: 0.54 
Ep 80/100 | TR Loss: 0.0093 Acc: 1.00 | VAL Loss: 2.0364 Acc: 0.56 
Ep 81/100 | TR Loss: 0.0020 Acc: 1.00 | VAL Loss: 2.1787 Acc: 0.60 
Ep 82/100 | TR Loss: 0.0009 Acc: 1.00 | VAL Loss: 2.2351 Acc: 0.60 
Ep 83/100 | TR Loss: 0.0007 Acc: 1.00 | VAL Loss: 2.2239 Acc: 0.62 
Ep 84/100 | TR Loss: 0.0006 Acc: 1.00 | VAL Loss: 2.2178 Acc: 0.64 
Ep 85/100 | TR Loss: 0.0006 Acc: 1.00 | VAL Loss: 2.2142 Acc: 0.64 
Ep 86/100 | TR Loss: 0.0006 Acc: 1.00 | VAL Loss: 2.2144 Acc: 0.66 
Ep 87/100 | TR Loss: 0.0006 Acc: 1.00 | VAL Loss: 2.2153 Acc: 0.66 
Ep 88/100 | TR Loss: 0.0005 Acc: 1.00 | VAL Loss: 2.2129 Acc: 0.66 
Ep 89/100 | TR Loss: 0.0005 Acc: 1.00 | VAL Loss: 2.2162 Acc: 0.66 
Ep 90/100 | TR Loss: 0.0005 Acc: 1.00 | VAL Loss: 2.2187 Acc: 0.66 
Ep 91/100 | TR Loss: 0.0005 Acc: 1.00 | VAL Loss: 2.2259 Acc: 0.66 
Ep 92/100 | TR Loss: 0.0005 Acc: 1.00 | VAL Loss: 2.2356 Acc: 0.66 
Ep 93/100 | TR Loss: 0.0005 Acc: 1.00 | VAL Loss: 2.2408 Acc: 0.66 
Ep 94/100 | TR Loss: 0.0005 Acc: 1.00 | VAL Loss: 2.2459 Acc: 0.66 
Ep 95/100 | TR Loss: 0.0005 Acc: 1.00 | VAL Loss: 2.2490 Acc: 0.66 
Ep 96/100 | TR Loss: 0.0005 Acc: 1.00 | VAL Loss: 2.2578 Acc: 0.66 
Ep 97/100 | TR Loss: 0.0005 Acc: 1.00 | VAL Loss: 2.2684 Acc: 0.64 
Ep 98/100 | TR Loss: 0.0005 Acc: 1.00 | VAL Loss: 2.2793 Acc: 0.64 
Ep 99/100 | TR Loss: 0.0004 Acc: 1.00 | VAL Loss: 2.2862 Acc: 0.64 
Ep 100/100 | TR Loss: 0.0005 Acc: 1.00 | VAL Loss: 2.2894 Acc: 0.64 

==================================================
BEST MODEL TEST SET EVALUATION (MULTIPLE THRESHOLDS)
==================================================
Threshold  | Acc      | Prec     | Rec      | F1      
--------------------------------------------------
0.30       | 0.55     | 0.55     | 1.00     | 0.71     
0.40       | 0.55     | 0.55     | 1.00     | 0.71     
0.50       | 0.59     | 0.58     | 0.89     | 0.71     <-- (Arg)
0.60       | 0.56     | 0.65     | 0.44     | 0.52     
0.70       | 0.56     | 0.87     | 0.24     | 0.37     
==================================================

========================================
End    : Fri May 22 04:22:24 +03 2026
Output : output_classical/job_1094736
total 161K
-rw-r--r-- 1 aerturk23 hpcusers  74K May 22  2026 best_model.pth
-rw-r--r-- 1 aerturk23 hpcusers  364 May 22 04:22 config.json
-rw-r--r-- 1 aerturk23 hpcusers  13K May 22  2026 history.json
-rw-r--r-- 1 aerturk23 hpcusers  966 May 22 04:21 output.err
-rw-r--r-- 1 aerturk23 hpcusers 8.2K May 22 04:21 output.log
-rw-r--r-- 1 aerturk23 hpcusers  65K May 22  2026 training_metrics.png
========================================
