========================================
Job ID : 1094715
Start  : Fri May 22 03:14:00 +03 2026
GPU    : Tesla T4
========================================
--- Classical LSTM Script starting ---
[*] Configuration saved to: output_classical/job_1094715/config.json
========================================
MODEL                 : CLASSICAL LSTM
DATA SOURCE SELECTION : SST2
TRAINING SIZE         : 50
VALIDATION SIZE       : 50
TEST SIZE             : 100
WEIGHT DECAY          : 0.0001
DROPOUT RATE          : 0.2
CLASSIFICATION THRESHOLD : 0.5
BATCH SIZE            : 16
EMBED/HIDDEN DIMS     : 16 / 32
========================================

--- Preparing Dataset and Tokenization ---
[*] REAL DATASET SIZES -> Train: 50 | Val: 50 | Test: 100
--- Initializing Classical Model ---

--- Starting Classical LSTM Training (Epochs: 100) ---
Ep 01/100 | TR Loss: 0.7146 Acc: 0.34 | VAL Loss: 0.6756 Acc: 0.72 *(Best)*
Ep 02/100 | TR Loss: 0.6633 Acc: 0.66 | VAL Loss: 0.6346 Acc: 0.72 *(Best)*
Ep 03/100 | TR Loss: 0.6385 Acc: 0.66 | VAL Loss: 0.6082 Acc: 0.72 *(Best)*
Ep 04/100 | TR Loss: 0.4970 Acc: 0.66 | VAL Loss: 0.6054 Acc: 0.74 *(Best)*
Ep 05/100 | TR Loss: 0.5053 Acc: 0.70 | VAL Loss: 0.6316 Acc: 0.74 
Ep 06/100 | TR Loss: 0.3893 Acc: 0.78 | VAL Loss: 0.6510 Acc: 0.76 
Ep 07/100 | TR Loss: 0.3447 Acc: 0.92 | VAL Loss: 0.7331 Acc: 0.78 
Ep 08/100 | TR Loss: 0.1691 Acc: 0.94 | VAL Loss: 0.8335 Acc: 0.72 
Ep 09/100 | TR Loss: 0.1562 Acc: 0.96 | VAL Loss: 1.0645 Acc: 0.72 
Ep 10/100 | TR Loss: 0.0721 Acc: 0.98 | VAL Loss: 1.3261 Acc: 0.74 
Ep 11/100 | TR Loss: 0.0535 Acc: 0.98 | VAL Loss: 1.5074 Acc: 0.70 
Ep 12/100 | TR Loss: 0.0195 Acc: 1.00 | VAL Loss: 1.6518 Acc: 0.72 
Ep 13/100 | TR Loss: 0.0086 Acc: 1.00 | VAL Loss: 1.7478 Acc: 0.70 
Ep 14/100 | TR Loss: 0.0041 Acc: 1.00 | VAL Loss: 1.8070 Acc: 0.72 
Ep 15/100 | TR Loss: 0.0029 Acc: 1.00 | VAL Loss: 1.8514 Acc: 0.72 
Ep 16/100 | TR Loss: 0.0018 Acc: 1.00 | VAL Loss: 1.8816 Acc: 0.72 
Ep 17/100 | TR Loss: 0.0015 Acc: 1.00 | VAL Loss: 1.9010 Acc: 0.72 
Ep 18/100 | TR Loss: 0.0012 Acc: 1.00 | VAL Loss: 1.9110 Acc: 0.72 
Ep 19/100 | TR Loss: 0.0013 Acc: 1.00 | VAL Loss: 1.9137 Acc: 0.72 
Ep 20/100 | TR Loss: 0.0009 Acc: 1.00 | VAL Loss: 1.9123 Acc: 0.72 
Ep 21/100 | TR Loss: 0.0010 Acc: 1.00 | VAL Loss: 1.9112 Acc: 0.72 
Ep 22/100 | TR Loss: 0.0009 Acc: 1.00 | VAL Loss: 1.9136 Acc: 0.72 
Ep 23/100 | TR Loss: 0.0010 Acc: 1.00 | VAL Loss: 1.9189 Acc: 0.72 
Ep 24/100 | TR Loss: 0.0008 Acc: 1.00 | VAL Loss: 1.9252 Acc: 0.72 
Ep 25/100 | TR Loss: 0.0008 Acc: 1.00 | VAL Loss: 1.9320 Acc: 0.74 
Ep 26/100 | TR Loss: 0.0007 Acc: 1.00 | VAL Loss: 1.9383 Acc: 0.74 
Ep 27/100 | TR Loss: 0.0007 Acc: 1.00 | VAL Loss: 1.9445 Acc: 0.74 
Ep 28/100 | TR Loss: 0.0009 Acc: 1.00 | VAL Loss: 1.9500 Acc: 0.74 
Ep 29/100 | TR Loss: 0.0008 Acc: 1.00 | VAL Loss: 1.9553 Acc: 0.74 
Ep 30/100 | TR Loss: 0.0007 Acc: 1.00 | VAL Loss: 1.9590 Acc: 0.74 
Ep 31/100 | TR Loss: 0.0006 Acc: 1.00 | VAL Loss: 1.9635 Acc: 0.74 
Ep 32/100 | TR Loss: 0.0006 Acc: 1.00 | VAL Loss: 1.9698 Acc: 0.72 
Ep 33/100 | TR Loss: 0.0007 Acc: 1.00 | VAL Loss: 1.9772 Acc: 0.72 
Ep 34/100 | TR Loss: 0.0007 Acc: 1.00 | VAL Loss: 1.9832 Acc: 0.72 
Ep 35/100 | TR Loss: 0.0006 Acc: 1.00 | VAL Loss: 1.9878 Acc: 0.72 
Ep 36/100 | TR Loss: 0.0006 Acc: 1.00 | VAL Loss: 1.9912 Acc: 0.72 
Ep 37/100 | TR Loss: 0.0006 Acc: 1.00 | VAL Loss: 1.9933 Acc: 0.72 
Ep 38/100 | TR Loss: 0.0006 Acc: 1.00 | VAL Loss: 1.9934 Acc: 0.72 
Ep 39/100 | TR Loss: 0.0007 Acc: 1.00 | VAL Loss: 1.9935 Acc: 0.72 
Ep 40/100 | TR Loss: 0.0007 Acc: 1.00 | VAL Loss: 1.9928 Acc: 0.72 
Ep 41/100 | TR Loss: 0.0006 Acc: 1.00 | VAL Loss: 1.9915 Acc: 0.72 
Ep 42/100 | TR Loss: 0.0006 Acc: 1.00 | VAL Loss: 1.9920 Acc: 0.72 
Ep 43/100 | TR Loss: 0.0006 Acc: 1.00 | VAL Loss: 1.9956 Acc: 0.70 
Ep 44/100 | TR Loss: 0.0007 Acc: 1.00 | VAL Loss: 2.0015 Acc: 0.70 
Ep 45/100 | TR Loss: 0.0006 Acc: 1.00 | VAL Loss: 2.0074 Acc: 0.70 
Ep 46/100 | TR Loss: 0.0007 Acc: 1.00 | VAL Loss: 2.0148 Acc: 0.68 
Ep 47/100 | TR Loss: 0.0006 Acc: 1.00 | VAL Loss: 2.0220 Acc: 0.68 
Ep 48/100 | TR Loss: 0.0006 Acc: 1.00 | VAL Loss: 2.0289 Acc: 0.68 
Ep 49/100 | TR Loss: 0.0007 Acc: 1.00 | VAL Loss: 2.0359 Acc: 0.68 
Ep 50/100 | TR Loss: 0.0006 Acc: 1.00 | VAL Loss: 2.0401 Acc: 0.68 
Ep 51/100 | TR Loss: 0.0006 Acc: 1.00 | VAL Loss: 2.0441 Acc: 0.68 
Ep 52/100 | TR Loss: 0.0007 Acc: 1.00 | VAL Loss: 2.0485 Acc: 0.68 
Ep 53/100 | TR Loss: 0.0007 Acc: 1.00 | VAL Loss: 2.0495 Acc: 0.68 
Ep 54/100 | TR Loss: 0.0007 Acc: 1.00 | VAL Loss: 2.0481 Acc: 0.70 
Ep 55/100 | TR Loss: 0.0006 Acc: 1.00 | VAL Loss: 2.0473 Acc: 0.70 
Ep 56/100 | TR Loss: 0.0006 Acc: 1.00 | VAL Loss: 2.0512 Acc: 0.72 
Ep 57/100 | TR Loss: 0.0006 Acc: 1.00 | VAL Loss: 2.0611 Acc: 0.72 
Ep 58/100 | TR Loss: 0.0006 Acc: 1.00 | VAL Loss: 2.0716 Acc: 0.72 
Ep 59/100 | TR Loss: 0.0006 Acc: 1.00 | VAL Loss: 2.0825 Acc: 0.72 
Ep 60/100 | TR Loss: 0.0006 Acc: 1.00 | VAL Loss: 2.0966 Acc: 0.72 
Ep 61/100 | TR Loss: 0.0006 Acc: 1.00 | VAL Loss: 2.1143 Acc: 0.72 
Ep 62/100 | TR Loss: 0.0006 Acc: 1.00 | VAL Loss: 2.1310 Acc: 0.72 
Ep 63/100 | TR Loss: 0.0006 Acc: 1.00 | VAL Loss: 2.1434 Acc: 0.72 
Ep 64/100 | TR Loss: 0.0005 Acc: 1.00 | VAL Loss: 2.1525 Acc: 0.72 
Ep 65/100 | TR Loss: 0.0005 Acc: 1.00 | VAL Loss: 2.1602 Acc: 0.72 
Ep 66/100 | TR Loss: 0.0005 Acc: 1.00 | VAL Loss: 2.1671 Acc: 0.72 
Ep 67/100 | TR Loss: 0.0006 Acc: 1.00 | VAL Loss: 2.1728 Acc: 0.72 
Ep 68/100 | TR Loss: 0.0005 Acc: 1.00 | VAL Loss: 2.1764 Acc: 0.72 
Ep 69/100 | TR Loss: 0.0006 Acc: 1.00 | VAL Loss: 2.1797 Acc: 0.72 
Ep 70/100 | TR Loss: 0.0005 Acc: 1.00 | VAL Loss: 2.1813 Acc: 0.72 
Ep 71/100 | TR Loss: 0.0005 Acc: 1.00 | VAL Loss: 2.1875 Acc: 0.70 
Ep 72/100 | TR Loss: 0.0005 Acc: 1.00 | VAL Loss: 2.1966 Acc: 0.70 
Ep 73/100 | TR Loss: 0.0005 Acc: 1.00 | VAL Loss: 2.2056 Acc: 0.70 
Ep 74/100 | TR Loss: 0.0005 Acc: 1.00 | VAL Loss: 2.2156 Acc: 0.70 
Ep 75/100 | TR Loss: 0.0005 Acc: 1.00 | VAL Loss: 2.2266 Acc: 0.70 
Ep 76/100 | TR Loss: 0.0005 Acc: 1.00 | VAL Loss: 2.2359 Acc: 0.70 
Ep 77/100 | TR Loss: 0.0006 Acc: 1.00 | VAL Loss: 2.2410 Acc: 0.70 
Ep 78/100 | TR Loss: 0.0006 Acc: 1.00 | VAL Loss: 2.2433 Acc: 0.70 
Ep 79/100 | TR Loss: 0.0006 Acc: 1.00 | VAL Loss: 2.2470 Acc: 0.70 
Ep 80/100 | TR Loss: 0.0005 Acc: 1.00 | VAL Loss: 2.2550 Acc: 0.70 
Ep 81/100 | TR Loss: 0.0005 Acc: 1.00 | VAL Loss: 2.2623 Acc: 0.70 
Ep 82/100 | TR Loss: 0.0005 Acc: 1.00 | VAL Loss: 2.2734 Acc: 0.70 
Ep 83/100 | TR Loss: 0.0005 Acc: 1.00 | VAL Loss: 2.2881 Acc: 0.70 
Ep 84/100 | TR Loss: 0.0005 Acc: 1.00 | VAL Loss: 2.2994 Acc: 0.70 
Ep 85/100 | TR Loss: 0.0005 Acc: 1.00 | VAL Loss: 2.3074 Acc: 0.70 
Ep 86/100 | TR Loss: 0.0005 Acc: 1.00 | VAL Loss: 2.3145 Acc: 0.70 
Ep 87/100 | TR Loss: 0.0004 Acc: 1.00 | VAL Loss: 2.3213 Acc: 0.70 
Ep 88/100 | TR Loss: 0.0004 Acc: 1.00 | VAL Loss: 2.3331 Acc: 0.70 
Ep 89/100 | TR Loss: 0.0004 Acc: 1.00 | VAL Loss: 2.3485 Acc: 0.70 
Ep 90/100 | TR Loss: 0.0004 Acc: 1.00 | VAL Loss: 2.3672 Acc: 0.70 
Ep 91/100 | TR Loss: 0.0004 Acc: 1.00 | VAL Loss: 2.3808 Acc: 0.70 
Ep 92/100 | TR Loss: 0.0004 Acc: 1.00 | VAL Loss: 2.3911 Acc: 0.70 
Ep 93/100 | TR Loss: 0.0004 Acc: 1.00 | VAL Loss: 2.3973 Acc: 0.70 
Ep 94/100 | TR Loss: 0.0004 Acc: 1.00 | VAL Loss: 2.4000 Acc: 0.70 
Ep 95/100 | TR Loss: 0.0005 Acc: 1.00 | VAL Loss: 2.4032 Acc: 0.70 
Ep 96/100 | TR Loss: 0.0004 Acc: 1.00 | VAL Loss: 2.4051 Acc: 0.70 
Ep 97/100 | TR Loss: 0.0005 Acc: 1.00 | VAL Loss: 2.4080 Acc: 0.70 
Ep 98/100 | TR Loss: 0.0004 Acc: 1.00 | VAL Loss: 2.4095 Acc: 0.70 
Ep 99/100 | TR Loss: 0.0004 Acc: 1.00 | VAL Loss: 2.4138 Acc: 0.68 
Ep 100/100 | TR Loss: 0.0004 Acc: 1.00 | VAL Loss: 2.4181 Acc: 0.68 

==================================================
BEST MODEL TEST SET EVALUATION (MULTIPLE THRESHOLDS)
==================================================
Threshold  | Acc      | Prec     | Rec      | F1      
--------------------------------------------------
0.30       | 0.65     | 0.65     | 1.00     | 0.79     
0.40       | 0.65     | 0.65     | 1.00     | 0.79     
0.50       | 0.66     | 0.66     | 1.00     | 0.79     <-- (Arg)
0.60       | 0.67     | 0.67     | 0.97     | 0.79     
0.70       | 0.63     | 0.72     | 0.71     | 0.71     
==================================================

========================================
End    : Fri May 22 03:14:21 +03 2026
Output : output_classical/job_1094715
total 131K
-rw-r--r-- 1 aerturk23 hpcusers  54K May 22  2026 best_model.pth
-rw-r--r-- 1 aerturk23 hpcusers  364 May 22 03:14 config.json
-rw-r--r-- 1 aerturk23 hpcusers  13K May 22 03:14 history.json
-rw-r--r-- 1 aerturk23 hpcusers  966 May 22 03:13 output.err
-rw-r--r-- 1 aerturk23 hpcusers 8.2K May 22  2026 output.log
-rw-r--r-- 1 aerturk23 hpcusers  54K May 22 03:14 training_metrics.png
========================================
