========================================
Job ID : 1094609
Start  : Fri May 22 01:26:25 +03 2026
GPU    : Tesla T4
========================================
--- Quantum QNLP Script starting ---
[*] Configuration saved to: output_qnlp/job_1094609/config.json
========================================
DATA SOURCE SELECTION : BACH
TRAINING SIZE         : 100
VALIDATION SIZE       : 50
TEST SIZE             : 100
WEIGHT DECAY          : 0.0001
CLASSIFICATION THRESHOLD : 0.5
QUANTUM LAYERS        : 2
========================================

--- Preparing Dataset ---
Generating DisCoCat grammar diagrams...
Generating quantum circuits (IQP Ansatz)...

--- Starting Quantum Model Training (Epochs: 100) ---
Ep 01/100 | TR Loss: 0.8755 Acc: 0.52 | VAL Loss: 0.7708 Acc: 0.58 *(Best)*
Ep 02/100 | TR Loss: 0.8891 Acc: 0.49 | VAL Loss: 0.8636 Acc: 0.50 
Ep 03/100 | TR Loss: 0.7165 Acc: 0.52 | VAL Loss: 0.7931 Acc: 0.58 
Ep 04/100 | TR Loss: 0.5992 Acc: 0.64 | VAL Loss: 0.7876 Acc: 0.62 
Ep 05/100 | TR Loss: 0.5843 Acc: 0.68 | VAL Loss: 1.0594 Acc: 0.54 
Ep 06/100 | TR Loss: 0.6976 Acc: 0.67 | VAL Loss: 0.7123 Acc: 0.56 *(Best)*
Ep 07/100 | TR Loss: 0.5740 Acc: 0.68 | VAL Loss: 0.7663 Acc: 0.60 
Ep 08/100 | TR Loss: 0.7590 Acc: 0.62 | VAL Loss: 0.7648 Acc: 0.62 
Ep 09/100 | TR Loss: 0.6076 Acc: 0.65 | VAL Loss: 0.6872 Acc: 0.68 *(Best)*
Ep 10/100 | TR Loss: 0.5374 Acc: 0.68 | VAL Loss: 0.7707 Acc: 0.70 
Ep 11/100 | TR Loss: 0.6945 Acc: 0.61 | VAL Loss: 0.7870 Acc: 0.44 
Ep 12/100 | TR Loss: 0.6898 Acc: 0.61 | VAL Loss: 0.7759 Acc: 0.54 
Ep 13/100 | TR Loss: 0.5650 Acc: 0.64 | VAL Loss: 0.7622 Acc: 0.56 
Ep 14/100 | TR Loss: 0.8048 Acc: 0.53 | VAL Loss: 0.7640 Acc: 0.64 
Ep 15/100 | TR Loss: 0.6575 Acc: 0.65 | VAL Loss: 1.0579 Acc: 0.38 
Ep 16/100 | TR Loss: 0.6602 Acc: 0.60 | VAL Loss: 0.9808 Acc: 0.52 
Ep 17/100 | TR Loss: 0.6400 Acc: 0.55 | VAL Loss: 0.7634 Acc: 0.42 
Ep 18/100 | TR Loss: 0.6014 Acc: 0.56 | VAL Loss: 0.8179 Acc: 0.44 
Ep 19/100 | TR Loss: 0.6528 Acc: 0.60 | VAL Loss: 0.8728 Acc: 0.50 
Ep 20/100 | TR Loss: 0.6545 Acc: 0.57 | VAL Loss: 0.8917 Acc: 0.34 
Ep 21/100 | TR Loss: 0.7091 Acc: 0.55 | VAL Loss: 0.8775 Acc: 0.44 
Ep 22/100 | TR Loss: 0.6967 Acc: 0.54 | VAL Loss: 0.7883 Acc: 0.52 
Ep 23/100 | TR Loss: 0.6454 Acc: 0.59 | VAL Loss: 0.7871 Acc: 0.50 
Ep 24/100 | TR Loss: 0.5661 Acc: 0.67 | VAL Loss: 0.7210 Acc: 0.62 
Ep 25/100 | TR Loss: 0.5827 Acc: 0.62 | VAL Loss: 0.7501 Acc: 0.48 
Ep 26/100 | TR Loss: 0.5548 Acc: 0.66 | VAL Loss: 0.6968 Acc: 0.58 
Ep 27/100 | TR Loss: 0.5286 Acc: 0.69 | VAL Loss: 0.6686 Acc: 0.50 *(Best)*
Ep 28/100 | TR Loss: 0.4959 Acc: 0.81 | VAL Loss: 0.7769 Acc: 0.50 
Ep 29/100 | TR Loss: 0.4839 Acc: 0.79 | VAL Loss: 0.8212 Acc: 0.52 
Ep 30/100 | TR Loss: 0.5318 Acc: 0.68 | VAL Loss: 0.7972 Acc: 0.58 
Ep 31/100 | TR Loss: 0.5472 Acc: 0.66 | VAL Loss: 0.8050 Acc: 0.56 
Ep 32/100 | TR Loss: 0.5192 Acc: 0.64 | VAL Loss: 0.8219 Acc: 0.56 
Ep 33/100 | TR Loss: 0.5584 Acc: 0.64 | VAL Loss: 0.7119 Acc: 0.56 
Ep 34/100 | TR Loss: 0.5445 Acc: 0.73 | VAL Loss: 0.7010 Acc: 0.60 
Ep 35/100 | TR Loss: 0.5378 Acc: 0.70 | VAL Loss: 0.6450 Acc: 0.64 *(Best)*
Ep 36/100 | TR Loss: 0.5605 Acc: 0.66 | VAL Loss: 0.6423 Acc: 0.52 *(Best)*
Ep 37/100 | TR Loss: 0.5971 Acc: 0.67 | VAL Loss: 0.8001 Acc: 0.44 
Ep 38/100 | TR Loss: 0.6256 Acc: 0.73 | VAL Loss: 0.7327 Acc: 0.54 
Ep 39/100 | TR Loss: 0.6240 Acc: 0.61 | VAL Loss: 0.6828 Acc: 0.64 
Ep 40/100 | TR Loss: 0.6369 Acc: 0.60 | VAL Loss: 0.7690 Acc: 0.52 
Ep 41/100 | TR Loss: 0.7893 Acc: 0.53 | VAL Loss: 0.7154 Acc: 0.52 
Ep 42/100 | TR Loss: 0.7745 Acc: 0.55 | VAL Loss: 0.7864 Acc: 0.54 
Ep 43/100 | TR Loss: 0.7095 Acc: 0.52 | VAL Loss: 0.6356 Acc: 0.60 *(Best)*
Ep 44/100 | TR Loss: 0.6012 Acc: 0.69 | VAL Loss: 0.7577 Acc: 0.48 
Ep 45/100 | TR Loss: 0.5778 Acc: 0.68 | VAL Loss: 0.6401 Acc: 0.70 
Ep 46/100 | TR Loss: 0.6670 Acc: 0.58 | VAL Loss: 0.8959 Acc: 0.40 
Ep 47/100 | TR Loss: 0.6440 Acc: 0.65 | VAL Loss: 0.5755 Acc: 0.66 *(Best)*
Ep 48/100 | TR Loss: 0.6020 Acc: 0.69 | VAL Loss: 0.5736 Acc: 0.66 *(Best)*
Ep 49/100 | TR Loss: 0.6681 Acc: 0.65 | VAL Loss: 0.6799 Acc: 0.62 
Ep 50/100 | TR Loss: 0.7328 Acc: 0.62 | VAL Loss: 0.7661 Acc: 0.62 
Ep 51/100 | TR Loss: 0.5713 Acc: 0.66 | VAL Loss: 0.8193 Acc: 0.54 
Ep 52/100 | TR Loss: 0.7436 Acc: 0.64 | VAL Loss: 0.7088 Acc: 0.58 
Ep 53/100 | TR Loss: 0.7721 Acc: 0.66 | VAL Loss: 0.7747 Acc: 0.52 
Ep 54/100 | TR Loss: 0.7450 Acc: 0.57 | VAL Loss: 0.8163 Acc: 0.56 
Ep 55/100 | TR Loss: 0.7338 Acc: 0.58 | VAL Loss: 0.7296 Acc: 0.54 
Ep 56/100 | TR Loss: 0.8741 Acc: 0.48 | VAL Loss: 0.7786 Acc: 0.56 
Ep 57/100 | TR Loss: 0.6222 Acc: 0.57 | VAL Loss: 0.7219 Acc: 0.56 
Ep 58/100 | TR Loss: 0.6595 Acc: 0.54 | VAL Loss: 0.7930 Acc: 0.56 
Ep 59/100 | TR Loss: 0.6996 Acc: 0.56 | VAL Loss: 0.7839 Acc: 0.54 
Ep 60/100 | TR Loss: 0.7523 Acc: 0.53 | VAL Loss: 0.7487 Acc: 0.54 
Ep 61/100 | TR Loss: 0.5947 Acc: 0.68 | VAL Loss: 0.6433 Acc: 0.54 
Ep 62/100 | TR Loss: 0.5585 Acc: 0.70 | VAL Loss: 0.6095 Acc: 0.60 
Ep 63/100 | TR Loss: 0.5113 Acc: 0.74 | VAL Loss: 0.7010 Acc: 0.58 
Ep 64/100 | TR Loss: 0.5362 Acc: 0.73 | VAL Loss: 0.5606 Acc: 0.70 *(Best)*
Ep 65/100 | TR Loss: 0.5477 Acc: 0.69 | VAL Loss: 0.6374 Acc: 0.60 
Ep 66/100 | TR Loss: 0.5894 Acc: 0.64 | VAL Loss: 0.6782 Acc: 0.64 
Ep 67/100 | TR Loss: 0.5694 Acc: 0.68 | VAL Loss: 0.9092 Acc: 0.56 
Ep 68/100 | TR Loss: 0.5596 Acc: 0.68 | VAL Loss: 0.6752 Acc: 0.60 
Ep 69/100 | TR Loss: 0.6098 Acc: 0.64 | VAL Loss: 0.5861 Acc: 0.62 
Ep 70/100 | TR Loss: 0.6009 Acc: 0.65 | VAL Loss: 0.6872 Acc: 0.64 
Ep 71/100 | TR Loss: 0.5300 Acc: 0.74 | VAL Loss: 0.6335 Acc: 0.70 
Ep 72/100 | TR Loss: 0.5203 Acc: 0.68 | VAL Loss: 0.7143 Acc: 0.62 
Ep 73/100 | TR Loss: 0.5539 Acc: 0.68 | VAL Loss: 0.6168 Acc: 0.62 
Ep 74/100 | TR Loss: 0.5740 Acc: 0.68 | VAL Loss: 0.8788 Acc: 0.54 
Ep 75/100 | TR Loss: 0.5560 Acc: 0.69 | VAL Loss: 0.9345 Acc: 0.44 
Ep 76/100 | TR Loss: 0.6563 Acc: 0.61 | VAL Loss: 0.7333 Acc: 0.60 
Ep 77/100 | TR Loss: 0.6291 Acc: 0.62 | VAL Loss: 0.7407 Acc: 0.62 
Ep 78/100 | TR Loss: 0.6678 Acc: 0.59 | VAL Loss: 0.7894 Acc: 0.50 
Ep 79/100 | TR Loss: 0.7211 Acc: 0.58 | VAL Loss: 0.8121 Acc: 0.50 
Ep 80/100 | TR Loss: 0.7647 Acc: 0.59 | VAL Loss: 0.6510 Acc: 0.54 
Ep 81/100 | TR Loss: 0.7031 Acc: 0.50 | VAL Loss: 0.6608 Acc: 0.60 
Ep 82/100 | TR Loss: 0.6167 Acc: 0.62 | VAL Loss: 0.9741 Acc: 0.52 
Ep 83/100 | TR Loss: 0.7202 Acc: 0.64 | VAL Loss: 0.8519 Acc: 0.54 
Ep 84/100 | TR Loss: 0.7265 Acc: 0.62 | VAL Loss: 0.8199 Acc: 0.56 
Ep 85/100 | TR Loss: 0.6776 Acc: 0.53 | VAL Loss: 0.9985 Acc: 0.44 
Ep 86/100 | TR Loss: 0.6527 Acc: 0.58 | VAL Loss: 0.9973 Acc: 0.42 
Ep 87/100 | TR Loss: 0.6956 Acc: 0.60 | VAL Loss: 0.9130 Acc: 0.60 
Ep 88/100 | TR Loss: 0.7009 Acc: 0.63 | VAL Loss: 0.8231 Acc: 0.52 
Ep 89/100 | TR Loss: 0.6636 Acc: 0.52 | VAL Loss: 0.7659 Acc: 0.62 
Ep 90/100 | TR Loss: 0.6219 Acc: 0.62 | VAL Loss: 0.7139 Acc: 0.52 
Ep 91/100 | TR Loss: 0.6406 Acc: 0.63 | VAL Loss: 0.7304 Acc: 0.50 
Ep 92/100 | TR Loss: 0.5178 Acc: 0.74 | VAL Loss: 0.6617 Acc: 0.66 
Ep 93/100 | TR Loss: 0.6317 Acc: 0.64 | VAL Loss: 0.9858 Acc: 0.54 
Ep 94/100 | TR Loss: 0.6545 Acc: 0.62 | VAL Loss: 0.9013 Acc: 0.52 
Ep 95/100 | TR Loss: 0.6261 Acc: 0.53 | VAL Loss: 0.6912 Acc: 0.54 
Ep 96/100 | TR Loss: 0.5992 Acc: 0.54 | VAL Loss: 0.6406 Acc: 0.62 
Ep 97/100 | TR Loss: 0.5425 Acc: 0.67 | VAL Loss: 0.7176 Acc: 0.46 
Ep 98/100 | TR Loss: 0.5304 Acc: 0.65 | VAL Loss: 0.8567 Acc: 0.48 
Ep 99/100 | TR Loss: 0.5159 Acc: 0.68 | VAL Loss: 0.7433 Acc: 0.54 
Ep 100/100 | TR Loss: 0.5140 Acc: 0.69 | VAL Loss: 0.7697 Acc: 0.60 
[*] Training plots saved to: output_qnlp/job_1094609/training_metrics.png

==================================================
BEST MODEL TEST SET EVALUATION (MULTIPLE THRESHOLDS)
==================================================
Threshold  | Acc      | Prec     | Rec      | F1      
--------------------------------------------------
0.30       | 0.47     | 0.48     | 0.88     | 0.62     
0.40       | 0.47     | 0.48     | 0.78     | 0.60     
0.50       | 0.48     | 0.48     | 0.52     | 0.50     <-- (Arg)
0.60       | 0.53     | 0.55     | 0.34     | 0.42     
0.70       | 0.56     | 0.64     | 0.28     | 0.39     
==================================================

========================================
End    : Fri May 22 01:59:26 +03 2026
Output : output_qnlp/job_1094609
total 247K
-rw-r--r-- 1 aerturk23 hpcusers  46K May 22 01:31 best_model.pth
-rw-r--r-- 1 aerturk23 hpcusers  293 May 22 01:26 config.json
-rw-r--r-- 1 aerturk23 hpcusers  14K May 22 01:33 history.json
-rw-r--r-- 1 aerturk23 hpcusers  966 May 22 01:31 output.err
-rw-r--r-- 1 aerturk23 hpcusers 8.2K May 22 01:57 output.log
-rw-r--r-- 1 aerturk23 hpcusers 177K May 22 01:33 training_metrics.png
========================================
