========================================
Job ID : 1094774
Start  : Fri May 22 06:38:05 +03 2026
GPU    : Tesla T4
========================================
--- Classical LSTM Script starting ---
[*] Configuration saved to: output_classical/job_1094774/config.json
========================================
MODEL                 : CLASSICAL LSTM
DATA SOURCE SELECTION : SYNTHETIC
TRAINING SIZE         : 10
VALIDATION SIZE       : 50
TEST SIZE             : 100
WEIGHT DECAY          : 0.0001
DROPOUT RATE          : 0.2
CLASSIFICATION THRESHOLD : 0.5
BATCH SIZE            : 16
EMBED/HIDDEN DIMS     : 16 / 32
========================================

--- Preparing Dataset and Tokenization ---
[*] REAL DATASET SIZES -> Train: 10 | Val: 50 | Test: 100
--- Initializing Classical Model ---

--- Starting Classical LSTM Training (Epochs: 100) ---
Ep 01/100 | TR Loss: 0.6965 Acc: 0.50 | VAL Loss: 0.6701 Acc: 0.52 *(Best)*
Ep 02/100 | TR Loss: 0.6577 Acc: 0.80 | VAL Loss: 0.6396 Acc: 0.48 *(Best)*
Ep 03/100 | TR Loss: 0.6213 Acc: 0.80 | VAL Loss: 0.6128 Acc: 0.46 *(Best)*
Ep 04/100 | TR Loss: 0.5850 Acc: 0.70 | VAL Loss: 0.5901 Acc: 0.50 *(Best)*
Ep 05/100 | TR Loss: 0.5478 Acc: 0.70 | VAL Loss: 0.5720 Acc: 0.54 *(Best)*
Ep 06/100 | TR Loss: 0.5085 Acc: 0.70 | VAL Loss: 0.5579 Acc: 0.56 *(Best)*
Ep 07/100 | TR Loss: 0.4658 Acc: 0.70 | VAL Loss: 0.5463 Acc: 0.60 *(Best)*
Ep 08/100 | TR Loss: 0.4183 Acc: 1.00 | VAL Loss: 0.5352 Acc: 0.62 *(Best)*
Ep 09/100 | TR Loss: 0.3651 Acc: 1.00 | VAL Loss: 0.5226 Acc: 0.64 *(Best)*
Ep 10/100 | TR Loss: 0.3066 Acc: 1.00 | VAL Loss: 0.5071 Acc: 0.66 *(Best)*
Ep 11/100 | TR Loss: 0.2452 Acc: 1.00 | VAL Loss: 0.4891 Acc: 0.70 *(Best)*
Ep 12/100 | TR Loss: 0.1848 Acc: 1.00 | VAL Loss: 0.4714 Acc: 0.70 *(Best)*
Ep 13/100 | TR Loss: 0.1297 Acc: 1.00 | VAL Loss: 0.4588 Acc: 0.72 *(Best)*
Ep 14/100 | TR Loss: 0.0847 Acc: 1.00 | VAL Loss: 0.4553 Acc: 0.76 *(Best)*
Ep 15/100 | TR Loss: 0.0526 Acc: 1.00 | VAL Loss: 0.4620 Acc: 0.78 
Ep 16/100 | TR Loss: 0.0322 Acc: 1.00 | VAL Loss: 0.4767 Acc: 0.76 
Ep 17/100 | TR Loss: 0.0200 Acc: 1.00 | VAL Loss: 0.4968 Acc: 0.78 
Ep 18/100 | TR Loss: 0.0130 Acc: 1.00 | VAL Loss: 0.5201 Acc: 0.80 
Ep 19/100 | TR Loss: 0.0088 Acc: 1.00 | VAL Loss: 0.5451 Acc: 0.80 
Ep 20/100 | TR Loss: 0.0062 Acc: 1.00 | VAL Loss: 0.5705 Acc: 0.80 
Ep 21/100 | TR Loss: 0.0045 Acc: 1.00 | VAL Loss: 0.5950 Acc: 0.80 
Ep 22/100 | TR Loss: 0.0034 Acc: 1.00 | VAL Loss: 0.6180 Acc: 0.80 
Ep 23/100 | TR Loss: 0.0027 Acc: 1.00 | VAL Loss: 0.6393 Acc: 0.80 
Ep 24/100 | TR Loss: 0.0022 Acc: 1.00 | VAL Loss: 0.6593 Acc: 0.80 
Ep 25/100 | TR Loss: 0.0018 Acc: 1.00 | VAL Loss: 0.6786 Acc: 0.84 
Ep 26/100 | TR Loss: 0.0015 Acc: 1.00 | VAL Loss: 0.6975 Acc: 0.84 
Ep 27/100 | TR Loss: 0.0013 Acc: 1.00 | VAL Loss: 0.7160 Acc: 0.84 
Ep 28/100 | TR Loss: 0.0011 Acc: 1.00 | VAL Loss: 0.7338 Acc: 0.84 
Ep 29/100 | TR Loss: 0.0010 Acc: 1.00 | VAL Loss: 0.7507 Acc: 0.84 
Ep 30/100 | TR Loss: 0.0009 Acc: 1.00 | VAL Loss: 0.7665 Acc: 0.84 
Ep 31/100 | TR Loss: 0.0008 Acc: 1.00 | VAL Loss: 0.7810 Acc: 0.84 
Ep 32/100 | TR Loss: 0.0007 Acc: 1.00 | VAL Loss: 0.7943 Acc: 0.84 
Ep 33/100 | TR Loss: 0.0006 Acc: 1.00 | VAL Loss: 0.8063 Acc: 0.84 
Ep 34/100 | TR Loss: 0.0006 Acc: 1.00 | VAL Loss: 0.8171 Acc: 0.84 
Ep 35/100 | TR Loss: 0.0005 Acc: 1.00 | VAL Loss: 0.8268 Acc: 0.84 
Ep 36/100 | TR Loss: 0.0005 Acc: 1.00 | VAL Loss: 0.8354 Acc: 0.84 
Ep 37/100 | TR Loss: 0.0005 Acc: 1.00 | VAL Loss: 0.8429 Acc: 0.84 
Ep 38/100 | TR Loss: 0.0005 Acc: 1.00 | VAL Loss: 0.8496 Acc: 0.84 
Ep 39/100 | TR Loss: 0.0004 Acc: 1.00 | VAL Loss: 0.8553 Acc: 0.84 
Ep 40/100 | TR Loss: 0.0004 Acc: 1.00 | VAL Loss: 0.8601 Acc: 0.84 
Ep 41/100 | TR Loss: 0.0004 Acc: 1.00 | VAL Loss: 0.8643 Acc: 0.84 
Ep 42/100 | TR Loss: 0.0004 Acc: 1.00 | VAL Loss: 0.8677 Acc: 0.84 
Ep 43/100 | TR Loss: 0.0004 Acc: 1.00 | VAL Loss: 0.8705 Acc: 0.84 
Ep 44/100 | TR Loss: 0.0004 Acc: 1.00 | VAL Loss: 0.8727 Acc: 0.84 
Ep 45/100 | TR Loss: 0.0003 Acc: 1.00 | VAL Loss: 0.8743 Acc: 0.84 
Ep 46/100 | TR Loss: 0.0003 Acc: 1.00 | VAL Loss: 0.8754 Acc: 0.84 
Ep 47/100 | TR Loss: 0.0003 Acc: 1.00 | VAL Loss: 0.8760 Acc: 0.84 
Ep 48/100 | TR Loss: 0.0003 Acc: 1.00 | VAL Loss: 0.8761 Acc: 0.84 
Ep 49/100 | TR Loss: 0.0003 Acc: 1.00 | VAL Loss: 0.8758 Acc: 0.84 
Ep 50/100 | TR Loss: 0.0003 Acc: 1.00 | VAL Loss: 0.8751 Acc: 0.84 
Ep 51/100 | TR Loss: 0.0003 Acc: 1.00 | VAL Loss: 0.8740 Acc: 0.84 
Ep 52/100 | TR Loss: 0.0003 Acc: 1.00 | VAL Loss: 0.8726 Acc: 0.84 
Ep 53/100 | TR Loss: 0.0003 Acc: 1.00 | VAL Loss: 0.8709 Acc: 0.84 
Ep 54/100 | TR Loss: 0.0003 Acc: 1.00 | VAL Loss: 0.8689 Acc: 0.84 
Ep 55/100 | TR Loss: 0.0003 Acc: 1.00 | VAL Loss: 0.8665 Acc: 0.84 
Ep 56/100 | TR Loss: 0.0003 Acc: 1.00 | VAL Loss: 0.8640 Acc: 0.84 
Ep 57/100 | TR Loss: 0.0003 Acc: 1.00 | VAL Loss: 0.8611 Acc: 0.84 
Ep 58/100 | TR Loss: 0.0003 Acc: 1.00 | VAL Loss: 0.8581 Acc: 0.84 
Ep 59/100 | TR Loss: 0.0003 Acc: 1.00 | VAL Loss: 0.8548 Acc: 0.84 
Ep 60/100 | TR Loss: 0.0003 Acc: 1.00 | VAL Loss: 0.8514 Acc: 0.84 
Ep 61/100 | TR Loss: 0.0003 Acc: 1.00 | VAL Loss: 0.8479 Acc: 0.84 
Ep 62/100 | TR Loss: 0.0003 Acc: 1.00 | VAL Loss: 0.8442 Acc: 0.84 
Ep 63/100 | TR Loss: 0.0003 Acc: 1.00 | VAL Loss: 0.8404 Acc: 0.84 
Ep 64/100 | TR Loss: 0.0003 Acc: 1.00 | VAL Loss: 0.8364 Acc: 0.84 
Ep 65/100 | TR Loss: 0.0003 Acc: 1.00 | VAL Loss: 0.8324 Acc: 0.84 
Ep 66/100 | TR Loss: 0.0003 Acc: 1.00 | VAL Loss: 0.8282 Acc: 0.84 
Ep 67/100 | TR Loss: 0.0003 Acc: 1.00 | VAL Loss: 0.8240 Acc: 0.84 
Ep 68/100 | TR Loss: 0.0003 Acc: 1.00 | VAL Loss: 0.8198 Acc: 0.84 
Ep 69/100 | TR Loss: 0.0003 Acc: 1.00 | VAL Loss: 0.8155 Acc: 0.84 
Ep 70/100 | TR Loss: 0.0003 Acc: 1.00 | VAL Loss: 0.8112 Acc: 0.84 
Ep 71/100 | TR Loss: 0.0003 Acc: 1.00 | VAL Loss: 0.8068 Acc: 0.84 
Ep 72/100 | TR Loss: 0.0003 Acc: 1.00 | VAL Loss: 0.8024 Acc: 0.84 
Ep 73/100 | TR Loss: 0.0003 Acc: 1.00 | VAL Loss: 0.7979 Acc: 0.84 
Ep 74/100 | TR Loss: 0.0003 Acc: 1.00 | VAL Loss: 0.7935 Acc: 0.84 
Ep 75/100 | TR Loss: 0.0003 Acc: 1.00 | VAL Loss: 0.7891 Acc: 0.84 
Ep 76/100 | TR Loss: 0.0003 Acc: 1.00 | VAL Loss: 0.7846 Acc: 0.84 
Ep 77/100 | TR Loss: 0.0003 Acc: 1.00 | VAL Loss: 0.7802 Acc: 0.84 
Ep 78/100 | TR Loss: 0.0003 Acc: 1.00 | VAL Loss: 0.7757 Acc: 0.84 
Ep 79/100 | TR Loss: 0.0003 Acc: 1.00 | VAL Loss: 0.7713 Acc: 0.84 
Ep 80/100 | TR Loss: 0.0003 Acc: 1.00 | VAL Loss: 0.7670 Acc: 0.84 
Ep 81/100 | TR Loss: 0.0003 Acc: 1.00 | VAL Loss: 0.7626 Acc: 0.84 
Ep 82/100 | TR Loss: 0.0003 Acc: 1.00 | VAL Loss: 0.7583 Acc: 0.84 
Ep 83/100 | TR Loss: 0.0003 Acc: 1.00 | VAL Loss: 0.7540 Acc: 0.84 
Ep 84/100 | TR Loss: 0.0003 Acc: 1.00 | VAL Loss: 0.7498 Acc: 0.84 
Ep 85/100 | TR Loss: 0.0003 Acc: 1.00 | VAL Loss: 0.7457 Acc: 0.84 
Ep 86/100 | TR Loss: 0.0003 Acc: 1.00 | VAL Loss: 0.7416 Acc: 0.84 
Ep 87/100 | TR Loss: 0.0003 Acc: 1.00 | VAL Loss: 0.7376 Acc: 0.84 
Ep 88/100 | TR Loss: 0.0003 Acc: 1.00 | VAL Loss: 0.7336 Acc: 0.84 
Ep 89/100 | TR Loss: 0.0003 Acc: 1.00 | VAL Loss: 0.7298 Acc: 0.84 
Ep 90/100 | TR Loss: 0.0003 Acc: 1.00 | VAL Loss: 0.7260 Acc: 0.84 
Ep 91/100 | TR Loss: 0.0003 Acc: 1.00 | VAL Loss: 0.7223 Acc: 0.84 
Ep 92/100 | TR Loss: 0.0003 Acc: 1.00 | VAL Loss: 0.7188 Acc: 0.84 
Ep 93/100 | TR Loss: 0.0004 Acc: 1.00 | VAL Loss: 0.7153 Acc: 0.84 
Ep 94/100 | TR Loss: 0.0004 Acc: 1.00 | VAL Loss: 0.7119 Acc: 0.84 
Ep 95/100 | TR Loss: 0.0004 Acc: 1.00 | VAL Loss: 0.7086 Acc: 0.84 
Ep 96/100 | TR Loss: 0.0004 Acc: 1.00 | VAL Loss: 0.7054 Acc: 0.86 
Ep 97/100 | TR Loss: 0.0004 Acc: 1.00 | VAL Loss: 0.7023 Acc: 0.86 
Ep 98/100 | TR Loss: 0.0004 Acc: 1.00 | VAL Loss: 0.6993 Acc: 0.86 
Ep 99/100 | TR Loss: 0.0004 Acc: 1.00 | VAL Loss: 0.6963 Acc: 0.86 
Ep 100/100 | TR Loss: 0.0004 Acc: 1.00 | VAL Loss: 0.6935 Acc: 0.86 

==================================================
BEST MODEL TEST SET EVALUATION (MULTIPLE THRESHOLDS)
==================================================
Threshold  | Acc      | Prec     | Rec      | F1      
--------------------------------------------------
0.30       | 0.66     | 0.64     | 0.95     | 0.76     
0.40       | 0.64     | 0.63     | 0.88     | 0.74     
0.50       | 0.66     | 0.65     | 0.88     | 0.75     <-- (Arg)
0.60       | 0.69     | 0.68     | 0.88     | 0.76     
0.70       | 0.69     | 0.69     | 0.84     | 0.76     
==================================================

========================================
End    : Fri May 22 06:38:18 +03 2026
Output : output_classical/job_1094774
total 112K
-rw-r--r-- 1 aerturk23 hpcusers  30K May 22  2026 best_model.pth
-rw-r--r-- 1 aerturk23 hpcusers  369 May 22 06:38 config.json
-rw-r--r-- 1 aerturk23 hpcusers  13K May 22 06:38 history.json
-rw-r--r-- 1 aerturk23 hpcusers  966 May 22  2026 output.err
-rw-r--r-- 1 aerturk23 hpcusers 8.3K May 22  2026 output.log
-rw-r--r-- 1 aerturk23 hpcusers  59K May 22 06:38 training_metrics.png
========================================
