========================================
Job ID : 1094590
Start  : Thu May 21 23:33:39 +03 2026
GPU    : Tesla T4
========================================
--- Classical LSTM Script starting ---
[*] Configuration saved to: output_classical/job_1094590/config.json
========================================
MODEL                 : CLASSICAL LSTM
DATA SOURCE SELECTION : BACH
TRAINING SIZE         : 50
VALIDATION SIZE       : 50
TEST SIZE             : 100
WEIGHT DECAY          : 0.0001
DROPOUT RATE          : 0.2
CLASSIFICATION THRESHOLD : 0.5
BATCH SIZE            : 16
EMBED/HIDDEN DIMS     : 16 / 32
========================================

--- Preparing Dataset and Tokenization ---
[*] REAL DATASET SIZES -> Train: 50 | Val: 50 | Test: 100
--- Initializing Classical Model ---

--- Starting Classical LSTM Training (Epochs: 100) ---
Ep 01/100 | TR Loss: 0.6800 Acc: 0.42 | VAL Loss: 0.7123 Acc: 0.56 *(Best)*
Ep 02/100 | TR Loss: 0.6462 Acc: 0.58 | VAL Loss: 0.7442 Acc: 0.56 
Ep 03/100 | TR Loss: 0.7922 Acc: 0.58 | VAL Loss: 0.7763 Acc: 0.56 
Ep 04/100 | TR Loss: 0.6864 Acc: 0.58 | VAL Loss: 0.7235 Acc: 0.56 
Ep 05/100 | TR Loss: 0.6824 Acc: 0.58 | VAL Loss: 0.7095 Acc: 0.56 *(Best)*
Ep 06/100 | TR Loss: 0.6833 Acc: 0.58 | VAL Loss: 0.7034 Acc: 0.56 *(Best)*
Ep 07/100 | TR Loss: 0.6981 Acc: 0.58 | VAL Loss: 0.6967 Acc: 0.56 *(Best)*
Ep 08/100 | TR Loss: 0.6648 Acc: 0.58 | VAL Loss: 0.6768 Acc: 0.56 *(Best)*
Ep 09/100 | TR Loss: 0.6518 Acc: 0.60 | VAL Loss: 0.6512 Acc: 0.76 *(Best)*
Ep 10/100 | TR Loss: 0.5350 Acc: 0.80 | VAL Loss: 0.5534 Acc: 0.76 *(Best)*
Ep 11/100 | TR Loss: 0.3754 Acc: 0.88 | VAL Loss: 0.5456 Acc: 0.76 *(Best)*
Ep 12/100 | TR Loss: 0.4771 Acc: 0.88 | VAL Loss: 0.5863 Acc: 0.74 
Ep 13/100 | TR Loss: 0.3375 Acc: 0.88 | VAL Loss: 0.6040 Acc: 0.74 
Ep 14/100 | TR Loss: 0.5048 Acc: 0.86 | VAL Loss: 0.6243 Acc: 0.74 
Ep 15/100 | TR Loss: 0.3718 Acc: 0.88 | VAL Loss: 0.9292 Acc: 0.76 
Ep 16/100 | TR Loss: 0.4139 Acc: 0.86 | VAL Loss: 0.8480 Acc: 0.76 
Ep 17/100 | TR Loss: 0.3704 Acc: 0.86 | VAL Loss: 0.7470 Acc: 0.76 
Ep 18/100 | TR Loss: 0.3473 Acc: 0.88 | VAL Loss: 0.6910 Acc: 0.76 
Ep 19/100 | TR Loss: 0.3038 Acc: 0.90 | VAL Loss: 0.6958 Acc: 0.76 
Ep 20/100 | TR Loss: 0.2883 Acc: 0.90 | VAL Loss: 0.7211 Acc: 0.76 
Ep 21/100 | TR Loss: 0.5063 Acc: 0.90 | VAL Loss: 0.7176 Acc: 0.78 
Ep 22/100 | TR Loss: 0.3222 Acc: 0.88 | VAL Loss: 0.6944 Acc: 0.78 
Ep 23/100 | TR Loss: 0.3504 Acc: 0.86 | VAL Loss: 0.7415 Acc: 0.74 
Ep 24/100 | TR Loss: 0.2806 Acc: 0.90 | VAL Loss: 0.7001 Acc: 0.76 
Ep 25/100 | TR Loss: 0.2480 Acc: 0.92 | VAL Loss: 0.8033 Acc: 0.72 
Ep 26/100 | TR Loss: 0.2624 Acc: 0.90 | VAL Loss: 0.8929 Acc: 0.70 
Ep 27/100 | TR Loss: 0.3208 Acc: 0.86 | VAL Loss: 0.8329 Acc: 0.76 
Ep 28/100 | TR Loss: 0.2954 Acc: 0.88 | VAL Loss: 0.8427 Acc: 0.74 
Ep 29/100 | TR Loss: 0.3357 Acc: 0.86 | VAL Loss: 0.5712 Acc: 0.76 
Ep 30/100 | TR Loss: 0.2789 Acc: 0.90 | VAL Loss: 0.5298 Acc: 0.76 *(Best)*
Ep 31/100 | TR Loss: 0.2746 Acc: 0.90 | VAL Loss: 0.4987 Acc: 0.78 *(Best)*
Ep 32/100 | TR Loss: 0.2565 Acc: 0.90 | VAL Loss: 0.4585 Acc: 0.80 *(Best)*
Ep 33/100 | TR Loss: 0.2590 Acc: 0.90 | VAL Loss: 0.4322 Acc: 0.82 *(Best)*
Ep 34/100 | TR Loss: 0.2728 Acc: 0.90 | VAL Loss: 0.4690 Acc: 0.80 
Ep 35/100 | TR Loss: 0.2769 Acc: 0.90 | VAL Loss: 0.4966 Acc: 0.78 
Ep 36/100 | TR Loss: 0.2703 Acc: 0.90 | VAL Loss: 0.5163 Acc: 0.78 
Ep 37/100 | TR Loss: 0.5409 Acc: 0.90 | VAL Loss: 0.5099 Acc: 0.78 
Ep 38/100 | TR Loss: 0.2450 Acc: 0.92 | VAL Loss: 0.4914 Acc: 0.78 
Ep 39/100 | TR Loss: 0.2476 Acc: 0.92 | VAL Loss: 0.4905 Acc: 0.78 
Ep 40/100 | TR Loss: 0.2626 Acc: 0.92 | VAL Loss: 0.4948 Acc: 0.78 
Ep 41/100 | TR Loss: 0.2448 Acc: 0.92 | VAL Loss: 0.5016 Acc: 0.78 
Ep 42/100 | TR Loss: 0.2081 Acc: 0.94 | VAL Loss: 0.5122 Acc: 0.78 
Ep 43/100 | TR Loss: 0.1940 Acc: 0.94 | VAL Loss: 0.5234 Acc: 0.78 
Ep 44/100 | TR Loss: 0.2033 Acc: 0.94 | VAL Loss: 0.5340 Acc: 0.78 
Ep 45/100 | TR Loss: 0.1897 Acc: 0.94 | VAL Loss: 0.5474 Acc: 0.78 
Ep 46/100 | TR Loss: 0.1894 Acc: 0.94 | VAL Loss: 0.5590 Acc: 0.78 
Ep 47/100 | TR Loss: 0.1892 Acc: 0.94 | VAL Loss: 0.5703 Acc: 0.78 
Ep 48/100 | TR Loss: 0.1898 Acc: 0.94 | VAL Loss: 0.5779 Acc: 0.78 
Ep 49/100 | TR Loss: 0.5364 Acc: 0.94 | VAL Loss: 0.5715 Acc: 0.78 
Ep 50/100 | TR Loss: 0.1914 Acc: 0.94 | VAL Loss: 0.5387 Acc: 0.78 
Ep 51/100 | TR Loss: 0.1923 Acc: 0.94 | VAL Loss: 0.5259 Acc: 0.78 
Ep 52/100 | TR Loss: 0.4965 Acc: 0.94 | VAL Loss: 0.5163 Acc: 0.78 
Ep 53/100 | TR Loss: 0.2034 Acc: 0.94 | VAL Loss: 0.5000 Acc: 0.78 
Ep 54/100 | TR Loss: 0.2058 Acc: 0.94 | VAL Loss: 0.4995 Acc: 0.78 
Ep 55/100 | TR Loss: 0.2066 Acc: 0.94 | VAL Loss: 0.5082 Acc: 0.78 
Ep 56/100 | TR Loss: 0.4724 Acc: 0.94 | VAL Loss: 0.5188 Acc: 0.78 
Ep 57/100 | TR Loss: 0.1943 Acc: 0.94 | VAL Loss: 0.5153 Acc: 0.78 
Ep 58/100 | TR Loss: 0.1977 Acc: 0.94 | VAL Loss: 0.5213 Acc: 0.78 
Ep 59/100 | TR Loss: 0.1890 Acc: 0.94 | VAL Loss: 0.5320 Acc: 0.78 
Ep 60/100 | TR Loss: 0.1882 Acc: 0.94 | VAL Loss: 0.5452 Acc: 0.78 
Ep 61/100 | TR Loss: 0.1845 Acc: 0.94 | VAL Loss: 0.5586 Acc: 0.78 
Ep 62/100 | TR Loss: 0.1836 Acc: 0.94 | VAL Loss: 0.5738 Acc: 0.78 
Ep 63/100 | TR Loss: 0.1816 Acc: 0.94 | VAL Loss: 0.5867 Acc: 0.78 
Ep 64/100 | TR Loss: 0.1817 Acc: 0.94 | VAL Loss: 0.5971 Acc: 0.78 
Ep 65/100 | TR Loss: 0.1792 Acc: 0.94 | VAL Loss: 0.6016 Acc: 0.78 
Ep 66/100 | TR Loss: 0.1768 Acc: 0.94 | VAL Loss: 0.6033 Acc: 0.78 
Ep 67/100 | TR Loss: 0.1758 Acc: 0.94 | VAL Loss: 0.6040 Acc: 0.78 
Ep 68/100 | TR Loss: 0.1775 Acc: 0.94 | VAL Loss: 0.6094 Acc: 0.78 
Ep 69/100 | TR Loss: 0.1773 Acc: 0.94 | VAL Loss: 0.6122 Acc: 0.78 
Ep 70/100 | TR Loss: 0.1715 Acc: 0.94 | VAL Loss: 0.6202 Acc: 0.78 
Ep 71/100 | TR Loss: 0.1741 Acc: 0.94 | VAL Loss: 0.6309 Acc: 0.78 
Ep 72/100 | TR Loss: 0.4238 Acc: 0.94 | VAL Loss: 0.6239 Acc: 0.78 
Ep 73/100 | TR Loss: 0.1723 Acc: 0.94 | VAL Loss: 0.5873 Acc: 0.78 
Ep 74/100 | TR Loss: 0.1789 Acc: 0.94 | VAL Loss: 0.5813 Acc: 0.78 
Ep 75/100 | TR Loss: 0.1768 Acc: 0.94 | VAL Loss: 0.5904 Acc: 0.78 
Ep 76/100 | TR Loss: 0.1911 Acc: 0.94 | VAL Loss: 0.6065 Acc: 0.78 
Ep 77/100 | TR Loss: 0.1652 Acc: 0.94 | VAL Loss: 0.6296 Acc: 0.78 
Ep 78/100 | TR Loss: 0.1639 Acc: 0.94 | VAL Loss: 0.6424 Acc: 0.78 
Ep 79/100 | TR Loss: 0.1617 Acc: 0.94 | VAL Loss: 0.6501 Acc: 0.78 
Ep 80/100 | TR Loss: 0.1600 Acc: 0.94 | VAL Loss: 0.6583 Acc: 0.78 
Ep 81/100 | TR Loss: 0.2363 Acc: 0.92 | VAL Loss: 0.6581 Acc: 0.78 
Ep 82/100 | TR Loss: 0.1578 Acc: 0.94 | VAL Loss: 0.6639 Acc: 0.78 
Ep 83/100 | TR Loss: 0.4838 Acc: 0.94 | VAL Loss: 0.6590 Acc: 0.78 
Ep 84/100 | TR Loss: 0.1573 Acc: 0.94 | VAL Loss: 0.6391 Acc: 0.78 
Ep 85/100 | TR Loss: 0.1641 Acc: 0.94 | VAL Loss: 0.5798 Acc: 0.80 
Ep 86/100 | TR Loss: 0.1660 Acc: 0.94 | VAL Loss: 0.5860 Acc: 0.80 
Ep 87/100 | TR Loss: 0.1535 Acc: 0.94 | VAL Loss: 0.5984 Acc: 0.80 
Ep 88/100 | TR Loss: 0.1671 Acc: 0.94 | VAL Loss: 0.6161 Acc: 0.80 
Ep 89/100 | TR Loss: 0.1522 Acc: 0.94 | VAL Loss: 0.6344 Acc: 0.80 
Ep 90/100 | TR Loss: 0.1552 Acc: 0.94 | VAL Loss: 0.6520 Acc: 0.80 
Ep 91/100 | TR Loss: 0.1487 Acc: 0.94 | VAL Loss: 0.6700 Acc: 0.80 
Ep 92/100 | TR Loss: 0.1424 Acc: 0.94 | VAL Loss: 0.6830 Acc: 0.80 
Ep 93/100 | TR Loss: 0.1511 Acc: 0.94 | VAL Loss: 0.6948 Acc: 0.80 
Ep 94/100 | TR Loss: 0.1496 Acc: 0.94 | VAL Loss: 0.7043 Acc: 0.80 
Ep 95/100 | TR Loss: 0.1488 Acc: 0.94 | VAL Loss: 0.7120 Acc: 0.80 
Ep 96/100 | TR Loss: 0.1480 Acc: 0.94 | VAL Loss: 0.7168 Acc: 0.80 
Ep 97/100 | TR Loss: 0.4819 Acc: 0.94 | VAL Loss: 0.7160 Acc: 0.80 
Ep 98/100 | TR Loss: 0.1446 Acc: 0.94 | VAL Loss: 0.7482 Acc: 0.78 
Ep 99/100 | TR Loss: 0.1570 Acc: 0.94 | VAL Loss: 0.7583 Acc: 0.78 
Ep 100/100 | TR Loss: 0.2400 Acc: 0.94 | VAL Loss: 0.7850 Acc: 0.76 

==================================================
BEST MODEL TEST SET EVALUATION (MULTIPLE THRESHOLDS)
==================================================
Threshold  | Acc      | Prec     | Rec      | F1      
--------------------------------------------------
0.30       | 0.76     | 0.81     | 0.69     | 0.74     
0.40       | 0.76     | 0.81     | 0.69     | 0.74     
0.50       | 0.76     | 0.81     | 0.69     | 0.74     <-- (Arg)
0.60       | 0.76     | 0.81     | 0.69     | 0.74     
0.70       | 0.76     | 0.81     | 0.69     | 0.74     
==================================================

========================================
End    : Thu May 21 23:33:50 +03 2026
Output : output_classical/job_1094590
total 142K
-rw-r--r-- 1 aerturk23 hpcusers  33K May 21  2026 best_model.pth
-rw-r--r-- 1 aerturk23 hpcusers  362 May 21 23:33 config.json
-rw-r--r-- 1 aerturk23 hpcusers  14K May 21 23:33 history.json
-rw-r--r-- 1 aerturk23 hpcusers  966 May 21 23:33 output.err
-rw-r--r-- 1 aerturk23 hpcusers 8.3K May 21 23:33 output.log
-rw-r--r-- 1 aerturk23 hpcusers  85K May 21 23:33 training_metrics.png
========================================
