========================================
Job ID : 1094605
Start  : Fri May 22 01:00:30 +03 2026
GPU    : Tesla T4
========================================
--- Quantum QNLP Script starting ---
[*] Configuration saved to: output_qnlp/job_1094605/config.json
========================================
DATA SOURCE SELECTION : BACH
TRAINING SIZE         : 100
VALIDATION SIZE       : 50
TEST SIZE             : 100
WEIGHT DECAY          : 0.0001
CLASSIFICATION THRESHOLD : 0.5
QUANTUM LAYERS        : 2
========================================

--- Preparing Dataset ---
Generating DisCoCat grammar diagrams...
Generating quantum circuits (IQP Ansatz)...

--- Starting Quantum Model Training (Epochs: 100) ---
========================================
End    : Fri May 22 01:02:55 +03 2026
Output : output_qnlp/job_1094605
total 2.0K
-rw-r--r-- 1 aerturk23 hpcusers 292 May 22 01:01 config.json
-rw-r--r-- 1 aerturk23 hpcusers 313 May 22 01:01 output.err
-rw-r--r-- 1 aerturk23 hpcusers 816 May 22 01:01 output.log
========================================
