========================================
Job ID : 1094758
Start  : Fri May 22 05:51:17 +03 2026
GPU    : Tesla T4
========================================
--- Quantum QNLP Script starting ---
[*] Configuration saved to: output_qnlp/job_1094758/config.json
========================================
DATA SOURCE SELECTION : SST2
TRAINING SIZE         : 500
VALIDATION SIZE       : 50
TEST SIZE             : 100
WEIGHT DECAY          : 0.0001
CLASSIFICATION THRESHOLD : 0.5
QUANTUM LAYERS        : 1
========================================

--- Preparing Dataset ---
Generating DisCoCat grammar diagrams...
Generating quantum circuits (IQP Ansatz)...

--- Starting Quantum Model Training (Epochs: 100) ---
Ep 01/100 | TR Loss: 1.3761 Acc: 0.43 | VAL Loss: 1.1354 Acc: 0.52 *(Best)*
Ep 02/100 | TR Loss: 0.8176 Acc: 0.60 | VAL Loss: 1.2327 Acc: 0.48 
Ep 03/100 | TR Loss: 0.5909 Acc: 0.73 | VAL Loss: 1.3207 Acc: 0.44 
Ep 04/100 | TR Loss: 0.5378 Acc: 0.74 | VAL Loss: 1.4374 Acc: 0.44 
Ep 05/100 | TR Loss: 0.4463 Acc: 0.78 | VAL Loss: 1.2072 Acc: 0.48 
Ep 06/100 | TR Loss: 0.4224 Acc: 0.81 | VAL Loss: 1.2965 Acc: 0.46 
Ep 07/100 | TR Loss: 0.4381 Acc: 0.81 | VAL Loss: 1.3296 Acc: 0.46 
Ep 08/100 | TR Loss: 0.4003 Acc: 0.82 | VAL Loss: 1.1858 Acc: 0.52 
Ep 09/100 | TR Loss: 0.3986 Acc: 0.83 | VAL Loss: 1.2045 Acc: 0.46 
Ep 10/100 | TR Loss: 0.4884 Acc: 0.77 | VAL Loss: 1.3500 Acc: 0.38 
Ep 11/100 | TR Loss: 0.3905 Acc: 0.82 | VAL Loss: 1.1172 Acc: 0.46 *(Best)*
Ep 12/100 | TR Loss: 0.3186 Acc: 0.87 | VAL Loss: 1.1890 Acc: 0.50 
Ep 13/100 | TR Loss: 0.3093 Acc: 0.87 | VAL Loss: 1.1314 Acc: 0.46 
Ep 14/100 | TR Loss: 0.2699 Acc: 0.91 | VAL Loss: 1.1118 Acc: 0.42 *(Best)*
Ep 15/100 | TR Loss: 0.2811 Acc: 0.90 | VAL Loss: 1.2856 Acc: 0.40 
Ep 16/100 | TR Loss: 0.3155 Acc: 0.87 | VAL Loss: 1.1724 Acc: 0.42 
Ep 17/100 | TR Loss: 0.3456 Acc: 0.86 | VAL Loss: 1.2570 Acc: 0.42 
Ep 18/100 | TR Loss: 0.3091 Acc: 0.87 | VAL Loss: 1.3195 Acc: 0.40 
Ep 19/100 | TR Loss: 0.3146 Acc: 0.87 | VAL Loss: 1.1176 Acc: 0.52 
Ep 20/100 | TR Loss: 0.3044 Acc: 0.87 | VAL Loss: 1.2114 Acc: 0.42 
Ep 21/100 | TR Loss: 0.2997 Acc: 0.88 | VAL Loss: 1.1910 Acc: 0.44 
Ep 22/100 | TR Loss: 0.2957 Acc: 0.87 | VAL Loss: 1.1004 Acc: 0.52 *(Best)*
Ep 23/100 | TR Loss: 0.2845 Acc: 0.89 | VAL Loss: 1.2734 Acc: 0.44 
Ep 24/100 | TR Loss: 0.3334 Acc: 0.87 | VAL Loss: 1.0738 Acc: 0.56 *(Best)*
Ep 25/100 | TR Loss: 0.2411 Acc: 0.94 | VAL Loss: 1.1506 Acc: 0.54 
Ep 26/100 | TR Loss: 0.2317 Acc: 0.93 | VAL Loss: 1.1435 Acc: 0.50 
Ep 27/100 | TR Loss: 0.2352 Acc: 0.91 | VAL Loss: 1.2025 Acc: 0.48 
Ep 28/100 | TR Loss: 0.2192 Acc: 0.94 | VAL Loss: 1.1901 Acc: 0.48 
Ep 29/100 | TR Loss: 0.2184 Acc: 0.94 | VAL Loss: 1.1643 Acc: 0.46 
Ep 30/100 | TR Loss: 0.2180 Acc: 0.93 | VAL Loss: 1.1743 Acc: 0.44 
Ep 31/100 | TR Loss: 0.2512 Acc: 0.93 | VAL Loss: 1.1859 Acc: 0.46 
Ep 32/100 | TR Loss: 0.2607 Acc: 0.92 | VAL Loss: 1.1815 Acc: 0.50 
Ep 33/100 | TR Loss: 0.2874 Acc: 0.89 | VAL Loss: 1.2238 Acc: 0.60 
Ep 34/100 | TR Loss: 0.3103 Acc: 0.88 | VAL Loss: 1.1897 Acc: 0.46 
Ep 35/100 | TR Loss: 0.2903 Acc: 0.89 | VAL Loss: 1.2452 Acc: 0.50 
Ep 36/100 | TR Loss: 0.2597 Acc: 0.90 | VAL Loss: 1.2883 Acc: 0.48 
Ep 37/100 | TR Loss: 0.3183 Acc: 0.85 | VAL Loss: 1.1860 Acc: 0.44 
Ep 38/100 | TR Loss: 0.2865 Acc: 0.90 | VAL Loss: 1.0711 Acc: 0.52 *(Best)*
Ep 39/100 | TR Loss: 0.2651 Acc: 0.91 | VAL Loss: 1.2057 Acc: 0.48 
Ep 40/100 | TR Loss: 0.2798 Acc: 0.89 | VAL Loss: 1.2709 Acc: 0.44 
Ep 41/100 | TR Loss: 0.3100 Acc: 0.88 | VAL Loss: 1.2271 Acc: 0.50 
Ep 42/100 | TR Loss: 0.2929 Acc: 0.88 | VAL Loss: 1.1985 Acc: 0.48 
Ep 43/100 | TR Loss: 0.2430 Acc: 0.92 | VAL Loss: 1.4473 Acc: 0.48 
Ep 44/100 | TR Loss: 0.3354 Acc: 0.88 | VAL Loss: 1.2252 Acc: 0.48 
Ep 45/100 | TR Loss: 0.4177 Acc: 0.83 | VAL Loss: 1.1350 Acc: 0.58 
Ep 46/100 | TR Loss: 0.3218 Acc: 0.88 | VAL Loss: 1.1231 Acc: 0.48 
Ep 47/100 | TR Loss: 0.2920 Acc: 0.89 | VAL Loss: 1.0919 Acc: 0.50 
Ep 48/100 | TR Loss: 0.2249 Acc: 0.93 | VAL Loss: 1.1388 Acc: 0.48 
Ep 49/100 | TR Loss: 0.2105 Acc: 0.95 | VAL Loss: 1.2150 Acc: 0.48 
Ep 50/100 | TR Loss: 0.2930 Acc: 0.90 | VAL Loss: 1.1651 Acc: 0.48 
Ep 51/100 | TR Loss: 0.3014 Acc: 0.88 | VAL Loss: 1.2647 Acc: 0.48 
Ep 52/100 | TR Loss: 0.2784 Acc: 0.90 | VAL Loss: 1.1332 Acc: 0.54 
Ep 53/100 | TR Loss: 0.2555 Acc: 0.90 | VAL Loss: 1.2821 Acc: 0.52 
Ep 54/100 | TR Loss: 0.2353 Acc: 0.91 | VAL Loss: 1.2187 Acc: 0.52 
Ep 55/100 | TR Loss: 0.2339 Acc: 0.92 | VAL Loss: 1.0887 Acc: 0.56 
Ep 56/100 | TR Loss: 0.2606 Acc: 0.90 | VAL Loss: 1.2274 Acc: 0.54 
Ep 57/100 | TR Loss: 0.2621 Acc: 0.88 | VAL Loss: 1.1953 Acc: 0.50 
Ep 58/100 | TR Loss: 0.3094 Acc: 0.86 | VAL Loss: 1.3143 Acc: 0.50 
Ep 59/100 | TR Loss: 0.2671 Acc: 0.90 | VAL Loss: 1.2200 Acc: 0.54 
Ep 60/100 | TR Loss: 0.2667 Acc: 0.89 | VAL Loss: 1.3419 Acc: 0.52 
Ep 61/100 | TR Loss: 0.3022 Acc: 0.88 | VAL Loss: 1.4456 Acc: 0.42 
Ep 62/100 | TR Loss: 0.2840 Acc: 0.89 | VAL Loss: 1.1701 Acc: 0.54 
Ep 63/100 | TR Loss: 0.3532 Acc: 0.85 | VAL Loss: 1.2544 Acc: 0.46 
Ep 64/100 | TR Loss: 0.3528 Acc: 0.87 | VAL Loss: 1.3377 Acc: 0.52 
Ep 65/100 | TR Loss: 0.3283 Acc: 0.87 | VAL Loss: 1.1704 Acc: 0.60 
Ep 66/100 | TR Loss: 0.2580 Acc: 0.91 | VAL Loss: 1.4014 Acc: 0.52 
Ep 67/100 | TR Loss: 0.2579 Acc: 0.91 | VAL Loss: 1.2887 Acc: 0.54 
Ep 68/100 | TR Loss: 0.3126 Acc: 0.87 | VAL Loss: 1.2307 Acc: 0.52 
Ep 69/100 | TR Loss: 0.2796 Acc: 0.90 | VAL Loss: 1.1758 Acc: 0.58 
Ep 70/100 | TR Loss: 0.2774 Acc: 0.91 | VAL Loss: 1.1787 Acc: 0.56 
Ep 71/100 | TR Loss: 0.2321 Acc: 0.92 | VAL Loss: 1.1999 Acc: 0.54 
Ep 72/100 | TR Loss: 0.2244 Acc: 0.92 | VAL Loss: 1.2004 Acc: 0.52 
Ep 73/100 | TR Loss: 0.3084 Acc: 0.87 | VAL Loss: 1.2413 Acc: 0.56 
Ep 74/100 | TR Loss: 0.2605 Acc: 0.89 | VAL Loss: 1.2678 Acc: 0.52 
Ep 75/100 | TR Loss: 0.2361 Acc: 0.91 | VAL Loss: 1.1653 Acc: 0.62 
Ep 76/100 | TR Loss: 0.2507 Acc: 0.91 | VAL Loss: 1.2892 Acc: 0.54 
Ep 77/100 | TR Loss: 0.3072 Acc: 0.87 | VAL Loss: 1.2291 Acc: 0.52 
Ep 78/100 | TR Loss: 0.3116 Acc: 0.88 | VAL Loss: 1.3569 Acc: 0.50 
Ep 79/100 | TR Loss: 0.3299 Acc: 0.87 | VAL Loss: 1.5789 Acc: 0.52 
Ep 80/100 | TR Loss: 0.3238 Acc: 0.88 | VAL Loss: 1.2489 Acc: 0.60 
Ep 81/100 | TR Loss: 0.2539 Acc: 0.90 | VAL Loss: 1.3283 Acc: 0.50 
Ep 82/100 | TR Loss: 0.2442 Acc: 0.91 | VAL Loss: 1.3637 Acc: 0.50 
Ep 83/100 | TR Loss: 0.2189 Acc: 0.91 | VAL Loss: 1.3468 Acc: 0.48 
Ep 84/100 | TR Loss: 0.2117 Acc: 0.93 | VAL Loss: 1.2939 Acc: 0.50 
Ep 85/100 | TR Loss: 0.2157 Acc: 0.94 | VAL Loss: 1.2968 Acc: 0.48 
Ep 86/100 | TR Loss: 0.1965 Acc: 0.94 | VAL Loss: 1.3444 Acc: 0.46 
Ep 87/100 | TR Loss: 0.1942 Acc: 0.94 | VAL Loss: 1.2428 Acc: 0.52 
Ep 88/100 | TR Loss: 0.2201 Acc: 0.93 | VAL Loss: 1.2936 Acc: 0.52 
Ep 89/100 | TR Loss: 0.2832 Acc: 0.89 | VAL Loss: 1.6622 Acc: 0.42 
Ep 90/100 | TR Loss: 0.2884 Acc: 0.88 | VAL Loss: 1.5211 Acc: 0.50 
Ep 91/100 | TR Loss: 0.2485 Acc: 0.91 | VAL Loss: 1.3719 Acc: 0.52 
Ep 92/100 | TR Loss: 0.2679 Acc: 0.88 | VAL Loss: 1.2431 Acc: 0.54 
Ep 93/100 | TR Loss: 0.2308 Acc: 0.92 | VAL Loss: 1.3153 Acc: 0.50 
Ep 94/100 | TR Loss: 0.2679 Acc: 0.90 | VAL Loss: 1.3265 Acc: 0.52 
Ep 95/100 | TR Loss: 0.2583 Acc: 0.90 | VAL Loss: 1.4445 Acc: 0.48 
Ep 96/100 | TR Loss: 0.3881 Acc: 0.83 | VAL Loss: 1.3187 Acc: 0.46 
Ep 97/100 | TR Loss: 0.2930 Acc: 0.89 | VAL Loss: 1.4202 Acc: 0.44 
Ep 98/100 | TR Loss: 0.3990 Acc: 0.83 | VAL Loss: 1.3547 Acc: 0.56 
Ep 99/100 | TR Loss: 0.3780 Acc: 0.82 | VAL Loss: 1.3370 Acc: 0.48 
Ep 100/100 | TR Loss: 0.3484 Acc: 0.84 | VAL Loss: 1.4313 Acc: 0.50 
[*] Training plots saved to: output_qnlp/job_1094758/training_metrics.png

==================================================
BEST MODEL TEST SET EVALUATION (MULTIPLE THRESHOLDS)
==================================================
Threshold  | Acc      | Prec     | Rec      | F1      
--------------------------------------------------
0.30       | 0.57     | 0.60     | 0.50     | 0.55     
0.40       | 0.59     | 0.64     | 0.48     | 0.55     
0.50       | 0.58     | 0.67     | 0.38     | 0.49     <-- (Arg)
0.60       | 0.58     | 0.68     | 0.37     | 0.47     
0.70       | 0.57     | 0.71     | 0.29     | 0.41     
==================================================

========================================
End    : Fri May 22 06:06:09 +03 2026
Output : output_qnlp/job_1094758
total 447K
-rw-r--r-- 1 aerturk23 hpcusers 292K May 22 05:57 best_model.pth
-rw-r--r-- 1 aerturk23 hpcusers  293 May 22 05:51 config.json
-rw-r--r-- 1 aerturk23 hpcusers  14K May 22 06:06 history.json
-rw-r--r-- 1 aerturk23 hpcusers  966 May 22 06:02 output.err
-rw-r--r-- 1 aerturk23 hpcusers 8.2K May 22 06:02 output.log
-rw-r--r-- 1 aerturk23 hpcusers 131K May 22 06:06 training_metrics.png
========================================
