========================================
Job ID : 1094839
Start  : Fri May 22 08:58:48 +03 2026
GPU    : Tesla T4
========================================
--- Quantum QNLP Script starting ---
[*] Configuration saved to: output_qnlp/job_1094839/config.json
========================================
DATA SOURCE SELECTION : SYNTHETIC
TRAINING SIZE         : 500
VALIDATION SIZE       : 50
TEST SIZE             : 100
WEIGHT DECAY          : 0.0001
CLASSIFICATION THRESHOLD : 0.5
QUANTUM LAYERS        : 1
========================================

--- Preparing Dataset ---
Generating DisCoCat grammar diagrams...
Generating quantum circuits (IQP Ansatz)...

--- Starting Quantum Model Training (Epochs: 100) ---
Ep 01/100 | TR Loss: 0.4233 Acc: 0.84 | VAL Loss: 0.0911 Acc: 1.00 *(Best)*
Ep 02/100 | TR Loss: 0.0401 Acc: 1.00 | VAL Loss: 0.0074 Acc: 1.00 *(Best)*
Ep 03/100 | TR Loss: 0.0030 Acc: 1.00 | VAL Loss: 0.0005 Acc: 1.00 *(Best)*
Ep 04/100 | TR Loss: 0.0004 Acc: 1.00 | VAL Loss: 0.0003 Acc: 1.00 *(Best)*
Ep 05/100 | TR Loss: 0.0001 Acc: 1.00 | VAL Loss: 0.0001 Acc: 1.00 *(Best)*
Ep 06/100 | TR Loss: 0.0001 Acc: 1.00 | VAL Loss: 0.0001 Acc: 1.00 *(Best)*
Ep 07/100 | TR Loss: 0.0002 Acc: 1.00 | VAL Loss: 0.0004 Acc: 1.00 
Ep 08/100 | TR Loss: 0.0078 Acc: 1.00 | VAL Loss: 0.0445 Acc: 1.00 
Ep 09/100 | TR Loss: 0.4563 Acc: 0.81 | VAL Loss: 1.7812 Acc: 0.40 
Ep 10/100 | TR Loss: 0.9156 Acc: 0.57 | VAL Loss: 0.4511 Acc: 0.78 
Ep 11/100 | TR Loss: 0.0787 Acc: 0.98 | VAL Loss: 0.0005 Acc: 1.00 
Ep 12/100 | TR Loss: 0.0001 Acc: 1.00 | VAL Loss: 0.0000 Acc: 1.00 *(Best)*
Ep 13/100 | TR Loss: 0.0000 Acc: 1.00 | VAL Loss: 0.0000 Acc: 1.00 *(Best)*
Ep 14/100 | TR Loss: 0.0000 Acc: 1.00 | VAL Loss: 0.0000 Acc: 1.00 
Ep 15/100 | TR Loss: 0.0000 Acc: 1.00 | VAL Loss: 0.0000 Acc: 1.00 
Ep 16/100 | TR Loss: 0.0000 Acc: 1.00 | VAL Loss: 0.0000 Acc: 1.00 
Ep 17/100 | TR Loss: 0.0000 Acc: 1.00 | VAL Loss: 0.0000 Acc: 1.00 
Ep 18/100 | TR Loss: 0.0000 Acc: 1.00 | VAL Loss: 0.0000 Acc: 1.00 
Ep 19/100 | TR Loss: 0.0000 Acc: 1.00 | VAL Loss: 0.0000 Acc: 1.00 
Ep 20/100 | TR Loss: 0.0000 Acc: 1.00 | VAL Loss: 0.0000 Acc: 1.00 
Ep 21/100 | TR Loss: 0.0000 Acc: 1.00 | VAL Loss: 0.0000 Acc: 1.00 
Ep 22/100 | TR Loss: 0.0000 Acc: 1.00 | VAL Loss: 0.0000 Acc: 1.00 
Ep 23/100 | TR Loss: 0.0000 Acc: 1.00 | VAL Loss: 0.0001 Acc: 1.00 
Ep 24/100 | TR Loss: 0.0037 Acc: 1.00 | VAL Loss: 0.0194 Acc: 1.00 
Ep 25/100 | TR Loss: 0.6581 Acc: 0.70 | VAL Loss: 1.4358 Acc: 0.50 
Ep 26/100 | TR Loss: 0.8246 Acc: 0.48 | VAL Loss: 0.9659 Acc: 0.42 
Ep 27/100 | TR Loss: 0.6649 Acc: 0.67 | VAL Loss: 0.6264 Acc: 0.68 
Ep 28/100 | TR Loss: 0.1741 Acc: 0.94 | VAL Loss: 0.0024 Acc: 1.00 
Ep 29/100 | TR Loss: 0.0003 Acc: 1.00 | VAL Loss: 0.0000 Acc: 1.00 
Ep 30/100 | TR Loss: 0.0000 Acc: 1.00 | VAL Loss: 0.0000 Acc: 1.00 
Ep 31/100 | TR Loss: 0.0000 Acc: 1.00 | VAL Loss: 0.0000 Acc: 1.00 *(Best)*
Ep 32/100 | TR Loss: 0.0000 Acc: 1.00 | VAL Loss: 0.0000 Acc: 1.00 
Ep 33/100 | TR Loss: 0.0000 Acc: 1.00 | VAL Loss: 0.0000 Acc: 1.00 
Ep 34/100 | TR Loss: 0.0000 Acc: 1.00 | VAL Loss: 0.0000 Acc: 1.00 
Ep 35/100 | TR Loss: 0.0000 Acc: 1.00 | VAL Loss: 0.0000 Acc: 1.00 
Ep 36/100 | TR Loss: 0.0000 Acc: 1.00 | VAL Loss: 0.0000 Acc: 1.00 
Ep 37/100 | TR Loss: 0.0000 Acc: 1.00 | VAL Loss: 0.0000 Acc: 1.00 
Ep 38/100 | TR Loss: 0.0000 Acc: 1.00 | VAL Loss: 0.0000 Acc: 1.00 
Ep 39/100 | TR Loss: 0.0000 Acc: 1.00 | VAL Loss: 0.0000 Acc: 1.00 
Ep 40/100 | TR Loss: 0.0000 Acc: 1.00 | VAL Loss: 0.0000 Acc: 1.00 
Ep 41/100 | TR Loss: 0.0001 Acc: 1.00 | VAL Loss: 0.0000 Acc: 1.00 
Ep 42/100 | TR Loss: 0.1055 Acc: 0.97 | VAL Loss: 0.0710 Acc: 1.00 
Ep 43/100 | TR Loss: 0.0312 Acc: 1.00 | VAL Loss: 0.0004 Acc: 1.00 
Ep 44/100 | TR Loss: 0.0002 Acc: 1.00 | VAL Loss: 0.0002 Acc: 1.00 
Ep 45/100 | TR Loss: 0.0000 Acc: 1.00 | VAL Loss: 0.0000 Acc: 1.00 
Ep 46/100 | TR Loss: 0.0000 Acc: 1.00 | VAL Loss: 0.0000 Acc: 1.00 
Ep 47/100 | TR Loss: 0.0000 Acc: 1.00 | VAL Loss: 0.0000 Acc: 1.00 
Ep 48/100 | TR Loss: 0.0000 Acc: 1.00 | VAL Loss: 0.0001 Acc: 1.00 
Ep 49/100 | TR Loss: 0.0008 Acc: 1.00 | VAL Loss: 0.0027 Acc: 1.00 
Ep 50/100 | TR Loss: 0.1471 Acc: 0.97 | VAL Loss: 0.1732 Acc: 0.96 
Ep 51/100 | TR Loss: 0.0625 Acc: 0.99 | VAL Loss: 0.0014 Acc: 1.00 
Ep 52/100 | TR Loss: 0.0005 Acc: 1.00 | VAL Loss: 0.0001 Acc: 1.00 
Ep 53/100 | TR Loss: 0.0000 Acc: 1.00 | VAL Loss: 0.0000 Acc: 1.00 
Ep 54/100 | TR Loss: 0.0000 Acc: 1.00 | VAL Loss: 0.0000 Acc: 1.00 
Ep 55/100 | TR Loss: 0.0000 Acc: 1.00 | VAL Loss: 0.0000 Acc: 1.00 
Ep 56/100 | TR Loss: 0.0000 Acc: 1.00 | VAL Loss: 0.0000 Acc: 1.00 
Ep 57/100 | TR Loss: 0.0000 Acc: 1.00 | VAL Loss: 0.0000 Acc: 1.00 
Ep 58/100 | TR Loss: 0.0017 Acc: 1.00 | VAL Loss: 0.0235 Acc: 1.00 
Ep 59/100 | TR Loss: 0.6758 Acc: 0.65 | VAL Loss: 0.8031 Acc: 0.42 
Ep 60/100 | TR Loss: 0.9681 Acc: 0.48 | VAL Loss: 0.7542 Acc: 0.62 
Ep 61/100 | TR Loss: 0.7722 Acc: 0.50 | VAL Loss: 1.2363 Acc: 0.42 
Ep 62/100 | TR Loss: 0.7945 Acc: 0.56 | VAL Loss: 0.6186 Acc: 0.50 
Ep 63/100 | TR Loss: 0.7778 Acc: 0.57 | VAL Loss: 0.7716 Acc: 0.54 
Ep 64/100 | TR Loss: 0.6532 Acc: 0.65 | VAL Loss: 0.2772 Acc: 0.80 
Ep 65/100 | TR Loss: 0.1698 Acc: 0.92 | VAL Loss: 0.0012 Acc: 1.00 
Ep 66/100 | TR Loss: 0.0003 Acc: 1.00 | VAL Loss: 0.0000 Acc: 1.00 
Ep 67/100 | TR Loss: 0.0000 Acc: 1.00 | VAL Loss: 0.0000 Acc: 1.00 
Ep 68/100 | TR Loss: 0.0000 Acc: 1.00 | VAL Loss: 0.0000 Acc: 1.00 
Ep 69/100 | TR Loss: 0.0000 Acc: 1.00 | VAL Loss: 0.0000 Acc: 1.00 
Ep 70/100 | TR Loss: 0.0000 Acc: 1.00 | VAL Loss: 0.0000 Acc: 1.00 
Ep 71/100 | TR Loss: 0.0000 Acc: 1.00 | VAL Loss: 0.0000 Acc: 1.00 
Ep 72/100 | TR Loss: 0.0000 Acc: 1.00 | VAL Loss: 0.0000 Acc: 1.00 
Ep 73/100 | TR Loss: 0.0000 Acc: 1.00 | VAL Loss: 0.0000 Acc: 1.00 
Ep 74/100 | TR Loss: 0.0000 Acc: 1.00 | VAL Loss: 0.0000 Acc: 1.00 
Ep 75/100 | TR Loss: 0.0000 Acc: 1.00 | VAL Loss: 0.0000 Acc: 1.00 
Ep 76/100 | TR Loss: 0.0000 Acc: 1.00 | VAL Loss: 0.0000 Acc: 1.00 
Ep 77/100 | TR Loss: 0.0002 Acc: 1.00 | VAL Loss: 0.0012 Acc: 1.00 
Ep 78/100 | TR Loss: 0.0075 Acc: 1.00 | VAL Loss: 0.0446 Acc: 1.00 
Ep 79/100 | TR Loss: 0.0096 Acc: 1.00 | VAL Loss: 0.0021 Acc: 1.00 
Ep 80/100 | TR Loss: 0.0011 Acc: 1.00 | VAL Loss: 0.0003 Acc: 1.00 
Ep 81/100 | TR Loss: 0.0002 Acc: 1.00 | VAL Loss: 0.0020 Acc: 1.00 
Ep 82/100 | TR Loss: 0.0087 Acc: 1.00 | VAL Loss: 0.0052 Acc: 1.00 
Ep 83/100 | TR Loss: 0.0014 Acc: 1.00 | VAL Loss: 0.0004 Acc: 1.00 
Ep 84/100 | TR Loss: 0.0014 Acc: 1.00 | VAL Loss: 0.0021 Acc: 1.00 
Ep 85/100 | TR Loss: 0.0040 Acc: 1.00 | VAL Loss: 0.0051 Acc: 1.00 
Ep 86/100 | TR Loss: 0.0271 Acc: 1.00 | VAL Loss: 0.0056 Acc: 1.00 
Ep 87/100 | TR Loss: 0.0153 Acc: 1.00 | VAL Loss: 0.0105 Acc: 1.00 
Ep 88/100 | TR Loss: 0.0069 Acc: 1.00 | VAL Loss: 0.0064 Acc: 1.00 
Ep 89/100 | TR Loss: 0.0098 Acc: 1.00 | VAL Loss: 0.0094 Acc: 1.00 
Ep 90/100 | TR Loss: 0.0115 Acc: 1.00 | VAL Loss: 0.0072 Acc: 1.00 
Ep 91/100 | TR Loss: 0.0081 Acc: 1.00 | VAL Loss: 0.0148 Acc: 1.00 
Ep 92/100 | TR Loss: 0.0174 Acc: 1.00 | VAL Loss: 0.0257 Acc: 1.00 
Ep 93/100 | TR Loss: 0.0279 Acc: 1.00 | VAL Loss: 0.0495 Acc: 1.00 
Ep 94/100 | TR Loss: 0.0416 Acc: 1.00 | VAL Loss: 0.0274 Acc: 1.00 
Ep 95/100 | TR Loss: 0.0163 Acc: 1.00 | VAL Loss: 0.0470 Acc: 1.00 
Ep 96/100 | TR Loss: 0.0615 Acc: 1.00 | VAL Loss: 0.0174 Acc: 1.00 
Ep 97/100 | TR Loss: 0.0099 Acc: 1.00 | VAL Loss: 0.0158 Acc: 1.00 
Ep 98/100 | TR Loss: 0.0233 Acc: 1.00 | VAL Loss: 0.0082 Acc: 1.00 
Ep 99/100 | TR Loss: 0.0295 Acc: 1.00 | VAL Loss: 0.0250 Acc: 1.00 
Ep 100/100 | TR Loss: 0.0360 Acc: 1.00 | VAL Loss: 0.0425 Acc: 1.00 
[*] Training plots saved to: output_qnlp/job_1094839/training_metrics.png

==================================================
BEST MODEL TEST SET EVALUATION (MULTIPLE THRESHOLDS)
==================================================
Threshold  | Acc      | Prec     | Rec      | F1      
--------------------------------------------------
0.30       | 1.00     | 1.00     | 1.00     | 1.00     
0.40       | 1.00     | 1.00     | 1.00     | 1.00     
0.50       | 1.00     | 1.00     | 1.00     | 1.00     <-- (Arg)
0.60       | 1.00     | 1.00     | 1.00     | 1.00     
0.70       | 1.00     | 1.00     | 1.00     | 1.00     
==================================================

========================================
End    : Fri May 22 09:10:28 +03 2026
Output : output_qnlp/job_1094839
total 140K
-rw-r--r-- 1 aerturk23 hpcusers 6.0K May 22 09:03 best_model.pth
-rw-r--r-- 1 aerturk23 hpcusers  298 May 22 08:59 config.json
-rw-r--r-- 1 aerturk23 hpcusers  12K May 22 09:10 history.json
-rw-r--r-- 1 aerturk23 hpcusers  966 May 22  2026 output.err
-rw-r--r-- 1 aerturk23 hpcusers 8.2K May 22 09:08 output.log
-rw-r--r-- 1 aerturk23 hpcusers 112K May 22  2026 training_metrics.png
========================================
