========================================
Job ID : 1094683
Start  : Fri May 22 02:52:12 +03 2026
GPU    : Tesla T4
========================================
--- Classical LSTM Script starting ---
[*] Configuration saved to: output_classical/job_1094683/config.json
========================================
MODEL                 : CLASSICAL LSTM
DATA SOURCE SELECTION : SST2
TRAINING SIZE         : 10
VALIDATION SIZE       : 50
TEST SIZE             : 100
WEIGHT DECAY          : 0.0001
DROPOUT RATE          : 0.5
CLASSIFICATION THRESHOLD : 0.5
BATCH SIZE            : 16
EMBED/HIDDEN DIMS     : 16 / 32
========================================

--- Preparing Dataset and Tokenization ---
[*] REAL DATASET SIZES -> Train: 10 | Val: 50 | Test: 100
--- Initializing Classical Model ---

--- Starting Classical LSTM Training (Epochs: 100) ---
Ep 01/100 | TR Loss: 0.6586 Acc: 0.70 | VAL Loss: 0.6905 Acc: 0.54 *(Best)*
Ep 02/100 | TR Loss: 0.6366 Acc: 0.70 | VAL Loss: 0.6917 Acc: 0.54 
Ep 03/100 | TR Loss: 0.6126 Acc: 0.70 | VAL Loss: 0.6942 Acc: 0.54 
Ep 04/100 | TR Loss: 0.5833 Acc: 0.70 | VAL Loss: 0.6989 Acc: 0.54 
Ep 05/100 | TR Loss: 0.5459 Acc: 0.70 | VAL Loss: 0.7078 Acc: 0.54 
Ep 06/100 | TR Loss: 0.4982 Acc: 0.70 | VAL Loss: 0.7240 Acc: 0.54 
Ep 07/100 | TR Loss: 0.4398 Acc: 0.80 | VAL Loss: 0.7518 Acc: 0.54 
Ep 08/100 | TR Loss: 0.3726 Acc: 0.90 | VAL Loss: 0.7946 Acc: 0.54 
Ep 09/100 | TR Loss: 0.3017 Acc: 0.90 | VAL Loss: 0.8547 Acc: 0.56 
Ep 10/100 | TR Loss: 0.2348 Acc: 1.00 | VAL Loss: 0.9338 Acc: 0.58 
Ep 11/100 | TR Loss: 0.1798 Acc: 1.00 | VAL Loss: 1.0323 Acc: 0.60 
Ep 12/100 | TR Loss: 0.1390 Acc: 1.00 | VAL Loss: 1.1474 Acc: 0.58 
Ep 13/100 | TR Loss: 0.1096 Acc: 1.00 | VAL Loss: 1.2720 Acc: 0.50 
Ep 14/100 | TR Loss: 0.0874 Acc: 1.00 | VAL Loss: 1.3977 Acc: 0.48 
Ep 15/100 | TR Loss: 0.0700 Acc: 1.00 | VAL Loss: 1.5225 Acc: 0.52 
Ep 16/100 | TR Loss: 0.0558 Acc: 1.00 | VAL Loss: 1.6495 Acc: 0.52 
Ep 17/100 | TR Loss: 0.0440 Acc: 1.00 | VAL Loss: 1.7789 Acc: 0.56 
Ep 18/100 | TR Loss: 0.0343 Acc: 1.00 | VAL Loss: 1.9100 Acc: 0.58 
Ep 19/100 | TR Loss: 0.0265 Acc: 1.00 | VAL Loss: 2.0416 Acc: 0.58 
Ep 20/100 | TR Loss: 0.0203 Acc: 1.00 | VAL Loss: 2.1703 Acc: 0.58 
Ep 21/100 | TR Loss: 0.0155 Acc: 1.00 | VAL Loss: 2.2920 Acc: 0.58 
Ep 22/100 | TR Loss: 0.0118 Acc: 1.00 | VAL Loss: 2.4071 Acc: 0.58 
Ep 23/100 | TR Loss: 0.0091 Acc: 1.00 | VAL Loss: 2.5226 Acc: 0.60 
Ep 24/100 | TR Loss: 0.0071 Acc: 1.00 | VAL Loss: 2.6411 Acc: 0.58 
Ep 25/100 | TR Loss: 0.0056 Acc: 1.00 | VAL Loss: 2.7588 Acc: 0.58 
Ep 26/100 | TR Loss: 0.0044 Acc: 1.00 | VAL Loss: 2.8689 Acc: 0.58 
Ep 27/100 | TR Loss: 0.0036 Acc: 1.00 | VAL Loss: 2.9682 Acc: 0.58 
Ep 28/100 | TR Loss: 0.0030 Acc: 1.00 | VAL Loss: 3.0570 Acc: 0.58 
Ep 29/100 | TR Loss: 0.0025 Acc: 1.00 | VAL Loss: 3.1368 Acc: 0.58 
Ep 30/100 | TR Loss: 0.0022 Acc: 1.00 | VAL Loss: 3.2089 Acc: 0.58 
Ep 31/100 | TR Loss: 0.0019 Acc: 1.00 | VAL Loss: 3.2742 Acc: 0.58 
Ep 32/100 | TR Loss: 0.0016 Acc: 1.00 | VAL Loss: 3.3336 Acc: 0.58 
Ep 33/100 | TR Loss: 0.0015 Acc: 1.00 | VAL Loss: 3.3875 Acc: 0.58 
Ep 34/100 | TR Loss: 0.0013 Acc: 1.00 | VAL Loss: 3.4364 Acc: 0.58 
Ep 35/100 | TR Loss: 0.0012 Acc: 1.00 | VAL Loss: 3.4809 Acc: 0.58 
Ep 36/100 | TR Loss: 0.0011 Acc: 1.00 | VAL Loss: 3.5210 Acc: 0.58 
Ep 37/100 | TR Loss: 0.0010 Acc: 1.00 | VAL Loss: 3.5571 Acc: 0.58 
Ep 38/100 | TR Loss: 0.0009 Acc: 1.00 | VAL Loss: 3.5893 Acc: 0.58 
Ep 39/100 | TR Loss: 0.0009 Acc: 1.00 | VAL Loss: 3.6176 Acc: 0.58 
Ep 40/100 | TR Loss: 0.0008 Acc: 1.00 | VAL Loss: 3.6421 Acc: 0.58 
Ep 41/100 | TR Loss: 0.0008 Acc: 1.00 | VAL Loss: 3.6627 Acc: 0.58 
Ep 42/100 | TR Loss: 0.0007 Acc: 1.00 | VAL Loss: 3.6796 Acc: 0.58 
Ep 43/100 | TR Loss: 0.0007 Acc: 1.00 | VAL Loss: 3.6930 Acc: 0.58 
Ep 44/100 | TR Loss: 0.0007 Acc: 1.00 | VAL Loss: 3.7032 Acc: 0.58 
Ep 45/100 | TR Loss: 0.0007 Acc: 1.00 | VAL Loss: 3.7112 Acc: 0.58 
Ep 46/100 | TR Loss: 0.0006 Acc: 1.00 | VAL Loss: 3.7185 Acc: 0.58 
Ep 47/100 | TR Loss: 0.0006 Acc: 1.00 | VAL Loss: 3.7261 Acc: 0.60 
Ep 48/100 | TR Loss: 0.0006 Acc: 1.00 | VAL Loss: 3.7350 Acc: 0.60 
Ep 49/100 | TR Loss: 0.0006 Acc: 1.00 | VAL Loss: 3.7449 Acc: 0.60 
Ep 50/100 | TR Loss: 0.0006 Acc: 1.00 | VAL Loss: 3.7563 Acc: 0.60 
Ep 51/100 | TR Loss: 0.0005 Acc: 1.00 | VAL Loss: 3.7819 Acc: 0.58 
Ep 52/100 | TR Loss: 0.0005 Acc: 1.00 | VAL Loss: 3.8280 Acc: 0.58 
Ep 53/100 | TR Loss: 0.0005 Acc: 1.00 | VAL Loss: 3.8639 Acc: 0.58 
Ep 54/100 | TR Loss: 0.0005 Acc: 1.00 | VAL Loss: 3.8851 Acc: 0.58 
Ep 55/100 | TR Loss: 0.0005 Acc: 1.00 | VAL Loss: 3.8978 Acc: 0.58 
Ep 56/100 | TR Loss: 0.0005 Acc: 1.00 | VAL Loss: 3.9063 Acc: 0.58 
Ep 57/100 | TR Loss: 0.0005 Acc: 1.00 | VAL Loss: 3.9124 Acc: 0.58 
Ep 58/100 | TR Loss: 0.0005 Acc: 1.00 | VAL Loss: 3.9172 Acc: 0.58 
Ep 59/100 | TR Loss: 0.0005 Acc: 1.00 | VAL Loss: 3.9210 Acc: 0.58 
Ep 60/100 | TR Loss: 0.0005 Acc: 1.00 | VAL Loss: 3.9242 Acc: 0.58 
Ep 61/100 | TR Loss: 0.0005 Acc: 1.00 | VAL Loss: 3.9268 Acc: 0.58 
Ep 62/100 | TR Loss: 0.0005 Acc: 1.00 | VAL Loss: 3.9290 Acc: 0.58 
Ep 63/100 | TR Loss: 0.0005 Acc: 1.00 | VAL Loss: 3.9306 Acc: 0.58 
Ep 64/100 | TR Loss: 0.0005 Acc: 1.00 | VAL Loss: 3.9320 Acc: 0.58 
Ep 65/100 | TR Loss: 0.0005 Acc: 1.00 | VAL Loss: 3.9333 Acc: 0.58 
Ep 66/100 | TR Loss: 0.0005 Acc: 1.00 | VAL Loss: 3.9374 Acc: 0.58 
Ep 67/100 | TR Loss: 0.0005 Acc: 1.00 | VAL Loss: 3.9533 Acc: 0.56 
Ep 68/100 | TR Loss: 0.0005 Acc: 1.00 | VAL Loss: 3.9777 Acc: 0.56 
Ep 69/100 | TR Loss: 0.0005 Acc: 1.00 | VAL Loss: 3.9978 Acc: 0.56 
Ep 70/100 | TR Loss: 0.0005 Acc: 1.00 | VAL Loss: 4.0108 Acc: 0.56 
Ep 71/100 | TR Loss: 0.0005 Acc: 1.00 | VAL Loss: 4.0182 Acc: 0.56 
Ep 72/100 | TR Loss: 0.0005 Acc: 1.00 | VAL Loss: 4.0217 Acc: 0.56 
Ep 73/100 | TR Loss: 0.0005 Acc: 1.00 | VAL Loss: 4.0225 Acc: 0.56 
Ep 74/100 | TR Loss: 0.0005 Acc: 1.00 | VAL Loss: 4.0214 Acc: 0.56 
Ep 75/100 | TR Loss: 0.0005 Acc: 1.00 | VAL Loss: 4.0187 Acc: 0.56 
Ep 76/100 | TR Loss: 0.0005 Acc: 1.00 | VAL Loss: 4.0143 Acc: 0.56 
Ep 77/100 | TR Loss: 0.0005 Acc: 1.00 | VAL Loss: 4.0083 Acc: 0.56 
Ep 78/100 | TR Loss: 0.0005 Acc: 1.00 | VAL Loss: 4.0002 Acc: 0.56 
Ep 79/100 | TR Loss: 0.0005 Acc: 1.00 | VAL Loss: 3.9899 Acc: 0.56 
Ep 80/100 | TR Loss: 0.0005 Acc: 1.00 | VAL Loss: 3.9773 Acc: 0.56 
Ep 81/100 | TR Loss: 0.0005 Acc: 1.00 | VAL Loss: 3.9631 Acc: 0.56 
Ep 82/100 | TR Loss: 0.0005 Acc: 1.00 | VAL Loss: 3.9496 Acc: 0.54 
Ep 83/100 | TR Loss: 0.0005 Acc: 1.00 | VAL Loss: 3.9396 Acc: 0.56 
Ep 84/100 | TR Loss: 0.0005 Acc: 1.00 | VAL Loss: 3.9344 Acc: 0.56 
Ep 85/100 | TR Loss: 0.0005 Acc: 1.00 | VAL Loss: 3.9321 Acc: 0.56 
Ep 86/100 | TR Loss: 0.0005 Acc: 1.00 | VAL Loss: 3.9311 Acc: 0.56 
Ep 87/100 | TR Loss: 0.0005 Acc: 1.00 | VAL Loss: 3.9305 Acc: 0.56 
Ep 88/100 | TR Loss: 0.0005 Acc: 1.00 | VAL Loss: 3.9301 Acc: 0.56 
Ep 89/100 | TR Loss: 0.0005 Acc: 1.00 | VAL Loss: 3.9297 Acc: 0.56 
Ep 90/100 | TR Loss: 0.0005 Acc: 1.00 | VAL Loss: 3.9294 Acc: 0.56 
Ep 91/100 | TR Loss: 0.0005 Acc: 1.00 | VAL Loss: 3.9289 Acc: 0.56 
Ep 92/100 | TR Loss: 0.0005 Acc: 1.00 | VAL Loss: 3.9284 Acc: 0.56 
Ep 93/100 | TR Loss: 0.0005 Acc: 1.00 | VAL Loss: 3.9277 Acc: 0.56 
Ep 94/100 | TR Loss: 0.0005 Acc: 1.00 | VAL Loss: 3.9269 Acc: 0.56 
Ep 95/100 | TR Loss: 0.0005 Acc: 1.00 | VAL Loss: 3.9260 Acc: 0.56 
Ep 96/100 | TR Loss: 0.0005 Acc: 1.00 | VAL Loss: 3.9248 Acc: 0.56 
Ep 97/100 | TR Loss: 0.0005 Acc: 1.00 | VAL Loss: 3.9234 Acc: 0.56 
Ep 98/100 | TR Loss: 0.0005 Acc: 1.00 | VAL Loss: 3.9218 Acc: 0.56 
Ep 99/100 | TR Loss: 0.0005 Acc: 1.00 | VAL Loss: 3.9200 Acc: 0.56 
Ep 100/100 | TR Loss: 0.0005 Acc: 1.00 | VAL Loss: 3.9179 Acc: 0.56 

==================================================
BEST MODEL TEST SET EVALUATION (MULTIPLE THRESHOLDS)
==================================================
Threshold  | Acc      | Prec     | Rec      | F1      
--------------------------------------------------
0.30       | 0.60     | 0.60     | 1.00     | 0.75     
0.40       | 0.60     | 0.60     | 1.00     | 0.75     
0.50       | 0.60     | 0.60     | 1.00     | 0.75     <-- (Arg)
0.60       | 0.40     | 0.00     | 0.00     | 0.00     
0.70       | 0.40     | 0.00     | 0.00     | 0.00     
==================================================

========================================
End    : Fri May 22 02:52:32 +03 2026
Output : output_classical/job_1094683
total 123K
-rw-r--r-- 1 aerturk23 hpcusers  49K May 22  2026 best_model.pth
-rw-r--r-- 1 aerturk23 hpcusers  363 May 22 02:52 config.json
-rw-r--r-- 1 aerturk23 hpcusers  13K May 22 02:52 history.json
-rw-r--r-- 1 aerturk23 hpcusers  966 May 22 02:52 output.err
-rw-r--r-- 1 aerturk23 hpcusers 8.2K May 22 02:52 output.log
-rw-r--r-- 1 aerturk23 hpcusers  51K May 22 02:52 training_metrics.png
========================================
