========================================
Job ID : 1094595
Start  : Thu May 21 23:39:17 +03 2026
GPU    : Tesla T4
========================================
--- Classical LSTM Script starting ---
[*] Configuration saved to: output_classical/job_1094595/config.json
========================================
MODEL                 : CLASSICAL LSTM
DATA SOURCE SELECTION : BACH
TRAINING SIZE         : 50
VALIDATION SIZE       : 50
TEST SIZE             : 100
WEIGHT DECAY          : 0.0001
DROPOUT RATE          : 0.5
CLASSIFICATION THRESHOLD : 0.5
BATCH SIZE            : 16
EMBED/HIDDEN DIMS     : 16 / 32
========================================

--- Preparing Dataset and Tokenization ---
[*] REAL DATASET SIZES -> Train: 50 | Val: 50 | Test: 100
--- Initializing Classical Model ---

--- Starting Classical LSTM Training (Epochs: 100) ---
Ep 01/100 | TR Loss: 0.6947 Acc: 0.48 | VAL Loss: 0.7013 Acc: 0.44 *(Best)*
Ep 02/100 | TR Loss: 0.6595 Acc: 0.58 | VAL Loss: 0.7204 Acc: 0.44 
Ep 03/100 | TR Loss: 0.6246 Acc: 0.58 | VAL Loss: 0.7728 Acc: 0.44 
Ep 04/100 | TR Loss: 0.5842 Acc: 0.58 | VAL Loss: 0.7907 Acc: 0.44 
Ep 05/100 | TR Loss: 0.4767 Acc: 0.58 | VAL Loss: 0.5769 Acc: 0.68 *(Best)*
Ep 06/100 | TR Loss: 0.4396 Acc: 0.82 | VAL Loss: 0.5662 Acc: 0.82 *(Best)*
Ep 07/100 | TR Loss: 0.5771 Acc: 0.84 | VAL Loss: 0.6850 Acc: 0.78 
Ep 08/100 | TR Loss: 0.6392 Acc: 0.82 | VAL Loss: 0.7042 Acc: 0.74 
Ep 09/100 | TR Loss: 0.5324 Acc: 0.80 | VAL Loss: 0.7011 Acc: 0.70 
Ep 10/100 | TR Loss: 0.7607 Acc: 0.80 | VAL Loss: 0.5205 Acc: 0.78 *(Best)*
Ep 11/100 | TR Loss: 0.5996 Acc: 0.84 | VAL Loss: 0.5066 Acc: 0.80 *(Best)*
Ep 12/100 | TR Loss: 0.5659 Acc: 0.82 | VAL Loss: 0.5382 Acc: 0.78 
Ep 13/100 | TR Loss: 0.4836 Acc: 0.86 | VAL Loss: 0.5254 Acc: 0.78 
Ep 14/100 | TR Loss: 0.4403 Acc: 0.86 | VAL Loss: 0.4909 Acc: 0.78 *(Best)*
Ep 15/100 | TR Loss: 0.4882 Acc: 0.86 | VAL Loss: 0.4540 Acc: 0.80 *(Best)*
Ep 16/100 | TR Loss: 0.3889 Acc: 0.86 | VAL Loss: 0.4513 Acc: 0.80 *(Best)*
Ep 17/100 | TR Loss: 0.3701 Acc: 0.86 | VAL Loss: 0.4498 Acc: 0.80 *(Best)*
Ep 18/100 | TR Loss: 0.5277 Acc: 0.86 | VAL Loss: 0.4521 Acc: 0.80 
Ep 19/100 | TR Loss: 0.3471 Acc: 0.86 | VAL Loss: 0.4523 Acc: 0.80 
Ep 20/100 | TR Loss: 0.3479 Acc: 0.86 | VAL Loss: 0.4506 Acc: 0.80 
Ep 21/100 | TR Loss: 0.3473 Acc: 0.86 | VAL Loss: 0.4475 Acc: 0.80 *(Best)*
Ep 22/100 | TR Loss: 0.3454 Acc: 0.86 | VAL Loss: 0.4455 Acc: 0.80 *(Best)*
Ep 23/100 | TR Loss: 0.5306 Acc: 0.86 | VAL Loss: 0.4430 Acc: 0.80 *(Best)*
Ep 24/100 | TR Loss: 0.5941 Acc: 0.86 | VAL Loss: 0.4410 Acc: 0.80 *(Best)*
Ep 25/100 | TR Loss: 0.3539 Acc: 0.86 | VAL Loss: 0.4386 Acc: 0.80 *(Best)*
Ep 26/100 | TR Loss: 0.5437 Acc: 0.86 | VAL Loss: 0.4389 Acc: 0.80 
Ep 27/100 | TR Loss: 0.3351 Acc: 0.88 | VAL Loss: 0.4401 Acc: 0.80 
Ep 28/100 | TR Loss: 0.3376 Acc: 0.88 | VAL Loss: 0.4373 Acc: 0.80 *(Best)*
Ep 29/100 | TR Loss: 0.3239 Acc: 0.88 | VAL Loss: 0.4358 Acc: 0.80 *(Best)*
Ep 30/100 | TR Loss: 0.5587 Acc: 0.88 | VAL Loss: 0.4374 Acc: 0.80 
Ep 31/100 | TR Loss: 0.4888 Acc: 0.88 | VAL Loss: 0.4359 Acc: 0.80 
Ep 32/100 | TR Loss: 0.3163 Acc: 0.88 | VAL Loss: 0.4376 Acc: 0.80 
Ep 33/100 | TR Loss: 0.3140 Acc: 0.88 | VAL Loss: 0.4393 Acc: 0.80 
Ep 34/100 | TR Loss: 0.2995 Acc: 0.88 | VAL Loss: 0.4410 Acc: 0.80 
Ep 35/100 | TR Loss: 0.4909 Acc: 0.88 | VAL Loss: 0.4447 Acc: 0.80 
Ep 36/100 | TR Loss: 0.4703 Acc: 0.88 | VAL Loss: 0.4495 Acc: 0.80 
Ep 37/100 | TR Loss: 0.3168 Acc: 0.88 | VAL Loss: 0.4556 Acc: 0.80 
Ep 38/100 | TR Loss: 0.3402 Acc: 0.88 | VAL Loss: 0.4587 Acc: 0.80 
Ep 39/100 | TR Loss: 0.3163 Acc: 0.88 | VAL Loss: 0.4573 Acc: 0.80 
Ep 40/100 | TR Loss: 0.3118 Acc: 0.88 | VAL Loss: 0.4571 Acc: 0.80 
Ep 41/100 | TR Loss: 0.2920 Acc: 0.88 | VAL Loss: 0.4566 Acc: 0.80 
Ep 42/100 | TR Loss: 0.2905 Acc: 0.88 | VAL Loss: 0.4577 Acc: 0.80 
Ep 43/100 | TR Loss: 0.3048 Acc: 0.88 | VAL Loss: 0.4594 Acc: 0.80 
Ep 44/100 | TR Loss: 0.3032 Acc: 0.88 | VAL Loss: 0.4606 Acc: 0.80 
Ep 45/100 | TR Loss: 0.2933 Acc: 0.88 | VAL Loss: 0.4589 Acc: 0.80 
Ep 46/100 | TR Loss: 0.3032 Acc: 0.88 | VAL Loss: 0.4591 Acc: 0.80 
Ep 47/100 | TR Loss: 0.2724 Acc: 0.90 | VAL Loss: 0.4597 Acc: 0.80 
Ep 48/100 | TR Loss: 0.2626 Acc: 0.90 | VAL Loss: 0.4603 Acc: 0.80 
Ep 49/100 | TR Loss: 0.2689 Acc: 0.90 | VAL Loss: 0.4624 Acc: 0.80 
Ep 50/100 | TR Loss: 0.2638 Acc: 0.90 | VAL Loss: 0.4619 Acc: 0.80 
Ep 51/100 | TR Loss: 0.5860 Acc: 0.90 | VAL Loss: 0.4590 Acc: 0.80 
Ep 52/100 | TR Loss: 0.7640 Acc: 0.90 | VAL Loss: 0.4319 Acc: 0.80 *(Best)*
Ep 53/100 | TR Loss: 0.2935 Acc: 0.90 | VAL Loss: 0.4074 Acc: 0.82 *(Best)*
Ep 54/100 | TR Loss: 0.3114 Acc: 0.90 | VAL Loss: 0.4018 Acc: 0.82 *(Best)*
Ep 55/100 | TR Loss: 0.4813 Acc: 0.90 | VAL Loss: 0.3867 Acc: 0.84 *(Best)*
Ep 56/100 | TR Loss: 0.4967 Acc: 0.90 | VAL Loss: 0.4272 Acc: 0.80 
Ep 57/100 | TR Loss: 0.4954 Acc: 0.90 | VAL Loss: 0.4329 Acc: 0.80 
Ep 58/100 | TR Loss: 0.3123 Acc: 0.90 | VAL Loss: 0.4313 Acc: 0.80 
Ep 59/100 | TR Loss: 0.3099 Acc: 0.90 | VAL Loss: 0.4265 Acc: 0.80 
Ep 60/100 | TR Loss: 0.5047 Acc: 0.90 | VAL Loss: 0.4120 Acc: 0.82 
Ep 61/100 | TR Loss: 0.2904 Acc: 0.90 | VAL Loss: 0.4060 Acc: 0.82 
Ep 62/100 | TR Loss: 0.2863 Acc: 0.90 | VAL Loss: 0.4058 Acc: 0.82 
Ep 63/100 | TR Loss: 0.2805 Acc: 0.90 | VAL Loss: 0.4098 Acc: 0.82 
Ep 64/100 | TR Loss: 0.2742 Acc: 0.90 | VAL Loss: 0.4163 Acc: 0.82 
Ep 65/100 | TR Loss: 0.2720 Acc: 0.90 | VAL Loss: 0.4214 Acc: 0.82 
Ep 66/100 | TR Loss: 0.5560 Acc: 0.90 | VAL Loss: 0.4234 Acc: 0.82 
Ep 67/100 | TR Loss: 0.2734 Acc: 0.90 | VAL Loss: 0.4153 Acc: 0.82 
Ep 68/100 | TR Loss: 0.2737 Acc: 0.90 | VAL Loss: 0.3807 Acc: 0.84 *(Best)*
Ep 69/100 | TR Loss: 0.2738 Acc: 0.90 | VAL Loss: 0.3806 Acc: 0.84 *(Best)*
Ep 70/100 | TR Loss: 0.2714 Acc: 0.90 | VAL Loss: 0.3800 Acc: 0.84 *(Best)*
Ep 71/100 | TR Loss: 0.2393 Acc: 0.92 | VAL Loss: 0.3793 Acc: 0.84 *(Best)*
Ep 72/100 | TR Loss: 0.5230 Acc: 0.88 | VAL Loss: 0.5497 Acc: 0.76 
Ep 73/100 | TR Loss: 0.7360 Acc: 0.82 | VAL Loss: 1.0009 Acc: 0.54 
Ep 74/100 | TR Loss: 1.0317 Acc: 0.72 | VAL Loss: 0.8360 Acc: 0.54 
Ep 75/100 | TR Loss: 0.7441 Acc: 0.68 | VAL Loss: 0.8146 Acc: 0.52 
Ep 76/100 | TR Loss: 0.6635 Acc: 0.68 | VAL Loss: 0.6986 Acc: 0.50 
Ep 77/100 | TR Loss: 0.6235 Acc: 0.70 | VAL Loss: 0.6856 Acc: 0.56 
Ep 78/100 | TR Loss: 0.7586 Acc: 0.44 | VAL Loss: 0.6890 Acc: 0.56 
Ep 79/100 | TR Loss: 0.7617 Acc: 0.44 | VAL Loss: 0.6912 Acc: 0.48 
Ep 80/100 | TR Loss: 0.6803 Acc: 0.68 | VAL Loss: 0.7121 Acc: 0.48 
Ep 81/100 | TR Loss: 0.7328 Acc: 0.68 | VAL Loss: 0.7406 Acc: 0.50 
Ep 82/100 | TR Loss: 0.5893 Acc: 0.68 | VAL Loss: 0.7466 Acc: 0.50 
Ep 83/100 | TR Loss: 0.5921 Acc: 0.68 | VAL Loss: 0.7658 Acc: 0.50 
Ep 84/100 | TR Loss: 0.6689 Acc: 0.68 | VAL Loss: 0.7843 Acc: 0.50 
Ep 85/100 | TR Loss: 0.7390 Acc: 0.68 | VAL Loss: 0.7699 Acc: 0.50 
Ep 86/100 | TR Loss: 0.5804 Acc: 0.68 | VAL Loss: 0.7490 Acc: 0.50 
Ep 87/100 | TR Loss: 0.5841 Acc: 0.68 | VAL Loss: 0.7487 Acc: 0.50 
Ep 88/100 | TR Loss: 0.6574 Acc: 0.68 | VAL Loss: 0.7591 Acc: 0.50 
Ep 89/100 | TR Loss: 0.7387 Acc: 0.68 | VAL Loss: 0.7493 Acc: 0.50 
Ep 90/100 | TR Loss: 0.5897 Acc: 0.68 | VAL Loss: 0.7256 Acc: 0.50 
Ep 91/100 | TR Loss: 0.6611 Acc: 0.68 | VAL Loss: 0.7273 Acc: 0.50 
Ep 92/100 | TR Loss: 0.5830 Acc: 0.68 | VAL Loss: 0.7379 Acc: 0.50 
Ep 93/100 | TR Loss: 0.6492 Acc: 0.68 | VAL Loss: 0.7473 Acc: 0.50 
Ep 94/100 | TR Loss: 0.5783 Acc: 0.68 | VAL Loss: 0.7480 Acc: 0.50 
Ep 95/100 | TR Loss: 0.7343 Acc: 0.68 | VAL Loss: 0.7531 Acc: 0.50 
Ep 96/100 | TR Loss: 0.7101 Acc: 0.68 | VAL Loss: 0.7239 Acc: 0.50 
Ep 97/100 | TR Loss: 0.6043 Acc: 0.68 | VAL Loss: 0.7048 Acc: 0.50 
Ep 98/100 | TR Loss: 0.5853 Acc: 0.68 | VAL Loss: 0.7074 Acc: 0.50 
Ep 99/100 | TR Loss: 0.5733 Acc: 0.68 | VAL Loss: 0.7234 Acc: 0.50 
Ep 100/100 | TR Loss: 0.7694 Acc: 0.68 | VAL Loss: 0.7425 Acc: 0.50 

==================================================
BEST MODEL TEST SET EVALUATION (MULTIPLE THRESHOLDS)
==================================================
Threshold  | Acc      | Prec     | Rec      | F1      
--------------------------------------------------
0.30       | 0.70     | 0.81     | 0.61     | 0.69     
0.40       | 0.70     | 0.81     | 0.61     | 0.69     
0.50       | 0.70     | 0.81     | 0.61     | 0.69     <-- (Arg)
0.60       | 0.70     | 0.81     | 0.61     | 0.69     
0.70       | 0.70     | 0.81     | 0.61     | 0.69     
==================================================

========================================
End    : Thu May 21 23:39:28 +03 2026
Output : output_classical/job_1094595
total 145K
-rw-r--r-- 1 aerturk23 hpcusers  34K May 21  2026 best_model.pth
-rw-r--r-- 1 aerturk23 hpcusers  363 May 21 23:39 config.json
-rw-r--r-- 1 aerturk23 hpcusers  14K May 21 23:39 history.json
-rw-r--r-- 1 aerturk23 hpcusers  966 May 21 23:39 output.err
-rw-r--r-- 1 aerturk23 hpcusers 8.4K May 21  2026 output.log
-rw-r--r-- 1 aerturk23 hpcusers  88K May 21 23:39 training_metrics.png
========================================
