========================================
Job ID : 1094791
Start  : Fri May 22 06:54:57 +03 2026
GPU    : Tesla T4
========================================
--- Classical LSTM Script starting ---
[*] Configuration saved to: output_classical/job_1094791/config.json
========================================
MODEL                 : CLASSICAL LSTM
DATA SOURCE SELECTION : SYNTHETIC
TRAINING SIZE         : 50
VALIDATION SIZE       : 50
TEST SIZE             : 100
WEIGHT DECAY          : 0.0001
DROPOUT RATE          : 0.2
CLASSIFICATION THRESHOLD : 0.5
BATCH SIZE            : 16
EMBED/HIDDEN DIMS     : 16 / 32
========================================

--- Preparing Dataset and Tokenization ---
[*] REAL DATASET SIZES -> Train: 50 | Val: 50 | Test: 100
--- Initializing Classical Model ---

--- Starting Classical LSTM Training (Epochs: 100) ---
Ep 01/100 | TR Loss: 0.6710 Acc: 0.50 | VAL Loss: 0.6855 Acc: 0.58 *(Best)*
Ep 02/100 | TR Loss: 0.6318 Acc: 0.72 | VAL Loss: 0.6292 Acc: 0.68 *(Best)*
Ep 03/100 | TR Loss: 0.4721 Acc: 0.80 | VAL Loss: 0.4808 Acc: 0.88 *(Best)*
Ep 04/100 | TR Loss: 0.3252 Acc: 0.94 | VAL Loss: 0.2138 Acc: 0.98 *(Best)*
Ep 05/100 | TR Loss: 0.1152 Acc: 1.00 | VAL Loss: 0.0567 Acc: 1.00 *(Best)*
Ep 06/100 | TR Loss: 0.0278 Acc: 1.00 | VAL Loss: 0.0165 Acc: 1.00 *(Best)*
Ep 07/100 | TR Loss: 0.0088 Acc: 1.00 | VAL Loss: 0.0065 Acc: 1.00 *(Best)*
Ep 08/100 | TR Loss: 0.0042 Acc: 1.00 | VAL Loss: 0.0034 Acc: 1.00 *(Best)*
Ep 09/100 | TR Loss: 0.0021 Acc: 1.00 | VAL Loss: 0.0021 Acc: 1.00 *(Best)*
Ep 10/100 | TR Loss: 0.0015 Acc: 1.00 | VAL Loss: 0.0015 Acc: 1.00 *(Best)*
Ep 11/100 | TR Loss: 0.0010 Acc: 1.00 | VAL Loss: 0.0012 Acc: 1.00 *(Best)*
Ep 12/100 | TR Loss: 0.0010 Acc: 1.00 | VAL Loss: 0.0010 Acc: 1.00 *(Best)*
Ep 13/100 | TR Loss: 0.0008 Acc: 1.00 | VAL Loss: 0.0009 Acc: 1.00 *(Best)*
Ep 14/100 | TR Loss: 0.0007 Acc: 1.00 | VAL Loss: 0.0008 Acc: 1.00 *(Best)*
Ep 15/100 | TR Loss: 0.0006 Acc: 1.00 | VAL Loss: 0.0007 Acc: 1.00 *(Best)*
Ep 16/100 | TR Loss: 0.0006 Acc: 1.00 | VAL Loss: 0.0007 Acc: 1.00 *(Best)*
Ep 17/100 | TR Loss: 0.0006 Acc: 1.00 | VAL Loss: 0.0007 Acc: 1.00 *(Best)*
Ep 18/100 | TR Loss: 0.0005 Acc: 1.00 | VAL Loss: 0.0007 Acc: 1.00 *(Best)*
Ep 19/100 | TR Loss: 0.0005 Acc: 1.00 | VAL Loss: 0.0007 Acc: 1.00 *(Best)*
Ep 20/100 | TR Loss: 0.0005 Acc: 1.00 | VAL Loss: 0.0007 Acc: 1.00 *(Best)*
Ep 21/100 | TR Loss: 0.0005 Acc: 1.00 | VAL Loss: 0.0007 Acc: 1.00 
Ep 22/100 | TR Loss: 0.0005 Acc: 1.00 | VAL Loss: 0.0007 Acc: 1.00 
Ep 23/100 | TR Loss: 0.0005 Acc: 1.00 | VAL Loss: 0.0007 Acc: 1.00 
Ep 24/100 | TR Loss: 0.0006 Acc: 1.00 | VAL Loss: 0.0007 Acc: 1.00 
Ep 25/100 | TR Loss: 0.0005 Acc: 1.00 | VAL Loss: 0.0007 Acc: 1.00 
Ep 26/100 | TR Loss: 0.0006 Acc: 1.00 | VAL Loss: 0.0007 Acc: 1.00 
Ep 27/100 | TR Loss: 0.0005 Acc: 1.00 | VAL Loss: 0.0007 Acc: 1.00 
Ep 28/100 | TR Loss: 0.0006 Acc: 1.00 | VAL Loss: 0.0007 Acc: 1.00 
Ep 29/100 | TR Loss: 0.0005 Acc: 1.00 | VAL Loss: 0.0007 Acc: 1.00 
Ep 30/100 | TR Loss: 0.0006 Acc: 1.00 | VAL Loss: 0.0008 Acc: 1.00 
Ep 31/100 | TR Loss: 0.0006 Acc: 1.00 | VAL Loss: 0.0008 Acc: 1.00 
Ep 32/100 | TR Loss: 0.0005 Acc: 1.00 | VAL Loss: 0.0008 Acc: 1.00 
Ep 33/100 | TR Loss: 0.0005 Acc: 1.00 | VAL Loss: 0.0008 Acc: 1.00 
Ep 34/100 | TR Loss: 0.0005 Acc: 1.00 | VAL Loss: 0.0009 Acc: 1.00 
Ep 35/100 | TR Loss: 0.0005 Acc: 1.00 | VAL Loss: 0.0010 Acc: 1.00 
Ep 36/100 | TR Loss: 0.0005 Acc: 1.00 | VAL Loss: 0.0011 Acc: 1.00 
Ep 37/100 | TR Loss: 0.0005 Acc: 1.00 | VAL Loss: 0.0013 Acc: 1.00 
Ep 38/100 | TR Loss: 0.0005 Acc: 1.00 | VAL Loss: 0.0015 Acc: 1.00 
Ep 39/100 | TR Loss: 0.0005 Acc: 1.00 | VAL Loss: 0.0019 Acc: 1.00 
Ep 40/100 | TR Loss: 0.0005 Acc: 1.00 | VAL Loss: 0.0024 Acc: 1.00 
Ep 41/100 | TR Loss: 0.0005 Acc: 1.00 | VAL Loss: 0.0032 Acc: 1.00 
Ep 42/100 | TR Loss: 0.0005 Acc: 1.00 | VAL Loss: 0.0042 Acc: 1.00 
Ep 43/100 | TR Loss: 0.0006 Acc: 1.00 | VAL Loss: 0.0057 Acc: 1.00 
Ep 44/100 | TR Loss: 0.0005 Acc: 1.00 | VAL Loss: 0.0074 Acc: 1.00 
Ep 45/100 | TR Loss: 0.0006 Acc: 1.00 | VAL Loss: 0.0097 Acc: 1.00 
Ep 46/100 | TR Loss: 0.0005 Acc: 1.00 | VAL Loss: 0.0122 Acc: 1.00 
Ep 47/100 | TR Loss: 0.0006 Acc: 1.00 | VAL Loss: 0.0153 Acc: 1.00 
Ep 48/100 | TR Loss: 0.0006 Acc: 1.00 | VAL Loss: 0.0184 Acc: 1.00 
Ep 49/100 | TR Loss: 0.0005 Acc: 1.00 | VAL Loss: 0.0223 Acc: 0.98 
Ep 50/100 | TR Loss: 0.0005 Acc: 1.00 | VAL Loss: 0.0253 Acc: 0.96 
Ep 51/100 | TR Loss: 0.0005 Acc: 1.00 | VAL Loss: 0.0287 Acc: 0.96 
Ep 52/100 | TR Loss: 0.0006 Acc: 1.00 | VAL Loss: 0.0314 Acc: 0.96 
Ep 53/100 | TR Loss: 0.0006 Acc: 1.00 | VAL Loss: 0.0340 Acc: 0.96 
Ep 54/100 | TR Loss: 0.0005 Acc: 1.00 | VAL Loss: 0.0377 Acc: 0.96 
Ep 55/100 | TR Loss: 0.0005 Acc: 1.00 | VAL Loss: 0.0407 Acc: 0.96 
Ep 56/100 | TR Loss: 0.0005 Acc: 1.00 | VAL Loss: 0.0414 Acc: 0.96 
Ep 57/100 | TR Loss: 0.0006 Acc: 1.00 | VAL Loss: 0.0422 Acc: 0.96 
Ep 58/100 | TR Loss: 0.0006 Acc: 1.00 | VAL Loss: 0.0387 Acc: 0.96 
Ep 59/100 | TR Loss: 0.0005 Acc: 1.00 | VAL Loss: 0.0229 Acc: 0.98 
Ep 60/100 | TR Loss: 0.0005 Acc: 1.00 | VAL Loss: 0.0161 Acc: 1.00 
Ep 61/100 | TR Loss: 0.0005 Acc: 1.00 | VAL Loss: 0.0137 Acc: 1.00 
Ep 62/100 | TR Loss: 0.0005 Acc: 1.00 | VAL Loss: 0.0136 Acc: 1.00 
Ep 63/100 | TR Loss: 0.0005 Acc: 1.00 | VAL Loss: 0.0148 Acc: 1.00 
Ep 64/100 | TR Loss: 0.0005 Acc: 1.00 | VAL Loss: 0.0170 Acc: 1.00 
Ep 65/100 | TR Loss: 0.0006 Acc: 1.00 | VAL Loss: 0.0191 Acc: 1.00 
Ep 66/100 | TR Loss: 0.0005 Acc: 1.00 | VAL Loss: 0.0228 Acc: 0.98 
Ep 67/100 | TR Loss: 0.0005 Acc: 1.00 | VAL Loss: 0.0258 Acc: 0.96 
Ep 68/100 | TR Loss: 0.0005 Acc: 1.00 | VAL Loss: 0.0289 Acc: 0.96 
Ep 69/100 | TR Loss: 0.0005 Acc: 1.00 | VAL Loss: 0.0330 Acc: 0.96 
Ep 70/100 | TR Loss: 0.0005 Acc: 1.00 | VAL Loss: 0.0355 Acc: 0.96 
Ep 71/100 | TR Loss: 0.0005 Acc: 1.00 | VAL Loss: 0.0371 Acc: 0.96 
Ep 72/100 | TR Loss: 0.0005 Acc: 1.00 | VAL Loss: 0.0398 Acc: 0.96 
Ep 73/100 | TR Loss: 0.0005 Acc: 1.00 | VAL Loss: 0.0408 Acc: 0.96 
Ep 74/100 | TR Loss: 0.0005 Acc: 1.00 | VAL Loss: 0.0422 Acc: 0.96 
Ep 75/100 | TR Loss: 0.0006 Acc: 1.00 | VAL Loss: 0.0417 Acc: 0.96 
Ep 76/100 | TR Loss: 0.0005 Acc: 1.00 | VAL Loss: 0.0416 Acc: 0.96 
Ep 77/100 | TR Loss: 0.0004 Acc: 1.00 | VAL Loss: 0.0392 Acc: 0.96 
Ep 78/100 | TR Loss: 0.0005 Acc: 1.00 | VAL Loss: 0.0376 Acc: 0.96 
Ep 79/100 | TR Loss: 0.0004 Acc: 1.00 | VAL Loss: 0.0382 Acc: 0.96 
Ep 80/100 | TR Loss: 0.0004 Acc: 1.00 | VAL Loss: 0.0367 Acc: 0.96 
Ep 81/100 | TR Loss: 0.0005 Acc: 1.00 | VAL Loss: 0.0373 Acc: 0.96 
Ep 82/100 | TR Loss: 0.0004 Acc: 1.00 | VAL Loss: 0.0363 Acc: 0.96 
Ep 83/100 | TR Loss: 0.0005 Acc: 1.00 | VAL Loss: 0.0355 Acc: 0.96 
Ep 84/100 | TR Loss: 0.0005 Acc: 1.00 | VAL Loss: 0.0340 Acc: 0.96 
Ep 85/100 | TR Loss: 0.0005 Acc: 1.00 | VAL Loss: 0.0328 Acc: 0.96 
Ep 86/100 | TR Loss: 0.0005 Acc: 1.00 | VAL Loss: 0.0325 Acc: 0.96 
Ep 87/100 | TR Loss: 0.0006 Acc: 1.00 | VAL Loss: 0.0320 Acc: 0.96 
Ep 88/100 | TR Loss: 0.0005 Acc: 1.00 | VAL Loss: 0.0300 Acc: 0.96 
Ep 89/100 | TR Loss: 0.0004 Acc: 1.00 | VAL Loss: 0.0282 Acc: 0.96 
Ep 90/100 | TR Loss: 0.0005 Acc: 1.00 | VAL Loss: 0.0271 Acc: 0.96 
Ep 91/100 | TR Loss: 0.0004 Acc: 1.00 | VAL Loss: 0.0264 Acc: 0.96 
Ep 92/100 | TR Loss: 0.0005 Acc: 1.00 | VAL Loss: 0.0262 Acc: 0.96 
Ep 93/100 | TR Loss: 0.0004 Acc: 1.00 | VAL Loss: 0.0277 Acc: 0.96 
Ep 94/100 | TR Loss: 0.0004 Acc: 1.00 | VAL Loss: 0.0277 Acc: 0.96 
Ep 95/100 | TR Loss: 0.0004 Acc: 1.00 | VAL Loss: 0.0284 Acc: 0.96 
Ep 96/100 | TR Loss: 0.0004 Acc: 1.00 | VAL Loss: 0.0283 Acc: 0.96 
Ep 97/100 | TR Loss: 0.0004 Acc: 1.00 | VAL Loss: 0.0269 Acc: 0.96 
Ep 98/100 | TR Loss: 0.0004 Acc: 1.00 | VAL Loss: 0.0264 Acc: 0.96 
Ep 99/100 | TR Loss: 0.0004 Acc: 1.00 | VAL Loss: 0.0250 Acc: 0.96 
Ep 100/100 | TR Loss: 0.0004 Acc: 1.00 | VAL Loss: 0.0244 Acc: 0.96 

==================================================
BEST MODEL TEST SET EVALUATION (MULTIPLE THRESHOLDS)
==================================================
Threshold  | Acc      | Prec     | Rec      | F1      
--------------------------------------------------
0.30       | 1.00     | 1.00     | 1.00     | 1.00     
0.40       | 1.00     | 1.00     | 1.00     | 1.00     
0.50       | 1.00     | 1.00     | 1.00     | 1.00     <-- (Arg)
0.60       | 1.00     | 1.00     | 1.00     | 1.00     
0.70       | 1.00     | 1.00     | 1.00     | 1.00     
==================================================

========================================
End    : Fri May 22 06:55:11 +03 2026
Output : output_classical/job_1094791
total 106K
-rw-r--r-- 1 aerturk23 hpcusers  30K May 22  2026 best_model.pth
-rw-r--r-- 1 aerturk23 hpcusers  369 May 22 06:55 config.json
-rw-r--r-- 1 aerturk23 hpcusers  12K May 22  2026 history.json
-rw-r--r-- 1 aerturk23 hpcusers  966 May 22  2026 output.err
-rw-r--r-- 1 aerturk23 hpcusers 8.4K May 22  2026 output.log
-rw-r--r-- 1 aerturk23 hpcusers  55K May 22 06:55 training_metrics.png
========================================
