========================================
Job ID : 1094781
Start  : Fri May 22 06:40:43 +03 2026
GPU    : Tesla T4
========================================
--- Quantum QNLP Script starting ---
[*] Configuration saved to: output_qnlp/job_1094781/config.json
========================================
DATA SOURCE SELECTION : SYNTHETIC
TRAINING SIZE         : 50
VALIDATION SIZE       : 50
TEST SIZE             : 100
WEIGHT DECAY          : 0.0001
CLASSIFICATION THRESHOLD : 0.5
QUANTUM LAYERS        : 2
========================================

--- Preparing Dataset ---
Generating DisCoCat grammar diagrams...
Generating quantum circuits (IQP Ansatz)...

--- Starting Quantum Model Training (Epochs: 100) ---
Ep 01/100 | TR Loss: 0.7360 Acc: 0.48 | VAL Loss: 0.6741 Acc: 0.52 *(Best)*
Ep 02/100 | TR Loss: 0.6980 Acc: 0.54 | VAL Loss: 0.7009 Acc: 0.64 
Ep 03/100 | TR Loss: 0.7098 Acc: 0.52 | VAL Loss: 0.7118 Acc: 0.44 
Ep 04/100 | TR Loss: 0.6780 Acc: 0.60 | VAL Loss: 0.8911 Acc: 0.44 
Ep 05/100 | TR Loss: 0.6199 Acc: 0.74 | VAL Loss: 0.7965 Acc: 0.44 
Ep 06/100 | TR Loss: 0.6930 Acc: 0.48 | VAL Loss: 0.8287 Acc: 0.46 
Ep 07/100 | TR Loss: 0.7176 Acc: 0.58 | VAL Loss: 0.6995 Acc: 0.56 
Ep 08/100 | TR Loss: 0.7167 Acc: 0.56 | VAL Loss: 0.8184 Acc: 0.48 
Ep 09/100 | TR Loss: 0.8171 Acc: 0.48 | VAL Loss: 0.8443 Acc: 0.48 
Ep 10/100 | TR Loss: 0.7422 Acc: 0.48 | VAL Loss: 0.7766 Acc: 0.48 
Ep 11/100 | TR Loss: 0.8345 Acc: 0.56 | VAL Loss: 0.6931 Acc: 0.62 
Ep 12/100 | TR Loss: 0.7058 Acc: 0.56 | VAL Loss: 0.7641 Acc: 0.44 
Ep 13/100 | TR Loss: 0.8685 Acc: 0.50 | VAL Loss: 0.7510 Acc: 0.50 
Ep 14/100 | TR Loss: 0.7374 Acc: 0.42 | VAL Loss: 0.8414 Acc: 0.46 
Ep 15/100 | TR Loss: 0.7231 Acc: 0.50 | VAL Loss: 0.7448 Acc: 0.50 
Ep 16/100 | TR Loss: 0.6942 Acc: 0.58 | VAL Loss: 0.7823 Acc: 0.56 
Ep 17/100 | TR Loss: 0.6493 Acc: 0.64 | VAL Loss: 0.7487 Acc: 0.44 
Ep 18/100 | TR Loss: 0.7113 Acc: 0.62 | VAL Loss: 0.8212 Acc: 0.42 
Ep 19/100 | TR Loss: 0.9208 Acc: 0.34 | VAL Loss: 0.8636 Acc: 0.40 
Ep 20/100 | TR Loss: 0.7688 Acc: 0.44 | VAL Loss: 0.7315 Acc: 0.52 
Ep 21/100 | TR Loss: 0.7421 Acc: 0.52 | VAL Loss: 0.9284 Acc: 0.44 
Ep 22/100 | TR Loss: 0.6175 Acc: 0.70 | VAL Loss: 0.7942 Acc: 0.50 
Ep 23/100 | TR Loss: 0.5747 Acc: 0.74 | VAL Loss: 0.8265 Acc: 0.44 
Ep 24/100 | TR Loss: 0.5684 Acc: 0.68 | VAL Loss: 0.9257 Acc: 0.52 
Ep 25/100 | TR Loss: 0.4998 Acc: 0.76 | VAL Loss: 0.9288 Acc: 0.50 
Ep 26/100 | TR Loss: 0.4689 Acc: 0.74 | VAL Loss: 0.7376 Acc: 0.56 
Ep 27/100 | TR Loss: 0.4434 Acc: 0.74 | VAL Loss: 0.9997 Acc: 0.54 
Ep 28/100 | TR Loss: 0.5279 Acc: 0.76 | VAL Loss: 0.8657 Acc: 0.52 
Ep 29/100 | TR Loss: 0.5398 Acc: 0.70 | VAL Loss: 0.8596 Acc: 0.56 
Ep 30/100 | TR Loss: 0.4565 Acc: 0.80 | VAL Loss: 1.1018 Acc: 0.54 
Ep 31/100 | TR Loss: 0.7025 Acc: 0.74 | VAL Loss: 0.9163 Acc: 0.42 
Ep 32/100 | TR Loss: 0.6772 Acc: 0.60 | VAL Loss: 0.8066 Acc: 0.54 
Ep 33/100 | TR Loss: 0.6488 Acc: 0.56 | VAL Loss: 0.7628 Acc: 0.54 
Ep 34/100 | TR Loss: 0.6045 Acc: 0.74 | VAL Loss: 0.6904 Acc: 0.60 
Ep 35/100 | TR Loss: 0.4984 Acc: 0.82 | VAL Loss: 0.7605 Acc: 0.54 
Ep 36/100 | TR Loss: 0.4391 Acc: 0.80 | VAL Loss: 0.7857 Acc: 0.64 
Ep 37/100 | TR Loss: 0.5210 Acc: 0.76 | VAL Loss: 0.8337 Acc: 0.44 
Ep 38/100 | TR Loss: 0.6727 Acc: 0.62 | VAL Loss: 0.8345 Acc: 0.60 
Ep 39/100 | TR Loss: 0.6895 Acc: 0.48 | VAL Loss: 0.6851 Acc: 0.54 
Ep 40/100 | TR Loss: 0.6365 Acc: 0.70 | VAL Loss: 0.7764 Acc: 0.56 
Ep 41/100 | TR Loss: 0.5464 Acc: 0.80 | VAL Loss: 0.8779 Acc: 0.56 
Ep 42/100 | TR Loss: 0.5434 Acc: 0.70 | VAL Loss: 0.7446 Acc: 0.50 
Ep 43/100 | TR Loss: 0.4421 Acc: 0.72 | VAL Loss: 0.7605 Acc: 0.66 
Ep 44/100 | TR Loss: 0.3621 Acc: 0.84 | VAL Loss: 0.6324 Acc: 0.68 *(Best)*
Ep 45/100 | TR Loss: 0.3858 Acc: 0.80 | VAL Loss: 0.9805 Acc: 0.56 
Ep 46/100 | TR Loss: 0.3214 Acc: 0.82 | VAL Loss: 0.4353 Acc: 0.76 *(Best)*
Ep 47/100 | TR Loss: 0.2864 Acc: 0.86 | VAL Loss: 0.3066 Acc: 0.88 *(Best)*
Ep 48/100 | TR Loss: 0.2224 Acc: 0.88 | VAL Loss: 0.3476 Acc: 0.82 
Ep 49/100 | TR Loss: 0.3466 Acc: 0.82 | VAL Loss: 0.4801 Acc: 0.80 
Ep 50/100 | TR Loss: 0.4688 Acc: 0.72 | VAL Loss: 0.7673 Acc: 0.70 
Ep 51/100 | TR Loss: 0.3432 Acc: 0.82 | VAL Loss: 0.6970 Acc: 0.68 
Ep 52/100 | TR Loss: 0.3503 Acc: 0.78 | VAL Loss: 0.6085 Acc: 0.74 
Ep 53/100 | TR Loss: 0.3039 Acc: 0.82 | VAL Loss: 0.4381 Acc: 0.76 
Ep 54/100 | TR Loss: 0.2850 Acc: 0.82 | VAL Loss: 0.5231 Acc: 0.76 
Ep 55/100 | TR Loss: 0.3684 Acc: 0.78 | VAL Loss: 0.5477 Acc: 0.66 
Ep 56/100 | TR Loss: 0.4002 Acc: 0.80 | VAL Loss: 0.5706 Acc: 0.72 
Ep 57/100 | TR Loss: 0.3906 Acc: 0.84 | VAL Loss: 0.7694 Acc: 0.60 
Ep 58/100 | TR Loss: 0.3397 Acc: 0.84 | VAL Loss: 0.4276 Acc: 0.78 
Ep 59/100 | TR Loss: 0.6492 Acc: 0.66 | VAL Loss: 0.6856 Acc: 0.56 
Ep 60/100 | TR Loss: 0.6963 Acc: 0.48 | VAL Loss: 0.6891 Acc: 0.48 
Ep 61/100 | TR Loss: 0.7068 Acc: 0.46 | VAL Loss: 0.6680 Acc: 0.70 
Ep 62/100 | TR Loss: 0.7768 Acc: 0.46 | VAL Loss: 0.7636 Acc: 0.42 
Ep 63/100 | TR Loss: 0.6210 Acc: 0.58 | VAL Loss: 1.0601 Acc: 0.46 
Ep 64/100 | TR Loss: 0.6375 Acc: 0.66 | VAL Loss: 0.9044 Acc: 0.50 
Ep 65/100 | TR Loss: 0.7072 Acc: 0.58 | VAL Loss: 0.9283 Acc: 0.48 
Ep 66/100 | TR Loss: 0.6460 Acc: 0.56 | VAL Loss: 0.9092 Acc: 0.50 
Ep 67/100 | TR Loss: 0.5920 Acc: 0.64 | VAL Loss: 0.8780 Acc: 0.46 
Ep 68/100 | TR Loss: 0.5577 Acc: 0.72 | VAL Loss: 1.2176 Acc: 0.46 
Ep 69/100 | TR Loss: 0.5380 Acc: 0.68 | VAL Loss: 0.9893 Acc: 0.48 
Ep 70/100 | TR Loss: 0.5157 Acc: 0.66 | VAL Loss: 1.1337 Acc: 0.50 
Ep 71/100 | TR Loss: 0.5818 Acc: 0.58 | VAL Loss: 1.0654 Acc: 0.50 
Ep 72/100 | TR Loss: 0.5298 Acc: 0.64 | VAL Loss: 1.0136 Acc: 0.50 
Ep 73/100 | TR Loss: 0.5193 Acc: 0.68 | VAL Loss: 0.9886 Acc: 0.50 
Ep 74/100 | TR Loss: 0.4823 Acc: 0.72 | VAL Loss: 0.8452 Acc: 0.48 
Ep 75/100 | TR Loss: 0.4385 Acc: 0.70 | VAL Loss: 0.8004 Acc: 0.60 
Ep 76/100 | TR Loss: 0.4448 Acc: 0.76 | VAL Loss: 0.8531 Acc: 0.50 
Ep 77/100 | TR Loss: 0.5027 Acc: 0.76 | VAL Loss: 0.8507 Acc: 0.50 
Ep 78/100 | TR Loss: 0.4432 Acc: 0.74 | VAL Loss: 0.8270 Acc: 0.54 
Ep 79/100 | TR Loss: 0.4592 Acc: 0.80 | VAL Loss: 0.8530 Acc: 0.58 
Ep 80/100 | TR Loss: 0.6011 Acc: 0.72 | VAL Loss: 0.8346 Acc: 0.50 
Ep 81/100 | TR Loss: 0.6542 Acc: 0.70 | VAL Loss: 1.0156 Acc: 0.52 
Ep 82/100 | TR Loss: 0.6947 Acc: 0.70 | VAL Loss: 0.8886 Acc: 0.42 
Ep 83/100 | TR Loss: 0.6228 Acc: 0.70 | VAL Loss: 0.7212 Acc: 0.54 
Ep 84/100 | TR Loss: 0.6098 Acc: 0.68 | VAL Loss: 0.9160 Acc: 0.42 
Ep 85/100 | TR Loss: 0.6190 Acc: 0.68 | VAL Loss: 0.7493 Acc: 0.48 
Ep 86/100 | TR Loss: 0.6747 Acc: 0.68 | VAL Loss: 0.9218 Acc: 0.50 
Ep 87/100 | TR Loss: 0.7538 Acc: 0.66 | VAL Loss: 0.7748 Acc: 0.42 
Ep 88/100 | TR Loss: 0.7674 Acc: 0.58 | VAL Loss: 0.7948 Acc: 0.70 
Ep 89/100 | TR Loss: 0.6907 Acc: 0.54 | VAL Loss: 0.8690 Acc: 0.52 
Ep 90/100 | TR Loss: 0.7731 Acc: 0.48 | VAL Loss: 0.7941 Acc: 0.52 
Ep 91/100 | TR Loss: 0.8052 Acc: 0.48 | VAL Loss: 0.7779 Acc: 0.50 
Ep 92/100 | TR Loss: 0.8341 Acc: 0.60 | VAL Loss: 0.8051 Acc: 0.46 
Ep 93/100 | TR Loss: 0.8198 Acc: 0.52 | VAL Loss: 0.6678 Acc: 0.56 
Ep 94/100 | TR Loss: 0.7244 Acc: 0.52 | VAL Loss: 0.6768 Acc: 0.54 
Ep 95/100 | TR Loss: 0.6443 Acc: 0.58 | VAL Loss: 0.7043 Acc: 0.50 
Ep 96/100 | TR Loss: 0.6023 Acc: 0.60 | VAL Loss: 0.6804 Acc: 0.66 
Ep 97/100 | TR Loss: 0.5211 Acc: 0.74 | VAL Loss: 0.6374 Acc: 0.74 
Ep 98/100 | TR Loss: 0.4519 Acc: 0.74 | VAL Loss: 0.8487 Acc: 0.70 
Ep 99/100 | TR Loss: 0.4141 Acc: 0.78 | VAL Loss: 0.7188 Acc: 0.72 
Ep 100/100 | TR Loss: 0.3686 Acc: 0.82 | VAL Loss: 0.7801 Acc: 0.70 
[*] Training plots saved to: output_qnlp/job_1094781/training_metrics.png

==================================================
BEST MODEL TEST SET EVALUATION (MULTIPLE THRESHOLDS)
==================================================
Threshold  | Acc      | Prec     | Rec      | F1      
--------------------------------------------------
0.30       | 0.81     | 0.81     | 0.88     | 0.84     
0.40       | 0.82     | 0.82     | 0.88     | 0.85     
0.50       | 0.81     | 0.82     | 0.86     | 0.84     <-- (Arg)
0.60       | 0.78     | 0.83     | 0.77     | 0.80     
0.70       | 0.70     | 0.91     | 0.53     | 0.67     
==================================================

========================================
End    : Fri May 22 06:43:25 +03 2026
Output : output_qnlp/job_1094781
total 205K
-rw-r--r-- 1 aerturk23 hpcusers  11K May 22 06:42 best_model.pth
-rw-r--r-- 1 aerturk23 hpcusers  295 May 22 06:41 config.json
-rw-r--r-- 1 aerturk23 hpcusers  14K May 22  2026 history.json
-rw-r--r-- 1 aerturk23 hpcusers  966 May 22  2026 output.err
-rw-r--r-- 1 aerturk23 hpcusers 8.2K May 22 06:40 output.log
-rw-r--r-- 1 aerturk23 hpcusers 171K May 22 06:43 training_metrics.png
========================================
